CVC: Log output to /home/hosni/OpenFPGA/erc-fixes/clear/openlane/right_tile/runs/23_04_09_04_44/reports/signoff/right_tile.rpt
CVC: Error output to /home/hosni/OpenFPGA/erc-fixes/clear/openlane/right_tile/runs/23_04_09_04_44/reports/signoff/right_tile.rpt.error.gz
CVC: Debug output to /home/hosni/OpenFPGA/erc-fixes/clear/openlane/right_tile/runs/23_04_09_04_44/reports/signoff/right_tile.rpt.debug.gz
CVC: Circuit Validation Check  Version 1.1.4
CVC: Start: Sun Apr  9 11:48:28 2023

Using the following parameters for CVC (Circuit Validation Check) from /home/hosni/OpenFPGA/pdk/sky130A/libs.tech/openlane/cvc/cvcrc
CVC_TOP = 'right_tile'
CVC_NETLIST = '/home/hosni/OpenFPGA/erc-fixes/clear/openlane/right_tile/runs/23_04_09_04_44/tmp/signoff/right_tile.cdl'
CVC_MODE = 'right_tile'
CVC_MODEL_FILE = '/home/hosni/OpenFPGA/pdk/sky130A/libs.tech/openlane/cvc/models'
CVC_POWER_FILE = '/home/hosni/OpenFPGA/erc-fixes/clear/openlane/right_tile/runs/23_04_09_04_44/tmp/signoff/right_tile.power'
CVC_FUSE_FILE = ''
CVC_REPORT_FILE = '/home/hosni/OpenFPGA/erc-fixes/clear/openlane/right_tile/runs/23_04_09_04_44/reports/signoff/right_tile.rpt'
CVC_REPORT_TITLE = 'CVC $CVC_TOP'
CVC_CIRCUIT_ERROR_LIMIT = '100'
CVC_SEARCH_LIMIT = '100'
CVC_LEAK_LIMIT = '0.0002'
CVC_SOI = 'false'
CVC_SCRC = 'false'
CVC_VTH_GATES = 'false'
CVC_MIN_VTH_GATES = 'false'
CVC_IGNORE_VTH_FLOATING = 'false'
CVC_IGNORE_NO_LEAK_FLOATING = 'false'
CVC_LEAK_OVERVOLTAGE = 'true'
CVC_LOGIC_DIODES = 'false'
CVC_ANALOG_GATES = 'true'
CVC_BACKUP_RESULTS = 'false'
CVC_MOS_DIODE_ERROR_THRESHOLD = '0'
CVC_SHORT_ERROR_THRESHOLD = '0'
CVC_BIAS_ERROR_THRESHOLD = '0'
CVC_FORWARD_ERROR_THRESHOLD = '0'
CVC_FLOATING_ERROR_THRESHOLD = '0'
CVC_GATE_ERROR_THRESHOLD = '0'
CVC_LEAK?_ERROR_THRESHOLD = '0'
CVC_EXPECTED_ERROR_THRESHOLD = '0'
CVC_OVERVOLTAGE_ERROR_THRESHOLD = '0'
CVC_PARALLEL_CIRCUIT_PORT_LIMIT = '0'
CVC_CELL_ERROR_LIMIT_FILE = ''
CVC_CELL_CHECKSUM_FILE = ''
CVC_LARGE_CIRCUIT_SIZE = '10000000'
CVC_NET_CHECK_FILE = ''
CVC_MODEL_CHECK_FILE = ''
End of parameters

CVC: Reading device model settings...
CVC: Reading power settings...
CVC: Parsing netlist /home/hosni/OpenFPGA/erc-fixes/clear/openlane/right_tile/runs/23_04_09_04_44/tmp/signoff/right_tile.cdl
Cdl fixed data size 802712
Usage CDL: Time: 0  Memory: 13552  I/O: 8  Swap: 0
CVC: Counting and linking...
