
===========================================================================
report_parasitic_annotation -report_unannotated
============================================================================
Found 54 unannotated drivers.
 reset_top_in
 test_enable_top_in
 cbx_1__0_.cbx_8__0_.mux_top_ipin_0.mux_l2_in_3__254/HI
 cbx_1__0_.cbx_8__0_.mux_top_ipin_1.mux_l2_in_3__255/HI
 cbx_1__0_.cbx_8__0_.mux_top_ipin_2.mux_l2_in_3__256/HI
 cbx_1__0_.cbx_8__0_.mux_top_ipin_3.mux_l2_in_3__257/HI
 sb_1__0_.mux_left_track_1.mux_l1_in_3__258/HI
 sb_1__0_.mux_left_track_11.mux_l1_in_3__259/HI
 sb_1__0_.mux_left_track_13.mux_l2_in_1__260/HI
 sb_1__0_.mux_left_track_21.mux_l2_in_1__261/HI
 sb_1__0_.mux_left_track_29.mux_l2_in_1__262/HI
 sb_1__0_.mux_left_track_3.mux_l2_in_1__211/HI
 sb_1__0_.mux_left_track_37.mux_l2_in_1__212/HI
 sb_1__0_.mux_left_track_45.mux_l2_in_1__213/HI
 sb_1__0_.mux_left_track_5.mux_l2_in_1__214/HI
 sb_1__0_.mux_left_track_53.mux_l2_in_1__215/HI
 sb_1__0_.mux_left_track_7.mux_l2_in_1__216/HI
 sb_1__0_.mux_right_track_0.mux_l2_in_1__217/HI
 sb_1__0_.mux_right_track_10.mux_l1_in_3__218/HI
 sb_1__0_.mux_right_track_12.mux_l2_in_1__219/HI
 sb_1__0_.mux_right_track_2.mux_l2_in_1__220/HI
 sb_1__0_.mux_right_track_20.mux_l2_in_1__221/HI
 sb_1__0_.mux_right_track_28.mux_l2_in_1__222/HI
 sb_1__0_.mux_right_track_36.mux_l2_in_1__223/HI
 sb_1__0_.mux_right_track_4.mux_l2_in_1__224/HI
 sb_1__0_.mux_right_track_44.mux_l1_in_1__225/HI
 sb_1__0_.mux_right_track_52.mux_l1_in_1__226/HI
 sb_1__0_.mux_right_track_6.mux_l1_in_3__227/HI
 sb_1__0_.mux_top_track_0.mux_l1_in_3__228/HI
 sb_1__0_.mux_top_track_10.mux_l2_in_1__229/HI
 sb_1__0_.mux_top_track_12.mux_l2_in_1__230/HI
 sb_1__0_.mux_top_track_14.mux_l2_in_1__231/HI
 sb_1__0_.mux_top_track_16.mux_l2_in_1__232/HI
 sb_1__0_.mux_top_track_18.mux_l2_in_1__233/HI
 sb_1__0_.mux_top_track_2.mux_l2_in_1__234/HI
 sb_1__0_.mux_top_track_20.mux_l1_in_1__235/HI
 sb_1__0_.mux_top_track_22.mux_l1_in_1__236/HI
 sb_1__0_.mux_top_track_24.mux_l1_in_1__237/HI
 sb_1__0_.mux_top_track_26.mux_l1_in_1__238/HI
 sb_1__0_.mux_top_track_28.mux_l2_in_0__239/HI
 sb_1__0_.mux_top_track_30.mux_l2_in_0__240/HI
 sb_1__0_.mux_top_track_32.mux_l2_in_0__241/HI
 sb_1__0_.mux_top_track_34.mux_l2_in_0__242/HI
 sb_1__0_.mux_top_track_36.mux_l1_in_1__243/HI
 sb_1__0_.mux_top_track_4.mux_l2_in_1__244/HI
 sb_1__0_.mux_top_track_40.mux_l2_in_0__245/HI
 sb_1__0_.mux_top_track_42.mux_l2_in_0__246/HI
 sb_1__0_.mux_top_track_44.mux_l2_in_0__247/HI
 sb_1__0_.mux_top_track_46.mux_l2_in_0__248/HI
 sb_1__0_.mux_top_track_48.mux_l2_in_0__249/HI
 sb_1__0_.mux_top_track_50.mux_l2_in_0__250/HI
 sb_1__0_.mux_top_track_58.mux_l2_in_0__251/HI
 sb_1__0_.mux_top_track_6.mux_l2_in_1__252/HI
 sb_1__0_.mux_top_track_8.mux_l2_in_1__253/HI
Found 0 partially unannotated drivers.
parastic_annotation_check
check_slew

===========================================================================
 report_check_types -max_slew -max_cap -max_fanout -violators
============================================================================

===========================================================================
max slew violation count 0
max fanout violation count 0
max cap violation count 0
============================================================================
check_slew_end
tns_report

===========================================================================
 report_tns
============================================================================
tns 0.00
tns_report_end
wns_report

===========================================================================
 report_wns
============================================================================
wns 0.00
wns_report_end
worst_slack

===========================================================================
 report_worst_slack -max (Setup)
============================================================================
worst slack 89.60

===========================================================================
 report_worst_slack -min (Hold)
============================================================================
worst slack 0.24
worst_slack_end
clock_skew

===========================================================================
 report_clock_skew
============================================================================
Clock clk0
No launch/capture paths found.

Clock prog_clk
Latency      CRPR       Skew
sb_1__0_.mem_left_track_5.sky130_fd_sc_hd__dfrtp_1_0_/CLK ^
   0.54
sb_1__0_.mem_left_track_5.sky130_fd_sc_hd__dfrtp_1_1_/CLK ^
   0.46     -0.03       0.05

clock_skew_end
power_report

===========================================================================
 report_power
============================================================================
Group                  Internal  Switching    Leakage      Total
                          Power      Power      Power      Power (Watts)
----------------------------------------------------------------
Sequential             6.13e-05   3.68e-06   1.67e-09   6.50e-05  39.6%
Combinational          3.64e-05   6.29e-05   6.39e-09   9.93e-05  60.4%
Macro                  0.00e+00   0.00e+00   0.00e+00   0.00e+00   0.0%
Pad                    0.00e+00   0.00e+00   0.00e+00   0.00e+00   0.0%
----------------------------------------------------------------
Total                  9.77e-05   6.66e-05   8.07e-09   1.64e-04 100.0%
                          59.5%      40.5%       0.0%
power_report_end
area_report

===========================================================================
 report_design_area
============================================================================
Design area 11122 u^2 41% utilization.
area_report_end
Setting global connections for newly added cells...
[WARNING] Did not save OpenROAD database!
Writing SDF to /home/hosni/OpenFPGA/clear/openlane/bottom_tile/runs/23_03_20_17_12/results/routing/mca/process_corner_nom/bottom_tile.sdf...
Writing timing model to /home/hosni/OpenFPGA/clear/openlane/bottom_tile/runs/23_03_20_17_12/results/routing/mca/process_corner_nom/bottom_tile.lib...

