Instance name,  X location,  Y location,  Voltage 
input98, 215.52, 122.4, 1.8
ANTENNA_26, 215.52, 116.96, 1.8
ANTENNA_4, 215.52, 116.96, 1.8
FILLER_39_444, 215.52, 116.96, 1.8
FILLER_39_449, 215.52, 116.96, 1.8
FILLER_39_457, 215.52, 116.96, 1.8
FILLER_39_463, 215.52, 116.96, 1.8
input77, 215.52, 116.96, 1.8
FILLER_37_443, 215.52, 111.52, 1.8
FILLER_37_454, 215.52, 111.52, 1.8
FILLER_37_468, 215.52, 111.52, 1.8
input73, 215.52, 111.52, 1.8
input75, 215.52, 111.52, 1.8
input79, 215.52, 111.52, 1.8
input84, 215.52, 106.08, 1.8
FILLER_33_443, 215.52, 100.64, 1.8
FILLER_31_445, 215.52, 95.2, 1.8
FILLER_30_467, 215.52, 89.76, 1.8
FILLER_27_443, 215.52, 84.32, 1.8
FILLER_25_445, 215.52, 78.88, 1.8
FILLER_24_467, 215.52, 73.44, 1.8
FILLER_17_443, 215.52, 57.12, 1.8
FILLER_14_463, 215.52, 46.24, 1.8
FILLER_11_461, 215.52, 40.8, 1.8
_149_, 215.52, 40.8, 1.8
FILLER_7_461, 215.52, 29.92, 1.8
_141_, 215.52, 29.92, 1.8
FILLER_5_445, 215.52, 24.48, 1.8
FILLER_6_457, 215.52, 24.48, 1.8
FILLER_6_466, 215.52, 24.48, 1.8
_137_, 215.52, 24.48, 1.8
FILLER_1_461, 215.52, 13.6, 1.8
input99, 215.52, 13.6, 1.8
output154, 215.52, 13.6, 1.8
FILLER_40_342, 165.52, 122.4, 1.8
input65, 165.52, 122.4, 1.8
input87, 165.52, 122.4, 1.8
FILLER_39_348, 165.52, 116.96, 1.8
FILLER_40_349, 165.52, 116.96, 1.8
sb_1__0_.mem_top_track_2.sky130_fd_sc_hd__dfrtp_1_2_, 165.52, 116.96, 1.8
sb_1__0_.mux_top_track_2.mux_l3_in_0_, 165.52, 116.96, 1.8
sb_1__0_.mux_top_track_6.mux_l3_in_0_, 165.52, 116.96, 1.8
FILLER_36_343, 165.52, 111.52, 1.8
FILLER_38_350, 165.52, 111.52, 1.8
FILLER_38_357, 165.52, 111.52, 1.8
input68, 165.52, 111.52, 1.8
sb_1__0_.mem_top_track_2.sky130_fd_sc_hd__dfrtp_1_1_, 165.52, 111.52, 1.8
sb_1__0_.mux_left_track_45.mux_l1_in_0_, 165.52, 111.52, 1.8
sb_1__0_.mux_top_track_2.mux_l2_in_1_, 165.52, 111.52, 1.8
FILLER_34_339, 165.52, 106.08, 1.8
FILLER_35_337, 165.52, 106.08, 1.8
FILLER_35_344, 165.52, 106.08, 1.8
FILLER_36_356, 165.52, 106.08, 1.8
input69, 165.52, 106.08, 1.8
sb_1__0_.mem_top_track_6.sky130_fd_sc_hd__dfrtp_1_0_, 165.52, 106.08, 1.8
sb_1__0_.mux_top_track_2.mux_l2_in_1__234, 165.52, 106.08, 1.8
FILLER_32_340, 165.52, 100.64, 1.8
FILLER_33_359, 165.52, 100.64, 1.8
FILLER_34_358, 165.52, 100.64, 1.8
sb_1__0_.mem_top_track_4.sky130_fd_sc_hd__dfrtp_1_2_, 165.52, 100.64, 1.8
sb_1__0_.mux_right_track_2.mux_l1_in_0_, 165.52, 100.64, 1.8
FILLER_30_339, 165.52, 95.2, 1.8
FILLER_31_348, 165.52, 95.2, 1.8
FILLER_31_361, 165.52, 95.2, 1.8
FILLER_32_348, 165.52, 95.2, 1.8
FILLER_32_360, 165.52, 95.2, 1.8
sb_1__0_.mux_right_track_10.mux_l1_in_0_, 165.52, 95.2, 1.8
sb_1__0_.mux_right_track_12.mux_l1_in_0_, 165.52, 95.2, 1.8
sb_1__0_.mux_top_track_6.mux_l1_in_2_, 165.52, 95.2, 1.8
sb_1__0_.mux_top_track_8.mux_l1_in_2_, 165.52, 95.2, 1.8
FILLER_28_340, 165.52, 89.76, 1.8
FILLER_29_348, 165.52, 89.76, 1.8
sb_1__0_.mem_top_track_10.sky130_fd_sc_hd__dfrtp_1_2_, 165.52, 89.76, 1.8
sb_1__0_.mux_right_track_2.mux_l1_in_1_, 165.52, 89.76, 1.8
sb_1__0_.mux_right_track_4.mux_l1_in_1_, 165.52, 89.76, 1.8
FILLER_27_360, 165.52, 84.32, 1.8
FILLER_28_353, 165.52, 84.32, 1.8
FILLER_28_361, 165.52, 84.32, 1.8
sb_1__0_.mem_right_track_2.sky130_fd_sc_hd__dfrtp_1_0_, 165.52, 84.32, 1.8
sb_1__0_.mem_right_track_2.sky130_fd_sc_hd__dfrtp_1_1_, 165.52, 84.32, 1.8
FILLER_24_339, 165.52, 78.88, 1.8
FILLER_25_348, 165.52, 78.88, 1.8
FILLER_25_361, 165.52, 78.88, 1.8
FILLER_26_359, 165.52, 78.88, 1.8
sb_1__0_.mux_right_track_0.mux_l3_in_0_, 165.52, 78.88, 1.8
sb_1__0_.mux_right_track_10.mux_l1_in_1_, 165.52, 78.88, 1.8
sb_1__0_.mux_right_track_12.mux_l1_in_1_, 165.52, 78.88, 1.8
FILLER_22_347, 165.52, 73.44, 1.8
FILLER_23_348, 165.52, 73.44, 1.8
FILLER_23_361, 165.52, 73.44, 1.8
FILLER_24_352, 165.52, 73.44, 1.8
FILLER_24_359, 165.52, 73.44, 1.8
sb_1__0_.mux_right_track_12.mux_l2_in_0_, 165.52, 73.44, 1.8
sb_1__0_.mux_right_track_2.mux_l2_in_1_, 165.52, 73.44, 1.8
sb_1__0_.mux_right_track_2.mux_l2_in_1__220, 165.52, 73.44, 1.8
sb_1__0_.mux_right_track_20.mux_l3_in_0_, 165.52, 73.44, 1.8
FILLER_20_346, 165.52, 68, 1.8
FILLER_21_359, 165.52, 68, 1.8
FILLER_22_360, 165.52, 68, 1.8
sb_1__0_.mem_top_track_18.sky130_fd_sc_hd__dfrtp_1_2_, 165.52, 68, 1.8
sb_1__0_.mux_right_track_6.mux_l1_in_1_, 165.52, 68, 1.8
FILLER_19_359, 165.52, 62.56, 1.8
FILLER_20_359, 165.52, 62.56, 1.8
sb_1__0_.mem_right_track_12.sky130_fd_sc_hd__dfrtp_1_1_, 165.52, 62.56, 1.8
sb_1__0_.mem_right_track_12.sky130_fd_sc_hd__dfrtp_1_2_, 165.52, 62.56, 1.8
sb_1__0_.mux_right_track_0.mux_l1_in_1_, 165.52, 62.56, 1.8
FILLER_16_346, 165.52, 57.12, 1.8
FILLER_17_348, 165.52, 57.12, 1.8
FILLER_18_357, 165.52, 57.12, 1.8
clkbuf_4_10_0_prog_clk, 165.52, 57.12, 1.8
sb_1__0_.mux_top_track_18.mux_l2_in_1_, 165.52, 57.12, 1.8
FILLER_14_338, 165.52, 51.68, 1.8
FILLER_15_348, 165.52, 51.68, 1.8
FILLER_16_359, 165.52, 51.68, 1.8
sb_1__0_.mem_right_track_12.sky130_fd_sc_hd__dfrtp_1_0_, 165.52, 51.68, 1.8
sb_1__0_.mux_right_track_12.mux_l2_in_1_, 165.52, 51.68, 1.8
sb_1__0_.mux_right_track_36.mux_l2_in_0_, 165.52, 51.68, 1.8
sb_1__0_.mux_right_track_44.mux_l2_in_0_, 165.52, 51.68, 1.8
FILLER_12_342, 165.52, 46.24, 1.8
FILLER_13_337, 165.52, 46.24, 1.8
FILLER_13_351, 165.52, 46.24, 1.8
FILLER_14_351, 165.52, 46.24, 1.8
FILLER_14_358, 165.52, 46.24, 1.8
sb_1__0_.mem_right_track_10.sky130_fd_sc_hd__dfrtp_1_1_, 165.52, 46.24, 1.8
sb_1__0_.mux_right_track_28.mux_l3_in_0_, 165.52, 46.24, 1.8
sb_1__0_.mux_right_track_6.mux_l1_in_3__227, 165.52, 46.24, 1.8
FILLER_10_335, 165.52, 40.8, 1.8
FILLER_12_359, 165.52, 40.8, 1.8
sb_1__0_.mem_right_track_36.sky130_fd_sc_hd__dfrtp_1_2_, 165.52, 40.8, 1.8
sb_1__0_.mux_right_track_10.mux_l1_in_2_, 165.52, 40.8, 1.8
sb_1__0_.mux_right_track_6.mux_l1_in_3_, 165.52, 40.8, 1.8
FILLER_10_360, 165.52, 35.36, 1.8
FILLER_8_357, 165.52, 29.92, 1.8
FILLER_6_357, 165.52, 24.48, 1.8
FILLER_4_357, 165.52, 19.04, 1.8
FILLER_0_337, 165.52, 13.6, 1.8
FILLER_0_361, 165.52, 13.6, 1.8
FILLER_2_357, 165.52, 13.6, 1.8
input95, 165.52, 13.6, 1.8
output193, 115.52, 122.4, 1.8
FILLER_38_229, 115.52, 116.96, 1.8
FILLER_38_237, 115.52, 116.96, 1.8
FILLER_39_242, 115.52, 116.96, 1.8
FILLER_39_250, 115.52, 116.96, 1.8
FILLER_40_243, 115.52, 116.96, 1.8
_187_, 115.52, 116.96, 1.8
_192_, 115.52, 116.96, 1.8
input89, 115.52, 116.96, 1.8
sb_1__0_.mux_left_track_21.mux_l2_in_0_, 115.52, 116.96, 1.8
FILLER_36_230, 115.52, 111.52, 1.8
FILLER_37_248, 115.52, 111.52, 1.8
sb_1__0_.mem_left_track_29.sky130_fd_sc_hd__dfrtp_1_0_, 115.52, 111.52, 1.8
sb_1__0_.mux_left_track_45.mux_l3_in_0_, 115.52, 111.52, 1.8
sb_1__0_.mux_left_track_53.mux_l2_in_1_, 115.52, 111.52, 1.8
FILLER_34_237, 115.52, 106.08, 1.8
FILLER_36_243, 115.52, 106.08, 1.8
sb_1__0_.mem_right_track_0.sky130_fd_sc_hd__dfrtp_1_0_, 115.52, 106.08, 1.8
FILLER_32_231, 115.52, 100.64, 1.8
FILLER_33_237, 115.52, 100.64, 1.8
sb_1__0_.mem_left_track_29.sky130_fd_sc_hd__dfrtp_1_1_, 115.52, 100.64, 1.8
sb_1__0_.mux_left_track_1.mux_l3_in_0_, 115.52, 100.64, 1.8
sb_1__0_.mux_left_track_13.mux_l2_in_0_, 115.52, 100.64, 1.8
sb_1__0_.mux_left_track_29.mux_l3_in_0_, 115.52, 100.64, 1.8
FILLER_30_226, 115.52, 95.2, 1.8
FILLER_31_238, 115.52, 95.2, 1.8
FILLER_32_244, 115.52, 95.2, 1.8
clkbuf_4_7_0_prog_clk, 115.52, 95.2, 1.8
sb_1__0_.mem_left_track_29.sky130_fd_sc_hd__dfrtp_1_2_, 115.52, 95.2, 1.8
sb_1__0_.mem_left_track_3.sky130_fd_sc_hd__dfrtp_1_0_, 115.52, 95.2, 1.8
FILLER_28_228, 115.52, 89.76, 1.8
FILLER_28_235, 115.52, 89.76, 1.8
FILLER_29_236, 115.52, 89.76, 1.8
FILLER_29_252, 115.52, 89.76, 1.8
clkbuf_4_6_0_prog_clk, 115.52, 89.76, 1.8
sb_1__0_.mux_left_track_21.mux_l1_in_2_, 115.52, 89.76, 1.8
sb_1__0_.mux_top_track_20.sky130_fd_sc_hd__buf_4_0_, 115.52, 89.76, 1.8
FILLER_26_236, 115.52, 84.32, 1.8
sb_1__0_.mem_left_track_1.sky130_fd_sc_hd__dfrtp_1_2_, 115.52, 84.32, 1.8
sb_1__0_.mux_left_track_29.mux_l2_in_1_, 115.52, 84.32, 1.8
FILLER_25_247, 115.52, 78.88, 1.8
sb_1__0_.mem_left_track_1.sky130_fd_sc_hd__dfrtp_1_1_, 115.52, 78.88, 1.8
sb_1__0_.mux_left_track_37.mux_l3_in_0_, 115.52, 78.88, 1.8
sb_1__0_.mux_left_track_7.mux_l2_in_0_, 115.52, 78.88, 1.8
sb_1__0_.mux_top_track_22.mux_l2_in_0_, 115.52, 78.88, 1.8
FILLER_22_238, 115.52, 73.44, 1.8
FILLER_23_246, 115.52, 73.44, 1.8
FILLER_24_248, 115.52, 73.44, 1.8
sb_1__0_.mux_left_track_1.mux_l2_in_1_, 115.52, 73.44, 1.8
sb_1__0_.mux_left_track_29.mux_l1_in_2_, 115.52, 73.44, 1.8
FILLER_20_237, 115.52, 68, 1.8
FILLER_21_247, 115.52, 68, 1.8
sb_1__0_.mem_left_track_7.sky130_fd_sc_hd__dfrtp_1_1_, 115.52, 68, 1.8
sb_1__0_.mux_left_track_37.mux_l2_in_1__212, 115.52, 68, 1.8
sb_1__0_.mux_top_track_22.mux_l1_in_1__236, 115.52, 68, 1.8
sb_1__0_.mux_top_track_26.mux_l2_in_0_, 115.52, 68, 1.8
ANTENNA_17, 115.52, 62.56, 1.8
FILLER_18_237, 115.52, 62.56, 1.8
FILLER_19_230, 115.52, 62.56, 1.8
FILLER_19_243, 115.52, 62.56, 1.8
sb_1__0_.mem_top_track_22.sky130_fd_sc_hd__dfrtp_1_1_, 115.52, 62.56, 1.8
sb_1__0_.mux_left_track_1.mux_l1_in_2_, 115.52, 62.56, 1.8
sb_1__0_.mux_left_track_1.mux_l1_in_3_, 115.52, 62.56, 1.8
sb_1__0_.mux_left_track_11.mux_l1_in_3__259, 115.52, 62.56, 1.8
sb_1__0_.mux_top_track_24.mux_l2_in_0_, 115.52, 62.56, 1.8
FILLER_16_230, 115.52, 57.12, 1.8
FILLER_17_244, 115.52, 57.12, 1.8
clkbuf_4_3_0_prog_clk, 115.52, 57.12, 1.8
sb_1__0_.mem_top_track_24.sky130_fd_sc_hd__dfrtp_1_1_, 115.52, 57.12, 1.8
sb_1__0_.mux_top_track_22.mux_l1_in_1_, 115.52, 57.12, 1.8
sb_1__0_.mux_top_track_24.mux_l1_in_1_, 115.52, 57.12, 1.8
FILLER_14_228, 115.52, 51.68, 1.8
FILLER_15_247, 115.52, 51.68, 1.8
FILLER_16_244, 115.52, 51.68, 1.8
clkbuf_4_2_0_prog_clk, 115.52, 51.68, 1.8
sb_1__0_.mem_top_track_36.sky130_fd_sc_hd__dfrtp_1_0_, 115.52, 51.68, 1.8
sb_1__0_.mux_top_track_26.mux_l1_in_1_, 115.52, 51.68, 1.8
ANTENNA_14, 115.52, 46.24, 1.8
FILLER_12_226, 115.52, 46.24, 1.8
FILLER_13_239, 115.52, 46.24, 1.8
FILLER_14_243, 115.52, 46.24, 1.8
sb_1__0_.mem_top_track_28.sky130_fd_sc_hd__dfrtp_1_0_, 115.52, 46.24, 1.8
sb_1__0_.mem_top_track_28.sky130_fd_sc_hd__dfrtp_1_1_, 115.52, 46.24, 1.8
sb_1__0_.mux_top_track_24.mux_l1_in_1__237, 115.52, 46.24, 1.8
sb_1__0_.mux_top_track_34.mux_l1_in_0_, 115.52, 46.24, 1.8
sb_1__0_.mem_top_track_30.sky130_fd_sc_hd__dfrtp_1_0_, 115.52, 40.8, 1.8
sb_1__0_.mux_top_track_36.mux_l1_in_1_, 115.52, 40.8, 1.8
ANTENNA_15, 115.52, 35.36, 1.8
FILLER_10_248, 115.52, 35.36, 1.8
FILLER_9_236, 115.52, 35.36, 1.8
sb_1__0_.mux_top_track_30.mux_l1_in_0_, 115.52, 35.36, 1.8
FILLER_8_241, 115.52, 29.92, 1.8
FILLER_8_249, 115.52, 29.92, 1.8
FILLER_4_234, 115.52, 24.48, 1.8
FILLER_6_245, 115.52, 24.48, 1.8
cbx_1__0_.grid_io_bottom_bottom_8__0_.logical_tile_io_mode_io__0.logical_tile_io_mode_physical__iopad_0.io_0_.OUT_PROTECT_GATE, 115.52, 24.48, 1.8
cbx_1__0_.grid_io_bottom_bottom_8__0_.logical_tile_io_mode_io__2.logical_tile_io_mode_physical__iopad_0.io_0_.INV_SOC_DIR, 115.52, 24.48, 1.8
FILLER_2_235, 115.52, 19.04, 1.8
FILLER_3_236, 115.52, 19.04, 1.8
FILLER_3_246, 115.52, 19.04, 1.8
FILLER_4_245, 115.52, 19.04, 1.8
cbx_1__0_.grid_io_bottom_bottom_8__0_.logical_tile_io_mode_io__0.logical_tile_io_mode_physical__iopad_0.io_0_.INV_SOC_DIR, 115.52, 19.04, 1.8
cbx_1__0_.grid_io_bottom_bottom_8__0_.logical_tile_io_mode_io__1.logical_tile_io_mode_physical__iopad_0.io_0_.INV_SOC_DIR, 115.52, 19.04, 1.8
cbx_1__0_.grid_io_bottom_bottom_8__0_.logical_tile_io_mode_io__2.logical_tile_io_mode_physical__iopad_0.io_0_.IN_PROTECT_GATE, 115.52, 19.04, 1.8
cbx_1__0_.grid_io_bottom_bottom_8__0_.logical_tile_io_mode_io__3.logical_tile_io_mode_physical__iopad_0.io_0_.INV_SOC_DIR, 115.52, 19.04, 1.8
FILLER_0_247, 115.52, 13.6, 1.8
FILLER_1_235, 115.52, 13.6, 1.8
FILLER_1_246, 115.52, 13.6, 1.8
cbx_1__0_.grid_io_bottom_bottom_8__0_.logical_tile_io_mode_io__0.logical_tile_io_mode_physical__iopad_0.io_0_.ISOL_EN_GATE, 115.52, 13.6, 1.8
cbx_1__0_.grid_io_bottom_bottom_8__0_.logical_tile_io_mode_io__1.logical_tile_io_mode_physical__iopad_0.io_0_.ISOL_EN_GATE, 115.52, 13.6, 1.8
cbx_1__0_.grid_io_bottom_bottom_8__0_.logical_tile_io_mode_io__2.logical_tile_io_mode_physical__iopad_0.io_0_.ISOL_EN_GATE, 115.52, 13.6, 1.8
cbx_1__0_.grid_io_bottom_bottom_8__0_.logical_tile_io_mode_io__2.logical_tile_io_mode_physical__iopad_0.io_sky130_fd_sc_hd__dfrtp_1_mem.sky130_fd_sc_hd__dfrtp_1_0_, 115.52, 13.6, 1.8
output208, 115.52, 13.6, 1.8
FILLER_40_118, 65.52, 122.4, 1.8
output182, 65.52, 122.4, 1.8
ANTENNA_7, 65.52, 116.96, 1.8
FILLER_38_118, 65.52, 116.96, 1.8
FILLER_39_126, 65.52, 116.96, 1.8
_183_, 65.52, 116.96, 1.8
output181, 65.52, 116.96, 1.8
output183, 65.52, 116.96, 1.8
FILLER_36_126, 65.52, 111.52, 1.8
FILLER_37_121, 65.52, 111.52, 1.8
FILLER_37_141, 65.52, 111.52, 1.8
FILLER_38_141, 65.52, 111.52, 1.8
_176_, 65.52, 111.52, 1.8
_177_, 65.52, 111.52, 1.8
output180, 65.52, 111.52, 1.8
FILLER_34_120, 65.52, 106.08, 1.8
FILLER_34_130, 65.52, 106.08, 1.8
FILLER_35_124, 65.52, 106.08, 1.8
FILLER_35_138, 65.52, 106.08, 1.8
FILLER_36_134, 65.52, 106.08, 1.8
FILLER_36_141, 65.52, 106.08, 1.8
_125_, 65.52, 106.08, 1.8
_175_, 65.52, 106.08, 1.8
sb_1__0_.mux_top_track_50.mux_l2_in_0_, 65.52, 106.08, 1.8
FILLER_33_119, 65.52, 100.64, 1.8
FILLER_33_127, 65.52, 100.64, 1.8
_121_, 65.52, 100.64, 1.8
_179_, 65.52, 100.64, 1.8
sb_1__0_.mem_top_track_48.sky130_fd_sc_hd__dfrtp_1_0_, 65.52, 100.64, 1.8
sb_1__0_.mem_top_track_48.sky130_fd_sc_hd__dfrtp_1_1_, 65.52, 100.64, 1.8
sb_1__0_.mux_top_track_48.mux_l2_in_0_, 65.52, 100.64, 1.8
FILLER_30_120, 65.52, 95.2, 1.8
FILLER_31_122, 65.52, 95.2, 1.8
FILLER_32_141, 65.52, 95.2, 1.8
_118_, 65.52, 95.2, 1.8
sb_1__0_.mem_top_track_44.sky130_fd_sc_hd__dfrtp_1_1_, 65.52, 95.2, 1.8
sb_1__0_.mux_left_track_13.sky130_fd_sc_hd__buf_4_0_, 65.52, 95.2, 1.8
sb_1__0_.mux_top_track_44.mux_l2_in_0_, 65.52, 95.2, 1.8
FILLER_28_123, 65.52, 89.76, 1.8
FILLER_29_135, 65.52, 89.76, 1.8
FILLER_30_133, 65.52, 89.76, 1.8
sb_1__0_.mem_top_track_44.sky130_fd_sc_hd__dfrtp_1_0_, 65.52, 89.76, 1.8
sb_1__0_.mux_top_track_32.sky130_fd_sc_hd__buf_4_0_, 65.52, 89.76, 1.8
sb_1__0_.mux_top_track_42.mux_l2_in_0_, 65.52, 89.76, 1.8
FILLER_26_117, 65.52, 84.32, 1.8
FILLER_26_125, 65.52, 84.32, 1.8
FILLER_27_119, 65.52, 84.32, 1.8
FILLER_27_135, 65.52, 84.32, 1.8
FILLER_28_131, 65.52, 84.32, 1.8
_110_, 65.52, 84.32, 1.8
cbx_1__0_.cbx_8__0_.mux_top_ipin_1.mux_l1_in_1_, 65.52, 84.32, 1.8
cbx_1__0_.cbx_8__0_.mux_top_ipin_3.mux_l1_in_0_, 65.52, 84.32, 1.8
sb_1__0_.mem_top_track_42.sky130_fd_sc_hd__dfrtp_1_1_, 65.52, 84.32, 1.8
sb_1__0_.mux_left_track_11.sky130_fd_sc_hd__buf_4_0_, 65.52, 84.32, 1.8
sb_1__0_.mux_top_track_30.sky130_fd_sc_hd__buf_4_0_, 65.52, 84.32, 1.8
ANTENNA_30, 65.52, 78.88, 1.8
FILLER_24_125, 65.52, 78.88, 1.8
FILLER_25_134, 65.52, 78.88, 1.8
FILLER_25_140, 65.52, 78.88, 1.8
FILLER_26_141, 65.52, 78.88, 1.8
cbx_1__0_.cbx_8__0_.mux_top_ipin_1.mux_l2_in_0_, 65.52, 78.88, 1.8
cbx_1__0_.cbx_8__0_.mux_top_ipin_3.mux_l1_in_1_, 65.52, 78.88, 1.8
ANTENNA_39, 65.52, 73.44, 1.8
FILLER_22_125, 65.52, 73.44, 1.8
FILLER_23_126, 65.52, 73.44, 1.8
FILLER_24_141, 65.52, 73.44, 1.8
cbx_1__0_.cbx_8__0_.mem_top_ipin_3.sky130_fd_sc_hd__dfrtp_1_1_, 65.52, 73.44, 1.8
cbx_1__0_.cbx_8__0_.mux_top_ipin_3.mux_l2_in_0_, 65.52, 73.44, 1.8
cbx_1__0_.cbx_8__0_.mux_top_ipin_3.mux_l3_in_1_, 65.52, 73.44, 1.8
sb_1__0_.mux_top_track_46.mux_l1_in_0_, 65.52, 73.44, 1.8
FILLER_20_126, 65.52, 68, 1.8
FILLER_21_124, 65.52, 68, 1.8
cbx_1__0_.cbx_8__0_.mux_top_ipin_2.mux_l2_in_1_, 65.52, 68, 1.8
sb_1__0_.mem_top_track_42.sky130_fd_sc_hd__dfrtp_1_0_, 65.52, 68, 1.8
sb_1__0_.mux_top_track_40.mux_l2_in_0__245, 65.52, 68, 1.8
FILLER_18_122, 65.52, 62.56, 1.8
FILLER_19_124, 65.52, 62.56, 1.8
FILLER_20_133, 65.52, 62.56, 1.8
_104_, 65.52, 62.56, 1.8
cbx_1__0_.cbx_8__0_.mux_top_ipin_1.mux_l3_in_0_, 65.52, 62.56, 1.8
sb_1__0_.mem_top_track_40.sky130_fd_sc_hd__dfrtp_1_1_, 65.52, 62.56, 1.8
FILLER_17_142, 65.52, 57.12, 1.8
cbx_1__0_.cbx_8__0_.mem_top_ipin_1.sky130_fd_sc_hd__dfrtp_1_1_, 65.52, 57.12, 1.8
cbx_1__0_.cbx_8__0_.mem_top_ipin_3.sky130_fd_sc_hd__dfrtp_1_0_, 65.52, 57.12, 1.8
FILLER_14_123, 65.52, 51.68, 1.8
FILLER_15_125, 65.52, 51.68, 1.8
FILLER_15_140, 65.52, 51.68, 1.8
FILLER_16_141, 65.52, 51.68, 1.8
cbx_1__0_.cbx_8__0_.mux_top_ipin_1.mux_l3_in_1_, 65.52, 51.68, 1.8
cbx_1__0_.cbx_8__0_.mux_top_ipin_2.mux_l2_in_2_, 65.52, 51.68, 1.8
cbx_1__0_.cbx_8__0_.mux_top_ipin_3.mux_l2_in_2_, 65.52, 51.68, 1.8
sb_1__0_.mux_top_track_40.mux_l1_in_0_, 65.52, 51.68, 1.8
FILLER_13_128, 65.52, 46.24, 1.8
FILLER_14_136, 65.52, 46.24, 1.8
cbx_1__0_.cbx_8__0_.mem_top_ipin_1.sky130_fd_sc_hd__dfrtp_1_2_, 65.52, 46.24, 1.8
cbx_1__0_.cbx_8__0_.mem_top_ipin_2.sky130_fd_sc_hd__dfrtp_1_0_, 65.52, 46.24, 1.8
cbx_1__0_.cbx_8__0_.mux_top_ipin_2.mux_l4_in_0_, 65.52, 46.24, 1.8
FILLER_11_125, 65.52, 40.8, 1.8
FILLER_12_141, 65.52, 40.8, 1.8
cbx_1__0_.cbx_8__0_.mem_top_ipin_1.sky130_fd_sc_hd__dfrtp_1_3_, 65.52, 40.8, 1.8
cbx_1__0_.cbx_8__0_.mux_top_ipin_1.mux_l2_in_2_, 65.52, 40.8, 1.8
cbx_1__0_.cbx_8__0_.mux_top_ipin_3.sky130_fd_sc_hd__buf_4_0_, 65.52, 40.8, 1.8
FILLER_10_133, 65.52, 35.36, 1.8
FILLER_8_133, 65.52, 29.92, 1.8
FILLER_6_133, 65.52, 24.48, 1.8
FILLER_4_133, 65.52, 19.04, 1.8
FILLER_0_132, 65.52, 13.6, 1.8
FILLER_1_137, 65.52, 13.6, 1.8
FILLER_2_133, 65.52, 13.6, 1.8
output204, 65.52, 13.6, 1.8
FILLER_38_21, 15.52, 116.96, 1.8
FILLER_39_15, 15.52, 116.96, 1.8
FILLER_39_34, 15.52, 116.96, 1.8
FILLER_40_34, 15.52, 116.96, 1.8
_169_, 15.52, 116.96, 1.8
output196, 15.52, 116.96, 1.8
FILLER_36_21, 15.52, 111.52, 1.8
FILLER_37_21, 15.52, 111.52, 1.8
FILLER_37_34, 15.52, 111.52, 1.8
FILLER_38_29, 15.52, 111.52, 1.8
FILLER_38_35, 15.52, 111.52, 1.8
_131_, 15.52, 111.52, 1.8
_165_, 15.52, 111.52, 1.8
FILLER_34_21, 15.52, 106.08, 1.8
FILLER_35_21, 15.52, 106.08, 1.8
output125, 15.52, 106.08, 1.8
output184, 15.52, 106.08, 1.8
FILLER_32_21, 15.52, 100.64, 1.8
FILLER_33_21, 15.52, 100.64, 1.8
output120, 15.52, 100.64, 1.8
output126, 15.52, 100.64, 1.8
FILLER_30_21, 15.52, 95.2, 1.8
FILLER_31_21, 15.52, 95.2, 1.8
output112, 15.52, 95.2, 1.8
output173, 15.52, 95.2, 1.8
FILLER_28_21, 15.52, 89.76, 1.8
_167_, 15.52, 89.76, 1.8
output130, 15.52, 89.76, 1.8
FILLER_26_21, 15.52, 84.32, 1.8
FILLER_24_21, 15.52, 78.88, 1.8
FILLER_22_21, 15.52, 73.44, 1.8
FILLER_20_21, 15.52, 68, 1.8
FILLER_21_21, 15.52, 68, 1.8
input24, 15.52, 68, 1.8
input22, 15.52, 62.56, 1.8
FILLER_16_21, 15.52, 57.12, 1.8
input19, 15.52, 57.12, 1.8
input16, 15.52, 51.68, 1.8
FILLER_12_17, 15.52, 46.24, 1.8
input11, 15.52, 46.24, 1.8
FILLER_10_21, 15.52, 40.8, 1.8
FILLER_12_25, 15.52, 40.8, 1.8
input6, 15.52, 35.36, 1.8
FILLER_6_17, 15.52, 29.92, 1.8
input32, 15.52, 29.92, 1.8
FILLER_4_21, 15.52, 24.48, 1.8
FILLER_6_25, 15.52, 24.48, 1.8
input28, 15.52, 19.04, 1.8
FILLER_0_17, 15.52, 13.6, 1.8
FILLER_0_24, 15.52, 13.6, 1.8
input14, 15.52, 13.6, 1.8
input3, 15.52, 13.6, 1.8
PHY_80, 5.52, 122.4, 1.8
PHY_81, 249.32, 122.4, 1.8
output200, 28.02, 122.4, 1.8
output174, 40.52, 122.4, 1.8
FILLER_40_90, 53.02, 122.4, 1.8
output179, 53.02, 122.4, 1.8
FILLER_40_146, 78.02, 122.4, 1.8
output189, 78.02, 122.4, 1.8
FILLER_40_174, 90.52, 122.4, 1.8
output192, 90.52, 122.4, 1.8
FILLER_40_202, 103.02, 122.4, 1.8
_193_, 103.02, 122.4, 1.8
output194, 103.02, 122.4, 1.8
FILLER_40_264, 128.02, 122.4, 1.8
sb_1__0_.mux_top_track_58.mux_l1_in_0_, 128.02, 122.4, 1.8
FILLER_40_287, 140.52, 122.4, 1.8
_188_, 140.52, 122.4, 1.8
input91, 140.52, 122.4, 1.8
FILLER_40_314, 153.02, 122.4, 1.8
input64, 153.02, 122.4, 1.8
sb_1__0_.mux_top_track_6.sky130_fd_sc_hd__buf_4_0_, 153.02, 122.4, 1.8
FILLER_40_370, 178.02, 122.4, 1.8
input66, 178.02, 122.4, 1.8
sb_1__0_.mux_top_track_2.mux_l1_in_0_, 190.52, 122.4, 1.8
FILLER_40_416, 203.02, 122.4, 1.8
FILLER_40_426, 203.02, 122.4, 1.8
input70, 203.02, 122.4, 1.8
FILLER_40_471, 226.786, 122.4, 1.8
input110, 226.786, 122.4, 1.8
FILLER_40_499, 238.053, 122.4, 1.8
FILLER_40_505, 238.053, 122.4, 1.8
input104, 238.053, 122.4, 1.8
FILLER_40_3, 5.52, 116.96, 1.8
PHY_76, 5.52, 116.96, 1.8
PHY_78, 5.52, 116.96, 1.8
output195, 5.52, 116.96, 1.8
FILLER_39_522, 249.32, 116.96, 1.8
PHY_77, 249.32, 116.96, 1.8
PHY_79, 249.32, 116.96, 1.8
input108, 249.32, 116.96, 1.8
input47, 249.32, 116.96, 1.8
FILLER_38_42, 28.02, 116.96, 1.8
FILLER_39_62, 28.02, 116.96, 1.8
FILLER_40_62, 28.02, 116.96, 1.8
_170_, 28.02, 116.96, 1.8
_171_, 28.02, 116.96, 1.8
_172_, 28.02, 116.96, 1.8
output198, 28.02, 116.96, 1.8
output199, 28.02, 116.96, 1.8
FILLER_39_70, 40.52, 116.96, 1.8
_168_, 40.52, 116.96, 1.8
output175, 40.52, 116.96, 1.8
output202, 40.52, 116.96, 1.8
sb_1__0_.mux_top_track_58.sky130_fd_sc_hd__buf_4_0_, 40.52, 116.96, 1.8
FILLER_38_91, 53.02, 116.96, 1.8
FILLER_38_98, 53.02, 116.96, 1.8
FILLER_39_113, 53.02, 116.96, 1.8
FILLER_39_90, 53.02, 116.96, 1.8
input86, 53.02, 116.96, 1.8
output177, 53.02, 116.96, 1.8
output178, 53.02, 116.96, 1.8
sb_1__0_.mux_left_track_21.sky130_fd_sc_hd__buf_4_0_, 53.02, 116.96, 1.8
sb_1__0_.mux_top_track_58.mux_l2_in_0__251, 53.02, 116.96, 1.8
FILLER_38_150, 78.02, 116.96, 1.8
FILLER_39_169, 78.02, 116.96, 1.8
_180_, 78.02, 116.96, 1.8
output186, 78.02, 116.96, 1.8
output187, 78.02, 116.96, 1.8
sb_1__0_.mux_left_track_21.mux_l2_in_1__261, 78.02, 116.96, 1.8
FILLER_39_188, 90.52, 116.96, 1.8
output190, 90.52, 116.96, 1.8
sb_1__0_.mem_left_track_21.sky130_fd_sc_hd__dfrtp_1_2_, 90.52, 116.96, 1.8
sb_1__0_.mem_top_track_58.sky130_fd_sc_hd__dfrtp_1_1_, 90.52, 116.96, 1.8
FILLER_38_205, 103.02, 116.96, 1.8
FILLER_39_212, 103.02, 116.96, 1.8
FILLER_39_225, 103.02, 116.96, 1.8
_186_, 103.02, 116.96, 1.8
_190_, 103.02, 116.96, 1.8
sb_1__0_.mem_left_track_21.sky130_fd_sc_hd__dfrtp_1_1_, 103.02, 116.96, 1.8
ANTENNA_13, 128.02, 116.96, 1.8
FILLER_38_259, 128.02, 116.96, 1.8
FILLER_40_275, 128.02, 116.96, 1.8
_174_, 128.02, 116.96, 1.8
_189_, 128.02, 116.96, 1.8
sb_1__0_.mem_left_track_45.sky130_fd_sc_hd__dfrtp_1_2_, 128.02, 116.96, 1.8
FILLER_38_287, 140.52, 116.96, 1.8
FILLER_39_287, 140.52, 116.96, 1.8
FILLER_39_294, 140.52, 116.96, 1.8
FILLER_39_301, 140.52, 116.96, 1.8
FILLER_40_294, 140.52, 116.96, 1.8
FILLER_40_301, 140.52, 116.96, 1.8
_191_, 140.52, 116.96, 1.8
input90, 140.52, 116.96, 1.8
input92, 140.52, 116.96, 1.8
sb_1__0_.mux_left_track_21.mux_l1_in_0_, 140.52, 116.96, 1.8
sb_1__0_.mux_top_track_0.sky130_fd_sc_hd__buf_4_0_, 140.52, 116.96, 1.8
sb_1__0_.mux_top_track_2.sky130_fd_sc_hd__buf_4_0_, 140.52, 116.96, 1.8
FILLER_38_320, 153.02, 116.96, 1.8
FILLER_39_308, 153.02, 116.96, 1.8
FILLER_40_321, 153.02, 116.96, 1.8
FILLER_40_328, 153.02, 116.96, 1.8
input88, 153.02, 116.96, 1.8
sb_1__0_.mem_top_track_0.sky130_fd_sc_hd__dfrtp_1_2_, 153.02, 116.96, 1.8
sb_1__0_.mux_top_track_0.mux_l3_in_0_, 153.02, 116.96, 1.8
FILLER_38_365, 178.02, 116.96, 1.8
FILLER_39_373, 178.02, 116.96, 1.8
FILLER_40_387, 178.02, 116.96, 1.8
sb_1__0_.mem_top_track_4.sky130_fd_sc_hd__dfrtp_1_0_, 178.02, 116.96, 1.8
sb_1__0_.mux_top_track_0.mux_l2_in_0_, 178.02, 116.96, 1.8
sb_1__0_.mux_top_track_6.mux_l2_in_1_, 178.02, 116.96, 1.8
ANTENNA_2, 190.52, 116.96, 1.8
FILLER_38_389, 190.52, 116.96, 1.8
FILLER_39_389, 190.52, 116.96, 1.8
FILLER_39_404, 190.52, 116.96, 1.8
FILLER_40_404, 190.52, 116.96, 1.8
sb_1__0_.mem_top_track_6.sky130_fd_sc_hd__dfrtp_1_2_, 190.52, 116.96, 1.8
sb_1__0_.mux_top_track_2.mux_l2_in_0_, 190.52, 116.96, 1.8
sb_1__0_.mux_top_track_8.mux_l3_in_0_, 190.52, 116.96, 1.8
ANTENNA_3, 203.02, 116.96, 1.8
FILLER_39_426, 203.02, 116.96, 1.8
FILLER_40_433, 203.02, 116.96, 1.8
FILLER_40_442, 203.02, 116.96, 1.8
input71, 203.02, 116.96, 1.8
input72, 203.02, 116.96, 1.8
input76, 203.02, 116.96, 1.8
sb_1__0_.mux_top_track_2.mux_l1_in_1_, 203.02, 116.96, 1.8
sb_1__0_.mux_top_track_8.mux_l1_in_0_, 203.02, 116.96, 1.8
FILLER_38_473, 226.786, 116.96, 1.8
FILLER_39_489, 226.786, 116.96, 1.8
FILLER_40_483, 226.786, 116.96, 1.8
FILLER_40_491, 226.786, 116.96, 1.8
input103, 226.786, 116.96, 1.8
input109, 226.786, 116.96, 1.8
input78, 226.786, 116.96, 1.8
input81, 226.786, 116.96, 1.8
ANTENNA_1, 238.053, 116.96, 1.8
FILLER_38_502, 238.053, 116.96, 1.8
FILLER_39_500, 238.053, 116.96, 1.8
FILLER_39_505, 238.053, 116.96, 1.8
FILLER_39_514, 238.053, 116.96, 1.8
input105, 238.053, 116.96, 1.8
input106, 238.053, 116.96, 1.8
input107, 238.053, 116.96, 1.8
input2, 238.053, 116.96, 1.8
input54, 238.053, 116.96, 1.8
PHY_72, 5.52, 111.52, 1.8
PHY_74, 5.52, 111.52, 1.8
output122, 5.52, 111.52, 1.8
output123, 5.52, 111.52, 1.8
PHY_73, 249.32, 111.52, 1.8
PHY_75, 249.32, 111.52, 1.8
input43, 249.32, 111.52, 1.8
input46, 249.32, 111.52, 1.8
FILLER_36_47, 28.02, 111.52, 1.8
FILLER_37_57, 28.02, 111.52, 1.8
FILLER_38_62, 28.02, 111.52, 1.8
_133_, 28.02, 111.52, 1.8
output197, 28.02, 111.52, 1.8
FILLER_36_67, 40.52, 111.52, 1.8
FILLER_36_75, 40.52, 111.52, 1.8
FILLER_37_63, 40.52, 111.52, 1.8
FILLER_37_85, 40.52, 111.52, 1.8
_123_, 40.52, 111.52, 1.8
_164_, 40.52, 111.52, 1.8
output201, 40.52, 111.52, 1.8
FILLER_36_103, 53.02, 111.52, 1.8
FILLER_37_113, 53.02, 111.52, 1.8
output176, 53.02, 111.52, 1.8
FILLER_36_149, 78.02, 111.52, 1.8
FILLER_38_170, 78.02, 111.52, 1.8
_182_, 78.02, 111.52, 1.8
output185, 78.02, 111.52, 1.8
sb_1__0_.mem_top_track_50.sky130_fd_sc_hd__dfrtp_1_1_, 78.02, 111.52, 1.8
sb_1__0_.mem_top_track_58.sky130_fd_sc_hd__dfrtp_1_0_, 78.02, 111.52, 1.8
FILLER_36_173, 90.52, 111.52, 1.8
FILLER_37_191, 90.52, 111.52, 1.8
FILLER_38_197, 90.52, 111.52, 1.8
output188, 90.52, 111.52, 1.8
FILLER_37_220, 103.02, 111.52, 1.8
output191, 103.02, 111.52, 1.8
sb_1__0_.mem_left_track_21.sky130_fd_sc_hd__dfrtp_1_0_, 103.02, 111.52, 1.8
FILLER_36_264, 128.02, 111.52, 1.8
sb_1__0_.mem_left_track_53.sky130_fd_sc_hd__dfrtp_1_0_, 128.02, 111.52, 1.8
sb_1__0_.mem_left_track_53.sky130_fd_sc_hd__dfrtp_1_1_, 128.02, 111.52, 1.8
sb_1__0_.mux_left_track_21.mux_l1_in_1_, 128.02, 111.52, 1.8
FILLER_36_291, 140.52, 111.52, 1.8
FILLER_37_286, 140.52, 111.52, 1.8
FILLER_38_300, 140.52, 111.52, 1.8
sb_1__0_.mem_left_track_45.sky130_fd_sc_hd__dfrtp_1_1_, 140.52, 111.52, 1.8
sb_1__0_.mux_left_track_3.mux_l1_in_0_, 140.52, 111.52, 1.8
sb_1__0_.mux_top_track_4.sky130_fd_sc_hd__buf_4_0_, 140.52, 111.52, 1.8
FILLER_36_314, 153.02, 111.52, 1.8
FILLER_37_313, 153.02, 111.52, 1.8
FILLER_37_326, 153.02, 111.52, 1.8
FILLER_37_333, 153.02, 111.52, 1.8
sb_1__0_.mem_top_track_2.sky130_fd_sc_hd__dfrtp_1_0_, 153.02, 111.52, 1.8
sb_1__0_.mux_left_track_53.mux_l1_in_0_, 153.02, 111.52, 1.8
sb_1__0_.mux_top_track_12.sky130_fd_sc_hd__buf_4_0_, 153.02, 111.52, 1.8
sb_1__0_.mux_top_track_8.sky130_fd_sc_hd__buf_4_0_, 153.02, 111.52, 1.8
ANTENNA_35, 178.02, 111.52, 1.8
FILLER_36_365, 178.02, 111.52, 1.8
FILLER_37_368, 178.02, 111.52, 1.8
FILLER_37_374, 178.02, 111.52, 1.8
FILLER_37_387, 178.02, 111.52, 1.8
sb_1__0_.mux_top_track_0.mux_l1_in_0_, 178.02, 111.52, 1.8
sb_1__0_.mux_top_track_4.mux_l2_in_0_, 178.02, 111.52, 1.8
FILLER_37_415, 190.52, 111.52, 1.8
FILLER_38_413, 190.52, 111.52, 1.8
sb_1__0_.mem_top_track_6.sky130_fd_sc_hd__dfrtp_1_1_, 190.52, 111.52, 1.8
sb_1__0_.mem_top_track_8.sky130_fd_sc_hd__dfrtp_1_0_, 190.52, 111.52, 1.8
FILLER_38_432, 203.02, 111.52, 1.8
input80, 203.02, 111.52, 1.8
input82, 203.02, 111.52, 1.8
sb_1__0_.mem_top_track_0.sky130_fd_sc_hd__dfrtp_1_0_, 203.02, 111.52, 1.8
sb_1__0_.mux_top_track_0.mux_l1_in_1_, 203.02, 111.52, 1.8
sb_1__0_.mux_top_track_4.mux_l1_in_1_, 203.02, 111.52, 1.8
sb_1__0_.mux_top_track_6.mux_l2_in_0_, 203.02, 111.52, 1.8
ANTENNA_6, 226.786, 111.52, 1.8
FILLER_36_473, 226.786, 111.52, 1.8
FILLER_37_489, 226.786, 111.52, 1.8
FILLER_38_484, 226.786, 111.52, 1.8
FILLER_38_492, 226.786, 111.52, 1.8
input50, 226.786, 111.52, 1.8
input83, 226.786, 111.52, 1.8
FILLER_36_501, 238.053, 111.52, 1.8
FILLER_37_505, 238.053, 111.52, 1.8
FILLER_37_517, 238.053, 111.52, 1.8
FILLER_38_509, 238.053, 111.52, 1.8
FILLER_38_517, 238.053, 111.52, 1.8
input48, 238.053, 111.52, 1.8
input49, 238.053, 111.52, 1.8
input51, 238.053, 111.52, 1.8
input53, 238.053, 111.52, 1.8
PHY_68, 5.52, 106.08, 1.8
PHY_70, 5.52, 106.08, 1.8
output119, 5.52, 106.08, 1.8
output121, 5.52, 106.08, 1.8
PHY_69, 249.32, 106.08, 1.8
PHY_71, 249.32, 106.08, 1.8
input41, 249.32, 106.08, 1.8
input42, 249.32, 106.08, 1.8
FILLER_34_47, 28.02, 106.08, 1.8
FILLER_35_41, 28.02, 106.08, 1.8
FILLER_35_53, 28.02, 106.08, 1.8
_132_, 28.02, 106.08, 1.8
output127, 28.02, 106.08, 1.8
output129, 28.02, 106.08, 1.8
FILLER_34_67, 40.52, 106.08, 1.8
FILLER_34_76, 40.52, 106.08, 1.8
FILLER_35_75, 40.52, 106.08, 1.8
_127_, 40.52, 106.08, 1.8
output133, 40.52, 106.08, 1.8
output134, 40.52, 106.08, 1.8
sb_1__0_.mux_top_track_48.sky130_fd_sc_hd__buf_4_0_, 40.52, 106.08, 1.8
ANTENNA_5, 53.02, 106.08, 1.8
FILLER_34_103, 53.02, 106.08, 1.8
FILLER_34_96, 53.02, 106.08, 1.8
FILLER_35_103, 53.02, 106.08, 1.8
FILLER_35_113, 53.02, 106.08, 1.8
FILLER_35_95, 53.02, 106.08, 1.8
_129_, 53.02, 106.08, 1.8
_178_, 53.02, 106.08, 1.8
input74, 53.02, 106.08, 1.8
sb_1__0_.mux_top_track_42.sky130_fd_sc_hd__buf_4_0_, 53.02, 106.08, 1.8
sb_1__0_.mux_top_track_48.mux_l2_in_0__249, 53.02, 106.08, 1.8
sb_1__0_.mux_top_track_50.mux_l2_in_0__250, 53.02, 106.08, 1.8
FILLER_35_169, 78.02, 106.08, 1.8
sb_1__0_.mem_top_track_50.sky130_fd_sc_hd__dfrtp_1_0_, 78.02, 106.08, 1.8
FILLER_35_186, 90.52, 106.08, 1.8
FILLER_36_193, 90.52, 106.08, 1.8
sb_1__0_.mem_left_track_13.sky130_fd_sc_hd__dfrtp_1_2_, 90.52, 106.08, 1.8
sb_1__0_.mem_left_track_5.sky130_fd_sc_hd__dfrtp_1_0_, 90.52, 106.08, 1.8
sb_1__0_.mux_left_track_21.mux_l3_in_0_, 90.52, 106.08, 1.8
FILLER_35_210, 103.02, 106.08, 1.8
FILLER_35_218, 103.02, 106.08, 1.8
FILLER_35_225, 103.02, 106.08, 1.8
FILLER_36_215, 103.02, 106.08, 1.8
_184_, 103.02, 106.08, 1.8
sb_1__0_.mux_left_track_21.mux_l2_in_1_, 103.02, 106.08, 1.8
sb_1__0_.mux_left_track_3.mux_l2_in_0_, 103.02, 106.08, 1.8
ANTENNA_20, 128.02, 106.08, 1.8
FILLER_34_264, 128.02, 106.08, 1.8
FILLER_35_253, 128.02, 106.08, 1.8
FILLER_35_266, 128.02, 106.08, 1.8
FILLER_36_279, 128.02, 106.08, 1.8
sb_1__0_.mux_left_track_13.mux_l1_in_1_, 128.02, 106.08, 1.8
sb_1__0_.mux_left_track_53.mux_l2_in_0_, 128.02, 106.08, 1.8
sb_1__0_.mux_top_track_0.mux_l1_in_2_, 128.02, 106.08, 1.8
sb_1__0_.mux_top_track_10.sky130_fd_sc_hd__buf_4_0_, 128.02, 106.08, 1.8
FILLER_34_285, 140.52, 106.08, 1.8
FILLER_34_292, 140.52, 106.08, 1.8
FILLER_35_292, 140.52, 106.08, 1.8
FILLER_35_305, 140.52, 106.08, 1.8
FILLER_36_304, 140.52, 106.08, 1.8
input63, 140.52, 106.08, 1.8
sb_1__0_.mux_left_track_13.mux_l1_in_0_, 140.52, 106.08, 1.8
sb_1__0_.mux_left_track_45.mux_l2_in_0_, 140.52, 106.08, 1.8
sb_1__0_.mux_left_track_45.mux_l2_in_1_, 140.52, 106.08, 1.8
sb_1__0_.mux_left_track_45.mux_l2_in_1__213, 140.52, 106.08, 1.8
FILLER_34_314, 153.02, 106.08, 1.8
FILLER_35_318, 153.02, 106.08, 1.8
FILLER_35_331, 153.02, 106.08, 1.8
sb_1__0_.mem_top_track_0.sky130_fd_sc_hd__dfrtp_1_1_, 153.02, 106.08, 1.8
sb_1__0_.mux_left_track_1.mux_l1_in_0_, 153.02, 106.08, 1.8
sb_1__0_.mux_left_track_29.mux_l1_in_0_, 153.02, 106.08, 1.8
sb_1__0_.mux_top_track_14.sky130_fd_sc_hd__buf_4_0_, 153.02, 106.08, 1.8
FILLER_35_369, 178.02, 106.08, 1.8
FILLER_35_385, 178.02, 106.08, 1.8
FILLER_36_381, 178.02, 106.08, 1.8
FILLER_36_388, 178.02, 106.08, 1.8
input67, 178.02, 106.08, 1.8
sb_1__0_.mem_top_track_4.sky130_fd_sc_hd__dfrtp_1_1_, 178.02, 106.08, 1.8
sb_1__0_.mux_right_track_4.mux_l1_in_0_, 178.02, 106.08, 1.8
FILLER_34_394, 190.52, 106.08, 1.8
FILLER_35_415, 190.52, 106.08, 1.8
FILLER_36_414, 190.52, 106.08, 1.8
sb_1__0_.mem_top_track_8.sky130_fd_sc_hd__dfrtp_1_1_, 190.52, 106.08, 1.8
sb_1__0_.mem_top_track_8.sky130_fd_sc_hd__dfrtp_1_2_, 190.52, 106.08, 1.8
sb_1__0_.mux_top_track_6.mux_l2_in_1__252, 190.52, 106.08, 1.8
ANTENNA_38, 203.02, 106.08, 1.8
FILLER_35_421, 203.02, 106.08, 1.8
FILLER_36_432, 203.02, 106.08, 1.8
sb_1__0_.mux_top_track_6.mux_l1_in_0_, 203.02, 106.08, 1.8
sb_1__0_.mux_top_track_6.mux_l1_in_1_, 203.02, 106.08, 1.8
sb_1__0_.mux_top_track_8.mux_l2_in_0_, 203.02, 106.08, 1.8
FILLER_34_469, 226.786, 106.08, 1.8
FILLER_35_497, 238.053, 106.08, 1.8
FILLER_35_517, 238.053, 106.08, 1.8
FILLER_36_510, 238.053, 106.08, 1.8
FILLER_36_517, 238.053, 106.08, 1.8
input45, 238.053, 106.08, 1.8
input52, 238.053, 106.08, 1.8
PHY_64, 5.52, 100.64, 1.8
PHY_66, 5.52, 100.64, 1.8
output117, 5.52, 100.64, 1.8
output118, 5.52, 100.64, 1.8
PHY_65, 249.32, 100.64, 1.8
PHY_67, 249.32, 100.64, 1.8
input38, 249.32, 100.64, 1.8
input39, 249.32, 100.64, 1.8
FILLER_32_47, 28.02, 100.64, 1.8
FILLER_33_41, 28.02, 100.64, 1.8
FILLER_33_48, 28.02, 100.64, 1.8
_128_, 28.02, 100.64, 1.8
output128, 28.02, 100.64, 1.8
output132, 28.02, 100.64, 1.8
FILLER_32_67, 40.52, 100.64, 1.8
FILLER_32_75, 40.52, 100.64, 1.8
FILLER_33_75, 40.52, 100.64, 1.8
FILLER_33_82, 40.52, 100.64, 1.8
FILLER_34_85, 40.52, 100.64, 1.8
_130_, 40.52, 100.64, 1.8
_173_, 40.52, 100.64, 1.8
sb_1__0_.mux_top_track_46.sky130_fd_sc_hd__buf_4_0_, 40.52, 100.64, 1.8
FILLER_32_98, 53.02, 100.64, 1.8
FILLER_33_106, 53.02, 100.64, 1.8
FILLER_33_90, 53.02, 100.64, 1.8
FILLER_33_99, 53.02, 100.64, 1.8
FILLER_34_110, 53.02, 100.64, 1.8
_124_, 53.02, 100.64, 1.8
_126_, 53.02, 100.64, 1.8
sb_1__0_.mux_left_track_3.sky130_fd_sc_hd__buf_4_0_, 53.02, 100.64, 1.8
sb_1__0_.mux_left_track_45.sky130_fd_sc_hd__buf_4_0_, 53.02, 100.64, 1.8
sb_1__0_.mux_top_track_44.sky130_fd_sc_hd__buf_4_0_, 53.02, 100.64, 1.8
sb_1__0_.mux_top_track_50.sky130_fd_sc_hd__buf_4_0_, 53.02, 100.64, 1.8
FILLER_32_151, 78.02, 100.64, 1.8
FILLER_33_146, 78.02, 100.64, 1.8
FILLER_33_158, 78.02, 100.64, 1.8
FILLER_33_169, 78.02, 100.64, 1.8
FILLER_34_163, 78.02, 100.64, 1.8
FILLER_34_170, 78.02, 100.64, 1.8
_122_, 78.02, 100.64, 1.8
_181_, 78.02, 100.64, 1.8
sb_1__0_.mux_left_track_13.mux_l2_in_1__260, 78.02, 100.64, 1.8
sb_1__0_.mux_left_track_53.sky130_fd_sc_hd__buf_4_0_, 78.02, 100.64, 1.8
sb_1__0_.mux_top_track_34.sky130_fd_sc_hd__buf_4_0_, 78.02, 100.64, 1.8
FILLER_32_181, 90.52, 100.64, 1.8
FILLER_33_193, 90.52, 100.64, 1.8
FILLER_34_197, 90.52, 100.64, 1.8
sb_1__0_.mem_left_track_3.sky130_fd_sc_hd__dfrtp_1_2_, 90.52, 100.64, 1.8
sb_1__0_.mux_top_track_50.mux_l1_in_0_, 90.52, 100.64, 1.8
FILLER_32_205, 103.02, 100.64, 1.8
FILLER_33_225, 103.02, 100.64, 1.8
FILLER_34_212, 103.02, 100.64, 1.8
_185_, 103.02, 100.64, 1.8
sb_1__0_.mem_left_track_13.sky130_fd_sc_hd__dfrtp_1_1_, 103.02, 100.64, 1.8
sb_1__0_.mem_left_track_3.sky130_fd_sc_hd__dfrtp_1_1_, 103.02, 100.64, 1.8
sb_1__0_.mem_left_track_53.sky130_fd_sc_hd__dfrtp_1_2_, 103.02, 100.64, 1.8
FILLER_32_258, 128.02, 100.64, 1.8
FILLER_33_267, 128.02, 100.64, 1.8
FILLER_33_274, 128.02, 100.64, 1.8
FILLER_34_278, 128.02, 100.64, 1.8
input85, 128.02, 100.64, 1.8
sb_1__0_.mux_left_track_29.mux_l2_in_0_, 128.02, 100.64, 1.8
sb_1__0_.mux_left_track_5.mux_l1_in_0_, 128.02, 100.64, 1.8
sb_1__0_.mux_left_track_53.mux_l2_in_1__215, 128.02, 100.64, 1.8
FILLER_33_281, 140.52, 100.64, 1.8
FILLER_33_304, 140.52, 100.64, 1.8
FILLER_34_305, 140.52, 100.64, 1.8
sb_1__0_.mem_left_track_45.sky130_fd_sc_hd__dfrtp_1_0_, 140.52, 100.64, 1.8
sb_1__0_.mux_left_track_1.mux_l1_in_1_, 140.52, 100.64, 1.8
sb_1__0_.mux_left_track_11.mux_l1_in_0_, 140.52, 100.64, 1.8
sb_1__0_.mux_top_track_0.mux_l2_in_1_, 140.52, 100.64, 1.8
FILLER_32_314, 153.02, 100.64, 1.8
FILLER_33_317, 153.02, 100.64, 1.8
FILLER_33_330, 153.02, 100.64, 1.8
FILLER_34_332, 153.02, 100.64, 1.8
sb_1__0_.mux_right_track_0.mux_l1_in_0_, 153.02, 100.64, 1.8
sb_1__0_.mux_right_track_20.mux_l1_in_0_, 153.02, 100.64, 1.8
sb_1__0_.mux_top_track_0.mux_l1_in_3__228, 153.02, 100.64, 1.8
sb_1__0_.mux_top_track_2.mux_l1_in_2_, 153.02, 100.64, 1.8
sb_1__0_.mux_top_track_4.mux_l3_in_0_, 153.02, 100.64, 1.8
FILLER_33_372, 178.02, 100.64, 1.8
FILLER_34_387, 178.02, 100.64, 1.8
sb_1__0_.mux_right_track_6.mux_l1_in_0_, 178.02, 100.64, 1.8
sb_1__0_.mux_top_track_12.mux_l3_in_0_, 178.02, 100.64, 1.8
sb_1__0_.mux_top_track_4.mux_l1_in_0_, 178.02, 100.64, 1.8
FILLER_32_389, 190.52, 100.64, 1.8
FILLER_33_389, 190.52, 100.64, 1.8
FILLER_33_393, 190.52, 100.64, 1.8
sb_1__0_.mem_top_track_10.sky130_fd_sc_hd__dfrtp_1_0_, 190.52, 100.64, 1.8
sb_1__0_.mux_top_track_16.mux_l1_in_0_, 190.52, 100.64, 1.8
FILLER_33_418, 203.02, 100.64, 1.8
FILLER_34_432, 203.02, 100.64, 1.8
sb_1__0_.mux_top_track_12.mux_l1_in_0_, 203.02, 100.64, 1.8
sb_1__0_.mux_top_track_8.mux_l1_in_1_, 203.02, 100.64, 1.8
sb_1__0_.mux_top_track_8.mux_l2_in_1_, 203.02, 100.64, 1.8
FILLER_32_469, 226.786, 100.64, 1.8
FILLER_33_497, 238.053, 100.64, 1.8
FILLER_33_505, 238.053, 100.64, 1.8
FILLER_33_517, 238.053, 100.64, 1.8
FILLER_34_513, 238.053, 100.64, 1.8
input40, 238.053, 100.64, 1.8
PHY_60, 5.52, 95.2, 1.8
PHY_62, 5.52, 95.2, 1.8
output115, 5.52, 95.2, 1.8
output116, 5.52, 95.2, 1.8
PHY_61, 249.32, 95.2, 1.8
PHY_63, 249.32, 95.2, 1.8
input35, 249.32, 95.2, 1.8
input37, 249.32, 95.2, 1.8
FILLER_31_41, 28.02, 95.2, 1.8
FILLER_31_49, 28.02, 95.2, 1.8
_166_, 28.02, 95.2, 1.8
output131, 28.02, 95.2, 1.8
FILLER_30_71, 40.52, 95.2, 1.8
FILLER_32_85, 40.52, 95.2, 1.8
_111_, 40.52, 95.2, 1.8
ANTENNA_18, 53.02, 95.2, 1.8
FILLER_31_103, 53.02, 95.2, 1.8
FILLER_31_113, 53.02, 95.2, 1.8
FILLER_31_96, 53.02, 95.2, 1.8
FILLER_32_114, 53.02, 95.2, 1.8
_120_, 53.02, 95.2, 1.8
sb_1__0_.mux_left_track_5.sky130_fd_sc_hd__buf_4_0_, 53.02, 95.2, 1.8
sb_1__0_.mux_top_track_42.mux_l2_in_0__246, 53.02, 95.2, 1.8
sb_1__0_.mux_top_track_44.mux_l2_in_0__247, 53.02, 95.2, 1.8
sb_1__0_.mux_top_track_46.mux_l2_in_0__248, 53.02, 95.2, 1.8
ANTENNA_24, 78.02, 95.2, 1.8
FILLER_31_146, 78.02, 95.2, 1.8
FILLER_31_158, 78.02, 95.2, 1.8
FILLER_32_158, 78.02, 95.2, 1.8
_116_, 78.02, 95.2, 1.8
_117_, 78.02, 95.2, 1.8
sb_1__0_.mux_left_track_3.mux_l3_in_0_, 78.02, 95.2, 1.8
sb_1__0_.mux_top_track_36.sky130_fd_sc_hd__buf_4_0_, 78.02, 95.2, 1.8
FILLER_30_179, 90.52, 95.2, 1.8
FILLER_31_180, 90.52, 95.2, 1.8
FILLER_32_197, 90.52, 95.2, 1.8
cbx_1__0_.cbx_8__0_.mem_top_ipin_0.sky130_fd_sc_hd__dfrtp_1_0_, 90.52, 95.2, 1.8
sb_1__0_.mux_left_track_13.mux_l3_in_0_, 90.52, 95.2, 1.8
sb_1__0_.mux_left_track_3.mux_l2_in_1_, 90.52, 95.2, 1.8
FILLER_31_207, 103.02, 95.2, 1.8
sb_1__0_.mux_left_track_13.mux_l2_in_1_, 103.02, 95.2, 1.8
sb_1__0_.mux_left_track_53.mux_l3_in_0_, 103.02, 95.2, 1.8
FILLER_30_264, 128.02, 95.2, 1.8
FILLER_31_262, 128.02, 95.2, 1.8
FILLER_31_277, 128.02, 95.2, 1.8
sb_1__0_.mux_left_track_11.mux_l1_in_1_, 128.02, 95.2, 1.8
sb_1__0_.mux_left_track_29.mux_l1_in_1_, 128.02, 95.2, 1.8
sb_1__0_.mux_left_track_3.mux_l1_in_1_, 128.02, 95.2, 1.8
ANTENNA_32, 140.52, 95.2, 1.8
FILLER_31_281, 140.52, 95.2, 1.8
FILLER_31_293, 140.52, 95.2, 1.8
FILLER_31_306, 140.52, 95.2, 1.8
FILLER_32_302, 140.52, 95.2, 1.8
sb_1__0_.mux_top_track_0.mux_l1_in_3_, 140.52, 95.2, 1.8
FILLER_30_320, 153.02, 95.2, 1.8
FILLER_31_319, 153.02, 95.2, 1.8
FILLER_32_327, 153.02, 95.2, 1.8
clkbuf_4_13_0_prog_clk, 153.02, 95.2, 1.8
sb_1__0_.mux_left_track_37.mux_l1_in_0_, 153.02, 95.2, 1.8
sb_1__0_.mux_left_track_37.mux_l1_in_1_, 153.02, 95.2, 1.8
sb_1__0_.mux_right_track_28.mux_l1_in_0_, 153.02, 95.2, 1.8
FILLER_30_365, 178.02, 95.2, 1.8
FILLER_31_374, 178.02, 95.2, 1.8
FILLER_31_387, 178.02, 95.2, 1.8
FILLER_32_376, 178.02, 95.2, 1.8
sb_1__0_.mem_top_track_12.sky130_fd_sc_hd__dfrtp_1_0_, 178.02, 95.2, 1.8
sb_1__0_.mux_top_track_10.mux_l1_in_0_, 178.02, 95.2, 1.8
sb_1__0_.mux_top_track_10.mux_l2_in_0_, 178.02, 95.2, 1.8
sb_1__0_.mux_top_track_14.mux_l3_in_0_, 178.02, 95.2, 1.8
ANTENNA_36, 190.52, 95.2, 1.8
FILLER_30_391, 190.52, 95.2, 1.8
FILLER_30_397, 190.52, 95.2, 1.8
FILLER_31_393, 190.52, 95.2, 1.8
FILLER_32_408, 190.52, 95.2, 1.8
FILLER_32_415, 190.52, 95.2, 1.8
sb_1__0_.mem_top_track_12.sky130_fd_sc_hd__dfrtp_1_1_, 190.52, 95.2, 1.8
sb_1__0_.mux_top_track_18.mux_l1_in_0_, 190.52, 95.2, 1.8
sb_1__0_.mux_top_track_8.mux_l2_in_1__253, 190.52, 95.2, 1.8
FILLER_31_420, 203.02, 95.2, 1.8
FILLER_32_432, 203.02, 95.2, 1.8
sb_1__0_.mem_top_track_14.sky130_fd_sc_hd__dfrtp_1_0_, 203.02, 95.2, 1.8
sb_1__0_.mux_top_track_10.mux_l1_in_1_, 203.02, 95.2, 1.8
sb_1__0_.mux_top_track_14.mux_l1_in_0_, 203.02, 95.2, 1.8
FILLER_31_497, 238.053, 95.2, 1.8
FILLER_31_517, 238.053, 95.2, 1.8
FILLER_32_513, 238.053, 95.2, 1.8
PHY_56, 5.52, 89.76, 1.8
PHY_58, 5.52, 89.76, 1.8
output114, 5.52, 89.76, 1.8
output142, 5.52, 89.76, 1.8
PHY_57, 249.32, 89.76, 1.8
PHY_59, 249.32, 89.76, 1.8
input34, 249.32, 89.76, 1.8
input62, 249.32, 89.76, 1.8
FILLER_29_87, 40.52, 89.76, 1.8
FILLER_30_80, 40.52, 89.76, 1.8
_119_, 40.52, 89.76, 1.8
cbx_1__0_.cbx_8__0_.mem_top_ipin_3.sky130_fd_sc_hd__dfrtp_1_3_, 40.52, 89.76, 1.8
FILLER_28_97, 53.02, 89.76, 1.8
FILLER_29_97, 53.02, 89.76, 1.8
FILLER_30_108, 53.02, 89.76, 1.8
sb_1__0_.mem_top_track_46.sky130_fd_sc_hd__dfrtp_1_0_, 53.02, 89.76, 1.8
sb_1__0_.mem_top_track_46.sky130_fd_sc_hd__dfrtp_1_1_, 53.02, 89.76, 1.8
sb_1__0_.mux_top_track_40.sky130_fd_sc_hd__buf_4_0_, 53.02, 89.76, 1.8
sb_1__0_.mux_top_track_46.mux_l2_in_0_, 53.02, 89.76, 1.8
FILLER_29_148, 78.02, 89.76, 1.8
FILLER_29_159, 78.02, 89.76, 1.8
FILLER_30_163, 78.02, 89.76, 1.8
sb_1__0_.mux_top_track_24.sky130_fd_sc_hd__buf_4_0_, 78.02, 89.76, 1.8
sb_1__0_.mux_top_track_28.sky130_fd_sc_hd__buf_4_0_, 78.02, 89.76, 1.8
sb_1__0_.mux_top_track_48.mux_l1_in_0_, 78.02, 89.76, 1.8
sb_1__0_.mux_top_track_58.mux_l2_in_0_, 78.02, 89.76, 1.8
ANTENNA_41, 90.52, 89.76, 1.8
FILLER_28_179, 90.52, 89.76, 1.8
FILLER_29_180, 90.52, 89.76, 1.8
FILLER_29_195, 90.52, 89.76, 1.8
FILLER_30_192, 90.52, 89.76, 1.8
FILLER_30_197, 90.52, 89.76, 1.8
clkbuf_4_5_0_prog_clk, 90.52, 89.76, 1.8
sb_1__0_.mux_left_track_1.sky130_fd_sc_hd__buf_4_0_, 90.52, 89.76, 1.8
sb_1__0_.mux_left_track_11.mux_l3_in_0_, 90.52, 89.76, 1.8
FILLER_28_202, 103.02, 89.76, 1.8
FILLER_30_212, 103.02, 89.76, 1.8
sb_1__0_.mem_left_track_13.sky130_fd_sc_hd__dfrtp_1_0_, 103.02, 89.76, 1.8
sb_1__0_.mem_left_track_5.sky130_fd_sc_hd__dfrtp_1_1_, 103.02, 89.76, 1.8
sb_1__0_.mux_left_track_5.mux_l2_in_0_, 103.02, 89.76, 1.8
sb_1__0_.mux_top_track_26.sky130_fd_sc_hd__buf_4_0_, 103.02, 89.76, 1.8
FILLER_28_258, 128.02, 89.76, 1.8
FILLER_29_265, 128.02, 89.76, 1.8
sb_1__0_.mem_left_track_37.sky130_fd_sc_hd__dfrtp_1_0_, 128.02, 89.76, 1.8
sb_1__0_.mux_left_track_1.mux_l2_in_0_, 128.02, 89.76, 1.8
sb_1__0_.mux_left_track_11.mux_l2_in_0_, 128.02, 89.76, 1.8
sb_1__0_.mux_left_track_5.mux_l1_in_1_, 128.02, 89.76, 1.8
sb_1__0_.mux_top_track_18.sky130_fd_sc_hd__buf_4_0_, 128.02, 89.76, 1.8
ANTENNA_21, 140.52, 89.76, 1.8
FILLER_29_292, 140.52, 89.76, 1.8
FILLER_29_307, 140.52, 89.76, 1.8
FILLER_30_300, 140.52, 89.76, 1.8
sb_1__0_.mem_left_track_37.sky130_fd_sc_hd__dfrtp_1_1_, 140.52, 89.76, 1.8
sb_1__0_.mux_left_track_37.mux_l2_in_0_, 140.52, 89.76, 1.8
sb_1__0_.mux_left_track_7.mux_l1_in_0_, 140.52, 89.76, 1.8
sb_1__0_.mux_top_track_16.sky130_fd_sc_hd__buf_4_0_, 140.52, 89.76, 1.8
FILLER_28_309, 153.02, 89.76, 1.8
FILLER_29_324, 153.02, 89.76, 1.8
FILLER_29_331, 153.02, 89.76, 1.8
clkbuf_4_12_0_prog_clk, 153.02, 89.76, 1.8
sb_1__0_.mux_top_track_10.mux_l3_in_0_, 153.02, 89.76, 1.8
sb_1__0_.mux_top_track_4.mux_l2_in_1_, 153.02, 89.76, 1.8
sb_1__0_.mux_top_track_4.mux_l2_in_1__244, 153.02, 89.76, 1.8
FILLER_28_370, 178.02, 89.76, 1.8
FILLER_29_373, 178.02, 89.76, 1.8
FILLER_29_386, 178.02, 89.76, 1.8
sb_1__0_.mux_right_track_2.mux_l2_in_0_, 178.02, 89.76, 1.8
sb_1__0_.mux_top_track_12.mux_l2_in_1__230, 178.02, 89.76, 1.8
FILLER_28_397, 190.52, 89.76, 1.8
FILLER_29_393, 190.52, 89.76, 1.8
FILLER_30_410, 190.52, 89.76, 1.8
sb_1__0_.mem_top_track_12.sky130_fd_sc_hd__dfrtp_1_2_, 190.52, 89.76, 1.8
sb_1__0_.mux_right_track_2.mux_l3_in_0_, 190.52, 89.76, 1.8
FILLER_28_421, 203.02, 89.76, 1.8
FILLER_29_422, 203.02, 89.76, 1.8
sb_1__0_.mux_top_track_12.mux_l2_in_0_, 203.02, 89.76, 1.8
sb_1__0_.mux_top_track_14.mux_l2_in_0_, 203.02, 89.76, 1.8
FILLER_28_473, 226.786, 89.76, 1.8
FILLER_29_497, 238.053, 89.76, 1.8
FILLER_29_517, 238.053, 89.76, 1.8
FILLER_30_517, 238.053, 89.76, 1.8
input36, 238.053, 89.76, 1.8
PHY_52, 5.52, 84.32, 1.8
PHY_54, 5.52, 84.32, 1.8
output140, 5.52, 84.32, 1.8
output141, 5.52, 84.32, 1.8
PHY_53, 249.32, 84.32, 1.8
PHY_55, 249.32, 84.32, 1.8
input59, 249.32, 84.32, 1.8
input60, 249.32, 84.32, 1.8
FILLER_27_45, 28.02, 84.32, 1.8
FILLER_27_53, 28.02, 84.32, 1.8
FILLER_26_65, 40.52, 84.32, 1.8
FILLER_28_77, 40.52, 84.32, 1.8
cbx_1__0_.cbx_8__0_.mux_top_ipin_2.mux_l1_in_0_, 40.52, 84.32, 1.8
FILLER_26_97, 53.02, 84.32, 1.8
FILLER_27_93, 53.02, 84.32, 1.8
_112_, 53.02, 84.32, 1.8
_114_, 53.02, 84.32, 1.8
cbx_1__0_.cbx_8__0_.mux_top_ipin_1.mux_l1_in_0_, 53.02, 84.32, 1.8
ANTENNA_23, 78.02, 84.32, 1.8
FILLER_26_154, 78.02, 84.32, 1.8
FILLER_27_145, 78.02, 84.32, 1.8
FILLER_28_163, 78.02, 84.32, 1.8
FILLER_28_171, 78.02, 84.32, 1.8
cbx_1__0_.cbx_8__0_.mux_top_ipin_0.mux_l1_in_0_, 78.02, 84.32, 1.8
sb_1__0_.mux_left_track_29.sky130_fd_sc_hd__buf_4_0_, 78.02, 84.32, 1.8
sb_1__0_.mux_left_track_3.mux_l2_in_1__211, 78.02, 84.32, 1.8
sb_1__0_.mux_left_track_7.sky130_fd_sc_hd__buf_4_0_, 78.02, 84.32, 1.8
sb_1__0_.mux_top_track_44.mux_l1_in_0_, 78.02, 84.32, 1.8
FILLER_27_175, 90.52, 84.32, 1.8
FILLER_27_193, 90.52, 84.32, 1.8
clkbuf_4_4_0_prog_clk, 90.52, 84.32, 1.8
sb_1__0_.mem_left_track_11.sky130_fd_sc_hd__dfrtp_1_2_, 90.52, 84.32, 1.8
sb_1__0_.mem_left_track_5.sky130_fd_sc_hd__dfrtp_1_2_, 90.52, 84.32, 1.8
FILLER_26_202, 103.02, 84.32, 1.8
FILLER_26_209, 103.02, 84.32, 1.8
FILLER_27_217, 103.02, 84.32, 1.8
FILLER_27_225, 103.02, 84.32, 1.8
sb_1__0_.mux_left_track_5.mux_l2_in_1__214, 103.02, 84.32, 1.8
sb_1__0_.mux_top_track_22.sky130_fd_sc_hd__buf_4_0_, 103.02, 84.32, 1.8
FILLER_26_258, 128.02, 84.32, 1.8
FILLER_27_255, 128.02, 84.32, 1.8
FILLER_28_271, 128.02, 84.32, 1.8
FILLER_28_279, 128.02, 84.32, 1.8
sb_1__0_.mem_left_track_37.sky130_fd_sc_hd__dfrtp_1_2_, 128.02, 84.32, 1.8
sb_1__0_.mux_left_track_29.mux_l2_in_1__262, 128.02, 84.32, 1.8
sb_1__0_.mux_top_track_20.mux_l2_in_0_, 128.02, 84.32, 1.8
ANTENNA_22, 140.52, 84.32, 1.8
FILLER_27_281, 140.52, 84.32, 1.8
FILLER_27_294, 140.52, 84.32, 1.8
FILLER_28_302, 140.52, 84.32, 1.8
sb_1__0_.mux_right_track_52.mux_l1_in_0_, 140.52, 84.32, 1.8
sb_1__0_.mux_top_track_20.mux_l1_in_0_, 140.52, 84.32, 1.8
FILLER_26_320, 153.02, 84.32, 1.8
FILLER_27_309, 153.02, 84.32, 1.8
FILLER_27_321, 153.02, 84.32, 1.8
FILLER_28_327, 153.02, 84.32, 1.8
sb_1__0_.mux_right_track_0.mux_l2_in_0_, 153.02, 84.32, 1.8
sb_1__0_.mux_right_track_20.mux_l1_in_1_, 153.02, 84.32, 1.8
sb_1__0_.mux_right_track_36.mux_l1_in_0_, 153.02, 84.32, 1.8
sb_1__0_.mux_right_track_44.mux_l1_in_0_, 153.02, 84.32, 1.8
FILLER_27_375, 178.02, 84.32, 1.8
FILLER_27_388, 178.02, 84.32, 1.8
clkbuf_4_14_0_prog_clk, 178.02, 84.32, 1.8
clkbuf_4_15_0_prog_clk, 178.02, 84.32, 1.8
sb_1__0_.mem_top_track_10.sky130_fd_sc_hd__dfrtp_1_1_, 178.02, 84.32, 1.8
sb_1__0_.mux_top_track_12.mux_l2_in_1_, 178.02, 84.32, 1.8
FILLER_26_391, 190.52, 84.32, 1.8
FILLER_27_404, 190.52, 84.32, 1.8
FILLER_28_410, 190.52, 84.32, 1.8
sb_1__0_.mem_top_track_14.sky130_fd_sc_hd__dfrtp_1_1_, 190.52, 84.32, 1.8
sb_1__0_.mem_top_track_14.sky130_fd_sc_hd__dfrtp_1_2_, 190.52, 84.32, 1.8
sb_1__0_.mux_top_track_16.mux_l3_in_0_, 190.52, 84.32, 1.8
FILLER_26_469, 226.786, 84.32, 1.8
FILLER_27_497, 238.053, 84.32, 1.8
FILLER_27_505, 238.053, 84.32, 1.8
FILLER_27_517, 238.053, 84.32, 1.8
FILLER_28_513, 238.053, 84.32, 1.8
input61, 238.053, 84.32, 1.8
PHY_48, 5.52, 78.88, 1.8
PHY_50, 5.52, 78.88, 1.8
output138, 5.52, 78.88, 1.8
output139, 5.52, 78.88, 1.8
PHY_49, 249.32, 78.88, 1.8
PHY_51, 249.32, 78.88, 1.8
input57, 249.32, 78.88, 1.8
input58, 249.32, 78.88, 1.8
FILLER_25_45, 28.02, 78.88, 1.8
FILLER_25_53, 28.02, 78.88, 1.8
FILLER_24_74, 40.52, 78.88, 1.8
FILLER_25_69, 40.52, 78.88, 1.8
FILLER_25_83, 40.52, 78.88, 1.8
FILLER_26_81, 40.52, 78.88, 1.8
_115_, 40.52, 78.88, 1.8
cbx_1__0_.cbx_8__0_.mux_top_ipin_2.mux_l1_in_1_, 40.52, 78.88, 1.8
FILLER_24_97, 53.02, 78.88, 1.8
FILLER_25_103, 53.02, 78.88, 1.8
FILLER_25_113, 53.02, 78.88, 1.8
FILLER_26_104, 53.02, 78.88, 1.8
_113_, 53.02, 78.88, 1.8
cbx_1__0_.cbx_8__0_.mux_top_ipin_3.mux_l3_in_0_, 53.02, 78.88, 1.8
cbx_1__0_.cbx_8__0_.mux_top_ipin_3.mux_l4_in_0_, 53.02, 78.88, 1.8
ANTENNA_29, 78.02, 78.88, 1.8
FILLER_24_153, 78.02, 78.88, 1.8
FILLER_25_153, 78.02, 78.88, 1.8
FILLER_25_169, 78.02, 78.88, 1.8
FILLER_26_167, 78.02, 78.88, 1.8
cbx_1__0_.cbx_8__0_.mux_top_ipin_0.mux_l1_in_1_, 78.02, 78.88, 1.8
cbx_1__0_.cbx_8__0_.mux_top_ipin_0.mux_l1_in_2_, 78.02, 78.88, 1.8
cbx_1__0_.cbx_8__0_.mux_top_ipin_3.mux_l1_in_2_, 78.02, 78.88, 1.8
ANTENNA_37, 90.52, 78.88, 1.8
FILLER_24_179, 90.52, 78.88, 1.8
FILLER_25_186, 90.52, 78.88, 1.8
sb_1__0_.mem_left_track_7.sky130_fd_sc_hd__dfrtp_1_0_, 90.52, 78.88, 1.8
sb_1__0_.mux_left_track_5.mux_l3_in_0_, 90.52, 78.88, 1.8
FILLER_25_217, 103.02, 78.88, 1.8
sb_1__0_.mem_left_track_11.sky130_fd_sc_hd__dfrtp_1_1_, 103.02, 78.88, 1.8
sb_1__0_.mux_left_track_7.mux_l3_in_0_, 103.02, 78.88, 1.8
ANTENNA_40, 128.02, 78.88, 1.8
FILLER_24_253, 128.02, 78.88, 1.8
FILLER_24_265, 128.02, 78.88, 1.8
FILLER_25_270, 128.02, 78.88, 1.8
FILLER_25_276, 128.02, 78.88, 1.8
sb_1__0_.mux_left_track_7.mux_l1_in_1_, 128.02, 78.88, 1.8
ANTENNA_34, 140.52, 78.88, 1.8
FILLER_25_292, 140.52, 78.88, 1.8
FILLER_26_298, 140.52, 78.88, 1.8
sb_1__0_.mem_right_track_0.sky130_fd_sc_hd__dfrtp_1_1_, 140.52, 78.88, 1.8
sb_1__0_.mux_top_track_24.mux_l1_in_0_, 140.52, 78.88, 1.8
sb_1__0_.mux_top_track_26.mux_l1_in_0_, 140.52, 78.88, 1.8
FILLER_24_309, 153.02, 78.88, 1.8
FILLER_24_315, 153.02, 78.88, 1.8
FILLER_25_318, 153.02, 78.88, 1.8
FILLER_25_330, 153.02, 78.88, 1.8
FILLER_26_333, 153.02, 78.88, 1.8
sb_1__0_.mem_right_track_0.sky130_fd_sc_hd__dfrtp_1_2_, 153.02, 78.88, 1.8
sb_1__0_.mux_right_track_0.mux_l2_in_1__217, 153.02, 78.88, 1.8
sb_1__0_.mux_right_track_20.mux_l2_in_0_, 153.02, 78.88, 1.8
sb_1__0_.mux_top_track_10.mux_l2_in_1_, 153.02, 78.88, 1.8
FILLER_26_378, 178.02, 78.88, 1.8
sb_1__0_.mem_right_track_2.sky130_fd_sc_hd__dfrtp_1_2_, 178.02, 78.88, 1.8
sb_1__0_.mem_right_track_4.sky130_fd_sc_hd__dfrtp_1_0_, 178.02, 78.88, 1.8
sb_1__0_.mux_right_track_4.mux_l2_in_0_, 178.02, 78.88, 1.8
FILLER_24_394, 190.52, 78.88, 1.8
FILLER_25_393, 190.52, 78.88, 1.8
sb_1__0_.mem_top_track_16.sky130_fd_sc_hd__dfrtp_1_0_, 190.52, 78.88, 1.8
sb_1__0_.mem_top_track_16.sky130_fd_sc_hd__dfrtp_1_2_, 190.52, 78.88, 1.8
sb_1__0_.mux_top_track_14.mux_l2_in_1__231, 190.52, 78.88, 1.8
FILLER_25_423, 203.02, 78.88, 1.8
FILLER_25_437, 203.02, 78.88, 1.8
sb_1__0_.mem_top_track_16.sky130_fd_sc_hd__dfrtp_1_1_, 203.02, 78.88, 1.8
sb_1__0_.mux_top_track_16.mux_l2_in_0_, 203.02, 78.88, 1.8
FILLER_25_497, 238.053, 78.88, 1.8
FILLER_25_517, 238.053, 78.88, 1.8
FILLER_26_513, 238.053, 78.88, 1.8
PHY_44, 5.52, 73.44, 1.8
PHY_46, 5.52, 73.44, 1.8
output136, 5.52, 73.44, 1.8
output137, 5.52, 73.44, 1.8
PHY_45, 249.32, 73.44, 1.8
PHY_47, 249.32, 73.44, 1.8
input55, 249.32, 73.44, 1.8
input56, 249.32, 73.44, 1.8
FILLER_23_45, 28.02, 73.44, 1.8
FILLER_23_53, 28.02, 73.44, 1.8
FILLER_24_53, 28.02, 73.44, 1.8
_107_, 28.02, 73.44, 1.8
FILLER_23_81, 40.52, 73.44, 1.8
FILLER_22_103, 53.02, 73.44, 1.8
FILLER_22_95, 53.02, 73.44, 1.8
FILLER_23_113, 53.02, 73.44, 1.8
FILLER_23_99, 53.02, 73.44, 1.8
_106_, 53.02, 73.44, 1.8
_108_, 53.02, 73.44, 1.8
_109_, 53.02, 73.44, 1.8
cbx_1__0_.cbx_8__0_.mem_top_ipin_3.sky130_fd_sc_hd__dfrtp_1_2_, 53.02, 73.44, 1.8
cbx_1__0_.cbx_8__0_.mux_top_ipin_2.mux_l2_in_0_, 53.02, 73.44, 1.8
FILLER_23_153, 78.02, 73.44, 1.8
FILLER_24_166, 78.02, 73.44, 1.8
cbx_1__0_.cbx_8__0_.mux_top_ipin_1.mux_l1_in_3_, 78.02, 73.44, 1.8
cbx_1__0_.cbx_8__0_.mux_top_ipin_2.mux_l1_in_3_, 78.02, 73.44, 1.8
cbx_1__0_.cbx_8__0_.mux_top_ipin_3.mux_l2_in_1_, 78.02, 73.44, 1.8
sb_1__0_.mux_top_track_42.mux_l1_in_0_, 78.02, 73.44, 1.8
ANTENNA_19, 90.52, 73.44, 1.8
ANTENNA_9, 90.52, 73.44, 1.8
FILLER_22_175, 90.52, 73.44, 1.8
FILLER_22_181, 90.52, 73.44, 1.8
FILLER_23_180, 90.52, 73.44, 1.8
FILLER_23_196, 90.52, 73.44, 1.8
FILLER_24_185, 90.52, 73.44, 1.8
FILLER_24_191, 90.52, 73.44, 1.8
FILLER_24_197, 90.52, 73.44, 1.8
cbx_1__0_.cbx_8__0_.mux_top_ipin_3.mux_l1_in_3_, 90.52, 73.44, 1.8
sb_1__0_.mux_left_track_37.sky130_fd_sc_hd__buf_4_0_, 90.52, 73.44, 1.8
FILLER_22_209, 103.02, 73.44, 1.8
FILLER_23_209, 103.02, 73.44, 1.8
FILLER_24_213, 103.02, 73.44, 1.8
cbx_1__0_.cbx_8__0_.mux_top_ipin_0.mux_l1_in_3_, 103.02, 73.44, 1.8
cbx_1__0_.cbx_8__0_.mux_top_ipin_1.mux_l1_in_2_, 103.02, 73.44, 1.8
sb_1__0_.mux_left_track_11.mux_l2_in_1_, 103.02, 73.44, 1.8
sb_1__0_.mux_left_track_13.mux_l1_in_2_, 103.02, 73.44, 1.8
ANTENNA_25, 128.02, 73.44, 1.8
FILLER_22_253, 128.02, 73.44, 1.8
FILLER_23_270, 128.02, 73.44, 1.8
FILLER_23_276, 128.02, 73.44, 1.8
FILLER_24_278, 128.02, 73.44, 1.8
sb_1__0_.mem_top_track_20.sky130_fd_sc_hd__dfrtp_1_1_, 128.02, 73.44, 1.8
sb_1__0_.mux_left_track_37.mux_l2_in_1_, 128.02, 73.44, 1.8
sb_1__0_.mux_top_track_20.mux_l1_in_1__235, 128.02, 73.44, 1.8
sb_1__0_.mux_top_track_22.mux_l1_in_0_, 128.02, 73.44, 1.8
ANTENNA_31, 140.52, 73.44, 1.8
FILLER_22_280, 140.52, 73.44, 1.8
FILLER_22_286, 140.52, 73.44, 1.8
FILLER_23_292, 140.52, 73.44, 1.8
FILLER_23_305, 140.52, 73.44, 1.8
FILLER_24_295, 140.52, 73.44, 1.8
sb_1__0_.mux_right_track_0.mux_l1_in_2_, 140.52, 73.44, 1.8
sb_1__0_.mux_right_track_2.mux_l1_in_2_, 140.52, 73.44, 1.8
sb_1__0_.mux_top_track_10.mux_l2_in_1__229, 140.52, 73.44, 1.8
sb_1__0_.mux_top_track_36.mux_l1_in_0_, 140.52, 73.44, 1.8
ANTENNA_12, 153.02, 73.44, 1.8
FILLER_22_320, 153.02, 73.44, 1.8
FILLER_23_320, 153.02, 73.44, 1.8
sb_1__0_.mux_right_track_0.mux_l2_in_1_, 153.02, 73.44, 1.8
sb_1__0_.mux_right_track_28.mux_l1_in_1_, 153.02, 73.44, 1.8
sb_1__0_.mux_top_track_18.mux_l3_in_0_, 153.02, 73.44, 1.8
FILLER_23_374, 178.02, 73.44, 1.8
FILLER_23_387, 178.02, 73.44, 1.8
FILLER_24_387, 178.02, 73.44, 1.8
sb_1__0_.mem_right_track_4.sky130_fd_sc_hd__dfrtp_1_1_, 178.02, 73.44, 1.8
sb_1__0_.mux_right_track_6.mux_l2_in_0_, 178.02, 73.44, 1.8
sb_1__0_.mux_top_track_14.mux_l2_in_1_, 178.02, 73.44, 1.8
FILLER_23_415, 190.52, 73.44, 1.8
sb_1__0_.mem_top_track_18.sky130_fd_sc_hd__dfrtp_1_0_, 190.52, 73.44, 1.8
sb_1__0_.mem_top_track_18.sky130_fd_sc_hd__dfrtp_1_1_, 190.52, 73.44, 1.8
FILLER_23_428, 203.02, 73.44, 1.8
sb_1__0_.mux_right_track_2.sky130_fd_sc_hd__buf_4_0_, 203.02, 73.44, 1.8
sb_1__0_.mux_top_track_18.mux_l2_in_0_, 203.02, 73.44, 1.8
FILLER_22_469, 226.786, 73.44, 1.8
FILLER_23_497, 238.053, 73.44, 1.8
FILLER_23_517, 238.053, 73.44, 1.8
FILLER_24_513, 238.053, 73.44, 1.8
PHY_40, 5.52, 68, 1.8
PHY_42, 5.52, 68, 1.8
output124, 5.52, 68, 1.8
output135, 5.52, 68, 1.8
PHY_41, 249.32, 68, 1.8
PHY_43, 249.32, 68, 1.8
input44, 249.32, 68, 1.8
FILLER_21_53, 28.02, 68, 1.8
FILLER_22_77, 40.52, 68, 1.8
FILLER_22_85, 40.52, 68, 1.8
FILLER_20_97, 53.02, 68, 1.8
FILLER_22_112, 53.02, 68, 1.8
_105_, 53.02, 68, 1.8
cbx_1__0_.cbx_8__0_.mux_top_ipin_2.mux_l2_in_3_, 53.02, 68, 1.8
cbx_1__0_.cbx_8__0_.mux_top_ipin_2.mux_l2_in_3__256, 53.02, 68, 1.8
sb_1__0_.mux_top_track_40.mux_l2_in_0_, 53.02, 68, 1.8
FILLER_20_147, 78.02, 68, 1.8
FILLER_21_148, 78.02, 68, 1.8
FILLER_21_169, 78.02, 68, 1.8
cbx_1__0_.cbx_8__0_.mux_top_ipin_0.mux_l2_in_0_, 78.02, 68, 1.8
cbx_1__0_.cbx_8__0_.mux_top_ipin_1.mux_l2_in_1_, 78.02, 68, 1.8
cbx_1__0_.cbx_8__0_.mux_top_ipin_3.mux_l2_in_3_, 78.02, 68, 1.8
cbx_1__0_.cbx_8__0_.mux_top_ipin_3.mux_l2_in_3__257, 78.02, 68, 1.8
FILLER_21_183, 90.52, 68, 1.8
FILLER_21_196, 90.52, 68, 1.8
FILLER_22_197, 90.52, 68, 1.8
cbx_1__0_.cbx_8__0_.mux_top_ipin_0.mux_l2_in_1_, 90.52, 68, 1.8
cbx_1__0_.cbx_8__0_.mux_top_ipin_2.mux_l1_in_2_, 90.52, 68, 1.8
sb_1__0_.mux_left_track_5.mux_l2_in_1_, 90.52, 68, 1.8
ANTENNA_10, 103.02, 68, 1.8
ANTENNA_33, 103.02, 68, 1.8
FILLER_20_211, 103.02, 68, 1.8
sb_1__0_.mem_left_track_11.sky130_fd_sc_hd__dfrtp_1_0_, 103.02, 68, 1.8
sb_1__0_.mem_left_track_7.sky130_fd_sc_hd__dfrtp_1_2_, 103.02, 68, 1.8
FILLER_20_253, 128.02, 68, 1.8
FILLER_21_254, 128.02, 68, 1.8
sb_1__0_.mem_top_track_22.sky130_fd_sc_hd__dfrtp_1_0_, 128.02, 68, 1.8
sb_1__0_.mux_top_track_20.mux_l1_in_1_, 128.02, 68, 1.8
FILLER_21_303, 140.52, 68, 1.8
FILLER_22_299, 140.52, 68, 1.8
clkbuf_0_prog_clk, 140.52, 68, 1.8
sb_1__0_.mem_top_track_20.sky130_fd_sc_hd__dfrtp_1_0_, 140.52, 68, 1.8
FILLER_20_320, 153.02, 68, 1.8
FILLER_21_327, 153.02, 68, 1.8
FILLER_22_334, 153.02, 68, 1.8
sb_1__0_.mux_right_track_28.mux_l2_in_0_, 153.02, 68, 1.8
sb_1__0_.mux_right_track_36.mux_l1_in_1_, 153.02, 68, 1.8
sb_1__0_.mux_right_track_4.mux_l2_in_1__224, 153.02, 68, 1.8
FILLER_21_372, 178.02, 68, 1.8
FILLER_21_385, 178.02, 68, 1.8
FILLER_22_387, 178.02, 68, 1.8
sb_1__0_.mux_right_track_10.mux_l2_in_0_, 178.02, 68, 1.8
sb_1__0_.mux_right_track_4.mux_l2_in_1_, 178.02, 68, 1.8
sb_1__0_.mux_top_track_16.mux_l2_in_1_, 178.02, 68, 1.8
FILLER_21_404, 190.52, 68, 1.8
FILLER_22_411, 190.52, 68, 1.8
sb_1__0_.mux_right_track_0.sky130_fd_sc_hd__buf_4_0_, 190.52, 68, 1.8
sb_1__0_.mux_right_track_4.mux_l3_in_0_, 190.52, 68, 1.8
sb_1__0_.mux_top_track_16.mux_l2_in_1__232, 190.52, 68, 1.8
FILLER_21_473, 226.786, 68, 1.8
FILLER_21_480, 226.786, 68, 1.8
_162_, 226.786, 68, 1.8
_163_, 226.786, 68, 1.8
FILLER_20_501, 238.053, 68, 1.8
FILLER_21_499, 238.053, 68, 1.8
FILLER_21_505, 238.053, 68, 1.8
FILLER_21_517, 238.053, 68, 1.8
FILLER_22_513, 238.053, 68, 1.8
input33, 238.053, 68, 1.8
FILLER_19_9, 5.52, 62.56, 1.8
PHY_36, 5.52, 62.56, 1.8
PHY_38, 5.52, 62.56, 1.8
input23, 5.52, 62.56, 1.8
output113, 5.52, 62.56, 1.8
PHY_37, 249.32, 62.56, 1.8
PHY_39, 249.32, 62.56, 1.8
FILLER_19_46, 28.02, 62.56, 1.8
FILLER_20_77, 40.52, 62.56, 1.8
FILLER_18_97, 53.02, 62.56, 1.8
FILLER_19_105, 53.02, 62.56, 1.8
cbx_1__0_.cbx_8__0_.mem_top_ipin_2.sky130_fd_sc_hd__dfrtp_1_1_, 53.02, 62.56, 1.8
cbx_1__0_.cbx_8__0_.mem_top_ipin_2.sky130_fd_sc_hd__dfrtp_1_2_, 53.02, 62.56, 1.8
cbx_1__0_.cbx_8__0_.mux_top_ipin_2.mux_l3_in_0_, 53.02, 62.56, 1.8
FILLER_19_149, 78.02, 62.56, 1.8
FILLER_19_169, 78.02, 62.56, 1.8
FILLER_20_162, 78.02, 62.56, 1.8
cbx_1__0_.cbx_8__0_.mem_top_ipin_0.sky130_fd_sc_hd__dfrtp_1_1_, 78.02, 62.56, 1.8
cbx_1__0_.cbx_8__0_.mux_top_ipin_0.mux_l1_in_4_, 78.02, 62.56, 1.8
FILLER_18_178, 90.52, 62.56, 1.8
FILLER_19_178, 90.52, 62.56, 1.8
FILLER_20_187, 90.52, 62.56, 1.8
clkbuf_4_0_0_prog_clk, 90.52, 62.56, 1.8
clkbuf_4_1_0_prog_clk, 90.52, 62.56, 1.8
sb_1__0_.mux_left_track_7.mux_l2_in_1__216, 90.52, 62.56, 1.8
sb_1__0_.mux_top_track_30.mux_l2_in_0__240, 90.52, 62.56, 1.8
sb_1__0_.mux_top_track_34.mux_l2_in_0_, 90.52, 62.56, 1.8
FILLER_18_208, 103.02, 62.56, 1.8
FILLER_20_224, 103.02, 62.56, 1.8
sb_1__0_.mux_left_track_11.mux_l1_in_2_, 103.02, 62.56, 1.8
sb_1__0_.mux_left_track_7.mux_l2_in_1_, 103.02, 62.56, 1.8
sb_1__0_.mux_top_track_30.mux_l2_in_0_, 103.02, 62.56, 1.8
sb_1__0_.mux_top_track_36.mux_l2_in_0_, 103.02, 62.56, 1.8
FILLER_19_269, 128.02, 62.56, 1.8
FILLER_19_277, 128.02, 62.56, 1.8
FILLER_20_267, 128.02, 62.56, 1.8
FILLER_20_274, 128.02, 62.56, 1.8
sb_1__0_.mem_left_track_1.sky130_fd_sc_hd__dfrtp_1_0_, 128.02, 62.56, 1.8
sb_1__0_.mem_top_track_24.sky130_fd_sc_hd__dfrtp_1_0_, 128.02, 62.56, 1.8
sb_1__0_.mux_left_track_1.mux_l1_in_3__258, 128.02, 62.56, 1.8
FILLER_18_290, 140.52, 62.56, 1.8
FILLER_19_281, 140.52, 62.56, 1.8
FILLER_19_288, 140.52, 62.56, 1.8
FILLER_20_302, 140.52, 62.56, 1.8
sb_1__0_.mem_right_track_20.sky130_fd_sc_hd__dfrtp_1_1_, 140.52, 62.56, 1.8
sb_1__0_.mux_right_track_20.mux_l2_in_1__221, 140.52, 62.56, 1.8
sb_1__0_.mux_right_track_52.mux_l1_in_1_, 140.52, 62.56, 1.8
FILLER_19_312, 153.02, 62.56, 1.8
FILLER_19_325, 153.02, 62.56, 1.8
FILLER_19_332, 153.02, 62.56, 1.8
sb_1__0_.mem_right_track_20.sky130_fd_sc_hd__dfrtp_1_0_, 153.02, 62.56, 1.8
sb_1__0_.mem_right_track_20.sky130_fd_sc_hd__dfrtp_1_2_, 153.02, 62.56, 1.8
sb_1__0_.mux_right_track_20.mux_l2_in_1_, 153.02, 62.56, 1.8
sb_1__0_.mux_top_track_18.mux_l2_in_1__233, 153.02, 62.56, 1.8
FILLER_19_374, 178.02, 62.56, 1.8
FILLER_19_387, 178.02, 62.56, 1.8
FILLER_20_376, 178.02, 62.56, 1.8
clkbuf_4_11_0_prog_clk, 178.02, 62.56, 1.8
sb_1__0_.mem_right_track_4.sky130_fd_sc_hd__dfrtp_1_2_, 178.02, 62.56, 1.8
sb_1__0_.mem_right_track_6.sky130_fd_sc_hd__dfrtp_1_1_, 178.02, 62.56, 1.8
sb_1__0_.mux_right_track_12.mux_l3_in_0_, 178.02, 62.56, 1.8
ANTENNA_11, 190.52, 62.56, 1.8
FILLER_19_409, 190.52, 62.56, 1.8
FILLER_20_415, 190.52, 62.56, 1.8
sb_1__0_.mem_right_track_6.sky130_fd_sc_hd__dfrtp_1_0_, 190.52, 62.56, 1.8
ANTENNA_28, 203.02, 62.56, 1.8
FILLER_18_428, 203.02, 62.56, 1.8
FILLER_19_418, 203.02, 62.56, 1.8
FILLER_19_438, 203.02, 62.56, 1.8
FILLER_20_433, 203.02, 62.56, 1.8
_156_, 203.02, 62.56, 1.8
_159_, 203.02, 62.56, 1.8
sb_1__0_.mux_right_track_12.sky130_fd_sc_hd__buf_4_0_, 203.02, 62.56, 1.8
sb_1__0_.mux_right_track_4.sky130_fd_sc_hd__buf_4_0_, 203.02, 62.56, 1.8
FILLER_18_477, 226.786, 62.56, 1.8
_161_, 226.786, 62.56, 1.8
FILLER_18_502, 238.053, 62.56, 1.8
FILLER_19_505, 238.053, 62.56, 1.8
output163, 238.053, 62.56, 1.8
output164, 238.053, 62.56, 1.8
FILLER_17_9, 5.52, 57.12, 1.8
PHY_32, 5.52, 57.12, 1.8
PHY_34, 5.52, 57.12, 1.8
input20, 5.52, 57.12, 1.8
input21, 5.52, 57.12, 1.8
PHY_33, 249.32, 57.12, 1.8
PHY_35, 249.32, 57.12, 1.8
FILLER_17_52, 28.02, 57.12, 1.8
FILLER_18_77, 40.52, 57.12, 1.8
FILLER_16_97, 53.02, 57.12, 1.8
FILLER_17_105, 53.02, 57.12, 1.8
FILLER_17_113, 53.02, 57.12, 1.8
FILLER_16_153, 78.02, 57.12, 1.8
FILLER_17_161, 78.02, 57.12, 1.8
FILLER_18_164, 78.02, 57.12, 1.8
cbx_1__0_.cbx_8__0_.mux_top_ipin_0.mux_l3_in_0_, 78.02, 57.12, 1.8
cbx_1__0_.cbx_8__0_.mux_top_ipin_2.mux_l1_in_4_, 78.02, 57.12, 1.8
cbx_1__0_.cbx_8__0_.mux_top_ipin_3.mux_l1_in_4_, 78.02, 57.12, 1.8
sb_1__0_.mem_top_track_40.sky130_fd_sc_hd__dfrtp_1_0_, 78.02, 57.12, 1.8
FILLER_16_179, 90.52, 57.12, 1.8
FILLER_17_191, 90.52, 57.12, 1.8
FILLER_18_193, 90.52, 57.12, 1.8
cbx_1__0_.cbx_8__0_.mux_top_ipin_1.mux_l1_in_4_, 90.52, 57.12, 1.8
FILLER_16_206, 103.02, 57.12, 1.8
FILLER_17_209, 103.02, 57.12, 1.8
FILLER_17_225, 103.02, 57.12, 1.8
FILLER_18_223, 103.02, 57.12, 1.8
sb_1__0_.mem_top_track_36.sky130_fd_sc_hd__dfrtp_1_1_, 103.02, 57.12, 1.8
sb_1__0_.mux_left_track_11.mux_l1_in_3_, 103.02, 57.12, 1.8
sb_1__0_.mux_left_track_7.mux_l1_in_2_, 103.02, 57.12, 1.8
sb_1__0_.mux_top_track_28.mux_l2_in_0_, 103.02, 57.12, 1.8
sb_1__0_.mux_top_track_28.mux_l2_in_0__239, 103.02, 57.12, 1.8
FILLER_17_268, 128.02, 57.12, 1.8
FILLER_18_275, 128.02, 57.12, 1.8
sb_1__0_.mem_top_track_26.sky130_fd_sc_hd__dfrtp_1_0_, 128.02, 57.12, 1.8
sb_1__0_.mux_right_track_52.mux_l1_in_1__226, 128.02, 57.12, 1.8
FILLER_17_292, 140.52, 57.12, 1.8
clkbuf_4_9_0_prog_clk, 140.52, 57.12, 1.8
sb_1__0_.mem_right_track_28.sky130_fd_sc_hd__dfrtp_1_0_, 140.52, 57.12, 1.8
sb_1__0_.mem_right_track_52.sky130_fd_sc_hd__dfrtp_1_1_, 140.52, 57.12, 1.8
sb_1__0_.mux_right_track_20.mux_l1_in_2_, 140.52, 57.12, 1.8
FILLER_16_320, 153.02, 57.12, 1.8
FILLER_17_318, 153.02, 57.12, 1.8
FILLER_17_331, 153.02, 57.12, 1.8
FILLER_18_331, 153.02, 57.12, 1.8
sb_1__0_.mux_right_track_4.mux_l1_in_2_, 153.02, 57.12, 1.8
sb_1__0_.mux_right_track_52.mux_l2_in_0_, 153.02, 57.12, 1.8
FILLER_17_366, 178.02, 57.12, 1.8
FILLER_18_387, 178.02, 57.12, 1.8
sb_1__0_.mem_right_track_6.sky130_fd_sc_hd__dfrtp_1_2_, 178.02, 57.12, 1.8
FILLER_16_400, 190.52, 57.12, 1.8
FILLER_17_411, 190.52, 57.12, 1.8
_155_, 190.52, 57.12, 1.8
sb_1__0_.mux_right_track_6.mux_l2_in_1_, 190.52, 57.12, 1.8
sb_1__0_.mux_right_track_6.mux_l3_in_0_, 190.52, 57.12, 1.8
FILLER_16_427, 203.02, 57.12, 1.8
_154_, 203.02, 57.12, 1.8
sb_1__0_.mux_right_track_6.sky130_fd_sc_hd__buf_4_0_, 203.02, 57.12, 1.8
FILLER_16_470, 226.786, 57.12, 1.8
FILLER_16_477, 226.786, 57.12, 1.8
FILLER_17_473, 226.786, 57.12, 1.8
FILLER_17_493, 226.786, 57.12, 1.8
_157_, 226.786, 57.12, 1.8
_160_, 226.786, 57.12, 1.8
FILLER_16_499, 238.053, 57.12, 1.8
FILLER_17_501, 238.053, 57.12, 1.8
FILLER_17_505, 238.053, 57.12, 1.8
output161, 238.053, 57.12, 1.8
output162, 238.053, 57.12, 1.8
FILLER_15_9, 5.52, 51.68, 1.8
PHY_28, 5.52, 51.68, 1.8
PHY_30, 5.52, 51.68, 1.8
input17, 5.52, 51.68, 1.8
input18, 5.52, 51.68, 1.8
PHY_29, 249.32, 51.68, 1.8
PHY_31, 249.32, 51.68, 1.8
FILLER_15_53, 28.02, 51.68, 1.8
FILLER_16_77, 40.52, 51.68, 1.8
FILLER_15_105, 53.02, 51.68, 1.8
cbx_1__0_.cbx_8__0_.mem_top_ipin_2.sky130_fd_sc_hd__dfrtp_1_3_, 53.02, 51.68, 1.8
FILLER_15_153, 78.02, 51.68, 1.8
FILLER_15_169, 78.02, 51.68, 1.8
FILLER_16_166, 78.02, 51.68, 1.8
cbx_1__0_.cbx_8__0_.mux_top_ipin_1.mux_l4_in_0_, 78.02, 51.68, 1.8
sb_1__0_.mux_top_track_32.mux_l2_in_0_, 78.02, 51.68, 1.8
FILLER_14_177, 90.52, 51.68, 1.8
FILLER_15_177, 90.52, 51.68, 1.8
FILLER_15_190, 90.52, 51.68, 1.8
FILLER_16_192, 90.52, 51.68, 1.8
FILLER_16_197, 90.52, 51.68, 1.8
cbx_1__0_.cbx_8__0_.mux_top_ipin_0.mux_l3_in_1_, 90.52, 51.68, 1.8
cbx_1__0_.cbx_8__0_.mux_top_ipin_1.mux_l2_in_3_, 90.52, 51.68, 1.8
sb_1__0_.mux_top_track_32.mux_l1_in_0_, 90.52, 51.68, 1.8
sb_1__0_.mux_top_track_32.mux_l2_in_0__241, 90.52, 51.68, 1.8
FILLER_14_203, 103.02, 51.68, 1.8
FILLER_15_203, 103.02, 51.68, 1.8
FILLER_15_216, 103.02, 51.68, 1.8
cbx_1__0_.cbx_8__0_.mux_top_ipin_0.mux_l2_in_3_, 103.02, 51.68, 1.8
sb_1__0_.mem_top_track_34.sky130_fd_sc_hd__dfrtp_1_1_, 103.02, 51.68, 1.8
sb_1__0_.mux_top_track_34.mux_l2_in_0__242, 103.02, 51.68, 1.8
FILLER_15_260, 128.02, 51.68, 1.8
FILLER_16_275, 128.02, 51.68, 1.8
sb_1__0_.mem_top_track_26.sky130_fd_sc_hd__dfrtp_1_1_, 128.02, 51.68, 1.8
sb_1__0_.mux_top_track_26.mux_l1_in_1__238, 128.02, 51.68, 1.8
ANTENNA_27, 140.52, 51.68, 1.8
FILLER_15_292, 140.52, 51.68, 1.8
FILLER_15_298, 140.52, 51.68, 1.8
FILLER_16_300, 140.52, 51.68, 1.8
clkbuf_4_8_0_prog_clk, 140.52, 51.68, 1.8
sb_1__0_.mem_right_track_28.sky130_fd_sc_hd__dfrtp_1_1_, 140.52, 51.68, 1.8
sb_1__0_.mux_right_track_12.mux_l1_in_2_, 140.52, 51.68, 1.8
FILLER_14_314, 153.02, 51.68, 1.8
FILLER_15_312, 153.02, 51.68, 1.8
FILLER_15_325, 153.02, 51.68, 1.8
FILLER_15_332, 153.02, 51.68, 1.8
sb_1__0_.mem_right_track_36.sky130_fd_sc_hd__dfrtp_1_0_, 153.02, 51.68, 1.8
sb_1__0_.mem_right_track_36.sky130_fd_sc_hd__dfrtp_1_1_, 153.02, 51.68, 1.8
sb_1__0_.mux_right_track_12.mux_l2_in_1__219, 153.02, 51.68, 1.8
sb_1__0_.mux_right_track_28.mux_l2_in_1_, 153.02, 51.68, 1.8
sb_1__0_.mux_right_track_36.mux_l2_in_1__223, 153.02, 51.68, 1.8
FILLER_15_376, 178.02, 51.68, 1.8
sb_1__0_.mem_right_track_10.sky130_fd_sc_hd__dfrtp_1_0_, 178.02, 51.68, 1.8
sb_1__0_.mem_right_track_10.sky130_fd_sc_hd__dfrtp_1_2_, 178.02, 51.68, 1.8
sb_1__0_.mux_right_track_6.mux_l1_in_2_, 178.02, 51.68, 1.8
FILLER_15_389, 190.52, 51.68, 1.8
sb_1__0_.mux_right_track_10.mux_l2_in_1_, 190.52, 51.68, 1.8
sb_1__0_.mux_right_track_10.mux_l3_in_0_, 190.52, 51.68, 1.8
sb_1__0_.mux_right_track_20.sky130_fd_sc_hd__buf_4_0_, 190.52, 51.68, 1.8
FILLER_15_416, 203.02, 51.68, 1.8
_150_, 203.02, 51.68, 1.8
_152_, 203.02, 51.68, 1.8
sb_1__0_.mux_right_track_10.sky130_fd_sc_hd__buf_4_0_, 203.02, 51.68, 1.8
FILLER_14_473, 226.786, 51.68, 1.8
_153_, 226.786, 51.68, 1.8
_158_, 226.786, 51.68, 1.8
FILLER_14_505, 238.053, 51.68, 1.8
FILLER_15_497, 238.053, 51.68, 1.8
FILLER_15_505, 238.053, 51.68, 1.8
output159, 238.053, 51.68, 1.8
output160, 238.053, 51.68, 1.8
PHY_24, 5.52, 46.24, 1.8
PHY_26, 5.52, 46.24, 1.8
input13, 5.52, 46.24, 1.8
input15, 5.52, 46.24, 1.8
PHY_25, 249.32, 46.24, 1.8
PHY_27, 249.32, 46.24, 1.8
FILLER_13_45, 28.02, 46.24, 1.8
FILLER_13_53, 28.02, 46.24, 1.8
FILLER_14_77, 40.52, 46.24, 1.8
FILLER_13_105, 53.02, 46.24, 1.8
FILLER_13_113, 53.02, 46.24, 1.8
FILLER_14_109, 53.02, 46.24, 1.8
cbx_1__0_.cbx_8__0_.mux_top_ipin_2.mux_l3_in_1_, 53.02, 46.24, 1.8
FILLER_14_163, 78.02, 46.24, 1.8
cbx_1__0_.cbx_8__0_.mem_top_ipin_1.sky130_fd_sc_hd__dfrtp_1_0_, 78.02, 46.24, 1.8
cbx_1__0_.cbx_8__0_.mux_top_ipin_0.mux_l2_in_2_, 78.02, 46.24, 1.8
FILLER_13_194, 90.52, 46.24, 1.8
FILLER_14_190, 90.52, 46.24, 1.8
FILLER_14_197, 90.52, 46.24, 1.8
sb_1__0_.mem_top_track_34.sky130_fd_sc_hd__dfrtp_1_0_, 90.52, 46.24, 1.8
FILLER_13_218, 103.02, 46.24, 1.8
FILLER_13_225, 103.02, 46.24, 1.8
sb_1__0_.mem_top_track_32.sky130_fd_sc_hd__dfrtp_1_1_, 103.02, 46.24, 1.8
FILLER_13_276, 128.02, 46.24, 1.8
FILLER_14_275, 128.02, 46.24, 1.8
sb_1__0_.mux_right_track_28.mux_l1_in_2_, 128.02, 46.24, 1.8
sb_1__0_.mux_top_track_28.mux_l1_in_0_, 128.02, 46.24, 1.8
ANTENNA_8, 140.52, 46.24, 1.8
FILLER_12_290, 140.52, 46.24, 1.8
FILLER_13_281, 140.52, 46.24, 1.8
FILLER_13_307, 140.52, 46.24, 1.8
FILLER_14_301, 140.52, 46.24, 1.8
sb_1__0_.mem_right_track_52.sky130_fd_sc_hd__dfrtp_1_0_, 140.52, 46.24, 1.8
FILLER_12_314, 153.02, 46.24, 1.8
FILLER_13_331, 153.02, 46.24, 1.8
sb_1__0_.mem_right_track_44.sky130_fd_sc_hd__dfrtp_1_1_, 153.02, 46.24, 1.8
sb_1__0_.mux_right_track_44.mux_l1_in_1__225, 153.02, 46.24, 1.8
FILLER_13_388, 178.02, 46.24, 1.8
FILLER_14_387, 178.02, 46.24, 1.8
sb_1__0_.mux_right_track_36.mux_l3_in_0_, 178.02, 46.24, 1.8
FILLER_12_389, 190.52, 46.24, 1.8
FILLER_14_404, 190.52, 46.24, 1.8
FILLER_14_412, 190.52, 46.24, 1.8
_151_, 190.52, 46.24, 1.8
sb_1__0_.mux_right_track_28.sky130_fd_sc_hd__buf_4_0_, 190.52, 46.24, 1.8
FILLER_13_441, 203.02, 46.24, 1.8
FILLER_12_469, 226.786, 46.24, 1.8
output155, 226.786, 46.24, 1.8
FILLER_12_501, 238.053, 46.24, 1.8
FILLER_13_497, 238.053, 46.24, 1.8
FILLER_13_505, 238.053, 46.24, 1.8
output157, 238.053, 46.24, 1.8
output158, 238.053, 46.24, 1.8
FILLER_12_9, 5.52, 40.8, 1.8
PHY_20, 5.52, 40.8, 1.8
PHY_22, 5.52, 40.8, 1.8
input10, 5.52, 40.8, 1.8
input12, 5.52, 40.8, 1.8
PHY_21, 249.32, 40.8, 1.8
PHY_23, 249.32, 40.8, 1.8
FILLER_11_51, 28.02, 40.8, 1.8
FILLER_12_77, 40.52, 40.8, 1.8
FILLER_11_105, 53.02, 40.8, 1.8
FILLER_10_153, 78.02, 40.8, 1.8
cbx_1__0_.cbx_8__0_.mem_top_ipin_0.sky130_fd_sc_hd__dfrtp_1_2_, 78.02, 40.8, 1.8
cbx_1__0_.cbx_8__0_.mem_top_ipin_0.sky130_fd_sc_hd__dfrtp_1_3_, 78.02, 40.8, 1.8
FILLER_10_173, 90.52, 40.8, 1.8
FILLER_11_191, 90.52, 40.8, 1.8
FILLER_11_198, 90.52, 40.8, 1.8
FILLER_12_185, 90.52, 40.8, 1.8
cbx_1__0_.cbx_8__0_.mux_top_ipin_0.mux_l2_in_3__254, 90.52, 40.8, 1.8
cbx_1__0_.cbx_8__0_.mux_top_ipin_0.mux_l4_in_0_, 90.52, 40.8, 1.8
cbx_1__0_.cbx_8__0_.mux_top_ipin_1.mux_l2_in_3__255, 90.52, 40.8, 1.8
FILLER_12_219, 103.02, 40.8, 1.8
sb_1__0_.mem_top_track_30.sky130_fd_sc_hd__dfrtp_1_1_, 103.02, 40.8, 1.8
sb_1__0_.mem_top_track_32.sky130_fd_sc_hd__dfrtp_1_0_, 103.02, 40.8, 1.8
sb_1__0_.mux_top_track_36.mux_l1_in_1__243, 103.02, 40.8, 1.8
FILLER_11_271, 128.02, 40.8, 1.8
FILLER_11_293, 140.52, 40.8, 1.8
FILLER_12_303, 140.52, 40.8, 1.8
sb_1__0_.mem_right_track_28.sky130_fd_sc_hd__dfrtp_1_2_, 140.52, 40.8, 1.8
sb_1__0_.mux_right_track_44.mux_l1_in_1_, 140.52, 40.8, 1.8
FILLER_10_314, 153.02, 40.8, 1.8
FILLER_11_321, 153.02, 40.8, 1.8
sb_1__0_.mem_right_track_44.sky130_fd_sc_hd__dfrtp_1_0_, 153.02, 40.8, 1.8
sb_1__0_.mux_right_track_10.mux_l1_in_3_, 153.02, 40.8, 1.8
sb_1__0_.mux_right_track_28.mux_l2_in_1__222, 153.02, 40.8, 1.8
sb_1__0_.mux_right_track_36.mux_l2_in_1_, 153.02, 40.8, 1.8
FILLER_11_383, 178.02, 40.8, 1.8
FILLER_12_376, 178.02, 40.8, 1.8
sb_1__0_.mux_right_track_52.sky130_fd_sc_hd__buf_4_0_, 178.02, 40.8, 1.8
FILLER_10_389, 190.52, 40.8, 1.8
FILLER_10_397, 190.52, 40.8, 1.8
FILLER_11_414, 190.52, 40.8, 1.8
_144_, 190.52, 40.8, 1.8
_148_, 190.52, 40.8, 1.8
sb_1__0_.mux_right_track_36.sky130_fd_sc_hd__buf_4_0_, 190.52, 40.8, 1.8
sb_1__0_.mux_right_track_44.sky130_fd_sc_hd__buf_4_0_, 190.52, 40.8, 1.8
FILLER_11_422, 203.02, 40.8, 1.8
FILLER_11_441, 203.02, 40.8, 1.8
_147_, 203.02, 40.8, 1.8
FILLER_10_469, 226.786, 40.8, 1.8
output150, 226.786, 40.8, 1.8
FILLER_10_501, 238.053, 40.8, 1.8
FILLER_11_505, 238.053, 40.8, 1.8
output153, 238.053, 40.8, 1.8
output156, 238.053, 40.8, 1.8
PHY_16, 5.52, 35.36, 1.8
PHY_18, 5.52, 35.36, 1.8
input8, 5.52, 35.36, 1.8
input9, 5.52, 35.36, 1.8
PHY_17, 249.32, 35.36, 1.8
PHY_19, 249.32, 35.36, 1.8
FILLER_9_45, 28.02, 35.36, 1.8
FILLER_9_53, 28.02, 35.36, 1.8
FILLER_10_77, 40.52, 35.36, 1.8
FILLER_9_105, 53.02, 35.36, 1.8
FILLER_9_161, 78.02, 35.36, 1.8
FILLER_9_169, 78.02, 35.36, 1.8
cbx_1__0_.cbx_8__0_.mux_top_ipin_2.sky130_fd_sc_hd__buf_4_0_, 78.02, 35.36, 1.8
FILLER_10_189, 90.52, 35.36, 1.8
FILLER_9_177, 90.52, 35.36, 1.8
cbx_1__0_.cbx_8__0_.mux_top_ipin_1.sky130_fd_sc_hd__buf_4_0_, 90.52, 35.36, 1.8
FILLER_10_219, 103.02, 35.36, 1.8
FILLER_9_219, 103.02, 35.36, 1.8
cbx_1__0_.cbx_8__0_.mux_top_ipin_0.sky130_fd_sc_hd__buf_4_0_, 103.02, 35.36, 1.8
FILLER_10_301, 140.52, 35.36, 1.8
ANTENNA_16, 153.02, 35.36, 1.8
FILLER_10_329, 153.02, 35.36, 1.8
FILLER_9_317, 153.02, 35.36, 1.8
FILLER_9_327, 153.02, 35.36, 1.8
sb_1__0_.mux_right_track_10.mux_l1_in_3__218, 153.02, 35.36, 1.8
FILLER_9_385, 178.02, 35.36, 1.8
FILLER_10_404, 190.52, 35.36, 1.8
FILLER_10_412, 190.52, 35.36, 1.8
FILLER_9_393, 190.52, 35.36, 1.8
FILLER_9_402, 190.52, 35.36, 1.8
_142_, 190.52, 35.36, 1.8
_143_, 190.52, 35.36, 1.8
_146_, 190.52, 35.36, 1.8
FILLER_8_469, 226.786, 35.36, 1.8
_145_, 226.786, 35.36, 1.8
FILLER_8_505, 238.053, 35.36, 1.8
FILLER_9_505, 238.053, 35.36, 1.8
output151, 238.053, 35.36, 1.8
output152, 238.053, 35.36, 1.8
FILLER_8_9, 5.52, 29.92, 1.8
PHY_12, 5.52, 29.92, 1.8
PHY_14, 5.52, 29.92, 1.8
input5, 5.52, 29.92, 1.8
input7, 5.52, 29.92, 1.8
PHY_13, 249.32, 29.92, 1.8
PHY_15, 249.32, 29.92, 1.8
FILLER_7_45, 28.02, 29.92, 1.8
FILLER_7_53, 28.02, 29.92, 1.8
FILLER_8_77, 40.52, 29.92, 1.8
FILLER_7_105, 53.02, 29.92, 1.8
FILLER_7_161, 78.02, 29.92, 1.8
FILLER_7_181, 90.52, 29.92, 1.8
FILLER_8_189, 90.52, 29.92, 1.8
FILLER_8_197, 90.52, 29.92, 1.8
cbx_1__0_.grid_io_bottom_bottom_8__0_.logical_tile_io_mode_io__3.logical_tile_io_mode_physical__iopad_0.io_0_.OUT_PROTECT_GATE, 90.52, 29.92, 1.8
FILLER_7_216, 103.02, 29.92, 1.8
FILLER_7_273, 128.02, 29.92, 1.8
FILLER_8_301, 140.52, 29.92, 1.8
FILLER_7_329, 153.02, 29.92, 1.8
FILLER_7_385, 178.02, 29.92, 1.8
FILLER_8_413, 190.52, 29.92, 1.8
_140_, 190.52, 29.92, 1.8
FILLER_7_493, 226.786, 29.92, 1.8
output146, 226.786, 29.92, 1.8
FILLER_6_501, 238.053, 29.92, 1.8
FILLER_7_501, 238.053, 29.92, 1.8
FILLER_7_505, 238.053, 29.92, 1.8
output148, 238.053, 29.92, 1.8
output149, 238.053, 29.92, 1.8
FILLER_6_9, 5.52, 24.48, 1.8
PHY_10, 5.52, 24.48, 1.8
PHY_8, 5.52, 24.48, 1.8
input31, 5.52, 24.48, 1.8
input4, 5.52, 24.48, 1.8
PHY_11, 249.32, 24.48, 1.8
PHY_9, 249.32, 24.48, 1.8
FILLER_5_51, 28.02, 24.48, 1.8
FILLER_6_77, 40.52, 24.48, 1.8
FILLER_5_105, 53.02, 24.48, 1.8
FILLER_5_161, 78.02, 24.48, 1.8
FILLER_6_189, 90.52, 24.48, 1.8
cbx_1__0_.grid_io_bottom_bottom_8__0_.logical_tile_io_mode_io__2.logical_tile_io_mode_physical__iopad_0.io_0_.OUT_PROTECT_GATE, 90.52, 24.48, 1.8
FILLER_5_214, 103.02, 24.48, 1.8
FILLER_5_225, 103.02, 24.48, 1.8
cbx_1__0_.grid_io_bottom_bottom_8__0_.logical_tile_io_mode_io__1.logical_tile_io_mode_physical__iopad_0.io_0_.OUT_PROTECT_GATE, 103.02, 24.48, 1.8
FILLER_4_253, 128.02, 24.48, 1.8
FILLER_5_273, 128.02, 24.48, 1.8
cbx_1__0_.grid_io_bottom_bottom_8__0_.logical_tile_io_mode_io__1.logical_tile_io_mode_physical__iopad_0.io_0_.IN_PROTECT_GATE, 128.02, 24.48, 1.8
FILLER_6_301, 140.52, 24.48, 1.8
FILLER_5_329, 153.02, 24.48, 1.8
FILLER_5_385, 178.02, 24.48, 1.8
FILLER_4_389, 190.52, 24.48, 1.8
FILLER_4_396, 190.52, 24.48, 1.8
FILLER_5_393, 190.52, 24.48, 1.8
FILLER_5_401, 190.52, 24.48, 1.8
FILLER_6_413, 190.52, 24.48, 1.8
_135_, 190.52, 24.48, 1.8
_136_, 190.52, 24.48, 1.8
_138_, 190.52, 24.48, 1.8
_139_, 190.52, 24.48, 1.8
FILLER_4_416, 203.02, 24.48, 1.8
FILLER_4_469, 226.786, 24.48, 1.8
output171, 226.786, 24.48, 1.8
FILLER_4_497, 238.053, 24.48, 1.8
FILLER_4_505, 238.053, 24.48, 1.8
FILLER_5_505, 238.053, 24.48, 1.8
input101, 238.053, 24.48, 1.8
output145, 238.053, 24.48, 1.8
output147, 238.053, 24.48, 1.8
FILLER_3_9, 5.52, 19.04, 1.8
PHY_4, 5.52, 19.04, 1.8
PHY_6, 5.52, 19.04, 1.8
input29, 5.52, 19.04, 1.8
input30, 5.52, 19.04, 1.8
PHY_5, 249.32, 19.04, 1.8
PHY_7, 249.32, 19.04, 1.8
FILLER_3_53, 28.02, 19.04, 1.8
FILLER_4_77, 40.52, 19.04, 1.8
FILLER_3_105, 53.02, 19.04, 1.8
FILLER_3_161, 78.02, 19.04, 1.8
FILLER_4_189, 90.52, 19.04, 1.8
FILLER_2_209, 103.02, 19.04, 1.8
FILLER_3_217, 103.02, 19.04, 1.8
FILLER_3_225, 103.02, 19.04, 1.8
FILLER_4_218, 103.02, 19.04, 1.8
FILLER_3_271, 128.02, 19.04, 1.8
cbx_1__0_.grid_io_bottom_bottom_8__0_.logical_tile_io_mode_io__3.logical_tile_io_mode_physical__iopad_0.io_0_.IN_PROTECT_GATE, 128.02, 19.04, 1.8
cbx_1__0_.grid_io_bottom_bottom_8__0_.logical_tile_io_mode_io__0.logical_tile_io_mode_physical__iopad_0.io_0_.IN_PROTECT_GATE, 140.52, 19.04, 1.8
FILLER_3_328, 153.02, 19.04, 1.8
FILLER_3_385, 178.02, 19.04, 1.8
FILLER_3_441, 203.02, 19.04, 1.8
FILLER_2_469, 226.786, 19.04, 1.8
FILLER_2_477, 226.786, 19.04, 1.8
FILLER_4_489, 226.786, 19.04, 1.8
input100, 226.786, 19.04, 1.8
input102, 226.786, 19.04, 1.8
output143, 226.786, 19.04, 1.8
FILLER_2_505, 238.053, 19.04, 1.8
FILLER_3_505, 238.053, 19.04, 1.8
output144, 238.053, 19.04, 1.8
output172, 238.053, 19.04, 1.8
FILLER_0_9, 5.52, 13.6, 1.8
PHY_0, 5.52, 13.6, 1.8
PHY_2, 5.52, 13.6, 1.8
input25, 5.52, 13.6, 1.8
input26, 5.52, 13.6, 1.8
input27, 5.52, 13.6, 1.8
PHY_1, 249.32, 13.6, 1.8
PHY_3, 249.32, 13.6, 1.8
FILLER_0_53, 28.02, 13.6, 1.8
FILLER_1_45, 28.02, 13.6, 1.8
FILLER_1_53, 28.02, 13.6, 1.8
FILLER_0_81, 40.52, 13.6, 1.8
FILLER_0_85, 40.52, 13.6, 1.8
FILLER_2_77, 40.52, 13.6, 1.8
FILLER_0_108, 53.02, 13.6, 1.8
FILLER_0_113, 53.02, 13.6, 1.8
FILLER_1_105, 53.02, 13.6, 1.8
input1, 53.02, 13.6, 1.8
output203, 53.02, 13.6, 1.8
FILLER_0_159, 78.02, 13.6, 1.8
FILLER_1_169, 78.02, 13.6, 1.8
_194_, 78.02, 13.6, 1.8
cbx_1__0_.grid_io_bottom_bottom_8__0_.logical_tile_io_mode_io__0.logical_tile_io_mode_physical__iopad_0.io_sky130_fd_sc_hd__dfrtp_1_mem.sky130_fd_sc_hd__dfrtp_1_0_, 78.02, 13.6, 1.8
output205, 78.02, 13.6, 1.8
FILLER_0_187, 90.52, 13.6, 1.8
FILLER_1_180, 90.52, 13.6, 1.8
_195_, 90.52, 13.6, 1.8
_196_, 90.52, 13.6, 1.8
output206, 90.52, 13.6, 1.8
FILLER_0_202, 103.02, 13.6, 1.8
FILLER_0_225, 103.02, 13.6, 1.8
FILLER_1_201, 103.02, 13.6, 1.8
FILLER_1_208, 103.02, 13.6, 1.8
FILLER_1_215, 103.02, 13.6, 1.8
FILLER_1_225, 103.02, 13.6, 1.8
_197_, 103.02, 13.6, 1.8
_198_, 103.02, 13.6, 1.8
_199_, 103.02, 13.6, 1.8
_200_, 103.02, 13.6, 1.8
cbx_1__0_.grid_io_bottom_bottom_8__0_.logical_tile_io_mode_io__1.logical_tile_io_mode_physical__iopad_0.io_sky130_fd_sc_hd__dfrtp_1_mem.sky130_fd_sc_hd__dfrtp_1_0_, 103.02, 13.6, 1.8
output207, 103.02, 13.6, 1.8
FILLER_0_271, 128.02, 13.6, 1.8
FILLER_1_270, 128.02, 13.6, 1.8
FILLER_1_277, 128.02, 13.6, 1.8
_201_, 128.02, 13.6, 1.8
output209, 128.02, 13.6, 1.8
FILLER_0_299, 140.52, 13.6, 1.8
FILLER_1_281, 140.52, 13.6, 1.8
FILLER_1_292, 140.52, 13.6, 1.8
FILLER_2_300, 140.52, 13.6, 1.8
cbx_1__0_.grid_io_bottom_bottom_8__0_.logical_tile_io_mode_io__3.logical_tile_io_mode_physical__iopad_0.io_0_.ISOL_EN_GATE, 140.52, 13.6, 1.8
cbx_1__0_.grid_io_bottom_bottom_8__0_.logical_tile_io_mode_io__3.logical_tile_io_mode_physical__iopad_0.io_sky130_fd_sc_hd__dfrtp_1_mem.sky130_fd_sc_hd__dfrtp_1_0_, 140.52, 13.6, 1.8
input93, 140.52, 13.6, 1.8
output210, 140.52, 13.6, 1.8
FILLER_0_326, 153.02, 13.6, 1.8
input94, 153.02, 13.6, 1.8
FILLER_0_365, 178.02, 13.6, 1.8
FILLER_0_384, 178.02, 13.6, 1.8
FILLER_1_385, 178.02, 13.6, 1.8
FILLER_2_377, 178.02, 13.6, 1.8
_134_, 178.02, 13.6, 1.8
input96, 178.02, 13.6, 1.8
FILLER_2_411, 190.52, 13.6, 1.8
input97, 190.52, 13.6, 1.8
FILLER_0_417, 203.02, 13.6, 1.8
FILLER_0_421, 203.02, 13.6, 1.8
FILLER_1_441, 203.02, 13.6, 1.8
output111, 203.02, 13.6, 1.8
FILLER_0_471, 226.786, 13.6, 1.8
FILLER_0_477, 226.786, 13.6, 1.8
FILLER_1_482, 226.786, 13.6, 1.8
FILLER_2_485, 226.786, 13.6, 1.8
output165, 226.786, 13.6, 1.8
output166, 226.786, 13.6, 1.8
output167, 226.786, 13.6, 1.8
FILLER_0_505, 238.053, 13.6, 1.8
FILLER_1_505, 238.053, 13.6, 1.8
output168, 238.053, 13.6, 1.8
output169, 238.053, 13.6, 1.8
output170, 238.053, 13.6, 1.8

