
===========================================================================
report_parasitic_annotation -report_unannotated
============================================================================
Found 54 unannotated drivers.
 reset
 test_enable
 cbx_1__0_.cbx_8__0_.mux_top_ipin_0.mux_l2_in_3__259/LO
 cbx_1__0_.cbx_8__0_.mux_top_ipin_1.mux_l2_in_3__260/LO
 cbx_1__0_.cbx_8__0_.mux_top_ipin_2.mux_l2_in_3__261/LO
 cbx_1__0_.cbx_8__0_.mux_top_ipin_3.mux_l2_in_3__262/LO
 sb_1__0_.mux_left_track_1.mux_l1_in_3__263/LO
 sb_1__0_.mux_left_track_11.mux_l1_in_3__264/LO
 sb_1__0_.mux_left_track_13.mux_l2_in_1__265/LO
 sb_1__0_.mux_left_track_21.mux_l2_in_1__266/LO
 sb_1__0_.mux_left_track_29.mux_l2_in_1__267/LO
 sb_1__0_.mux_left_track_3.mux_l2_in_1__216/LO
 sb_1__0_.mux_left_track_37.mux_l2_in_1__217/LO
 sb_1__0_.mux_left_track_45.mux_l2_in_1__218/LO
 sb_1__0_.mux_left_track_5.mux_l2_in_1__219/LO
 sb_1__0_.mux_left_track_53.mux_l2_in_1__220/LO
 sb_1__0_.mux_left_track_7.mux_l2_in_1__221/LO
 sb_1__0_.mux_right_track_0.mux_l2_in_1__222/LO
 sb_1__0_.mux_right_track_10.mux_l1_in_3__223/LO
 sb_1__0_.mux_right_track_12.mux_l2_in_1__224/LO
 sb_1__0_.mux_right_track_2.mux_l2_in_1__225/LO
 sb_1__0_.mux_right_track_20.mux_l2_in_1__226/LO
 sb_1__0_.mux_right_track_28.mux_l2_in_1__227/LO
 sb_1__0_.mux_right_track_36.mux_l2_in_1__228/LO
 sb_1__0_.mux_right_track_4.mux_l2_in_1__229/LO
 sb_1__0_.mux_right_track_44.mux_l1_in_1__230/LO
 sb_1__0_.mux_right_track_52.mux_l1_in_1__231/LO
 sb_1__0_.mux_right_track_6.mux_l1_in_3__232/LO
 sb_1__0_.mux_top_track_0.mux_l1_in_3__233/LO
 sb_1__0_.mux_top_track_10.mux_l2_in_1__234/LO
 sb_1__0_.mux_top_track_12.mux_l2_in_1__235/LO
 sb_1__0_.mux_top_track_14.mux_l2_in_1__236/LO
 sb_1__0_.mux_top_track_16.mux_l2_in_1__237/LO
 sb_1__0_.mux_top_track_18.mux_l2_in_1__238/LO
 sb_1__0_.mux_top_track_2.mux_l2_in_1__239/LO
 sb_1__0_.mux_top_track_20.mux_l1_in_1__240/LO
 sb_1__0_.mux_top_track_22.mux_l1_in_1__241/LO
 sb_1__0_.mux_top_track_24.mux_l1_in_1__242/LO
 sb_1__0_.mux_top_track_26.mux_l1_in_1__243/LO
 sb_1__0_.mux_top_track_28.mux_l2_in_0__244/LO
 sb_1__0_.mux_top_track_30.mux_l2_in_0__245/LO
 sb_1__0_.mux_top_track_32.mux_l2_in_0__246/LO
 sb_1__0_.mux_top_track_34.mux_l2_in_0__247/LO
 sb_1__0_.mux_top_track_36.mux_l1_in_1__248/LO
 sb_1__0_.mux_top_track_4.mux_l2_in_1__249/LO
 sb_1__0_.mux_top_track_40.mux_l2_in_0__250/LO
 sb_1__0_.mux_top_track_42.mux_l2_in_0__251/LO
 sb_1__0_.mux_top_track_44.mux_l2_in_0__252/LO
 sb_1__0_.mux_top_track_46.mux_l2_in_0__253/LO
 sb_1__0_.mux_top_track_48.mux_l2_in_0__254/LO
 sb_1__0_.mux_top_track_50.mux_l2_in_0__255/LO
 sb_1__0_.mux_top_track_58.mux_l2_in_0__256/LO
 sb_1__0_.mux_top_track_6.mux_l2_in_1__257/LO
 sb_1__0_.mux_top_track_8.mux_l2_in_1__258/LO
Found 0 partially unannotated drivers.
parastic_annotation_check
check_slew

===========================================================================
 report_check_types -max_slew -max_cap -max_fanout -violators
============================================================================

===========================================================================
max slew violation count 0
max fanout violation count 0
max cap violation count 0
============================================================================
check_slew_end
tns_report

===========================================================================
 report_tns
============================================================================
tns 0.00
tns_report_end
wns_report

===========================================================================
 report_wns
============================================================================
wns 0.00
wns_report_end
worst_slack

===========================================================================
 report_worst_slack -max (Setup)
============================================================================
worst slack 114.08

===========================================================================
 report_worst_slack -min (Hold)
============================================================================
worst slack 0.81
worst_slack_end
clock_skew

===========================================================================
 report_clock_skew
============================================================================
Clock clk0
No launch/capture paths found.

Clock prog_clk
Latency      CRPR       Skew
sb_1__0_.mem_top_track_32.sky130_fd_sc_hd__dfrtp_1_0_/CLK ^
   0.62
sb_1__0_.mem_top_track_32.sky130_fd_sc_hd__dfrtp_1_1_/CLK ^
   0.52     -0.04       0.07

clock_skew_end
power_report

===========================================================================
 report_power
============================================================================
Group                  Internal  Switching    Leakage      Total
                          Power      Power      Power      Power (Watts)
----------------------------------------------------------------
Sequential             5.09e-05   5.06e-06   1.67e-09   5.59e-05  35.3%
Combinational          3.95e-05   6.28e-05   8.33e-09   1.02e-04  64.7%
Macro                  0.00e+00   0.00e+00   0.00e+00   0.00e+00   0.0%
Pad                    0.00e+00   0.00e+00   0.00e+00   0.00e+00   0.0%
----------------------------------------------------------------
Total                  9.04e-05   6.79e-05   1.00e-08   1.58e-04 100.0%
                          57.1%      42.9%       0.0%
power_report_end
area_report

===========================================================================
 report_design_area
============================================================================
Design area 16845 u^2 62% utilization.
area_report_end
Setting global connections for newly added cells...
[WARNING] Did not save OpenROAD database!
Writing SDF to /home/hosni/OpenFPGA/erc-fixes/clear/openlane/bottom_tile/runs/23_04_26_18_03/results/routing/mca/process_corner_nom/bottom_tile.sdf...
Writing timing model to /home/hosni/OpenFPGA/erc-fixes/clear/openlane/bottom_tile/runs/23_04_26_18_03/results/routing/mca/process_corner_nom/bottom_tile.lib...

