****************************************
Report : global_timing
	-format { narrow }
	-separate_all_groups
Design : caravel
Version: T-2022.03-SP3
Date   : Sat Apr 29 12:56:08 2023
****************************************

Setup violations for paths in **clock_gating_default**
--------------------------------------------------------------
          Total   reg->reg    in->reg   reg->out    in->out
--------------------------------------------------------------
WNS     -5.9315    -5.9315     0.0000     0.0000     0.0000
TNS  -5147.4708 -5147.4708     0.0000     0.0000     0.0000
NUM        1536       1536          0          0          0
--------------------------------------------------------------

Setup violations for paths in clk
-----------------------------------------------------------------------------
             Total      reg->reg       in->reg      reg->out       in->out
-----------------------------------------------------------------------------
WNS    -22182.9863   -22182.9863        0.0000       -0.0438        0.0000
TNS  -2580918.2535 -2580918.2097        0.0000       -0.0438        0.0000
NUM            145           144             0             1             0
-----------------------------------------------------------------------------


Hold violations for paths in op_clk
---------------------------------------------------------
         Total  reg->reg   in->reg  reg->out   in->out
---------------------------------------------------------
WNS    -1.2642    0.0000   -1.2642    0.0000    0.0000
TNS    -1.2642    0.0000   -1.2642    0.0000    0.0000
NUM          1         0         1         0         0
---------------------------------------------------------

1
