****************************************
Report : global_timing
	-format { narrow }
	-separate_all_groups
Design : caravel
Version: T-2022.03-SP3
Date   : Sat Apr 29 12:57:49 2023
****************************************

Setup violations for paths in **clock_gating_default**
--------------------------------------------------------------
          Total   reg->reg    in->reg   reg->out    in->out
--------------------------------------------------------------
WNS     -3.8541    -3.8541     0.0000     0.0000     0.0000
TNS  -2703.1334 -2703.1334     0.0000     0.0000     0.0000
NUM        1152       1152          0          0          0
--------------------------------------------------------------

Setup violations for paths in clk
-----------------------------------------------------------------------------
             Total      reg->reg       in->reg      reg->out       in->out
-----------------------------------------------------------------------------
WNS    -21186.4766   -21186.4766        0.0000        0.0000        0.0000
TNS  -2465018.5872 -2465018.5872        0.0000        0.0000        0.0000
NUM            144           144             0             0             0
-----------------------------------------------------------------------------


Hold violations for paths in op_clk
---------------------------------------------------------
         Total  reg->reg   in->reg  reg->out   in->out
---------------------------------------------------------
WNS    -0.5470    0.0000   -0.5470    0.0000    0.0000
TNS    -0.5470    0.0000   -0.5470    0.0000    0.0000
NUM          1         0         1         0         0
---------------------------------------------------------

1
