****************************************
Report : global_timing
	-format { narrow }
	-separate_all_groups
Design : caravel
Version: T-2022.03-SP3
Date   : Sat Apr 29 12:54:29 2023
****************************************

Setup violations for paths in **clock_gating_default**
--------------------------------------------------------------
          Total   reg->reg    in->reg   reg->out    in->out
--------------------------------------------------------------
WNS     -5.0823    -5.0823     0.0000     0.0000     0.0000
TNS  -3997.7760 -3997.7760     0.0000     0.0000     0.0000
NUM        1502       1502          0          0          0
--------------------------------------------------------------

Setup violations for paths in clk
-----------------------------------------------------------------------------
             Total      reg->reg       in->reg      reg->out       in->out
-----------------------------------------------------------------------------
WNS    -21709.1543   -21709.1543        0.0000        0.0000        0.0000
TNS  -2525815.4548 -2525815.4548        0.0000        0.0000        0.0000
NUM            144           144             0             0             0
-----------------------------------------------------------------------------


Hold violations for paths in op_clk
---------------------------------------------------------
         Total  reg->reg   in->reg  reg->out   in->out
---------------------------------------------------------
WNS    -0.9336    0.0000   -0.9336    0.0000    0.0000
TNS    -0.9336    0.0000   -0.9336    0.0000    0.0000
NUM          1         0         1         0         0
---------------------------------------------------------

1
