
===========================================================================
report_checks -unconstrained
============================================================================
Startpoint: prog_reset_top_in (input port clocked by clk0)
Endpoint: sb_0__0_.mem_right_track_50.sky130_fd_sc_hd__dfrtp_1_1_
          (recovery check against rising-edge clock prog_clk)
Path Group: asynchronous
Path Type: max

Fanout     Cap    Slew   Delay    Time   Description
-----------------------------------------------------------------------------
                  0.00    0.00    0.00   clock clk0 (rise edge)
                          0.00    0.00   clock network delay (ideal)
                          3.00    3.00 ^ input external delay
                  0.50    0.00    3.00 ^ prog_reset_top_in (in)
     1    0.01                           prog_reset_top_in (net)
                  0.50    0.00    3.00 ^ input62/A (sky130_fd_sc_hd__buf_12)
                  0.40    0.42    3.42 ^ input62/X (sky130_fd_sc_hd__buf_12)
    72    0.35                           net62 (net)
                  0.42    0.07    3.49 ^ sb_0__0_.mem_right_track_50.sky130_fd_sc_hd__dfrtp_1_1_/RESET_B (sky130_fd_sc_hd__dfrtp_2)
                                  3.49   data arrival time

                        100.00  100.00   clock prog_clk (rise edge)
                          0.00  100.00   clock source latency
                  0.50    0.00  100.00 ^ prog_clk (in)
     1    0.02                           prog_clk (net)
                  0.50    0.00  100.00 ^ clkbuf_0_prog_clk/A (sky130_fd_sc_hd__clkbuf_16)
                  0.11    0.28  100.28 ^ clkbuf_0_prog_clk/X (sky130_fd_sc_hd__clkbuf_16)
     8    0.09                           clknet_0_prog_clk (net)
                  0.11    0.00  100.28 ^ clkbuf_3_5__f_prog_clk/A (sky130_fd_sc_hd__clkbuf_16)
                  0.05    0.15  100.43 ^ clkbuf_3_5__f_prog_clk/X (sky130_fd_sc_hd__clkbuf_16)
     9    0.03                           clknet_3_5__leaf_prog_clk (net)
                  0.05    0.00  100.43 ^ sb_0__0_.mem_right_track_50.sky130_fd_sc_hd__dfrtp_1_1_/CLK (sky130_fd_sc_hd__dfrtp_2)
                         -0.10  100.33   clock uncertainty
                          0.00  100.33   clock reconvergence pessimism
                          0.11  100.44   library recovery time
                                100.44   data required time
-----------------------------------------------------------------------------
                                100.44   data required time
                                 -3.49   data arrival time
-----------------------------------------------------------------------------
                                 96.95   slack (MET)


Startpoint: right_bottom_grid_top_width_0_height_0_subtile_3__pin_inpad_0_
            (input port clocked by clk0)
Endpoint: chanx_right_out[26] (output port clocked by clk0)
Path Group: clk0
Path Type: max

Fanout     Cap    Slew   Delay    Time   Description
-----------------------------------------------------------------------------
                  0.00    0.00    0.00   clock clk0 (rise edge)
                          0.00    0.00   clock network delay (ideal)
                          3.00    3.00 v input external delay
                  0.50    0.00    3.00 v right_bottom_grid_top_width_0_height_0_subtile_3__pin_inpad_0_ (in)
     2    0.01                           right_bottom_grid_top_width_0_height_0_subtile_3__pin_inpad_0_ (net)
                  0.50    0.00    3.00 v input66/A (sky130_fd_sc_hd__dlymetal6s2s_1)
                  0.13    0.41    3.41 v input66/X (sky130_fd_sc_hd__dlymetal6s2s_1)
     5    0.02                           net66 (net)
                  0.13    0.00    3.41 v sb_0__0_.mux_right_track_6.mux_l1_in_1_/A1 (sky130_fd_sc_hd__mux2_1)
                  0.07    0.35    3.76 v sb_0__0_.mux_right_track_6.mux_l1_in_1_/X (sky130_fd_sc_hd__mux2_1)
     1    0.00                           sb_0__0_.mux_right_track_6.sky130_fd_sc_hd__mux2_1_1_X (net)
                  0.07    0.00    3.76 v sb_0__0_.mux_right_track_6.mux_l2_in_0_/A0 (sky130_fd_sc_hd__mux2_1)
                  0.15    0.41    4.17 v sb_0__0_.mux_right_track_6.mux_l2_in_0_/X (sky130_fd_sc_hd__mux2_1)
     2    0.02                           sb_0__0_.mux_right_track_6.sky130_fd_sc_hd__mux2_1_2_X (net)
                  0.15    0.00    4.17 v sb_0__0_.mux_right_track_6.sky130_fd_sc_hd__buf_4_0_/A (sky130_fd_sc_hd__clkbuf_1)
                  0.06    0.16    4.33 v sb_0__0_.mux_right_track_6.sky130_fd_sc_hd__buf_4_0_/X (sky130_fd_sc_hd__clkbuf_1)
     1    0.01                           sb_0__0_.mux_right_track_6.out (net)
                  0.06    0.00    4.33 v _098_/A (sky130_fd_sc_hd__dlymetal6s2s_1)
                  0.09    0.19    4.53 v _098_/X (sky130_fd_sc_hd__dlymetal6s2s_1)
     1    0.01                           net90 (net)
                  0.09    0.00    4.53 v output90/A (sky130_fd_sc_hd__buf_12)
                  0.07    0.20    4.73 v output90/X (sky130_fd_sc_hd__buf_12)
     1    0.12                           chanx_right_out[26] (net)
                  0.07    0.00    4.73 v chanx_right_out[26] (out)
                                  4.73   data arrival time

                  0.00  100.00  100.00   clock clk0 (rise edge)
                          0.00  100.00   clock network delay (ideal)
                         -0.10   99.90   clock uncertainty
                          0.00   99.90   clock reconvergence pessimism
                         -3.00   96.90   output external delay
                                 96.90   data required time
-----------------------------------------------------------------------------
                                 96.90   data required time
                                 -4.73   data arrival time
-----------------------------------------------------------------------------
                                 92.17   slack (MET)


Startpoint: ccff_head (input port clocked by clk0)
Endpoint: sb_0__0_.mem_top_track_0.sky130_fd_sc_hd__dfrtp_1_0_
          (rising edge-triggered flip-flop clocked by prog_clk)
Path Group: prog_clk
Path Type: max

Fanout     Cap    Slew   Delay    Time   Description
-----------------------------------------------------------------------------
                  0.00    0.00    0.00   clock clk0 (rise edge)
                          0.00    0.00   clock network delay (ideal)
                          3.00    3.00 v input external delay
                  0.50    0.00    3.00 v ccff_head (in)
     1    0.00                           ccff_head (net)
                  0.50    0.00    3.00 v input1/A (sky130_fd_sc_hd__clkbuf_1)
                  0.06    0.26    3.26 v input1/X (sky130_fd_sc_hd__clkbuf_1)
     1    0.01                           net1 (net)
                  0.06    0.00    3.26 v sb_0__0_.mem_top_track_0.sky130_fd_sc_hd__dfrtp_1_0_/D (sky130_fd_sc_hd__dfrtp_1)
                                  3.26   data arrival time

                        100.00  100.00   clock prog_clk (rise edge)
                          0.00  100.00   clock source latency
                  0.50    0.00  100.00 ^ prog_clk (in)
     1    0.02                           prog_clk (net)
                  0.50    0.00  100.00 ^ clkbuf_0_prog_clk/A (sky130_fd_sc_hd__clkbuf_16)
                  0.11    0.28  100.28 ^ clkbuf_0_prog_clk/X (sky130_fd_sc_hd__clkbuf_16)
     8    0.09                           clknet_0_prog_clk (net)
                  0.11    0.00  100.28 ^ clkbuf_3_0__f_prog_clk/A (sky130_fd_sc_hd__clkbuf_16)
                  0.04    0.14  100.43 ^ clkbuf_3_0__f_prog_clk/X (sky130_fd_sc_hd__clkbuf_16)
     7    0.02                           clknet_3_0__leaf_prog_clk (net)
                  0.04    0.00  100.43 ^ sb_0__0_.mem_top_track_0.sky130_fd_sc_hd__dfrtp_1_0_/CLK (sky130_fd_sc_hd__dfrtp_1)
                         -0.10  100.33   clock uncertainty
                          0.00  100.33   clock reconvergence pessimism
                         -0.12  100.21   library setup time
                                100.21   data required time
-----------------------------------------------------------------------------
                                100.21   data required time
                                 -3.26   data arrival time
-----------------------------------------------------------------------------
                                 96.95   slack (MET)



===========================================================================
report_checks --slack_max -0.01
============================================================================
No paths found.
