
===========================================================================
report_checks -path_delay min (Hold)
============================================================================
Startpoint: prog_reset_top_in (input port clocked by clk0)
Endpoint: sb_0__0_.mem_right_track_6.sky130_fd_sc_hd__dfrtp_1_0_
          (removal check against rising-edge clock prog_clk)
Path Group: asynchronous
Path Type: min

Fanout     Cap    Slew   Delay    Time   Description
-----------------------------------------------------------------------------
                  0.00    0.00    0.00   clock clk0 (rise edge)
                          0.00    0.00   clock network delay (ideal)
                          3.00    3.00 ^ input external delay
                  0.50    0.00    3.00 ^ prog_reset_top_in (in)
     1    0.01                           prog_reset_top_in (net)
                  0.50    0.00    3.00 ^ input62/A (sky130_fd_sc_hd__buf_12)
                  0.41    0.38    3.38 ^ input62/X (sky130_fd_sc_hd__buf_12)
    72    0.36                           net62 (net)
                  0.41    0.02    3.40 ^ sb_0__0_.mem_right_track_6.sky130_fd_sc_hd__dfrtp_1_0_/RESET_B (sky130_fd_sc_hd__dfrtp_1)
                                  3.40   data arrival time

                          0.00    0.00   clock prog_clk (rise edge)
                          0.00    0.00   clock source latency
                  0.50    0.00    0.00 ^ prog_clk (in)
     1    0.03                           prog_clk (net)
                  0.50    0.00    0.00 ^ clkbuf_0_prog_clk/A (sky130_fd_sc_hd__clkbuf_16)
                  0.10    0.30    0.31 ^ clkbuf_0_prog_clk/X (sky130_fd_sc_hd__clkbuf_16)
     8    0.08                           clknet_0_prog_clk (net)
                  0.10    0.00    0.31 ^ clkbuf_3_7__f_prog_clk/A (sky130_fd_sc_hd__clkbuf_16)
                  0.07    0.18    0.49 ^ clkbuf_3_7__f_prog_clk/X (sky130_fd_sc_hd__clkbuf_16)
    15    0.05                           clknet_3_7__leaf_prog_clk (net)
                  0.07    0.00    0.49 ^ sb_0__0_.mem_right_track_6.sky130_fd_sc_hd__dfrtp_1_0_/CLK (sky130_fd_sc_hd__dfrtp_1)
                          0.10    0.59   clock uncertainty
                          0.00    0.59   clock reconvergence pessimism
                          0.43    1.02   library removal time
                                  1.02   data required time
-----------------------------------------------------------------------------
                                  1.02   data required time
                                 -3.40   data arrival time
-----------------------------------------------------------------------------
                                  2.39   slack (MET)


Startpoint: prog_reset_top_in (input port clocked by clk0)
Endpoint: sb_0__0_.mem_right_track_6.sky130_fd_sc_hd__dfrtp_1_1_
          (removal check against rising-edge clock prog_clk)
Path Group: asynchronous
Path Type: min

Fanout     Cap    Slew   Delay    Time   Description
-----------------------------------------------------------------------------
                  0.00    0.00    0.00   clock clk0 (rise edge)
                          0.00    0.00   clock network delay (ideal)
                          3.00    3.00 ^ input external delay
                  0.50    0.00    3.00 ^ prog_reset_top_in (in)
     1    0.01                           prog_reset_top_in (net)
                  0.50    0.00    3.00 ^ input62/A (sky130_fd_sc_hd__buf_12)
                  0.41    0.38    3.38 ^ input62/X (sky130_fd_sc_hd__buf_12)
    72    0.36                           net62 (net)
                  0.41    0.02    3.40 ^ sb_0__0_.mem_right_track_6.sky130_fd_sc_hd__dfrtp_1_1_/RESET_B (sky130_fd_sc_hd__dfrtp_1)
                                  3.40   data arrival time

                          0.00    0.00   clock prog_clk (rise edge)
                          0.00    0.00   clock source latency
                  0.50    0.00    0.00 ^ prog_clk (in)
     1    0.03                           prog_clk (net)
                  0.50    0.00    0.00 ^ clkbuf_0_prog_clk/A (sky130_fd_sc_hd__clkbuf_16)
                  0.10    0.30    0.31 ^ clkbuf_0_prog_clk/X (sky130_fd_sc_hd__clkbuf_16)
     8    0.08                           clknet_0_prog_clk (net)
                  0.10    0.00    0.31 ^ clkbuf_3_7__f_prog_clk/A (sky130_fd_sc_hd__clkbuf_16)
                  0.07    0.18    0.49 ^ clkbuf_3_7__f_prog_clk/X (sky130_fd_sc_hd__clkbuf_16)
    15    0.05                           clknet_3_7__leaf_prog_clk (net)
                  0.07    0.00    0.49 ^ sb_0__0_.mem_right_track_6.sky130_fd_sc_hd__dfrtp_1_1_/CLK (sky130_fd_sc_hd__dfrtp_1)
                          0.10    0.59   clock uncertainty
                          0.00    0.59   clock reconvergence pessimism
                          0.43    1.02   library removal time
                                  1.02   data required time
-----------------------------------------------------------------------------
                                  1.02   data required time
                                 -3.40   data arrival time
-----------------------------------------------------------------------------
                                  2.39   slack (MET)


Startpoint: prog_reset_top_in (input port clocked by clk0)
Endpoint: sb_0__0_.mem_right_track_8.sky130_fd_sc_hd__dfrtp_1_0_
          (removal check against rising-edge clock prog_clk)
Path Group: asynchronous
Path Type: min

Fanout     Cap    Slew   Delay    Time   Description
-----------------------------------------------------------------------------
                  0.00    0.00    0.00   clock clk0 (rise edge)
                          0.00    0.00   clock network delay (ideal)
                          3.00    3.00 ^ input external delay
                  0.50    0.00    3.00 ^ prog_reset_top_in (in)
     1    0.01                           prog_reset_top_in (net)
                  0.50    0.00    3.00 ^ input62/A (sky130_fd_sc_hd__buf_12)
                  0.41    0.38    3.38 ^ input62/X (sky130_fd_sc_hd__buf_12)
    72    0.36                           net62 (net)
                  0.41    0.02    3.40 ^ sb_0__0_.mem_right_track_8.sky130_fd_sc_hd__dfrtp_1_0_/RESET_B (sky130_fd_sc_hd__dfrtp_1)
                                  3.40   data arrival time

                          0.00    0.00   clock prog_clk (rise edge)
                          0.00    0.00   clock source latency
                  0.50    0.00    0.00 ^ prog_clk (in)
     1    0.03                           prog_clk (net)
                  0.50    0.00    0.00 ^ clkbuf_0_prog_clk/A (sky130_fd_sc_hd__clkbuf_16)
                  0.10    0.30    0.31 ^ clkbuf_0_prog_clk/X (sky130_fd_sc_hd__clkbuf_16)
     8    0.08                           clknet_0_prog_clk (net)
                  0.10    0.00    0.31 ^ clkbuf_3_7__f_prog_clk/A (sky130_fd_sc_hd__clkbuf_16)
                  0.07    0.18    0.49 ^ clkbuf_3_7__f_prog_clk/X (sky130_fd_sc_hd__clkbuf_16)
    15    0.05                           clknet_3_7__leaf_prog_clk (net)
                  0.07    0.00    0.49 ^ sb_0__0_.mem_right_track_8.sky130_fd_sc_hd__dfrtp_1_0_/CLK (sky130_fd_sc_hd__dfrtp_1)
                          0.10    0.59   clock uncertainty
                          0.00    0.59   clock reconvergence pessimism
                          0.43    1.02   library removal time
                                  1.02   data required time
-----------------------------------------------------------------------------
                                  1.02   data required time
                                 -3.40   data arrival time
-----------------------------------------------------------------------------
                                  2.39   slack (MET)


Startpoint: prog_reset_top_in (input port clocked by clk0)
Endpoint: sb_0__0_.mem_top_track_10.sky130_fd_sc_hd__dfrtp_1_0_
          (removal check against rising-edge clock prog_clk)
Path Group: asynchronous
Path Type: min

Fanout     Cap    Slew   Delay    Time   Description
-----------------------------------------------------------------------------
                  0.00    0.00    0.00   clock clk0 (rise edge)
                          0.00    0.00   clock network delay (ideal)
                          3.00    3.00 ^ input external delay
                  0.50    0.00    3.00 ^ prog_reset_top_in (in)
     1    0.01                           prog_reset_top_in (net)
                  0.50    0.00    3.00 ^ input62/A (sky130_fd_sc_hd__buf_12)
                  0.41    0.38    3.38 ^ input62/X (sky130_fd_sc_hd__buf_12)
    72    0.36                           net62 (net)
                  0.41    0.03    3.42 ^ sb_0__0_.mem_top_track_10.sky130_fd_sc_hd__dfrtp_1_0_/RESET_B (sky130_fd_sc_hd__dfrtp_1)
                                  3.42   data arrival time

                          0.00    0.00   clock prog_clk (rise edge)
                          0.00    0.00   clock source latency
                  0.50    0.00    0.00 ^ prog_clk (in)
     1    0.03                           prog_clk (net)
                  0.50    0.00    0.00 ^ clkbuf_0_prog_clk/A (sky130_fd_sc_hd__clkbuf_16)
                  0.10    0.30    0.31 ^ clkbuf_0_prog_clk/X (sky130_fd_sc_hd__clkbuf_16)
     8    0.08                           clknet_0_prog_clk (net)
                  0.10    0.00    0.31 ^ clkbuf_3_7__f_prog_clk/A (sky130_fd_sc_hd__clkbuf_16)
                  0.07    0.18    0.49 ^ clkbuf_3_7__f_prog_clk/X (sky130_fd_sc_hd__clkbuf_16)
    15    0.05                           clknet_3_7__leaf_prog_clk (net)
                  0.07    0.00    0.49 ^ sb_0__0_.mem_top_track_10.sky130_fd_sc_hd__dfrtp_1_0_/CLK (sky130_fd_sc_hd__dfrtp_1)
                          0.10    0.59   clock uncertainty
                          0.00    0.59   clock reconvergence pessimism
                          0.43    1.02   library removal time
                                  1.02   data required time
-----------------------------------------------------------------------------
                                  1.02   data required time
                                 -3.42   data arrival time
-----------------------------------------------------------------------------
                                  2.40   slack (MET)


Startpoint: prog_reset_top_in (input port clocked by clk0)
Endpoint: sb_0__0_.mem_right_track_4.sky130_fd_sc_hd__dfrtp_1_1_
          (removal check against rising-edge clock prog_clk)
Path Group: asynchronous
Path Type: min

Fanout     Cap    Slew   Delay    Time   Description
-----------------------------------------------------------------------------
                  0.00    0.00    0.00   clock clk0 (rise edge)
                          0.00    0.00   clock network delay (ideal)
                          3.00    3.00 ^ input external delay
                  0.50    0.00    3.00 ^ prog_reset_top_in (in)
     1    0.01                           prog_reset_top_in (net)
                  0.50    0.00    3.00 ^ input62/A (sky130_fd_sc_hd__buf_12)
                  0.41    0.38    3.38 ^ input62/X (sky130_fd_sc_hd__buf_12)
    72    0.36                           net62 (net)
                  0.41    0.01    3.40 ^ sb_0__0_.mem_right_track_4.sky130_fd_sc_hd__dfrtp_1_1_/RESET_B (sky130_fd_sc_hd__dfrtp_1)
                                  3.40   data arrival time

                          0.00    0.00   clock prog_clk (rise edge)
                          0.00    0.00   clock source latency
                  0.50    0.00    0.00 ^ prog_clk (in)
     1    0.03                           prog_clk (net)
                  0.50    0.00    0.00 ^ clkbuf_0_prog_clk/A (sky130_fd_sc_hd__clkbuf_16)
                  0.10    0.30    0.31 ^ clkbuf_0_prog_clk/X (sky130_fd_sc_hd__clkbuf_16)
     8    0.08                           clknet_0_prog_clk (net)
                  0.10    0.00    0.31 ^ clkbuf_3_5__f_prog_clk/A (sky130_fd_sc_hd__clkbuf_16)
                  0.05    0.16    0.47 ^ clkbuf_3_5__f_prog_clk/X (sky130_fd_sc_hd__clkbuf_16)
     9    0.03                           clknet_3_5__leaf_prog_clk (net)
                  0.05    0.00    0.47 ^ sb_0__0_.mem_right_track_4.sky130_fd_sc_hd__dfrtp_1_1_/CLK (sky130_fd_sc_hd__dfrtp_1)
                          0.10    0.57   clock uncertainty
                          0.00    0.57   clock reconvergence pessimism
                          0.42    1.00   library removal time
                                  1.00   data required time
-----------------------------------------------------------------------------
                                  1.00   data required time
                                 -3.40   data arrival time
-----------------------------------------------------------------------------
                                  2.40   slack (MET)


Startpoint: sb_0__0_.mem_right_track_50.sky130_fd_sc_hd__dfrtp_1_1_
            (rising edge-triggered flip-flop clocked by prog_clk)
Endpoint: ccff_tail (output port clocked by clk0)
Path Group: clk0
Path Type: min

Fanout     Cap    Slew   Delay    Time   Description
-----------------------------------------------------------------------------
                          0.00    0.00   clock prog_clk (rise edge)
                          0.00    0.00   clock source latency
                  0.50    0.00    0.00 ^ prog_clk (in)
     1    0.03                           prog_clk (net)
                  0.50    0.00    0.00 ^ clkbuf_0_prog_clk/A (sky130_fd_sc_hd__clkbuf_16)
                  0.10    0.27    0.28 ^ clkbuf_0_prog_clk/X (sky130_fd_sc_hd__clkbuf_16)
     8    0.08                           clknet_0_prog_clk (net)
                  0.10    0.00    0.28 ^ clkbuf_3_6__f_prog_clk/A (sky130_fd_sc_hd__clkbuf_16)
                  0.08    0.17    0.45 ^ clkbuf_3_6__f_prog_clk/X (sky130_fd_sc_hd__clkbuf_16)
    11    0.06                           clknet_3_6__leaf_prog_clk (net)
                  0.08    0.00    0.45 ^ sb_0__0_.mem_right_track_50.sky130_fd_sc_hd__dfrtp_1_1_/CLK (sky130_fd_sc_hd__dfrtp_4)
                  0.11    0.44    0.89 ^ sb_0__0_.mem_right_track_50.sky130_fd_sc_hd__dfrtp_1_1_/Q (sky130_fd_sc_hd__dfrtp_4)
     2    0.03                           net71 (net)
                  0.11    0.00    0.90 ^ output71/A (sky130_fd_sc_hd__buf_12)
                  0.14    0.19    1.09 ^ output71/X (sky130_fd_sc_hd__buf_12)
     1    0.12                           ccff_tail (net)
                  0.14    0.00    1.09 ^ ccff_tail (out)
                                  1.09   data arrival time

                  0.00    0.00    0.00   clock clk0 (rise edge)
                          0.00    0.00   clock network delay (ideal)
                          0.10    0.10   clock uncertainty
                          0.00    0.10   clock reconvergence pessimism
                         -3.00   -2.90   output external delay
                                 -2.90   data required time
-----------------------------------------------------------------------------
                                 -2.90   data required time
                                 -1.09   data arrival time
-----------------------------------------------------------------------------
                                  3.99   slack (MET)


Startpoint: sb_0__0_.mem_top_track_4.sky130_fd_sc_hd__dfrtp_1_1_
            (rising edge-triggered flip-flop clocked by prog_clk)
Endpoint: chany_top_out[27] (output port clocked by clk0)
Path Group: clk0
Path Type: min

Fanout     Cap    Slew   Delay    Time   Description
-----------------------------------------------------------------------------
                          0.00    0.00   clock prog_clk (rise edge)
                          0.00    0.00   clock source latency
                  0.50    0.00    0.00 ^ prog_clk (in)
     1    0.03                           prog_clk (net)
                  0.50    0.00    0.00 ^ clkbuf_0_prog_clk/A (sky130_fd_sc_hd__clkbuf_16)
                  0.10    0.27    0.28 ^ clkbuf_0_prog_clk/X (sky130_fd_sc_hd__clkbuf_16)
     8    0.08                           clknet_0_prog_clk (net)
                  0.10    0.00    0.28 ^ clkbuf_3_4__f_prog_clk/A (sky130_fd_sc_hd__clkbuf_16)
                  0.05    0.15    0.43 ^ clkbuf_3_4__f_prog_clk/X (sky130_fd_sc_hd__clkbuf_16)
     9    0.03                           clknet_3_4__leaf_prog_clk (net)
                  0.05    0.00    0.43 ^ sb_0__0_.mem_top_track_4.sky130_fd_sc_hd__dfrtp_1_1_/CLK (sky130_fd_sc_hd__dfrtp_1)
                  0.09    0.34    0.77 ^ sb_0__0_.mem_top_track_4.sky130_fd_sc_hd__dfrtp_1_1_/Q (sky130_fd_sc_hd__dfrtp_1)
     2    0.01                           sb_0__0_.mem_top_track_4.ccff_tail (net)
                  0.09    0.00    0.77 ^ sb_0__0_.mux_top_track_4.mux_l2_in_0_/S (sky130_fd_sc_hd__mux2_1)
                  0.07    0.15    0.92 ^ sb_0__0_.mux_top_track_4.mux_l2_in_0_/X (sky130_fd_sc_hd__mux2_1)
     1    0.01                           sb_0__0_.mux_top_track_4.sky130_fd_sc_hd__mux2_1_1_X (net)
                  0.07    0.00    0.92 ^ sb_0__0_.mux_top_track_4.sky130_fd_sc_hd__buf_4_0_/A (sky130_fd_sc_hd__clkbuf_1)
                  0.08    0.10    1.03 ^ sb_0__0_.mux_top_track_4.sky130_fd_sc_hd__buf_4_0_/X (sky130_fd_sc_hd__clkbuf_1)
     1    0.01                           sb_0__0_.mux_top_track_4.out (net)
                  0.08    0.00    1.03 ^ _129_/A (sky130_fd_sc_hd__clkbuf_2)
                  0.08    0.14    1.17 ^ _129_/X (sky130_fd_sc_hd__clkbuf_2)
     1    0.01                           net121 (net)
                  0.08    0.00    1.17 ^ output121/A (sky130_fd_sc_hd__buf_12)
                  0.15    0.18    1.35 ^ output121/X (sky130_fd_sc_hd__buf_12)
     1    0.12                           chany_top_out[27] (net)
                  0.15    0.00    1.35 ^ chany_top_out[27] (out)
                                  1.35   data arrival time

                  0.00    0.00    0.00   clock clk0 (rise edge)
                          0.00    0.00   clock network delay (ideal)
                          0.10    0.10   clock uncertainty
                          0.00    0.10   clock reconvergence pessimism
                         -3.00   -2.90   output external delay
                                 -2.90   data required time
-----------------------------------------------------------------------------
                                 -2.90   data required time
                                 -1.35   data arrival time
-----------------------------------------------------------------------------
                                  4.25   slack (MET)


Startpoint: sb_0__0_.mem_right_track_4.sky130_fd_sc_hd__dfrtp_1_1_
            (rising edge-triggered flip-flop clocked by prog_clk)
Endpoint: chanx_right_out[27] (output port clocked by clk0)
Path Group: clk0
Path Type: min

Fanout     Cap    Slew   Delay    Time   Description
-----------------------------------------------------------------------------
                          0.00    0.00   clock prog_clk (rise edge)
                          0.00    0.00   clock source latency
                  0.50    0.00    0.00 ^ prog_clk (in)
     1    0.03                           prog_clk (net)
                  0.50    0.00    0.00 ^ clkbuf_0_prog_clk/A (sky130_fd_sc_hd__clkbuf_16)
                  0.10    0.27    0.28 ^ clkbuf_0_prog_clk/X (sky130_fd_sc_hd__clkbuf_16)
     8    0.08                           clknet_0_prog_clk (net)
                  0.10    0.00    0.28 ^ clkbuf_3_5__f_prog_clk/A (sky130_fd_sc_hd__clkbuf_16)
                  0.05    0.15    0.43 ^ clkbuf_3_5__f_prog_clk/X (sky130_fd_sc_hd__clkbuf_16)
     9    0.03                           clknet_3_5__leaf_prog_clk (net)
                  0.05    0.00    0.43 ^ sb_0__0_.mem_right_track_4.sky130_fd_sc_hd__dfrtp_1_1_/CLK (sky130_fd_sc_hd__dfrtp_1)
                  0.10    0.35    0.78 ^ sb_0__0_.mem_right_track_4.sky130_fd_sc_hd__dfrtp_1_1_/Q (sky130_fd_sc_hd__dfrtp_1)
     2    0.01                           sb_0__0_.mem_right_track_4.ccff_tail (net)
                  0.10    0.00    0.78 ^ sb_0__0_.mux_right_track_4.mux_l2_in_0_/S (sky130_fd_sc_hd__mux2_1)
                  0.07    0.16    0.93 ^ sb_0__0_.mux_right_track_4.mux_l2_in_0_/X (sky130_fd_sc_hd__mux2_1)
     1    0.01                           sb_0__0_.mux_right_track_4.sky130_fd_sc_hd__mux2_1_1_X (net)
                  0.07    0.00    0.93 ^ sb_0__0_.mux_right_track_4.sky130_fd_sc_hd__buf_4_0_/A (sky130_fd_sc_hd__clkbuf_1)
                  0.10    0.12    1.05 ^ sb_0__0_.mux_right_track_4.sky130_fd_sc_hd__buf_4_0_/X (sky130_fd_sc_hd__clkbuf_1)
     1    0.01                           sb_0__0_.mux_right_track_4.out (net)
                  0.10    0.00    1.05 ^ _099_/A (sky130_fd_sc_hd__clkbuf_2)
                  0.08    0.14    1.20 ^ _099_/X (sky130_fd_sc_hd__clkbuf_2)
     1    0.01                           net91 (net)
                  0.08    0.00    1.20 ^ output91/A (sky130_fd_sc_hd__buf_12)
                  0.14    0.18    1.38 ^ output91/X (sky130_fd_sc_hd__buf_12)
     1    0.12                           chanx_right_out[27] (net)
                  0.14    0.00    1.38 ^ chanx_right_out[27] (out)
                                  1.38   data arrival time

                  0.00    0.00    0.00   clock clk0 (rise edge)
                          0.00    0.00   clock network delay (ideal)
                          0.10    0.10   clock uncertainty
                          0.00    0.10   clock reconvergence pessimism
                         -3.00   -2.90   output external delay
                                 -2.90   data required time
-----------------------------------------------------------------------------
                                 -2.90   data required time
                                 -1.38   data arrival time
-----------------------------------------------------------------------------
                                  4.28   slack (MET)


Startpoint: sb_0__0_.mem_top_track_18.sky130_fd_sc_hd__dfrtp_1_1_
            (rising edge-triggered flip-flop clocked by prog_clk)
Endpoint: chany_top_out[20] (output port clocked by clk0)
Path Group: clk0
Path Type: min

Fanout     Cap    Slew   Delay    Time   Description
-----------------------------------------------------------------------------
                          0.00    0.00   clock prog_clk (rise edge)
                          0.00    0.00   clock source latency
                  0.50    0.00    0.00 ^ prog_clk (in)
     1    0.03                           prog_clk (net)
                  0.50    0.00    0.00 ^ clkbuf_0_prog_clk/A (sky130_fd_sc_hd__clkbuf_16)
                  0.10    0.27    0.28 ^ clkbuf_0_prog_clk/X (sky130_fd_sc_hd__clkbuf_16)
     8    0.08                           clknet_0_prog_clk (net)
                  0.10    0.00    0.28 ^ clkbuf_3_1__f_prog_clk/A (sky130_fd_sc_hd__clkbuf_16)
                  0.04    0.14    0.42 ^ clkbuf_3_1__f_prog_clk/X (sky130_fd_sc_hd__clkbuf_16)
     7    0.02                           clknet_3_1__leaf_prog_clk (net)
                  0.04    0.00    0.42 ^ sb_0__0_.mem_top_track_18.sky130_fd_sc_hd__dfrtp_1_1_/CLK (sky130_fd_sc_hd__dfrtp_1)
                  0.09    0.34    0.76 ^ sb_0__0_.mem_top_track_18.sky130_fd_sc_hd__dfrtp_1_1_/Q (sky130_fd_sc_hd__dfrtp_1)
     2    0.01                           sb_0__0_.mem_top_track_18.ccff_tail (net)
                  0.09    0.00    0.76 ^ sb_0__0_.mux_top_track_18.mux_l2_in_0_/S (sky130_fd_sc_hd__mux2_1)
                  0.08    0.16    0.92 ^ sb_0__0_.mux_top_track_18.mux_l2_in_0_/X (sky130_fd_sc_hd__mux2_1)
     1    0.01                           sb_0__0_.mux_top_track_18.sky130_fd_sc_hd__mux2_1_1_X (net)
                  0.08    0.00    0.92 ^ sb_0__0_.mux_top_track_18.sky130_fd_sc_hd__buf_4_0_/A (sky130_fd_sc_hd__clkbuf_1)
                  0.10    0.12    1.04 ^ sb_0__0_.mux_top_track_18.sky130_fd_sc_hd__buf_4_0_/X (sky130_fd_sc_hd__clkbuf_1)
     1    0.01                           sb_0__0_.mux_top_track_18.out (net)
                  0.10    0.00    1.04 ^ _122_/A (sky130_fd_sc_hd__clkbuf_2)
                  0.10    0.15    1.20 ^ _122_/X (sky130_fd_sc_hd__clkbuf_2)
     1    0.02                           net114 (net)
                  0.10    0.00    1.20 ^ output114/A (sky130_fd_sc_hd__buf_12)
                  0.14    0.18    1.38 ^ output114/X (sky130_fd_sc_hd__buf_12)
     1    0.12                           chany_top_out[20] (net)
                  0.14    0.00    1.39 ^ chany_top_out[20] (out)
                                  1.39   data arrival time

                  0.00    0.00    0.00   clock clk0 (rise edge)
                          0.00    0.00   clock network delay (ideal)
                          0.10    0.10   clock uncertainty
                          0.00    0.10   clock reconvergence pessimism
                         -3.00   -2.90   output external delay
                                 -2.90   data required time
-----------------------------------------------------------------------------
                                 -2.90   data required time
                                 -1.39   data arrival time
-----------------------------------------------------------------------------
                                  4.29   slack (MET)


Startpoint: sb_0__0_.mem_right_track_2.sky130_fd_sc_hd__dfrtp_1_1_
            (rising edge-triggered flip-flop clocked by prog_clk)
Endpoint: chanx_right_out[28] (output port clocked by clk0)
Path Group: clk0
Path Type: min

Fanout     Cap    Slew   Delay    Time   Description
-----------------------------------------------------------------------------
                          0.00    0.00   clock prog_clk (rise edge)
                          0.00    0.00   clock source latency
                  0.50    0.00    0.00 ^ prog_clk (in)
     1    0.03                           prog_clk (net)
                  0.50    0.00    0.00 ^ clkbuf_0_prog_clk/A (sky130_fd_sc_hd__clkbuf_16)
                  0.10    0.27    0.28 ^ clkbuf_0_prog_clk/X (sky130_fd_sc_hd__clkbuf_16)
     8    0.08                           clknet_0_prog_clk (net)
                  0.10    0.00    0.28 ^ clkbuf_3_3__f_prog_clk/A (sky130_fd_sc_hd__clkbuf_16)
                  0.05    0.15    0.43 ^ clkbuf_3_3__f_prog_clk/X (sky130_fd_sc_hd__clkbuf_16)
     6    0.03                           clknet_3_3__leaf_prog_clk (net)
                  0.05    0.00    0.43 ^ sb_0__0_.mem_right_track_2.sky130_fd_sc_hd__dfrtp_1_1_/CLK (sky130_fd_sc_hd__dfrtp_1)
                  0.10    0.34    0.77 ^ sb_0__0_.mem_right_track_2.sky130_fd_sc_hd__dfrtp_1_1_/Q (sky130_fd_sc_hd__dfrtp_1)
     2    0.01                           sb_0__0_.mem_right_track_2.ccff_tail (net)
                  0.10    0.00    0.77 ^ sb_0__0_.mux_right_track_2.mux_l2_in_0_/S (sky130_fd_sc_hd__mux2_1)
                  0.07    0.15    0.92 ^ sb_0__0_.mux_right_track_2.mux_l2_in_0_/X (sky130_fd_sc_hd__mux2_1)
     1    0.01                           sb_0__0_.mux_right_track_2.sky130_fd_sc_hd__mux2_1_1_X (net)
                  0.07    0.00    0.92 ^ sb_0__0_.mux_right_track_2.sky130_fd_sc_hd__buf_4_0_/A (sky130_fd_sc_hd__clkbuf_1)
                  0.11    0.12    1.05 ^ sb_0__0_.mux_right_track_2.sky130_fd_sc_hd__buf_4_0_/X (sky130_fd_sc_hd__clkbuf_1)
     1    0.01                           sb_0__0_.mux_right_track_2.out (net)
                  0.11    0.00    1.05 ^ _100_/A (sky130_fd_sc_hd__clkbuf_2)
                  0.09    0.15    1.20 ^ _100_/X (sky130_fd_sc_hd__clkbuf_2)
     1    0.02                           net92 (net)
                  0.09    0.00    1.20 ^ output92/A (sky130_fd_sc_hd__buf_12)
                  0.14    0.18    1.39 ^ output92/X (sky130_fd_sc_hd__buf_12)
     1    0.12                           chanx_right_out[28] (net)
                  0.15    0.00    1.39 ^ chanx_right_out[28] (out)
                                  1.39   data arrival time

                  0.00    0.00    0.00   clock clk0 (rise edge)
                          0.00    0.00   clock network delay (ideal)
                          0.10    0.10   clock uncertainty
                          0.00    0.10   clock reconvergence pessimism
                         -3.00   -2.90   output external delay
                                 -2.90   data required time
-----------------------------------------------------------------------------
                                 -2.90   data required time
                                 -1.39   data arrival time
-----------------------------------------------------------------------------
                                  4.29   slack (MET)


Startpoint: sb_0__0_.mem_right_track_48.sky130_fd_sc_hd__dfrtp_1_1_
            (rising edge-triggered flip-flop clocked by prog_clk)
Endpoint: sb_0__0_.mem_right_track_50.sky130_fd_sc_hd__dfrtp_1_0_
          (rising edge-triggered flip-flop clocked by prog_clk)
Path Group: prog_clk
Path Type: min

Fanout     Cap    Slew   Delay    Time   Description
-----------------------------------------------------------------------------
                          0.00    0.00   clock prog_clk (rise edge)
                          0.00    0.00   clock source latency
                  0.50    0.00    0.00 ^ prog_clk (in)
     1    0.03                           prog_clk (net)
                  0.50    0.00    0.00 ^ clkbuf_0_prog_clk/A (sky130_fd_sc_hd__clkbuf_16)
                  0.10    0.27    0.28 ^ clkbuf_0_prog_clk/X (sky130_fd_sc_hd__clkbuf_16)
     8    0.08                           clknet_0_prog_clk (net)
                  0.10    0.00    0.28 ^ clkbuf_3_4__f_prog_clk/A (sky130_fd_sc_hd__clkbuf_16)
                  0.05    0.15    0.43 ^ clkbuf_3_4__f_prog_clk/X (sky130_fd_sc_hd__clkbuf_16)
     9    0.03                           clknet_3_4__leaf_prog_clk (net)
                  0.05    0.00    0.43 ^ sb_0__0_.mem_right_track_48.sky130_fd_sc_hd__dfrtp_1_1_/CLK (sky130_fd_sc_hd__dfrtp_1)
                  0.08    0.33    0.77 ^ sb_0__0_.mem_right_track_48.sky130_fd_sc_hd__dfrtp_1_1_/Q (sky130_fd_sc_hd__dfrtp_1)
     2    0.01                           sb_0__0_.mem_right_track_48.ccff_tail (net)
                  0.08    0.00    0.77 ^ sb_0__0_.mem_right_track_50.sky130_fd_sc_hd__dfrtp_1_0_/D (sky130_fd_sc_hd__dfrtp_1)
                                  0.77   data arrival time

                          0.00    0.00   clock prog_clk (rise edge)
                          0.00    0.00   clock source latency
                  0.50    0.00    0.00 ^ prog_clk (in)
     1    0.03                           prog_clk (net)
                  0.50    0.00    0.00 ^ clkbuf_0_prog_clk/A (sky130_fd_sc_hd__clkbuf_16)
                  0.10    0.30    0.31 ^ clkbuf_0_prog_clk/X (sky130_fd_sc_hd__clkbuf_16)
     8    0.08                           clknet_0_prog_clk (net)
                  0.10    0.00    0.31 ^ clkbuf_3_6__f_prog_clk/A (sky130_fd_sc_hd__clkbuf_16)
                  0.08    0.19    0.49 ^ clkbuf_3_6__f_prog_clk/X (sky130_fd_sc_hd__clkbuf_16)
    11    0.06                           clknet_3_6__leaf_prog_clk (net)
                  0.08    0.00    0.50 ^ sb_0__0_.mem_right_track_50.sky130_fd_sc_hd__dfrtp_1_0_/CLK (sky130_fd_sc_hd__dfrtp_1)
                          0.10    0.60   clock uncertainty
                         -0.03    0.57   clock reconvergence pessimism
                         -0.04    0.53   library hold time
                                  0.53   data required time
-----------------------------------------------------------------------------
                                  0.53   data required time
                                 -0.77   data arrival time
-----------------------------------------------------------------------------
                                  0.24   slack (MET)


Startpoint: sb_0__0_.mem_right_track_34.sky130_fd_sc_hd__dfrtp_1_1_
            (rising edge-triggered flip-flop clocked by prog_clk)
Endpoint: sb_0__0_.mem_right_track_44.sky130_fd_sc_hd__dfrtp_1_0_
          (rising edge-triggered flip-flop clocked by prog_clk)
Path Group: prog_clk
Path Type: min

Fanout     Cap    Slew   Delay    Time   Description
-----------------------------------------------------------------------------
                          0.00    0.00   clock prog_clk (rise edge)
                          0.00    0.00   clock source latency
                  0.50    0.00    0.00 ^ prog_clk (in)
     1    0.03                           prog_clk (net)
                  0.50    0.00    0.00 ^ clkbuf_0_prog_clk/A (sky130_fd_sc_hd__clkbuf_16)
                  0.10    0.27    0.28 ^ clkbuf_0_prog_clk/X (sky130_fd_sc_hd__clkbuf_16)
     8    0.08                           clknet_0_prog_clk (net)
                  0.10    0.00    0.28 ^ clkbuf_3_2__f_prog_clk/A (sky130_fd_sc_hd__clkbuf_16)
                  0.04    0.14    0.42 ^ clkbuf_3_2__f_prog_clk/X (sky130_fd_sc_hd__clkbuf_16)
     6    0.02                           clknet_3_2__leaf_prog_clk (net)
                  0.04    0.00    0.42 ^ sb_0__0_.mem_right_track_34.sky130_fd_sc_hd__dfrtp_1_1_/CLK (sky130_fd_sc_hd__dfrtp_1)
                  0.10    0.34    0.76 ^ sb_0__0_.mem_right_track_34.sky130_fd_sc_hd__dfrtp_1_1_/Q (sky130_fd_sc_hd__dfrtp_1)
     2    0.01                           sb_0__0_.mem_right_track_34.ccff_tail (net)
                  0.10    0.00    0.76 ^ sb_0__0_.mem_right_track_44.sky130_fd_sc_hd__dfrtp_1_0_/D (sky130_fd_sc_hd__dfrtp_1)
                                  0.76   data arrival time

                          0.00    0.00   clock prog_clk (rise edge)
                          0.00    0.00   clock source latency
                  0.50    0.00    0.00 ^ prog_clk (in)
     1    0.03                           prog_clk (net)
                  0.50    0.00    0.00 ^ clkbuf_0_prog_clk/A (sky130_fd_sc_hd__clkbuf_16)
                  0.10    0.30    0.31 ^ clkbuf_0_prog_clk/X (sky130_fd_sc_hd__clkbuf_16)
     8    0.08                           clknet_0_prog_clk (net)
                  0.10    0.00    0.31 ^ clkbuf_3_6__f_prog_clk/A (sky130_fd_sc_hd__clkbuf_16)
                  0.08    0.19    0.49 ^ clkbuf_3_6__f_prog_clk/X (sky130_fd_sc_hd__clkbuf_16)
    11    0.06                           clknet_3_6__leaf_prog_clk (net)
                  0.08    0.00    0.50 ^ sb_0__0_.mem_right_track_44.sky130_fd_sc_hd__dfrtp_1_0_/CLK (sky130_fd_sc_hd__dfrtp_1)
                          0.10    0.60   clock uncertainty
                         -0.03    0.57   clock reconvergence pessimism
                         -0.04    0.53   library hold time
                                  0.53   data required time
-----------------------------------------------------------------------------
                                  0.53   data required time
                                 -0.76   data arrival time
-----------------------------------------------------------------------------
                                  0.24   slack (MET)


Startpoint: sb_0__0_.mem_right_track_16.sky130_fd_sc_hd__dfrtp_1_1_
            (rising edge-triggered flip-flop clocked by prog_clk)
Endpoint: sb_0__0_.mem_right_track_18.sky130_fd_sc_hd__dfrtp_1_0_
          (rising edge-triggered flip-flop clocked by prog_clk)
Path Group: prog_clk
Path Type: min

Fanout     Cap    Slew   Delay    Time   Description
-----------------------------------------------------------------------------
                          0.00    0.00   clock prog_clk (rise edge)
                          0.00    0.00   clock source latency
                  0.50    0.00    0.00 ^ prog_clk (in)
     1    0.03                           prog_clk (net)
                  0.50    0.00    0.00 ^ clkbuf_0_prog_clk/A (sky130_fd_sc_hd__clkbuf_16)
                  0.10    0.27    0.28 ^ clkbuf_0_prog_clk/X (sky130_fd_sc_hd__clkbuf_16)
     8    0.08                           clknet_0_prog_clk (net)
                  0.10    0.00    0.28 ^ clkbuf_3_5__f_prog_clk/A (sky130_fd_sc_hd__clkbuf_16)
                  0.05    0.15    0.43 ^ clkbuf_3_5__f_prog_clk/X (sky130_fd_sc_hd__clkbuf_16)
     9    0.03                           clknet_3_5__leaf_prog_clk (net)
                  0.05    0.00    0.43 ^ sb_0__0_.mem_right_track_16.sky130_fd_sc_hd__dfrtp_1_1_/CLK (sky130_fd_sc_hd__dfrtp_1)
                  0.09    0.34    0.77 ^ sb_0__0_.mem_right_track_16.sky130_fd_sc_hd__dfrtp_1_1_/Q (sky130_fd_sc_hd__dfrtp_1)
     2    0.01                           sb_0__0_.mem_right_track_16.ccff_tail (net)
                  0.09    0.00    0.77 ^ sb_0__0_.mem_right_track_18.sky130_fd_sc_hd__dfrtp_1_0_/D (sky130_fd_sc_hd__dfrtp_1)
                                  0.77   data arrival time

                          0.00    0.00   clock prog_clk (rise edge)
                          0.00    0.00   clock source latency
                  0.50    0.00    0.00 ^ prog_clk (in)
     1    0.03                           prog_clk (net)
                  0.50    0.00    0.00 ^ clkbuf_0_prog_clk/A (sky130_fd_sc_hd__clkbuf_16)
                  0.10    0.30    0.31 ^ clkbuf_0_prog_clk/X (sky130_fd_sc_hd__clkbuf_16)
     8    0.08                           clknet_0_prog_clk (net)
                  0.10    0.00    0.31 ^ clkbuf_3_7__f_prog_clk/A (sky130_fd_sc_hd__clkbuf_16)
                  0.07    0.18    0.49 ^ clkbuf_3_7__f_prog_clk/X (sky130_fd_sc_hd__clkbuf_16)
    15    0.05                           clknet_3_7__leaf_prog_clk (net)
                  0.07    0.00    0.49 ^ sb_0__0_.mem_right_track_18.sky130_fd_sc_hd__dfrtp_1_0_/CLK (sky130_fd_sc_hd__dfrtp_1)
                          0.10    0.59   clock uncertainty
                         -0.03    0.56   clock reconvergence pessimism
                         -0.04    0.52   library hold time
                                  0.52   data required time
-----------------------------------------------------------------------------
                                  0.52   data required time
                                 -0.77   data arrival time
-----------------------------------------------------------------------------
                                  0.25   slack (MET)


Startpoint: sb_0__0_.mem_right_track_32.sky130_fd_sc_hd__dfrtp_1_1_
            (rising edge-triggered flip-flop clocked by prog_clk)
Endpoint: sb_0__0_.mem_right_track_34.sky130_fd_sc_hd__dfrtp_1_0_
          (rising edge-triggered flip-flop clocked by prog_clk)
Path Group: prog_clk
Path Type: min

Fanout     Cap    Slew   Delay    Time   Description
-----------------------------------------------------------------------------
                          0.00    0.00   clock prog_clk (rise edge)
                          0.00    0.00   clock source latency
                  0.50    0.00    0.00 ^ prog_clk (in)
     1    0.03                           prog_clk (net)
                  0.50    0.00    0.00 ^ clkbuf_0_prog_clk/A (sky130_fd_sc_hd__clkbuf_16)
                  0.10    0.27    0.28 ^ clkbuf_0_prog_clk/X (sky130_fd_sc_hd__clkbuf_16)
     8    0.08                           clknet_0_prog_clk (net)
                  0.10    0.00    0.28 ^ clkbuf_3_5__f_prog_clk/A (sky130_fd_sc_hd__clkbuf_16)
                  0.05    0.15    0.43 ^ clkbuf_3_5__f_prog_clk/X (sky130_fd_sc_hd__clkbuf_16)
     9    0.03                           clknet_3_5__leaf_prog_clk (net)
                  0.05    0.00    0.43 ^ sb_0__0_.mem_right_track_32.sky130_fd_sc_hd__dfrtp_1_1_/CLK (sky130_fd_sc_hd__dfrtp_1)
                  0.10    0.34    0.77 ^ sb_0__0_.mem_right_track_32.sky130_fd_sc_hd__dfrtp_1_1_/Q (sky130_fd_sc_hd__dfrtp_1)
     2    0.01                           sb_0__0_.mem_right_track_32.ccff_tail (net)
                  0.10    0.00    0.77 ^ sb_0__0_.mem_right_track_34.sky130_fd_sc_hd__dfrtp_1_0_/D (sky130_fd_sc_hd__dfrtp_1)
                                  0.77   data arrival time

                          0.00    0.00   clock prog_clk (rise edge)
                          0.00    0.00   clock source latency
                  0.50    0.00    0.00 ^ prog_clk (in)
     1    0.03                           prog_clk (net)
                  0.50    0.00    0.00 ^ clkbuf_0_prog_clk/A (sky130_fd_sc_hd__clkbuf_16)
                  0.10    0.30    0.31 ^ clkbuf_0_prog_clk/X (sky130_fd_sc_hd__clkbuf_16)
     8    0.08                           clknet_0_prog_clk (net)
                  0.10    0.00    0.31 ^ clkbuf_3_6__f_prog_clk/A (sky130_fd_sc_hd__clkbuf_16)
                  0.08    0.19    0.49 ^ clkbuf_3_6__f_prog_clk/X (sky130_fd_sc_hd__clkbuf_16)
    11    0.06                           clknet_3_6__leaf_prog_clk (net)
                  0.08    0.00    0.50 ^ sb_0__0_.mem_right_track_34.sky130_fd_sc_hd__dfrtp_1_0_/CLK (sky130_fd_sc_hd__dfrtp_1)
                          0.10    0.60   clock uncertainty
                         -0.03    0.57   clock reconvergence pessimism
                         -0.04    0.53   library hold time
                                  0.53   data required time
-----------------------------------------------------------------------------
                                  0.53   data required time
                                 -0.77   data arrival time
-----------------------------------------------------------------------------
                                  0.25   slack (MET)


Startpoint: sb_0__0_.mem_top_track_6.sky130_fd_sc_hd__dfrtp_1_1_
            (rising edge-triggered flip-flop clocked by prog_clk)
Endpoint: sb_0__0_.mem_top_track_8.sky130_fd_sc_hd__dfrtp_1_0_
          (rising edge-triggered flip-flop clocked by prog_clk)
Path Group: prog_clk
Path Type: min

Fanout     Cap    Slew   Delay    Time   Description
-----------------------------------------------------------------------------
                          0.00    0.00   clock prog_clk (rise edge)
                          0.00    0.00   clock source latency
                  0.50    0.00    0.00 ^ prog_clk (in)
     1    0.03                           prog_clk (net)
                  0.50    0.00    0.00 ^ clkbuf_0_prog_clk/A (sky130_fd_sc_hd__clkbuf_16)
                  0.10    0.27    0.28 ^ clkbuf_0_prog_clk/X (sky130_fd_sc_hd__clkbuf_16)
     8    0.08                           clknet_0_prog_clk (net)
                  0.10    0.00    0.28 ^ clkbuf_3_1__f_prog_clk/A (sky130_fd_sc_hd__clkbuf_16)
                  0.04    0.14    0.42 ^ clkbuf_3_1__f_prog_clk/X (sky130_fd_sc_hd__clkbuf_16)
     7    0.02                           clknet_3_1__leaf_prog_clk (net)
                  0.04    0.00    0.42 ^ sb_0__0_.mem_top_track_6.sky130_fd_sc_hd__dfrtp_1_1_/CLK (sky130_fd_sc_hd__dfrtp_1)
                  0.09    0.33    0.75 ^ sb_0__0_.mem_top_track_6.sky130_fd_sc_hd__dfrtp_1_1_/Q (sky130_fd_sc_hd__dfrtp_1)
     2    0.01                           sb_0__0_.mem_top_track_6.ccff_tail (net)
                  0.09    0.00    0.75 ^ sb_0__0_.mem_top_track_8.sky130_fd_sc_hd__dfrtp_1_0_/D (sky130_fd_sc_hd__dfrtp_1)
                                  0.75   data arrival time

                          0.00    0.00   clock prog_clk (rise edge)
                          0.00    0.00   clock source latency
                  0.50    0.00    0.00 ^ prog_clk (in)
     1    0.03                           prog_clk (net)
                  0.50    0.00    0.00 ^ clkbuf_0_prog_clk/A (sky130_fd_sc_hd__clkbuf_16)
                  0.10    0.30    0.31 ^ clkbuf_0_prog_clk/X (sky130_fd_sc_hd__clkbuf_16)
     8    0.08                           clknet_0_prog_clk (net)
                  0.10    0.00    0.31 ^ clkbuf_3_3__f_prog_clk/A (sky130_fd_sc_hd__clkbuf_16)
                  0.05    0.16    0.47 ^ clkbuf_3_3__f_prog_clk/X (sky130_fd_sc_hd__clkbuf_16)
     6    0.03                           clknet_3_3__leaf_prog_clk (net)
                  0.05    0.00    0.47 ^ sb_0__0_.mem_top_track_8.sky130_fd_sc_hd__dfrtp_1_0_/CLK (sky130_fd_sc_hd__dfrtp_1)
                          0.10    0.57   clock uncertainty
                         -0.03    0.54   clock reconvergence pessimism
                         -0.04    0.50   library hold time
                                  0.50   data required time
-----------------------------------------------------------------------------
                                  0.50   data required time
                                 -0.75   data arrival time
-----------------------------------------------------------------------------
                                  0.25   slack (MET)


