
===========================================================================
report_checks -path_delay max (Setup)
============================================================================
Startpoint: prog_reset_top_in (input port clocked by clk0)
Endpoint: sb_0__0_.mem_top_track_28.sky130_fd_sc_hd__dfrtp_1_0_
          (recovery check against rising-edge clock prog_clk)
Path Group: asynchronous
Path Type: max

Fanout     Cap    Slew   Delay    Time   Description
-----------------------------------------------------------------------------
                  0.00    0.00    0.00   clock clk0 (rise edge)
                          0.00    0.00   clock network delay (ideal)
                          3.00    3.00 ^ input external delay
                  0.50    0.00    3.00 ^ prog_reset_top_in (in)
     1    0.01                           prog_reset_top_in (net)
                  0.50    0.00    3.00 ^ input62/A (sky130_fd_sc_hd__buf_12)
                  0.41    0.42    3.42 ^ input62/X (sky130_fd_sc_hd__buf_12)
    72    0.36                           net62 (net)
                  0.42    0.06    3.48 ^ sb_0__0_.mem_top_track_28.sky130_fd_sc_hd__dfrtp_1_0_/RESET_B (sky130_fd_sc_hd__dfrtp_1)
                                  3.48   data arrival time

                        100.00  100.00   clock prog_clk (rise edge)
                          0.00  100.00   clock source latency
                  0.50    0.00  100.00 ^ prog_clk (in)
     1    0.03                           prog_clk (net)
                  0.50    0.00  100.00 ^ clkbuf_0_prog_clk/A (sky130_fd_sc_hd__clkbuf_16)
                  0.10    0.27  100.28 ^ clkbuf_0_prog_clk/X (sky130_fd_sc_hd__clkbuf_16)
     8    0.08                           clknet_0_prog_clk (net)
                  0.10    0.00  100.28 ^ clkbuf_3_1__f_prog_clk/A (sky130_fd_sc_hd__clkbuf_16)
                  0.04    0.14  100.42 ^ clkbuf_3_1__f_prog_clk/X (sky130_fd_sc_hd__clkbuf_16)
     7    0.02                           clknet_3_1__leaf_prog_clk (net)
                  0.04    0.00  100.42 ^ sb_0__0_.mem_top_track_28.sky130_fd_sc_hd__dfrtp_1_0_/CLK (sky130_fd_sc_hd__dfrtp_1)
                         -0.10  100.32   clock uncertainty
                          0.00  100.32   clock reconvergence pessimism
                          0.13  100.45   library recovery time
                                100.45   data required time
-----------------------------------------------------------------------------
                                100.45   data required time
                                 -3.48   data arrival time
-----------------------------------------------------------------------------
                                 96.97   slack (MET)


Startpoint: prog_reset_top_in (input port clocked by clk0)
Endpoint: sb_0__0_.mem_right_track_50.sky130_fd_sc_hd__dfrtp_1_1_
          (recovery check against rising-edge clock prog_clk)
Path Group: asynchronous
Path Type: max

Fanout     Cap    Slew   Delay    Time   Description
-----------------------------------------------------------------------------
                  0.00    0.00    0.00   clock clk0 (rise edge)
                          0.00    0.00   clock network delay (ideal)
                          3.00    3.00 ^ input external delay
                  0.50    0.00    3.00 ^ prog_reset_top_in (in)
     1    0.01                           prog_reset_top_in (net)
                  0.50    0.00    3.00 ^ input62/A (sky130_fd_sc_hd__buf_12)
                  0.41    0.42    3.42 ^ input62/X (sky130_fd_sc_hd__buf_12)
    72    0.36                           net62 (net)
                  0.42    0.06    3.49 ^ sb_0__0_.mem_right_track_50.sky130_fd_sc_hd__dfrtp_1_1_/RESET_B (sky130_fd_sc_hd__dfrtp_4)
                                  3.49   data arrival time

                        100.00  100.00   clock prog_clk (rise edge)
                          0.00  100.00   clock source latency
                  0.50    0.00  100.00 ^ prog_clk (in)
     1    0.03                           prog_clk (net)
                  0.50    0.00  100.00 ^ clkbuf_0_prog_clk/A (sky130_fd_sc_hd__clkbuf_16)
                  0.10    0.27  100.28 ^ clkbuf_0_prog_clk/X (sky130_fd_sc_hd__clkbuf_16)
     8    0.08                           clknet_0_prog_clk (net)
                  0.10    0.00  100.28 ^ clkbuf_3_6__f_prog_clk/A (sky130_fd_sc_hd__clkbuf_16)
                  0.08    0.17  100.45 ^ clkbuf_3_6__f_prog_clk/X (sky130_fd_sc_hd__clkbuf_16)
    11    0.06                           clknet_3_6__leaf_prog_clk (net)
                  0.08    0.00  100.45 ^ sb_0__0_.mem_right_track_50.sky130_fd_sc_hd__dfrtp_1_1_/CLK (sky130_fd_sc_hd__dfrtp_4)
                         -0.10  100.35   clock uncertainty
                          0.00  100.35   clock reconvergence pessimism
                          0.11  100.46   library recovery time
                                100.46   data required time
-----------------------------------------------------------------------------
                                100.46   data required time
                                 -3.49   data arrival time
-----------------------------------------------------------------------------
                                 96.97   slack (MET)


Startpoint: prog_reset_top_in (input port clocked by clk0)
Endpoint: sb_0__0_.mem_top_track_0.sky130_fd_sc_hd__dfrtp_1_0_
          (recovery check against rising-edge clock prog_clk)
Path Group: asynchronous
Path Type: max

Fanout     Cap    Slew   Delay    Time   Description
-----------------------------------------------------------------------------
                  0.00    0.00    0.00   clock clk0 (rise edge)
                          0.00    0.00   clock network delay (ideal)
                          3.00    3.00 ^ input external delay
                  0.50    0.00    3.00 ^ prog_reset_top_in (in)
     1    0.01                           prog_reset_top_in (net)
                  0.50    0.00    3.00 ^ input62/A (sky130_fd_sc_hd__buf_12)
                  0.41    0.42    3.42 ^ input62/X (sky130_fd_sc_hd__buf_12)
    72    0.36                           net62 (net)
                  0.42    0.06    3.49 ^ sb_0__0_.mem_top_track_0.sky130_fd_sc_hd__dfrtp_1_0_/RESET_B (sky130_fd_sc_hd__dfrtp_4)
                                  3.49   data arrival time

                        100.00  100.00   clock prog_clk (rise edge)
                          0.00  100.00   clock source latency
                  0.50    0.00  100.00 ^ prog_clk (in)
     1    0.03                           prog_clk (net)
                  0.50    0.00  100.00 ^ clkbuf_0_prog_clk/A (sky130_fd_sc_hd__clkbuf_16)
                  0.10    0.27  100.28 ^ clkbuf_0_prog_clk/X (sky130_fd_sc_hd__clkbuf_16)
     8    0.08                           clknet_0_prog_clk (net)
                  0.10    0.00  100.28 ^ clkbuf_3_6__f_prog_clk/A (sky130_fd_sc_hd__clkbuf_16)
                  0.08    0.17  100.45 ^ clkbuf_3_6__f_prog_clk/X (sky130_fd_sc_hd__clkbuf_16)
    11    0.06                           clknet_3_6__leaf_prog_clk (net)
                  0.08    0.00  100.45 ^ sb_0__0_.mem_top_track_0.sky130_fd_sc_hd__dfrtp_1_0_/CLK (sky130_fd_sc_hd__dfrtp_4)
                         -0.10  100.35   clock uncertainty
                          0.00  100.35   clock reconvergence pessimism
                          0.11  100.46   library recovery time
                                100.46   data required time
-----------------------------------------------------------------------------
                                100.46   data required time
                                 -3.49   data arrival time
-----------------------------------------------------------------------------
                                 96.97   slack (MET)


Startpoint: prog_reset_top_in (input port clocked by clk0)
Endpoint: sb_0__0_.mem_top_track_18.sky130_fd_sc_hd__dfrtp_1_1_
          (recovery check against rising-edge clock prog_clk)
Path Group: asynchronous
Path Type: max

Fanout     Cap    Slew   Delay    Time   Description
-----------------------------------------------------------------------------
                  0.00    0.00    0.00   clock clk0 (rise edge)
                          0.00    0.00   clock network delay (ideal)
                          3.00    3.00 ^ input external delay
                  0.50    0.00    3.00 ^ prog_reset_top_in (in)
     1    0.01                           prog_reset_top_in (net)
                  0.50    0.00    3.00 ^ input62/A (sky130_fd_sc_hd__buf_12)
                  0.41    0.42    3.42 ^ input62/X (sky130_fd_sc_hd__buf_12)
    72    0.36                           net62 (net)
                  0.42    0.06    3.48 ^ sb_0__0_.mem_top_track_18.sky130_fd_sc_hd__dfrtp_1_1_/RESET_B (sky130_fd_sc_hd__dfrtp_1)
                                  3.48   data arrival time

                        100.00  100.00   clock prog_clk (rise edge)
                          0.00  100.00   clock source latency
                  0.50    0.00  100.00 ^ prog_clk (in)
     1    0.03                           prog_clk (net)
                  0.50    0.00  100.00 ^ clkbuf_0_prog_clk/A (sky130_fd_sc_hd__clkbuf_16)
                  0.10    0.27  100.28 ^ clkbuf_0_prog_clk/X (sky130_fd_sc_hd__clkbuf_16)
     8    0.08                           clknet_0_prog_clk (net)
                  0.10    0.00  100.28 ^ clkbuf_3_1__f_prog_clk/A (sky130_fd_sc_hd__clkbuf_16)
                  0.04    0.14  100.42 ^ clkbuf_3_1__f_prog_clk/X (sky130_fd_sc_hd__clkbuf_16)
     7    0.02                           clknet_3_1__leaf_prog_clk (net)
                  0.04    0.00  100.42 ^ sb_0__0_.mem_top_track_18.sky130_fd_sc_hd__dfrtp_1_1_/CLK (sky130_fd_sc_hd__dfrtp_1)
                         -0.10  100.32   clock uncertainty
                          0.00  100.32   clock reconvergence pessimism
                          0.13  100.45   library recovery time
                                100.45   data required time
-----------------------------------------------------------------------------
                                100.45   data required time
                                 -3.48   data arrival time
-----------------------------------------------------------------------------
                                 96.97   slack (MET)


Startpoint: prog_reset_top_in (input port clocked by clk0)
Endpoint: sb_0__0_.mem_top_track_2.sky130_fd_sc_hd__dfrtp_1_0_
          (recovery check against rising-edge clock prog_clk)
Path Group: asynchronous
Path Type: max

Fanout     Cap    Slew   Delay    Time   Description
-----------------------------------------------------------------------------
                  0.00    0.00    0.00   clock clk0 (rise edge)
                          0.00    0.00   clock network delay (ideal)
                          3.00    3.00 ^ input external delay
                  0.50    0.00    3.00 ^ prog_reset_top_in (in)
     1    0.01                           prog_reset_top_in (net)
                  0.50    0.00    3.00 ^ input62/A (sky130_fd_sc_hd__buf_12)
                  0.41    0.42    3.42 ^ input62/X (sky130_fd_sc_hd__buf_12)
    72    0.36                           net62 (net)
                  0.42    0.06    3.48 ^ sb_0__0_.mem_top_track_2.sky130_fd_sc_hd__dfrtp_1_0_/RESET_B (sky130_fd_sc_hd__dfrtp_1)
                                  3.48   data arrival time

                        100.00  100.00   clock prog_clk (rise edge)
                          0.00  100.00   clock source latency
                  0.50    0.00  100.00 ^ prog_clk (in)
     1    0.03                           prog_clk (net)
                  0.50    0.00  100.00 ^ clkbuf_0_prog_clk/A (sky130_fd_sc_hd__clkbuf_16)
                  0.10    0.27  100.28 ^ clkbuf_0_prog_clk/X (sky130_fd_sc_hd__clkbuf_16)
     8    0.08                           clknet_0_prog_clk (net)
                  0.10    0.00  100.28 ^ clkbuf_3_1__f_prog_clk/A (sky130_fd_sc_hd__clkbuf_16)
                  0.04    0.14  100.42 ^ clkbuf_3_1__f_prog_clk/X (sky130_fd_sc_hd__clkbuf_16)
     7    0.02                           clknet_3_1__leaf_prog_clk (net)
                  0.04    0.00  100.42 ^ sb_0__0_.mem_top_track_2.sky130_fd_sc_hd__dfrtp_1_0_/CLK (sky130_fd_sc_hd__dfrtp_1)
                         -0.10  100.32   clock uncertainty
                          0.00  100.32   clock reconvergence pessimism
                          0.13  100.45   library recovery time
                                100.45   data required time
-----------------------------------------------------------------------------
                                100.45   data required time
                                 -3.48   data arrival time
-----------------------------------------------------------------------------
                                 96.97   slack (MET)


Startpoint: top_left_grid_right_width_0_height_0_subtile_1__pin_inpad_0_
            (input port clocked by clk0)
Endpoint: chany_top_out[6] (output port clocked by clk0)
Path Group: clk0
Path Type: max

Fanout     Cap    Slew   Delay    Time   Description
-----------------------------------------------------------------------------
                  0.00    0.00    0.00   clock clk0 (rise edge)
                          0.00    0.00   clock network delay (ideal)
                          3.00    3.00 v input external delay
                  0.50    0.00    3.00 v top_left_grid_right_width_0_height_0_subtile_1__pin_inpad_0_ (in)
     1    0.00                           top_left_grid_right_width_0_height_0_subtile_1__pin_inpad_0_ (net)
                  0.50    0.00    3.00 v input68/A (sky130_fd_sc_hd__buf_2)
                  0.14    0.41    3.41 v input68/X (sky130_fd_sc_hd__buf_2)
     5    0.06                           net68 (net)
                  0.14    0.01    3.42 v sb_0__0_.mux_top_track_46.mux_l1_in_0_/A1 (sky130_fd_sc_hd__mux2_1)
                  0.08    0.38    3.81 v sb_0__0_.mux_top_track_46.mux_l1_in_0_/X (sky130_fd_sc_hd__mux2_1)
     1    0.01                           sb_0__0_.mux_top_track_46.sky130_fd_sc_hd__mux2_1_0_X (net)
                  0.08    0.00    3.81 v sb_0__0_.mux_top_track_46.mux_l2_in_0_/A1 (sky130_fd_sc_hd__mux2_1)
                  0.10    0.38    4.18 v sb_0__0_.mux_top_track_46.mux_l2_in_0_/X (sky130_fd_sc_hd__mux2_1)
     1    0.01                           sb_0__0_.mux_top_track_46.sky130_fd_sc_hd__mux2_1_1_X (net)
                  0.10    0.00    4.18 v sb_0__0_.mux_top_track_46.sky130_fd_sc_hd__buf_4_0_/A (sky130_fd_sc_hd__clkbuf_1)
                  0.08    0.16    4.35 v sb_0__0_.mux_top_track_46.sky130_fd_sc_hd__buf_4_0_/X (sky130_fd_sc_hd__clkbuf_1)
     1    0.01                           sb_0__0_.mux_top_track_46.out (net)
                  0.08    0.00    4.35 v _108_/A (sky130_fd_sc_hd__clkbuf_2)
                  0.08    0.17    4.51 v _108_/X (sky130_fd_sc_hd__clkbuf_2)
     1    0.02                           net128 (net)
                  0.08    0.00    4.52 v output128/A (sky130_fd_sc_hd__buf_12)
                  0.07    0.19    4.71 v output128/X (sky130_fd_sc_hd__buf_12)
     1    0.12                           chany_top_out[6] (net)
                  0.07    0.00    4.71 v chany_top_out[6] (out)
                                  4.71   data arrival time

                  0.00  100.00  100.00   clock clk0 (rise edge)
                          0.00  100.00   clock network delay (ideal)
                         -0.10   99.90   clock uncertainty
                          0.00   99.90   clock reconvergence pessimism
                         -3.00   96.90   output external delay
                                 96.90   data required time
-----------------------------------------------------------------------------
                                 96.90   data required time
                                 -4.71   data arrival time
-----------------------------------------------------------------------------
                                 92.19   slack (MET)


Startpoint: top_left_grid_right_width_0_height_0_subtile_2__pin_inpad_0_
            (input port clocked by clk0)
Endpoint: chany_top_out[5] (output port clocked by clk0)
Path Group: clk0
Path Type: max

Fanout     Cap    Slew   Delay    Time   Description
-----------------------------------------------------------------------------
                  0.00    0.00    0.00   clock clk0 (rise edge)
                          0.00    0.00   clock network delay (ideal)
                          3.00    3.00 v input external delay
                  0.50    0.00    3.00 v top_left_grid_right_width_0_height_0_subtile_2__pin_inpad_0_ (in)
     1    0.00                           top_left_grid_right_width_0_height_0_subtile_2__pin_inpad_0_ (net)
                  0.50    0.00    3.00 v input69/A (sky130_fd_sc_hd__buf_2)
                  0.14    0.41    3.41 v input69/X (sky130_fd_sc_hd__buf_2)
     6    0.06                           net69 (net)
                  0.14    0.00    3.42 v sb_0__0_.mux_top_track_48.mux_l1_in_0_/A1 (sky130_fd_sc_hd__mux2_1)
                  0.09    0.39    3.81 v sb_0__0_.mux_top_track_48.mux_l1_in_0_/X (sky130_fd_sc_hd__mux2_1)
     1    0.01                           sb_0__0_.mux_top_track_48.sky130_fd_sc_hd__mux2_1_0_X (net)
                  0.09    0.00    3.81 v sb_0__0_.mux_top_track_48.mux_l2_in_0_/A1 (sky130_fd_sc_hd__mux2_1)
                  0.10    0.38    4.19 v sb_0__0_.mux_top_track_48.mux_l2_in_0_/X (sky130_fd_sc_hd__mux2_1)
     1    0.01                           sb_0__0_.mux_top_track_48.sky130_fd_sc_hd__mux2_1_1_X (net)
                  0.10    0.00    4.19 v sb_0__0_.mux_top_track_48.sky130_fd_sc_hd__buf_4_0_/A (sky130_fd_sc_hd__clkbuf_1)
                  0.07    0.16    4.34 v sb_0__0_.mux_top_track_48.sky130_fd_sc_hd__buf_4_0_/X (sky130_fd_sc_hd__clkbuf_1)
     1    0.01                           sb_0__0_.mux_top_track_48.out (net)
                  0.07    0.00    4.34 v _107_/A (sky130_fd_sc_hd__clkbuf_2)
                  0.08    0.17    4.51 v _107_/X (sky130_fd_sc_hd__clkbuf_2)
     1    0.02                           net127 (net)
                  0.08    0.00    4.51 v output127/A (sky130_fd_sc_hd__buf_12)
                  0.07    0.19    4.70 v output127/X (sky130_fd_sc_hd__buf_12)
     1    0.12                           chany_top_out[5] (net)
                  0.07    0.00    4.71 v chany_top_out[5] (out)
                                  4.71   data arrival time

                  0.00  100.00  100.00   clock clk0 (rise edge)
                          0.00  100.00   clock network delay (ideal)
                         -0.10   99.90   clock uncertainty
                          0.00   99.90   clock reconvergence pessimism
                         -3.00   96.90   output external delay
                                 96.90   data required time
-----------------------------------------------------------------------------
                                 96.90   data required time
                                 -4.71   data arrival time
-----------------------------------------------------------------------------
                                 92.19   slack (MET)


Startpoint: top_left_grid_right_width_0_height_0_subtile_3__pin_inpad_0_
            (input port clocked by clk0)
Endpoint: chany_top_out[4] (output port clocked by clk0)
Path Group: clk0
Path Type: max

Fanout     Cap    Slew   Delay    Time   Description
-----------------------------------------------------------------------------
                  0.00    0.00    0.00   clock clk0 (rise edge)
                          0.00    0.00   clock network delay (ideal)
                          3.00    3.00 v input external delay
                  0.50    0.00    3.00 v top_left_grid_right_width_0_height_0_subtile_3__pin_inpad_0_ (in)
     1    0.00                           top_left_grid_right_width_0_height_0_subtile_3__pin_inpad_0_ (net)
                  0.50    0.00    3.00 v input70/A (sky130_fd_sc_hd__buf_2)
                  0.15    0.42    3.42 v input70/X (sky130_fd_sc_hd__buf_2)
     6    0.06                           net70 (net)
                  0.15    0.01    3.43 v sb_0__0_.mux_top_track_50.mux_l1_in_0_/A1 (sky130_fd_sc_hd__mux2_1)
                  0.09    0.39    3.82 v sb_0__0_.mux_top_track_50.mux_l1_in_0_/X (sky130_fd_sc_hd__mux2_1)
     1    0.01                           sb_0__0_.mux_top_track_50.sky130_fd_sc_hd__mux2_1_0_X (net)
                  0.09    0.00    3.82 v sb_0__0_.mux_top_track_50.mux_l2_in_0_/A1 (sky130_fd_sc_hd__mux2_1)
                  0.10    0.38    4.20 v sb_0__0_.mux_top_track_50.mux_l2_in_0_/X (sky130_fd_sc_hd__mux2_1)
     1    0.01                           sb_0__0_.mux_top_track_50.sky130_fd_sc_hd__mux2_1_1_X (net)
                  0.10    0.00    4.20 v sb_0__0_.mux_top_track_50.sky130_fd_sc_hd__buf_4_0_/A (sky130_fd_sc_hd__clkbuf_1)
                  0.07    0.16    4.36 v sb_0__0_.mux_top_track_50.sky130_fd_sc_hd__buf_4_0_/X (sky130_fd_sc_hd__clkbuf_1)
     1    0.01                           sb_0__0_.mux_top_track_50.out (net)
                  0.07    0.00    4.36 v _106_/A (sky130_fd_sc_hd__clkbuf_2)
                  0.07    0.16    4.51 v _106_/X (sky130_fd_sc_hd__clkbuf_2)
     1    0.02                           net126 (net)
                  0.07    0.00    4.51 v output126/A (sky130_fd_sc_hd__buf_12)
                  0.07    0.19    4.70 v output126/X (sky130_fd_sc_hd__buf_12)
     1    0.12                           chany_top_out[4] (net)
                  0.07    0.00    4.70 v chany_top_out[4] (out)
                                  4.70   data arrival time

                  0.00  100.00  100.00   clock clk0 (rise edge)
                          0.00  100.00   clock network delay (ideal)
                         -0.10   99.90   clock uncertainty
                          0.00   99.90   clock reconvergence pessimism
                         -3.00   96.90   output external delay
                                 96.90   data required time
-----------------------------------------------------------------------------
                                 96.90   data required time
                                 -4.70   data arrival time
-----------------------------------------------------------------------------
                                 92.20   slack (MET)


Startpoint: top_left_grid_right_width_0_height_0_subtile_0__pin_inpad_0_
            (input port clocked by clk0)
Endpoint: chany_top_out[7] (output port clocked by clk0)
Path Group: clk0
Path Type: max

Fanout     Cap    Slew   Delay    Time   Description
-----------------------------------------------------------------------------
                  0.00    0.00    0.00   clock clk0 (rise edge)
                          0.00    0.00   clock network delay (ideal)
                          3.00    3.00 v input external delay
                  0.50    0.00    3.00 v top_left_grid_right_width_0_height_0_subtile_0__pin_inpad_0_ (in)
     1    0.00                           top_left_grid_right_width_0_height_0_subtile_0__pin_inpad_0_ (net)
                  0.50    0.00    3.00 v input67/A (sky130_fd_sc_hd__buf_2)
                  0.14    0.41    3.41 v input67/X (sky130_fd_sc_hd__buf_2)
     5    0.05                           net67 (net)
                  0.14    0.01    3.42 v sb_0__0_.mux_top_track_44.mux_l1_in_0_/A1 (sky130_fd_sc_hd__mux2_1)
                  0.08    0.38    3.80 v sb_0__0_.mux_top_track_44.mux_l1_in_0_/X (sky130_fd_sc_hd__mux2_1)
     1    0.01                           sb_0__0_.mux_top_track_44.sky130_fd_sc_hd__mux2_1_0_X (net)
                  0.08    0.00    3.80 v sb_0__0_.mux_top_track_44.mux_l2_in_0_/A1 (sky130_fd_sc_hd__mux2_1)
                  0.10    0.38    4.17 v sb_0__0_.mux_top_track_44.mux_l2_in_0_/X (sky130_fd_sc_hd__mux2_1)
     1    0.01                           sb_0__0_.mux_top_track_44.sky130_fd_sc_hd__mux2_1_1_X (net)
                  0.10    0.00    4.18 v sb_0__0_.mux_top_track_44.sky130_fd_sc_hd__buf_4_0_/A (sky130_fd_sc_hd__clkbuf_1)
                  0.08    0.16    4.34 v sb_0__0_.mux_top_track_44.sky130_fd_sc_hd__buf_4_0_/X (sky130_fd_sc_hd__clkbuf_1)
     1    0.01                           sb_0__0_.mux_top_track_44.out (net)
                  0.08    0.00    4.34 v _109_/A (sky130_fd_sc_hd__clkbuf_2)
                  0.07    0.16    4.50 v _109_/X (sky130_fd_sc_hd__clkbuf_2)
     1    0.02                           net129 (net)
                  0.07    0.00    4.50 v output129/A (sky130_fd_sc_hd__buf_12)
                  0.07    0.19    4.68 v output129/X (sky130_fd_sc_hd__buf_12)
     1    0.12                           chany_top_out[7] (net)
                  0.07    0.00    4.69 v chany_top_out[7] (out)
                                  4.69   data arrival time

                  0.00  100.00  100.00   clock clk0 (rise edge)
                          0.00  100.00   clock network delay (ideal)
                         -0.10   99.90   clock uncertainty
                          0.00   99.90   clock reconvergence pessimism
                         -3.00   96.90   output external delay
                                 96.90   data required time
-----------------------------------------------------------------------------
                                 96.90   data required time
                                 -4.69   data arrival time
-----------------------------------------------------------------------------
                                 92.21   slack (MET)


Startpoint: top_left_grid_right_width_0_height_0_subtile_3__pin_inpad_0_
            (input port clocked by clk0)
Endpoint: chany_top_out[12] (output port clocked by clk0)
Path Group: clk0
Path Type: max

Fanout     Cap    Slew   Delay    Time   Description
-----------------------------------------------------------------------------
                  0.00    0.00    0.00   clock clk0 (rise edge)
                          0.00    0.00   clock network delay (ideal)
                          3.00    3.00 v input external delay
                  0.50    0.00    3.00 v top_left_grid_right_width_0_height_0_subtile_3__pin_inpad_0_ (in)
     1    0.00                           top_left_grid_right_width_0_height_0_subtile_3__pin_inpad_0_ (net)
                  0.50    0.00    3.00 v input70/A (sky130_fd_sc_hd__buf_2)
                  0.15    0.42    3.42 v input70/X (sky130_fd_sc_hd__buf_2)
     6    0.06                           net70 (net)
                  0.15    0.01    3.43 v sb_0__0_.mux_top_track_34.mux_l1_in_0_/A1 (sky130_fd_sc_hd__mux2_1)
                  0.08    0.38    3.81 v sb_0__0_.mux_top_track_34.mux_l1_in_0_/X (sky130_fd_sc_hd__mux2_1)
     1    0.01                           sb_0__0_.mux_top_track_34.sky130_fd_sc_hd__mux2_1_0_X (net)
                  0.08    0.00    3.81 v sb_0__0_.mux_top_track_34.mux_l2_in_0_/A1 (sky130_fd_sc_hd__mux2_1)
                  0.10    0.37    4.19 v sb_0__0_.mux_top_track_34.mux_l2_in_0_/X (sky130_fd_sc_hd__mux2_1)
     1    0.01                           sb_0__0_.mux_top_track_34.sky130_fd_sc_hd__mux2_1_1_X (net)
                  0.10    0.00    4.19 v sb_0__0_.mux_top_track_34.sky130_fd_sc_hd__buf_4_0_/A (sky130_fd_sc_hd__clkbuf_1)
                  0.06    0.15    4.33 v sb_0__0_.mux_top_track_34.sky130_fd_sc_hd__buf_4_0_/X (sky130_fd_sc_hd__clkbuf_1)
     1    0.01                           sb_0__0_.mux_top_track_34.out (net)
                  0.06    0.00    4.34 v _114_/A (sky130_fd_sc_hd__clkbuf_2)
                  0.06    0.15    4.48 v _114_/X (sky130_fd_sc_hd__clkbuf_2)
     1    0.01                           net105 (net)
                  0.06    0.00    4.48 v output105/A (sky130_fd_sc_hd__buf_12)
                  0.07    0.18    4.67 v output105/X (sky130_fd_sc_hd__buf_12)
     1    0.12                           chany_top_out[12] (net)
                  0.07    0.00    4.67 v chany_top_out[12] (out)
                                  4.67   data arrival time

                  0.00  100.00  100.00   clock clk0 (rise edge)
                          0.00  100.00   clock network delay (ideal)
                         -0.10   99.90   clock uncertainty
                          0.00   99.90   clock reconvergence pessimism
                         -3.00   96.90   output external delay
                                 96.90   data required time
-----------------------------------------------------------------------------
                                 96.90   data required time
                                 -4.67   data arrival time
-----------------------------------------------------------------------------
                                 92.23   slack (MET)


Startpoint: ccff_head (input port clocked by clk0)
Endpoint: sb_0__0_.mem_top_track_0.sky130_fd_sc_hd__dfrtp_1_0_
          (rising edge-triggered flip-flop clocked by prog_clk)
Path Group: prog_clk
Path Type: max

Fanout     Cap    Slew   Delay    Time   Description
-----------------------------------------------------------------------------
                  0.00    0.00    0.00   clock clk0 (rise edge)
                          0.00    0.00   clock network delay (ideal)
                          3.00    3.00 v input external delay
                  0.50    0.00    3.00 v ccff_head (in)
     1    0.00                           ccff_head (net)
                  0.50    0.00    3.00 v input1/A (sky130_fd_sc_hd__dlymetal6s2s_1)
                  0.10    0.38    3.38 v input1/X (sky130_fd_sc_hd__dlymetal6s2s_1)
     1    0.02                           net1 (net)
                  0.10    0.00    3.38 v sb_0__0_.mem_top_track_0.sky130_fd_sc_hd__dfrtp_1_0_/D (sky130_fd_sc_hd__dfrtp_4)
                                  3.38   data arrival time

                        100.00  100.00   clock prog_clk (rise edge)
                          0.00  100.00   clock source latency
                  0.50    0.00  100.00 ^ prog_clk (in)
     1    0.03                           prog_clk (net)
                  0.50    0.00  100.00 ^ clkbuf_0_prog_clk/A (sky130_fd_sc_hd__clkbuf_16)
                  0.10    0.27  100.28 ^ clkbuf_0_prog_clk/X (sky130_fd_sc_hd__clkbuf_16)
     8    0.08                           clknet_0_prog_clk (net)
                  0.10    0.00  100.28 ^ clkbuf_3_6__f_prog_clk/A (sky130_fd_sc_hd__clkbuf_16)
                  0.08    0.17  100.45 ^ clkbuf_3_6__f_prog_clk/X (sky130_fd_sc_hd__clkbuf_16)
    11    0.06                           clknet_3_6__leaf_prog_clk (net)
                  0.08    0.00  100.45 ^ sb_0__0_.mem_top_track_0.sky130_fd_sc_hd__dfrtp_1_0_/CLK (sky130_fd_sc_hd__dfrtp_4)
                         -0.10  100.35   clock uncertainty
                          0.00  100.35   clock reconvergence pessimism
                         -0.13  100.22   library setup time
                                100.22   data required time
-----------------------------------------------------------------------------
                                100.22   data required time
                                 -3.38   data arrival time
-----------------------------------------------------------------------------
                                 96.84   slack (MET)


Startpoint: sb_0__0_.mem_top_track_0.sky130_fd_sc_hd__dfrtp_1_0_
            (rising edge-triggered flip-flop clocked by prog_clk)
Endpoint: sb_0__0_.mem_top_track_0.sky130_fd_sc_hd__dfrtp_1_1_
          (rising edge-triggered flip-flop clocked by prog_clk)
Path Group: prog_clk
Path Type: max

Fanout     Cap    Slew   Delay    Time   Description
-----------------------------------------------------------------------------
                          0.00    0.00   clock prog_clk (rise edge)
                          0.00    0.00   clock source latency
                  0.50    0.00    0.00 ^ prog_clk (in)
     1    0.03                           prog_clk (net)
                  0.50    0.00    0.00 ^ clkbuf_0_prog_clk/A (sky130_fd_sc_hd__clkbuf_16)
                  0.10    0.30    0.31 ^ clkbuf_0_prog_clk/X (sky130_fd_sc_hd__clkbuf_16)
     8    0.08                           clknet_0_prog_clk (net)
                  0.10    0.00    0.31 ^ clkbuf_3_6__f_prog_clk/A (sky130_fd_sc_hd__clkbuf_16)
                  0.08    0.19    0.49 ^ clkbuf_3_6__f_prog_clk/X (sky130_fd_sc_hd__clkbuf_16)
    11    0.06                           clknet_3_6__leaf_prog_clk (net)
                  0.08    0.00    0.50 ^ sb_0__0_.mem_top_track_0.sky130_fd_sc_hd__dfrtp_1_0_/CLK (sky130_fd_sc_hd__dfrtp_4)
                  0.10    0.56    1.06 v sb_0__0_.mem_top_track_0.sky130_fd_sc_hd__dfrtp_1_0_/Q (sky130_fd_sc_hd__dfrtp_4)
     3    0.03                           sb_0__0_.mem_top_track_0.mem_out[0] (net)
                  0.10    0.00    1.06 v sb_0__0_.mem_top_track_0.sky130_fd_sc_hd__dfrtp_1_1_/D (sky130_fd_sc_hd__dfrtp_1)
                                  1.06   data arrival time

                        100.00  100.00   clock prog_clk (rise edge)
                          0.00  100.00   clock source latency
                  0.50    0.00  100.00 ^ prog_clk (in)
     1    0.03                           prog_clk (net)
                  0.50    0.00  100.00 ^ clkbuf_0_prog_clk/A (sky130_fd_sc_hd__clkbuf_16)
                  0.10    0.27  100.28 ^ clkbuf_0_prog_clk/X (sky130_fd_sc_hd__clkbuf_16)
     8    0.08                           clknet_0_prog_clk (net)
                  0.10    0.00  100.28 ^ clkbuf_3_0__f_prog_clk/A (sky130_fd_sc_hd__clkbuf_16)
                  0.05    0.15  100.43 ^ clkbuf_3_0__f_prog_clk/X (sky130_fd_sc_hd__clkbuf_16)
    10    0.03                           clknet_3_0__leaf_prog_clk (net)
                  0.05    0.00  100.43 ^ sb_0__0_.mem_top_track_0.sky130_fd_sc_hd__dfrtp_1_1_/CLK (sky130_fd_sc_hd__dfrtp_1)
                         -0.10  100.33   clock uncertainty
                          0.03  100.36   clock reconvergence pessimism
                         -0.14  100.22   library setup time
                                100.22   data required time
-----------------------------------------------------------------------------
                                100.22   data required time
                                 -1.06   data arrival time
-----------------------------------------------------------------------------
                                 99.16   slack (MET)


Startpoint: sb_0__0_.mem_right_track_44.sky130_fd_sc_hd__dfrtp_1_0_
            (rising edge-triggered flip-flop clocked by prog_clk)
Endpoint: sb_0__0_.mem_right_track_44.sky130_fd_sc_hd__dfrtp_1_1_
          (rising edge-triggered flip-flop clocked by prog_clk)
Path Group: prog_clk
Path Type: max

Fanout     Cap    Slew   Delay    Time   Description
-----------------------------------------------------------------------------
                          0.00    0.00   clock prog_clk (rise edge)
                          0.00    0.00   clock source latency
                  0.50    0.00    0.00 ^ prog_clk (in)
     1    0.03                           prog_clk (net)
                  0.50    0.00    0.00 ^ clkbuf_0_prog_clk/A (sky130_fd_sc_hd__clkbuf_16)
                  0.10    0.30    0.31 ^ clkbuf_0_prog_clk/X (sky130_fd_sc_hd__clkbuf_16)
     8    0.08                           clknet_0_prog_clk (net)
                  0.10    0.00    0.31 ^ clkbuf_3_6__f_prog_clk/A (sky130_fd_sc_hd__clkbuf_16)
                  0.08    0.19    0.49 ^ clkbuf_3_6__f_prog_clk/X (sky130_fd_sc_hd__clkbuf_16)
    11    0.06                           clknet_3_6__leaf_prog_clk (net)
                  0.08    0.00    0.50 ^ sb_0__0_.mem_right_track_44.sky130_fd_sc_hd__dfrtp_1_0_/CLK (sky130_fd_sc_hd__dfrtp_1)
                  0.08    0.44    0.93 v sb_0__0_.mem_right_track_44.sky130_fd_sc_hd__dfrtp_1_0_/Q (sky130_fd_sc_hd__dfrtp_1)
     2    0.01                           sb_0__0_.mem_right_track_44.mem_out[0] (net)
                  0.08    0.00    0.93 v sb_0__0_.mem_right_track_44.sky130_fd_sc_hd__dfrtp_1_1_/D (sky130_fd_sc_hd__dfrtp_1)
                                  0.93   data arrival time

                        100.00  100.00   clock prog_clk (rise edge)
                          0.00  100.00   clock source latency
                  0.50    0.00  100.00 ^ prog_clk (in)
     1    0.03                           prog_clk (net)
                  0.50    0.00  100.00 ^ clkbuf_0_prog_clk/A (sky130_fd_sc_hd__clkbuf_16)
                  0.10    0.27  100.28 ^ clkbuf_0_prog_clk/X (sky130_fd_sc_hd__clkbuf_16)
     8    0.08                           clknet_0_prog_clk (net)
                  0.10    0.00  100.28 ^ clkbuf_3_4__f_prog_clk/A (sky130_fd_sc_hd__clkbuf_16)
                  0.05    0.15  100.43 ^ clkbuf_3_4__f_prog_clk/X (sky130_fd_sc_hd__clkbuf_16)
     9    0.03                           clknet_3_4__leaf_prog_clk (net)
                  0.05    0.00  100.43 ^ sb_0__0_.mem_right_track_44.sky130_fd_sc_hd__dfrtp_1_1_/CLK (sky130_fd_sc_hd__dfrtp_1)
                         -0.10  100.33   clock uncertainty
                          0.03  100.36   clock reconvergence pessimism
                         -0.13  100.23   library setup time
                                100.23   data required time
-----------------------------------------------------------------------------
                                100.23   data required time
                                 -0.93   data arrival time
-----------------------------------------------------------------------------
                                 99.30   slack (MET)


Startpoint: sb_0__0_.mem_right_track_0.sky130_fd_sc_hd__dfrtp_1_0_
            (rising edge-triggered flip-flop clocked by prog_clk)
Endpoint: sb_0__0_.mem_right_track_0.sky130_fd_sc_hd__dfrtp_1_1_
          (rising edge-triggered flip-flop clocked by prog_clk)
Path Group: prog_clk
Path Type: max

Fanout     Cap    Slew   Delay    Time   Description
-----------------------------------------------------------------------------
                          0.00    0.00   clock prog_clk (rise edge)
                          0.00    0.00   clock source latency
                  0.50    0.00    0.00 ^ prog_clk (in)
     1    0.03                           prog_clk (net)
                  0.50    0.00    0.00 ^ clkbuf_0_prog_clk/A (sky130_fd_sc_hd__clkbuf_16)
                  0.10    0.30    0.31 ^ clkbuf_0_prog_clk/X (sky130_fd_sc_hd__clkbuf_16)
     8    0.08                           clknet_0_prog_clk (net)
                  0.10    0.00    0.31 ^ clkbuf_3_0__f_prog_clk/A (sky130_fd_sc_hd__clkbuf_16)
                  0.05    0.16    0.47 ^ clkbuf_3_0__f_prog_clk/X (sky130_fd_sc_hd__clkbuf_16)
    10    0.03                           clknet_3_0__leaf_prog_clk (net)
                  0.05    0.00    0.47 ^ sb_0__0_.mem_right_track_0.sky130_fd_sc_hd__dfrtp_1_0_/CLK (sky130_fd_sc_hd__dfrtp_1)
                  0.11    0.45    0.92 v sb_0__0_.mem_right_track_0.sky130_fd_sc_hd__dfrtp_1_0_/Q (sky130_fd_sc_hd__dfrtp_1)
     3    0.02                           sb_0__0_.mem_right_track_0.mem_out[0] (net)
                  0.11    0.00    0.92 v sb_0__0_.mem_right_track_0.sky130_fd_sc_hd__dfrtp_1_1_/D (sky130_fd_sc_hd__dfrtp_1)
                                  0.92   data arrival time

                        100.00  100.00   clock prog_clk (rise edge)
                          0.00  100.00   clock source latency
                  0.50    0.00  100.00 ^ prog_clk (in)
     1    0.03                           prog_clk (net)
                  0.50    0.00  100.00 ^ clkbuf_0_prog_clk/A (sky130_fd_sc_hd__clkbuf_16)
                  0.10    0.27  100.28 ^ clkbuf_0_prog_clk/X (sky130_fd_sc_hd__clkbuf_16)
     8    0.08                           clknet_0_prog_clk (net)
                  0.10    0.00  100.28 ^ clkbuf_3_4__f_prog_clk/A (sky130_fd_sc_hd__clkbuf_16)
                  0.05    0.15  100.43 ^ clkbuf_3_4__f_prog_clk/X (sky130_fd_sc_hd__clkbuf_16)
     9    0.03                           clknet_3_4__leaf_prog_clk (net)
                  0.05    0.00  100.43 ^ sb_0__0_.mem_right_track_0.sky130_fd_sc_hd__dfrtp_1_1_/CLK (sky130_fd_sc_hd__dfrtp_1)
                         -0.10  100.33   clock uncertainty
                          0.03  100.36   clock reconvergence pessimism
                         -0.14  100.22   library setup time
                                100.22   data required time
-----------------------------------------------------------------------------
                                100.22   data required time
                                 -0.92   data arrival time
-----------------------------------------------------------------------------
                                 99.30   slack (MET)


Startpoint: sb_0__0_.mem_top_track_6.sky130_fd_sc_hd__dfrtp_1_0_
            (rising edge-triggered flip-flop clocked by prog_clk)
Endpoint: sb_0__0_.mem_top_track_6.sky130_fd_sc_hd__dfrtp_1_1_
          (rising edge-triggered flip-flop clocked by prog_clk)
Path Group: prog_clk
Path Type: max

Fanout     Cap    Slew   Delay    Time   Description
-----------------------------------------------------------------------------
                          0.00    0.00   clock prog_clk (rise edge)
                          0.00    0.00   clock source latency
                  0.50    0.00    0.00 ^ prog_clk (in)
     1    0.03                           prog_clk (net)
                  0.50    0.00    0.00 ^ clkbuf_0_prog_clk/A (sky130_fd_sc_hd__clkbuf_16)
                  0.10    0.30    0.31 ^ clkbuf_0_prog_clk/X (sky130_fd_sc_hd__clkbuf_16)
     8    0.08                           clknet_0_prog_clk (net)
                  0.10    0.00    0.31 ^ clkbuf_3_1__f_prog_clk/A (sky130_fd_sc_hd__clkbuf_16)
                  0.04    0.16    0.47 ^ clkbuf_3_1__f_prog_clk/X (sky130_fd_sc_hd__clkbuf_16)
     7    0.02                           clknet_3_1__leaf_prog_clk (net)
                  0.04    0.00    0.47 ^ sb_0__0_.mem_top_track_6.sky130_fd_sc_hd__dfrtp_1_0_/CLK (sky130_fd_sc_hd__dfrtp_1)
                  0.12    0.45    0.92 v sb_0__0_.mem_top_track_6.sky130_fd_sc_hd__dfrtp_1_0_/Q (sky130_fd_sc_hd__dfrtp_1)
     3    0.02                           sb_0__0_.mem_top_track_6.mem_out[0] (net)
                  0.12    0.00    0.92 v sb_0__0_.mem_top_track_6.sky130_fd_sc_hd__dfrtp_1_1_/D (sky130_fd_sc_hd__dfrtp_1)
                                  0.92   data arrival time

                        100.00  100.00   clock prog_clk (rise edge)
                          0.00  100.00   clock source latency
                  0.50    0.00  100.00 ^ prog_clk (in)
     1    0.03                           prog_clk (net)
                  0.50    0.00  100.00 ^ clkbuf_0_prog_clk/A (sky130_fd_sc_hd__clkbuf_16)
                  0.10    0.27  100.28 ^ clkbuf_0_prog_clk/X (sky130_fd_sc_hd__clkbuf_16)
     8    0.08                           clknet_0_prog_clk (net)
                  0.10    0.00  100.28 ^ clkbuf_3_1__f_prog_clk/A (sky130_fd_sc_hd__clkbuf_16)
                  0.04    0.14  100.42 ^ clkbuf_3_1__f_prog_clk/X (sky130_fd_sc_hd__clkbuf_16)
     7    0.02                           clknet_3_1__leaf_prog_clk (net)
                  0.04    0.00  100.42 ^ sb_0__0_.mem_top_track_6.sky130_fd_sc_hd__dfrtp_1_1_/CLK (sky130_fd_sc_hd__dfrtp_1)
                         -0.10  100.32   clock uncertainty
                          0.04  100.37   clock reconvergence pessimism
                         -0.15  100.22   library setup time
                                100.22   data required time
-----------------------------------------------------------------------------
                                100.22   data required time
                                 -0.92   data arrival time
-----------------------------------------------------------------------------
                                 99.30   slack (MET)


