Instance name,  X location,  Y location,  Voltage 
FILLER_95_454, 215.52, 269.28, 1.8
FILLER_95_461, 215.52, 269.28, 1.8
FILLER_95_468, 215.52, 269.28, 1.8
input49, 215.52, 269.28, 1.8
input50, 215.52, 269.28, 1.8
input51, 215.52, 269.28, 1.8
FILLER_94_468, 215.52, 263.84, 1.8
FILLER_88_455, 215.52, 252.96, 1.8
FILLER_86_445, 215.52, 247.52, 1.8
FILLER_87_460, 215.52, 247.52, 1.8
sb_0__0_.mux_right_track_12.mux_l1_in_0_, 215.52, 247.52, 1.8
sb_0__0_.mux_right_track_2.mux_l1_in_0_, 215.52, 247.52, 1.8
sb_0__0_.mux_top_track_6.mux_l1_in_1_, 215.52, 247.52, 1.8
sb_0__0_.mux_top_track_6.mux_l1_in_1__157, 215.52, 247.52, 1.8
FILLER_84_446, 215.52, 242.08, 1.8
FILLER_85_444, 215.52, 242.08, 1.8
FILLER_86_458, 215.52, 242.08, 1.8
sb_0__0_.mem_right_track_2.sky130_fd_sc_hd__dfrtp_1_1_, 215.52, 242.08, 1.8
sb_0__0_.mux_right_track_10.mux_l1_in_0_, 215.52, 242.08, 1.8
sb_0__0_.mux_right_track_14.mux_l1_in_0_, 215.52, 242.08, 1.8
FILLER_83_445, 215.52, 236.64, 1.8
FILLER_83_460, 215.52, 236.64, 1.8
FILLER_84_460, 215.52, 236.64, 1.8
sb_0__0_.mux_right_track_16.mux_l1_in_0_, 215.52, 236.64, 1.8
sb_0__0_.mux_right_track_32.mux_l1_in_0_, 215.52, 236.64, 1.8
FILLER_82_459, 215.52, 231.2, 1.8
sb_0__0_.mem_right_track_12.sky130_fd_sc_hd__dfrtp_1_1_, 215.52, 231.2, 1.8
sb_0__0_.mux_right_track_6.mux_l1_in_1_, 215.52, 231.2, 1.8
FILLER_78_443, 215.52, 225.76, 1.8
FILLER_79_443, 215.52, 225.76, 1.8
FILLER_80_462, 215.52, 225.76, 1.8
sb_0__0_.mem_right_track_12.sky130_fd_sc_hd__dfrtp_1_0_, 215.52, 225.76, 1.8
sb_0__0_.mem_right_track_16.sky130_fd_sc_hd__dfrtp_1_0_, 215.52, 225.76, 1.8
FILLER_76_443, 215.52, 220.32, 1.8
FILLER_77_443, 215.52, 220.32, 1.8
sb_0__0_.mem_right_track_16.sky130_fd_sc_hd__dfrtp_1_1_, 215.52, 220.32, 1.8
sb_0__0_.mem_right_track_28.sky130_fd_sc_hd__dfrtp_1_0_, 215.52, 220.32, 1.8
FILLER_74_443, 215.52, 214.88, 1.8
FILLER_75_443, 215.52, 214.88, 1.8
sb_0__0_.mem_right_track_18.sky130_fd_sc_hd__dfrtp_1_0_, 215.52, 214.88, 1.8
sb_0__0_.mem_right_track_18.sky130_fd_sc_hd__dfrtp_1_1_, 215.52, 214.88, 1.8
FILLER_72_443, 215.52, 209.44, 1.8
FILLER_72_456, 215.52, 209.44, 1.8
FILLER_73_449, 215.52, 209.44, 1.8
FILLER_73_459, 215.52, 209.44, 1.8
sb_0__0_.mux_right_track_14.mux_l2_in_0_, 215.52, 209.44, 1.8
sb_0__0_.mux_right_track_18.mux_l2_in_0__164, 215.52, 209.44, 1.8
sb_0__0_.mux_right_track_28.mux_l2_in_0_, 215.52, 209.44, 1.8
sb_0__0_.mux_right_track_28.mux_l2_in_0__166, 215.52, 209.44, 1.8
FILLER_70_443, 215.52, 204, 1.8
FILLER_71_454, 215.52, 204, 1.8
sb_0__0_.mux_right_track_16.mux_l2_in_0_, 215.52, 204, 1.8
sb_0__0_.mux_right_track_18.mux_l2_in_0_, 215.52, 204, 1.8
sb_0__0_.mux_right_track_30.mux_l2_in_0_, 215.52, 204, 1.8
sb_0__0_.mux_right_track_30.mux_l2_in_0__167, 215.52, 204, 1.8
FILLER_68_445, 215.52, 198.56, 1.8
FILLER_70_468, 215.52, 198.56, 1.8
sb_0__0_.mux_right_track_0.sky130_fd_sc_hd__buf_4_0_, 215.52, 198.56, 1.8
sb_0__0_.mux_right_track_32.mux_l2_in_0__132, 215.52, 198.56, 1.8
FILLER_67_443, 215.52, 193.12, 1.8
FILLER_65_461, 215.52, 187.68, 1.8
FILLER_66_468, 215.52, 187.68, 1.8
FILLER_63_461, 215.52, 182.24, 1.8
FILLER_64_457, 215.52, 182.24, 1.8
FILLER_64_465, 215.52, 182.24, 1.8
_089_, 215.52, 182.24, 1.8
_090_, 215.52, 182.24, 1.8
FILLER_61_445, 215.52, 176.8, 1.8
FILLER_62_457, 215.52, 176.8, 1.8
_088_, 215.52, 176.8, 1.8
FILLER_59_444, 215.52, 171.36, 1.8
FILLER_55_461, 215.52, 160.48, 1.8
FILLER_53_461, 215.52, 155.04, 1.8
FILLER_52_457, 215.52, 149.6, 1.8
FILLER_52_467, 215.52, 149.6, 1.8
sb_0__0_.mux_right_track_34.sky130_fd_sc_hd__buf_4_0_, 215.52, 149.6, 1.8
FILLER_48_445, 215.52, 144.16, 1.8
FILLER_49_449, 215.52, 144.16, 1.8
sb_0__0_.mux_right_track_44.sky130_fd_sc_hd__buf_4_0_, 215.52, 144.16, 1.8
sb_0__0_.mux_right_track_46.sky130_fd_sc_hd__buf_4_0_, 215.52, 144.16, 1.8
FILLER_48_467, 215.52, 138.72, 1.8
sb_0__0_.mem_right_track_50.sky130_fd_sc_hd__dfrtp_1_1_, 215.52, 138.72, 1.8
FILLER_45_449, 215.52, 133.28, 1.8
sb_0__0_.mux_right_track_48.sky130_fd_sc_hd__buf_4_0_, 215.52, 133.28, 1.8
FILLER_41_449, 215.52, 122.4, 1.8
FILLER_41_468, 215.52, 122.4, 1.8
sb_0__0_.mux_right_track_50.mux_l2_in_0_, 215.52, 122.4, 1.8
FILLER_0_445, 215.52, 13.6, 1.8
FILLER_94_339, 165.52, 269.28, 1.8
FILLER_95_349, 165.52, 269.28, 1.8
FILLER_95_356, 165.52, 269.28, 1.8
input34, 165.52, 269.28, 1.8
input35, 165.52, 269.28, 1.8
input36, 165.52, 269.28, 1.8
FILLER_94_355, 165.52, 263.84, 1.8
FILLER_92_358, 165.52, 258.4, 1.8
FILLER_88_345, 165.52, 252.96, 1.8
FILLER_90_358, 165.52, 252.96, 1.8
FILLER_86_347, 165.52, 247.52, 1.8
FILLER_87_337, 165.52, 247.52, 1.8
FILLER_87_346, 165.52, 247.52, 1.8
FILLER_87_359, 165.52, 247.52, 1.8
_120_, 165.52, 247.52, 1.8
_121_, 165.52, 247.52, 1.8
sb_0__0_.mux_right_track_0.mux_l1_in_0_, 165.52, 247.52, 1.8
sb_0__0_.mux_top_track_2.mux_l2_in_0_, 165.52, 247.52, 1.8
FILLER_85_343, 165.52, 242.08, 1.8
FILLER_85_353, 165.52, 242.08, 1.8
FILLER_86_355, 165.52, 242.08, 1.8
_118_, 165.52, 242.08, 1.8
_119_, 165.52, 242.08, 1.8
sb_0__0_.mux_top_track_12.mux_l2_in_0__143, 165.52, 242.08, 1.8
sb_0__0_.mux_top_track_14.mux_l2_in_0_, 165.52, 242.08, 1.8
sb_0__0_.mux_top_track_14.mux_l2_in_0__144, 165.52, 242.08, 1.8
sb_0__0_.mux_top_track_16.mux_l2_in_0__145, 165.52, 242.08, 1.8
sb_0__0_.mux_top_track_6.mux_l1_in_0_, 165.52, 242.08, 1.8
FILLER_83_337, 165.52, 236.64, 1.8
FILLER_83_345, 165.52, 236.64, 1.8
FILLER_84_348, 165.52, 236.64, 1.8
FILLER_84_361, 165.52, 236.64, 1.8
sb_0__0_.mem_top_track_18.sky130_fd_sc_hd__dfrtp_1_1_, 165.52, 236.64, 1.8
sb_0__0_.mux_top_track_16.mux_l2_in_0_, 165.52, 236.64, 1.8
sb_0__0_.mux_top_track_18.mux_l2_in_0_, 165.52, 236.64, 1.8
sb_0__0_.mux_top_track_18.mux_l2_in_0__146, 165.52, 236.64, 1.8
FILLER_80_342, 165.52, 231.2, 1.8
FILLER_82_359, 165.52, 231.2, 1.8
sb_0__0_.mem_top_track_2.sky130_fd_sc_hd__dfrtp_1_0_, 165.52, 231.2, 1.8
sb_0__0_.mux_top_track_28.mux_l2_in_0_, 165.52, 231.2, 1.8
FILLER_78_338, 165.52, 225.76, 1.8
FILLER_79_342, 165.52, 225.76, 1.8
FILLER_80_355, 165.52, 225.76, 1.8
sb_0__0_.mem_right_track_0.sky130_fd_sc_hd__dfrtp_1_0_, 165.52, 225.76, 1.8
sb_0__0_.mem_top_track_28.sky130_fd_sc_hd__dfrtp_1_0_, 165.52, 225.76, 1.8
sb_0__0_.mux_top_track_28.mux_l2_in_0__148, 165.52, 225.76, 1.8
sb_0__0_.mux_top_track_30.mux_l2_in_0__149, 165.52, 225.76, 1.8
FILLER_76_341, 165.52, 220.32, 1.8
FILLER_77_337, 165.52, 220.32, 1.8
FILLER_77_345, 165.52, 220.32, 1.8
sb_0__0_.mem_top_track_28.sky130_fd_sc_hd__dfrtp_1_1_, 165.52, 220.32, 1.8
sb_0__0_.mux_top_track_32.mux_l2_in_0__150, 165.52, 220.32, 1.8
sb_0__0_.mux_top_track_34.mux_l2_in_0__151, 165.52, 220.32, 1.8
FILLER_74_347, 165.52, 214.88, 1.8
FILLER_75_348, 165.52, 214.88, 1.8
FILLER_76_360, 165.52, 214.88, 1.8
sb_0__0_.mem_top_track_30.sky130_fd_sc_hd__dfrtp_1_0_, 165.52, 214.88, 1.8
sb_0__0_.mux_top_track_44.mux_l2_in_0_, 165.52, 214.88, 1.8
FILLER_73_359, 165.52, 209.44, 1.8
FILLER_74_354, 165.52, 209.44, 1.8
sb_0__0_.mem_top_track_50.sky130_fd_sc_hd__dfrtp_1_1_, 165.52, 209.44, 1.8
sb_0__0_.mux_top_track_44.mux_l2_in_0__153, 165.52, 209.44, 1.8
FILLER_71_359, 165.52, 204, 1.8
FILLER_72_355, 165.52, 204, 1.8
sb_0__0_.mem_top_track_48.sky130_fd_sc_hd__dfrtp_1_1_, 165.52, 204, 1.8
sb_0__0_.mem_top_track_50.sky130_fd_sc_hd__dfrtp_1_0_, 165.52, 204, 1.8
FILLER_69_337, 165.52, 198.56, 1.8
FILLER_69_345, 165.52, 198.56, 1.8
FILLER_70_361, 165.52, 198.56, 1.8
sb_0__0_.mem_top_track_48.sky130_fd_sc_hd__dfrtp_1_0_, 165.52, 198.56, 1.8
FILLER_67_349, 165.52, 193.12, 1.8
FILLER_68_357, 165.52, 193.12, 1.8
sb_0__0_.mem_top_track_46.sky130_fd_sc_hd__dfrtp_1_1_, 165.52, 193.12, 1.8
FILLER_66_357, 165.52, 187.68, 1.8
FILLER_64_357, 165.52, 182.24, 1.8
FILLER_62_357, 165.52, 176.8, 1.8
FILLER_60_357, 165.52, 171.36, 1.8
FILLER_58_357, 165.52, 165.92, 1.8
FILLER_56_357, 165.52, 160.48, 1.8
FILLER_54_357, 165.52, 155.04, 1.8
FILLER_52_357, 165.52, 149.6, 1.8
FILLER_50_357, 165.52, 144.16, 1.8
FILLER_48_357, 165.52, 138.72, 1.8
FILLER_46_357, 165.52, 133.28, 1.8
FILLER_44_357, 165.52, 127.84, 1.8
FILLER_42_357, 165.52, 122.4, 1.8
FILLER_40_357, 165.52, 116.96, 1.8
FILLER_38_357, 165.52, 111.52, 1.8
FILLER_36_357, 165.52, 106.08, 1.8
FILLER_34_357, 165.52, 100.64, 1.8
FILLER_32_357, 165.52, 95.2, 1.8
FILLER_30_357, 165.52, 89.76, 1.8
FILLER_28_357, 165.52, 84.32, 1.8
FILLER_26_357, 165.52, 78.88, 1.8
FILLER_24_357, 165.52, 73.44, 1.8
FILLER_22_357, 165.52, 68, 1.8
FILLER_20_357, 165.52, 62.56, 1.8
FILLER_18_357, 165.52, 57.12, 1.8
FILLER_16_357, 165.52, 51.68, 1.8
FILLER_14_357, 165.52, 46.24, 1.8
FILLER_12_357, 165.52, 40.8, 1.8
FILLER_10_357, 165.52, 35.36, 1.8
FILLER_8_357, 165.52, 29.92, 1.8
FILLER_6_357, 165.52, 24.48, 1.8
FILLER_4_357, 165.52, 19.04, 1.8
FILLER_0_361, 165.52, 13.6, 1.8
FILLER_2_357, 165.52, 13.6, 1.8
FILLER_94_229, 115.52, 269.28, 1.8
output122, 115.52, 269.28, 1.8
output123, 115.52, 269.28, 1.8
FILLER_92_228, 115.52, 263.84, 1.8
FILLER_92_237, 115.52, 263.84, 1.8
FILLER_93_243, 115.52, 263.84, 1.8
FILLER_93_250, 115.52, 263.84, 1.8
FILLER_94_249, 115.52, 263.84, 1.8
_123_, 115.52, 263.84, 1.8
input32, 115.52, 263.84, 1.8
output121, 115.52, 263.84, 1.8
FILLER_92_246, 115.52, 258.4, 1.8
_124_, 115.52, 258.4, 1.8
FILLER_90_245, 115.52, 252.96, 1.8
FILLER_88_245, 115.52, 247.52, 1.8
FILLER_86_245, 115.52, 242.08, 1.8
FILLER_82_228, 115.52, 236.64, 1.8
FILLER_82_235, 115.52, 236.64, 1.8
FILLER_84_248, 115.52, 236.64, 1.8
sb_0__0_.mux_top_track_44.sky130_fd_sc_hd__buf_4_0_, 115.52, 236.64, 1.8
sb_0__0_.mux_top_track_46.sky130_fd_sc_hd__buf_4_0_, 115.52, 236.64, 1.8
FILLER_82_242, 115.52, 231.2, 1.8
FILLER_80_245, 115.52, 225.76, 1.8
FILLER_78_245, 115.52, 220.32, 1.8
FILLER_76_245, 115.52, 214.88, 1.8
FILLER_74_245, 115.52, 209.44, 1.8
FILLER_72_245, 115.52, 204, 1.8
FILLER_70_245, 115.52, 198.56, 1.8
FILLER_68_245, 115.52, 193.12, 1.8
FILLER_66_245, 115.52, 187.68, 1.8
FILLER_64_245, 115.52, 182.24, 1.8
FILLER_62_245, 115.52, 176.8, 1.8
FILLER_60_245, 115.52, 171.36, 1.8
FILLER_58_245, 115.52, 165.92, 1.8
FILLER_56_245, 115.52, 160.48, 1.8
FILLER_54_245, 115.52, 155.04, 1.8
FILLER_52_245, 115.52, 149.6, 1.8
FILLER_50_245, 115.52, 144.16, 1.8
FILLER_48_245, 115.52, 138.72, 1.8
FILLER_46_245, 115.52, 133.28, 1.8
FILLER_44_245, 115.52, 127.84, 1.8
FILLER_42_245, 115.52, 122.4, 1.8
FILLER_40_245, 115.52, 116.96, 1.8
FILLER_38_245, 115.52, 111.52, 1.8
FILLER_36_247, 115.52, 106.08, 1.8
FILLER_34_245, 115.52, 100.64, 1.8
FILLER_32_245, 115.52, 95.2, 1.8
FILLER_30_245, 115.52, 89.76, 1.8
FILLER_28_245, 115.52, 84.32, 1.8
FILLER_26_245, 115.52, 78.88, 1.8
FILLER_24_245, 115.52, 73.44, 1.8
FILLER_22_245, 115.52, 68, 1.8
FILLER_20_245, 115.52, 62.56, 1.8
FILLER_18_245, 115.52, 57.12, 1.8
FILLER_16_245, 115.52, 51.68, 1.8
FILLER_14_245, 115.52, 46.24, 1.8
FILLER_12_245, 115.52, 40.8, 1.8
FILLER_10_245, 115.52, 35.36, 1.8
FILLER_8_245, 115.52, 29.92, 1.8
FILLER_6_245, 115.52, 24.48, 1.8
FILLER_4_245, 115.52, 19.04, 1.8
FILLER_0_249, 115.52, 13.6, 1.8
FILLER_2_245, 115.52, 13.6, 1.8
FILLER_94_117, 65.52, 269.28, 1.8
FILLER_95_141, 65.52, 269.28, 1.8
output107, 65.52, 269.28, 1.8
output109, 65.52, 269.28, 1.8
FILLER_93_125, 65.52, 263.84, 1.8
FILLER_94_137, 65.52, 263.84, 1.8
output108, 65.52, 263.84, 1.8
FILLER_91_125, 65.52, 258.4, 1.8
FILLER_91_133, 65.52, 258.4, 1.8
FILLER_91_140, 65.52, 258.4, 1.8
FILLER_92_135, 65.52, 258.4, 1.8
FILLER_92_141, 65.52, 258.4, 1.8
_106_, 65.52, 258.4, 1.8
_107_, 65.52, 258.4, 1.8
_108_, 65.52, 258.4, 1.8
FILLER_90_133, 65.52, 252.96, 1.8
FILLER_88_133, 65.52, 247.52, 1.8
FILLER_86_133, 65.52, 242.08, 1.8
FILLER_84_133, 65.52, 236.64, 1.8
FILLER_82_133, 65.52, 231.2, 1.8
FILLER_80_133, 65.52, 225.76, 1.8
FILLER_78_133, 65.52, 220.32, 1.8
FILLER_76_133, 65.52, 214.88, 1.8
FILLER_74_133, 65.52, 209.44, 1.8
FILLER_72_133, 65.52, 204, 1.8
FILLER_70_133, 65.52, 198.56, 1.8
FILLER_68_133, 65.52, 193.12, 1.8
FILLER_66_133, 65.52, 187.68, 1.8
FILLER_64_133, 65.52, 182.24, 1.8
FILLER_62_133, 65.52, 176.8, 1.8
FILLER_60_133, 65.52, 171.36, 1.8
FILLER_58_133, 65.52, 165.92, 1.8
FILLER_56_133, 65.52, 160.48, 1.8
FILLER_54_133, 65.52, 155.04, 1.8
FILLER_52_133, 65.52, 149.6, 1.8
FILLER_50_133, 65.52, 144.16, 1.8
FILLER_48_133, 65.52, 138.72, 1.8
FILLER_46_133, 65.52, 133.28, 1.8
FILLER_44_133, 65.52, 127.84, 1.8
FILLER_42_133, 65.52, 122.4, 1.8
FILLER_40_133, 65.52, 116.96, 1.8
FILLER_38_133, 65.52, 111.52, 1.8
FILLER_36_133, 65.52, 106.08, 1.8
FILLER_34_133, 65.52, 100.64, 1.8
FILLER_32_133, 65.52, 95.2, 1.8
FILLER_30_133, 65.52, 89.76, 1.8
FILLER_28_133, 65.52, 84.32, 1.8
FILLER_26_133, 65.52, 78.88, 1.8
FILLER_24_133, 65.52, 73.44, 1.8
FILLER_22_133, 65.52, 68, 1.8
FILLER_20_133, 65.52, 62.56, 1.8
FILLER_18_133, 65.52, 57.12, 1.8
FILLER_16_133, 65.52, 51.68, 1.8
FILLER_14_133, 65.52, 46.24, 1.8
FILLER_12_133, 65.52, 40.8, 1.8
FILLER_10_133, 65.52, 35.36, 1.8
FILLER_8_133, 65.52, 29.92, 1.8
FILLER_6_133, 65.52, 24.48, 1.8
FILLER_4_133, 65.52, 19.04, 1.8
FILLER_0_137, 65.52, 13.6, 1.8
FILLER_2_133, 65.52, 13.6, 1.8
input1, 65.52, 13.6, 1.8
FILLER_95_29, 15.52, 269.28, 1.8
FILLER_92_21, 15.52, 263.84, 1.8
FILLER_93_33, 15.52, 263.84, 1.8
FILLER_94_25, 15.52, 263.84, 1.8
output113, 15.52, 263.84, 1.8
FILLER_92_29, 15.52, 258.4, 1.8
output125, 15.52, 258.4, 1.8
FILLER_84_21, 15.52, 242.08, 1.8
FILLER_95_3, 5.52, 269.28, 1.8
PHY_188, 5.52, 269.28, 1.8
PHY_190, 5.52, 269.28, 1.8
output124, 5.52, 269.28, 1.8
FILLER_95_523, 249.32, 269.28, 1.8
PHY_189, 249.32, 269.28, 1.8
PHY_191, 249.32, 269.28, 1.8
FILLER_94_41, 28.02, 269.28, 1.8
FILLER_95_57, 28.02, 269.28, 1.8
output127, 28.02, 269.28, 1.8
output128, 28.02, 269.28, 1.8
FILLER_95_85, 40.52, 269.28, 1.8
output129, 40.52, 269.28, 1.8
output131, 40.52, 269.28, 1.8
FILLER_94_97, 53.02, 269.28, 1.8
FILLER_95_113, 53.02, 269.28, 1.8
output105, 53.02, 269.28, 1.8
output106, 53.02, 269.28, 1.8
FILLER_94_153, 78.02, 269.28, 1.8
FILLER_95_169, 78.02, 269.28, 1.8
output114, 78.02, 269.28, 1.8
FILLER_94_174, 90.52, 269.28, 1.8
FILLER_95_197, 90.52, 269.28, 1.8
output116, 90.52, 269.28, 1.8
output117, 90.52, 269.28, 1.8
FILLER_94_203, 103.02, 269.28, 1.8
FILLER_95_225, 103.02, 269.28, 1.8
_116_, 103.02, 269.28, 1.8
output119, 103.02, 269.28, 1.8
FILLER_94_253, 128.02, 269.28, 1.8
FILLER_94_261, 128.02, 269.28, 1.8
FILLER_95_253, 128.02, 269.28, 1.8
FILLER_95_261, 128.02, 269.28, 1.8
_126_, 128.02, 269.28, 1.8
input43, 128.02, 269.28, 1.8
input54, 128.02, 269.28, 1.8
input55, 128.02, 269.28, 1.8
FILLER_95_293, 140.52, 269.28, 1.8
FILLER_95_300, 140.52, 269.28, 1.8
input56, 140.52, 269.28, 1.8
input57, 140.52, 269.28, 1.8
input58, 140.52, 269.28, 1.8
FILLER_94_309, 153.02, 269.28, 1.8
FILLER_95_314, 153.02, 269.28, 1.8
FILLER_95_331, 153.02, 269.28, 1.8
input59, 153.02, 269.28, 1.8
input60, 153.02, 269.28, 1.8
input61, 153.02, 269.28, 1.8
FILLER_94_365, 178.02, 269.28, 1.8
FILLER_94_372, 178.02, 269.28, 1.8
FILLER_95_382, 178.02, 269.28, 1.8
input37, 178.02, 269.28, 1.8
input38, 178.02, 269.28, 1.8
input40, 178.02, 269.28, 1.8
FILLER_94_392, 190.52, 269.28, 1.8
FILLER_95_405, 190.52, 269.28, 1.8
FILLER_95_412, 190.52, 269.28, 1.8
input41, 190.52, 269.28, 1.8
input42, 190.52, 269.28, 1.8
input44, 190.52, 269.28, 1.8
FILLER_95_426, 203.02, 269.28, 1.8
FILLER_95_433, 203.02, 269.28, 1.8
FILLER_95_440, 203.02, 269.28, 1.8
input45, 203.02, 269.28, 1.8
input46, 203.02, 269.28, 1.8
input47, 203.02, 269.28, 1.8
FILLER_95_482, 226.786, 269.28, 1.8
input52, 226.786, 269.28, 1.8
input53, 226.786, 269.28, 1.8
FILLER_94_501, 238.053, 269.28, 1.8
FILLER_95_501, 238.053, 269.28, 1.8
input62, 238.053, 269.28, 1.8
FILLER_93_9, 5.52, 263.84, 1.8
FILLER_94_3, 5.52, 263.84, 1.8
PHY_184, 5.52, 263.84, 1.8
PHY_186, 5.52, 263.84, 1.8
input69, 5.52, 263.84, 1.8
output102, 5.52, 263.84, 1.8
PHY_185, 249.32, 263.84, 1.8
PHY_187, 249.32, 263.84, 1.8
input63, 249.32, 263.84, 1.8
FILLER_94_61, 28.02, 263.84, 1.8
output126, 28.02, 263.84, 1.8
FILLER_92_73, 40.52, 263.84, 1.8
FILLER_93_69, 40.52, 263.84, 1.8
FILLER_93_89, 40.52, 263.84, 1.8
FILLER_94_81, 40.52, 263.84, 1.8
output130, 40.52, 263.84, 1.8
output104, 53.02, 263.84, 1.8
FILLER_93_145, 78.02, 263.84, 1.8
FILLER_93_169, 78.02, 263.84, 1.8
output110, 78.02, 263.84, 1.8
output111, 78.02, 263.84, 1.8
output112, 78.02, 263.84, 1.8
FILLER_92_173, 90.52, 263.84, 1.8
FILLER_92_183, 90.52, 263.84, 1.8
FILLER_93_193, 90.52, 263.84, 1.8
_114_, 90.52, 263.84, 1.8
output115, 90.52, 263.84, 1.8
FILLER_93_217, 103.02, 263.84, 1.8
_117_, 103.02, 263.84, 1.8
output118, 103.02, 263.84, 1.8
output120, 103.02, 263.84, 1.8
FILLER_92_259, 128.02, 263.84, 1.8
FILLER_93_258, 128.02, 263.84, 1.8
FILLER_93_266, 128.02, 263.84, 1.8
FILLER_93_274, 128.02, 263.84, 1.8
_102_, 128.02, 263.84, 1.8
_125_, 128.02, 263.84, 1.8
_127_, 128.02, 263.84, 1.8
_128_, 128.02, 263.84, 1.8
_131_, 128.02, 263.84, 1.8
FILLER_93_281, 140.52, 263.84, 1.8
FILLER_94_299, 140.52, 263.84, 1.8
_130_, 140.52, 263.84, 1.8
FILLER_92_309, 153.02, 263.84, 1.8
input33, 153.02, 263.84, 1.8
sb_0__0_.mux_top_track_4.sky130_fd_sc_hd__buf_4_0_, 153.02, 263.84, 1.8
FILLER_93_385, 178.02, 263.84, 1.8
input39, 178.02, 263.84, 1.8
FILLER_94_410, 190.52, 263.84, 1.8
FILLER_92_417, 203.02, 263.84, 1.8
FILLER_93_441, 203.02, 263.84, 1.8
FILLER_94_433, 203.02, 263.84, 1.8
input48, 203.02, 263.84, 1.8
FILLER_92_469, 226.786, 263.84, 1.8
FILLER_93_497, 238.053, 263.84, 1.8
FILLER_93_505, 238.053, 263.84, 1.8
FILLER_94_511, 238.053, 263.84, 1.8
input64, 238.053, 263.84, 1.8
input65, 238.053, 263.84, 1.8
input66, 238.053, 263.84, 1.8
PHY_180, 5.52, 258.4, 1.8
PHY_182, 5.52, 258.4, 1.8
input70, 5.52, 258.4, 1.8
PHY_181, 249.32, 258.4, 1.8
PHY_183, 249.32, 258.4, 1.8
FILLER_91_51, 28.02, 258.4, 1.8
FILLER_92_81, 40.52, 258.4, 1.8
FILLER_92_85, 40.52, 258.4, 1.8
output103, 40.52, 258.4, 1.8
FILLER_91_105, 53.02, 258.4, 1.8
FILLER_91_148, 78.02, 258.4, 1.8
_109_, 78.02, 258.4, 1.8
FILLER_92_191, 90.52, 258.4, 1.8
_115_, 90.52, 258.4, 1.8
FILLER_91_217, 103.02, 258.4, 1.8
FILLER_92_215, 103.02, 258.4, 1.8
_122_, 103.02, 258.4, 1.8
FILLER_91_273, 128.02, 258.4, 1.8
FILLER_92_268, 128.02, 258.4, 1.8
_129_, 128.02, 258.4, 1.8
FILLER_92_300, 140.52, 258.4, 1.8
FILLER_90_314, 153.02, 258.4, 1.8
FILLER_91_321, 153.02, 258.4, 1.8
FILLER_91_328, 153.02, 258.4, 1.8
sb_0__0_.mux_top_track_10.sky130_fd_sc_hd__buf_4_0_, 153.02, 258.4, 1.8
sb_0__0_.mux_top_track_2.sky130_fd_sc_hd__buf_4_0_, 153.02, 258.4, 1.8
sb_0__0_.mux_top_track_6.sky130_fd_sc_hd__buf_4_0_, 153.02, 258.4, 1.8
sb_0__0_.mux_top_track_8.sky130_fd_sc_hd__buf_4_0_, 153.02, 258.4, 1.8
FILLER_90_365, 178.02, 258.4, 1.8
FILLER_91_377, 178.02, 258.4, 1.8
FILLER_92_377, 178.02, 258.4, 1.8
sb_0__0_.mem_top_track_4.sky130_fd_sc_hd__dfrtp_1_1_, 178.02, 258.4, 1.8
sb_0__0_.mux_top_track_4.mux_l2_in_0_, 178.02, 258.4, 1.8
sb_0__0_.mux_top_track_4.mux_l2_in_0__152, 178.02, 258.4, 1.8
sb_0__0_.mux_top_track_8.mux_l2_in_0_, 178.02, 258.4, 1.8
FILLER_90_416, 203.02, 258.4, 1.8
FILLER_91_441, 203.02, 258.4, 1.8
FILLER_90_469, 226.786, 258.4, 1.8
FILLER_91_497, 238.053, 258.4, 1.8
FILLER_91_517, 238.053, 258.4, 1.8
FILLER_92_513, 238.053, 258.4, 1.8
PHY_176, 5.52, 252.96, 1.8
PHY_178, 5.52, 252.96, 1.8
input68, 5.52, 252.96, 1.8
FILLER_88_524, 249.32, 252.96, 1.8
PHY_177, 249.32, 252.96, 1.8
PHY_179, 249.32, 252.96, 1.8
input22, 249.32, 252.96, 1.8
FILLER_89_45, 28.02, 252.96, 1.8
FILLER_89_53, 28.02, 252.96, 1.8
FILLER_90_77, 40.52, 252.96, 1.8
FILLER_89_105, 53.02, 252.96, 1.8
FILLER_89_161, 78.02, 252.96, 1.8
FILLER_90_189, 90.52, 252.96, 1.8
FILLER_89_217, 103.02, 252.96, 1.8
FILLER_89_273, 128.02, 252.96, 1.8
FILLER_89_281, 140.52, 252.96, 1.8
FILLER_89_292, 140.52, 252.96, 1.8
FILLER_89_301, 140.52, 252.96, 1.8
FILLER_90_301, 140.52, 252.96, 1.8
sb_0__0_.mux_top_track_12.sky130_fd_sc_hd__buf_4_0_, 140.52, 252.96, 1.8
sb_0__0_.mux_top_track_14.sky130_fd_sc_hd__buf_4_0_, 140.52, 252.96, 1.8
sb_0__0_.mux_top_track_16.sky130_fd_sc_hd__buf_4_0_, 140.52, 252.96, 1.8
sb_0__0_.mux_top_track_18.sky130_fd_sc_hd__buf_4_0_, 140.52, 252.96, 1.8
FILLER_89_332, 153.02, 252.96, 1.8
FILLER_89_366, 178.02, 252.96, 1.8
FILLER_90_379, 178.02, 252.96, 1.8
sb_0__0_.mem_top_track_4.sky130_fd_sc_hd__dfrtp_1_0_, 178.02, 252.96, 1.8
sb_0__0_.mem_top_track_6.sky130_fd_sc_hd__dfrtp_1_0_, 178.02, 252.96, 1.8
sb_0__0_.mux_top_track_2.mux_l2_in_0__147, 178.02, 252.96, 1.8
sb_0__0_.mux_top_track_6.mux_l2_in_0_, 178.02, 252.96, 1.8
FILLER_89_398, 190.52, 252.96, 1.8
sb_0__0_.mem_top_track_8.sky130_fd_sc_hd__dfrtp_1_1_, 190.52, 252.96, 1.8
sb_0__0_.mux_top_track_8.mux_l2_in_0__158, 190.52, 252.96, 1.8
sb_0__0_.mem_top_track_10.sky130_fd_sc_hd__dfrtp_1_0_, 203.02, 252.96, 1.8
sb_0__0_.mux_right_track_4.mux_l1_in_0_, 226.786, 252.96, 1.8
FILLER_89_497, 238.053, 252.96, 1.8
FILLER_89_517, 238.053, 252.96, 1.8
input23, 238.053, 252.96, 1.8
PHY_172, 5.52, 247.52, 1.8
PHY_174, 5.52, 247.52, 1.8
FILLER_86_519, 249.32, 247.52, 1.8
PHY_173, 249.32, 247.52, 1.8
PHY_175, 249.32, 247.52, 1.8
input20, 249.32, 247.52, 1.8
input21, 249.32, 247.52, 1.8
FILLER_87_51, 28.02, 247.52, 1.8
FILLER_88_77, 40.52, 247.52, 1.8
FILLER_87_105, 53.02, 247.52, 1.8
FILLER_87_161, 78.02, 247.52, 1.8
FILLER_88_189, 90.52, 247.52, 1.8
FILLER_87_217, 103.02, 247.52, 1.8
FILLER_86_253, 128.02, 247.52, 1.8
FILLER_86_262, 128.02, 247.52, 1.8
FILLER_87_273, 128.02, 247.52, 1.8
FILLER_88_277, 128.02, 247.52, 1.8
sb_0__0_.mux_top_track_28.sky130_fd_sc_hd__buf_4_0_, 128.02, 247.52, 1.8
sb_0__0_.mux_top_track_30.sky130_fd_sc_hd__buf_4_0_, 128.02, 247.52, 1.8
FILLER_86_293, 140.52, 247.52, 1.8
FILLER_87_329, 153.02, 247.52, 1.8
FILLER_86_365, 178.02, 247.52, 1.8
FILLER_87_383, 178.02, 247.52, 1.8
FILLER_88_376, 178.02, 247.52, 1.8
FILLER_88_383, 178.02, 247.52, 1.8
sb_0__0_.mem_top_track_2.sky130_fd_sc_hd__dfrtp_1_1_, 178.02, 247.52, 1.8
sb_0__0_.mem_top_track_6.sky130_fd_sc_hd__dfrtp_1_1_, 178.02, 247.52, 1.8
sb_0__0_.mem_top_track_8.sky130_fd_sc_hd__dfrtp_1_0_, 178.02, 247.52, 1.8
sb_0__0_.mux_top_track_10.mux_l2_in_0__142, 178.02, 247.52, 1.8
FILLER_86_389, 190.52, 247.52, 1.8
FILLER_86_402, 190.52, 247.52, 1.8
sb_0__0_.mem_top_track_10.sky130_fd_sc_hd__dfrtp_1_1_, 190.52, 247.52, 1.8
sb_0__0_.mux_top_track_10.mux_l2_in_0_, 190.52, 247.52, 1.8
FILLER_86_417, 203.02, 247.52, 1.8
FILLER_87_426, 203.02, 247.52, 1.8
FILLER_87_439, 203.02, 247.52, 1.8
sb_0__0_.mux_right_track_28.mux_l1_in_0_, 203.02, 247.52, 1.8
sb_0__0_.mux_top_track_8.mux_l1_in_0_, 203.02, 247.52, 1.8
FILLER_86_471, 226.786, 247.52, 1.8
FILLER_87_478, 226.786, 247.52, 1.8
sb_0__0_.mem_right_track_4.sky130_fd_sc_hd__dfrtp_1_1_, 226.786, 247.52, 1.8
sb_0__0_.mux_right_track_6.mux_l1_in_0_, 226.786, 247.52, 1.8
sb_0__0_.mux_right_track_8.mux_l1_in_0_, 226.786, 247.52, 1.8
FILLER_87_517, 238.053, 247.52, 1.8
PHY_168, 5.52, 242.08, 1.8
PHY_170, 5.52, 242.08, 1.8
FILLER_84_519, 249.32, 242.08, 1.8
PHY_169, 249.32, 242.08, 1.8
PHY_171, 249.32, 242.08, 1.8
input19, 249.32, 242.08, 1.8
FILLER_85_51, 28.02, 242.08, 1.8
FILLER_86_77, 40.52, 242.08, 1.8
FILLER_85_105, 53.02, 242.08, 1.8
FILLER_85_161, 78.02, 242.08, 1.8
FILLER_86_189, 90.52, 242.08, 1.8
FILLER_85_217, 103.02, 242.08, 1.8
FILLER_85_276, 128.02, 242.08, 1.8
sb_0__0_.mux_top_track_32.sky130_fd_sc_hd__buf_4_0_, 128.02, 242.08, 1.8
sb_0__0_.mux_top_track_34.sky130_fd_sc_hd__buf_4_0_, 128.02, 242.08, 1.8
FILLER_86_303, 140.52, 242.08, 1.8
sb_0__0_.mux_top_track_0.sky130_fd_sc_hd__buf_4_0_, 140.52, 242.08, 1.8
FILLER_85_329, 153.02, 242.08, 1.8
FILLER_86_333, 153.02, 242.08, 1.8
FILLER_85_366, 178.02, 242.08, 1.8
sb_0__0_.mem_top_track_16.sky130_fd_sc_hd__dfrtp_1_0_, 178.02, 242.08, 1.8
sb_0__0_.mem_top_track_18.sky130_fd_sc_hd__dfrtp_1_0_, 178.02, 242.08, 1.8
FILLER_85_393, 190.52, 242.08, 1.8
sb_0__0_.mem_top_track_12.sky130_fd_sc_hd__dfrtp_1_0_, 190.52, 242.08, 1.8
sb_0__0_.mem_top_track_12.sky130_fd_sc_hd__dfrtp_1_1_, 190.52, 242.08, 1.8
sb_0__0_.mux_top_track_2.mux_l1_in_0_, 190.52, 242.08, 1.8
FILLER_84_421, 203.02, 242.08, 1.8
FILLER_85_418, 203.02, 242.08, 1.8
FILLER_85_431, 203.02, 242.08, 1.8
FILLER_86_432, 203.02, 242.08, 1.8
sb_0__0_.mem_right_track_2.sky130_fd_sc_hd__dfrtp_1_0_, 203.02, 242.08, 1.8
sb_0__0_.mux_right_track_30.mux_l1_in_0_, 203.02, 242.08, 1.8
sb_0__0_.mux_top_track_10.mux_l1_in_0_, 203.02, 242.08, 1.8
sb_0__0_.mux_top_track_4.mux_l1_in_0_, 203.02, 242.08, 1.8
FILLER_84_473, 226.786, 242.08, 1.8
FILLER_85_471, 226.786, 242.08, 1.8
sb_0__0_.mem_right_track_4.sky130_fd_sc_hd__dfrtp_1_0_, 226.786, 242.08, 1.8
sb_0__0_.mem_right_track_6.sky130_fd_sc_hd__dfrtp_1_0_, 226.786, 242.08, 1.8
FILLER_85_495, 238.053, 242.08, 1.8
FILLER_85_517, 238.053, 242.08, 1.8
FILLER_86_511, 238.053, 242.08, 1.8
PHY_164, 5.52, 236.64, 1.8
PHY_166, 5.52, 236.64, 1.8
input67, 5.52, 236.64, 1.8
FILLER_82_523, 249.32, 236.64, 1.8
PHY_165, 249.32, 236.64, 1.8
PHY_167, 249.32, 236.64, 1.8
input18, 249.32, 236.64, 1.8
FILLER_83_51, 28.02, 236.64, 1.8
FILLER_84_77, 40.52, 236.64, 1.8
FILLER_83_105, 53.02, 236.64, 1.8
FILLER_83_161, 78.02, 236.64, 1.8
FILLER_84_189, 90.52, 236.64, 1.8
FILLER_83_217, 103.02, 236.64, 1.8
sb_0__0_.mux_top_track_50.sky130_fd_sc_hd__buf_4_0_, 103.02, 236.64, 1.8
FILLER_83_273, 128.02, 236.64, 1.8
ANTENNA_9, 153.02, 236.64, 1.8
FILLER_83_329, 153.02, 236.64, 1.8
FILLER_83_369, 178.02, 236.64, 1.8
FILLER_83_382, 178.02, 236.64, 1.8
FILLER_84_387, 178.02, 236.64, 1.8
clkbuf_3_1__f_prog_clk, 178.02, 236.64, 1.8
sb_0__0_.mux_top_track_12.mux_l2_in_0_, 178.02, 236.64, 1.8
FILLER_83_415, 190.52, 236.64, 1.8
FILLER_84_415, 190.52, 236.64, 1.8
sb_0__0_.mem_top_track_14.sky130_fd_sc_hd__dfrtp_1_0_, 190.52, 236.64, 1.8
sb_0__0_.mem_top_track_14.sky130_fd_sc_hd__dfrtp_1_1_, 190.52, 236.64, 1.8
FILLER_83_432, 203.02, 236.64, 1.8
sb_0__0_.mux_top_track_12.mux_l1_in_0_, 203.02, 236.64, 1.8
sb_0__0_.mux_top_track_14.mux_l1_in_0_, 203.02, 236.64, 1.8
sb_0__0_.mux_top_track_16.mux_l1_in_0_, 203.02, 236.64, 1.8
FILLER_83_490, 226.786, 236.64, 1.8
sb_0__0_.mem_right_track_6.sky130_fd_sc_hd__dfrtp_1_1_, 226.786, 236.64, 1.8
sb_0__0_.mem_right_track_8.sky130_fd_sc_hd__dfrtp_1_0_, 226.786, 236.64, 1.8
FILLER_83_497, 238.053, 236.64, 1.8
FILLER_83_517, 238.053, 236.64, 1.8
FILLER_84_511, 238.053, 236.64, 1.8
sb_0__0_.mux_right_track_6.mux_l1_in_1__139, 238.053, 236.64, 1.8
PHY_160, 5.52, 231.2, 1.8
PHY_162, 5.52, 231.2, 1.8
PHY_161, 249.32, 231.2, 1.8
PHY_163, 249.32, 231.2, 1.8
input16, 249.32, 231.2, 1.8
input17, 249.32, 231.2, 1.8
FILLER_81_51, 28.02, 231.2, 1.8
FILLER_82_77, 40.52, 231.2, 1.8
FILLER_81_105, 53.02, 231.2, 1.8
FILLER_81_161, 78.02, 231.2, 1.8
FILLER_82_189, 90.52, 231.2, 1.8
FILLER_81_217, 103.02, 231.2, 1.8
FILLER_82_221, 103.02, 231.2, 1.8
sb_0__0_.mux_top_track_48.sky130_fd_sc_hd__buf_4_0_, 103.02, 231.2, 1.8
FILLER_81_273, 128.02, 231.2, 1.8
FILLER_81_305, 140.52, 231.2, 1.8
FILLER_82_301, 140.52, 231.2, 1.8
FILLER_81_313, 153.02, 231.2, 1.8
FILLER_81_332, 153.02, 231.2, 1.8
FILLER_82_333, 153.02, 231.2, 1.8
_112_, 153.02, 231.2, 1.8
_113_, 153.02, 231.2, 1.8
FILLER_81_370, 178.02, 231.2, 1.8
FILLER_81_378, 178.02, 231.2, 1.8
FILLER_82_387, 178.02, 231.2, 1.8
sb_0__0_.mem_top_track_16.sky130_fd_sc_hd__dfrtp_1_1_, 178.02, 231.2, 1.8
sb_0__0_.mux_right_track_44.mux_l1_in_0_, 178.02, 231.2, 1.8
FILLER_81_404, 190.52, 231.2, 1.8
FILLER_82_411, 190.52, 231.2, 1.8
sb_0__0_.mem_right_track_0.sky130_fd_sc_hd__dfrtp_1_1_, 190.52, 231.2, 1.8
sb_0__0_.mux_right_track_0.mux_l1_in_1__159, 190.52, 231.2, 1.8
sb_0__0_.mux_right_track_0.mux_l2_in_0_, 190.52, 231.2, 1.8
sb_0__0_.mux_right_track_46.mux_l1_in_0_, 190.52, 231.2, 1.8
ANTENNA_8, 203.02, 231.2, 1.8
FILLER_81_417, 203.02, 231.2, 1.8
FILLER_81_430, 203.02, 231.2, 1.8
FILLER_82_432, 203.02, 231.2, 1.8
sb_0__0_.mem_right_track_14.sky130_fd_sc_hd__dfrtp_1_0_, 203.02, 231.2, 1.8
sb_0__0_.mux_right_track_0.mux_l1_in_1_, 203.02, 231.2, 1.8
sb_0__0_.mux_right_track_18.mux_l1_in_0_, 203.02, 231.2, 1.8
sb_0__0_.mux_right_track_34.mux_l1_in_0_, 203.02, 231.2, 1.8
FILLER_81_471, 226.786, 231.2, 1.8
sb_0__0_.mem_right_track_10.sky130_fd_sc_hd__dfrtp_1_1_, 226.786, 231.2, 1.8
sb_0__0_.mem_right_track_8.sky130_fd_sc_hd__dfrtp_1_1_, 226.786, 231.2, 1.8
sb_0__0_.mux_right_track_2.mux_l2_in_0__165, 226.786, 231.2, 1.8
FILLER_80_499, 238.053, 231.2, 1.8
FILLER_81_495, 238.053, 231.2, 1.8
FILLER_81_517, 238.053, 231.2, 1.8
sb_0__0_.mux_right_track_2.mux_l2_in_0_, 238.053, 231.2, 1.8
PHY_156, 5.52, 225.76, 1.8
PHY_158, 5.52, 225.76, 1.8
PHY_157, 249.32, 225.76, 1.8
PHY_159, 249.32, 225.76, 1.8
input15, 249.32, 225.76, 1.8
FILLER_79_51, 28.02, 225.76, 1.8
FILLER_80_77, 40.52, 225.76, 1.8
FILLER_79_105, 53.02, 225.76, 1.8
FILLER_79_161, 78.02, 225.76, 1.8
FILLER_80_189, 90.52, 225.76, 1.8
FILLER_79_217, 103.02, 225.76, 1.8
FILLER_79_273, 128.02, 225.76, 1.8
FILLER_80_301, 140.52, 225.76, 1.8
_111_, 140.52, 225.76, 1.8
FILLER_80_327, 153.02, 225.76, 1.8
_110_, 153.02, 225.76, 1.8
sb_0__0_.mux_top_track_0.mux_l2_in_0_, 153.02, 225.76, 1.8
sb_0__0_.mux_top_track_30.mux_l2_in_0_, 153.02, 225.76, 1.8
ANTENNA_4, 178.02, 225.76, 1.8
FILLER_78_365, 178.02, 225.76, 1.8
FILLER_79_368, 178.02, 225.76, 1.8
FILLER_79_382, 178.02, 225.76, 1.8
FILLER_79_388, 178.02, 225.76, 1.8
FILLER_80_387, 178.02, 225.76, 1.8
sb_0__0_.mem_top_track_32.sky130_fd_sc_hd__dfrtp_1_0_, 178.02, 225.76, 1.8
sb_0__0_.mux_top_track_18.mux_l1_in_0_, 178.02, 225.76, 1.8
FILLER_78_389, 190.52, 225.76, 1.8
FILLER_79_404, 190.52, 225.76, 1.8
FILLER_80_413, 190.52, 225.76, 1.8
clkbuf_3_4__f_prog_clk, 190.52, 225.76, 1.8
sb_0__0_.mux_right_track_48.mux_l1_in_0_, 190.52, 225.76, 1.8
sb_0__0_.mux_top_track_0.mux_l1_in_1_, 190.52, 225.76, 1.8
ANTENNA_7, 203.02, 225.76, 1.8
FILLER_79_417, 203.02, 225.76, 1.8
FILLER_80_432, 203.02, 225.76, 1.8
sb_0__0_.mem_right_track_14.sky130_fd_sc_hd__dfrtp_1_1_, 203.02, 225.76, 1.8
sb_0__0_.mem_right_track_28.sky130_fd_sc_hd__dfrtp_1_1_, 203.02, 225.76, 1.8
sb_0__0_.mem_right_track_30.sky130_fd_sc_hd__dfrtp_1_1_, 203.02, 225.76, 1.8
FILLER_78_469, 226.786, 225.76, 1.8
FILLER_79_471, 226.786, 225.76, 1.8
sb_0__0_.mem_right_track_10.sky130_fd_sc_hd__dfrtp_1_0_, 226.786, 225.76, 1.8
sb_0__0_.mux_right_track_6.mux_l2_in_0_, 226.786, 225.76, 1.8
FILLER_79_495, 238.053, 225.76, 1.8
FILLER_79_517, 238.053, 225.76, 1.8
FILLER_80_512, 238.053, 225.76, 1.8
sb_0__0_.mux_right_track_4.mux_l2_in_0__134, 238.053, 225.76, 1.8
PHY_152, 5.52, 220.32, 1.8
PHY_154, 5.52, 220.32, 1.8
FILLER_76_519, 249.32, 220.32, 1.8
PHY_153, 249.32, 220.32, 1.8
PHY_155, 249.32, 220.32, 1.8
input14, 249.32, 220.32, 1.8
FILLER_77_51, 28.02, 220.32, 1.8
FILLER_78_77, 40.52, 220.32, 1.8
FILLER_77_105, 53.02, 220.32, 1.8
FILLER_77_161, 78.02, 220.32, 1.8
FILLER_78_189, 90.52, 220.32, 1.8
FILLER_77_217, 103.02, 220.32, 1.8
FILLER_77_273, 128.02, 220.32, 1.8
FILLER_78_301, 140.52, 220.32, 1.8
FILLER_76_309, 153.02, 220.32, 1.8
sb_0__0_.mux_top_track_32.mux_l2_in_0_, 153.02, 220.32, 1.8
sb_0__0_.mux_top_track_50.mux_l2_in_0_, 153.02, 220.32, 1.8
sb_0__0_.mux_top_track_50.mux_l2_in_0__156, 153.02, 220.32, 1.8
sb_0__0_.mem_top_track_32.sky130_fd_sc_hd__dfrtp_1_1_, 178.02, 220.32, 1.8
sb_0__0_.mux_top_track_32.mux_l1_in_0_, 178.02, 220.32, 1.8
FILLER_77_415, 190.52, 220.32, 1.8
FILLER_78_413, 190.52, 220.32, 1.8
clkbuf_3_3__f_prog_clk, 190.52, 220.32, 1.8
sb_0__0_.mem_top_track_30.sky130_fd_sc_hd__dfrtp_1_1_, 190.52, 220.32, 1.8
sb_0__0_.mem_right_track_30.sky130_fd_sc_hd__dfrtp_1_0_, 203.02, 220.32, 1.8
sb_0__0_.mem_right_track_32.sky130_fd_sc_hd__dfrtp_1_0_, 203.02, 220.32, 1.8
FILLER_76_472, 226.786, 220.32, 1.8
FILLER_77_471, 226.786, 220.32, 1.8
FILLER_77_478, 226.786, 220.32, 1.8
FILLER_77_491, 226.786, 220.32, 1.8
FILLER_78_488, 226.786, 220.32, 1.8
sb_0__0_.mux_right_track_12.mux_l2_in_0_, 226.786, 220.32, 1.8
sb_0__0_.mux_right_track_12.mux_l2_in_0__161, 226.786, 220.32, 1.8
sb_0__0_.mux_right_track_4.mux_l2_in_0_, 226.786, 220.32, 1.8
sb_0__0_.mux_right_track_8.mux_l2_in_0_, 226.786, 220.32, 1.8
FILLER_77_498, 238.053, 220.32, 1.8
FILLER_77_517, 238.053, 220.32, 1.8
FILLER_78_513, 238.053, 220.32, 1.8
sb_0__0_.mux_right_track_8.mux_l2_in_0__140, 238.053, 220.32, 1.8
PHY_148, 5.52, 214.88, 1.8
PHY_150, 5.52, 214.88, 1.8
PHY_149, 249.32, 214.88, 1.8
PHY_151, 249.32, 214.88, 1.8
input12, 249.32, 214.88, 1.8
FILLER_75_51, 28.02, 214.88, 1.8
FILLER_76_77, 40.52, 214.88, 1.8
FILLER_75_105, 53.02, 214.88, 1.8
FILLER_75_161, 78.02, 214.88, 1.8
FILLER_76_189, 90.52, 214.88, 1.8
FILLER_75_217, 103.02, 214.88, 1.8
FILLER_75_273, 128.02, 214.88, 1.8
FILLER_75_281, 140.52, 214.88, 1.8
FILLER_75_300, 140.52, 214.88, 1.8
FILLER_76_301, 140.52, 214.88, 1.8
_104_, 140.52, 214.88, 1.8
_105_, 140.52, 214.88, 1.8
FILLER_74_309, 153.02, 214.88, 1.8
FILLER_75_318, 153.02, 214.88, 1.8
FILLER_75_325, 153.02, 214.88, 1.8
FILLER_75_333, 153.02, 214.88, 1.8
FILLER_76_323, 153.02, 214.88, 1.8
sb_0__0_.mux_top_track_0.mux_l1_in_0_, 153.02, 214.88, 1.8
sb_0__0_.mux_top_track_34.mux_l2_in_0_, 153.02, 214.88, 1.8
sb_0__0_.mux_top_track_48.mux_l2_in_0_, 153.02, 214.88, 1.8
sb_0__0_.mux_top_track_48.mux_l2_in_0__155, 153.02, 214.88, 1.8
ANTENNA_3, 178.02, 214.88, 1.8
FILLER_75_371, 178.02, 214.88, 1.8
FILLER_75_377, 178.02, 214.88, 1.8
FILLER_76_387, 178.02, 214.88, 1.8
sb_0__0_.mem_top_track_34.sky130_fd_sc_hd__dfrtp_1_0_, 178.02, 214.88, 1.8
sb_0__0_.mux_top_track_30.mux_l1_in_0_, 178.02, 214.88, 1.8
FILLER_76_411, 190.52, 214.88, 1.8
sb_0__0_.mem_right_track_44.sky130_fd_sc_hd__dfrtp_1_1_, 190.52, 214.88, 1.8
sb_0__0_.mux_top_track_0.mux_l1_in_1__141, 190.52, 214.88, 1.8
sb_0__0_.mux_top_track_28.mux_l1_in_0_, 190.52, 214.88, 1.8
FILLER_75_416, 203.02, 214.88, 1.8
sb_0__0_.mem_right_track_32.sky130_fd_sc_hd__dfrtp_1_1_, 203.02, 214.88, 1.8
sb_0__0_.mem_right_track_44.sky130_fd_sc_hd__dfrtp_1_0_, 203.02, 214.88, 1.8
FILLER_74_469, 226.786, 214.88, 1.8
FILLER_75_471, 226.786, 214.88, 1.8
FILLER_76_488, 226.786, 214.88, 1.8
sb_0__0_.mux_right_track_10.mux_l2_in_0_, 226.786, 214.88, 1.8
sb_0__0_.mux_right_track_10.mux_l2_in_0__160, 226.786, 214.88, 1.8
sb_0__0_.mux_right_track_14.mux_l2_in_0__162, 226.786, 214.88, 1.8
FILLER_75_496, 238.053, 214.88, 1.8
FILLER_75_517, 238.053, 214.88, 1.8
PHY_144, 5.52, 209.44, 1.8
PHY_146, 5.52, 209.44, 1.8
PHY_145, 249.32, 209.44, 1.8
PHY_147, 249.32, 209.44, 1.8
input10, 249.32, 209.44, 1.8
FILLER_73_51, 28.02, 209.44, 1.8
FILLER_74_77, 40.52, 209.44, 1.8
FILLER_73_105, 53.02, 209.44, 1.8
FILLER_73_161, 78.02, 209.44, 1.8
FILLER_74_189, 90.52, 209.44, 1.8
FILLER_73_217, 103.02, 209.44, 1.8
FILLER_73_273, 128.02, 209.44, 1.8
FILLER_74_277, 128.02, 209.44, 1.8
_103_, 140.52, 209.44, 1.8
FILLER_74_323, 153.02, 209.44, 1.8
clkbuf_3_0__f_prog_clk, 153.02, 209.44, 1.8
sb_0__0_.mux_top_track_46.mux_l2_in_0_, 153.02, 209.44, 1.8
FILLER_73_383, 178.02, 209.44, 1.8
FILLER_74_387, 178.02, 209.44, 1.8
sb_0__0_.mem_top_track_34.sky130_fd_sc_hd__dfrtp_1_1_, 178.02, 209.44, 1.8
FILLER_72_389, 190.52, 209.44, 1.8
FILLER_73_415, 190.52, 209.44, 1.8
FILLER_74_414, 190.52, 209.44, 1.8
sb_0__0_.mem_right_track_46.sky130_fd_sc_hd__dfrtp_1_0_, 190.52, 209.44, 1.8
sb_0__0_.mem_right_track_46.sky130_fd_sc_hd__dfrtp_1_1_, 190.52, 209.44, 1.8
FILLER_73_439, 203.02, 209.44, 1.8
clkbuf_3_2__f_prog_clk, 203.02, 209.44, 1.8
clkbuf_3_5__f_prog_clk, 203.02, 209.44, 1.8
FILLER_72_469, 226.786, 209.44, 1.8
FILLER_73_472, 226.786, 209.44, 1.8
sb_0__0_.mux_right_track_16.mux_l2_in_0__163, 226.786, 209.44, 1.8
FILLER_73_517, 238.053, 209.44, 1.8
FILLER_74_506, 238.053, 209.44, 1.8
input11, 238.053, 209.44, 1.8
PHY_140, 5.52, 204, 1.8
PHY_142, 5.52, 204, 1.8
PHY_141, 249.32, 204, 1.8
PHY_143, 249.32, 204, 1.8
FILLER_71_51, 28.02, 204, 1.8
FILLER_72_77, 40.52, 204, 1.8
FILLER_71_105, 53.02, 204, 1.8
FILLER_71_161, 78.02, 204, 1.8
FILLER_72_189, 90.52, 204, 1.8
FILLER_71_217, 103.02, 204, 1.8
FILLER_71_273, 128.02, 204, 1.8
FILLER_72_301, 140.52, 204, 1.8
sb_0__0_.mem_top_track_0.sky130_fd_sc_hd__dfrtp_1_1_, 153.02, 204, 1.8
sb_0__0_.mux_top_track_46.mux_l2_in_0__154, 153.02, 204, 1.8
FILLER_71_383, 178.02, 204, 1.8
sb_0__0_.mem_top_track_44.sky130_fd_sc_hd__dfrtp_1_0_, 178.02, 204, 1.8
sb_0__0_.mem_top_track_44.sky130_fd_sc_hd__dfrtp_1_1_, 178.02, 204, 1.8
FILLER_72_412, 190.52, 204, 1.8
sb_0__0_.mem_right_track_48.sky130_fd_sc_hd__dfrtp_1_0_, 190.52, 204, 1.8
sb_0__0_.mux_top_track_34.mux_l1_in_0_, 190.52, 204, 1.8
FILLER_71_416, 203.02, 204, 1.8
FILLER_71_440, 203.02, 204, 1.8
sb_0__0_.mem_right_track_34.sky130_fd_sc_hd__dfrtp_1_0_, 203.02, 204, 1.8
sb_0__0_.mem_right_track_34.sky130_fd_sc_hd__dfrtp_1_1_, 203.02, 204, 1.8
FILLER_71_497, 238.053, 204, 1.8
FILLER_71_505, 238.053, 204, 1.8
FILLER_72_513, 238.053, 204, 1.8
input9, 238.053, 204, 1.8
PHY_136, 5.52, 198.56, 1.8
PHY_138, 5.52, 198.56, 1.8
PHY_137, 249.32, 198.56, 1.8
PHY_139, 249.32, 198.56, 1.8
input7, 249.32, 198.56, 1.8
FILLER_69_51, 28.02, 198.56, 1.8
FILLER_70_77, 40.52, 198.56, 1.8
FILLER_69_105, 53.02, 198.56, 1.8
FILLER_69_161, 78.02, 198.56, 1.8
FILLER_70_189, 90.52, 198.56, 1.8
FILLER_69_217, 103.02, 198.56, 1.8
FILLER_69_273, 128.02, 198.56, 1.8
FILLER_70_301, 140.52, 198.56, 1.8
FILLER_69_329, 153.02, 198.56, 1.8
FILLER_70_333, 153.02, 198.56, 1.8
FILLER_70_387, 178.02, 198.56, 1.8
sb_0__0_.mem_top_track_46.sky130_fd_sc_hd__dfrtp_1_0_, 178.02, 198.56, 1.8
FILLER_69_404, 190.52, 198.56, 1.8
FILLER_70_415, 190.52, 198.56, 1.8
clkbuf_3_6__f_prog_clk, 190.52, 198.56, 1.8
clkbuf_3_7__f_prog_clk, 190.52, 198.56, 1.8
sb_0__0_.mux_top_track_44.mux_l1_in_0_, 190.52, 198.56, 1.8
FILLER_68_421, 203.02, 198.56, 1.8
FILLER_69_432, 203.02, 198.56, 1.8
sb_0__0_.mux_right_track_32.mux_l2_in_0_, 203.02, 198.56, 1.8
sb_0__0_.mux_right_track_34.mux_l2_in_0_, 203.02, 198.56, 1.8
FILLER_69_505, 238.053, 198.56, 1.8
input8, 238.053, 198.56, 1.8
sb_0__0_.mux_right_track_2.sky130_fd_sc_hd__buf_4_0_, 238.053, 198.56, 1.8
PHY_132, 5.52, 193.12, 1.8
PHY_134, 5.52, 193.12, 1.8
FILLER_66_519, 249.32, 193.12, 1.8
FILLER_67_522, 249.32, 193.12, 1.8
PHY_133, 249.32, 193.12, 1.8
PHY_135, 249.32, 193.12, 1.8
input6, 249.32, 193.12, 1.8
FILLER_67_51, 28.02, 193.12, 1.8
FILLER_68_77, 40.52, 193.12, 1.8
FILLER_67_105, 53.02, 193.12, 1.8
FILLER_67_161, 78.02, 193.12, 1.8
FILLER_68_189, 90.52, 193.12, 1.8
FILLER_67_217, 103.02, 193.12, 1.8
FILLER_67_273, 128.02, 193.12, 1.8
FILLER_68_301, 140.52, 193.12, 1.8
FILLER_67_329, 153.02, 193.12, 1.8
FILLER_67_376, 178.02, 193.12, 1.8
FILLER_68_387, 178.02, 193.12, 1.8
sb_0__0_.mux_top_track_50.mux_l1_in_0_, 178.02, 193.12, 1.8
FILLER_67_389, 190.52, 193.12, 1.8
FILLER_67_405, 190.52, 193.12, 1.8
FILLER_67_413, 190.52, 193.12, 1.8
FILLER_68_411, 190.52, 193.12, 1.8
sb_0__0_.mem_right_track_48.sky130_fd_sc_hd__dfrtp_1_1_, 190.52, 193.12, 1.8
sb_0__0_.mux_right_track_44.mux_l2_in_0__135, 190.52, 193.12, 1.8
sb_0__0_.mux_top_track_46.mux_l1_in_0_, 190.52, 193.12, 1.8
ANTENNA_6, 203.02, 193.12, 1.8
FILLER_67_418, 203.02, 193.12, 1.8
FILLER_68_438, 203.02, 193.12, 1.8
sb_0__0_.mux_right_track_34.mux_l2_in_0__133, 203.02, 193.12, 1.8
sb_0__0_.mux_right_track_44.mux_l2_in_0_, 203.02, 193.12, 1.8
sb_0__0_.mux_right_track_50.mux_l1_in_0_, 203.02, 193.12, 1.8
FILLER_68_489, 226.786, 193.12, 1.8
FILLER_67_497, 238.053, 193.12, 1.8
sb_0__0_.mux_right_track_4.sky130_fd_sc_hd__buf_4_0_, 238.053, 193.12, 1.8
sb_0__0_.mux_right_track_6.sky130_fd_sc_hd__buf_4_0_, 238.053, 193.12, 1.8
PHY_128, 5.52, 187.68, 1.8
PHY_130, 5.52, 187.68, 1.8
PHY_129, 249.32, 187.68, 1.8
PHY_131, 249.32, 187.68, 1.8
input5, 249.32, 187.68, 1.8
FILLER_65_51, 28.02, 187.68, 1.8
FILLER_66_77, 40.52, 187.68, 1.8
FILLER_65_105, 53.02, 187.68, 1.8
FILLER_65_161, 78.02, 187.68, 1.8
FILLER_66_189, 90.52, 187.68, 1.8
FILLER_65_217, 103.02, 187.68, 1.8
FILLER_65_273, 128.02, 187.68, 1.8
FILLER_66_301, 140.52, 187.68, 1.8
FILLER_65_329, 153.02, 187.68, 1.8
FILLER_65_385, 178.02, 187.68, 1.8
clkbuf_0_prog_clk, 178.02, 187.68, 1.8
FILLER_65_404, 190.52, 187.68, 1.8
sb_0__0_.mux_right_track_46.mux_l2_in_0_, 190.52, 187.68, 1.8
sb_0__0_.mux_top_track_48.mux_l1_in_0_, 190.52, 187.68, 1.8
FILLER_65_418, 203.02, 187.68, 1.8
FILLER_65_438, 203.02, 187.68, 1.8
sb_0__0_.mux_right_track_46.mux_l2_in_0__136, 203.02, 187.68, 1.8
FILLER_64_472, 226.786, 187.68, 1.8
FILLER_65_469, 226.786, 187.68, 1.8
FILLER_66_489, 226.786, 187.68, 1.8
_091_, 226.786, 187.68, 1.8
FILLER_65_500, 238.053, 187.68, 1.8
FILLER_65_517, 238.053, 187.68, 1.8
FILLER_66_511, 238.053, 187.68, 1.8
sb_0__0_.mux_right_track_8.sky130_fd_sc_hd__buf_4_0_, 238.053, 187.68, 1.8
PHY_124, 5.52, 182.24, 1.8
PHY_126, 5.52, 182.24, 1.8
PHY_125, 249.32, 182.24, 1.8
PHY_127, 249.32, 182.24, 1.8
input4, 249.32, 182.24, 1.8
FILLER_63_51, 28.02, 182.24, 1.8
FILLER_64_77, 40.52, 182.24, 1.8
FILLER_63_105, 53.02, 182.24, 1.8
FILLER_63_161, 78.02, 182.24, 1.8
FILLER_64_189, 90.52, 182.24, 1.8
FILLER_63_217, 103.02, 182.24, 1.8
FILLER_63_273, 128.02, 182.24, 1.8
FILLER_64_301, 140.52, 182.24, 1.8
FILLER_63_329, 153.02, 182.24, 1.8
FILLER_63_385, 178.02, 182.24, 1.8
FILLER_64_411, 190.52, 182.24, 1.8
FILLER_63_427, 203.02, 182.24, 1.8
sb_0__0_.mux_right_track_48.mux_l2_in_0_, 203.02, 182.24, 1.8
sb_0__0_.mux_right_track_48.mux_l2_in_0__137, 203.02, 182.24, 1.8
FILLER_62_477, 226.786, 182.24, 1.8
FILLER_64_489, 226.786, 182.24, 1.8
FILLER_62_500, 238.053, 182.24, 1.8
FILLER_63_497, 238.053, 182.24, 1.8
FILLER_63_517, 238.053, 182.24, 1.8
sb_0__0_.mux_right_track_10.sky130_fd_sc_hd__buf_4_0_, 238.053, 182.24, 1.8
PHY_120, 5.52, 176.8, 1.8
PHY_122, 5.52, 176.8, 1.8
PHY_121, 249.32, 176.8, 1.8
PHY_123, 249.32, 176.8, 1.8
FILLER_61_51, 28.02, 176.8, 1.8
FILLER_62_77, 40.52, 176.8, 1.8
FILLER_61_105, 53.02, 176.8, 1.8
FILLER_61_161, 78.02, 176.8, 1.8
FILLER_62_189, 90.52, 176.8, 1.8
FILLER_61_217, 103.02, 176.8, 1.8
FILLER_61_273, 128.02, 176.8, 1.8
FILLER_62_301, 140.52, 176.8, 1.8
FILLER_61_329, 153.02, 176.8, 1.8
FILLER_61_385, 178.02, 176.8, 1.8
FILLER_61_405, 190.52, 176.8, 1.8
FILLER_62_413, 190.52, 176.8, 1.8
sb_0__0_.mem_right_track_50.sky130_fd_sc_hd__dfrtp_1_0_, 190.52, 176.8, 1.8
FILLER_60_469, 226.786, 176.8, 1.8
sb_0__0_.mux_right_track_12.sky130_fd_sc_hd__buf_4_0_, 226.786, 176.8, 1.8
sb_0__0_.mux_right_track_14.sky130_fd_sc_hd__buf_4_0_, 226.786, 176.8, 1.8
ANTENNA_1, 238.053, 176.8, 1.8
FILLER_61_517, 238.053, 176.8, 1.8
FILLER_62_511, 238.053, 176.8, 1.8
input3, 238.053, 176.8, 1.8
PHY_116, 5.52, 171.36, 1.8
PHY_118, 5.52, 171.36, 1.8
FILLER_58_520, 249.32, 171.36, 1.8
PHY_117, 249.32, 171.36, 1.8
PHY_119, 249.32, 171.36, 1.8
FILLER_59_51, 28.02, 171.36, 1.8
FILLER_60_77, 40.52, 171.36, 1.8
FILLER_59_105, 53.02, 171.36, 1.8
FILLER_59_161, 78.02, 171.36, 1.8
FILLER_60_189, 90.52, 171.36, 1.8
FILLER_59_217, 103.02, 171.36, 1.8
FILLER_59_273, 128.02, 171.36, 1.8
FILLER_60_301, 140.52, 171.36, 1.8
FILLER_59_329, 153.02, 171.36, 1.8
FILLER_59_385, 178.02, 171.36, 1.8
FILLER_60_413, 190.52, 171.36, 1.8
FILLER_58_421, 203.02, 171.36, 1.8
FILLER_59_429, 203.02, 171.36, 1.8
FILLER_59_437, 203.02, 171.36, 1.8
_083_, 203.02, 171.36, 1.8
FILLER_58_477, 226.786, 171.36, 1.8
sb_0__0_.mux_right_track_16.sky130_fd_sc_hd__buf_4_0_, 226.786, 171.36, 1.8
sb_0__0_.mux_right_track_18.sky130_fd_sc_hd__buf_4_0_, 226.786, 171.36, 1.8
ANTENNA_2, 238.053, 171.36, 1.8
FILLER_59_505, 238.053, 171.36, 1.8
FILLER_59_511, 238.053, 171.36, 1.8
input30, 238.053, 171.36, 1.8
input31, 238.053, 171.36, 1.8
PHY_112, 5.52, 165.92, 1.8
PHY_114, 5.52, 165.92, 1.8
FILLER_56_520, 249.32, 165.92, 1.8
PHY_113, 249.32, 165.92, 1.8
PHY_115, 249.32, 165.92, 1.8
FILLER_57_51, 28.02, 165.92, 1.8
FILLER_58_77, 40.52, 165.92, 1.8
FILLER_57_105, 53.02, 165.92, 1.8
FILLER_57_161, 78.02, 165.92, 1.8
FILLER_58_189, 90.52, 165.92, 1.8
FILLER_57_217, 103.02, 165.92, 1.8
FILLER_57_273, 128.02, 165.92, 1.8
FILLER_58_301, 140.52, 165.92, 1.8
FILLER_57_329, 153.02, 165.92, 1.8
FILLER_57_385, 178.02, 165.92, 1.8
FILLER_58_413, 190.52, 165.92, 1.8
ANTENNA_5, 203.02, 165.92, 1.8
FILLER_56_421, 203.02, 165.92, 1.8
FILLER_57_429, 203.02, 165.92, 1.8
FILLER_58_432, 203.02, 165.92, 1.8
_080_, 203.02, 165.92, 1.8
_081_, 203.02, 165.92, 1.8
_082_, 203.02, 165.92, 1.8
FILLER_56_473, 226.786, 165.92, 1.8
sb_0__0_.mux_right_track_28.sky130_fd_sc_hd__buf_4_0_, 226.786, 165.92, 1.8
FILLER_56_498, 238.053, 165.92, 1.8
FILLER_57_497, 238.053, 165.92, 1.8
FILLER_57_505, 238.053, 165.92, 1.8
_101_, 238.053, 165.92, 1.8
input29, 238.053, 165.92, 1.8
PHY_108, 5.52, 160.48, 1.8
PHY_110, 5.52, 160.48, 1.8
FILLER_54_520, 249.32, 160.48, 1.8
PHY_109, 249.32, 160.48, 1.8
PHY_111, 249.32, 160.48, 1.8
input27, 249.32, 160.48, 1.8
FILLER_55_51, 28.02, 160.48, 1.8
FILLER_56_77, 40.52, 160.48, 1.8
FILLER_55_105, 53.02, 160.48, 1.8
FILLER_55_161, 78.02, 160.48, 1.8
FILLER_56_189, 90.52, 160.48, 1.8
FILLER_55_217, 103.02, 160.48, 1.8
FILLER_55_273, 128.02, 160.48, 1.8
FILLER_56_301, 140.52, 160.48, 1.8
FILLER_55_329, 153.02, 160.48, 1.8
FILLER_55_385, 178.02, 160.48, 1.8
FILLER_56_413, 190.52, 160.48, 1.8
FILLER_55_441, 203.02, 160.48, 1.8
FILLER_54_469, 226.786, 160.48, 1.8
FILLER_56_489, 226.786, 160.48, 1.8
sb_0__0_.mux_right_track_30.sky130_fd_sc_hd__buf_4_0_, 226.786, 160.48, 1.8
FILLER_55_496, 238.053, 160.48, 1.8
FILLER_55_517, 238.053, 160.48, 1.8
FILLER_56_506, 238.053, 160.48, 1.8
FILLER_56_512, 238.053, 160.48, 1.8
_100_, 238.053, 160.48, 1.8
input28, 238.053, 160.48, 1.8
PHY_104, 5.52, 155.04, 1.8
PHY_106, 5.52, 155.04, 1.8
FILLER_53_520, 249.32, 155.04, 1.8
PHY_105, 249.32, 155.04, 1.8
PHY_107, 249.32, 155.04, 1.8
input25, 249.32, 155.04, 1.8
FILLER_53_51, 28.02, 155.04, 1.8
FILLER_54_77, 40.52, 155.04, 1.8
FILLER_53_105, 53.02, 155.04, 1.8
FILLER_53_161, 78.02, 155.04, 1.8
FILLER_54_189, 90.52, 155.04, 1.8
FILLER_53_217, 103.02, 155.04, 1.8
FILLER_53_273, 128.02, 155.04, 1.8
FILLER_54_301, 140.52, 155.04, 1.8
FILLER_53_329, 153.02, 155.04, 1.8
FILLER_53_385, 178.02, 155.04, 1.8
FILLER_52_401, 190.52, 155.04, 1.8
FILLER_53_405, 190.52, 155.04, 1.8
FILLER_54_413, 190.52, 155.04, 1.8
_075_, 190.52, 155.04, 1.8
sb_0__0_.mux_right_track_32.sky130_fd_sc_hd__buf_4_0_, 226.786, 155.04, 1.8
FILLER_53_496, 238.053, 155.04, 1.8
FILLER_53_505, 238.053, 155.04, 1.8
FILLER_53_512, 238.053, 155.04, 1.8
FILLER_54_513, 238.053, 155.04, 1.8
_098_, 238.053, 155.04, 1.8
_099_, 238.053, 155.04, 1.8
input26, 238.053, 155.04, 1.8
PHY_100, 5.52, 149.6, 1.8
PHY_102, 5.52, 149.6, 1.8
FILLER_51_520, 249.32, 149.6, 1.8
PHY_101, 249.32, 149.6, 1.8
PHY_103, 249.32, 149.6, 1.8
FILLER_51_51, 28.02, 149.6, 1.8
FILLER_52_77, 40.52, 149.6, 1.8
FILLER_51_105, 53.02, 149.6, 1.8
FILLER_51_161, 78.02, 149.6, 1.8
FILLER_52_189, 90.52, 149.6, 1.8
FILLER_51_217, 103.02, 149.6, 1.8
FILLER_51_273, 128.02, 149.6, 1.8
FILLER_52_301, 140.52, 149.6, 1.8
FILLER_51_329, 153.02, 149.6, 1.8
FILLER_51_385, 178.02, 149.6, 1.8
FILLER_50_389, 190.52, 149.6, 1.8
FILLER_51_393, 190.52, 149.6, 1.8
_072_, 190.52, 149.6, 1.8
_073_, 190.52, 149.6, 1.8
_074_, 190.52, 149.6, 1.8
FILLER_51_440, 203.02, 149.6, 1.8
FILLER_50_469, 226.786, 149.6, 1.8
FILLER_51_497, 238.053, 149.6, 1.8
FILLER_51_505, 238.053, 149.6, 1.8
FILLER_51_513, 238.053, 149.6, 1.8
FILLER_52_513, 238.053, 149.6, 1.8
_097_, 238.053, 149.6, 1.8
PHY_96, 5.52, 144.16, 1.8
PHY_98, 5.52, 144.16, 1.8
FILLER_49_520, 249.32, 144.16, 1.8
PHY_97, 249.32, 144.16, 1.8
PHY_99, 249.32, 144.16, 1.8
input13, 249.32, 144.16, 1.8
FILLER_49_51, 28.02, 144.16, 1.8
FILLER_50_77, 40.52, 144.16, 1.8
FILLER_49_105, 53.02, 144.16, 1.8
FILLER_49_161, 78.02, 144.16, 1.8
FILLER_50_189, 90.52, 144.16, 1.8
FILLER_49_217, 103.02, 144.16, 1.8
FILLER_49_273, 128.02, 144.16, 1.8
FILLER_50_301, 140.52, 144.16, 1.8
FILLER_49_329, 153.02, 144.16, 1.8
FILLER_49_385, 178.02, 144.16, 1.8
FILLER_50_412, 190.52, 144.16, 1.8
FILLER_49_441, 203.02, 144.16, 1.8
FILLER_48_501, 238.053, 144.16, 1.8
FILLER_49_505, 238.053, 144.16, 1.8
FILLER_49_512, 238.053, 144.16, 1.8
_095_, 238.053, 144.16, 1.8
_096_, 238.053, 144.16, 1.8
input24, 238.053, 144.16, 1.8
PHY_92, 5.52, 138.72, 1.8
PHY_94, 5.52, 138.72, 1.8
FILLER_46_524, 249.32, 138.72, 1.8
PHY_93, 249.32, 138.72, 1.8
PHY_95, 249.32, 138.72, 1.8
input2, 249.32, 138.72, 1.8
FILLER_47_51, 28.02, 138.72, 1.8
FILLER_48_77, 40.52, 138.72, 1.8
FILLER_47_105, 53.02, 138.72, 1.8
FILLER_47_161, 78.02, 138.72, 1.8
FILLER_48_189, 90.52, 138.72, 1.8
FILLER_47_217, 103.02, 138.72, 1.8
FILLER_47_273, 128.02, 138.72, 1.8
FILLER_48_301, 140.52, 138.72, 1.8
FILLER_47_329, 153.02, 138.72, 1.8
FILLER_47_385, 178.02, 138.72, 1.8
FILLER_48_413, 190.52, 138.72, 1.8
FILLER_47_441, 203.02, 138.72, 1.8
FILLER_46_469, 226.786, 138.72, 1.8
FILLER_46_501, 238.053, 138.72, 1.8
FILLER_47_497, 238.053, 138.72, 1.8
FILLER_47_517, 238.053, 138.72, 1.8
FILLER_48_509, 238.053, 138.72, 1.8
FILLER_48_516, 238.053, 138.72, 1.8
_092_, 238.053, 138.72, 1.8
_094_, 238.053, 138.72, 1.8
PHY_88, 5.52, 133.28, 1.8
PHY_90, 5.52, 133.28, 1.8
PHY_89, 249.32, 133.28, 1.8
PHY_91, 249.32, 133.28, 1.8
FILLER_45_51, 28.02, 133.28, 1.8
FILLER_46_77, 40.52, 133.28, 1.8
FILLER_45_105, 53.02, 133.28, 1.8
FILLER_45_161, 78.02, 133.28, 1.8
FILLER_46_189, 90.52, 133.28, 1.8
FILLER_45_217, 103.02, 133.28, 1.8
FILLER_45_273, 128.02, 133.28, 1.8
FILLER_46_301, 140.52, 133.28, 1.8
FILLER_45_329, 153.02, 133.28, 1.8
FILLER_45_385, 178.02, 133.28, 1.8
FILLER_46_413, 190.52, 133.28, 1.8
FILLER_45_441, 203.02, 133.28, 1.8
FILLER_44_469, 226.786, 133.28, 1.8
FILLER_44_501, 238.053, 133.28, 1.8
FILLER_45_495, 238.053, 133.28, 1.8
FILLER_45_505, 238.053, 133.28, 1.8
FILLER_46_508, 238.053, 133.28, 1.8
FILLER_46_516, 238.053, 133.28, 1.8
_093_, 238.053, 133.28, 1.8
output93, 238.053, 133.28, 1.8
PHY_84, 5.52, 127.84, 1.8
PHY_86, 5.52, 127.84, 1.8
PHY_85, 249.32, 127.84, 1.8
PHY_87, 249.32, 127.84, 1.8
FILLER_43_51, 28.02, 127.84, 1.8
FILLER_44_77, 40.52, 127.84, 1.8
FILLER_43_105, 53.02, 127.84, 1.8
FILLER_43_161, 78.02, 127.84, 1.8
FILLER_44_189, 90.52, 127.84, 1.8
FILLER_43_217, 103.02, 127.84, 1.8
FILLER_43_273, 128.02, 127.84, 1.8
FILLER_44_301, 140.52, 127.84, 1.8
FILLER_43_329, 153.02, 127.84, 1.8
FILLER_43_385, 178.02, 127.84, 1.8
FILLER_44_413, 190.52, 127.84, 1.8
FILLER_43_441, 203.02, 127.84, 1.8
FILLER_42_469, 226.786, 127.84, 1.8
FILLER_42_501, 238.053, 127.84, 1.8
FILLER_43_497, 238.053, 127.84, 1.8
FILLER_43_517, 238.053, 127.84, 1.8
output92, 238.053, 127.84, 1.8
PHY_80, 5.52, 122.4, 1.8
PHY_82, 5.52, 122.4, 1.8
FILLER_40_520, 249.32, 122.4, 1.8
PHY_81, 249.32, 122.4, 1.8
PHY_83, 249.32, 122.4, 1.8
FILLER_41_51, 28.02, 122.4, 1.8
FILLER_42_77, 40.52, 122.4, 1.8
FILLER_41_105, 53.02, 122.4, 1.8
FILLER_41_161, 78.02, 122.4, 1.8
FILLER_42_189, 90.52, 122.4, 1.8
FILLER_41_217, 103.02, 122.4, 1.8
FILLER_41_273, 128.02, 122.4, 1.8
FILLER_42_301, 140.52, 122.4, 1.8
FILLER_41_329, 153.02, 122.4, 1.8
FILLER_41_385, 178.02, 122.4, 1.8
FILLER_42_413, 190.52, 122.4, 1.8
FILLER_41_441, 203.02, 122.4, 1.8
FILLER_40_469, 226.786, 122.4, 1.8
sb_0__0_.mux_right_track_50.mux_l2_in_0__138, 226.786, 122.4, 1.8
FILLER_40_501, 238.053, 122.4, 1.8
FILLER_41_499, 238.053, 122.4, 1.8
FILLER_41_505, 238.053, 122.4, 1.8
_087_, 238.053, 122.4, 1.8
output90, 238.053, 122.4, 1.8
output91, 238.053, 122.4, 1.8
PHY_76, 5.52, 116.96, 1.8
PHY_78, 5.52, 116.96, 1.8
PHY_77, 249.32, 116.96, 1.8
PHY_79, 249.32, 116.96, 1.8
FILLER_39_51, 28.02, 116.96, 1.8
FILLER_40_77, 40.52, 116.96, 1.8
FILLER_39_105, 53.02, 116.96, 1.8
FILLER_39_161, 78.02, 116.96, 1.8
FILLER_40_189, 90.52, 116.96, 1.8
FILLER_39_217, 103.02, 116.96, 1.8
FILLER_39_273, 128.02, 116.96, 1.8
FILLER_40_301, 140.52, 116.96, 1.8
FILLER_39_329, 153.02, 116.96, 1.8
FILLER_39_385, 178.02, 116.96, 1.8
FILLER_40_413, 190.52, 116.96, 1.8
FILLER_39_441, 203.02, 116.96, 1.8
FILLER_38_469, 226.786, 116.96, 1.8
FILLER_38_501, 238.053, 116.96, 1.8
FILLER_39_505, 238.053, 116.96, 1.8
_086_, 238.053, 116.96, 1.8
output89, 238.053, 116.96, 1.8
PHY_72, 5.52, 111.52, 1.8
PHY_74, 5.52, 111.52, 1.8
FILLER_37_523, 249.32, 111.52, 1.8
PHY_73, 249.32, 111.52, 1.8
PHY_75, 249.32, 111.52, 1.8
FILLER_37_51, 28.02, 111.52, 1.8
FILLER_38_77, 40.52, 111.52, 1.8
FILLER_37_105, 53.02, 111.52, 1.8
FILLER_37_161, 78.02, 111.52, 1.8
FILLER_38_189, 90.52, 111.52, 1.8
FILLER_36_209, 103.02, 111.52, 1.8
FILLER_37_217, 103.02, 111.52, 1.8
FILLER_37_273, 128.02, 111.52, 1.8
FILLER_38_301, 140.52, 111.52, 1.8
FILLER_37_329, 153.02, 111.52, 1.8
FILLER_37_385, 178.02, 111.52, 1.8
FILLER_38_413, 190.52, 111.52, 1.8
FILLER_37_441, 203.02, 111.52, 1.8
FILLER_36_469, 226.786, 111.52, 1.8
FILLER_36_505, 238.053, 111.52, 1.8
FILLER_37_497, 238.053, 111.52, 1.8
_084_, 238.053, 111.52, 1.8
_085_, 238.053, 111.52, 1.8
output88, 238.053, 111.52, 1.8
PHY_68, 5.52, 106.08, 1.8
PHY_70, 5.52, 106.08, 1.8
PHY_69, 249.32, 106.08, 1.8
PHY_71, 249.32, 106.08, 1.8
FILLER_35_51, 28.02, 106.08, 1.8
FILLER_36_77, 40.52, 106.08, 1.8
FILLER_35_105, 53.02, 106.08, 1.8
FILLER_35_161, 78.02, 106.08, 1.8
FILLER_36_189, 90.52, 106.08, 1.8
ANTENNA_10, 103.02, 106.08, 1.8
FILLER_35_217, 103.02, 106.08, 1.8
FILLER_36_220, 103.02, 106.08, 1.8
sb_0__0_.mem_top_track_0.sky130_fd_sc_hd__dfrtp_1_0_, 103.02, 106.08, 1.8
FILLER_35_273, 128.02, 106.08, 1.8
FILLER_36_301, 140.52, 106.08, 1.8
FILLER_35_329, 153.02, 106.08, 1.8
FILLER_35_385, 178.02, 106.08, 1.8
FILLER_36_413, 190.52, 106.08, 1.8
FILLER_35_441, 203.02, 106.08, 1.8
FILLER_34_469, 226.786, 106.08, 1.8
FILLER_35_497, 238.053, 106.08, 1.8
FILLER_35_505, 238.053, 106.08, 1.8
output86, 238.053, 106.08, 1.8
output87, 238.053, 106.08, 1.8
PHY_64, 5.52, 100.64, 1.8
PHY_66, 5.52, 100.64, 1.8
PHY_65, 249.32, 100.64, 1.8
PHY_67, 249.32, 100.64, 1.8
FILLER_33_51, 28.02, 100.64, 1.8
FILLER_34_77, 40.52, 100.64, 1.8
FILLER_33_105, 53.02, 100.64, 1.8
FILLER_33_161, 78.02, 100.64, 1.8
FILLER_34_189, 90.52, 100.64, 1.8
FILLER_33_217, 103.02, 100.64, 1.8
FILLER_33_273, 128.02, 100.64, 1.8
FILLER_34_301, 140.52, 100.64, 1.8
FILLER_33_329, 153.02, 100.64, 1.8
FILLER_33_385, 178.02, 100.64, 1.8
FILLER_34_413, 190.52, 100.64, 1.8
FILLER_33_441, 203.02, 100.64, 1.8
FILLER_32_469, 226.786, 100.64, 1.8
FILLER_32_501, 238.053, 100.64, 1.8
FILLER_33_497, 238.053, 100.64, 1.8
FILLER_33_505, 238.053, 100.64, 1.8
output85, 238.053, 100.64, 1.8
PHY_60, 5.52, 95.2, 1.8
PHY_62, 5.52, 95.2, 1.8
PHY_61, 249.32, 95.2, 1.8
PHY_63, 249.32, 95.2, 1.8
FILLER_31_51, 28.02, 95.2, 1.8
FILLER_32_77, 40.52, 95.2, 1.8
FILLER_31_105, 53.02, 95.2, 1.8
FILLER_31_161, 78.02, 95.2, 1.8
FILLER_32_189, 90.52, 95.2, 1.8
FILLER_31_217, 103.02, 95.2, 1.8
FILLER_31_273, 128.02, 95.2, 1.8
FILLER_32_301, 140.52, 95.2, 1.8
FILLER_31_329, 153.02, 95.2, 1.8
FILLER_31_385, 178.02, 95.2, 1.8
FILLER_32_413, 190.52, 95.2, 1.8
FILLER_31_441, 203.02, 95.2, 1.8
FILLER_30_469, 226.786, 95.2, 1.8
FILLER_30_477, 226.786, 95.2, 1.8
FILLER_30_499, 238.053, 95.2, 1.8
FILLER_31_497, 238.053, 95.2, 1.8
FILLER_31_517, 238.053, 95.2, 1.8
_079_, 238.053, 95.2, 1.8
output84, 238.053, 95.2, 1.8
PHY_56, 5.52, 89.76, 1.8
PHY_58, 5.52, 89.76, 1.8
PHY_57, 249.32, 89.76, 1.8
PHY_59, 249.32, 89.76, 1.8
FILLER_29_51, 28.02, 89.76, 1.8
FILLER_30_77, 40.52, 89.76, 1.8
FILLER_29_105, 53.02, 89.76, 1.8
FILLER_29_161, 78.02, 89.76, 1.8
FILLER_30_189, 90.52, 89.76, 1.8
FILLER_29_217, 103.02, 89.76, 1.8
FILLER_29_273, 128.02, 89.76, 1.8
FILLER_30_301, 140.52, 89.76, 1.8
FILLER_29_329, 153.02, 89.76, 1.8
FILLER_29_385, 178.02, 89.76, 1.8
FILLER_30_413, 190.52, 89.76, 1.8
FILLER_29_441, 203.02, 89.76, 1.8
FILLER_28_469, 226.786, 89.76, 1.8
FILLER_29_485, 226.786, 89.76, 1.8
FILLER_30_486, 226.786, 89.76, 1.8
sb_0__0_.mux_right_track_50.sky130_fd_sc_hd__buf_4_0_, 226.786, 89.76, 1.8
FILLER_29_499, 238.053, 89.76, 1.8
FILLER_29_505, 238.053, 89.76, 1.8
_078_, 238.053, 89.76, 1.8
output81, 238.053, 89.76, 1.8
output82, 238.053, 89.76, 1.8
PHY_52, 5.52, 84.32, 1.8
PHY_54, 5.52, 84.32, 1.8
PHY_53, 249.32, 84.32, 1.8
PHY_55, 249.32, 84.32, 1.8
FILLER_27_51, 28.02, 84.32, 1.8
FILLER_28_77, 40.52, 84.32, 1.8
FILLER_27_105, 53.02, 84.32, 1.8
FILLER_27_161, 78.02, 84.32, 1.8
FILLER_28_189, 90.52, 84.32, 1.8
FILLER_27_217, 103.02, 84.32, 1.8
FILLER_27_273, 128.02, 84.32, 1.8
FILLER_28_301, 140.52, 84.32, 1.8
FILLER_27_329, 153.02, 84.32, 1.8
FILLER_27_385, 178.02, 84.32, 1.8
FILLER_28_413, 190.52, 84.32, 1.8
FILLER_27_441, 203.02, 84.32, 1.8
FILLER_26_469, 226.786, 84.32, 1.8
FILLER_26_501, 238.053, 84.32, 1.8
FILLER_27_501, 238.053, 84.32, 1.8
FILLER_27_505, 238.053, 84.32, 1.8
_077_, 238.053, 84.32, 1.8
output80, 238.053, 84.32, 1.8
PHY_48, 5.52, 78.88, 1.8
PHY_50, 5.52, 78.88, 1.8
PHY_49, 249.32, 78.88, 1.8
PHY_51, 249.32, 78.88, 1.8
FILLER_25_51, 28.02, 78.88, 1.8
FILLER_26_77, 40.52, 78.88, 1.8
FILLER_25_105, 53.02, 78.88, 1.8
FILLER_25_161, 78.02, 78.88, 1.8
FILLER_26_189, 90.52, 78.88, 1.8
FILLER_25_217, 103.02, 78.88, 1.8
FILLER_25_273, 128.02, 78.88, 1.8
FILLER_26_301, 140.52, 78.88, 1.8
FILLER_25_329, 153.02, 78.88, 1.8
FILLER_25_385, 178.02, 78.88, 1.8
FILLER_26_413, 190.52, 78.88, 1.8
FILLER_25_441, 203.02, 78.88, 1.8
FILLER_24_469, 226.786, 78.88, 1.8
FILLER_24_501, 238.053, 78.88, 1.8
FILLER_25_497, 238.053, 78.88, 1.8
FILLER_25_517, 238.053, 78.88, 1.8
output79, 238.053, 78.88, 1.8
PHY_44, 5.52, 73.44, 1.8
PHY_46, 5.52, 73.44, 1.8
PHY_45, 249.32, 73.44, 1.8
PHY_47, 249.32, 73.44, 1.8
FILLER_23_51, 28.02, 73.44, 1.8
FILLER_24_77, 40.52, 73.44, 1.8
FILLER_23_105, 53.02, 73.44, 1.8
FILLER_23_161, 78.02, 73.44, 1.8
FILLER_24_189, 90.52, 73.44, 1.8
FILLER_23_217, 103.02, 73.44, 1.8
FILLER_23_273, 128.02, 73.44, 1.8
FILLER_24_301, 140.52, 73.44, 1.8
FILLER_23_329, 153.02, 73.44, 1.8
FILLER_23_385, 178.02, 73.44, 1.8
FILLER_24_413, 190.52, 73.44, 1.8
FILLER_23_441, 203.02, 73.44, 1.8
FILLER_22_469, 226.786, 73.44, 1.8
FILLER_23_497, 238.053, 73.44, 1.8
FILLER_23_505, 238.053, 73.44, 1.8
output77, 238.053, 73.44, 1.8
output78, 238.053, 73.44, 1.8
PHY_40, 5.52, 68, 1.8
PHY_42, 5.52, 68, 1.8
PHY_41, 249.32, 68, 1.8
PHY_43, 249.32, 68, 1.8
FILLER_21_51, 28.02, 68, 1.8
FILLER_22_77, 40.52, 68, 1.8
FILLER_21_105, 53.02, 68, 1.8
FILLER_21_161, 78.02, 68, 1.8
FILLER_22_189, 90.52, 68, 1.8
FILLER_21_217, 103.02, 68, 1.8
FILLER_21_273, 128.02, 68, 1.8
FILLER_22_301, 140.52, 68, 1.8
FILLER_21_329, 153.02, 68, 1.8
FILLER_21_385, 178.02, 68, 1.8
FILLER_22_413, 190.52, 68, 1.8
FILLER_21_441, 203.02, 68, 1.8
FILLER_20_469, 226.786, 68, 1.8
FILLER_20_501, 238.053, 68, 1.8
FILLER_21_497, 238.053, 68, 1.8
FILLER_21_505, 238.053, 68, 1.8
output76, 238.053, 68, 1.8
PHY_36, 5.52, 62.56, 1.8
PHY_38, 5.52, 62.56, 1.8
PHY_37, 249.32, 62.56, 1.8
PHY_39, 249.32, 62.56, 1.8
FILLER_19_51, 28.02, 62.56, 1.8
FILLER_20_77, 40.52, 62.56, 1.8
FILLER_19_105, 53.02, 62.56, 1.8
FILLER_19_161, 78.02, 62.56, 1.8
FILLER_20_189, 90.52, 62.56, 1.8
FILLER_19_217, 103.02, 62.56, 1.8
FILLER_19_273, 128.02, 62.56, 1.8
FILLER_20_301, 140.52, 62.56, 1.8
FILLER_19_329, 153.02, 62.56, 1.8
FILLER_19_385, 178.02, 62.56, 1.8
FILLER_20_413, 190.52, 62.56, 1.8
FILLER_19_441, 203.02, 62.56, 1.8
FILLER_18_469, 226.786, 62.56, 1.8
FILLER_18_501, 238.053, 62.56, 1.8
FILLER_19_497, 238.053, 62.56, 1.8
FILLER_19_505, 238.053, 62.56, 1.8
_076_, 238.053, 62.56, 1.8
output75, 238.053, 62.56, 1.8
PHY_32, 5.52, 57.12, 1.8
PHY_34, 5.52, 57.12, 1.8
PHY_33, 249.32, 57.12, 1.8
PHY_35, 249.32, 57.12, 1.8
FILLER_17_51, 28.02, 57.12, 1.8
FILLER_18_77, 40.52, 57.12, 1.8
FILLER_17_105, 53.02, 57.12, 1.8
FILLER_17_161, 78.02, 57.12, 1.8
FILLER_18_189, 90.52, 57.12, 1.8
FILLER_17_217, 103.02, 57.12, 1.8
FILLER_17_273, 128.02, 57.12, 1.8
FILLER_18_301, 140.52, 57.12, 1.8
FILLER_17_329, 153.02, 57.12, 1.8
FILLER_17_385, 178.02, 57.12, 1.8
FILLER_18_413, 190.52, 57.12, 1.8
FILLER_17_441, 203.02, 57.12, 1.8
FILLER_16_469, 226.786, 57.12, 1.8
FILLER_17_497, 238.053, 57.12, 1.8
FILLER_17_505, 238.053, 57.12, 1.8
output73, 238.053, 57.12, 1.8
output74, 238.053, 57.12, 1.8
PHY_28, 5.52, 51.68, 1.8
PHY_30, 5.52, 51.68, 1.8
PHY_29, 249.32, 51.68, 1.8
PHY_31, 249.32, 51.68, 1.8
FILLER_15_51, 28.02, 51.68, 1.8
FILLER_16_77, 40.52, 51.68, 1.8
FILLER_15_105, 53.02, 51.68, 1.8
FILLER_15_161, 78.02, 51.68, 1.8
FILLER_16_189, 90.52, 51.68, 1.8
FILLER_15_217, 103.02, 51.68, 1.8
FILLER_15_273, 128.02, 51.68, 1.8
FILLER_16_301, 140.52, 51.68, 1.8
FILLER_15_329, 153.02, 51.68, 1.8
FILLER_15_385, 178.02, 51.68, 1.8
FILLER_16_413, 190.52, 51.68, 1.8
FILLER_15_441, 203.02, 51.68, 1.8
FILLER_14_469, 226.786, 51.68, 1.8
FILLER_14_501, 238.053, 51.68, 1.8
FILLER_15_497, 238.053, 51.68, 1.8
FILLER_15_505, 238.053, 51.68, 1.8
output101, 238.053, 51.68, 1.8
PHY_24, 5.52, 46.24, 1.8
PHY_26, 5.52, 46.24, 1.8
PHY_25, 249.32, 46.24, 1.8
PHY_27, 249.32, 46.24, 1.8
FILLER_13_51, 28.02, 46.24, 1.8
FILLER_14_77, 40.52, 46.24, 1.8
FILLER_13_105, 53.02, 46.24, 1.8
FILLER_13_161, 78.02, 46.24, 1.8
FILLER_14_189, 90.52, 46.24, 1.8
FILLER_13_217, 103.02, 46.24, 1.8
FILLER_13_273, 128.02, 46.24, 1.8
FILLER_14_301, 140.52, 46.24, 1.8
FILLER_13_329, 153.02, 46.24, 1.8
FILLER_13_385, 178.02, 46.24, 1.8
FILLER_14_413, 190.52, 46.24, 1.8
FILLER_13_441, 203.02, 46.24, 1.8
FILLER_12_469, 226.786, 46.24, 1.8
FILLER_12_501, 238.053, 46.24, 1.8
FILLER_13_497, 238.053, 46.24, 1.8
FILLER_13_517, 238.053, 46.24, 1.8
output100, 238.053, 46.24, 1.8
PHY_20, 5.52, 40.8, 1.8
PHY_22, 5.52, 40.8, 1.8
PHY_21, 249.32, 40.8, 1.8
PHY_23, 249.32, 40.8, 1.8
FILLER_11_51, 28.02, 40.8, 1.8
FILLER_12_77, 40.52, 40.8, 1.8
FILLER_11_105, 53.02, 40.8, 1.8
FILLER_11_161, 78.02, 40.8, 1.8
FILLER_12_189, 90.52, 40.8, 1.8
FILLER_11_217, 103.02, 40.8, 1.8
FILLER_11_273, 128.02, 40.8, 1.8
FILLER_12_301, 140.52, 40.8, 1.8
FILLER_11_329, 153.02, 40.8, 1.8
FILLER_11_385, 178.02, 40.8, 1.8
FILLER_12_413, 190.52, 40.8, 1.8
FILLER_11_441, 203.02, 40.8, 1.8
FILLER_10_469, 226.786, 40.8, 1.8
FILLER_11_497, 238.053, 40.8, 1.8
FILLER_11_505, 238.053, 40.8, 1.8
output98, 238.053, 40.8, 1.8
output99, 238.053, 40.8, 1.8
PHY_16, 5.52, 35.36, 1.8
PHY_18, 5.52, 35.36, 1.8
PHY_17, 249.32, 35.36, 1.8
PHY_19, 249.32, 35.36, 1.8
FILLER_9_51, 28.02, 35.36, 1.8
FILLER_10_77, 40.52, 35.36, 1.8
FILLER_9_105, 53.02, 35.36, 1.8
FILLER_9_161, 78.02, 35.36, 1.8
FILLER_10_189, 90.52, 35.36, 1.8
FILLER_9_217, 103.02, 35.36, 1.8
FILLER_9_273, 128.02, 35.36, 1.8
FILLER_10_301, 140.52, 35.36, 1.8
FILLER_9_329, 153.02, 35.36, 1.8
FILLER_9_385, 178.02, 35.36, 1.8
FILLER_10_413, 190.52, 35.36, 1.8
FILLER_9_441, 203.02, 35.36, 1.8
FILLER_8_469, 226.786, 35.36, 1.8
FILLER_8_501, 238.053, 35.36, 1.8
FILLER_9_497, 238.053, 35.36, 1.8
FILLER_9_505, 238.053, 35.36, 1.8
output97, 238.053, 35.36, 1.8
PHY_12, 5.52, 29.92, 1.8
PHY_14, 5.52, 29.92, 1.8
PHY_13, 249.32, 29.92, 1.8
PHY_15, 249.32, 29.92, 1.8
FILLER_7_51, 28.02, 29.92, 1.8
FILLER_8_77, 40.52, 29.92, 1.8
FILLER_7_105, 53.02, 29.92, 1.8
FILLER_7_161, 78.02, 29.92, 1.8
FILLER_8_189, 90.52, 29.92, 1.8
FILLER_7_217, 103.02, 29.92, 1.8
FILLER_7_273, 128.02, 29.92, 1.8
FILLER_8_301, 140.52, 29.92, 1.8
FILLER_7_329, 153.02, 29.92, 1.8
FILLER_7_385, 178.02, 29.92, 1.8
FILLER_8_413, 190.52, 29.92, 1.8
FILLER_7_441, 203.02, 29.92, 1.8
FILLER_6_469, 226.786, 29.92, 1.8
FILLER_6_501, 238.053, 29.92, 1.8
FILLER_7_497, 238.053, 29.92, 1.8
FILLER_7_517, 238.053, 29.92, 1.8
output96, 238.053, 29.92, 1.8
PHY_10, 5.52, 24.48, 1.8
PHY_8, 5.52, 24.48, 1.8
PHY_11, 249.32, 24.48, 1.8
PHY_9, 249.32, 24.48, 1.8
FILLER_5_51, 28.02, 24.48, 1.8
FILLER_6_77, 40.52, 24.48, 1.8
FILLER_5_105, 53.02, 24.48, 1.8
FILLER_5_161, 78.02, 24.48, 1.8
FILLER_6_189, 90.52, 24.48, 1.8
FILLER_5_217, 103.02, 24.48, 1.8
FILLER_5_273, 128.02, 24.48, 1.8
FILLER_6_301, 140.52, 24.48, 1.8
FILLER_5_329, 153.02, 24.48, 1.8
FILLER_5_385, 178.02, 24.48, 1.8
FILLER_6_413, 190.52, 24.48, 1.8
FILLER_5_441, 203.02, 24.48, 1.8
FILLER_4_469, 226.786, 24.48, 1.8
FILLER_5_497, 238.053, 24.48, 1.8
FILLER_5_505, 238.053, 24.48, 1.8
output94, 238.053, 24.48, 1.8
output95, 238.053, 24.48, 1.8
PHY_4, 5.52, 19.04, 1.8
PHY_6, 5.52, 19.04, 1.8
PHY_5, 249.32, 19.04, 1.8
PHY_7, 249.32, 19.04, 1.8
FILLER_3_51, 28.02, 19.04, 1.8
FILLER_4_77, 40.52, 19.04, 1.8
FILLER_3_105, 53.02, 19.04, 1.8
FILLER_3_161, 78.02, 19.04, 1.8
FILLER_4_189, 90.52, 19.04, 1.8
FILLER_3_217, 103.02, 19.04, 1.8
FILLER_3_273, 128.02, 19.04, 1.8
FILLER_4_301, 140.52, 19.04, 1.8
FILLER_3_329, 153.02, 19.04, 1.8
FILLER_3_385, 178.02, 19.04, 1.8
FILLER_4_413, 190.52, 19.04, 1.8
FILLER_3_441, 203.02, 19.04, 1.8
FILLER_2_469, 226.786, 19.04, 1.8
FILLER_2_501, 238.053, 19.04, 1.8
FILLER_3_497, 238.053, 19.04, 1.8
FILLER_3_505, 238.053, 19.04, 1.8
output83, 238.053, 19.04, 1.8
PHY_0, 5.52, 13.6, 1.8
PHY_2, 5.52, 13.6, 1.8
PHY_1, 249.32, 13.6, 1.8
PHY_3, 249.32, 13.6, 1.8
FILLER_0_53, 28.02, 13.6, 1.8
FILLER_1_51, 28.02, 13.6, 1.8
FILLER_0_81, 40.52, 13.6, 1.8
FILLER_2_77, 40.52, 13.6, 1.8
FILLER_0_109, 53.02, 13.6, 1.8
FILLER_1_105, 53.02, 13.6, 1.8
FILLER_0_165, 78.02, 13.6, 1.8
FILLER_1_161, 78.02, 13.6, 1.8
FILLER_0_193, 90.52, 13.6, 1.8
FILLER_2_189, 90.52, 13.6, 1.8
FILLER_0_221, 103.02, 13.6, 1.8
FILLER_1_217, 103.02, 13.6, 1.8
FILLER_0_277, 128.02, 13.6, 1.8
FILLER_1_273, 128.02, 13.6, 1.8
FILLER_0_305, 140.52, 13.6, 1.8
FILLER_2_301, 140.52, 13.6, 1.8
FILLER_0_333, 153.02, 13.6, 1.8
FILLER_1_329, 153.02, 13.6, 1.8
FILLER_1_385, 178.02, 13.6, 1.8
FILLER_0_389, 190.52, 13.6, 1.8
FILLER_2_413, 190.52, 13.6, 1.8
FILLER_0_417, 203.02, 13.6, 1.8
FILLER_1_441, 203.02, 13.6, 1.8
FILLER_0_473, 226.786, 13.6, 1.8
FILLER_0_501, 238.053, 13.6, 1.8
FILLER_0_505, 238.053, 13.6, 1.8
FILLER_1_497, 238.053, 13.6, 1.8
FILLER_1_517, 238.053, 13.6, 1.8
output71, 238.053, 13.6, 1.8
output72, 238.053, 13.6, 1.8

