
===========================================================================
report_checks -unconstrained
============================================================================
Startpoint: chany_top_in[28] (input port clocked by clk0)
Endpoint: chanx_right_out[27] (output port clocked by clk0)
Path Group: clk0
Path Type: max

Fanout     Cap    Slew   Delay    Time   Description
-----------------------------------------------------------------------------
                  0.00    0.00    0.00   clock clk0 (rise edge)
                          0.00    0.00   clock network delay (ideal)
                         -0.50   -0.50 v input external delay
                  0.50    0.00   -0.50 v chany_top_in[28] (in)
     2    0.04                           chany_top_in[28] (net)
                  0.50    0.00   -0.50 v input52/A (sky130_fd_sc_hd__dlymetal6s2s_1)
                  0.19    0.46   -0.04 v input52/X (sky130_fd_sc_hd__dlymetal6s2s_1)
     2    0.04                           net52 (net)
                  0.19    0.00   -0.03 v sb_0__0_.mux_right_track_4.mux_l1_in_0_/A1 (sky130_fd_sc_hd__mux2_1)
                  0.07    0.38    0.35 v sb_0__0_.mux_right_track_4.mux_l1_in_0_/X (sky130_fd_sc_hd__mux2_1)
     1    0.00                           sb_0__0_.mux_right_track_4.sky130_fd_sc_hd__mux2_1_0_X (net)
                  0.07    0.00    0.35 v sb_0__0_.mux_right_track_4.mux_l2_in_0_/A1 (sky130_fd_sc_hd__mux2_1)
                  0.09    0.36    0.71 v sb_0__0_.mux_right_track_4.mux_l2_in_0_/X (sky130_fd_sc_hd__mux2_1)
     1    0.01                           sb_0__0_.mux_right_track_4.sky130_fd_sc_hd__mux2_1_1_X (net)
                  0.09    0.00    0.71 v sb_0__0_.mux_right_track_4.sky130_fd_sc_hd__buf_4_0_/A (sky130_fd_sc_hd__clkbuf_1)
                  0.08    0.16    0.88 v sb_0__0_.mux_right_track_4.sky130_fd_sc_hd__buf_4_0_/X (sky130_fd_sc_hd__clkbuf_1)
     1    0.01                           sb_0__0_.mux_right_track_4.out (net)
                  0.08    0.00    0.88 v _099_/A (sky130_fd_sc_hd__dlymetal6s2s_1)
                  0.09    0.21    1.09 v _099_/X (sky130_fd_sc_hd__dlymetal6s2s_1)
     1    0.02                           net83 (net)
                  0.09    0.00    1.09 v output83/A (sky130_fd_sc_hd__buf_12)
                  0.07    0.20    1.29 v output83/X (sky130_fd_sc_hd__buf_12)
     1    0.12                           chanx_right_out[27] (net)
                  0.07    0.00    1.29 v chanx_right_out[27] (out)
                                  1.29   data arrival time

                  0.00  100.00  100.00   clock clk0 (rise edge)
                          0.00  100.00   clock network delay (ideal)
                         -0.10   99.90   clock uncertainty
                          0.00   99.90   clock reconvergence pessimism
                         -3.00   96.90   output external delay
                                 96.90   data required time
-----------------------------------------------------------------------------
                                 96.90   data required time
                                 -1.29   data arrival time
-----------------------------------------------------------------------------
                                 95.61   slack (MET)


Startpoint: sb_0__0_.mem_right_track_8.sky130_fd_sc_hd__dfrtp_1_1_
            (rising edge-triggered flip-flop clocked by prog_clk)
Endpoint: sb_0__0_.mem_right_track_10.sky130_fd_sc_hd__dfrtp_1_0_
          (rising edge-triggered flip-flop clocked by prog_clk)
Path Group: prog_clk
Path Type: max

Fanout     Cap    Slew   Delay    Time   Description
-----------------------------------------------------------------------------
                          0.00    0.00   clock prog_clk (rise edge)
                          0.00    0.00   clock source latency
                  0.50    0.00    0.00 ^ prog_clk (in)
     2    0.02                           prog_clk (net)
                  0.50    0.00    0.00 ^ clkbuf_0_prog_clk/A (sky130_fd_sc_hd__clkbuf_16)
                  0.13    0.33    0.33 ^ clkbuf_0_prog_clk/X (sky130_fd_sc_hd__clkbuf_16)
    16    0.11                           clknet_0_prog_clk (net)
                  0.13    0.00    0.33 ^ clkbuf_3_7__f_prog_clk/A (sky130_fd_sc_hd__clkbuf_16)
                  0.05    0.17    0.51 ^ clkbuf_3_7__f_prog_clk/X (sky130_fd_sc_hd__clkbuf_16)
    10    0.03                           clknet_3_7__leaf_prog_clk (net)
                  0.05    0.00    0.51 ^ sb_0__0_.mem_right_track_8.sky130_fd_sc_hd__dfrtp_1_1_/CLK (sky130_fd_sc_hd__dfrtp_1)
                  0.44    0.64    1.15 ^ sb_0__0_.mem_right_track_8.sky130_fd_sc_hd__dfrtp_1_1_/Q (sky130_fd_sc_hd__dfrtp_1)
     4    0.05                           sb_0__0_.mem_right_track_10.ccff_head (net)
                  0.44    0.00    1.15 ^ hold38/A (sky130_fd_sc_hd__dlygate4sd3_1)
                  0.34    0.87    2.02 ^ hold38/X (sky130_fd_sc_hd__dlygate4sd3_1)
     1    0.03                           net197 (net)
                  0.34    0.00    2.02 ^ sb_0__0_.mem_right_track_10.sky130_fd_sc_hd__dfrtp_1_0_/D (sky130_fd_sc_hd__dfrtp_1)
                                  2.02   data arrival time

                        100.00  100.00   clock prog_clk (rise edge)
                          0.00  100.00   clock source latency
                  0.50    0.00  100.00 ^ prog_clk (in)
     2    0.02                           prog_clk (net)
                  0.50    0.00  100.00 ^ clkbuf_0_prog_clk/A (sky130_fd_sc_hd__clkbuf_16)
                  0.13    0.30  100.30 ^ clkbuf_0_prog_clk/X (sky130_fd_sc_hd__clkbuf_16)
    16    0.11                           clknet_0_prog_clk (net)
                  0.13    0.00  100.30 ^ clkbuf_3_7__f_prog_clk/A (sky130_fd_sc_hd__clkbuf_16)
                  0.05    0.16  100.46 ^ clkbuf_3_7__f_prog_clk/X (sky130_fd_sc_hd__clkbuf_16)
    10    0.03                           clknet_3_7__leaf_prog_clk (net)
                  0.05    0.00  100.46 ^ sb_0__0_.mem_right_track_10.sky130_fd_sc_hd__dfrtp_1_0_/CLK (sky130_fd_sc_hd__dfrtp_1)
                         -0.10  100.36   clock uncertainty
                          0.05  100.41   clock reconvergence pessimism
                         -0.13  100.28   library setup time
                                100.28   data required time
-----------------------------------------------------------------------------
                                100.28   data required time
                                 -2.02   data arrival time
-----------------------------------------------------------------------------
                                 98.26   slack (MET)



===========================================================================
report_checks --slack_max -0.01
============================================================================
No paths found.
