
===========================================================================
report_checks -path_delay max (Setup)
============================================================================
Startpoint: chany_top_in[29] (input port clocked by clk0)
Endpoint: chanx_right_out[28] (output port clocked by clk0)
Path Group: clk0
Path Type: max

Fanout     Cap    Slew   Delay    Time   Description
-----------------------------------------------------------------------------
                  0.00    0.00    0.00   clock clk0 (rise edge)
                          0.00    0.00   clock network delay (ideal)
                         -0.50   -0.50 v input external delay
                  0.50    0.00   -0.50 v chany_top_in[29] (in)
     2    0.04                           chany_top_in[29] (net)
                  0.50    0.00   -0.50 v input53/A (sky130_fd_sc_hd__dlymetal6s2s_1)
                  0.16    0.43   -0.07 v input53/X (sky130_fd_sc_hd__dlymetal6s2s_1)
     2    0.03                           net53 (net)
                  0.16    0.00   -0.06 v sb_0__0_.mux_right_track_2.mux_l1_in_0_/A1 (sky130_fd_sc_hd__mux2_1)
                  0.09    0.40    0.34 v sb_0__0_.mux_right_track_2.mux_l1_in_0_/X (sky130_fd_sc_hd__mux2_1)
     1    0.01                           sb_0__0_.mux_right_track_2.sky130_fd_sc_hd__mux2_1_0_X (net)
                  0.09    0.00    0.34 v sb_0__0_.mux_right_track_2.mux_l2_in_0_/A1 (sky130_fd_sc_hd__mux2_1)
                  0.16    0.45    0.79 v sb_0__0_.mux_right_track_2.mux_l2_in_0_/X (sky130_fd_sc_hd__mux2_1)
     2    0.03                           sb_0__0_.mux_right_track_2.sky130_fd_sc_hd__mux2_1_1_X (net)
                  0.16    0.00    0.79 v sb_0__0_.mux_right_track_2.sky130_fd_sc_hd__buf_4_0_/A (sky130_fd_sc_hd__clkbuf_1)
                  0.07    0.18    0.97 v sb_0__0_.mux_right_track_2.sky130_fd_sc_hd__buf_4_0_/X (sky130_fd_sc_hd__clkbuf_1)
     1    0.01                           sb_0__0_.mux_right_track_2.out (net)
                  0.07    0.00    0.97 v _100_/A (sky130_fd_sc_hd__dlymetal6s2s_1)
                  0.12    0.23    1.20 v _100_/X (sky130_fd_sc_hd__dlymetal6s2s_1)
     1    0.02                           net84 (net)
                  0.12    0.00    1.20 v output84/A (sky130_fd_sc_hd__buf_12)
                  0.07    0.21    1.42 v output84/X (sky130_fd_sc_hd__buf_12)
     1    0.12                           chanx_right_out[28] (net)
                  0.07    0.00    1.42 v chanx_right_out[28] (out)
                                  1.42   data arrival time

                  0.00  120.00  120.00   clock clk0 (rise edge)
                          0.00  120.00   clock network delay (ideal)
                         -0.10  119.90   clock uncertainty
                          0.00  119.90   clock reconvergence pessimism
                         -2.00  117.90   output external delay
                                117.90   data required time
-----------------------------------------------------------------------------
                                117.90   data required time
                                 -1.42   data arrival time
-----------------------------------------------------------------------------
                                116.48   slack (MET)


Startpoint: chany_top_in[25] (input port clocked by clk0)
Endpoint: chanx_right_out[24] (output port clocked by clk0)
Path Group: clk0
Path Type: max

Fanout     Cap    Slew   Delay    Time   Description
-----------------------------------------------------------------------------
                  0.00    0.00    0.00   clock clk0 (rise edge)
                          0.00    0.00   clock network delay (ideal)
                         -0.50   -0.50 v input external delay
                  0.50    0.00   -0.50 v chany_top_in[25] (in)
     2    0.03                           chany_top_in[25] (net)
                  0.50    0.00   -0.50 v input49/A (sky130_fd_sc_hd__dlymetal6s2s_1)
                  0.19    0.46   -0.04 v input49/X (sky130_fd_sc_hd__dlymetal6s2s_1)
     3    0.04                           net49 (net)
                  0.19    0.00   -0.03 v sb_0__0_.mux_right_track_10.mux_l1_in_0_/A1 (sky130_fd_sc_hd__mux2_1)
                  0.08    0.39    0.36 v sb_0__0_.mux_right_track_10.mux_l1_in_0_/X (sky130_fd_sc_hd__mux2_1)
     1    0.01                           sb_0__0_.mux_right_track_10.sky130_fd_sc_hd__mux2_1_0_X (net)
                  0.08    0.00    0.36 v sb_0__0_.mux_right_track_10.mux_l2_in_0_/A1 (sky130_fd_sc_hd__mux2_1)
                  0.16    0.44    0.80 v sb_0__0_.mux_right_track_10.mux_l2_in_0_/X (sky130_fd_sc_hd__mux2_1)
     2    0.03                           sb_0__0_.mux_right_track_10.sky130_fd_sc_hd__mux2_1_1_X (net)
                  0.16    0.00    0.81 v sb_0__0_.mux_right_track_10.sky130_fd_sc_hd__buf_4_0_/A (sky130_fd_sc_hd__clkbuf_1)
                  0.04    0.15    0.95 v sb_0__0_.mux_right_track_10.sky130_fd_sc_hd__buf_4_0_/X (sky130_fd_sc_hd__clkbuf_1)
     1    0.00                           sb_0__0_.mux_right_track_10.out (net)
                  0.04    0.00    0.95 v _096_/A (sky130_fd_sc_hd__dlymetal6s2s_1)
                  0.13    0.23    1.18 v _096_/X (sky130_fd_sc_hd__dlymetal6s2s_1)
     1    0.03                           net80 (net)
                  0.13    0.00    1.18 v output80/A (sky130_fd_sc_hd__buf_12)
                  0.07    0.22    1.40 v output80/X (sky130_fd_sc_hd__buf_12)
     1    0.12                           chanx_right_out[24] (net)
                  0.07    0.00    1.40 v chanx_right_out[24] (out)
                                  1.40   data arrival time

                  0.00  120.00  120.00   clock clk0 (rise edge)
                          0.00  120.00   clock network delay (ideal)
                         -0.10  119.90   clock uncertainty
                          0.00  119.90   clock reconvergence pessimism
                         -2.00  117.90   output external delay
                                117.90   data required time
-----------------------------------------------------------------------------
                                117.90   data required time
                                 -1.40   data arrival time
-----------------------------------------------------------------------------
                                116.50   slack (MET)


Startpoint: chany_top_in[22] (input port clocked by clk0)
Endpoint: chanx_right_out[21] (output port clocked by clk0)
Path Group: clk0
Path Type: max

Fanout     Cap    Slew   Delay    Time   Description
-----------------------------------------------------------------------------
                  0.00    0.00    0.00   clock clk0 (rise edge)
                          0.00    0.00   clock network delay (ideal)
                         -0.50   -0.50 v input external delay
                  0.50    0.00   -0.50 v chany_top_in[22] (in)
     2    0.03                           chany_top_in[22] (net)
                  0.50    0.00   -0.50 v input46/A (sky130_fd_sc_hd__dlymetal6s2s_1)
                  0.17    0.45   -0.05 v input46/X (sky130_fd_sc_hd__dlymetal6s2s_1)
     2    0.03                           net46 (net)
                  0.17    0.00   -0.05 v sb_0__0_.mux_right_track_16.mux_l1_in_0_/A1 (sky130_fd_sc_hd__mux2_1)
                  0.09    0.41    0.36 v sb_0__0_.mux_right_track_16.mux_l1_in_0_/X (sky130_fd_sc_hd__mux2_1)
     1    0.01                           sb_0__0_.mux_right_track_16.sky130_fd_sc_hd__mux2_1_0_X (net)
                  0.09    0.00    0.36 v sb_0__0_.mux_right_track_16.mux_l2_in_0_/A1 (sky130_fd_sc_hd__mux2_1)
                  0.13    0.42    0.78 v sb_0__0_.mux_right_track_16.mux_l2_in_0_/X (sky130_fd_sc_hd__mux2_1)
     2    0.02                           sb_0__0_.mux_right_track_16.sky130_fd_sc_hd__mux2_1_1_X (net)
                  0.13    0.00    0.78 v sb_0__0_.mux_right_track_16.sky130_fd_sc_hd__buf_4_0_/A (sky130_fd_sc_hd__clkbuf_1)
                  0.06    0.16    0.94 v sb_0__0_.mux_right_track_16.sky130_fd_sc_hd__buf_4_0_/X (sky130_fd_sc_hd__clkbuf_1)
     1    0.01                           sb_0__0_.mux_right_track_16.out (net)
                  0.06    0.00    0.94 v _093_/A (sky130_fd_sc_hd__dlymetal6s2s_1)
                  0.11    0.22    1.16 v _093_/X (sky130_fd_sc_hd__dlymetal6s2s_1)
     1    0.02                           net77 (net)
                  0.11    0.00    1.16 v output77/A (sky130_fd_sc_hd__buf_12)
                  0.07    0.21    1.37 v output77/X (sky130_fd_sc_hd__buf_12)
     1    0.12                           chanx_right_out[21] (net)
                  0.07    0.00    1.37 v chanx_right_out[21] (out)
                                  1.37   data arrival time

                  0.00  120.00  120.00   clock clk0 (rise edge)
                          0.00  120.00   clock network delay (ideal)
                         -0.10  119.90   clock uncertainty
                          0.00  119.90   clock reconvergence pessimism
                         -2.00  117.90   output external delay
                                117.90   data required time
-----------------------------------------------------------------------------
                                117.90   data required time
                                 -1.37   data arrival time
-----------------------------------------------------------------------------
                                116.53   slack (MET)


Startpoint: chany_top_in[26] (input port clocked by clk0)
Endpoint: chanx_right_out[25] (output port clocked by clk0)
Path Group: clk0
Path Type: max

Fanout     Cap    Slew   Delay    Time   Description
-----------------------------------------------------------------------------
                  0.00    0.00    0.00   clock clk0 (rise edge)
                          0.00    0.00   clock network delay (ideal)
                         -0.50   -0.50 v input external delay
                  0.50    0.00   -0.50 v chany_top_in[26] (in)
     2    0.04                           chany_top_in[26] (net)
                  0.51    0.00   -0.50 v input50/A (sky130_fd_sc_hd__clkbuf_2)
                  0.16    0.38   -0.12 v input50/X (sky130_fd_sc_hd__clkbuf_2)
     2    0.04                           net50 (net)
                  0.16    0.00   -0.11 v sb_0__0_.mux_right_track_8.mux_l1_in_0_/A1 (sky130_fd_sc_hd__mux2_1)
                  0.08    0.38    0.26 v sb_0__0_.mux_right_track_8.mux_l1_in_0_/X (sky130_fd_sc_hd__mux2_1)
     1    0.01                           sb_0__0_.mux_right_track_8.sky130_fd_sc_hd__mux2_1_0_X (net)
                  0.08    0.00    0.26 v sb_0__0_.mux_right_track_8.mux_l2_in_0_/A1 (sky130_fd_sc_hd__mux2_1)
                  0.15    0.44    0.70 v sb_0__0_.mux_right_track_8.mux_l2_in_0_/X (sky130_fd_sc_hd__mux2_1)
     2    0.03                           sb_0__0_.mux_right_track_8.sky130_fd_sc_hd__mux2_1_1_X (net)
                  0.15    0.00    0.70 v sb_0__0_.mux_right_track_8.sky130_fd_sc_hd__buf_4_0_/A (sky130_fd_sc_hd__clkbuf_1)
                  0.07    0.18    0.88 v sb_0__0_.mux_right_track_8.sky130_fd_sc_hd__buf_4_0_/X (sky130_fd_sc_hd__clkbuf_1)
     1    0.01                           sb_0__0_.mux_right_track_8.out (net)
                  0.07    0.00    0.88 v _097_/A (sky130_fd_sc_hd__dlymetal6s2s_1)
                  0.12    0.23    1.11 v _097_/X (sky130_fd_sc_hd__dlymetal6s2s_1)
     1    0.02                           net81 (net)
                  0.12    0.00    1.12 v output81/A (sky130_fd_sc_hd__buf_12)
                  0.07    0.21    1.33 v output81/X (sky130_fd_sc_hd__buf_12)
     1    0.12                           chanx_right_out[25] (net)
                  0.07    0.00    1.33 v chanx_right_out[25] (out)
                                  1.33   data arrival time

                  0.00  120.00  120.00   clock clk0 (rise edge)
                          0.00  120.00   clock network delay (ideal)
                         -0.10  119.90   clock uncertainty
                          0.00  119.90   clock reconvergence pessimism
                         -2.00  117.90   output external delay
                                117.90   data required time
-----------------------------------------------------------------------------
                                117.90   data required time
                                 -1.33   data arrival time
-----------------------------------------------------------------------------
                                116.57   slack (MET)


Startpoint: chanx_right_in[27] (input port clocked by clk0)
Endpoint: chany_top_out[28] (output port clocked by clk0)
Path Group: clk0
Path Type: max

Fanout     Cap    Slew   Delay    Time   Description
-----------------------------------------------------------------------------
                  0.00    0.00    0.00   clock clk0 (rise edge)
                          0.00    0.00   clock network delay (ideal)
                         -0.50   -0.50 v input external delay
                  0.50    0.00   -0.50 v chanx_right_in[27] (in)
     2    0.03                           chanx_right_in[27] (net)
                  0.50    0.00   -0.50 v input21/A (sky130_fd_sc_hd__clkbuf_1)
                  0.22    0.39   -0.11 v input21/X (sky130_fd_sc_hd__clkbuf_1)
     2    0.04                           net21 (net)
                  0.22    0.00   -0.10 v sb_0__0_.mux_top_track_2.mux_l1_in_0_/A0 (sky130_fd_sc_hd__mux2_1)
                  0.06    0.37    0.27 v sb_0__0_.mux_top_track_2.mux_l1_in_0_/X (sky130_fd_sc_hd__mux2_1)
     1    0.00                           sb_0__0_.mux_top_track_2.sky130_fd_sc_hd__mux2_1_0_X (net)
                  0.06    0.00    0.27 v sb_0__0_.mux_top_track_2.mux_l2_in_0_/A1 (sky130_fd_sc_hd__mux2_1)
                  0.09    0.36    0.63 v sb_0__0_.mux_top_track_2.mux_l2_in_0_/X (sky130_fd_sc_hd__mux2_1)
     1    0.01                           sb_0__0_.mux_top_track_2.sky130_fd_sc_hd__mux2_1_1_X (net)
                  0.09    0.00    0.63 v sb_0__0_.mux_top_track_2.sky130_fd_sc_hd__buf_4_0_/A (sky130_fd_sc_hd__clkbuf_1)
                  0.12    0.20    0.83 v sb_0__0_.mux_top_track_2.sky130_fd_sc_hd__buf_4_0_/X (sky130_fd_sc_hd__clkbuf_1)
     1    0.02                           sb_0__0_.mux_top_track_2.out (net)
                  0.12    0.00    0.83 v _130_/A (sky130_fd_sc_hd__dlymetal6s2s_1)
                  0.14    0.27    1.10 v _130_/X (sky130_fd_sc_hd__dlymetal6s2s_1)
     2    0.03                           net114 (net)
                  0.14    0.00    1.10 v output114/A (sky130_fd_sc_hd__buf_12)
                  0.07    0.22    1.33 v output114/X (sky130_fd_sc_hd__buf_12)
     1    0.12                           chany_top_out[28] (net)
                  0.07    0.00    1.33 v chany_top_out[28] (out)
                                  1.33   data arrival time

                  0.00  120.00  120.00   clock clk0 (rise edge)
                          0.00  120.00   clock network delay (ideal)
                         -0.10  119.90   clock uncertainty
                          0.00  119.90   clock reconvergence pessimism
                         -2.00  117.90   output external delay
                                117.90   data required time
-----------------------------------------------------------------------------
                                117.90   data required time
                                 -1.33   data arrival time
-----------------------------------------------------------------------------
                                116.57   slack (MET)


Startpoint: sb_0__0_.mem_right_track_50.sky130_fd_sc_hd__dfrtp_1_1_
            (rising edge-triggered flip-flop clocked by prog_clk)
Endpoint: ccff_tail (output port clocked by prog_clk)
Path Group: prog_clk
Path Type: max

Fanout     Cap    Slew   Delay    Time   Description
-----------------------------------------------------------------------------
                          0.00    0.00   clock prog_clk (rise edge)
                          0.00    0.00   clock source latency
                  0.50    0.00    0.00 ^ prog_clk (in)
     2    0.02                           prog_clk (net)
                  0.50    0.00    0.00 ^ clkbuf_0_prog_clk/A (sky130_fd_sc_hd__clkbuf_16)
                  0.11    0.31    0.31 ^ clkbuf_0_prog_clk/X (sky130_fd_sc_hd__clkbuf_16)
     8    0.09                           clknet_0_prog_clk (net)
                  0.11    0.00    0.31 ^ clkbuf_3_5__f_prog_clk/A (sky130_fd_sc_hd__clkbuf_16)
                  0.05    0.17    0.48 ^ clkbuf_3_5__f_prog_clk/X (sky130_fd_sc_hd__clkbuf_16)
    10    0.03                           clknet_3_5__leaf_prog_clk (net)
                  0.05    0.00    0.48 ^ sb_0__0_.mem_right_track_50.sky130_fd_sc_hd__dfrtp_1_1_/CLK (sky130_fd_sc_hd__dfrtp_2)
                  0.09    0.47    0.95 v sb_0__0_.mem_right_track_50.sky130_fd_sc_hd__dfrtp_1_1_/Q (sky130_fd_sc_hd__dfrtp_2)
     2    0.02                           net63 (net)
                  0.09    0.00    0.95 v output63/A (sky130_fd_sc_hd__buf_12)
                  0.07    0.20    1.15 v output63/X (sky130_fd_sc_hd__buf_12)
     1    0.12                           ccff_tail (net)
                  0.07    0.01    1.15 v ccff_tail (out)
                                  1.15   data arrival time

                        120.00  120.00   clock prog_clk (rise edge)
                          0.00  120.00   clock network delay (propagated)
                         -0.10  119.90   clock uncertainty
                          0.00  119.90   clock reconvergence pessimism
                         -2.00  117.90   output external delay
                                117.90   data required time
-----------------------------------------------------------------------------
                                117.90   data required time
                                 -1.15   data arrival time
-----------------------------------------------------------------------------
                                116.75   slack (MET)


Startpoint: sb_0__0_.mem_right_track_32.sky130_fd_sc_hd__dfrtp_1_0_
            (rising edge-triggered flip-flop clocked by prog_clk)
Endpoint: sb_0__0_.mem_right_track_32.sky130_fd_sc_hd__dfrtp_1_1_
          (rising edge-triggered flip-flop clocked by prog_clk)
Path Group: prog_clk
Path Type: max

Fanout     Cap    Slew   Delay    Time   Description
-----------------------------------------------------------------------------
                          0.00    0.00   clock prog_clk (rise edge)
                          0.00    0.00   clock source latency
                  0.50    0.00    0.00 ^ prog_clk (in)
     2    0.02                           prog_clk (net)
                  0.50    0.00    0.00 ^ clkbuf_0_prog_clk/A (sky130_fd_sc_hd__clkbuf_16)
                  0.11    0.31    0.31 ^ clkbuf_0_prog_clk/X (sky130_fd_sc_hd__clkbuf_16)
     8    0.09                           clknet_0_prog_clk (net)
                  0.11    0.00    0.32 ^ clkbuf_3_7__f_prog_clk/A (sky130_fd_sc_hd__clkbuf_16)
                  0.06    0.17    0.49 ^ clkbuf_3_7__f_prog_clk/X (sky130_fd_sc_hd__clkbuf_16)
    12    0.04                           clknet_3_7__leaf_prog_clk (net)
                  0.06    0.00    0.49 ^ sb_0__0_.mem_right_track_32.sky130_fd_sc_hd__dfrtp_1_0_/CLK (sky130_fd_sc_hd__dfrtp_1)
                  0.35    0.57    1.07 ^ sb_0__0_.mem_right_track_32.sky130_fd_sc_hd__dfrtp_1_0_/Q (sky130_fd_sc_hd__dfrtp_1)
     4    0.04                           sb_0__0_.mem_right_track_32.mem_out[0] (net)
                  0.35    0.00    1.07 ^ hold136/A (sky130_fd_sc_hd__clkdlybuf4s50_1)
                  0.32    0.79    1.86 ^ hold136/X (sky130_fd_sc_hd__clkdlybuf4s50_1)
     2    0.03                           net301 (net)
                  0.32    0.00    1.86 ^ hold32/A (sky130_fd_sc_hd__clkdlybuf4s50_1)
                  0.13    0.64    2.50 ^ hold32/X (sky130_fd_sc_hd__clkdlybuf4s50_1)
     1    0.01                           net197 (net)
                  0.13    0.00    2.50 ^ hold137/A (sky130_fd_sc_hd__clkdlybuf4s50_1)
                  0.12    0.58    3.08 ^ hold137/X (sky130_fd_sc_hd__clkdlybuf4s50_1)
     1    0.01                           net302 (net)
                  0.12    0.00    3.08 ^ sb_0__0_.mem_right_track_32.sky130_fd_sc_hd__dfrtp_1_1_/D (sky130_fd_sc_hd__dfrtp_1)
                                  3.08   data arrival time

                        120.00  120.00   clock prog_clk (rise edge)
                          0.00  120.00   clock source latency
                  0.50    0.00  120.00 ^ prog_clk (in)
     2    0.02                           prog_clk (net)
                  0.50    0.00  120.00 ^ clkbuf_0_prog_clk/A (sky130_fd_sc_hd__clkbuf_16)
                  0.11    0.28  120.28 ^ clkbuf_0_prog_clk/X (sky130_fd_sc_hd__clkbuf_16)
     8    0.09                           clknet_0_prog_clk (net)
                  0.11    0.00  120.28 ^ clkbuf_3_4__f_prog_clk/A (sky130_fd_sc_hd__clkbuf_16)
                  0.05    0.15  120.43 ^ clkbuf_3_4__f_prog_clk/X (sky130_fd_sc_hd__clkbuf_16)
     8    0.03                           clknet_3_4__leaf_prog_clk (net)
                  0.05    0.00  120.43 ^ sb_0__0_.mem_right_track_32.sky130_fd_sc_hd__dfrtp_1_1_/CLK (sky130_fd_sc_hd__dfrtp_1)
                         -0.10  120.33   clock uncertainty
                          0.03  120.36   clock reconvergence pessimism
                         -0.08  120.29   library setup time
                                120.29   data required time
-----------------------------------------------------------------------------
                                120.29   data required time
                                 -3.08   data arrival time
-----------------------------------------------------------------------------
                                117.21   slack (MET)


Startpoint: sb_0__0_.mem_right_track_8.sky130_fd_sc_hd__dfrtp_1_0_
            (rising edge-triggered flip-flop clocked by prog_clk)
Endpoint: sb_0__0_.mem_right_track_8.sky130_fd_sc_hd__dfrtp_1_1_
          (rising edge-triggered flip-flop clocked by prog_clk)
Path Group: prog_clk
Path Type: max

Fanout     Cap    Slew   Delay    Time   Description
-----------------------------------------------------------------------------
                          0.00    0.00   clock prog_clk (rise edge)
                          0.00    0.00   clock source latency
                  0.50    0.00    0.00 ^ prog_clk (in)
     2    0.02                           prog_clk (net)
                  0.50    0.00    0.00 ^ clkbuf_0_prog_clk/A (sky130_fd_sc_hd__clkbuf_16)
                  0.11    0.31    0.31 ^ clkbuf_0_prog_clk/X (sky130_fd_sc_hd__clkbuf_16)
     8    0.09                           clknet_0_prog_clk (net)
                  0.11    0.00    0.32 ^ clkbuf_3_7__f_prog_clk/A (sky130_fd_sc_hd__clkbuf_16)
                  0.06    0.17    0.49 ^ clkbuf_3_7__f_prog_clk/X (sky130_fd_sc_hd__clkbuf_16)
    12    0.04                           clknet_3_7__leaf_prog_clk (net)
                  0.06    0.00    0.49 ^ sb_0__0_.mem_right_track_8.sky130_fd_sc_hd__dfrtp_1_0_/CLK (sky130_fd_sc_hd__dfrtp_2)
                  0.24    0.53    1.02 ^ sb_0__0_.mem_right_track_8.sky130_fd_sc_hd__dfrtp_1_0_/Q (sky130_fd_sc_hd__dfrtp_2)
     4    0.05                           sb_0__0_.mem_right_track_8.mem_out[0] (net)
                  0.24    0.00    1.02 ^ hold152/A (sky130_fd_sc_hd__clkdlybuf4s50_1)
                  0.18    0.66    1.68 ^ hold152/X (sky130_fd_sc_hd__clkdlybuf4s50_1)
     1    0.02                           net317 (net)
                  0.18    0.00    1.68 ^ hold38/A (sky130_fd_sc_hd__clkdlybuf4s50_1)
                  0.11    0.59    2.27 ^ hold38/X (sky130_fd_sc_hd__clkdlybuf4s50_1)
     1    0.01                           net203 (net)
                  0.11    0.00    2.27 ^ hold153/A (sky130_fd_sc_hd__dlygate4sd3_1)
                  0.26    0.75    3.03 ^ hold153/X (sky130_fd_sc_hd__dlygate4sd3_1)
     2    0.03                           net318 (net)
                  0.26    0.00    3.03 ^ sb_0__0_.mem_right_track_8.sky130_fd_sc_hd__dfrtp_1_1_/D (sky130_fd_sc_hd__dfrtp_1)
                                  3.03   data arrival time

                        120.00  120.00   clock prog_clk (rise edge)
                          0.00  120.00   clock source latency
                  0.50    0.00  120.00 ^ prog_clk (in)
     2    0.02                           prog_clk (net)
                  0.50    0.00  120.00 ^ clkbuf_0_prog_clk/A (sky130_fd_sc_hd__clkbuf_16)
                  0.11    0.28  120.28 ^ clkbuf_0_prog_clk/X (sky130_fd_sc_hd__clkbuf_16)
     8    0.09                           clknet_0_prog_clk (net)
                  0.11    0.00  120.29 ^ clkbuf_3_7__f_prog_clk/A (sky130_fd_sc_hd__clkbuf_16)
                  0.06    0.16  120.44 ^ clkbuf_3_7__f_prog_clk/X (sky130_fd_sc_hd__clkbuf_16)
    12    0.04                           clknet_3_7__leaf_prog_clk (net)
                  0.06    0.00  120.44 ^ sb_0__0_.mem_right_track_8.sky130_fd_sc_hd__dfrtp_1_1_/CLK (sky130_fd_sc_hd__dfrtp_1)
                         -0.10  120.34   clock uncertainty
                          0.05  120.39   clock reconvergence pessimism
                         -0.11  120.28   library setup time
                                120.28   data required time
-----------------------------------------------------------------------------
                                120.28   data required time
                                 -3.03   data arrival time
-----------------------------------------------------------------------------
                                117.25   slack (MET)


Startpoint: sb_0__0_.mem_top_track_4.sky130_fd_sc_hd__dfrtp_1_1_
            (rising edge-triggered flip-flop clocked by prog_clk)
Endpoint: sb_0__0_.mem_top_track_6.sky130_fd_sc_hd__dfrtp_1_0_
          (rising edge-triggered flip-flop clocked by prog_clk)
Path Group: prog_clk
Path Type: max

Fanout     Cap    Slew   Delay    Time   Description
-----------------------------------------------------------------------------
                          0.00    0.00   clock prog_clk (rise edge)
                          0.00    0.00   clock source latency
                  0.50    0.00    0.00 ^ prog_clk (in)
     2    0.02                           prog_clk (net)
                  0.50    0.00    0.00 ^ clkbuf_0_prog_clk/A (sky130_fd_sc_hd__clkbuf_16)
                  0.11    0.31    0.31 ^ clkbuf_0_prog_clk/X (sky130_fd_sc_hd__clkbuf_16)
     8    0.09                           clknet_0_prog_clk (net)
                  0.11    0.00    0.32 ^ clkbuf_3_7__f_prog_clk/A (sky130_fd_sc_hd__clkbuf_16)
                  0.06    0.17    0.49 ^ clkbuf_3_7__f_prog_clk/X (sky130_fd_sc_hd__clkbuf_16)
    12    0.04                           clknet_3_7__leaf_prog_clk (net)
                  0.06    0.00    0.49 ^ sb_0__0_.mem_top_track_4.sky130_fd_sc_hd__dfrtp_1_1_/CLK (sky130_fd_sc_hd__dfrtp_1)
                  0.30    0.54    1.03 ^ sb_0__0_.mem_top_track_4.sky130_fd_sc_hd__dfrtp_1_1_/Q (sky130_fd_sc_hd__dfrtp_1)
     4    0.03                           sb_0__0_.mem_top_track_4.ccff_tail (net)
                  0.30    0.00    1.03 ^ hold100/A (sky130_fd_sc_hd__clkdlybuf4s50_1)
                  0.10    0.61    1.64 ^ hold100/X (sky130_fd_sc_hd__clkdlybuf4s50_1)
     1    0.01                           net265 (net)
                  0.10    0.00    1.64 ^ hold15/A (sky130_fd_sc_hd__clkdlybuf4s50_1)
                  0.13    0.58    2.22 ^ hold15/X (sky130_fd_sc_hd__clkdlybuf4s50_1)
     1    0.01                           net180 (net)
                  0.13    0.00    2.22 ^ hold101/A (sky130_fd_sc_hd__clkdlybuf4s50_1)
                  0.23    0.67    2.89 ^ hold101/X (sky130_fd_sc_hd__clkdlybuf4s50_1)
     2    0.02                           net266 (net)
                  0.23    0.00    2.89 ^ sb_0__0_.mem_top_track_6.sky130_fd_sc_hd__dfrtp_1_0_/D (sky130_fd_sc_hd__dfrtp_2)
                                  2.89   data arrival time

                        120.00  120.00   clock prog_clk (rise edge)
                          0.00  120.00   clock source latency
                  0.50    0.00  120.00 ^ prog_clk (in)
     2    0.02                           prog_clk (net)
                  0.50    0.00  120.00 ^ clkbuf_0_prog_clk/A (sky130_fd_sc_hd__clkbuf_16)
                  0.11    0.28  120.28 ^ clkbuf_0_prog_clk/X (sky130_fd_sc_hd__clkbuf_16)
     8    0.09                           clknet_0_prog_clk (net)
                  0.11    0.00  120.28 ^ clkbuf_3_6__f_prog_clk/A (sky130_fd_sc_hd__clkbuf_16)
                  0.05    0.15  120.43 ^ clkbuf_3_6__f_prog_clk/X (sky130_fd_sc_hd__clkbuf_16)
     8    0.03                           clknet_3_6__leaf_prog_clk (net)
                  0.05    0.00  120.44 ^ sb_0__0_.mem_top_track_6.sky130_fd_sc_hd__dfrtp_1_0_/CLK (sky130_fd_sc_hd__dfrtp_2)
                         -0.10  120.34   clock uncertainty
                          0.03  120.37   clock reconvergence pessimism
                         -0.11  120.26   library setup time
                                120.26   data required time
-----------------------------------------------------------------------------
                                120.26   data required time
                                 -2.89   data arrival time
-----------------------------------------------------------------------------
                                117.37   slack (MET)


Startpoint: sb_0__0_.mem_right_track_2.sky130_fd_sc_hd__dfrtp_1_0_
            (rising edge-triggered flip-flop clocked by prog_clk)
Endpoint: sb_0__0_.mem_right_track_2.sky130_fd_sc_hd__dfrtp_1_1_
          (rising edge-triggered flip-flop clocked by prog_clk)
Path Group: prog_clk
Path Type: max

Fanout     Cap    Slew   Delay    Time   Description
-----------------------------------------------------------------------------
                          0.00    0.00   clock prog_clk (rise edge)
                          0.00    0.00   clock source latency
                  0.50    0.00    0.00 ^ prog_clk (in)
     2    0.02                           prog_clk (net)
                  0.50    0.00    0.00 ^ clkbuf_0_prog_clk/A (sky130_fd_sc_hd__clkbuf_16)
                  0.11    0.31    0.31 ^ clkbuf_0_prog_clk/X (sky130_fd_sc_hd__clkbuf_16)
     8    0.09                           clknet_0_prog_clk (net)
                  0.11    0.00    0.31 ^ clkbuf_3_6__f_prog_clk/A (sky130_fd_sc_hd__clkbuf_16)
                  0.05    0.17    0.48 ^ clkbuf_3_6__f_prog_clk/X (sky130_fd_sc_hd__clkbuf_16)
     8    0.03                           clknet_3_6__leaf_prog_clk (net)
                  0.05    0.00    0.48 ^ sb_0__0_.mem_right_track_2.sky130_fd_sc_hd__dfrtp_1_0_/CLK (sky130_fd_sc_hd__dfrtp_1)
                  0.29    0.53    1.01 ^ sb_0__0_.mem_right_track_2.sky130_fd_sc_hd__dfrtp_1_0_/Q (sky130_fd_sc_hd__dfrtp_1)
     4    0.03                           sb_0__0_.mem_right_track_2.mem_out[0] (net)
                  0.29    0.00    1.01 ^ hold204/A (sky130_fd_sc_hd__clkdlybuf4s25_1)
                  0.23    0.46    1.47 ^ hold204/X (sky130_fd_sc_hd__clkdlybuf4s25_1)
     2    0.02                           net369 (net)
                  0.23    0.00    1.47 ^ hold66/A (sky130_fd_sc_hd__clkdlybuf4s50_1)
                  0.15    0.64    2.11 ^ hold66/X (sky130_fd_sc_hd__clkdlybuf4s50_1)
     1    0.01                           net231 (net)
                  0.15    0.00    2.11 ^ hold205/A (sky130_fd_sc_hd__dlygate4sd3_1)
                  0.29    0.78    2.89 ^ hold205/X (sky130_fd_sc_hd__dlygate4sd3_1)
     2    0.03                           net370 (net)
                  0.29    0.00    2.89 ^ sb_0__0_.mem_right_track_2.sky130_fd_sc_hd__dfrtp_1_1_/D (sky130_fd_sc_hd__dfrtp_1)
                                  2.89   data arrival time

                        120.00  120.00   clock prog_clk (rise edge)
                          0.00  120.00   clock source latency
                  0.50    0.00  120.00 ^ prog_clk (in)
     2    0.02                           prog_clk (net)
                  0.50    0.00  120.00 ^ clkbuf_0_prog_clk/A (sky130_fd_sc_hd__clkbuf_16)
                  0.11    0.28  120.28 ^ clkbuf_0_prog_clk/X (sky130_fd_sc_hd__clkbuf_16)
     8    0.09                           clknet_0_prog_clk (net)
                  0.11    0.00  120.28 ^ clkbuf_3_6__f_prog_clk/A (sky130_fd_sc_hd__clkbuf_16)
                  0.05    0.15  120.43 ^ clkbuf_3_6__f_prog_clk/X (sky130_fd_sc_hd__clkbuf_16)
     8    0.03                           clknet_3_6__leaf_prog_clk (net)
                  0.05    0.00  120.44 ^ sb_0__0_.mem_right_track_2.sky130_fd_sc_hd__dfrtp_1_1_/CLK (sky130_fd_sc_hd__dfrtp_1)
                         -0.10  120.34   clock uncertainty
                          0.05  120.38   clock reconvergence pessimism
                         -0.11  120.27   library setup time
                                120.27   data required time
-----------------------------------------------------------------------------
                                120.27   data required time
                                 -2.89   data arrival time
-----------------------------------------------------------------------------
                                117.37   slack (MET)


