Instance name,  X location,  Y location,  Voltage 
ANTENNA_16, 115.52, 122.4, 1.8
sb_0__0_.mem_right_track_6.sky130_fd_sc_hd__dfrtp_1_0_, 115.52, 122.4, 1.8
ANTENNA_18, 115.52, 116.96, 1.8
sb_0__0_.mem_right_track_4.sky130_fd_sc_hd__dfrtp_1_1_, 115.52, 116.96, 1.8
FILLER_36_229, 115.52, 111.52, 1.8
FILLER_37_236, 115.52, 111.52, 1.8
FILLER_38_243, 115.52, 111.52, 1.8
sb_0__0_.mem_right_track_6.sky130_fd_sc_hd__dfrtp_1_1_, 115.52, 111.52, 1.8
sb_0__0_.mux_right_track_2.mux_l1_in_0_, 115.52, 111.52, 1.8
sb_0__0_.mux_right_track_6.mux_l1_in_1_, 115.52, 111.52, 1.8
ANTENNA_15, 115.52, 106.08, 1.8
ANTENNA_sb_0__0_.mem_right_track_12.sky130_fd_sc_hd__dfrtp_1_1__RESET_B, 115.52, 106.08, 1.8
FILLER_34_232, 115.52, 106.08, 1.8
FILLER_36_242, 115.52, 106.08, 1.8
_120_, 115.52, 106.08, 1.8
sb_0__0_.mem_right_track_8.sky130_fd_sc_hd__dfrtp_1_0_, 115.52, 106.08, 1.8
sb_0__0_.mux_right_track_2.mux_l2_in_0_, 115.52, 106.08, 1.8
sb_0__0_.mux_top_track_2.mux_l1_in_0_, 115.52, 106.08, 1.8
ANTENNA_clkbuf_3_7__f_prog_clk_A, 115.52, 100.64, 1.8
FILLER_32_237, 115.52, 100.64, 1.8
sb_0__0_.mem_right_track_8.sky130_fd_sc_hd__dfrtp_1_1_, 115.52, 100.64, 1.8
sb_0__0_.mux_right_track_14.mux_l1_in_0_, 115.52, 100.64, 1.8
FILLER_30_229, 115.52, 95.2, 1.8
FILLER_31_236, 115.52, 95.2, 1.8
sb_0__0_.mem_right_track_10.sky130_fd_sc_hd__dfrtp_1_0_, 115.52, 95.2, 1.8
sb_0__0_.mux_right_track_16.mux_l1_in_0_, 115.52, 95.2, 1.8
sb_0__0_.mux_right_track_18.mux_l1_in_0_, 115.52, 95.2, 1.8
sb_0__0_.mux_right_track_30.mux_l1_in_0_, 115.52, 95.2, 1.8
ANTENNA_6, 115.52, 89.76, 1.8
ANTENNA_sb_0__0_.mem_right_track_14.sky130_fd_sc_hd__dfrtp_1_0__RESET_B, 115.52, 89.76, 1.8
ANTENNA_sb_0__0_.mux_right_track_48.mux_l1_in_0__A0, 115.52, 89.76, 1.8
FILLER_30_242, 115.52, 89.76, 1.8
_089_, 115.52, 89.76, 1.8
clkbuf_3_7__f_prog_clk, 115.52, 89.76, 1.8
ANTENNA_sb_0__0_.mem_right_track_30.sky130_fd_sc_hd__dfrtp_1_1__RESET_B, 115.52, 84.32, 1.8
ANTENNA_sb_0__0_.mem_right_track_32.sky130_fd_sc_hd__dfrtp_1_0__RESET_B, 115.52, 84.32, 1.8
FILLER_26_226, 115.52, 84.32, 1.8
sb_0__0_.mem_right_track_10.sky130_fd_sc_hd__dfrtp_1_1_, 115.52, 84.32, 1.8
sb_0__0_.mem_right_track_14.sky130_fd_sc_hd__dfrtp_1_1_, 115.52, 84.32, 1.8
sb_0__0_.mux_right_track_10.mux_l2_in_0_, 115.52, 84.32, 1.8
ANTENNA_8, 115.52, 78.88, 1.8
ANTENNA_sb_0__0_.mux_right_track_12.mux_l2_in_0__A0, 115.52, 78.88, 1.8
FILLER_24_234, 115.52, 78.88, 1.8
hold15, 115.52, 78.88, 1.8
hold19, 115.52, 78.88, 1.8
sb_0__0_.mux_right_track_12.mux_l2_in_0_, 115.52, 78.88, 1.8
sb_0__0_.mux_right_track_14.mux_l2_in_0_, 115.52, 78.88, 1.8
ANTENNA_sb_0__0_.mem_right_track_30.sky130_fd_sc_hd__dfrtp_1_0__RESET_B, 115.52, 73.44, 1.8
FILLER_22_238, 115.52, 73.44, 1.8
FILLER_23_231, 115.52, 73.44, 1.8
_083_, 115.52, 73.44, 1.8
sb_0__0_.mem_right_track_16.sky130_fd_sc_hd__dfrtp_1_0_, 115.52, 73.44, 1.8
FILLER_21_231, 115.52, 68, 1.8
_082_, 115.52, 68, 1.8
sb_0__0_.mem_right_track_16.sky130_fd_sc_hd__dfrtp_1_1_, 115.52, 68, 1.8
sb_0__0_.mem_right_track_28.sky130_fd_sc_hd__dfrtp_1_0_, 115.52, 68, 1.8
sb_0__0_.mux_right_track_16.mux_l2_in_0_, 115.52, 68, 1.8
FILLER_18_226, 115.52, 62.56, 1.8
sb_0__0_.mem_right_track_18.sky130_fd_sc_hd__dfrtp_1_0_, 115.52, 62.56, 1.8
sb_0__0_.mem_right_track_18.sky130_fd_sc_hd__dfrtp_1_1_, 115.52, 62.56, 1.8
ANTENNA_sb_0__0_.mem_right_track_48.sky130_fd_sc_hd__dfrtp_1_1__RESET_B, 115.52, 57.12, 1.8
FILLER_16_231, 115.52, 57.12, 1.8
FILLER_17_244, 115.52, 57.12, 1.8
output82, 115.52, 57.12, 1.8
output83, 115.52, 57.12, 1.8
FILLER_15_244, 115.52, 51.68, 1.8
output80, 115.52, 51.68, 1.8
FILLER_12_229, 115.52, 46.24, 1.8
FILLER_13_244, 115.52, 46.24, 1.8
FILLER_14_241, 115.52, 46.24, 1.8
_080_, 115.52, 46.24, 1.8
output77, 115.52, 46.24, 1.8
output78, 115.52, 46.24, 1.8
FILLER_10_229, 115.52, 40.8, 1.8
FILLER_11_244, 115.52, 40.8, 1.8
_085_, 115.52, 40.8, 1.8
output73, 115.52, 40.8, 1.8
output74, 115.52, 40.8, 1.8
FILLER_8_230, 115.52, 35.36, 1.8
FILLER_9_244, 115.52, 35.36, 1.8
_079_, 115.52, 35.36, 1.8
output70, 115.52, 35.36, 1.8
output71, 115.52, 35.36, 1.8
FILLER_6_230, 115.52, 29.92, 1.8
FILLER_7_244, 115.52, 29.92, 1.8
output67, 115.52, 29.92, 1.8
output68, 115.52, 29.92, 1.8
sb_0__0_.mux_right_track_18.mux_l2_in_0__156, 115.52, 29.92, 1.8
FILLER_4_230, 115.52, 24.48, 1.8
FILLER_5_244, 115.52, 24.48, 1.8
input24, 115.52, 24.48, 1.8
output65, 115.52, 24.48, 1.8
output93, 115.52, 24.48, 1.8
FILLER_2_230, 115.52, 19.04, 1.8
FILLER_3_244, 115.52, 19.04, 1.8
output90, 115.52, 19.04, 1.8
output91, 115.52, 19.04, 1.8
FILLER_1_244, 115.52, 13.6, 1.8
output88, 115.52, 13.6, 1.8
output89, 115.52, 13.6, 1.8
FILLER_40_118, 65.52, 122.4, 1.8
output115, 65.52, 122.4, 1.8
ANTENNA_sb_0__0_.mux_top_track_8.mux_l2_in_0__A0, 65.52, 116.96, 1.8
hold33, 65.52, 116.96, 1.8
output114, 65.52, 116.96, 1.8
sb_0__0_.mux_top_track_8.mux_l2_in_0_, 65.52, 116.96, 1.8
ANTENNA_sb_0__0_.mem_top_track_14.sky130_fd_sc_hd__dfrtp_1_1__RESET_B, 65.52, 111.52, 1.8
FILLER_37_124, 65.52, 111.52, 1.8
FILLER_37_132, 65.52, 111.52, 1.8
FILLER_38_131, 65.52, 111.52, 1.8
_102_, 65.52, 111.52, 1.8
_110_, 65.52, 111.52, 1.8
hold35, 65.52, 111.52, 1.8
input55, 65.52, 111.52, 1.8
sb_0__0_.mem_top_track_8.sky130_fd_sc_hd__dfrtp_1_1_, 65.52, 111.52, 1.8
ANTENNA_2, 65.52, 106.08, 1.8
ANTENNA_input59_A, 65.52, 106.08, 1.8
ANTENNA_sb_0__0_.mem_top_track_14.sky130_fd_sc_hd__dfrtp_1_0__RESET_B, 65.52, 106.08, 1.8
ANTENNA_sb_0__0_.mux_top_track_8.mux_l1_in_0__A1, 65.52, 106.08, 1.8
FILLER_34_129, 65.52, 106.08, 1.8
sb_0__0_.mem_top_track_10.sky130_fd_sc_hd__dfrtp_1_0_, 65.52, 106.08, 1.8
sb_0__0_.mux_top_track_10.mux_l2_in_0_, 65.52, 106.08, 1.8
sb_0__0_.mux_top_track_12.mux_l2_in_0_, 65.52, 106.08, 1.8
ANTENNA_sb_0__0_.mem_top_track_12.sky130_fd_sc_hd__dfrtp_1_1__RESET_B, 65.52, 100.64, 1.8
FILLER_33_128, 65.52, 100.64, 1.8
_104_, 65.52, 100.64, 1.8
hold18, 65.52, 100.64, 1.8
sb_0__0_.mem_top_track_10.sky130_fd_sc_hd__dfrtp_1_1_, 65.52, 100.64, 1.8
sb_0__0_.mux_top_track_30.mux_l2_in_0_, 65.52, 100.64, 1.8
ANTENNA_sb_0__0_.mem_top_track_12.sky130_fd_sc_hd__dfrtp_1_0__RESET_B, 65.52, 95.2, 1.8
ANTENNA_sb_0__0_.mux_top_track_0.mux_l1_in_0__A1, 65.52, 95.2, 1.8
ANTENNA_sb_0__0_.mux_top_track_0.mux_l1_in_0__S, 65.52, 95.2, 1.8
ANTENNA_sb_0__0_.mux_top_track_18.mux_l1_in_0__A1, 65.52, 95.2, 1.8
FILLER_31_122, 65.52, 95.2, 1.8
_118_, 65.52, 95.2, 1.8
sb_0__0_.mem_top_track_12.sky130_fd_sc_hd__dfrtp_1_0_, 65.52, 95.2, 1.8
sb_0__0_.mux_top_track_46.mux_l2_in_0__146, 65.52, 95.2, 1.8
sb_0__0_.mux_top_track_50.mux_l2_in_0_, 65.52, 95.2, 1.8
FILLER_29_125, 65.52, 89.76, 1.8
clkbuf_3_3__f_prog_clk, 65.52, 89.76, 1.8
sb_0__0_.mem_top_track_32.sky130_fd_sc_hd__dfrtp_1_0_, 65.52, 89.76, 1.8
sb_0__0_.mux_top_track_0.mux_l1_in_0_, 65.52, 89.76, 1.8
ANTENNA_5, 65.52, 84.32, 1.8
ANTENNA_sb_0__0_.mem_top_track_32.sky130_fd_sc_hd__dfrtp_1_1__RESET_B, 65.52, 84.32, 1.8
ANTENNA_sb_0__0_.mux_top_track_34.mux_l1_in_0__A1, 65.52, 84.32, 1.8
FILLER_27_135, 65.52, 84.32, 1.8
hold6, 65.52, 84.32, 1.8
sb_0__0_.mem_top_track_32.sky130_fd_sc_hd__dfrtp_1_1_, 65.52, 84.32, 1.8
sb_0__0_.mux_right_track_10.mux_l2_in_0__152, 65.52, 84.32, 1.8
FILLER_24_122, 65.52, 78.88, 1.8
FILLER_25_135, 65.52, 78.88, 1.8
sb_0__0_.mem_top_track_0.sky130_fd_sc_hd__dfrtp_1_1_, 65.52, 78.88, 1.8
sb_0__0_.mux_top_track_46.mux_l2_in_0_, 65.52, 78.88, 1.8
sb_0__0_.mux_top_track_48.mux_l2_in_0_, 65.52, 78.88, 1.8
ANTENNA_sb_0__0_.mem_top_track_34.sky130_fd_sc_hd__dfrtp_1_0__RESET_B, 65.52, 73.44, 1.8
ANTENNA_sb_0__0_.mem_top_track_44.sky130_fd_sc_hd__dfrtp_1_1__RESET_B, 65.52, 73.44, 1.8
FILLER_22_124, 65.52, 73.44, 1.8
FILLER_23_139, 65.52, 73.44, 1.8
hold31, 65.52, 73.44, 1.8
hold48, 65.52, 73.44, 1.8
sb_0__0_.mem_top_track_50.sky130_fd_sc_hd__dfrtp_1_1_, 65.52, 73.44, 1.8
ANTENNA_sb_0__0_.mem_top_track_34.sky130_fd_sc_hd__dfrtp_1_1__RESET_B, 65.52, 68, 1.8
FILLER_21_121, 65.52, 68, 1.8
FILLER_21_133, 65.52, 68, 1.8
hold44, 65.52, 68, 1.8
sb_0__0_.mem_top_track_48.sky130_fd_sc_hd__dfrtp_1_1_, 65.52, 68, 1.8
sb_0__0_.mem_top_track_50.sky130_fd_sc_hd__dfrtp_1_0_, 65.52, 68, 1.8
sb_0__0_.mux_top_track_48.mux_l2_in_0__147, 65.52, 68, 1.8
ANTENNA_sb_0__0_.mem_top_track_46.sky130_fd_sc_hd__dfrtp_1_0__RESET_B, 65.52, 62.56, 1.8
FILLER_18_126, 65.52, 62.56, 1.8
FILLER_19_125, 65.52, 62.56, 1.8
clkbuf_3_1__f_prog_clk, 65.52, 62.56, 1.8
hold41, 65.52, 62.56, 1.8
hold50, 65.52, 62.56, 1.8
hold70, 65.52, 62.56, 1.8
sb_0__0_.mem_top_track_48.sky130_fd_sc_hd__dfrtp_1_0_, 65.52, 62.56, 1.8
ANTENNA_sb_0__0_.mux_right_track_4.mux_l2_in_0__A0, 65.52, 57.12, 1.8
ANTENNA_sb_0__0_.mux_right_track_6.mux_l1_in_0__A1, 65.52, 57.12, 1.8
FILLER_16_121, 65.52, 57.12, 1.8
FILLER_17_118, 65.52, 57.12, 1.8
hold20, 65.52, 57.12, 1.8
sb_0__0_.mem_top_track_46.sky130_fd_sc_hd__dfrtp_1_1_, 65.52, 57.12, 1.8
ANTENNA_sb_0__0_.mem_right_track_6.sky130_fd_sc_hd__dfrtp_1_0__RESET_B, 65.52, 51.68, 1.8
ANTENNA_sb_0__0_.mux_right_track_4.mux_l2_in_0__S, 65.52, 51.68, 1.8
ANTENNA_sb_0__0_.mux_right_track_8.mux_l1_in_0__A0, 65.52, 51.68, 1.8
ANTENNA_sb_0__0_.mux_right_track_8.mux_l1_in_0__S, 65.52, 51.68, 1.8
FILLER_15_125, 65.52, 51.68, 1.8
FILLER_15_133, 65.52, 51.68, 1.8
sb_0__0_.mux_right_track_12.sky130_fd_sc_hd__buf_4_0_, 65.52, 51.68, 1.8
sb_0__0_.mux_right_track_14.sky130_fd_sc_hd__buf_4_0_, 65.52, 51.68, 1.8
ANTENNA_sb_0__0_.mem_top_track_0.sky130_fd_sc_hd__dfrtp_1_0__RESET_B, 65.52, 46.24, 1.8
FILLER_13_137, 65.52, 46.24, 1.8
FILLER_14_133, 65.52, 46.24, 1.8
FILLER_14_141, 65.52, 46.24, 1.8
FILLER_12_134, 65.52, 40.8, 1.8
FILLER_10_133, 65.52, 35.36, 1.8
FILLER_8_133, 65.52, 29.92, 1.8
FILLER_6_133, 65.52, 24.48, 1.8
FILLER_4_133, 65.52, 19.04, 1.8
FILLER_0_137, 65.52, 13.6, 1.8
FILLER_2_133, 65.52, 13.6, 1.8
FILLER_39_14, 15.52, 116.96, 1.8
FILLER_39_34, 15.52, 116.96, 1.8
FILLER_40_34, 15.52, 116.96, 1.8
output95, 15.52, 116.96, 1.8
sb_0__0_.mux_top_track_0.sky130_fd_sc_hd__buf_4_0_, 15.52, 116.96, 1.8
ANTENNA_sb_0__0_.mem_top_track_6.sky130_fd_sc_hd__dfrtp_1_0__RESET_B, 15.52, 111.52, 1.8
FILLER_37_14, 15.52, 111.52, 1.8
FILLER_37_34, 15.52, 111.52, 1.8
hold66, 15.52, 111.52, 1.8
output121, 15.52, 111.52, 1.8
ANTENNA_hold46_A, 15.52, 106.08, 1.8
FILLER_35_14, 15.52, 106.08, 1.8
FILLER_35_34, 15.52, 106.08, 1.8
hold28, 15.52, 106.08, 1.8
output119, 15.52, 106.08, 1.8
FILLER_33_15, 15.52, 100.64, 1.8
FILLER_33_35, 15.52, 100.64, 1.8
output117, 15.52, 100.64, 1.8
output120, 15.52, 100.64, 1.8
ANTENNA_hold68_A, 15.52, 95.2, 1.8
FILLER_30_12, 15.52, 95.2, 1.8
FILLER_30_19, 15.52, 95.2, 1.8
FILLER_31_23, 15.52, 95.2, 1.8
FILLER_31_33, 15.52, 95.2, 1.8
FILLER_32_34, 15.52, 95.2, 1.8
_114_, 15.52, 95.2, 1.8
hold27, 15.52, 95.2, 1.8
sb_0__0_.mux_right_track_2.mux_l2_in_0__157, 15.52, 95.2, 1.8
ANTENNA_input42_A, 15.52, 89.76, 1.8
ANTENNA_input62_A, 15.52, 89.76, 1.8
ANTENNA_sb_0__0_.mem_right_track_4.sky130_fd_sc_hd__dfrtp_1_1__D, 15.52, 89.76, 1.8
ANTENNA_sb_0__0_.mem_right_track_6.sky130_fd_sc_hd__dfrtp_1_1__D, 15.52, 89.76, 1.8
ANTENNA_sb_0__0_.mem_right_track_6.sky130_fd_sc_hd__dfrtp_1_1__RESET_B, 15.52, 89.76, 1.8
FILLER_29_28, 15.52, 89.76, 1.8
FILLER_29_35, 15.52, 89.76, 1.8
_125_, 15.52, 89.76, 1.8
input5, 15.52, 89.76, 1.8
sb_0__0_.mux_top_track_28.sky130_fd_sc_hd__buf_4_0_, 15.52, 89.76, 1.8
sb_0__0_.mux_top_track_6.mux_l1_in_1__149, 15.52, 89.76, 1.8
ANTENNA_hold27_A, 15.52, 84.32, 1.8
ANTENNA_input9_A, 15.52, 84.32, 1.8
ANTENNA_sb_0__0_.mux_right_track_6.mux_l1_in_1__S, 15.52, 84.32, 1.8
FILLER_26_12, 15.52, 84.32, 1.8
FILLER_27_19, 15.52, 84.32, 1.8
FILLER_27_33, 15.52, 84.32, 1.8
_116_, 15.52, 84.32, 1.8
input52, 15.52, 84.32, 1.8
input9, 15.52, 84.32, 1.8
ANTENNA_hold24_A, 15.52, 78.88, 1.8
ANTENNA_hold69_A, 15.52, 78.88, 1.8
ANTENNA_input38_A, 15.52, 78.88, 1.8
ANTENNA_input52_A, 15.52, 78.88, 1.8
ANTENNA_sb_0__0_.mux_right_track_6.mux_l1_in_0__S, 15.52, 78.88, 1.8
FILLER_24_12, 15.52, 78.88, 1.8
FILLER_25_33, 15.52, 78.88, 1.8
_117_, 15.52, 78.88, 1.8
input10, 15.52, 78.88, 1.8
ANTENNA_input10_A, 15.52, 73.44, 1.8
ANTENNA_input35_A, 15.52, 73.44, 1.8
ANTENNA_input54_A, 15.52, 73.44, 1.8
ANTENNA_sb_0__0_.mux_top_track_8.sky130_fd_sc_hd__buf_4_0__A, 15.52, 73.44, 1.8
FILLER_22_14, 15.52, 73.44, 1.8
FILLER_23_12, 15.52, 73.44, 1.8
FILLER_23_19, 15.52, 73.44, 1.8
FILLER_24_31, 15.52, 73.44, 1.8
_130_, 15.52, 73.44, 1.8
input35, 15.52, 73.44, 1.8
input45, 15.52, 73.44, 1.8
sb_0__0_.mux_top_track_8.sky130_fd_sc_hd__buf_4_0_, 15.52, 73.44, 1.8
ANTENNA_input36_A, 15.52, 68, 1.8
ANTENNA_input43_A, 15.52, 68, 1.8
ANTENNA_input45_A, 15.52, 68, 1.8
FILLER_20_19, 15.52, 68, 1.8
FILLER_21_26, 15.52, 68, 1.8
FILLER_21_33, 15.52, 68, 1.8
FILLER_22_35, 15.52, 68, 1.8
_131_, 15.52, 68, 1.8
input36, 15.52, 68, 1.8
input43, 15.52, 68, 1.8
input54, 15.52, 68, 1.8
input60, 15.52, 68, 1.8
sb_0__0_.mux_top_track_32.sky130_fd_sc_hd__buf_4_0_, 15.52, 68, 1.8
ANTENNA_1, 15.52, 62.56, 1.8
FILLER_19_12, 15.52, 62.56, 1.8
FILLER_20_34, 15.52, 62.56, 1.8
_106_, 15.52, 62.56, 1.8
sb_0__0_.mux_top_track_12.mux_l2_in_0__135, 15.52, 62.56, 1.8
sb_0__0_.mux_top_track_28.mux_l2_in_0__140, 15.52, 62.56, 1.8
sb_0__0_.mux_top_track_46.sky130_fd_sc_hd__buf_4_0_, 15.52, 62.56, 1.8
FILLER_18_24, 15.52, 57.12, 1.8
PHY_80, 5.52, 122.4, 1.8
PHY_81, 129.26, 122.4, 1.8
output104, 28.02, 122.4, 1.8
output108, 40.52, 122.4, 1.8
FILLER_40_90, 53.02, 122.4, 1.8
output112, 53.02, 122.4, 1.8
FILLER_40_151, 78.02, 122.4, 1.8
hold49, 78.02, 122.4, 1.8
ANTENNA_sb_0__0_.mem_top_track_8.sky130_fd_sc_hd__dfrtp_1_0__RESET_B, 90.52, 122.4, 1.8
FILLER_40_202, 103.02, 122.4, 1.8
input59, 103.02, 122.4, 1.8
input62, 103.02, 122.4, 1.8
ANTENNA_12, 122.39, 122.4, 1.8
ANTENNA_sb_0__0_.mem_top_track_4.sky130_fd_sc_hd__dfrtp_1_1__RESET_B, 5.52, 116.96, 1.8
ANTENNA_sb_0__0_.mux_top_track_6.mux_l1_in_1__A0, 5.52, 116.96, 1.8
FILLER_39_3, 5.52, 116.96, 1.8
PHY_76, 5.52, 116.96, 1.8
PHY_78, 5.52, 116.96, 1.8
hold24, 5.52, 116.96, 1.8
output98, 5.52, 116.96, 1.8
PHY_77, 129.26, 116.96, 1.8
PHY_79, 129.26, 116.96, 1.8
ANTENNA_sb_0__0_.mux_right_track_2.mux_l2_in_0__A0, 28.02, 116.96, 1.8
FILLER_38_42, 28.02, 116.96, 1.8
FILLER_40_62, 28.02, 116.96, 1.8
hold1, 28.02, 116.96, 1.8
output101, 28.02, 116.96, 1.8
output102, 28.02, 116.96, 1.8
sb_0__0_.mux_top_track_30.mux_l2_in_0__141, 28.02, 116.96, 1.8
ANTENNA_10, 40.52, 116.96, 1.8
FILLER_39_70, 40.52, 116.96, 1.8
output107, 40.52, 116.96, 1.8
output109, 40.52, 116.96, 1.8
sb_0__0_.mux_top_track_2.sky130_fd_sc_hd__buf_4_0_, 40.52, 116.96, 1.8
ANTENNA_input55_A, 53.02, 116.96, 1.8
ANTENNA_output115_A, 53.02, 116.96, 1.8
FILLER_38_91, 53.02, 116.96, 1.8
FILLER_39_90, 53.02, 116.96, 1.8
output110, 53.02, 116.96, 1.8
output111, 53.02, 116.96, 1.8
sb_0__0_.mux_top_track_10.mux_l2_in_0__134, 53.02, 116.96, 1.8
ANTENNA__105__A, 78.02, 116.96, 1.8
ANTENNA_sb_0__0_.mem_top_track_8.sky130_fd_sc_hd__dfrtp_1_1__RESET_B, 78.02, 116.96, 1.8
FILLER_38_147, 78.02, 116.96, 1.8
FILLER_39_150, 78.02, 116.96, 1.8
FILLER_39_165, 78.02, 116.96, 1.8
FILLER_39_169, 78.02, 116.96, 1.8
hold47, 78.02, 116.96, 1.8
hold52, 78.02, 116.96, 1.8
sb_0__0_.mem_top_track_8.sky130_fd_sc_hd__dfrtp_1_0_, 78.02, 116.96, 1.8
FILLER_39_180, 90.52, 116.96, 1.8
hold65, 90.52, 116.96, 1.8
sb_0__0_.mem_top_track_6.sky130_fd_sc_hd__dfrtp_1_0_, 90.52, 116.96, 1.8
sb_0__0_.mux_top_track_4.mux_l2_in_0_, 90.52, 116.96, 1.8
sb_0__0_.mux_top_track_6.mux_l2_in_0_, 90.52, 116.96, 1.8
ANTENNA_sb_0__0_.mem_right_track_2.sky130_fd_sc_hd__dfrtp_1_0__RESET_B, 103.02, 116.96, 1.8
ANTENNA_sb_0__0_.mem_top_track_6.sky130_fd_sc_hd__dfrtp_1_1__RESET_B, 103.02, 116.96, 1.8
ANTENNA_sb_0__0_.mux_right_track_14.mux_l1_in_0__A0, 103.02, 116.96, 1.8
ANTENNA_sb_0__0_.mux_top_track_10.mux_l1_in_0__A1, 103.02, 116.96, 1.8
FILLER_39_205, 103.02, 116.96, 1.8
sb_0__0_.mem_top_track_4.sky130_fd_sc_hd__dfrtp_1_1_, 103.02, 116.96, 1.8
sb_0__0_.mux_top_track_6.mux_l1_in_1_, 103.02, 116.96, 1.8
ANTENNA_11, 122.39, 116.96, 1.8
FILLER_39_250, 122.39, 116.96, 1.8
sb_0__0_.mux_right_track_6.mux_l1_in_0_, 122.39, 116.96, 1.8
sb_0__0_.mux_right_track_8.mux_l1_in_0_, 122.39, 116.96, 1.8
sb_0__0_.mux_top_track_2.mux_l2_in_0__139, 122.39, 116.96, 1.8
ANTENNA_sb_0__0_.mem_right_track_4.sky130_fd_sc_hd__dfrtp_1_0__D, 5.52, 111.52, 1.8
ANTENNA_sb_0__0_.mux_top_track_6.mux_l1_in_1__S, 5.52, 111.52, 1.8
FILLER_37_3, 5.52, 111.52, 1.8
PHY_72, 5.52, 111.52, 1.8
PHY_74, 5.52, 111.52, 1.8
hold69, 5.52, 111.52, 1.8
output122, 5.52, 111.52, 1.8
ANTENNA__091__A, 129.26, 111.52, 1.8
PHY_73, 129.26, 111.52, 1.8
PHY_75, 129.26, 111.52, 1.8
FILLER_36_42, 28.02, 111.52, 1.8
FILLER_38_62, 28.02, 111.52, 1.8
_107_, 28.02, 111.52, 1.8
output96, 28.02, 111.52, 1.8
output97, 28.02, 111.52, 1.8
ANTENNA_sb_0__0_.mem_right_track_8.sky130_fd_sc_hd__dfrtp_1_1__D, 40.52, 111.52, 1.8
FILLER_37_63, 40.52, 111.52, 1.8
FILLER_37_86, 40.52, 111.52, 1.8
_121_, 40.52, 111.52, 1.8
output103, 40.52, 111.52, 1.8
output106, 40.52, 111.52, 1.8
ANTENNA_4, 53.02, 111.52, 1.8
FILLER_36_100, 53.02, 111.52, 1.8
FILLER_38_111, 53.02, 111.52, 1.8
output113, 53.02, 111.52, 1.8
sb_0__0_.mem_top_track_16.sky130_fd_sc_hd__dfrtp_1_0_, 53.02, 111.52, 1.8
sb_0__0_.mux_top_track_14.mux_l2_in_0_, 53.02, 111.52, 1.8
sb_0__0_.mux_top_track_16.mux_l2_in_0_, 53.02, 111.52, 1.8
ANTENNA_sb_0__0_.mux_top_track_6.mux_l1_in_0__A1, 78.02, 111.52, 1.8
FILLER_37_156, 78.02, 111.52, 1.8
FILLER_38_171, 78.02, 111.52, 1.8
_105_, 78.02, 111.52, 1.8
sb_0__0_.mem_top_track_6.sky130_fd_sc_hd__dfrtp_1_1_, 78.02, 111.52, 1.8
ANTENNA_21, 90.52, 111.52, 1.8
ANTENNA_sb_0__0_.mux_top_track_10.mux_l1_in_0__A0, 90.52, 111.52, 1.8
FILLER_36_176, 90.52, 111.52, 1.8
FILLER_37_191, 90.52, 111.52, 1.8
_111_, 90.52, 111.52, 1.8
sb_0__0_.mux_top_track_10.mux_l1_in_0_, 90.52, 111.52, 1.8
sb_0__0_.mux_top_track_8.mux_l1_in_0_, 90.52, 111.52, 1.8
ANTENNA_sb_0__0_.mem_right_track_12.sky130_fd_sc_hd__dfrtp_1_0__RESET_B, 103.02, 111.52, 1.8
ANTENNA_sb_0__0_.mem_top_track_2.sky130_fd_sc_hd__dfrtp_1_1__RESET_B, 103.02, 111.52, 1.8
ANTENNA_sb_0__0_.mux_right_track_0.mux_l1_in_0__A0, 103.02, 111.52, 1.8
FILLER_37_204, 103.02, 111.52, 1.8
FILLER_38_219, 103.02, 111.52, 1.8
_112_, 103.02, 111.52, 1.8
sb_0__0_.mem_right_track_2.sky130_fd_sc_hd__dfrtp_1_1_, 103.02, 111.52, 1.8
sb_0__0_.mem_right_track_4.sky130_fd_sc_hd__dfrtp_1_0_, 103.02, 111.52, 1.8
sb_0__0_.mux_top_track_4.mux_l1_in_0_, 103.02, 111.52, 1.8
sb_0__0_.mux_right_track_4.mux_l2_in_0_, 122.39, 111.52, 1.8
ANTENNA_sb_0__0_.mux_right_track_2.mux_l1_in_0__A0, 5.52, 106.08, 1.8
ANTENNA_sb_0__0_.mux_top_track_4.mux_l1_in_0__A1, 5.52, 106.08, 1.8
FILLER_35_3, 5.52, 106.08, 1.8
PHY_68, 5.52, 106.08, 1.8
PHY_70, 5.52, 106.08, 1.8
hold3, 5.52, 106.08, 1.8
output118, 5.52, 106.08, 1.8
ANTENNA_sb_0__0_.mux_right_track_0.mux_l1_in_1__A1, 129.26, 106.08, 1.8
PHY_69, 129.26, 106.08, 1.8
PHY_71, 129.26, 106.08, 1.8
FILLER_34_47, 28.02, 106.08, 1.8
FILLER_35_62, 28.02, 106.08, 1.8
FILLER_36_62, 28.02, 106.08, 1.8
output123, 28.02, 106.08, 1.8
sb_0__0_.mux_top_track_32.mux_l2_in_0__142, 28.02, 106.08, 1.8
ANTENNA_sb_0__0_.mux_right_track_16.mux_l1_in_0__A1, 40.52, 106.08, 1.8
ANTENNA_sb_0__0_.mux_top_track_4.mux_l2_in_0__S, 40.52, 106.08, 1.8
FILLER_35_82, 40.52, 106.08, 1.8
output100, 40.52, 106.08, 1.8
output99, 40.52, 106.08, 1.8
sb_0__0_.mem_top_track_16.sky130_fd_sc_hd__dfrtp_1_1_, 40.52, 106.08, 1.8
ANTENNA_sb_0__0_.mem_right_track_10.sky130_fd_sc_hd__dfrtp_1_0__RESET_B, 53.02, 106.08, 1.8
ANTENNA_sb_0__0_.mem_top_track_16.sky130_fd_sc_hd__dfrtp_1_0__RESET_B, 53.02, 106.08, 1.8
ANTENNA_sb_0__0_.mem_top_track_16.sky130_fd_sc_hd__dfrtp_1_1__RESET_B, 53.02, 106.08, 1.8
ANTENNA_sb_0__0_.mux_right_track_32.mux_l1_in_0__A0, 53.02, 106.08, 1.8
FILLER_34_97, 53.02, 106.08, 1.8
sb_0__0_.mem_top_track_14.sky130_fd_sc_hd__dfrtp_1_1_, 53.02, 106.08, 1.8
sb_0__0_.mux_top_track_48.sky130_fd_sc_hd__buf_4_0_, 53.02, 106.08, 1.8
ANTENNA_sb_0__0_.mux_top_track_12.mux_l1_in_0__A0, 78.02, 106.08, 1.8
ANTENNA_sb_0__0_.mux_top_track_16.mux_l1_in_0__A1, 78.02, 106.08, 1.8
ANTENNA_sb_0__0_.mux_top_track_6.mux_l1_in_0__A0, 78.02, 106.08, 1.8
ANTENNA_sb_0__0_.mux_top_track_6.mux_l1_in_0__S, 78.02, 106.08, 1.8
FILLER_34_151, 78.02, 106.08, 1.8
FILLER_35_147, 78.02, 106.08, 1.8
FILLER_36_163, 78.02, 106.08, 1.8
sb_0__0_.mux_top_track_14.mux_l1_in_0_, 78.02, 106.08, 1.8
sb_0__0_.mux_top_track_16.mux_l1_in_0_, 78.02, 106.08, 1.8
sb_0__0_.mux_top_track_6.mux_l1_in_0_, 78.02, 106.08, 1.8
ANTENNA_sb_0__0_.mem_top_track_10.sky130_fd_sc_hd__dfrtp_1_0__RESET_B, 90.52, 106.08, 1.8
ANTENNA_sb_0__0_.mux_right_track_0.mux_l1_in_0__A1, 90.52, 106.08, 1.8
FILLER_34_178, 90.52, 106.08, 1.8
FILLER_35_182, 90.52, 106.08, 1.8
clkbuf_3_6__f_prog_clk, 90.52, 106.08, 1.8
sb_0__0_.mux_right_track_0.mux_l1_in_0_, 90.52, 106.08, 1.8
sb_0__0_.mux_top_track_2.mux_l2_in_0_, 90.52, 106.08, 1.8
ANTENNA_clkbuf_3_6__f_prog_clk_A, 103.02, 106.08, 1.8
FILLER_35_206, 103.02, 106.08, 1.8
sb_0__0_.mem_top_track_4.sky130_fd_sc_hd__dfrtp_1_0_, 103.02, 106.08, 1.8
sb_0__0_.mux_right_track_32.mux_l1_in_0_, 103.02, 106.08, 1.8
ANTENNA_sb_0__0_.mux_right_track_18.mux_l1_in_0__A1, 122.39, 106.08, 1.8
ANTENNA_sb_0__0_.mux_right_track_30.mux_l1_in_0__A1, 122.39, 106.08, 1.8
sb_0__0_.mux_right_track_10.mux_l1_in_0_, 122.39, 106.08, 1.8
ANTENNA_sb_0__0_.mem_right_track_2.sky130_fd_sc_hd__dfrtp_1_1__RESET_B, 5.52, 100.64, 1.8
ANTENNA_sb_0__0_.mux_right_track_2.mux_l1_in_0__S, 5.52, 100.64, 1.8
PHY_64, 5.52, 100.64, 1.8
PHY_66, 5.52, 100.64, 1.8
_129_, 5.52, 100.64, 1.8
output116, 5.52, 100.64, 1.8
FILLER_33_263, 129.26, 100.64, 1.8
PHY_65, 129.26, 100.64, 1.8
PHY_67, 129.26, 100.64, 1.8
ANTENNA_sb_0__0_.mux_right_track_2.mux_l2_in_0__S, 28.02, 100.64, 1.8
FILLER_32_48, 28.02, 100.64, 1.8
FILLER_33_42, 28.02, 100.64, 1.8
FILLER_34_59, 28.02, 100.64, 1.8
hold14, 28.02, 100.64, 1.8
hold23, 28.02, 100.64, 1.8
hold46, 28.02, 100.64, 1.8
hold68, 28.02, 100.64, 1.8
sb_0__0_.mux_top_track_12.sky130_fd_sc_hd__buf_4_0_, 28.02, 100.64, 1.8
ANTENNA_input33_A, 40.52, 100.64, 1.8
FILLER_32_70, 40.52, 100.64, 1.8
FILLER_33_70, 40.52, 100.64, 1.8
FILLER_33_82, 40.52, 100.64, 1.8
FILLER_34_79, 40.52, 100.64, 1.8
hold60, 40.52, 100.64, 1.8
hold9, 40.52, 100.64, 1.8
input33, 40.52, 100.64, 1.8
sb_0__0_.mem_top_track_18.sky130_fd_sc_hd__dfrtp_1_0_, 40.52, 100.64, 1.8
ANTENNA__089__A, 53.02, 100.64, 1.8
ANTENNA_sb_0__0_.mem_top_track_18.sky130_fd_sc_hd__dfrtp_1_0__RESET_B, 53.02, 100.64, 1.8
ANTENNA_sb_0__0_.mem_top_track_18.sky130_fd_sc_hd__dfrtp_1_1__RESET_B, 53.02, 100.64, 1.8
ANTENNA_sb_0__0_.mem_top_track_4.sky130_fd_sc_hd__dfrtp_1_0__RESET_B, 53.02, 100.64, 1.8
FILLER_32_97, 53.02, 100.64, 1.8
FILLER_34_104, 53.02, 100.64, 1.8
sb_0__0_.mem_top_track_14.sky130_fd_sc_hd__dfrtp_1_0_, 53.02, 100.64, 1.8
sb_0__0_.mux_top_track_18.mux_l2_in_0_, 53.02, 100.64, 1.8
ANTENNA_sb_0__0_.mem_top_track_10.sky130_fd_sc_hd__dfrtp_1_1__RESET_B, 78.02, 100.64, 1.8
FILLER_32_146, 78.02, 100.64, 1.8
FILLER_33_159, 78.02, 100.64, 1.8
FILLER_33_169, 78.02, 100.64, 1.8
FILLER_34_165, 78.02, 100.64, 1.8
_103_, 78.02, 100.64, 1.8
sb_0__0_.mux_top_track_12.mux_l1_in_0_, 78.02, 100.64, 1.8
sb_0__0_.mux_top_track_18.mux_l1_in_0_, 78.02, 100.64, 1.8
ANTENNA_20, 90.52, 100.64, 1.8
ANTENNA_sb_0__0_.mux_top_track_12.mux_l1_in_0__A1, 90.52, 100.64, 1.8
ANTENNA_sb_0__0_.mux_top_track_14.mux_l1_in_0__A1, 90.52, 100.64, 1.8
ANTENNA_sb_0__0_.mux_top_track_30.mux_l1_in_0__A1, 90.52, 100.64, 1.8
FILLER_33_192, 90.52, 100.64, 1.8
sb_0__0_.mem_right_track_2.sky130_fd_sc_hd__dfrtp_1_0_, 90.52, 100.64, 1.8
sb_0__0_.mem_top_track_2.sky130_fd_sc_hd__dfrtp_1_1_, 90.52, 100.64, 1.8
sb_0__0_.mux_top_track_30.mux_l1_in_0_, 90.52, 100.64, 1.8
ANTENNA_sb_0__0_.mem_right_track_0.sky130_fd_sc_hd__dfrtp_1_1__RESET_B, 103.02, 100.64, 1.8
ANTENNA_sb_0__0_.mux_top_track_0.mux_l1_in_1__A0, 103.02, 100.64, 1.8
ANTENNA_sb_0__0_.mux_top_track_0.mux_l1_in_1__S, 103.02, 100.64, 1.8
FILLER_33_225, 103.02, 100.64, 1.8
FILLER_34_219, 103.02, 100.64, 1.8
sb_0__0_.mux_right_track_12.mux_l1_in_0_, 103.02, 100.64, 1.8
sb_0__0_.mux_top_track_0.mux_l1_in_1_, 103.02, 100.64, 1.8
sb_0__0_.mux_right_track_6.mux_l2_in_0_, 122.39, 100.64, 1.8
ANTENNA_sb_0__0_.mem_right_track_8.sky130_fd_sc_hd__dfrtp_1_0__RESET_B, 5.52, 95.2, 1.8
ANTENNA_sb_0__0_.mux_right_track_12.mux_l1_in_0__A0, 5.52, 95.2, 1.8
ANTENNA_sb_0__0_.mux_right_track_6.mux_l1_in_0__A0, 5.52, 95.2, 1.8
PHY_60, 5.52, 95.2, 1.8
PHY_62, 5.52, 95.2, 1.8
output105, 5.52, 95.2, 1.8
output94, 5.52, 95.2, 1.8
ANTENNA_sb_0__0_.mux_right_track_28.mux_l1_in_0__A0, 129.26, 95.2, 1.8
PHY_61, 129.26, 95.2, 1.8
PHY_63, 129.26, 95.2, 1.8
ANTENNA_hold21_A, 28.02, 95.2, 1.8
ANTENNA_hold38_A, 28.02, 95.2, 1.8
ANTENNA_hold42_A, 28.02, 95.2, 1.8
ANTENNA_input5_A, 28.02, 95.2, 1.8
ANTENNA_sb_0__0_.mux_right_track_30.mux_l1_in_0__A0, 28.02, 95.2, 1.8
FILLER_32_55, 28.02, 95.2, 1.8
hold21, 28.02, 95.2, 1.8
hold30, 28.02, 95.2, 1.8
hold39, 28.02, 95.2, 1.8
sb_0__0_.mux_right_track_8.mux_l2_in_0__132, 28.02, 95.2, 1.8
sb_0__0_.mux_top_track_14.sky130_fd_sc_hd__buf_4_0_, 28.02, 95.2, 1.8
ANTENNA_hold39_A, 40.52, 95.2, 1.8
FILLER_30_70, 40.52, 95.2, 1.8
FILLER_31_70, 40.52, 95.2, 1.8
FILLER_31_82, 40.52, 95.2, 1.8
hold16, 40.52, 95.2, 1.8
hold26, 40.52, 95.2, 1.8
hold55, 40.52, 95.2, 1.8
sb_0__0_.mem_top_track_18.sky130_fd_sc_hd__dfrtp_1_1_, 40.52, 95.2, 1.8
ANTENNA_clkbuf_3_2__f_prog_clk_A, 53.02, 95.2, 1.8
ANTENNA_sb_0__0_.mem_top_track_28.sky130_fd_sc_hd__dfrtp_1_0__RESET_B, 53.02, 95.2, 1.8
ANTENNA_sb_0__0_.mux_top_track_0.mux_l1_in_0__A0, 53.02, 95.2, 1.8
FILLER_30_97, 53.02, 95.2, 1.8
FILLER_32_110, 53.02, 95.2, 1.8
clkbuf_3_2__f_prog_clk, 53.02, 95.2, 1.8
sb_0__0_.mem_top_track_12.sky130_fd_sc_hd__dfrtp_1_1_, 53.02, 95.2, 1.8
ANTENNA_sb_0__0_.mux_top_track_28.mux_l1_in_0__A1, 78.02, 95.2, 1.8
FILLER_30_152, 78.02, 95.2, 1.8
FILLER_31_146, 78.02, 95.2, 1.8
FILLER_31_159, 78.02, 95.2, 1.8
FILLER_32_159, 78.02, 95.2, 1.8
hold40, 78.02, 95.2, 1.8
sb_0__0_.mem_top_track_2.sky130_fd_sc_hd__dfrtp_1_0_, 78.02, 95.2, 1.8
sb_0__0_.mux_top_track_0.mux_l2_in_0_, 78.02, 95.2, 1.8
sb_0__0_.mux_top_track_50.mux_l2_in_0__148, 78.02, 95.2, 1.8
ANTENNA_sb_0__0_.mem_top_track_2.sky130_fd_sc_hd__dfrtp_1_0__RESET_B, 90.52, 95.2, 1.8
ANTENNA_sb_0__0_.mux_right_track_34.mux_l1_in_0__A1, 90.52, 95.2, 1.8
ANTENNA_sb_0__0_.mux_right_track_44.mux_l1_in_0__A1, 90.52, 95.2, 1.8
ANTENNA_sb_0__0_.mux_top_track_50.mux_l1_in_0__A1, 90.52, 95.2, 1.8
FILLER_31_193, 90.52, 95.2, 1.8
sb_0__0_.mem_right_track_0.sky130_fd_sc_hd__dfrtp_1_1_, 90.52, 95.2, 1.8
sb_0__0_.mux_right_track_0.mux_l2_in_0_, 90.52, 95.2, 1.8
sb_0__0_.mux_right_track_46.mux_l1_in_0_, 90.52, 95.2, 1.8
ANTENNA_17, 103.02, 95.2, 1.8
ANTENNA_sb_0__0_.mux_right_track_28.mux_l1_in_0__A1, 103.02, 95.2, 1.8
ANTENNA_sb_0__0_.mux_right_track_46.mux_l1_in_0__A0, 103.02, 95.2, 1.8
ANTENNA_sb_0__0_.mux_top_track_32.mux_l1_in_0__A1, 103.02, 95.2, 1.8
FILLER_31_206, 103.02, 95.2, 1.8
_113_, 103.02, 95.2, 1.8
sb_0__0_.mem_right_track_12.sky130_fd_sc_hd__dfrtp_1_0_, 103.02, 95.2, 1.8
sb_0__0_.mem_right_track_12.sky130_fd_sc_hd__dfrtp_1_1_, 103.02, 95.2, 1.8
sb_0__0_.mux_right_track_0.mux_l1_in_1_, 103.02, 95.2, 1.8
sb_0__0_.mux_right_track_4.mux_l1_in_0_, 122.39, 95.2, 1.8
ANTENNA__120__A, 5.52, 89.76, 1.8
ANTENNA_sb_0__0_.mem_right_track_4.sky130_fd_sc_hd__dfrtp_1_1__RESET_B, 5.52, 89.76, 1.8
PHY_56, 5.52, 89.76, 1.8
PHY_58, 5.52, 89.76, 1.8
input42, 5.52, 89.76, 1.8
input6, 5.52, 89.76, 1.8
ANTENNA_sb_0__0_.mux_right_track_34.mux_l1_in_0__A0, 129.26, 89.76, 1.8
FILLER_28_263, 129.26, 89.76, 1.8
PHY_57, 129.26, 89.76, 1.8
PHY_59, 129.26, 89.76, 1.8
ANTENNA_hold54_A, 28.02, 89.76, 1.8
ANTENNA_input15_A, 28.02, 89.76, 1.8
ANTENNA_input51_A, 28.02, 89.76, 1.8
FILLER_30_58, 28.02, 89.76, 1.8
_128_, 28.02, 89.76, 1.8
hold38, 28.02, 89.76, 1.8
hold42, 28.02, 89.76, 1.8
hold54, 28.02, 89.76, 1.8
input51, 28.02, 89.76, 1.8
FILLER_28_63, 40.52, 89.76, 1.8
FILLER_28_70, 40.52, 89.76, 1.8
FILLER_29_69, 40.52, 89.76, 1.8
FILLER_29_81, 40.52, 89.76, 1.8
FILLER_30_85, 40.52, 89.76, 1.8
hold32, 40.52, 89.76, 1.8
hold43, 40.52, 89.76, 1.8
input34, 40.52, 89.76, 1.8
sb_0__0_.mem_top_track_28.sky130_fd_sc_hd__dfrtp_1_0_, 40.52, 89.76, 1.8
sb_0__0_.mux_top_track_28.mux_l2_in_0_, 40.52, 89.76, 1.8
ANTENNA_sb_0__0_.mem_top_track_28.sky130_fd_sc_hd__dfrtp_1_1__RESET_B, 53.02, 89.76, 1.8
ANTENNA_sb_0__0_.mem_top_track_30.sky130_fd_sc_hd__dfrtp_1_0__RESET_B, 53.02, 89.76, 1.8
FILLER_28_90, 53.02, 89.76, 1.8
FILLER_29_105, 53.02, 89.76, 1.8
FILLER_29_113, 53.02, 89.76, 1.8
sb_0__0_.mem_top_track_30.sky130_fd_sc_hd__dfrtp_1_0_, 53.02, 89.76, 1.8
sb_0__0_.mux_top_track_32.mux_l2_in_0_, 53.02, 89.76, 1.8
ANTENNA_clkbuf_3_3__f_prog_clk_A, 78.02, 89.76, 1.8
ANTENNA_sb_0__0_.mem_top_track_32.sky130_fd_sc_hd__dfrtp_1_0__RESET_B, 78.02, 89.76, 1.8
FILLER_28_146, 78.02, 89.76, 1.8
FILLER_29_149, 78.02, 89.76, 1.8
sb_0__0_.mem_right_track_0.sky130_fd_sc_hd__dfrtp_1_0_, 78.02, 89.76, 1.8
sb_0__0_.mux_top_track_28.mux_l1_in_0_, 78.02, 89.76, 1.8
sb_0__0_.mux_top_track_32.mux_l1_in_0_, 78.02, 89.76, 1.8
FILLER_28_183, 90.52, 89.76, 1.8
FILLER_29_180, 90.52, 89.76, 1.8
FILLER_29_193, 90.52, 89.76, 1.8
FILLER_30_193, 90.52, 89.76, 1.8
sb_0__0_.mux_right_track_34.mux_l1_in_0_, 90.52, 89.76, 1.8
sb_0__0_.mux_right_track_44.mux_l1_in_0_, 90.52, 89.76, 1.8
sb_0__0_.mux_top_track_50.mux_l1_in_0_, 90.52, 89.76, 1.8
ANTENNA_sb_0__0_.mux_right_track_44.mux_l1_in_0__A0, 103.02, 89.76, 1.8
FILLER_28_208, 103.02, 89.76, 1.8
FILLER_29_206, 103.02, 89.76, 1.8
sb_0__0_.mux_right_track_28.mux_l1_in_0_, 103.02, 89.76, 1.8
sb_0__0_.mux_right_track_48.mux_l1_in_0_, 103.02, 89.76, 1.8
ANTENNA_sb_0__0_.mem_right_track_10.sky130_fd_sc_hd__dfrtp_1_1__RESET_B, 122.39, 89.76, 1.8
FILLER_29_247, 122.39, 89.76, 1.8
hold71, 122.39, 89.76, 1.8
sb_0__0_.mux_right_track_8.mux_l2_in_0_, 122.39, 89.76, 1.8
ANTENNA_hold3_A, 5.52, 84.32, 1.8
ANTENNA_input6_A, 5.52, 84.32, 1.8
PHY_52, 5.52, 84.32, 1.8
PHY_54, 5.52, 84.32, 1.8
_124_, 5.52, 84.32, 1.8
_127_, 5.52, 84.32, 1.8
ANTENNA_sb_0__0_.mux_right_track_50.mux_l1_in_0__A0, 129.26, 84.32, 1.8
FILLER_26_263, 129.26, 84.32, 1.8
PHY_53, 129.26, 84.32, 1.8
PHY_55, 129.26, 84.32, 1.8
ANTENNA_input4_A, 28.02, 84.32, 1.8
FILLER_26_40, 28.02, 84.32, 1.8
FILLER_27_47, 28.02, 84.32, 1.8
FILLER_28_56, 28.02, 84.32, 1.8
_109_, 28.02, 84.32, 1.8
_122_, 28.02, 84.32, 1.8
_123_, 28.02, 84.32, 1.8
input15, 28.02, 84.32, 1.8
input4, 28.02, 84.32, 1.8
input50, 28.02, 84.32, 1.8
sb_0__0_.mux_right_track_6.mux_l1_in_1__131, 28.02, 84.32, 1.8
ANTENNA_input34_A, 40.52, 84.32, 1.8
ANTENNA_input50_A, 40.52, 84.32, 1.8
FILLER_26_72, 40.52, 84.32, 1.8
FILLER_27_73, 40.52, 84.32, 1.8
FILLER_27_84, 40.52, 84.32, 1.8
hold67, 40.52, 84.32, 1.8
input14, 40.52, 84.32, 1.8
sb_0__0_.mem_top_track_28.sky130_fd_sc_hd__dfrtp_1_1_, 40.52, 84.32, 1.8
sb_0__0_.mux_top_track_44.mux_l2_in_0__145, 40.52, 84.32, 1.8
ANTENNA_sb_0__0_.mem_top_track_30.sky130_fd_sc_hd__dfrtp_1_1__RESET_B, 53.02, 84.32, 1.8
FILLER_26_101, 53.02, 84.32, 1.8
FILLER_28_114, 53.02, 84.32, 1.8
hold22, 53.02, 84.32, 1.8
sb_0__0_.mem_top_track_30.sky130_fd_sc_hd__dfrtp_1_1_, 53.02, 84.32, 1.8
FILLER_27_152, 78.02, 84.32, 1.8
FILLER_27_165, 78.02, 84.32, 1.8
FILLER_28_170, 78.02, 84.32, 1.8
sb_0__0_.mux_top_track_34.mux_l1_in_0_, 78.02, 84.32, 1.8
sb_0__0_.mux_top_track_46.mux_l1_in_0_, 78.02, 84.32, 1.8
ANTENNA_sb_0__0_.mem_right_track_0.sky130_fd_sc_hd__dfrtp_1_0__RESET_B, 90.52, 84.32, 1.8
ANTENNA_sb_0__0_.mux_top_track_46.mux_l1_in_0__A1, 90.52, 84.32, 1.8
FILLER_27_184, 90.52, 84.32, 1.8
_119_, 90.52, 84.32, 1.8
sb_0__0_.mem_right_track_32.sky130_fd_sc_hd__dfrtp_1_0_, 90.52, 84.32, 1.8
sb_0__0_.mem_right_track_32.sky130_fd_sc_hd__dfrtp_1_1_, 90.52, 84.32, 1.8
ANTENNA_sb_0__0_.mem_right_track_32.sky130_fd_sc_hd__dfrtp_1_1__RESET_B, 103.02, 84.32, 1.8
ANTENNA_sb_0__0_.mux_right_track_48.mux_l1_in_0__A1, 103.02, 84.32, 1.8
FILLER_27_207, 103.02, 84.32, 1.8
hold7, 103.02, 84.32, 1.8
sb_0__0_.mem_right_track_14.sky130_fd_sc_hd__dfrtp_1_0_, 103.02, 84.32, 1.8
sb_0__0_.mem_right_track_30.sky130_fd_sc_hd__dfrtp_1_1_, 103.02, 84.32, 1.8
FILLER_27_253, 122.39, 84.32, 1.8
_091_, 122.39, 84.32, 1.8
hold12, 122.39, 84.32, 1.8
ANTENNA_input16_A, 5.52, 78.88, 1.8
PHY_48, 5.52, 78.88, 1.8
PHY_50, 5.52, 78.88, 1.8
input16, 5.52, 78.88, 1.8
input38, 5.52, 78.88, 1.8
FILLER_24_263, 129.26, 78.88, 1.8
FILLER_25_263, 129.26, 78.88, 1.8
PHY_49, 129.26, 78.88, 1.8
PHY_51, 129.26, 78.88, 1.8
ANTENNA_input40_A, 28.02, 78.88, 1.8
ANTENNA_input44_A, 28.02, 78.88, 1.8
FILLER_24_47, 28.02, 78.88, 1.8
FILLER_25_47, 28.02, 78.88, 1.8
FILLER_25_61, 28.02, 78.88, 1.8
FILLER_26_54, 28.02, 78.88, 1.8
_108_, 28.02, 78.88, 1.8
input39, 28.02, 78.88, 1.8
input40, 28.02, 78.88, 1.8
input44, 28.02, 78.88, 1.8
ANTENNA_input12_A, 40.52, 78.88, 1.8
ANTENNA_input14_A, 40.52, 78.88, 1.8
ANTENNA_input46_A, 40.52, 78.88, 1.8
ANTENNA_input48_A, 40.52, 78.88, 1.8
ANTENNA_sb_0__0_.mem_right_track_4.sky130_fd_sc_hd__dfrtp_1_0__RESET_B, 40.52, 78.88, 1.8
ANTENNA_sb_0__0_.mux_right_track_18.mux_l1_in_0__A0, 40.52, 78.88, 1.8
ANTENNA_sb_0__0_.mux_right_track_8.mux_l2_in_0__A0, 40.52, 78.88, 1.8
FILLER_24_68, 40.52, 78.88, 1.8
FILLER_24_75, 40.52, 78.88, 1.8
FILLER_25_85, 40.52, 78.88, 1.8
_115_, 40.52, 78.88, 1.8
hold64, 40.52, 78.88, 1.8
input12, 40.52, 78.88, 1.8
input46, 40.52, 78.88, 1.8
sb_0__0_.mux_top_track_50.sky130_fd_sc_hd__buf_4_0_, 40.52, 78.88, 1.8
FILLER_24_90, 53.02, 78.88, 1.8
FILLER_24_97, 53.02, 78.88, 1.8
FILLER_25_97, 53.02, 78.88, 1.8
FILLER_26_114, 53.02, 78.88, 1.8
input48, 53.02, 78.88, 1.8
sb_0__0_.mem_top_track_34.sky130_fd_sc_hd__dfrtp_1_0_, 53.02, 78.88, 1.8
sb_0__0_.mem_top_track_34.sky130_fd_sc_hd__dfrtp_1_1_, 53.02, 78.88, 1.8
sb_0__0_.mux_top_track_34.mux_l2_in_0_, 53.02, 78.88, 1.8
sb_0__0_.mux_top_track_44.mux_l2_in_0_, 53.02, 78.88, 1.8
ANTENNA_sb_0__0_.mem_top_track_0.sky130_fd_sc_hd__dfrtp_1_1__RESET_B, 78.02, 78.88, 1.8
ANTENNA_sb_0__0_.mux_right_track_10.mux_l2_in_0__S, 78.02, 78.88, 1.8
ANTENNA_sb_0__0_.mux_top_track_44.mux_l1_in_0__A1, 78.02, 78.88, 1.8
FILLER_25_165, 78.02, 78.88, 1.8
FILLER_25_171, 78.02, 78.88, 1.8
FILLER_26_163, 78.02, 78.88, 1.8
FILLER_26_170, 78.02, 78.88, 1.8
input3, 78.02, 78.88, 1.8
sb_0__0_.mux_top_track_44.mux_l1_in_0_, 78.02, 78.88, 1.8
FILLER_25_194, 90.52, 78.88, 1.8
clkbuf_0_prog_clk, 90.52, 78.88, 1.8
sb_0__0_.mem_right_track_34.sky130_fd_sc_hd__dfrtp_1_0_, 90.52, 78.88, 1.8
sb_0__0_.mux_top_track_48.mux_l1_in_0_, 90.52, 78.88, 1.8
ANTENNA_sb_0__0_.mux_top_track_48.mux_l1_in_0__A1, 103.02, 78.88, 1.8
FILLER_24_209, 103.02, 78.88, 1.8
FILLER_25_207, 103.02, 78.88, 1.8
FILLER_26_219, 103.02, 78.88, 1.8
sb_0__0_.mux_right_track_32.mux_l2_in_0_, 103.02, 78.88, 1.8
sb_0__0_.mux_right_track_4.sky130_fd_sc_hd__buf_4_0_, 103.02, 78.88, 1.8
sb_0__0_.mux_right_track_50.mux_l1_in_0_, 103.02, 78.88, 1.8
ANTENNA__083__A, 122.39, 78.88, 1.8
ANTENNA_sb_0__0_.mem_right_track_14.sky130_fd_sc_hd__dfrtp_1_1__RESET_B, 122.39, 78.88, 1.8
FILLER_25_251, 122.39, 78.88, 1.8
hold13, 122.39, 78.88, 1.8
hold8, 122.39, 78.88, 1.8
ANTENNA_3, 5.52, 73.44, 1.8
FILLER_23_3, 5.52, 73.44, 1.8
FILLER_24_3, 5.52, 73.44, 1.8
PHY_44, 5.52, 73.44, 1.8
PHY_46, 5.52, 73.44, 1.8
sb_0__0_.mux_top_track_14.mux_l2_in_0__136, 5.52, 73.44, 1.8
sb_0__0_.mux_top_track_18.sky130_fd_sc_hd__buf_4_0_, 5.52, 73.44, 1.8
FILLER_22_263, 129.26, 73.44, 1.8
PHY_45, 129.26, 73.44, 1.8
PHY_47, 129.26, 73.44, 1.8
ANTENNA_input39_A, 28.02, 73.44, 1.8
FILLER_22_42, 28.02, 73.44, 1.8
FILLER_23_42, 28.02, 73.44, 1.8
FILLER_24_54, 28.02, 73.44, 1.8
FILLER_24_61, 28.02, 73.44, 1.8
_126_, 28.02, 73.44, 1.8
input41, 28.02, 73.44, 1.8
sb_0__0_.mux_top_track_16.sky130_fd_sc_hd__buf_4_0_, 28.02, 73.44, 1.8
sb_0__0_.mux_top_track_30.sky130_fd_sc_hd__buf_4_0_, 28.02, 73.44, 1.8
sb_0__0_.mux_top_track_34.sky130_fd_sc_hd__buf_4_0_, 28.02, 73.44, 1.8
sb_0__0_.mux_top_track_44.sky130_fd_sc_hd__buf_4_0_, 28.02, 73.44, 1.8
ANTENNA_19, 40.52, 73.44, 1.8
ANTENNA_7, 40.52, 73.44, 1.8
ANTENNA_input56_A, 40.52, 73.44, 1.8
ANTENNA_input57_A, 40.52, 73.44, 1.8
FILLER_22_63, 40.52, 73.44, 1.8
FILLER_22_76, 40.52, 73.44, 1.8
FILLER_23_69, 40.52, 73.44, 1.8
FILLER_23_84, 40.52, 73.44, 1.8
input29, 40.52, 73.44, 1.8
input57, 40.52, 73.44, 1.8
sb_0__0_.mux_right_track_0.sky130_fd_sc_hd__buf_4_0_, 40.52, 73.44, 1.8
sb_0__0_.mux_right_track_14.mux_l2_in_0__154, 40.52, 73.44, 1.8
sb_0__0_.mux_right_track_28.mux_l2_in_0__158, 40.52, 73.44, 1.8
sb_0__0_.mux_top_track_18.mux_l2_in_0__138, 40.52, 73.44, 1.8
FILLER_22_100, 53.02, 73.44, 1.8
FILLER_22_92, 53.02, 73.44, 1.8
FILLER_23_91, 53.02, 73.44, 1.8
FILLER_23_98, 53.02, 73.44, 1.8
hold29, 53.02, 73.44, 1.8
input11, 53.02, 73.44, 1.8
input8, 53.02, 73.44, 1.8
sb_0__0_.mem_top_track_44.sky130_fd_sc_hd__dfrtp_1_1_, 53.02, 73.44, 1.8
ANTENNA__081__A, 78.02, 73.44, 1.8
ANTENNA_input3_A, 78.02, 73.44, 1.8
ANTENNA_sb_0__0_.mem_top_track_50.sky130_fd_sc_hd__dfrtp_1_0__RESET_B, 78.02, 73.44, 1.8
ANTENNA_sb_0__0_.mem_top_track_50.sky130_fd_sc_hd__dfrtp_1_1__RESET_B, 78.02, 73.44, 1.8
hold45, 78.02, 73.44, 1.8
sb_0__0_.mem_right_track_34.sky130_fd_sc_hd__dfrtp_1_1_, 78.02, 73.44, 1.8
ANTENNA_clkbuf_0_prog_clk_A, 90.52, 73.44, 1.8
ANTENNA_sb_0__0_.mem_right_track_34.sky130_fd_sc_hd__dfrtp_1_0__RESET_B, 90.52, 73.44, 1.8
FILLER_23_191, 90.52, 73.44, 1.8
FILLER_24_197, 90.52, 73.44, 1.8
sb_0__0_.mem_right_track_30.sky130_fd_sc_hd__dfrtp_1_0_, 90.52, 73.44, 1.8
ANTENNA_clkbuf_3_5__f_prog_clk_A, 103.02, 73.44, 1.8
ANTENNA_input31_A, 103.02, 73.44, 1.8
ANTENNA_sb_0__0_.mem_right_track_34.sky130_fd_sc_hd__dfrtp_1_1__RESET_B, 103.02, 73.44, 1.8
FILLER_24_222, 103.02, 73.44, 1.8
sb_0__0_.mux_right_track_30.mux_l2_in_0_, 103.02, 73.44, 1.8
sb_0__0_.mux_right_track_34.mux_l2_in_0_, 103.02, 73.44, 1.8
FILLER_23_256, 122.39, 73.44, 1.8
_081_, 122.39, 73.44, 1.8
hold34, 122.39, 73.44, 1.8
ANTENNA_input60_A, 5.52, 68, 1.8
FILLER_21_3, 5.52, 68, 1.8
FILLER_22_3, 5.52, 68, 1.8
PHY_40, 5.52, 68, 1.8
PHY_42, 5.52, 68, 1.8
PHY_41, 129.26, 68, 1.8
PHY_43, 129.26, 68, 1.8
ANTENNA_input32_A, 28.02, 68, 1.8
ANTENNA_input41_A, 28.02, 68, 1.8
FILLER_21_40, 28.02, 68, 1.8
FILLER_21_53, 28.02, 68, 1.8
FILLER_21_62, 28.02, 68, 1.8
FILLER_22_49, 28.02, 68, 1.8
input32, 28.02, 68, 1.8
input56, 28.02, 68, 1.8
sb_0__0_.mux_top_track_0.mux_l1_in_1__133, 28.02, 68, 1.8
sb_0__0_.mux_top_track_34.mux_l2_in_0__143, 28.02, 68, 1.8
sb_0__0_.mux_top_track_4.sky130_fd_sc_hd__buf_4_0_, 28.02, 68, 1.8
ANTENNA_input11_A, 40.52, 68, 1.8
ANTENNA_input29_A, 40.52, 68, 1.8
ANTENNA_input30_A, 40.52, 68, 1.8
ANTENNA_input8_A, 40.52, 68, 1.8
ANTENNA_sb_0__0_.mux_right_track_8.mux_l1_in_0__A1, 40.52, 68, 1.8
ANTENNA_sb_0__0_.mux_top_track_4.sky130_fd_sc_hd__buf_4_0__A, 40.52, 68, 1.8
ANTENNA_sb_0__0_.mux_top_track_6.sky130_fd_sc_hd__buf_4_0__A, 40.52, 68, 1.8
FILLER_21_74, 40.52, 68, 1.8
sb_0__0_.mux_top_track_10.sky130_fd_sc_hd__buf_4_0_, 40.52, 68, 1.8
sb_0__0_.mux_top_track_16.mux_l2_in_0__137, 40.52, 68, 1.8
sb_0__0_.mux_top_track_6.sky130_fd_sc_hd__buf_4_0_, 40.52, 68, 1.8
ANTENNA_sb_0__0_.mem_top_track_44.sky130_fd_sc_hd__dfrtp_1_0__RESET_B, 53.02, 68, 1.8
FILLER_21_103, 53.02, 68, 1.8
FILLER_21_96, 53.02, 68, 1.8
clkbuf_3_0__f_prog_clk, 53.02, 68, 1.8
input30, 53.02, 68, 1.8
input7, 53.02, 68, 1.8
sb_0__0_.mem_top_track_44.sky130_fd_sc_hd__dfrtp_1_0_, 53.02, 68, 1.8
sb_0__0_.mux_right_track_4.mux_l2_in_0__126, 53.02, 68, 1.8
ANTENNA_sb_0__0_.mem_top_track_48.sky130_fd_sc_hd__dfrtp_1_1__RESET_B, 78.02, 68, 1.8
FILLER_21_157, 78.02, 68, 1.8
FILLER_22_163, 78.02, 68, 1.8
_088_, 78.02, 68, 1.8
sb_0__0_.mem_right_track_44.sky130_fd_sc_hd__dfrtp_1_0_, 78.02, 68, 1.8
FILLER_21_182, 90.52, 68, 1.8
FILLER_22_187, 90.52, 68, 1.8
clkbuf_3_4__f_prog_clk, 90.52, 68, 1.8
input31, 90.52, 68, 1.8
sb_0__0_.mux_right_track_44.mux_l2_in_0_, 90.52, 68, 1.8
ANTENNA_9, 103.02, 68, 1.8
ANTENNA_clkbuf_3_4__f_prog_clk_A, 103.02, 68, 1.8
FILLER_20_199, 103.02, 68, 1.8
clkbuf_3_5__f_prog_clk, 103.02, 68, 1.8
sb_0__0_.mem_right_track_28.sky130_fd_sc_hd__dfrtp_1_1_, 103.02, 68, 1.8
sb_0__0_.mux_right_track_28.mux_l2_in_0_, 103.02, 68, 1.8
ANTENNA_13, 122.39, 68, 1.8
ANTENNA_sb_0__0_.mem_right_track_16.sky130_fd_sc_hd__dfrtp_1_0__RESET_B, 122.39, 68, 1.8
ANTENNA_sb_0__0_.mem_right_track_28.sky130_fd_sc_hd__dfrtp_1_1__RESET_B, 122.39, 68, 1.8
_074_, 122.39, 68, 1.8
hold17, 122.39, 68, 1.8
ANTENNA_input17_A, 5.52, 62.56, 1.8
ANTENNA_input58_A, 5.52, 62.56, 1.8
PHY_36, 5.52, 62.56, 1.8
PHY_38, 5.52, 62.56, 1.8
input17, 5.52, 62.56, 1.8
input58, 5.52, 62.56, 1.8
ANTENNA_sb_0__0_.mem_right_track_18.sky130_fd_sc_hd__dfrtp_1_1__RESET_B, 129.26, 62.56, 1.8
FILLER_18_263, 129.26, 62.56, 1.8
PHY_37, 129.26, 62.56, 1.8
PHY_39, 129.26, 62.56, 1.8
FILLER_19_50, 28.02, 62.56, 1.8
FILLER_20_53, 28.02, 62.56, 1.8
sb_0__0_.mux_top_track_8.mux_l2_in_0__150, 28.02, 62.56, 1.8
FILLER_20_78, 40.52, 62.56, 1.8
FILLER_20_85, 40.52, 62.56, 1.8
ANTENNA_input7_A, 53.02, 62.56, 1.8
ANTENNA_sb_0__0_.mux_right_track_6.mux_l1_in_1__A1, 53.02, 62.56, 1.8
FILLER_19_93, 53.02, 62.56, 1.8
FILLER_20_112, 53.02, 62.56, 1.8
input61, 53.02, 62.56, 1.8
sb_0__0_.mem_top_track_46.sky130_fd_sc_hd__dfrtp_1_0_, 53.02, 62.56, 1.8
ANTENNA_clkbuf_3_1__f_prog_clk_A, 78.02, 62.56, 1.8
ANTENNA_sb_0__0_.mem_top_track_48.sky130_fd_sc_hd__dfrtp_1_0__RESET_B, 78.02, 62.56, 1.8
ANTENNA_sb_0__0_.mux_right_track_4.mux_l1_in_0__S, 78.02, 62.56, 1.8
ANTENNA_sb_0__0_.mux_right_track_6.mux_l1_in_1__A0, 78.02, 62.56, 1.8
FILLER_20_163, 78.02, 62.56, 1.8
hold59, 78.02, 62.56, 1.8
sb_0__0_.mem_right_track_44.sky130_fd_sc_hd__dfrtp_1_1_, 78.02, 62.56, 1.8
sb_0__0_.mem_right_track_46.sky130_fd_sc_hd__dfrtp_1_1_, 78.02, 62.56, 1.8
ANTENNA_sb_0__0_.mem_right_track_44.sky130_fd_sc_hd__dfrtp_1_0__RESET_B, 90.52, 62.56, 1.8
FILLER_18_179, 90.52, 62.56, 1.8
FILLER_19_191, 90.52, 62.56, 1.8
FILLER_20_187, 90.52, 62.56, 1.8
hold36, 90.52, 62.56, 1.8
sb_0__0_.mux_right_track_46.mux_l2_in_0_, 90.52, 62.56, 1.8
sb_0__0_.mux_top_track_4.mux_l2_in_0__144, 90.52, 62.56, 1.8
ANTENNA__082__A, 103.02, 62.56, 1.8
ANTENNA_sb_0__0_.mem_right_track_46.sky130_fd_sc_hd__dfrtp_1_1__RESET_B, 103.02, 62.56, 1.8
FILLER_19_204, 103.02, 62.56, 1.8
FILLER_20_222, 103.02, 62.56, 1.8
sb_0__0_.mem_right_track_48.sky130_fd_sc_hd__dfrtp_1_1_, 103.02, 62.56, 1.8
sb_0__0_.mux_right_track_48.mux_l2_in_0_, 103.02, 62.56, 1.8
ANTENNA_sb_0__0_.mem_right_track_16.sky130_fd_sc_hd__dfrtp_1_1__RESET_B, 122.39, 62.56, 1.8
FILLER_19_247, 122.39, 62.56, 1.8
hold51, 122.39, 62.56, 1.8
sb_0__0_.mux_right_track_18.mux_l2_in_0_, 122.39, 62.56, 1.8
FILLER_18_3, 5.52, 57.12, 1.8
PHY_32, 5.52, 57.12, 1.8
PHY_34, 5.52, 57.12, 1.8
sb_0__0_.mux_right_track_12.mux_l2_in_0__153, 5.52, 57.12, 1.8
FILLER_16_263, 129.26, 57.12, 1.8
PHY_33, 129.26, 57.12, 1.8
PHY_35, 129.26, 57.12, 1.8
FILLER_17_51, 28.02, 57.12, 1.8
FILLER_18_77, 40.52, 57.12, 1.8
ANTENNA_clkbuf_3_0__f_prog_clk_A, 53.02, 57.12, 1.8
ANTENNA_hold70_A, 53.02, 57.12, 1.8
ANTENNA_input61_A, 53.02, 57.12, 1.8
FILLER_17_105, 53.02, 57.12, 1.8
FILLER_17_113, 53.02, 57.12, 1.8
FILLER_18_109, 53.02, 57.12, 1.8
ANTENNA_input27_A, 78.02, 57.12, 1.8
ANTENNA_sb_0__0_.mem_right_track_46.sky130_fd_sc_hd__dfrtp_1_0__RESET_B, 78.02, 57.12, 1.8
ANTENNA_sb_0__0_.mem_right_track_8.sky130_fd_sc_hd__dfrtp_1_1__RESET_B, 78.02, 57.12, 1.8
ANTENNA_sb_0__0_.mem_top_track_46.sky130_fd_sc_hd__dfrtp_1_1__RESET_B, 78.02, 57.12, 1.8
ANTENNA_sb_0__0_.mux_right_track_16.mux_l1_in_0__A0, 78.02, 57.12, 1.8
ANTENNA_sb_0__0_.mux_right_track_8.mux_l2_in_0__S, 78.02, 57.12, 1.8
FILLER_17_147, 78.02, 57.12, 1.8
FILLER_17_161, 78.02, 57.12, 1.8
_096_, 78.02, 57.12, 1.8
input27, 78.02, 57.12, 1.8
sb_0__0_.mem_right_track_46.sky130_fd_sc_hd__dfrtp_1_0_, 78.02, 57.12, 1.8
ANTENNA_sb_0__0_.mem_right_track_18.sky130_fd_sc_hd__dfrtp_1_0__RESET_B, 90.52, 57.12, 1.8
ANTENNA_sb_0__0_.mem_right_track_44.sky130_fd_sc_hd__dfrtp_1_1__RESET_B, 90.52, 57.12, 1.8
FILLER_17_194, 90.52, 57.12, 1.8
hold56, 90.52, 57.12, 1.8
sb_0__0_.mem_right_track_48.sky130_fd_sc_hd__dfrtp_1_0_, 90.52, 57.12, 1.8
ANTENNA_sb_0__0_.mem_right_track_28.sky130_fd_sc_hd__dfrtp_1_0__RESET_B, 103.02, 57.12, 1.8
FILLER_16_207, 103.02, 57.12, 1.8
FILLER_17_219, 103.02, 57.12, 1.8
FILLER_17_225, 103.02, 57.12, 1.8
FILLER_18_219, 103.02, 57.12, 1.8
hold2, 103.02, 57.12, 1.8
hold57, 103.02, 57.12, 1.8
sb_0__0_.mem_right_track_50.sky130_fd_sc_hd__dfrtp_1_0_, 103.02, 57.12, 1.8
sb_0__0_.mux_right_track_34.mux_l2_in_0__125, 103.02, 57.12, 1.8
hold10, 122.39, 57.12, 1.8
output85, 122.39, 57.12, 1.8
PHY_28, 5.52, 51.68, 1.8
PHY_30, 5.52, 51.68, 1.8
PHY_29, 129.26, 51.68, 1.8
PHY_31, 129.26, 51.68, 1.8
FILLER_15_51, 28.02, 51.68, 1.8
FILLER_16_77, 40.52, 51.68, 1.8
FILLER_15_105, 53.02, 51.68, 1.8
ANTENNA_input25_A, 78.02, 51.68, 1.8
ANTENNA_sb_0__0_.mem_right_track_8.sky130_fd_sc_hd__dfrtp_1_0__D, 78.02, 51.68, 1.8
ANTENNA_sb_0__0_.mux_top_track_2.mux_l1_in_0__A1, 78.02, 51.68, 1.8
FILLER_14_148, 78.02, 51.68, 1.8
FILLER_14_155, 78.02, 51.68, 1.8
FILLER_15_145, 78.02, 51.68, 1.8
FILLER_15_159, 78.02, 51.68, 1.8
_100_, 78.02, 51.68, 1.8
hold4, 78.02, 51.68, 1.8
input23, 78.02, 51.68, 1.8
input25, 78.02, 51.68, 1.8
sb_0__0_.mux_right_track_2.sky130_fd_sc_hd__buf_4_0_, 78.02, 51.68, 1.8
ANTENNA__072__A, 90.52, 51.68, 1.8
ANTENNA_input13_A, 90.52, 51.68, 1.8
ANTENNA_input21_A, 90.52, 51.68, 1.8
ANTENNA_sb_0__0_.mem_right_track_48.sky130_fd_sc_hd__dfrtp_1_0__RESET_B, 90.52, 51.68, 1.8
FILLER_14_180, 90.52, 51.68, 1.8
FILLER_15_184, 90.52, 51.68, 1.8
_072_, 90.52, 51.68, 1.8
hold11, 90.52, 51.68, 1.8
hold63, 90.52, 51.68, 1.8
input21, 90.52, 51.68, 1.8
sb_0__0_.mux_right_track_44.mux_l2_in_0__127, 90.52, 51.68, 1.8
FILLER_14_204, 103.02, 51.68, 1.8
FILLER_15_210, 103.02, 51.68, 1.8
FILLER_15_225, 103.02, 51.68, 1.8
FILLER_16_219, 103.02, 51.68, 1.8
_073_, 103.02, 51.68, 1.8
hold5, 103.02, 51.68, 1.8
hold53, 103.02, 51.68, 1.8
hold61, 103.02, 51.68, 1.8
sb_0__0_.mux_right_track_0.mux_l1_in_1__151, 103.02, 51.68, 1.8
hold62, 122.39, 51.68, 1.8
output84, 122.39, 51.68, 1.8
PHY_24, 5.52, 46.24, 1.8
PHY_26, 5.52, 46.24, 1.8
FILLER_12_263, 129.26, 46.24, 1.8
PHY_25, 129.26, 46.24, 1.8
PHY_27, 129.26, 46.24, 1.8
FILLER_13_51, 28.02, 46.24, 1.8
FILLER_14_77, 40.52, 46.24, 1.8
FILLER_13_105, 53.02, 46.24, 1.8
sb_0__0_.mem_top_track_0.sky130_fd_sc_hd__dfrtp_1_0_, 53.02, 46.24, 1.8
ANTENNA_input22_A, 78.02, 46.24, 1.8
ANTENNA_input23_A, 78.02, 46.24, 1.8
ANTENNA_sb_0__0_.mem_right_track_6.sky130_fd_sc_hd__dfrtp_1_0__D, 78.02, 46.24, 1.8
ANTENNA_sb_0__0_.mux_right_track_2.sky130_fd_sc_hd__buf_4_0__A, 78.02, 46.24, 1.8
FILLER_12_153, 78.02, 46.24, 1.8
FILLER_13_145, 78.02, 46.24, 1.8
FILLER_13_150, 78.02, 46.24, 1.8
FILLER_14_162, 78.02, 46.24, 1.8
FILLER_14_169, 78.02, 46.24, 1.8
input13, 78.02, 46.24, 1.8
input22, 78.02, 46.24, 1.8
sb_0__0_.mux_right_track_10.sky130_fd_sc_hd__buf_4_0_, 78.02, 46.24, 1.8
sb_0__0_.mux_right_track_44.sky130_fd_sc_hd__buf_4_0_, 78.02, 46.24, 1.8
ANTENNA_input26_A, 90.52, 46.24, 1.8
FILLER_12_173, 90.52, 46.24, 1.8
FILLER_12_180, 90.52, 46.24, 1.8
FILLER_13_174, 90.52, 46.24, 1.8
FILLER_13_181, 90.52, 46.24, 1.8
FILLER_13_188, 90.52, 46.24, 1.8
FILLER_13_195, 90.52, 46.24, 1.8
FILLER_14_186, 90.52, 46.24, 1.8
input20, 90.52, 46.24, 1.8
input26, 90.52, 46.24, 1.8
input28, 90.52, 46.24, 1.8
input49, 90.52, 46.24, 1.8
sb_0__0_.mux_right_track_30.sky130_fd_sc_hd__buf_4_0_, 90.52, 46.24, 1.8
sb_0__0_.mux_right_track_46.mux_l2_in_0__128, 90.52, 46.24, 1.8
ANTENNA_input49_A, 103.02, 46.24, 1.8
ANTENNA_sb_0__0_.mem_right_track_50.sky130_fd_sc_hd__dfrtp_1_0__RESET_B, 103.02, 46.24, 1.8
FILLER_12_202, 103.02, 46.24, 1.8
FILLER_12_209, 103.02, 46.24, 1.8
FILLER_13_214, 103.02, 46.24, 1.8
FILLER_13_221, 103.02, 46.24, 1.8
FILLER_13_225, 103.02, 46.24, 1.8
FILLER_14_216, 103.02, 46.24, 1.8
_090_, 103.02, 46.24, 1.8
_094_, 103.02, 46.24, 1.8
input37, 103.02, 46.24, 1.8
input47, 103.02, 46.24, 1.8
sb_0__0_.mem_right_track_50.sky130_fd_sc_hd__dfrtp_1_1_, 103.02, 46.24, 1.8
sb_0__0_.mux_right_track_16.sky130_fd_sc_hd__buf_4_0_, 103.02, 46.24, 1.8
output81, 122.39, 46.24, 1.8
sb_0__0_.mux_right_track_50.mux_l2_in_0_, 122.39, 46.24, 1.8
PHY_20, 5.52, 40.8, 1.8
PHY_22, 5.52, 40.8, 1.8
FILLER_10_263, 129.26, 40.8, 1.8
PHY_21, 129.26, 40.8, 1.8
PHY_23, 129.26, 40.8, 1.8
FILLER_11_51, 28.02, 40.8, 1.8
FILLER_12_77, 40.52, 40.8, 1.8
FILLER_11_105, 53.02, 40.8, 1.8
FILLER_11_161, 78.02, 40.8, 1.8
FILLER_11_169, 78.02, 40.8, 1.8
_101_, 78.02, 40.8, 1.8
FILLER_11_178, 90.52, 40.8, 1.8
FILLER_11_192, 90.52, 40.8, 1.8
FILLER_12_187, 90.52, 40.8, 1.8
_095_, 90.52, 40.8, 1.8
_098_, 90.52, 40.8, 1.8
_099_, 90.52, 40.8, 1.8
input53, 90.52, 40.8, 1.8
sb_0__0_.mux_right_track_32.sky130_fd_sc_hd__buf_4_0_, 90.52, 40.8, 1.8
ANTENNA__073__A, 103.02, 40.8, 1.8
ANTENNA_input28_A, 103.02, 40.8, 1.8
FILLER_10_202, 103.02, 40.8, 1.8
FILLER_11_199, 103.02, 40.8, 1.8
FILLER_11_206, 103.02, 40.8, 1.8
FILLER_11_225, 103.02, 40.8, 1.8
FILLER_12_217, 103.02, 40.8, 1.8
hold58, 103.02, 40.8, 1.8
input18, 103.02, 40.8, 1.8
input19, 103.02, 40.8, 1.8
sb_0__0_.mux_right_track_18.sky130_fd_sc_hd__buf_4_0_, 103.02, 40.8, 1.8
sb_0__0_.mux_right_track_30.mux_l2_in_0__159, 103.02, 40.8, 1.8
sb_0__0_.mux_right_track_32.mux_l2_in_0__124, 103.02, 40.8, 1.8
sb_0__0_.mux_right_track_50.mux_l2_in_0__130, 103.02, 40.8, 1.8
hold25, 122.39, 40.8, 1.8
output79, 122.39, 40.8, 1.8
PHY_16, 5.52, 35.36, 1.8
PHY_18, 5.52, 35.36, 1.8
PHY_17, 129.26, 35.36, 1.8
PHY_19, 129.26, 35.36, 1.8
FILLER_9_51, 28.02, 35.36, 1.8
FILLER_10_77, 40.52, 35.36, 1.8
FILLER_9_105, 53.02, 35.36, 1.8
FILLER_9_161, 78.02, 35.36, 1.8
FILLER_9_169, 78.02, 35.36, 1.8
ANTENNA_sb_0__0_.mux_right_track_6.sky130_fd_sc_hd__buf_4_0__A, 90.52, 35.36, 1.8
FILLER_10_187, 90.52, 35.36, 1.8
FILLER_9_184, 90.52, 35.36, 1.8
FILLER_9_192, 90.52, 35.36, 1.8
_086_, 90.52, 35.36, 1.8
_093_, 90.52, 35.36, 1.8
sb_0__0_.mux_right_track_16.mux_l2_in_0__155, 90.52, 35.36, 1.8
sb_0__0_.mux_right_track_6.sky130_fd_sc_hd__buf_4_0_, 90.52, 35.36, 1.8
ANTENNA_input20_A, 103.02, 35.36, 1.8
ANTENNA_input53_A, 103.02, 35.36, 1.8
ANTENNA_sb_0__0_.mem_right_track_50.sky130_fd_sc_hd__dfrtp_1_1__RESET_B, 103.02, 35.36, 1.8
FILLER_10_222, 103.02, 35.36, 1.8
FILLER_8_202, 103.02, 35.36, 1.8
FILLER_8_209, 103.02, 35.36, 1.8
FILLER_9_215, 103.02, 35.36, 1.8
FILLER_9_225, 103.02, 35.36, 1.8
_087_, 103.02, 35.36, 1.8
input2, 103.02, 35.36, 1.8
sb_0__0_.mux_right_track_28.sky130_fd_sc_hd__buf_4_0_, 103.02, 35.36, 1.8
sb_0__0_.mux_right_track_34.sky130_fd_sc_hd__buf_4_0_, 103.02, 35.36, 1.8
sb_0__0_.mux_right_track_48.mux_l2_in_0__129, 103.02, 35.36, 1.8
ANTENNA_sb_0__0_.mux_right_track_4.mux_l1_in_0__A1, 122.39, 35.36, 1.8
hold37, 122.39, 35.36, 1.8
output76, 122.39, 35.36, 1.8
PHY_12, 5.52, 29.92, 1.8
PHY_14, 5.52, 29.92, 1.8
ANTENNA_sb_0__0_.mux_right_track_4.mux_l1_in_0__A0, 129.26, 29.92, 1.8
ANTENNA_sb_0__0_.mux_right_track_6.mux_l2_in_0__S, 129.26, 29.92, 1.8
PHY_13, 129.26, 29.92, 1.8
PHY_15, 129.26, 29.92, 1.8
FILLER_7_51, 28.02, 29.92, 1.8
FILLER_8_77, 40.52, 29.92, 1.8
FILLER_7_105, 53.02, 29.92, 1.8
FILLER_7_161, 78.02, 29.92, 1.8
FILLER_7_193, 90.52, 29.92, 1.8
FILLER_8_189, 90.52, 29.92, 1.8
ANTENNA__090__A, 103.02, 29.92, 1.8
ANTENNA_input18_A, 103.02, 29.92, 1.8
ANTENNA_input19_A, 103.02, 29.92, 1.8
ANTENNA_input2_A, 103.02, 29.92, 1.8
ANTENNA_input37_A, 103.02, 29.92, 1.8
ANTENNA_input47_A, 103.02, 29.92, 1.8
FILLER_7_225, 103.02, 29.92, 1.8
_092_, 103.02, 29.92, 1.8
_097_, 103.02, 29.92, 1.8
sb_0__0_.mux_right_track_48.sky130_fd_sc_hd__buf_4_0_, 103.02, 29.92, 1.8
sb_0__0_.mux_right_track_8.sky130_fd_sc_hd__buf_4_0_, 103.02, 29.92, 1.8
ANTENNA_14, 122.39, 29.92, 1.8
ANTENNA__074__A, 122.39, 29.92, 1.8
FILLER_6_253, 122.39, 29.92, 1.8
_075_, 122.39, 29.92, 1.8
output72, 122.39, 29.92, 1.8
PHY_10, 5.52, 24.48, 1.8
PHY_8, 5.52, 24.48, 1.8
ANTENNA_sb_0__0_.mux_right_track_10.mux_l1_in_0__A0, 129.26, 24.48, 1.8
PHY_11, 129.26, 24.48, 1.8
PHY_9, 129.26, 24.48, 1.8
FILLER_5_51, 28.02, 24.48, 1.8
FILLER_6_77, 40.52, 24.48, 1.8
FILLER_5_105, 53.02, 24.48, 1.8
FILLER_5_161, 78.02, 24.48, 1.8
FILLER_6_189, 90.52, 24.48, 1.8
FILLER_5_225, 103.02, 24.48, 1.8
FILLER_6_213, 103.02, 24.48, 1.8
FILLER_6_220, 103.02, 24.48, 1.8
sb_0__0_.mux_right_track_46.sky130_fd_sc_hd__buf_4_0_, 103.02, 24.48, 1.8
sb_0__0_.mux_right_track_50.sky130_fd_sc_hd__buf_4_0_, 103.02, 24.48, 1.8
FILLER_4_253, 122.39, 24.48, 1.8
FILLER_6_259, 122.39, 24.48, 1.8
_084_, 122.39, 24.48, 1.8
output69, 122.39, 24.48, 1.8
PHY_4, 5.52, 19.04, 1.8
PHY_6, 5.52, 19.04, 1.8
FILLER_2_263, 129.26, 19.04, 1.8
PHY_5, 129.26, 19.04, 1.8
PHY_7, 129.26, 19.04, 1.8
FILLER_3_51, 28.02, 19.04, 1.8
FILLER_4_77, 40.52, 19.04, 1.8
FILLER_3_105, 53.02, 19.04, 1.8
FILLER_3_161, 78.02, 19.04, 1.8
FILLER_4_189, 90.52, 19.04, 1.8
ANTENNA_input24_A, 103.02, 19.04, 1.8
FILLER_2_209, 103.02, 19.04, 1.8
FILLER_3_225, 103.02, 19.04, 1.8
output86, 103.02, 19.04, 1.8
ANTENNA_sb_0__0_.mux_right_track_10.mux_l1_in_0__A1, 122.39, 19.04, 1.8
FILLER_2_253, 122.39, 19.04, 1.8
_078_, 122.39, 19.04, 1.8
output66, 122.39, 19.04, 1.8
PHY_0, 5.52, 13.6, 1.8
PHY_2, 5.52, 13.6, 1.8
PHY_1, 129.26, 13.6, 1.8
PHY_3, 129.26, 13.6, 1.8
FILLER_0_53, 28.02, 13.6, 1.8
FILLER_0_57, 28.02, 13.6, 1.8
FILLER_1_51, 28.02, 13.6, 1.8
input1, 28.02, 13.6, 1.8
ANTENNA_input1_A, 40.52, 13.6, 1.8
FILLER_0_81, 40.52, 13.6, 1.8
FILLER_2_77, 40.52, 13.6, 1.8
FILLER_0_109, 53.02, 13.6, 1.8
FILLER_1_105, 53.02, 13.6, 1.8
FILLER_0_165, 78.02, 13.6, 1.8
FILLER_1_161, 78.02, 13.6, 1.8
FILLER_0_193, 90.52, 13.6, 1.8
FILLER_0_197, 90.52, 13.6, 1.8
FILLER_1_181, 90.52, 13.6, 1.8
FILLER_2_189, 90.52, 13.6, 1.8
output87, 90.52, 13.6, 1.8
FILLER_0_225, 103.02, 13.6, 1.8
FILLER_1_202, 103.02, 13.6, 1.8
FILLER_1_225, 103.02, 13.6, 1.8
output63, 103.02, 13.6, 1.8
output64, 103.02, 13.6, 1.8
output75, 103.02, 13.6, 1.8
ANTENNA__075__A, 122.39, 13.6, 1.8
FILLER_0_258, 122.39, 13.6, 1.8
_076_, 122.39, 13.6, 1.8
_077_, 122.39, 13.6, 1.8
output92, 122.39, 13.6, 1.8

