
===========================================================================
report_parasitic_annotation -report_unannotated
============================================================================
Found 50 unannotated drivers.
 reset_top_in
 test_enable_top_in
 cbx_8__0_.cbx_8__0_.mux_top_ipin_0.mux_l2_in_3__190/HI
 cbx_8__0_.cbx_8__0_.mux_top_ipin_1.mux_l2_in_3__191/HI
 cbx_8__0_.cbx_8__0_.mux_top_ipin_2.mux_l2_in_3__192/HI
 cbx_8__0_.cbx_8__0_.mux_top_ipin_3.mux_l2_in_3__193/HI
 sb_8__0_.mux_left_track_1.mux_l1_in_1__194/HI
 sb_8__0_.mux_left_track_11.mux_l2_in_0__195/HI
 sb_8__0_.mux_left_track_13.mux_l2_in_0__196/HI
 sb_8__0_.mux_left_track_15.mux_l2_in_0__197/HI
 sb_8__0_.mux_left_track_17.mux_l2_in_0__198/HI
 sb_8__0_.mux_left_track_19.mux_l2_in_0__151/HI
 sb_8__0_.mux_left_track_29.mux_l2_in_0__152/HI
 sb_8__0_.mux_left_track_3.mux_l2_in_0__153/HI
 sb_8__0_.mux_left_track_31.mux_l2_in_0__154/HI
 sb_8__0_.mux_left_track_33.mux_l2_in_0__155/HI
 sb_8__0_.mux_left_track_35.mux_l2_in_0__156/HI
 sb_8__0_.mux_left_track_45.mux_l2_in_0__157/HI
 sb_8__0_.mux_left_track_47.mux_l2_in_0__158/HI
 sb_8__0_.mux_left_track_49.mux_l2_in_0__159/HI
 sb_8__0_.mux_left_track_5.mux_l2_in_0__160/HI
 sb_8__0_.mux_left_track_51.mux_l2_in_0__161/HI
 sb_8__0_.mux_left_track_7.mux_l1_in_1__162/HI
 sb_8__0_.mux_left_track_9.mux_l2_in_0__163/HI
 sb_8__0_.mux_top_track_0.mux_l2_in_1__164/HI
 sb_8__0_.mux_top_track_10.mux_l2_in_1__165/HI
 sb_8__0_.mux_top_track_12.mux_l1_in_1__166/HI
 sb_8__0_.mux_top_track_14.mux_l1_in_1__167/HI
 sb_8__0_.mux_top_track_16.mux_l1_in_1__168/HI
 sb_8__0_.mux_top_track_18.mux_l1_in_1__169/HI
 sb_8__0_.mux_top_track_2.mux_l2_in_1__170/HI
 sb_8__0_.mux_top_track_20.mux_l2_in_0__171/HI
 sb_8__0_.mux_top_track_22.mux_l2_in_0__172/HI
 sb_8__0_.mux_top_track_24.mux_l2_in_0__173/HI
 sb_8__0_.mux_top_track_26.mux_l2_in_0__174/HI
 sb_8__0_.mux_top_track_28.mux_l2_in_0__175/HI
 sb_8__0_.mux_top_track_30.mux_l2_in_0__176/HI
 sb_8__0_.mux_top_track_32.mux_l2_in_0__177/HI
 sb_8__0_.mux_top_track_34.mux_l2_in_0__178/HI
 sb_8__0_.mux_top_track_36.mux_l2_in_0__179/HI
 sb_8__0_.mux_top_track_38.mux_l2_in_0__180/HI
 sb_8__0_.mux_top_track_4.mux_l2_in_1__181/HI
 sb_8__0_.mux_top_track_40.mux_l2_in_0__182/HI
 sb_8__0_.mux_top_track_42.mux_l2_in_0__183/HI
 sb_8__0_.mux_top_track_44.mux_l1_in_1__184/HI
 sb_8__0_.mux_top_track_46.mux_l1_in_1__185/HI
 sb_8__0_.mux_top_track_48.mux_l1_in_1__186/HI
 sb_8__0_.mux_top_track_50.mux_l1_in_1__187/HI
 sb_8__0_.mux_top_track_6.mux_l2_in_1__188/HI
 sb_8__0_.mux_top_track_8.mux_l2_in_1__189/HI
Found 0 partially unannotated drivers.
parastic_annotation_check
check_slew

===========================================================================
 report_check_types -max_slew -max_cap -max_fanout -violators
============================================================================

===========================================================================
max slew violation count 0
max fanout violation count 0
max cap violation count 0
============================================================================
check_slew_end
tns_report

===========================================================================
 report_tns
============================================================================
tns 0.00
tns_report_end
wns_report

===========================================================================
 report_wns
============================================================================
wns 0.00
wns_report_end
worst_slack

===========================================================================
 report_worst_slack -max (Setup)
============================================================================
worst slack 89.72

===========================================================================
 report_worst_slack -min (Hold)
============================================================================
worst slack 0.21
worst_slack_end
clock_skew

===========================================================================
 report_clock_skew
============================================================================
Clock clk0
No launch/capture paths found.

Clock prog_clk
Latency      CRPR       Skew
sb_8__0_.mem_top_track_34.sky130_fd_sc_hd__dfrtp_1_0_/CLK ^
   0.84
sb_8__0_.mem_top_track_34.sky130_fd_sc_hd__dfrtp_1_1_/CLK ^
   0.74     -0.06       0.04

clock_skew_end
power_report

===========================================================================
 report_power
============================================================================
Group                  Internal  Switching    Leakage      Total
                          Power      Power      Power      Power (Watts)
----------------------------------------------------------------
Sequential             4.80e-05   2.60e-06   1.32e-09   5.06e-05  39.3%
Combinational          2.99e-05   4.83e-05   7.12e-09   7.82e-05  60.7%
Macro                  0.00e+00   0.00e+00   0.00e+00   0.00e+00   0.0%
Pad                    0.00e+00   0.00e+00   0.00e+00   0.00e+00   0.0%
----------------------------------------------------------------
Total                  7.79e-05   5.09e-05   8.44e-09   1.29e-04 100.0%
                          60.5%      39.5%       0.0%
power_report_end
area_report

===========================================================================
 report_design_area
============================================================================
Design area 8935 u^2 14% utilization.
area_report_end
Setting global connections for newly added cells...
[WARNING] Did not save OpenROAD database!
Writing SDF to /home/hosni/OpenFPGA/clear/openlane/bottom_right_tile/runs/23_03_20_07_06/results/routing/mca/process_corner_nom/bottom_right_tile.sdf...
Writing timing model to /home/hosni/OpenFPGA/clear/openlane/bottom_right_tile/runs/23_03_20_07_06/results/routing/mca/process_corner_nom/bottom_right_tile.lib...

