Instance name,  X location,  Y location,  Voltage 
FILLER_95_445, 215.52, 269.28, 1.8
input68, 215.52, 269.28, 1.8
FILLER_94_465, 215.52, 263.84, 1.8
input75, 215.52, 263.84, 1.8
FILLER_0_445, 215.52, 13.6, 1.8
input66, 215.52, 13.6, 1.8
FILLER_95_337, 165.52, 269.28, 1.8
FILLER_95_346, 165.52, 269.28, 1.8
FILLER_95_354, 165.52, 269.28, 1.8
input40, 165.52, 269.28, 1.8
input41, 165.52, 269.28, 1.8
input42, 165.52, 269.28, 1.8
input43, 165.52, 269.28, 1.8
FILLER_92_357, 165.52, 258.4, 1.8
FILLER_90_357, 165.52, 252.96, 1.8
FILLER_88_357, 165.52, 247.52, 1.8
FILLER_86_357, 165.52, 242.08, 1.8
FILLER_84_357, 165.52, 236.64, 1.8
FILLER_82_357, 165.52, 231.2, 1.8
FILLER_80_357, 165.52, 225.76, 1.8
FILLER_78_357, 165.52, 220.32, 1.8
FILLER_76_357, 165.52, 214.88, 1.8
FILLER_74_357, 165.52, 209.44, 1.8
FILLER_72_357, 165.52, 204, 1.8
FILLER_70_357, 165.52, 198.56, 1.8
FILLER_68_357, 165.52, 193.12, 1.8
FILLER_66_357, 165.52, 187.68, 1.8
FILLER_64_357, 165.52, 182.24, 1.8
FILLER_62_357, 165.52, 176.8, 1.8
FILLER_60_357, 165.52, 171.36, 1.8
FILLER_58_357, 165.52, 165.92, 1.8
FILLER_56_357, 165.52, 160.48, 1.8
FILLER_54_357, 165.52, 155.04, 1.8
FILLER_52_357, 165.52, 149.6, 1.8
FILLER_50_357, 165.52, 144.16, 1.8
FILLER_48_357, 165.52, 138.72, 1.8
FILLER_46_357, 165.52, 133.28, 1.8
FILLER_44_357, 165.52, 127.84, 1.8
FILLER_42_357, 165.52, 122.4, 1.8
cbx_8__0_.grid_io_bottom_bottom_8__0_.logical_tile_io_mode_io__3.logical_tile_io_mode_physical__iopad_0.io_sky130_fd_sc_hd__dfrtp_1_mem.sky130_fd_sc_hd__dfrtp_1_0_, 165.52, 122.4, 1.8
FILLER_40_357, 165.52, 116.96, 1.8
FILLER_38_357, 165.52, 111.52, 1.8
FILLER_36_357, 165.52, 106.08, 1.8
FILLER_34_357, 165.52, 100.64, 1.8
FILLER_32_357, 165.52, 95.2, 1.8
FILLER_30_357, 165.52, 89.76, 1.8
FILLER_28_357, 165.52, 84.32, 1.8
FILLER_26_358, 165.52, 78.88, 1.8
FILLER_24_357, 165.52, 73.44, 1.8
FILLER_22_357, 165.52, 68, 1.8
FILLER_20_357, 165.52, 62.56, 1.8
FILLER_18_357, 165.52, 57.12, 1.8
FILLER_16_357, 165.52, 51.68, 1.8
FILLER_14_357, 165.52, 46.24, 1.8
FILLER_12_357, 165.52, 40.8, 1.8
FILLER_10_357, 165.52, 35.36, 1.8
FILLER_8_357, 165.52, 29.92, 1.8
FILLER_6_357, 165.52, 24.48, 1.8
FILLER_4_357, 165.52, 19.04, 1.8
FILLER_0_361, 165.52, 13.6, 1.8
FILLER_2_357, 165.52, 13.6, 1.8
input63, 165.52, 13.6, 1.8
FILLER_94_232, 115.52, 269.28, 1.8
FILLER_95_236, 115.52, 269.28, 1.8
FILLER_95_243, 115.52, 269.28, 1.8
input44, 115.52, 269.28, 1.8
input55, 115.52, 269.28, 1.8
input56, 115.52, 269.28, 1.8
input57, 115.52, 269.28, 1.8
input33, 115.52, 263.84, 1.8
FILLER_92_243, 115.52, 258.4, 1.8
FILLER_88_235, 115.52, 252.96, 1.8
FILLER_90_245, 115.52, 252.96, 1.8
sb_8__0_.mux_left_track_33.mux_l1_in_0_, 115.52, 252.96, 1.8
FILLER_87_238, 115.52, 247.52, 1.8
clkbuf_4_11_0_prog_clk, 115.52, 247.52, 1.8
sb_8__0_.mux_left_track_31.mux_l1_in_0_, 115.52, 247.52, 1.8
sb_8__0_.mux_left_track_35.mux_l1_in_0_, 115.52, 247.52, 1.8
FILLER_86_242, 115.52, 242.08, 1.8
sb_8__0_.mem_left_track_33.sky130_fd_sc_hd__dfrtp_1_0_, 115.52, 242.08, 1.8
sb_8__0_.mem_left_track_45.sky130_fd_sc_hd__dfrtp_1_0_, 115.52, 242.08, 1.8
FILLER_83_230, 115.52, 236.64, 1.8
sb_8__0_.mem_left_track_45.sky130_fd_sc_hd__dfrtp_1_1_, 115.52, 236.64, 1.8
sb_8__0_.mem_left_track_47.sky130_fd_sc_hd__dfrtp_1_0_, 115.52, 236.64, 1.8
sb_8__0_.mux_left_track_33.mux_l2_in_0__155, 115.52, 236.64, 1.8
FILLER_80_226, 115.52, 231.2, 1.8
FILLER_81_251, 115.52, 231.2, 1.8
sb_8__0_.mem_left_track_47.sky130_fd_sc_hd__dfrtp_1_1_, 115.52, 231.2, 1.8
sb_8__0_.mem_left_track_49.sky130_fd_sc_hd__dfrtp_1_0_, 115.52, 231.2, 1.8
FILLER_79_230, 115.52, 225.76, 1.8
sb_8__0_.mem_left_track_49.sky130_fd_sc_hd__dfrtp_1_1_, 115.52, 225.76, 1.8
sb_8__0_.mux_left_track_45.mux_l2_in_0__157, 115.52, 225.76, 1.8
FILLER_76_226, 115.52, 220.32, 1.8
FILLER_78_244, 115.52, 220.32, 1.8
sb_8__0_.mem_left_track_51.sky130_fd_sc_hd__dfrtp_1_0_, 115.52, 220.32, 1.8
sb_8__0_.mux_left_track_47.mux_l2_in_0__158, 115.52, 220.32, 1.8
sb_8__0_.mux_left_track_49.mux_l2_in_0_, 115.52, 214.88, 1.8
ANTENNA_24, 115.52, 209.44, 1.8
FILLER_72_236, 115.52, 209.44, 1.8
FILLER_74_246, 115.52, 209.44, 1.8
sb_8__0_.mem_top_track_0.sky130_fd_sc_hd__dfrtp_1_2_, 115.52, 209.44, 1.8
sb_8__0_.mux_top_track_6.mux_l2_in_0_, 115.52, 209.44, 1.8
ANTENNA_10, 115.52, 204, 1.8
ANTENNA_15, 115.52, 204, 1.8
FILLER_71_235, 115.52, 204, 1.8
FILLER_71_248, 115.52, 204, 1.8
sb_8__0_.mux_top_track_10.mux_l1_in_0_, 115.52, 204, 1.8
sb_8__0_.mux_top_track_6.mux_l1_in_0_, 115.52, 204, 1.8
ANTENNA_18, 115.52, 198.56, 1.8
ANTENNA_21, 115.52, 198.56, 1.8
FILLER_69_238, 115.52, 198.56, 1.8
FILLER_69_248, 115.52, 198.56, 1.8
FILLER_70_242, 115.52, 198.56, 1.8
FILLER_70_248, 115.52, 198.56, 1.8
clkbuf_4_15_0_prog_clk, 115.52, 198.56, 1.8
sb_8__0_.mux_top_track_8.mux_l1_in_1_, 115.52, 198.56, 1.8
sb_8__0_.mux_top_track_8.mux_l2_in_0_, 115.52, 198.56, 1.8
ANTENNA_17, 115.52, 193.12, 1.8
FILLER_66_231, 115.52, 193.12, 1.8
FILLER_67_233, 115.52, 193.12, 1.8
FILLER_67_238, 115.52, 193.12, 1.8
FILLER_68_249, 115.52, 193.12, 1.8
sb_8__0_.mux_top_track_10.mux_l1_in_1_, 115.52, 193.12, 1.8
sb_8__0_.mux_top_track_2.mux_l1_in_0_, 115.52, 193.12, 1.8
sb_8__0_.mux_top_track_2.mux_l1_in_1_, 115.52, 193.12, 1.8
FILLER_64_231, 115.52, 187.68, 1.8
FILLER_66_248, 115.52, 187.68, 1.8
sb_8__0_.mux_top_track_4.mux_l1_in_0_, 115.52, 187.68, 1.8
sb_8__0_.mux_top_track_4.mux_l1_in_1_, 115.52, 187.68, 1.8
FILLER_64_244, 115.52, 182.24, 1.8
sb_8__0_.mux_top_track_10.mux_l2_in_0_, 115.52, 182.24, 1.8
clkbuf_4_13_0_prog_clk, 115.52, 176.8, 1.8
FILLER_58_244, 115.52, 165.92, 1.8
FILLER_56_244, 115.52, 160.48, 1.8
FILLER_54_245, 115.52, 155.04, 1.8
FILLER_52_245, 115.52, 149.6, 1.8
FILLER_50_245, 115.52, 144.16, 1.8
FILLER_48_245, 115.52, 138.72, 1.8
FILLER_46_245, 115.52, 133.28, 1.8
FILLER_44_245, 115.52, 127.84, 1.8
FILLER_42_245, 115.52, 122.4, 1.8
FILLER_40_245, 115.52, 116.96, 1.8
FILLER_38_245, 115.52, 111.52, 1.8
FILLER_36_245, 115.52, 106.08, 1.8
FILLER_34_245, 115.52, 100.64, 1.8
FILLER_32_245, 115.52, 95.2, 1.8
FILLER_30_245, 115.52, 89.76, 1.8
FILLER_26_233, 115.52, 84.32, 1.8
FILLER_27_249, 115.52, 84.32, 1.8
FILLER_28_245, 115.52, 84.32, 1.8
FILLER_26_241, 115.52, 78.88, 1.8
FILLER_26_247, 115.52, 78.88, 1.8
cbx_8__0_.grid_io_bottom_bottom_8__0_.logical_tile_io_mode_io__3.logical_tile_io_mode_physical__iopad_0.io_0_.INV_SOC_DIR, 115.52, 78.88, 1.8
FILLER_23_249, 115.52, 73.44, 1.8
FILLER_24_245, 115.52, 73.44, 1.8
cbx_8__0_.grid_io_bottom_bottom_8__0_.logical_tile_io_mode_io__2.logical_tile_io_mode_physical__iopad_0.io_0_.INV_SOC_DIR, 115.52, 73.44, 1.8
FILLER_22_245, 115.52, 68, 1.8
FILLER_20_245, 115.52, 62.56, 1.8
FILLER_18_245, 115.52, 57.12, 1.8
cbx_8__0_.grid_io_bottom_bottom_8__0_.logical_tile_io_mode_io__0.logical_tile_io_mode_physical__iopad_0.io_0_.ISOL_EN_GATE, 115.52, 57.12, 1.8
FILLER_16_245, 115.52, 51.68, 1.8
FILLER_14_245, 115.52, 46.24, 1.8
FILLER_12_245, 115.52, 40.8, 1.8
FILLER_10_245, 115.52, 35.36, 1.8
FILLER_8_230, 115.52, 35.36, 1.8
_162_, 115.52, 35.36, 1.8
FILLER_7_249, 115.52, 29.92, 1.8
FILLER_8_249, 115.52, 29.92, 1.8
FILLER_4_245, 115.52, 19.04, 1.8
FILLER_0_245, 115.52, 13.6, 1.8
FILLER_2_245, 115.52, 13.6, 1.8
output148, 115.52, 13.6, 1.8
FILLER_94_118, 65.52, 269.28, 1.8
FILLER_95_141, 65.52, 269.28, 1.8
output121, 65.52, 269.28, 1.8
output122, 65.52, 269.28, 1.8
FILLER_93_141, 65.52, 263.84, 1.8
output119, 65.52, 263.84, 1.8
output120, 65.52, 263.84, 1.8
FILLER_92_134, 65.52, 258.4, 1.8
FILLER_92_141, 65.52, 258.4, 1.8
FILLER_88_130, 65.52, 252.96, 1.8
FILLER_89_123, 65.52, 252.96, 1.8
FILLER_89_130, 65.52, 252.96, 1.8
FILLER_89_138, 65.52, 252.96, 1.8
FILLER_90_141, 65.52, 252.96, 1.8
_114_, 65.52, 252.96, 1.8
_143_, 65.52, 252.96, 1.8
_144_, 65.52, 252.96, 1.8
_145_, 65.52, 252.96, 1.8
FILLER_86_117, 65.52, 247.52, 1.8
FILLER_86_125, 65.52, 247.52, 1.8
FILLER_87_121, 65.52, 247.52, 1.8
FILLER_87_129, 65.52, 247.52, 1.8
FILLER_87_137, 65.52, 247.52, 1.8
FILLER_88_137, 65.52, 247.52, 1.8
FILLER_88_141, 65.52, 247.52, 1.8
_115_, 65.52, 247.52, 1.8
_142_, 65.52, 247.52, 1.8
_147_, 65.52, 247.52, 1.8
_148_, 65.52, 247.52, 1.8
_149_, 65.52, 247.52, 1.8
sb_8__0_.mem_left_track_11.sky130_fd_sc_hd__dfrtp_1_0_, 65.52, 247.52, 1.8
sb_8__0_.mem_left_track_9.sky130_fd_sc_hd__dfrtp_1_1_, 65.52, 247.52, 1.8
sb_8__0_.mux_left_track_11.mux_l2_in_0_, 65.52, 247.52, 1.8
FILLER_84_125, 65.52, 242.08, 1.8
FILLER_85_125, 65.52, 242.08, 1.8
FILLER_86_141, 65.52, 242.08, 1.8
sb_8__0_.mem_left_track_5.sky130_fd_sc_hd__dfrtp_1_1_, 65.52, 242.08, 1.8
sb_8__0_.mux_left_track_15.mux_l2_in_0__197, 65.52, 242.08, 1.8
sb_8__0_.mux_left_track_9.mux_l2_in_0_, 65.52, 242.08, 1.8
sb_8__0_.mux_left_track_9.mux_l2_in_0__163, 65.52, 242.08, 1.8
FILLER_82_125, 65.52, 236.64, 1.8
FILLER_83_130, 65.52, 236.64, 1.8
FILLER_84_141, 65.52, 236.64, 1.8
sb_8__0_.mem_left_track_5.sky130_fd_sc_hd__dfrtp_1_0_, 65.52, 236.64, 1.8
sb_8__0_.mux_left_track_3.mux_l2_in_0_, 65.52, 236.64, 1.8
FILLER_80_125, 65.52, 231.2, 1.8
FILLER_81_129, 65.52, 231.2, 1.8
FILLER_81_142, 65.52, 231.2, 1.8
sb_8__0_.mem_left_track_7.sky130_fd_sc_hd__dfrtp_1_0_, 65.52, 231.2, 1.8
sb_8__0_.mux_left_track_5.mux_l2_in_0__160, 65.52, 231.2, 1.8
sb_8__0_.mux_left_track_7.mux_l2_in_0_, 65.52, 231.2, 1.8
FILLER_78_118, 65.52, 225.76, 1.8
FILLER_78_125, 65.52, 225.76, 1.8
FILLER_79_118, 65.52, 225.76, 1.8
FILLER_79_139, 65.52, 225.76, 1.8
FILLER_80_141, 65.52, 225.76, 1.8
sb_8__0_.mux_left_track_3.mux_l2_in_0__153, 65.52, 225.76, 1.8
sb_8__0_.mux_left_track_33.sky130_fd_sc_hd__buf_4_0_, 65.52, 225.76, 1.8
sb_8__0_.mux_left_track_35.sky130_fd_sc_hd__buf_4_0_, 65.52, 225.76, 1.8
sb_8__0_.mux_top_track_22.sky130_fd_sc_hd__buf_4_0_, 65.52, 225.76, 1.8
sb_8__0_.mux_top_track_42.mux_l2_in_0__183, 65.52, 225.76, 1.8
FILLER_76_119, 65.52, 220.32, 1.8
FILLER_76_130, 65.52, 220.32, 1.8
FILLER_77_123, 65.52, 220.32, 1.8
FILLER_78_133, 65.52, 220.32, 1.8
sb_8__0_.mux_left_track_29.sky130_fd_sc_hd__buf_4_0_, 65.52, 220.32, 1.8
sb_8__0_.mux_top_track_24.sky130_fd_sc_hd__buf_4_0_, 65.52, 220.32, 1.8
sb_8__0_.mux_top_track_26.sky130_fd_sc_hd__buf_4_0_, 65.52, 220.32, 1.8
sb_8__0_.mux_top_track_32.mux_l2_in_0__177, 65.52, 220.32, 1.8
FILLER_75_124, 65.52, 214.88, 1.8
FILLER_75_137, 65.52, 214.88, 1.8
FILLER_76_137, 65.52, 214.88, 1.8
sb_8__0_.mem_top_track_44.sky130_fd_sc_hd__dfrtp_1_0_, 65.52, 214.88, 1.8
sb_8__0_.mux_left_track_1.sky130_fd_sc_hd__buf_4_0_, 65.52, 214.88, 1.8
sb_8__0_.mux_left_track_31.sky130_fd_sc_hd__buf_4_0_, 65.52, 214.88, 1.8
sb_8__0_.mux_left_track_45.sky130_fd_sc_hd__buf_4_0_, 65.52, 214.88, 1.8
sb_8__0_.mux_left_track_47.sky130_fd_sc_hd__buf_4_0_, 65.52, 214.88, 1.8
FILLER_72_121, 65.52, 209.44, 1.8
FILLER_73_126, 65.52, 209.44, 1.8
FILLER_73_139, 65.52, 209.44, 1.8
FILLER_74_141, 65.52, 209.44, 1.8
sb_8__0_.mux_top_track_34.mux_l2_in_0_, 65.52, 209.44, 1.8
sb_8__0_.mux_top_track_44.mux_l2_in_0_, 65.52, 209.44, 1.8
sb_8__0_.mux_top_track_48.mux_l2_in_0_, 65.52, 209.44, 1.8
ANTENNA_20, 65.52, 204, 1.8
FILLER_70_119, 65.52, 204, 1.8
FILLER_70_125, 65.52, 204, 1.8
FILLER_71_118, 65.52, 204, 1.8
FILLER_71_142, 65.52, 204, 1.8
sb_8__0_.mem_top_track_44.sky130_fd_sc_hd__dfrtp_1_1_, 65.52, 204, 1.8
sb_8__0_.mux_top_track_36.mux_l1_in_0_, 65.52, 204, 1.8
sb_8__0_.mux_top_track_46.mux_l2_in_0_, 65.52, 204, 1.8
FILLER_68_125, 65.52, 198.56, 1.8
FILLER_69_135, 65.52, 198.56, 1.8
FILLER_69_143, 65.52, 198.56, 1.8
sb_8__0_.mem_top_track_46.sky130_fd_sc_hd__dfrtp_1_0_, 65.52, 198.56, 1.8
FILLER_68_141, 65.52, 193.12, 1.8
sb_8__0_.mem_top_track_32.sky130_fd_sc_hd__dfrtp_1_1_, 65.52, 193.12, 1.8
sb_8__0_.mux_top_track_22.mux_l2_in_0__172, 65.52, 193.12, 1.8
sb_8__0_.mux_top_track_24.mux_l2_in_0_, 65.52, 193.12, 1.8
sb_8__0_.mux_top_track_30.mux_l2_in_0_, 65.52, 193.12, 1.8
sb_8__0_.mux_top_track_34.mux_l1_in_0_, 65.52, 193.12, 1.8
sb_8__0_.mux_top_track_42.mux_l1_in_0_, 65.52, 193.12, 1.8
FILLER_65_118, 65.52, 187.68, 1.8
FILLER_65_133, 65.52, 187.68, 1.8
FILLER_65_141, 65.52, 187.68, 1.8
_099_, 65.52, 187.68, 1.8
sb_8__0_.mem_top_track_22.sky130_fd_sc_hd__dfrtp_1_1_, 65.52, 187.68, 1.8
sb_8__0_.mem_top_track_32.sky130_fd_sc_hd__dfrtp_1_0_, 65.52, 187.68, 1.8
sb_8__0_.mux_top_track_32.mux_l1_in_0_, 65.52, 187.68, 1.8
FILLER_62_117, 65.52, 182.24, 1.8
FILLER_63_131, 65.52, 182.24, 1.8
FILLER_63_138, 65.52, 182.24, 1.8
FILLER_64_141, 65.52, 182.24, 1.8
clkbuf_4_1_0_prog_clk, 65.52, 182.24, 1.8
sb_8__0_.mux_left_track_51.sky130_fd_sc_hd__buf_4_0_, 65.52, 182.24, 1.8
sb_8__0_.mux_top_track_22.mux_l1_in_0_, 65.52, 182.24, 1.8
sb_8__0_.mux_top_track_26.mux_l2_in_0_, 65.52, 182.24, 1.8
FILLER_60_125, 65.52, 176.8, 1.8
FILLER_61_119, 65.52, 176.8, 1.8
FILLER_62_132, 65.52, 176.8, 1.8
FILLER_62_141, 65.52, 176.8, 1.8
sb_8__0_.mem_top_track_24.sky130_fd_sc_hd__dfrtp_1_1_, 65.52, 176.8, 1.8
sb_8__0_.mem_top_track_30.sky130_fd_sc_hd__dfrtp_1_1_, 65.52, 176.8, 1.8
sb_8__0_.mux_top_track_26.mux_l2_in_0__174, 65.52, 176.8, 1.8
sb_8__0_.mux_top_track_30.mux_l1_in_0_, 65.52, 176.8, 1.8
FILLER_58_121, 65.52, 171.36, 1.8
FILLER_59_139, 65.52, 171.36, 1.8
FILLER_60_141, 65.52, 171.36, 1.8
cbx_8__0_.cbx_8__0_.mux_top_ipin_2.mux_l1_in_4_, 65.52, 171.36, 1.8
sb_8__0_.mem_top_track_30.sky130_fd_sc_hd__dfrtp_1_0_, 65.52, 171.36, 1.8
sb_8__0_.mux_top_track_16.mux_l2_in_0_, 65.52, 171.36, 1.8
FILLER_57_125, 65.52, 165.92, 1.8
FILLER_57_138, 65.52, 165.92, 1.8
FILLER_58_134, 65.52, 165.92, 1.8
sb_8__0_.mem_top_track_26.sky130_fd_sc_hd__dfrtp_1_0_, 65.52, 165.92, 1.8
sb_8__0_.mux_top_track_14.mux_l2_in_0_, 65.52, 165.92, 1.8
sb_8__0_.mux_top_track_18.mux_l1_in_1_, 65.52, 165.92, 1.8
FILLER_55_118, 65.52, 160.48, 1.8
FILLER_55_142, 65.52, 160.48, 1.8
FILLER_56_135, 65.52, 160.48, 1.8
FILLER_56_141, 65.52, 160.48, 1.8
sb_8__0_.mem_top_track_26.sky130_fd_sc_hd__dfrtp_1_1_, 65.52, 160.48, 1.8
sb_8__0_.mem_top_track_28.sky130_fd_sc_hd__dfrtp_1_0_, 65.52, 160.48, 1.8
sb_8__0_.mux_top_track_18.mux_l1_in_1__169, 65.52, 160.48, 1.8
FILLER_53_138, 65.52, 155.04, 1.8
sb_8__0_.mux_top_track_8.mux_l2_in_1__189, 65.52, 155.04, 1.8
FILLER_51_136, 65.52, 149.6, 1.8
clkbuf_4_4_0_prog_clk, 65.52, 149.6, 1.8
sb_8__0_.mux_top_track_10.mux_l2_in_1_, 65.52, 149.6, 1.8
sb_8__0_.mux_top_track_12.mux_l1_in_1__166, 65.52, 149.6, 1.8
FILLER_48_118, 65.52, 144.16, 1.8
FILLER_49_125, 65.52, 144.16, 1.8
cbx_8__0_.cbx_8__0_.mux_top_ipin_2.mux_l3_in_1_, 65.52, 144.16, 1.8
sb_8__0_.mux_top_track_12.mux_l1_in_1_, 65.52, 144.16, 1.8
sb_8__0_.mux_top_track_26.mux_l1_in_0_, 65.52, 144.16, 1.8
FILLER_46_124, 65.52, 138.72, 1.8
FILLER_48_131, 65.52, 138.72, 1.8
cbx_8__0_.cbx_8__0_.mux_top_ipin_2.mux_l4_in_0_, 65.52, 138.72, 1.8
cbx_8__0_.cbx_8__0_.mux_top_ipin_3.sky130_fd_sc_hd__buf_4_0_, 65.52, 138.72, 1.8
FILLER_46_132, 65.52, 133.28, 1.8
FILLER_44_133, 65.52, 127.84, 1.8
FILLER_40_118, 65.52, 122.4, 1.8
sb_8__0_.mux_top_track_4.mux_l2_in_1__181, 65.52, 122.4, 1.8
FILLER_39_128, 65.52, 116.96, 1.8
FILLER_40_136, 65.52, 116.96, 1.8
sb_8__0_.mux_top_track_2.mux_l2_in_1_, 65.52, 116.96, 1.8
sb_8__0_.mux_top_track_2.mux_l2_in_1__170, 65.52, 116.96, 1.8
sb_8__0_.mux_top_track_4.mux_l2_in_1_, 65.52, 116.96, 1.8
FILLER_36_133, 65.52, 106.08, 1.8
FILLER_34_133, 65.52, 100.64, 1.8
cbx_8__0_.cbx_8__0_.mux_top_ipin_1.sky130_fd_sc_hd__buf_4_0_, 65.52, 100.64, 1.8
FILLER_32_133, 65.52, 95.2, 1.8
FILLER_30_133, 65.52, 89.76, 1.8
FILLER_28_133, 65.52, 84.32, 1.8
FILLER_26_133, 65.52, 78.88, 1.8
FILLER_24_133, 65.52, 73.44, 1.8
FILLER_22_133, 65.52, 68, 1.8
FILLER_20_133, 65.52, 62.56, 1.8
FILLER_18_133, 65.52, 57.12, 1.8
FILLER_16_133, 65.52, 51.68, 1.8
FILLER_14_133, 65.52, 46.24, 1.8
FILLER_10_121, 65.52, 40.8, 1.8
FILLER_12_133, 65.52, 40.8, 1.8
FILLER_10_135, 65.52, 35.36, 1.8
_156_, 65.52, 35.36, 1.8
FILLER_8_133, 65.52, 29.92, 1.8
FILLER_8_141, 65.52, 29.92, 1.8
FILLER_6_133, 65.52, 24.48, 1.8
FILLER_4_133, 65.52, 19.04, 1.8
FILLER_0_137, 65.52, 13.6, 1.8
FILLER_0_141, 65.52, 13.6, 1.8
FILLER_2_133, 65.52, 13.6, 1.8
output145, 65.52, 13.6, 1.8
FILLER_95_29, 15.52, 269.28, 1.8
FILLER_93_29, 15.52, 263.84, 1.8
output113, 15.52, 263.84, 1.8
FILLER_90_21, 15.52, 258.4, 1.8
FILLER_92_22, 15.52, 258.4, 1.8
FILLER_92_29, 15.52, 258.4, 1.8
output136, 15.52, 258.4, 1.8
FILLER_86_21, 15.52, 247.52, 1.8
FILLER_84_21, 15.52, 242.08, 1.8
FILLER_80_21, 15.52, 231.2, 1.8
FILLER_81_21, 15.52, 231.2, 1.8
FILLER_81_29, 15.52, 231.2, 1.8
_128_, 15.52, 231.2, 1.8
FILLER_78_21, 15.52, 225.76, 1.8
FILLER_79_11, 15.52, 225.76, 1.8
FILLER_79_18, 15.52, 225.76, 1.8
FILLER_79_31, 15.52, 225.76, 1.8
_121_, 15.52, 225.76, 1.8
_123_, 15.52, 225.76, 1.8
_124_, 15.52, 225.76, 1.8
_126_, 15.52, 225.76, 1.8
FILLER_77_21, 15.52, 220.32, 1.8
FILLER_77_30, 15.52, 220.32, 1.8
FILLER_78_35, 15.52, 220.32, 1.8
_120_, 15.52, 220.32, 1.8
_122_, 15.52, 220.32, 1.8
_129_, 15.52, 220.32, 1.8
FILLER_74_21, 15.52, 214.88, 1.8
FILLER_72_21, 15.52, 209.44, 1.8
FILLER_74_29, 15.52, 209.44, 1.8
FILLER_72_29, 15.52, 204, 1.8
FILLER_68_21, 15.52, 198.56, 1.8
FILLER_66_21, 15.52, 193.12, 1.8
FILLER_66_29, 15.52, 187.68, 1.8
_111_, 15.52, 187.68, 1.8
FILLER_62_21, 15.52, 182.24, 1.8
FILLER_63_33, 15.52, 182.24, 1.8
FILLER_60_21, 15.52, 176.8, 1.8
FILLER_56_21, 15.52, 165.92, 1.8
FILLER_54_21, 15.52, 160.48, 1.8
FILLER_50_21, 15.52, 149.6, 1.8
FILLER_48_21, 15.52, 144.16, 1.8
FILLER_32_21, 15.52, 100.64, 1.8
FILLER_30_20, 15.52, 95.2, 1.8
FILLER_26_21, 15.52, 84.32, 1.8
FILLER_24_21, 15.52, 78.88, 1.8
FILLER_20_20, 15.52, 68, 1.8
FILLER_18_21, 15.52, 62.56, 1.8
FILLER_14_21, 15.52, 51.68, 1.8
FILLER_12_20, 15.52, 46.24, 1.8
FILLER_8_21, 15.52, 35.36, 1.8
FILLER_6_21, 15.52, 29.92, 1.8
input1, 15.52, 13.6, 1.8
FILLER_95_3, 5.52, 269.28, 1.8
PHY_188, 5.52, 269.28, 1.8
PHY_190, 5.52, 269.28, 1.8
output135, 5.52, 269.28, 1.8
FILLER_94_521, 249.32, 269.28, 1.8
FILLER_95_519, 249.32, 269.28, 1.8
PHY_189, 249.32, 269.28, 1.8
PHY_191, 249.32, 269.28, 1.8
FILLER_94_41, 28.02, 269.28, 1.8
FILLER_95_57, 28.02, 269.28, 1.8
output138, 28.02, 269.28, 1.8
output139, 28.02, 269.28, 1.8
FILLER_95_85, 40.52, 269.28, 1.8
output114, 40.52, 269.28, 1.8
output142, 40.52, 269.28, 1.8
FILLER_94_97, 53.02, 269.28, 1.8
FILLER_95_113, 53.02, 269.28, 1.8
output117, 53.02, 269.28, 1.8
output118, 53.02, 269.28, 1.8
FILLER_94_153, 78.02, 269.28, 1.8
FILLER_95_169, 78.02, 269.28, 1.8
output126, 78.02, 269.28, 1.8
FILLER_94_174, 90.52, 269.28, 1.8
FILLER_95_197, 90.52, 269.28, 1.8
output130, 90.52, 269.28, 1.8
output131, 90.52, 269.28, 1.8
FILLER_94_209, 103.02, 269.28, 1.8
FILLER_95_225, 103.02, 269.28, 1.8
output133, 103.02, 269.28, 1.8
FILLER_95_253, 128.02, 269.28, 1.8
FILLER_95_261, 128.02, 269.28, 1.8
FILLER_95_268, 128.02, 269.28, 1.8
FILLER_95_275, 128.02, 269.28, 1.8
input58, 128.02, 269.28, 1.8
input59, 128.02, 269.28, 1.8
input60, 128.02, 269.28, 1.8
FILLER_94_289, 140.52, 269.28, 1.8
FILLER_95_286, 140.52, 269.28, 1.8
FILLER_95_293, 140.52, 269.28, 1.8
FILLER_95_304, 140.52, 269.28, 1.8
input34, 140.52, 269.28, 1.8
input35, 140.52, 269.28, 1.8
input61, 140.52, 269.28, 1.8
input62, 140.52, 269.28, 1.8
FILLER_95_315, 153.02, 269.28, 1.8
FILLER_95_322, 153.02, 269.28, 1.8
FILLER_95_329, 153.02, 269.28, 1.8
input36, 153.02, 269.28, 1.8
input37, 153.02, 269.28, 1.8
input38, 153.02, 269.28, 1.8
FILLER_95_371, 178.02, 269.28, 1.8
FILLER_95_378, 178.02, 269.28, 1.8
FILLER_95_385, 178.02, 269.28, 1.8
input45, 178.02, 269.28, 1.8
input46, 178.02, 269.28, 1.8
input47, 178.02, 269.28, 1.8
FILLER_94_394, 190.52, 269.28, 1.8
FILLER_94_402, 190.52, 269.28, 1.8
FILLER_95_393, 190.52, 269.28, 1.8
FILLER_95_402, 190.52, 269.28, 1.8
input49, 190.52, 269.28, 1.8
input50, 190.52, 269.28, 1.8
input52, 190.52, 269.28, 1.8
FILLER_94_417, 203.02, 269.28, 1.8
FILLER_94_421, 203.02, 269.28, 1.8
input53, 203.02, 269.28, 1.8
input54, 203.02, 269.28, 1.8
FILLER_94_472, 226.786, 269.28, 1.8
FILLER_95_471, 226.786, 269.28, 1.8
FILLER_95_483, 226.786, 269.28, 1.8
FILLER_95_491, 226.786, 269.28, 1.8
input69, 226.786, 269.28, 1.8
input76, 226.786, 269.28, 1.8
FILLER_94_500, 238.053, 269.28, 1.8
FILLER_95_499, 238.053, 269.28, 1.8
FILLER_95_511, 238.053, 269.28, 1.8
input70, 238.053, 269.28, 1.8
input71, 238.053, 269.28, 1.8
input72, 238.053, 269.28, 1.8
input73, 238.053, 269.28, 1.8
FILLER_93_3, 5.52, 263.84, 1.8
FILLER_94_3, 5.52, 263.84, 1.8
PHY_184, 5.52, 263.84, 1.8
PHY_186, 5.52, 263.84, 1.8
output124, 5.52, 263.84, 1.8
PHY_185, 249.32, 263.84, 1.8
PHY_187, 249.32, 263.84, 1.8
input79, 249.32, 263.84, 1.8
input80, 249.32, 263.84, 1.8
FILLER_94_62, 28.02, 263.84, 1.8
output137, 28.02, 263.84, 1.8
FILLER_93_85, 40.52, 263.84, 1.8
output141, 40.52, 263.84, 1.8
output115, 53.02, 263.84, 1.8
output116, 53.02, 263.84, 1.8
output123, 78.02, 263.84, 1.8
output125, 78.02, 263.84, 1.8
output127, 78.02, 263.84, 1.8
FILLER_93_197, 90.52, 263.84, 1.8
output128, 90.52, 263.84, 1.8
output129, 90.52, 263.84, 1.8
FILLER_92_209, 103.02, 263.84, 1.8
FILLER_93_218, 103.02, 263.84, 1.8
output132, 103.02, 263.84, 1.8
output134, 103.02, 263.84, 1.8
FILLER_93_329, 153.02, 263.84, 1.8
FILLER_94_321, 153.02, 263.84, 1.8
FILLER_94_331, 153.02, 263.84, 1.8
input39, 153.02, 263.84, 1.8
FILLER_93_385, 178.02, 263.84, 1.8
FILLER_94_377, 178.02, 263.84, 1.8
FILLER_94_387, 178.02, 263.84, 1.8
input48, 178.02, 263.84, 1.8
FILLER_94_409, 190.52, 263.84, 1.8
input51, 190.52, 263.84, 1.8
FILLER_93_441, 203.02, 263.84, 1.8
FILLER_92_469, 226.786, 263.84, 1.8
FILLER_94_489, 226.786, 263.84, 1.8
FILLER_93_497, 238.053, 263.84, 1.8
FILLER_93_517, 238.053, 263.84, 1.8
FILLER_94_513, 238.053, 263.84, 1.8
input2, 238.053, 263.84, 1.8
input74, 238.053, 263.84, 1.8
FILLER_92_3, 5.52, 258.4, 1.8
PHY_180, 5.52, 258.4, 1.8
PHY_182, 5.52, 258.4, 1.8
output82, 5.52, 258.4, 1.8
PHY_181, 249.32, 258.4, 1.8
PHY_183, 249.32, 258.4, 1.8
FILLER_91_51, 28.02, 258.4, 1.8
output140, 28.02, 258.4, 1.8
FILLER_90_65, 40.52, 258.4, 1.8
FILLER_90_74, 40.52, 258.4, 1.8
FILLER_91_69, 40.52, 258.4, 1.8
FILLER_91_75, 40.52, 258.4, 1.8
FILLER_91_83, 40.52, 258.4, 1.8
FILLER_92_78, 40.52, 258.4, 1.8
FILLER_92_85, 40.52, 258.4, 1.8
_130_, 40.52, 258.4, 1.8
_131_, 40.52, 258.4, 1.8
_135_, 40.52, 258.4, 1.8
FILLER_90_103, 53.02, 258.4, 1.8
FILLER_91_103, 53.02, 258.4, 1.8
FILLER_91_96, 53.02, 258.4, 1.8
_137_, 53.02, 258.4, 1.8
_138_, 53.02, 258.4, 1.8
FILLER_90_151, 78.02, 258.4, 1.8
FILLER_91_149, 78.02, 258.4, 1.8
FILLER_91_160, 78.02, 258.4, 1.8
_146_, 78.02, 258.4, 1.8
sb_8__0_.mux_left_track_11.mux_l2_in_0__195, 78.02, 258.4, 1.8
sb_8__0_.mux_left_track_13.mux_l2_in_0__196, 78.02, 258.4, 1.8
FILLER_90_180, 90.52, 258.4, 1.8
FILLER_91_174, 90.52, 258.4, 1.8
FILLER_91_182, 90.52, 258.4, 1.8
FILLER_91_190, 90.52, 258.4, 1.8
FILLER_92_190, 90.52, 258.4, 1.8
_150_, 90.52, 258.4, 1.8
_152_, 90.52, 258.4, 1.8
sb_8__0_.mux_left_track_11.mux_l1_in_0_, 90.52, 258.4, 1.8
FILLER_91_220, 103.02, 258.4, 1.8
_155_, 103.02, 258.4, 1.8
sb_8__0_.mux_left_track_13.mux_l1_in_0_, 103.02, 258.4, 1.8
FILLER_91_273, 128.02, 258.4, 1.8
FILLER_92_301, 140.52, 258.4, 1.8
FILLER_91_329, 153.02, 258.4, 1.8
FILLER_91_385, 178.02, 258.4, 1.8
FILLER_92_413, 190.52, 258.4, 1.8
FILLER_91_441, 203.02, 258.4, 1.8
FILLER_90_469, 226.786, 258.4, 1.8
FILLER_91_497, 238.053, 258.4, 1.8
FILLER_91_517, 238.053, 258.4, 1.8
FILLER_92_513, 238.053, 258.4, 1.8
PHY_176, 5.52, 252.96, 1.8
PHY_178, 5.52, 252.96, 1.8
output103, 5.52, 252.96, 1.8
output104, 5.52, 252.96, 1.8
PHY_177, 249.32, 252.96, 1.8
PHY_179, 249.32, 252.96, 1.8
input78, 249.32, 252.96, 1.8
FILLER_89_45, 28.02, 252.96, 1.8
FILLER_89_53, 28.02, 252.96, 1.8
FILLER_89_69, 40.52, 252.96, 1.8
FILLER_89_82, 40.52, 252.96, 1.8
FILLER_90_85, 40.52, 252.96, 1.8
_132_, 40.52, 252.96, 1.8
_133_, 40.52, 252.96, 1.8
_134_, 40.52, 252.96, 1.8
_136_, 40.52, 252.96, 1.8
FILLER_89_101, 53.02, 252.96, 1.8
FILLER_89_109, 53.02, 252.96, 1.8
FILLER_89_113, 53.02, 252.96, 1.8
_139_, 53.02, 252.96, 1.8
FILLER_89_169, 78.02, 252.96, 1.8
sb_8__0_.mem_left_track_11.sky130_fd_sc_hd__dfrtp_1_1_, 78.02, 252.96, 1.8
sb_8__0_.mem_left_track_13.sky130_fd_sc_hd__dfrtp_1_0_, 78.02, 252.96, 1.8
FILLER_89_193, 90.52, 252.96, 1.8
FILLER_90_193, 90.52, 252.96, 1.8
FILLER_90_197, 90.52, 252.96, 1.8
sb_8__0_.mem_left_track_13.sky130_fd_sc_hd__dfrtp_1_1_, 90.52, 252.96, 1.8
sb_8__0_.mem_left_track_15.sky130_fd_sc_hd__dfrtp_1_0_, 90.52, 252.96, 1.8
FILLER_88_211, 103.02, 252.96, 1.8
FILLER_89_212, 103.02, 252.96, 1.8
FILLER_89_219, 103.02, 252.96, 1.8
_151_, 103.02, 252.96, 1.8
sb_8__0_.mux_left_track_15.mux_l1_in_0_, 103.02, 252.96, 1.8
sb_8__0_.mux_left_track_17.mux_l1_in_0_, 103.02, 252.96, 1.8
FILLER_89_271, 128.02, 252.96, 1.8
FILLER_90_301, 140.52, 252.96, 1.8
FILLER_89_329, 153.02, 252.96, 1.8
FILLER_89_385, 178.02, 252.96, 1.8
FILLER_89_393, 190.52, 252.96, 1.8
FILLER_90_413, 190.52, 252.96, 1.8
sb_8__0_.mem_top_track_0.sky130_fd_sc_hd__dfrtp_1_0_, 190.52, 252.96, 1.8
FILLER_89_440, 203.02, 252.96, 1.8
FILLER_88_469, 226.786, 252.96, 1.8
FILLER_89_497, 238.053, 252.96, 1.8
FILLER_89_517, 238.053, 252.96, 1.8
PHY_172, 5.52, 247.52, 1.8
PHY_174, 5.52, 247.52, 1.8
output102, 5.52, 247.52, 1.8
PHY_173, 249.32, 247.52, 1.8
PHY_175, 249.32, 247.52, 1.8
FILLER_87_45, 28.02, 247.52, 1.8
FILLER_87_53, 28.02, 247.52, 1.8
FILLER_88_77, 40.52, 247.52, 1.8
FILLER_87_105, 53.02, 247.52, 1.8
FILLER_87_113, 53.02, 247.52, 1.8
FILLER_88_109, 53.02, 247.52, 1.8
_140_, 53.02, 247.52, 1.8
FILLER_86_157, 78.02, 247.52, 1.8
FILLER_87_161, 78.02, 247.52, 1.8
FILLER_87_169, 78.02, 247.52, 1.8
FILLER_88_164, 78.02, 247.52, 1.8
sb_8__0_.mux_left_track_5.mux_l1_in_0_, 78.02, 247.52, 1.8
FILLER_87_183, 90.52, 247.52, 1.8
FILLER_87_198, 90.52, 247.52, 1.8
FILLER_88_197, 90.52, 247.52, 1.8
clkbuf_4_10_0_prog_clk, 90.52, 247.52, 1.8
sb_8__0_.mem_left_track_15.sky130_fd_sc_hd__dfrtp_1_1_, 90.52, 247.52, 1.8
sb_8__0_.mux_left_track_7.mux_l1_in_0_, 90.52, 247.52, 1.8
FILLER_86_203, 103.02, 247.52, 1.8
_154_, 103.02, 247.52, 1.8
sb_8__0_.mem_left_track_33.sky130_fd_sc_hd__dfrtp_1_1_, 103.02, 247.52, 1.8
sb_8__0_.mem_left_track_35.sky130_fd_sc_hd__dfrtp_1_0_, 103.02, 247.52, 1.8
sb_8__0_.mux_left_track_19.mux_l1_in_0_, 103.02, 247.52, 1.8
FILLER_86_262, 128.02, 247.52, 1.8
FILLER_87_275, 128.02, 247.52, 1.8
sb_8__0_.mux_left_track_29.mux_l1_in_0_, 128.02, 247.52, 1.8
sb_8__0_.mux_left_track_45.mux_l1_in_0_, 128.02, 247.52, 1.8
FILLER_88_301, 140.52, 247.52, 1.8
FILLER_87_329, 153.02, 247.52, 1.8
FILLER_87_385, 178.02, 247.52, 1.8
FILLER_88_413, 190.52, 247.52, 1.8
FILLER_87_441, 203.02, 247.52, 1.8
FILLER_86_469, 226.786, 247.52, 1.8
FILLER_87_497, 238.053, 247.52, 1.8
FILLER_87_517, 238.053, 247.52, 1.8
FILLER_88_513, 238.053, 247.52, 1.8
PHY_168, 5.52, 242.08, 1.8
PHY_170, 5.52, 242.08, 1.8
output101, 5.52, 242.08, 1.8
PHY_169, 249.32, 242.08, 1.8
PHY_171, 249.32, 242.08, 1.8
input77, 249.32, 242.08, 1.8
FILLER_85_51, 28.02, 242.08, 1.8
FILLER_85_81, 40.52, 242.08, 1.8
FILLER_85_89, 40.52, 242.08, 1.8
FILLER_86_77, 40.52, 242.08, 1.8
FILLER_85_107, 53.02, 242.08, 1.8
FILLER_85_113, 53.02, 242.08, 1.8
FILLER_86_109, 53.02, 242.08, 1.8
_141_, 53.02, 242.08, 1.8
sb_8__0_.mux_top_track_42.sky130_fd_sc_hd__buf_4_0_, 53.02, 242.08, 1.8
FILLER_85_149, 78.02, 242.08, 1.8
FILLER_85_169, 78.02, 242.08, 1.8
FILLER_86_170, 78.02, 242.08, 1.8
sb_8__0_.mem_left_track_9.sky130_fd_sc_hd__dfrtp_1_0_, 78.02, 242.08, 1.8
sb_8__0_.mux_left_track_13.mux_l2_in_0_, 78.02, 242.08, 1.8
sb_8__0_.mux_left_track_9.mux_l1_in_0_, 78.02, 242.08, 1.8
FILLER_85_185, 90.52, 242.08, 1.8
sb_8__0_.mem_left_track_17.sky130_fd_sc_hd__dfrtp_1_0_, 90.52, 242.08, 1.8
sb_8__0_.mux_left_track_3.mux_l1_in_0_, 90.52, 242.08, 1.8
sb_8__0_.mux_left_track_33.mux_l2_in_0_, 90.52, 242.08, 1.8
FILLER_84_210, 103.02, 242.08, 1.8
FILLER_85_202, 103.02, 242.08, 1.8
FILLER_85_210, 103.02, 242.08, 1.8
FILLER_85_217, 103.02, 242.08, 1.8
FILLER_86_218, 103.02, 242.08, 1.8
_153_, 103.02, 242.08, 1.8
sb_8__0_.mem_left_track_35.sky130_fd_sc_hd__dfrtp_1_1_, 103.02, 242.08, 1.8
sb_8__0_.mux_left_track_35.mux_l2_in_0_, 103.02, 242.08, 1.8
sb_8__0_.mux_left_track_35.mux_l2_in_0__156, 103.02, 242.08, 1.8
ANTENNA_1, 128.02, 242.08, 1.8
ANTENNA_8, 128.02, 242.08, 1.8
FILLER_84_253, 128.02, 242.08, 1.8
FILLER_84_264, 128.02, 242.08, 1.8
FILLER_85_261, 128.02, 242.08, 1.8
FILLER_85_274, 128.02, 242.08, 1.8
sb_8__0_.mux_left_track_47.mux_l1_in_0_, 128.02, 242.08, 1.8
FILLER_86_298, 140.52, 242.08, 1.8
FILLER_85_329, 153.02, 242.08, 1.8
FILLER_85_385, 178.02, 242.08, 1.8
FILLER_86_413, 190.52, 242.08, 1.8
FILLER_85_441, 203.02, 242.08, 1.8
FILLER_84_469, 226.786, 242.08, 1.8
FILLER_85_497, 238.053, 242.08, 1.8
FILLER_85_517, 238.053, 242.08, 1.8
PHY_164, 5.52, 236.64, 1.8
PHY_166, 5.52, 236.64, 1.8
output100, 5.52, 236.64, 1.8
output99, 5.52, 236.64, 1.8
PHY_165, 249.32, 236.64, 1.8
PHY_167, 249.32, 236.64, 1.8
FILLER_83_45, 28.02, 236.64, 1.8
FILLER_83_53, 28.02, 236.64, 1.8
FILLER_84_77, 40.52, 236.64, 1.8
FILLER_83_103, 53.02, 236.64, 1.8
FILLER_83_96, 53.02, 236.64, 1.8
sb_8__0_.mux_top_track_34.sky130_fd_sc_hd__buf_4_0_, 53.02, 236.64, 1.8
sb_8__0_.mux_top_track_36.sky130_fd_sc_hd__buf_4_0_, 53.02, 236.64, 1.8
sb_8__0_.mux_top_track_48.sky130_fd_sc_hd__buf_4_0_, 53.02, 236.64, 1.8
sb_8__0_.mux_top_track_50.sky130_fd_sc_hd__buf_4_0_, 53.02, 236.64, 1.8
FILLER_83_153, 78.02, 236.64, 1.8
FILLER_83_169, 78.02, 236.64, 1.8
FILLER_84_167, 78.02, 236.64, 1.8
sb_8__0_.mux_left_track_15.mux_l2_in_0_, 78.02, 236.64, 1.8
FILLER_83_197, 90.52, 236.64, 1.8
FILLER_84_197, 90.52, 236.64, 1.8
sb_8__0_.mem_left_track_17.sky130_fd_sc_hd__dfrtp_1_1_, 90.52, 236.64, 1.8
sb_8__0_.mem_left_track_19.sky130_fd_sc_hd__dfrtp_1_0_, 90.52, 236.64, 1.8
FILLER_84_220, 103.02, 236.64, 1.8
sb_8__0_.mem_left_track_29.sky130_fd_sc_hd__dfrtp_1_0_, 103.02, 236.64, 1.8
sb_8__0_.mem_left_track_31.sky130_fd_sc_hd__dfrtp_1_1_, 103.02, 236.64, 1.8
sb_8__0_.mux_top_track_0.sky130_fd_sc_hd__buf_4_0_, 103.02, 236.64, 1.8
ANTENNA_2, 128.02, 236.64, 1.8
FILLER_83_258, 128.02, 236.64, 1.8
FILLER_83_264, 128.02, 236.64, 1.8
FILLER_83_277, 128.02, 236.64, 1.8
sb_8__0_.mux_left_track_1.mux_l1_in_0_, 128.02, 236.64, 1.8
sb_8__0_.mux_left_track_49.mux_l1_in_0_, 128.02, 236.64, 1.8
FILLER_84_301, 140.52, 236.64, 1.8
FILLER_83_329, 153.02, 236.64, 1.8
FILLER_83_385, 178.02, 236.64, 1.8
FILLER_84_413, 190.52, 236.64, 1.8
FILLER_83_441, 203.02, 236.64, 1.8
FILLER_82_469, 226.786, 236.64, 1.8
FILLER_83_497, 238.053, 236.64, 1.8
FILLER_83_517, 238.053, 236.64, 1.8
FILLER_84_513, 238.053, 236.64, 1.8
PHY_160, 5.52, 231.2, 1.8
PHY_162, 5.52, 231.2, 1.8
output98, 5.52, 231.2, 1.8
PHY_161, 249.32, 231.2, 1.8
PHY_163, 249.32, 231.2, 1.8
FILLER_81_36, 28.02, 231.2, 1.8
FILLER_81_46, 28.02, 231.2, 1.8
_125_, 28.02, 231.2, 1.8
FILLER_80_71, 40.52, 231.2, 1.8
FILLER_82_77, 40.52, 231.2, 1.8
sb_8__0_.mux_top_track_40.sky130_fd_sc_hd__buf_4_0_, 40.52, 231.2, 1.8
FILLER_82_112, 53.02, 231.2, 1.8
sb_8__0_.mux_left_track_5.mux_l2_in_0_, 53.02, 231.2, 1.8
sb_8__0_.mux_top_track_44.sky130_fd_sc_hd__buf_4_0_, 53.02, 231.2, 1.8
sb_8__0_.mux_top_track_46.sky130_fd_sc_hd__buf_4_0_, 53.02, 231.2, 1.8
FILLER_82_163, 78.02, 231.2, 1.8
FILLER_82_170, 78.02, 231.2, 1.8
sb_8__0_.mem_left_track_3.sky130_fd_sc_hd__dfrtp_1_1_, 78.02, 231.2, 1.8
sb_8__0_.mem_left_track_7.sky130_fd_sc_hd__dfrtp_1_1_, 78.02, 231.2, 1.8
sb_8__0_.mux_left_track_19.mux_l2_in_0__151, 78.02, 231.2, 1.8
sb_8__0_.mux_left_track_7.mux_l1_in_1__162, 78.02, 231.2, 1.8
FILLER_81_174, 90.52, 231.2, 1.8
FILLER_81_198, 90.52, 231.2, 1.8
FILLER_82_197, 90.52, 231.2, 1.8
sb_8__0_.mem_left_track_19.sky130_fd_sc_hd__dfrtp_1_1_, 90.52, 231.2, 1.8
sb_8__0_.mem_left_track_3.sky130_fd_sc_hd__dfrtp_1_0_, 90.52, 231.2, 1.8
FILLER_80_202, 103.02, 231.2, 1.8
FILLER_81_225, 103.02, 231.2, 1.8
FILLER_82_221, 103.02, 231.2, 1.8
sb_8__0_.mem_left_track_29.sky130_fd_sc_hd__dfrtp_1_1_, 103.02, 231.2, 1.8
sb_8__0_.mem_left_track_31.sky130_fd_sc_hd__dfrtp_1_0_, 103.02, 231.2, 1.8
sb_8__0_.mux_left_track_31.mux_l2_in_0__154, 103.02, 231.2, 1.8
ANTENNA_3, 128.02, 231.2, 1.8
FILLER_81_257, 128.02, 231.2, 1.8
FILLER_81_270, 128.02, 231.2, 1.8
sb_8__0_.mux_left_track_51.mux_l1_in_0_, 128.02, 231.2, 1.8
FILLER_82_301, 140.52, 231.2, 1.8
FILLER_81_329, 153.02, 231.2, 1.8
FILLER_81_385, 178.02, 231.2, 1.8
FILLER_82_413, 190.52, 231.2, 1.8
FILLER_81_441, 203.02, 231.2, 1.8
FILLER_80_469, 226.786, 231.2, 1.8
FILLER_80_501, 238.053, 231.2, 1.8
FILLER_81_497, 238.053, 231.2, 1.8
FILLER_81_517, 238.053, 231.2, 1.8
FILLER_79_3, 5.52, 225.76, 1.8
PHY_156, 5.52, 225.76, 1.8
PHY_158, 5.52, 225.76, 1.8
output97, 5.52, 225.76, 1.8
PHY_157, 249.32, 225.76, 1.8
PHY_159, 249.32, 225.76, 1.8
FILLER_79_51, 28.02, 225.76, 1.8
_127_, 28.02, 225.76, 1.8
FILLER_79_69, 40.52, 225.76, 1.8
FILLER_79_77, 40.52, 225.76, 1.8
FILLER_80_78, 40.52, 225.76, 1.8
sb_8__0_.mux_left_track_9.sky130_fd_sc_hd__buf_4_0_, 40.52, 225.76, 1.8
sb_8__0_.mux_top_track_38.sky130_fd_sc_hd__buf_4_0_, 40.52, 225.76, 1.8
FILLER_78_90, 53.02, 225.76, 1.8
FILLER_78_97, 53.02, 225.76, 1.8
FILLER_79_101, 53.02, 225.76, 1.8
FILLER_79_109, 53.02, 225.76, 1.8
sb_8__0_.mux_left_track_11.sky130_fd_sc_hd__buf_4_0_, 53.02, 225.76, 1.8
sb_8__0_.mux_left_track_13.sky130_fd_sc_hd__buf_4_0_, 53.02, 225.76, 1.8
sb_8__0_.mux_left_track_15.sky130_fd_sc_hd__buf_4_0_, 53.02, 225.76, 1.8
sb_8__0_.mux_top_track_32.sky130_fd_sc_hd__buf_4_0_, 53.02, 225.76, 1.8
FILLER_78_146, 78.02, 225.76, 1.8
FILLER_78_155, 78.02, 225.76, 1.8
FILLER_79_146, 78.02, 225.76, 1.8
FILLER_79_153, 78.02, 225.76, 1.8
FILLER_79_169, 78.02, 225.76, 1.8
FILLER_80_166, 78.02, 225.76, 1.8
sb_8__0_.mux_left_track_7.mux_l1_in_1_, 78.02, 225.76, 1.8
sb_8__0_.mux_top_track_18.sky130_fd_sc_hd__buf_4_0_, 78.02, 225.76, 1.8
sb_8__0_.mux_top_track_20.sky130_fd_sc_hd__buf_4_0_, 78.02, 225.76, 1.8
FILLER_78_181, 90.52, 225.76, 1.8
FILLER_79_188, 90.52, 225.76, 1.8
clkbuf_4_8_0_prog_clk, 90.52, 225.76, 1.8
sb_8__0_.mux_left_track_19.mux_l2_in_0_, 90.52, 225.76, 1.8
sb_8__0_.mux_left_track_45.mux_l2_in_0_, 90.52, 225.76, 1.8
FILLER_79_202, 103.02, 225.76, 1.8
FILLER_79_217, 103.02, 225.76, 1.8
clkbuf_4_9_0_prog_clk, 103.02, 225.76, 1.8
sb_8__0_.mem_left_track_1.sky130_fd_sc_hd__dfrtp_1_1_, 103.02, 225.76, 1.8
FILLER_78_265, 128.02, 225.76, 1.8
ANTENNA_19, 140.52, 225.76, 1.8
FILLER_78_288, 140.52, 225.76, 1.8
FILLER_80_301, 140.52, 225.76, 1.8
FILLER_79_329, 153.02, 225.76, 1.8
FILLER_79_385, 178.02, 225.76, 1.8
FILLER_80_413, 190.52, 225.76, 1.8
FILLER_79_441, 203.02, 225.76, 1.8
FILLER_78_469, 226.786, 225.76, 1.8
FILLER_79_497, 238.053, 225.76, 1.8
FILLER_79_517, 238.053, 225.76, 1.8
output81, 238.053, 225.76, 1.8
PHY_152, 5.52, 220.32, 1.8
PHY_154, 5.52, 220.32, 1.8
output95, 5.52, 220.32, 1.8
output96, 5.52, 220.32, 1.8
PHY_153, 249.32, 220.32, 1.8
PHY_155, 249.32, 220.32, 1.8
FILLER_77_51, 28.02, 220.32, 1.8
_119_, 28.02, 220.32, 1.8
FILLER_77_84, 40.52, 220.32, 1.8
FILLER_78_79, 40.52, 220.32, 1.8
_113_, 40.52, 220.32, 1.8
sb_8__0_.mux_left_track_3.sky130_fd_sc_hd__buf_4_0_, 40.52, 220.32, 1.8
sb_8__0_.mux_left_track_5.sky130_fd_sc_hd__buf_4_0_, 40.52, 220.32, 1.8
FILLER_76_97, 53.02, 220.32, 1.8
FILLER_77_109, 53.02, 220.32, 1.8
FILLER_77_113, 53.02, 220.32, 1.8
FILLER_78_104, 53.02, 220.32, 1.8
FILLER_78_111, 53.02, 220.32, 1.8
sb_8__0_.mux_left_track_7.sky130_fd_sc_hd__buf_4_0_, 53.02, 220.32, 1.8
sb_8__0_.mux_top_track_30.sky130_fd_sc_hd__buf_4_0_, 53.02, 220.32, 1.8
sb_8__0_.mux_top_track_34.mux_l2_in_0__178, 53.02, 220.32, 1.8
sb_8__0_.mux_top_track_36.mux_l2_in_0__179, 53.02, 220.32, 1.8
FILLER_76_146, 78.02, 220.32, 1.8
FILLER_78_168, 78.02, 220.32, 1.8
sb_8__0_.mem_top_track_50.sky130_fd_sc_hd__dfrtp_1_0_, 78.02, 220.32, 1.8
sb_8__0_.mux_left_track_17.mux_l2_in_0_, 78.02, 220.32, 1.8
sb_8__0_.mux_left_track_17.mux_l2_in_0__198, 78.02, 220.32, 1.8
FILLER_76_176, 90.52, 220.32, 1.8
FILLER_76_183, 90.52, 220.32, 1.8
FILLER_77_174, 90.52, 220.32, 1.8
FILLER_77_181, 90.52, 220.32, 1.8
FILLER_77_188, 90.52, 220.32, 1.8
sb_8__0_.mux_left_track_29.mux_l2_in_0_, 90.52, 220.32, 1.8
sb_8__0_.mux_left_track_31.mux_l2_in_0_, 90.52, 220.32, 1.8
sb_8__0_.mux_top_track_10.sky130_fd_sc_hd__buf_4_0_, 90.52, 220.32, 1.8
sb_8__0_.mux_top_track_6.sky130_fd_sc_hd__buf_4_0_, 90.52, 220.32, 1.8
sb_8__0_.mux_top_track_8.sky130_fd_sc_hd__buf_4_0_, 90.52, 220.32, 1.8
FILLER_76_209, 103.02, 220.32, 1.8
FILLER_77_201, 103.02, 220.32, 1.8
FILLER_77_217, 103.02, 220.32, 1.8
FILLER_78_219, 103.02, 220.32, 1.8
sb_8__0_.mux_left_track_1.mux_l1_in_1_, 103.02, 220.32, 1.8
sb_8__0_.mux_left_track_1.mux_l2_in_0_, 103.02, 220.32, 1.8
sb_8__0_.mux_left_track_47.mux_l2_in_0_, 103.02, 220.32, 1.8
ANTENNA_12, 128.02, 220.32, 1.8
FILLER_77_254, 128.02, 220.32, 1.8
FILLER_78_275, 128.02, 220.32, 1.8
sb_8__0_.mem_top_track_0.sky130_fd_sc_hd__dfrtp_1_1_, 128.02, 220.32, 1.8
sb_8__0_.mux_top_track_0.mux_l1_in_0_, 128.02, 220.32, 1.8
sb_8__0_.mux_top_track_0.mux_l2_in_0_, 128.02, 220.32, 1.8
FILLER_76_280, 140.52, 220.32, 1.8
FILLER_76_293, 140.52, 220.32, 1.8
sb_8__0_.mux_top_track_0.mux_l1_in_1_, 140.52, 220.32, 1.8
FILLER_77_329, 153.02, 220.32, 1.8
FILLER_77_385, 178.02, 220.32, 1.8
FILLER_78_413, 190.52, 220.32, 1.8
FILLER_77_441, 203.02, 220.32, 1.8
FILLER_76_469, 226.786, 220.32, 1.8
FILLER_77_497, 238.053, 220.32, 1.8
FILLER_77_517, 238.053, 220.32, 1.8
PHY_148, 5.52, 214.88, 1.8
PHY_150, 5.52, 214.88, 1.8
output93, 5.52, 214.88, 1.8
PHY_149, 249.32, 214.88, 1.8
PHY_151, 249.32, 214.88, 1.8
FILLER_75_45, 28.02, 214.88, 1.8
FILLER_75_53, 28.02, 214.88, 1.8
_118_, 28.02, 214.88, 1.8
FILLER_75_81, 40.52, 214.88, 1.8
FILLER_76_81, 40.52, 214.88, 1.8
_112_, 40.52, 214.88, 1.8
FILLER_74_90, 53.02, 214.88, 1.8
FILLER_75_90, 53.02, 214.88, 1.8
FILLER_75_97, 53.02, 214.88, 1.8
FILLER_76_106, 53.02, 214.88, 1.8
sb_8__0_.mem_top_track_42.sky130_fd_sc_hd__dfrtp_1_1_, 53.02, 214.88, 1.8
sb_8__0_.mux_top_track_28.sky130_fd_sc_hd__buf_4_0_, 53.02, 214.88, 1.8
sb_8__0_.mux_top_track_32.mux_l2_in_0_, 53.02, 214.88, 1.8
sb_8__0_.mux_top_track_36.mux_l2_in_0_, 53.02, 214.88, 1.8
sb_8__0_.mux_top_track_42.mux_l2_in_0_, 53.02, 214.88, 1.8
FILLER_74_153, 78.02, 214.88, 1.8
FILLER_75_145, 78.02, 214.88, 1.8
FILLER_75_158, 78.02, 214.88, 1.8
cbx_8__0_.cbx_8__0_.mux_top_ipin_3.mux_l2_in_3__193, 78.02, 214.88, 1.8
sb_8__0_.mux_top_track_12.sky130_fd_sc_hd__buf_4_0_, 78.02, 214.88, 1.8
sb_8__0_.mux_top_track_50.mux_l2_in_0_, 78.02, 214.88, 1.8
ANTENNA_6, 90.52, 214.88, 1.8
FILLER_74_180, 90.52, 214.88, 1.8
FILLER_75_174, 90.52, 214.88, 1.8
FILLER_75_181, 90.52, 214.88, 1.8
FILLER_76_197, 90.52, 214.88, 1.8
sb_8__0_.mem_left_track_1.sky130_fd_sc_hd__dfrtp_1_0_, 90.52, 214.88, 1.8
sb_8__0_.mux_left_track_29.mux_l2_in_0__152, 90.52, 214.88, 1.8
sb_8__0_.mux_top_track_16.sky130_fd_sc_hd__buf_4_0_, 90.52, 214.88, 1.8
FILLER_74_208, 103.02, 214.88, 1.8
FILLER_75_205, 103.02, 214.88, 1.8
FILLER_76_216, 103.02, 214.88, 1.8
sb_8__0_.mux_left_track_1.mux_l1_in_1__194, 103.02, 214.88, 1.8
sb_8__0_.mux_left_track_49.mux_l2_in_0__159, 103.02, 214.88, 1.8
sb_8__0_.mux_left_track_51.mux_l2_in_0_, 103.02, 214.88, 1.8
sb_8__0_.mux_top_track_0.mux_l3_in_0_, 103.02, 214.88, 1.8
ANTENNA_16, 128.02, 214.88, 1.8
FILLER_75_272, 128.02, 214.88, 1.8
ANTENNA_23, 140.52, 214.88, 1.8
FILLER_76_299, 140.52, 214.88, 1.8
FILLER_75_329, 153.02, 214.88, 1.8
FILLER_75_385, 178.02, 214.88, 1.8
FILLER_76_413, 190.52, 214.88, 1.8
FILLER_75_441, 203.02, 214.88, 1.8
FILLER_74_469, 226.786, 214.88, 1.8
FILLER_75_497, 238.053, 214.88, 1.8
FILLER_75_517, 238.053, 214.88, 1.8
PHY_144, 5.52, 209.44, 1.8
PHY_146, 5.52, 209.44, 1.8
output92, 5.52, 209.44, 1.8
PHY_145, 249.32, 209.44, 1.8
PHY_147, 249.32, 209.44, 1.8
FILLER_74_53, 28.02, 209.44, 1.8
_116_, 28.02, 209.44, 1.8
_117_, 28.02, 209.44, 1.8
cbx_8__0_.cbx_8__0_.mem_top_ipin_3.sky130_fd_sc_hd__dfrtp_1_3_, 28.02, 209.44, 1.8
FILLER_72_73, 40.52, 209.44, 1.8
sb_8__0_.mem_top_track_42.sky130_fd_sc_hd__dfrtp_1_0_, 40.52, 209.44, 1.8
sb_8__0_.mux_left_track_17.sky130_fd_sc_hd__buf_4_0_, 40.52, 209.44, 1.8
FILLER_72_97, 53.02, 209.44, 1.8
FILLER_73_103, 53.02, 209.44, 1.8
FILLER_74_114, 53.02, 209.44, 1.8
_107_, 53.02, 209.44, 1.8
clkbuf_4_3_0_prog_clk, 53.02, 209.44, 1.8
sb_8__0_.mem_top_track_36.sky130_fd_sc_hd__dfrtp_1_0_, 53.02, 209.44, 1.8
sb_8__0_.mux_left_track_19.sky130_fd_sc_hd__buf_4_0_, 53.02, 209.44, 1.8
FILLER_72_152, 78.02, 209.44, 1.8
FILLER_73_169, 78.02, 209.44, 1.8
sb_8__0_.mem_top_track_48.sky130_fd_sc_hd__dfrtp_1_0_, 78.02, 209.44, 1.8
sb_8__0_.mem_top_track_48.sky130_fd_sc_hd__dfrtp_1_1_, 78.02, 209.44, 1.8
sb_8__0_.mem_top_track_50.sky130_fd_sc_hd__dfrtp_1_1_, 78.02, 209.44, 1.8
ANTENNA_25, 90.52, 209.44, 1.8
FILLER_72_176, 90.52, 209.44, 1.8
FILLER_73_178, 90.52, 209.44, 1.8
FILLER_73_185, 90.52, 209.44, 1.8
FILLER_74_186, 90.52, 209.44, 1.8
_097_, 90.52, 209.44, 1.8
sb_8__0_.mux_left_track_51.mux_l2_in_0__161, 90.52, 209.44, 1.8
sb_8__0_.mux_top_track_0.mux_l2_in_1_, 90.52, 209.44, 1.8
sb_8__0_.mux_top_track_14.sky130_fd_sc_hd__buf_4_0_, 90.52, 209.44, 1.8
sb_8__0_.mux_top_track_2.sky130_fd_sc_hd__buf_4_0_, 90.52, 209.44, 1.8
sb_8__0_.mux_top_track_4.sky130_fd_sc_hd__buf_4_0_, 90.52, 209.44, 1.8
ANTENNA_7, 103.02, 209.44, 1.8
FILLER_72_208, 103.02, 209.44, 1.8
FILLER_73_209, 103.02, 209.44, 1.8
FILLER_73_225, 103.02, 209.44, 1.8
sb_8__0_.mem_left_track_51.sky130_fd_sc_hd__dfrtp_1_1_, 103.02, 209.44, 1.8
sb_8__0_.mux_top_track_48.mux_l1_in_0_, 103.02, 209.44, 1.8
sb_8__0_.mux_top_track_50.mux_l1_in_0_, 103.02, 209.44, 1.8
FILLER_73_275, 128.02, 209.44, 1.8
FILLER_74_301, 140.52, 209.44, 1.8
FILLER_73_329, 153.02, 209.44, 1.8
FILLER_73_385, 178.02, 209.44, 1.8
FILLER_74_413, 190.52, 209.44, 1.8
FILLER_73_441, 203.02, 209.44, 1.8
FILLER_72_469, 226.786, 209.44, 1.8
FILLER_73_497, 238.053, 209.44, 1.8
FILLER_73_517, 238.053, 209.44, 1.8
PHY_140, 5.52, 204, 1.8
PHY_142, 5.52, 204, 1.8
output90, 5.52, 204, 1.8
output91, 5.52, 204, 1.8
PHY_141, 249.32, 204, 1.8
PHY_143, 249.32, 204, 1.8
FILLER_71_45, 28.02, 204, 1.8
FILLER_71_53, 28.02, 204, 1.8
FILLER_71_57, 28.02, 204, 1.8
FILLER_72_54, 28.02, 204, 1.8
_108_, 28.02, 204, 1.8
_109_, 28.02, 204, 1.8
FILLER_70_69, 40.52, 204, 1.8
FILLER_71_64, 40.52, 204, 1.8
FILLER_71_72, 40.52, 204, 1.8
FILLER_71_86, 40.52, 204, 1.8
FILLER_72_85, 40.52, 204, 1.8
clkbuf_4_2_0_prog_clk, 40.52, 204, 1.8
sb_8__0_.mux_top_track_30.mux_l2_in_0__176, 40.52, 204, 1.8
sb_8__0_.mux_top_track_40.mux_l2_in_0_, 40.52, 204, 1.8
sb_8__0_.mux_top_track_40.mux_l2_in_0__182, 40.52, 204, 1.8
FILLER_70_96, 53.02, 204, 1.8
sb_8__0_.mem_top_track_34.sky130_fd_sc_hd__dfrtp_1_1_, 53.02, 204, 1.8
sb_8__0_.mem_top_track_36.sky130_fd_sc_hd__dfrtp_1_1_, 53.02, 204, 1.8
sb_8__0_.mux_top_track_48.mux_l1_in_1__186, 53.02, 204, 1.8
sb_8__0_.mem_top_track_46.sky130_fd_sc_hd__dfrtp_1_1_, 78.02, 204, 1.8
sb_8__0_.mux_top_track_20.mux_l2_in_0_, 78.02, 204, 1.8
ANTENNA_13, 90.52, 204, 1.8
FILLER_71_180, 90.52, 204, 1.8
FILLER_71_188, 90.52, 204, 1.8
FILLER_71_193, 90.52, 204, 1.8
FILLER_72_197, 90.52, 204, 1.8
sb_8__0_.mux_top_track_0.mux_l2_in_1__164, 90.52, 204, 1.8
sb_8__0_.mux_top_track_44.mux_l1_in_0_, 90.52, 204, 1.8
ANTENNA_22, 103.02, 204, 1.8
ANTENNA_27, 103.02, 204, 1.8
FILLER_70_205, 103.02, 204, 1.8
FILLER_71_206, 103.02, 204, 1.8
FILLER_71_225, 103.02, 204, 1.8
_096_, 103.02, 204, 1.8
sb_8__0_.mux_top_track_18.mux_l1_in_0_, 103.02, 204, 1.8
sb_8__0_.mux_top_track_46.mux_l1_in_0_, 103.02, 204, 1.8
FILLER_70_264, 128.02, 204, 1.8
FILLER_71_275, 128.02, 204, 1.8
sb_8__0_.mux_top_track_6.mux_l1_in_1_, 128.02, 204, 1.8
sb_8__0_.mux_top_track_8.mux_l1_in_0_, 128.02, 204, 1.8
FILLER_72_301, 140.52, 204, 1.8
FILLER_71_329, 153.02, 204, 1.8
FILLER_71_385, 178.02, 204, 1.8
FILLER_72_413, 190.52, 204, 1.8
FILLER_71_441, 203.02, 204, 1.8
FILLER_70_469, 226.786, 204, 1.8
FILLER_71_497, 238.053, 204, 1.8
FILLER_71_517, 238.053, 204, 1.8
PHY_136, 5.52, 198.56, 1.8
PHY_138, 5.52, 198.56, 1.8
output89, 5.52, 198.56, 1.8
PHY_137, 249.32, 198.56, 1.8
PHY_139, 249.32, 198.56, 1.8
FILLER_69_45, 28.02, 198.56, 1.8
FILLER_69_53, 28.02, 198.56, 1.8
FILLER_69_57, 28.02, 198.56, 1.8
cbx_8__0_.cbx_8__0_.mux_top_ipin_1.mux_l1_in_0_, 28.02, 198.56, 1.8
FILLER_69_68, 40.52, 198.56, 1.8
FILLER_69_76, 40.52, 198.56, 1.8
_106_, 40.52, 198.56, 1.8
sb_8__0_.mem_top_track_38.sky130_fd_sc_hd__dfrtp_1_0_, 40.52, 198.56, 1.8
sb_8__0_.mux_top_track_38.mux_l2_in_0_, 40.52, 198.56, 1.8
sb_8__0_.mux_top_track_38.mux_l2_in_0__180, 40.52, 198.56, 1.8
FILLER_68_96, 53.02, 198.56, 1.8
FILLER_69_100, 53.02, 198.56, 1.8
_105_, 53.02, 198.56, 1.8
sb_8__0_.mem_top_track_34.sky130_fd_sc_hd__dfrtp_1_0_, 53.02, 198.56, 1.8
sb_8__0_.mux_top_track_50.mux_l1_in_1_, 53.02, 198.56, 1.8
ANTENNA_5, 78.02, 198.56, 1.8
FILLER_69_148, 78.02, 198.56, 1.8
FILLER_69_161, 78.02, 198.56, 1.8
FILLER_69_169, 78.02, 198.56, 1.8
FILLER_70_163, 78.02, 198.56, 1.8
cbx_8__0_.cbx_8__0_.mem_top_ipin_0.sky130_fd_sc_hd__dfrtp_1_0_, 78.02, 198.56, 1.8
cbx_8__0_.cbx_8__0_.mux_top_ipin_3.mux_l2_in_3_, 78.02, 198.56, 1.8
sb_8__0_.mux_top_track_22.mux_l2_in_0_, 78.02, 198.56, 1.8
FILLER_68_181, 90.52, 198.56, 1.8
FILLER_70_197, 90.52, 198.56, 1.8
clkbuf_4_14_0_prog_clk, 90.52, 198.56, 1.8
sb_8__0_.mux_top_track_18.mux_l2_in_0_, 90.52, 198.56, 1.8
FILLER_70_218, 103.02, 198.56, 1.8
sb_8__0_.mem_top_track_2.sky130_fd_sc_hd__dfrtp_1_0_, 103.02, 198.56, 1.8
sb_8__0_.mem_top_track_6.sky130_fd_sc_hd__dfrtp_1_1_, 103.02, 198.56, 1.8
sb_8__0_.mem_top_track_8.sky130_fd_sc_hd__dfrtp_1_0_, 103.02, 198.56, 1.8
ANTENNA_14, 128.02, 198.56, 1.8
FILLER_69_273, 128.02, 198.56, 1.8
FILLER_69_329, 153.02, 198.56, 1.8
FILLER_69_385, 178.02, 198.56, 1.8
FILLER_70_413, 190.52, 198.56, 1.8
FILLER_69_441, 203.02, 198.56, 1.8
FILLER_68_469, 226.786, 198.56, 1.8
FILLER_69_497, 238.053, 198.56, 1.8
FILLER_69_517, 238.053, 198.56, 1.8
PHY_132, 5.52, 193.12, 1.8
PHY_134, 5.52, 193.12, 1.8
output88, 5.52, 193.12, 1.8
PHY_133, 249.32, 193.12, 1.8
PHY_135, 249.32, 193.12, 1.8
FILLER_66_41, 28.02, 193.12, 1.8
FILLER_67_39, 28.02, 193.12, 1.8
FILLER_68_52, 28.02, 193.12, 1.8
_103_, 28.02, 193.12, 1.8
_110_, 28.02, 193.12, 1.8
cbx_8__0_.cbx_8__0_.mux_top_ipin_2.mux_l1_in_0_, 28.02, 193.12, 1.8
cbx_8__0_.cbx_8__0_.mux_top_ipin_3.mux_l1_in_1_, 28.02, 193.12, 1.8
sb_8__0_.mem_top_track_40.sky130_fd_sc_hd__dfrtp_1_1_, 28.02, 193.12, 1.8
FILLER_67_63, 40.52, 193.12, 1.8
FILLER_67_76, 40.52, 193.12, 1.8
cbx_8__0_.cbx_8__0_.mem_top_ipin_3.sky130_fd_sc_hd__dfrtp_1_2_, 40.52, 193.12, 1.8
cbx_8__0_.cbx_8__0_.mux_top_ipin_3.mux_l2_in_0_, 40.52, 193.12, 1.8
cbx_8__0_.cbx_8__0_.mux_top_ipin_3.mux_l4_in_0_, 40.52, 193.12, 1.8
FILLER_66_97, 53.02, 193.12, 1.8
FILLER_67_100, 53.02, 193.12, 1.8
FILLER_67_113, 53.02, 193.12, 1.8
FILLER_68_112, 53.02, 193.12, 1.8
_098_, 53.02, 193.12, 1.8
cbx_8__0_.cbx_8__0_.mux_top_ipin_0.mux_l1_in_3_, 53.02, 193.12, 1.8
sb_8__0_.mux_top_track_48.mux_l1_in_1_, 53.02, 193.12, 1.8
FILLER_67_151, 78.02, 193.12, 1.8
FILLER_67_158, 78.02, 193.12, 1.8
FILLER_67_165, 78.02, 193.12, 1.8
FILLER_68_158, 78.02, 193.12, 1.8
FILLER_68_168, 78.02, 193.12, 1.8
cbx_8__0_.cbx_8__0_.mux_top_ipin_2.mux_l2_in_3_, 78.02, 193.12, 1.8
sb_8__0_.mux_left_track_49.sky130_fd_sc_hd__buf_4_0_, 78.02, 193.12, 1.8
sb_8__0_.mux_top_track_20.mux_l2_in_0__171, 78.02, 193.12, 1.8
sb_8__0_.mux_top_track_24.mux_l2_in_0__173, 78.02, 193.12, 1.8
ANTENNA_4, 90.52, 193.12, 1.8
FILLER_67_180, 90.52, 193.12, 1.8
FILLER_67_189, 90.52, 193.12, 1.8
sb_8__0_.mem_top_track_6.sky130_fd_sc_hd__dfrtp_1_2_, 90.52, 193.12, 1.8
sb_8__0_.mux_top_track_50.mux_l1_in_1__187, 90.52, 193.12, 1.8
sb_8__0_.mux_top_track_6.mux_l3_in_0_, 90.52, 193.12, 1.8
FILLER_67_213, 103.02, 193.12, 1.8
FILLER_67_221, 103.02, 193.12, 1.8
FILLER_67_225, 103.02, 193.12, 1.8
sb_8__0_.mem_top_track_8.sky130_fd_sc_hd__dfrtp_1_1_, 103.02, 193.12, 1.8
FILLER_67_275, 128.02, 193.12, 1.8
FILLER_68_301, 140.52, 193.12, 1.8
FILLER_67_329, 153.02, 193.12, 1.8
FILLER_67_385, 178.02, 193.12, 1.8
FILLER_68_413, 190.52, 193.12, 1.8
FILLER_67_441, 203.02, 193.12, 1.8
FILLER_66_469, 226.786, 193.12, 1.8
FILLER_67_497, 238.053, 193.12, 1.8
FILLER_67_517, 238.053, 193.12, 1.8
PHY_128, 5.52, 187.68, 1.8
PHY_130, 5.52, 187.68, 1.8
output86, 5.52, 187.68, 1.8
output87, 5.52, 187.68, 1.8
PHY_129, 249.32, 187.68, 1.8
PHY_131, 249.32, 187.68, 1.8
FILLER_64_41, 28.02, 187.68, 1.8
FILLER_65_37, 28.02, 187.68, 1.8
FILLER_65_57, 28.02, 187.68, 1.8
FILLER_66_54, 28.02, 187.68, 1.8
cbx_8__0_.cbx_8__0_.mux_top_ipin_0.mux_l1_in_1_, 28.02, 187.68, 1.8
cbx_8__0_.cbx_8__0_.mux_top_ipin_3.mux_l3_in_0_, 28.02, 187.68, 1.8
sb_8__0_.mem_top_track_38.sky130_fd_sc_hd__dfrtp_1_1_, 28.02, 187.68, 1.8
sb_8__0_.mem_top_track_40.sky130_fd_sc_hd__dfrtp_1_0_, 28.02, 187.68, 1.8
FILLER_64_66, 40.52, 187.68, 1.8
FILLER_65_82, 40.52, 187.68, 1.8
FILLER_66_85, 40.52, 187.68, 1.8
cbx_8__0_.cbx_8__0_.mux_top_ipin_0.mux_l1_in_0_, 40.52, 187.68, 1.8
cbx_8__0_.cbx_8__0_.mux_top_ipin_0.mux_l1_in_2_, 40.52, 187.68, 1.8
cbx_8__0_.cbx_8__0_.mux_top_ipin_3.mux_l3_in_1_, 40.52, 187.68, 1.8
FILLER_64_103, 53.02, 187.68, 1.8
FILLER_65_97, 53.02, 187.68, 1.8
FILLER_66_110, 53.02, 187.68, 1.8
clkbuf_4_0_0_prog_clk, 53.02, 187.68, 1.8
sb_8__0_.mux_top_track_46.mux_l1_in_1_, 53.02, 187.68, 1.8
sb_8__0_.mux_top_track_46.mux_l1_in_1__185, 53.02, 187.68, 1.8
FILLER_65_169, 78.02, 187.68, 1.8
FILLER_66_163, 78.02, 187.68, 1.8
sb_8__0_.mem_top_track_20.sky130_fd_sc_hd__dfrtp_1_1_, 78.02, 187.68, 1.8
sb_8__0_.mem_top_track_22.sky130_fd_sc_hd__dfrtp_1_0_, 78.02, 187.68, 1.8
sb_8__0_.mem_top_track_24.sky130_fd_sc_hd__dfrtp_1_0_, 78.02, 187.68, 1.8
FILLER_66_187, 90.52, 187.68, 1.8
sb_8__0_.mem_top_track_18.sky130_fd_sc_hd__dfrtp_1_1_, 90.52, 187.68, 1.8
sb_8__0_.mem_top_track_20.sky130_fd_sc_hd__dfrtp_1_0_, 90.52, 187.68, 1.8
FILLER_65_217, 103.02, 187.68, 1.8
FILLER_65_225, 103.02, 187.68, 1.8
clkbuf_4_12_0_prog_clk, 103.02, 187.68, 1.8
sb_8__0_.mem_top_track_10.sky130_fd_sc_hd__dfrtp_1_0_, 103.02, 187.68, 1.8
FILLER_66_301, 140.52, 187.68, 1.8
FILLER_65_329, 153.02, 187.68, 1.8
FILLER_65_385, 178.02, 187.68, 1.8
FILLER_66_413, 190.52, 187.68, 1.8
FILLER_65_441, 203.02, 187.68, 1.8
FILLER_64_469, 226.786, 187.68, 1.8
FILLER_65_497, 238.053, 187.68, 1.8
FILLER_65_517, 238.053, 187.68, 1.8
PHY_124, 5.52, 182.24, 1.8
PHY_126, 5.52, 182.24, 1.8
output85, 5.52, 182.24, 1.8
PHY_125, 249.32, 182.24, 1.8
PHY_127, 249.32, 182.24, 1.8
FILLER_62_41, 28.02, 182.24, 1.8
FILLER_63_41, 28.02, 182.24, 1.8
FILLER_63_57, 28.02, 182.24, 1.8
FILLER_64_53, 28.02, 182.24, 1.8
_102_, 28.02, 182.24, 1.8
cbx_8__0_.cbx_8__0_.mux_top_ipin_1.mux_l1_in_1_, 28.02, 182.24, 1.8
cbx_8__0_.cbx_8__0_.mux_top_ipin_2.mux_l1_in_1_, 28.02, 182.24, 1.8
cbx_8__0_.cbx_8__0_.mux_top_ipin_3.mux_l1_in_0_, 28.02, 182.24, 1.8
cbx_8__0_.cbx_8__0_.mux_top_ipin_3.mux_l1_in_2_, 28.02, 182.24, 1.8
FILLER_62_69, 40.52, 182.24, 1.8
FILLER_63_69, 40.52, 182.24, 1.8
FILLER_63_84, 40.52, 182.24, 1.8
FILLER_64_79, 40.52, 182.24, 1.8
FILLER_64_85, 40.52, 182.24, 1.8
cbx_8__0_.cbx_8__0_.mux_top_ipin_0.mux_l2_in_0_, 40.52, 182.24, 1.8
cbx_8__0_.cbx_8__0_.mux_top_ipin_1.mux_l1_in_3_, 40.52, 182.24, 1.8
cbx_8__0_.cbx_8__0_.mux_top_ipin_3.mux_l2_in_1_, 40.52, 182.24, 1.8
FILLER_63_113, 53.02, 182.24, 1.8
FILLER_63_97, 53.02, 182.24, 1.8
FILLER_64_111, 53.02, 182.24, 1.8
_104_, 53.02, 182.24, 1.8
sb_8__0_.mux_top_track_44.mux_l1_in_1_, 53.02, 182.24, 1.8
FILLER_63_152, 78.02, 182.24, 1.8
FILLER_63_165, 78.02, 182.24, 1.8
FILLER_64_167, 78.02, 182.24, 1.8
cbx_8__0_.cbx_8__0_.mux_top_ipin_2.mux_l2_in_3__192, 78.02, 182.24, 1.8
sb_8__0_.mux_top_track_24.mux_l1_in_0_, 78.02, 182.24, 1.8
ANTENNA_11, 90.52, 182.24, 1.8
FILLER_62_176, 90.52, 182.24, 1.8
FILLER_62_181, 90.52, 182.24, 1.8
FILLER_63_190, 90.52, 182.24, 1.8
FILLER_64_193, 90.52, 182.24, 1.8
sb_8__0_.mem_top_track_8.sky130_fd_sc_hd__dfrtp_1_2_, 90.52, 182.24, 1.8
sb_8__0_.mux_top_track_12.mux_l1_in_0_, 90.52, 182.24, 1.8
sb_8__0_.mux_top_track_8.mux_l3_in_0_, 90.52, 182.24, 1.8
FILLER_63_214, 103.02, 182.24, 1.8
sb_8__0_.mem_top_track_6.sky130_fd_sc_hd__dfrtp_1_0_, 103.02, 182.24, 1.8
FILLER_63_272, 128.02, 182.24, 1.8
FILLER_64_301, 140.52, 182.24, 1.8
FILLER_63_329, 153.02, 182.24, 1.8
FILLER_63_385, 178.02, 182.24, 1.8
FILLER_64_413, 190.52, 182.24, 1.8
FILLER_63_441, 203.02, 182.24, 1.8
FILLER_62_469, 226.786, 182.24, 1.8
FILLER_63_497, 238.053, 182.24, 1.8
FILLER_63_517, 238.053, 182.24, 1.8
PHY_120, 5.52, 176.8, 1.8
PHY_122, 5.52, 176.8, 1.8
output84, 5.52, 176.8, 1.8
PHY_121, 249.32, 176.8, 1.8
PHY_123, 249.32, 176.8, 1.8
FILLER_60_41, 28.02, 176.8, 1.8
FILLER_61_39, 28.02, 176.8, 1.8
FILLER_61_57, 28.02, 176.8, 1.8
FILLER_62_56, 28.02, 176.8, 1.8
cbx_8__0_.cbx_8__0_.mux_top_ipin_1.mux_l1_in_2_, 28.02, 176.8, 1.8
cbx_8__0_.cbx_8__0_.mux_top_ipin_1.mux_l2_in_0_, 28.02, 176.8, 1.8
cbx_8__0_.cbx_8__0_.mux_top_ipin_2.mux_l1_in_2_, 28.02, 176.8, 1.8
cbx_8__0_.cbx_8__0_.mux_top_ipin_2.mux_l2_in_0_, 28.02, 176.8, 1.8
FILLER_60_69, 40.52, 176.8, 1.8
FILLER_61_71, 40.52, 176.8, 1.8
FILLER_61_84, 40.52, 176.8, 1.8
cbx_8__0_.cbx_8__0_.mem_top_ipin_3.sky130_fd_sc_hd__dfrtp_1_1_, 40.52, 176.8, 1.8
cbx_8__0_.cbx_8__0_.mux_top_ipin_0.mux_l2_in_1_, 40.52, 176.8, 1.8
cbx_8__0_.cbx_8__0_.mux_top_ipin_3.mux_l1_in_3_, 40.52, 176.8, 1.8
sb_8__0_.mux_top_track_40.mux_l1_in_0_, 40.52, 176.8, 1.8
FILLER_61_113, 53.02, 176.8, 1.8
FILLER_61_97, 53.02, 176.8, 1.8
FILLER_62_110, 53.02, 176.8, 1.8
cbx_8__0_.cbx_8__0_.mem_top_ipin_0.sky130_fd_sc_hd__dfrtp_1_1_, 53.02, 176.8, 1.8
sb_8__0_.mux_top_track_28.mux_l2_in_0_, 53.02, 176.8, 1.8
sb_8__0_.mux_top_track_28.mux_l2_in_0__175, 53.02, 176.8, 1.8
sb_8__0_.mux_top_track_44.mux_l1_in_1__184, 53.02, 176.8, 1.8
FILLER_60_153, 78.02, 176.8, 1.8
FILLER_61_169, 78.02, 176.8, 1.8
sb_8__0_.mux_top_track_10.mux_l3_in_0_, 78.02, 176.8, 1.8
sb_8__0_.mux_top_track_20.mux_l1_in_0_, 78.02, 176.8, 1.8
FILLER_61_181, 90.52, 176.8, 1.8
FILLER_61_198, 90.52, 176.8, 1.8
FILLER_62_197, 90.52, 176.8, 1.8
sb_8__0_.mem_top_track_10.sky130_fd_sc_hd__dfrtp_1_2_, 90.52, 176.8, 1.8
sb_8__0_.mux_top_track_12.mux_l2_in_0_, 90.52, 176.8, 1.8
sb_8__0_.mux_top_track_14.mux_l1_in_0_, 90.52, 176.8, 1.8
sb_8__0_.mux_top_track_16.mux_l1_in_0_, 90.52, 176.8, 1.8
sb_8__0_.mem_top_track_10.sky130_fd_sc_hd__dfrtp_1_1_, 103.02, 176.8, 1.8
sb_8__0_.mux_top_track_4.mux_l2_in_0_, 103.02, 176.8, 1.8
FILLER_61_274, 128.02, 176.8, 1.8
FILLER_62_301, 140.52, 176.8, 1.8
FILLER_61_329, 153.02, 176.8, 1.8
FILLER_61_385, 178.02, 176.8, 1.8
FILLER_62_413, 190.52, 176.8, 1.8
FILLER_61_441, 203.02, 176.8, 1.8
FILLER_60_469, 226.786, 176.8, 1.8
FILLER_61_497, 238.053, 176.8, 1.8
FILLER_61_517, 238.053, 176.8, 1.8
PHY_116, 5.52, 171.36, 1.8
PHY_118, 5.52, 171.36, 1.8
output111, 5.52, 171.36, 1.8
output112, 5.52, 171.36, 1.8
PHY_117, 249.32, 171.36, 1.8
PHY_119, 249.32, 171.36, 1.8
FILLER_59_45, 28.02, 171.36, 1.8
FILLER_59_53, 28.02, 171.36, 1.8
FILLER_60_56, 28.02, 171.36, 1.8
cbx_8__0_.cbx_8__0_.mux_top_ipin_1.mux_l2_in_1_, 28.02, 171.36, 1.8
FILLER_59_79, 40.52, 171.36, 1.8
FILLER_60_85, 40.52, 171.36, 1.8
cbx_8__0_.cbx_8__0_.mux_top_ipin_2.mux_l1_in_3_, 40.52, 171.36, 1.8
sb_8__0_.mux_top_track_38.mux_l1_in_0_, 40.52, 171.36, 1.8
FILLER_59_105, 53.02, 171.36, 1.8
FILLER_59_113, 53.02, 171.36, 1.8
FILLER_59_92, 53.02, 171.36, 1.8
FILLER_60_114, 53.02, 171.36, 1.8
cbx_8__0_.cbx_8__0_.mux_top_ipin_0.mux_l2_in_3_, 53.02, 171.36, 1.8
cbx_8__0_.cbx_8__0_.mux_top_ipin_3.mux_l1_in_4_, 53.02, 171.36, 1.8
FILLER_59_169, 78.02, 171.36, 1.8
FILLER_60_166, 78.02, 171.36, 1.8
sb_8__0_.mem_top_track_18.sky130_fd_sc_hd__dfrtp_1_0_, 78.02, 171.36, 1.8
FILLER_59_197, 90.52, 171.36, 1.8
FILLER_60_197, 90.52, 171.36, 1.8
sb_8__0_.mem_top_track_12.sky130_fd_sc_hd__dfrtp_1_0_, 90.52, 171.36, 1.8
FILLER_60_215, 103.02, 171.36, 1.8
sb_8__0_.mem_top_track_2.sky130_fd_sc_hd__dfrtp_1_1_, 103.02, 171.36, 1.8
sb_8__0_.mem_top_track_4.sky130_fd_sc_hd__dfrtp_1_0_, 103.02, 171.36, 1.8
sb_8__0_.mux_top_track_2.mux_l2_in_0_, 103.02, 171.36, 1.8
FILLER_59_273, 128.02, 171.36, 1.8
FILLER_60_301, 140.52, 171.36, 1.8
FILLER_59_329, 153.02, 171.36, 1.8
FILLER_59_385, 178.02, 171.36, 1.8
FILLER_60_413, 190.52, 171.36, 1.8
FILLER_59_441, 203.02, 171.36, 1.8
FILLER_58_469, 226.786, 171.36, 1.8
FILLER_59_497, 238.053, 171.36, 1.8
FILLER_59_517, 238.053, 171.36, 1.8
PHY_112, 5.52, 165.92, 1.8
PHY_114, 5.52, 165.92, 1.8
output110, 5.52, 165.92, 1.8
PHY_113, 249.32, 165.92, 1.8
PHY_115, 249.32, 165.92, 1.8
FILLER_56_41, 28.02, 165.92, 1.8
FILLER_57_45, 28.02, 165.92, 1.8
FILLER_57_53, 28.02, 165.92, 1.8
FILLER_58_53, 28.02, 165.92, 1.8
_100_, 28.02, 165.92, 1.8
_101_, 28.02, 165.92, 1.8
cbx_8__0_.cbx_8__0_.mem_top_ipin_1.sky130_fd_sc_hd__dfrtp_1_1_, 28.02, 165.92, 1.8
FILLER_57_63, 40.52, 165.92, 1.8
FILLER_57_82, 40.52, 165.92, 1.8
FILLER_58_78, 40.52, 165.92, 1.8
cbx_8__0_.cbx_8__0_.mem_top_ipin_2.sky130_fd_sc_hd__dfrtp_1_1_, 40.52, 165.92, 1.8
cbx_8__0_.cbx_8__0_.mux_top_ipin_1.mux_l3_in_0_, 40.52, 165.92, 1.8
cbx_8__0_.cbx_8__0_.mux_top_ipin_2.mux_l2_in_1_, 40.52, 165.92, 1.8
FILLER_56_98, 53.02, 165.92, 1.8
FILLER_57_109, 53.02, 165.92, 1.8
FILLER_58_108, 53.02, 165.92, 1.8
cbx_8__0_.cbx_8__0_.mux_top_ipin_0.mux_l1_in_4_, 53.02, 165.92, 1.8
cbx_8__0_.cbx_8__0_.mux_top_ipin_1.mux_l1_in_4_, 53.02, 165.92, 1.8
FILLER_56_147, 78.02, 165.92, 1.8
FILLER_57_151, 78.02, 165.92, 1.8
FILLER_57_169, 78.02, 165.92, 1.8
FILLER_58_163, 78.02, 165.92, 1.8
clkbuf_4_6_0_prog_clk, 78.02, 165.92, 1.8
sb_8__0_.mem_top_track_12.sky130_fd_sc_hd__dfrtp_1_1_, 78.02, 165.92, 1.8
sb_8__0_.mux_top_track_6.mux_l2_in_1_, 78.02, 165.92, 1.8
FILLER_57_184, 90.52, 165.92, 1.8
FILLER_58_189, 90.52, 165.92, 1.8
FILLER_58_197, 90.52, 165.92, 1.8
clkbuf_4_7_0_prog_clk, 90.52, 165.92, 1.8
sb_8__0_.mux_top_track_2.mux_l3_in_0_, 90.52, 165.92, 1.8
sb_8__0_.mux_top_track_4.mux_l3_in_0_, 90.52, 165.92, 1.8
FILLER_57_221, 103.02, 165.92, 1.8
clkbuf_0_prog_clk, 103.02, 165.92, 1.8
FILLER_57_273, 128.02, 165.92, 1.8
FILLER_58_301, 140.52, 165.92, 1.8
FILLER_57_329, 153.02, 165.92, 1.8
FILLER_57_385, 178.02, 165.92, 1.8
FILLER_58_413, 190.52, 165.92, 1.8
FILLER_57_441, 203.02, 165.92, 1.8
FILLER_56_469, 226.786, 165.92, 1.8
FILLER_57_497, 238.053, 165.92, 1.8
FILLER_57_517, 238.053, 165.92, 1.8
PHY_108, 5.52, 160.48, 1.8
PHY_110, 5.52, 160.48, 1.8
output109, 5.52, 160.48, 1.8
PHY_109, 249.32, 160.48, 1.8
PHY_111, 249.32, 160.48, 1.8
FILLER_55_51, 28.02, 160.48, 1.8
FILLER_55_57, 28.02, 160.48, 1.8
FILLER_56_62, 28.02, 160.48, 1.8
FILLER_55_67, 40.52, 160.48, 1.8
FILLER_55_80, 40.52, 160.48, 1.8
FILLER_56_78, 40.52, 160.48, 1.8
FILLER_56_85, 40.52, 160.48, 1.8
cbx_8__0_.cbx_8__0_.mux_top_ipin_0.mux_l3_in_0_, 40.52, 160.48, 1.8
cbx_8__0_.cbx_8__0_.mux_top_ipin_1.mux_l2_in_3_, 40.52, 160.48, 1.8
cbx_8__0_.cbx_8__0_.mux_top_ipin_1.mux_l2_in_3__191, 40.52, 160.48, 1.8
cbx_8__0_.cbx_8__0_.mux_top_ipin_3.mux_l2_in_2_, 40.52, 160.48, 1.8
FILLER_55_106, 53.02, 160.48, 1.8
FILLER_55_93, 53.02, 160.48, 1.8
FILLER_56_111, 53.02, 160.48, 1.8
cbx_8__0_.cbx_8__0_.mux_top_ipin_0.mux_l2_in_3__190, 53.02, 160.48, 1.8
cbx_8__0_.cbx_8__0_.mux_top_ipin_2.mux_l3_in_0_, 53.02, 160.48, 1.8
sb_8__0_.mem_top_track_28.sky130_fd_sc_hd__dfrtp_1_1_, 53.02, 160.48, 1.8
FILLER_54_146, 78.02, 160.48, 1.8
FILLER_55_169, 78.02, 160.48, 1.8
FILLER_56_160, 78.02, 160.48, 1.8
FILLER_56_167, 78.02, 160.48, 1.8
sb_8__0_.mem_top_track_16.sky130_fd_sc_hd__dfrtp_1_1_, 78.02, 160.48, 1.8
sb_8__0_.mux_top_track_6.mux_l2_in_1__188, 78.02, 160.48, 1.8
sb_8__0_.mux_top_track_8.mux_l2_in_1_, 78.02, 160.48, 1.8
FILLER_55_194, 90.52, 160.48, 1.8
FILLER_56_197, 90.52, 160.48, 1.8
sb_8__0_.mem_top_track_2.sky130_fd_sc_hd__dfrtp_1_2_, 90.52, 160.48, 1.8
sb_8__0_.mem_top_track_4.sky130_fd_sc_hd__dfrtp_1_1_, 90.52, 160.48, 1.8
FILLER_55_219, 103.02, 160.48, 1.8
FILLER_55_273, 128.02, 160.48, 1.8
FILLER_56_301, 140.52, 160.48, 1.8
FILLER_55_329, 153.02, 160.48, 1.8
FILLER_55_385, 178.02, 160.48, 1.8
FILLER_56_413, 190.52, 160.48, 1.8
FILLER_55_441, 203.02, 160.48, 1.8
FILLER_54_469, 226.786, 160.48, 1.8
FILLER_55_497, 238.053, 160.48, 1.8
FILLER_55_517, 238.053, 160.48, 1.8
PHY_104, 5.52, 155.04, 1.8
PHY_106, 5.52, 155.04, 1.8
output107, 5.52, 155.04, 1.8
output108, 5.52, 155.04, 1.8
PHY_105, 249.32, 155.04, 1.8
PHY_107, 249.32, 155.04, 1.8
FILLER_53_45, 28.02, 155.04, 1.8
FILLER_53_53, 28.02, 155.04, 1.8
FILLER_54_53, 28.02, 155.04, 1.8
cbx_8__0_.cbx_8__0_.mem_top_ipin_1.sky130_fd_sc_hd__dfrtp_1_2_, 28.02, 155.04, 1.8
FILLER_52_65, 40.52, 155.04, 1.8
FILLER_53_81, 40.52, 155.04, 1.8
FILLER_54_80, 40.52, 155.04, 1.8
cbx_8__0_.cbx_8__0_.mem_top_ipin_0.sky130_fd_sc_hd__dfrtp_1_2_, 40.52, 155.04, 1.8
cbx_8__0_.cbx_8__0_.mem_top_ipin_1.sky130_fd_sc_hd__dfrtp_1_0_, 40.52, 155.04, 1.8
cbx_8__0_.cbx_8__0_.mux_top_ipin_1.mux_l3_in_1_, 40.52, 155.04, 1.8
FILLER_52_102, 53.02, 155.04, 1.8
FILLER_54_107, 53.02, 155.04, 1.8
FILLER_54_115, 53.02, 155.04, 1.8
cbx_8__0_.cbx_8__0_.mem_top_ipin_3.sky130_fd_sc_hd__dfrtp_1_0_, 53.02, 155.04, 1.8
clkbuf_4_5_0_prog_clk, 53.02, 155.04, 1.8
FILLER_52_146, 78.02, 155.04, 1.8
FILLER_53_169, 78.02, 155.04, 1.8
FILLER_54_159, 78.02, 155.04, 1.8
sb_8__0_.mem_top_track_14.sky130_fd_sc_hd__dfrtp_1_0_, 78.02, 155.04, 1.8
sb_8__0_.mem_top_track_14.sky130_fd_sc_hd__dfrtp_1_1_, 78.02, 155.04, 1.8
sb_8__0_.mem_top_track_16.sky130_fd_sc_hd__dfrtp_1_0_, 78.02, 155.04, 1.8
FILLER_53_177, 90.52, 155.04, 1.8
sb_8__0_.mem_top_track_4.sky130_fd_sc_hd__dfrtp_1_2_, 90.52, 155.04, 1.8
FILLER_53_273, 128.02, 155.04, 1.8
FILLER_54_301, 140.52, 155.04, 1.8
FILLER_53_329, 153.02, 155.04, 1.8
FILLER_53_385, 178.02, 155.04, 1.8
FILLER_54_413, 190.52, 155.04, 1.8
FILLER_53_441, 203.02, 155.04, 1.8
FILLER_52_469, 226.786, 155.04, 1.8
FILLER_53_497, 238.053, 155.04, 1.8
FILLER_53_517, 238.053, 155.04, 1.8
PHY_100, 5.52, 149.6, 1.8
PHY_102, 5.52, 149.6, 1.8
output106, 5.52, 149.6, 1.8
PHY_101, 249.32, 149.6, 1.8
PHY_103, 249.32, 149.6, 1.8
FILLER_51_45, 28.02, 149.6, 1.8
FILLER_51_53, 28.02, 149.6, 1.8
FILLER_51_69, 40.52, 149.6, 1.8
FILLER_52_85, 40.52, 149.6, 1.8
cbx_8__0_.cbx_8__0_.mem_top_ipin_2.sky130_fd_sc_hd__dfrtp_1_0_, 40.52, 149.6, 1.8
FILLER_51_113, 53.02, 149.6, 1.8
cbx_8__0_.cbx_8__0_.mem_top_ipin_0.sky130_fd_sc_hd__dfrtp_1_3_, 53.02, 149.6, 1.8
cbx_8__0_.cbx_8__0_.mem_top_ipin_2.sky130_fd_sc_hd__dfrtp_1_2_, 53.02, 149.6, 1.8
cbx_8__0_.cbx_8__0_.mem_top_ipin_2.sky130_fd_sc_hd__dfrtp_1_3_, 53.02, 149.6, 1.8
FILLER_51_149, 78.02, 149.6, 1.8
sb_8__0_.mux_top_track_10.mux_l2_in_1__165, 78.02, 149.6, 1.8
FILLER_51_217, 103.02, 149.6, 1.8
FILLER_51_273, 128.02, 149.6, 1.8
FILLER_52_301, 140.52, 149.6, 1.8
FILLER_51_329, 153.02, 149.6, 1.8
FILLER_51_385, 178.02, 149.6, 1.8
FILLER_52_413, 190.52, 149.6, 1.8
FILLER_51_441, 203.02, 149.6, 1.8
FILLER_50_469, 226.786, 149.6, 1.8
FILLER_51_497, 238.053, 149.6, 1.8
FILLER_51_517, 238.053, 149.6, 1.8
PHY_96, 5.52, 144.16, 1.8
PHY_98, 5.52, 144.16, 1.8
output105, 5.52, 144.16, 1.8
PHY_97, 249.32, 144.16, 1.8
PHY_99, 249.32, 144.16, 1.8
FILLER_49_51, 28.02, 144.16, 1.8
FILLER_48_65, 40.52, 144.16, 1.8
FILLER_49_89, 40.52, 144.16, 1.8
FILLER_50_77, 40.52, 144.16, 1.8
FILLER_50_85, 40.52, 144.16, 1.8
cbx_8__0_.cbx_8__0_.mem_top_ipin_1.sky130_fd_sc_hd__dfrtp_1_3_, 40.52, 144.16, 1.8
cbx_8__0_.cbx_8__0_.mux_top_ipin_1.mux_l2_in_2_, 40.52, 144.16, 1.8
FILLER_49_108, 53.02, 144.16, 1.8
FILLER_50_113, 53.02, 144.16, 1.8
cbx_8__0_.cbx_8__0_.mux_top_ipin_0.mux_l2_in_2_, 53.02, 144.16, 1.8
cbx_8__0_.cbx_8__0_.mux_top_ipin_0.mux_l3_in_1_, 53.02, 144.16, 1.8
FILLER_49_161, 78.02, 144.16, 1.8
FILLER_50_188, 90.52, 144.16, 1.8
FILLER_49_217, 103.02, 144.16, 1.8
FILLER_49_273, 128.02, 144.16, 1.8
FILLER_50_301, 140.52, 144.16, 1.8
FILLER_49_329, 153.02, 144.16, 1.8
FILLER_49_385, 178.02, 144.16, 1.8
FILLER_50_413, 190.52, 144.16, 1.8
FILLER_49_441, 203.02, 144.16, 1.8
FILLER_48_469, 226.786, 144.16, 1.8
FILLER_49_497, 238.053, 144.16, 1.8
FILLER_49_517, 238.053, 144.16, 1.8
PHY_92, 5.52, 138.72, 1.8
PHY_94, 5.52, 138.72, 1.8
output83, 5.52, 138.72, 1.8
output94, 5.52, 138.72, 1.8
PHY_93, 249.32, 138.72, 1.8
PHY_95, 249.32, 138.72, 1.8
FILLER_47_45, 28.02, 138.72, 1.8
FILLER_47_53, 28.02, 138.72, 1.8
FILLER_47_81, 40.52, 138.72, 1.8
FILLER_48_85, 40.52, 138.72, 1.8
FILLER_48_104, 53.02, 138.72, 1.8
cbx_8__0_.cbx_8__0_.mux_top_ipin_1.mux_l4_in_0_, 53.02, 138.72, 1.8
cbx_8__0_.cbx_8__0_.mux_top_ipin_2.mux_l2_in_2_, 53.02, 138.72, 1.8
FILLER_47_158, 78.02, 138.72, 1.8
FILLER_48_189, 90.52, 138.72, 1.8
FILLER_47_217, 103.02, 138.72, 1.8
FILLER_47_273, 128.02, 138.72, 1.8
FILLER_48_301, 140.52, 138.72, 1.8
FILLER_47_329, 153.02, 138.72, 1.8
FILLER_47_385, 178.02, 138.72, 1.8
FILLER_48_413, 190.52, 138.72, 1.8
FILLER_47_441, 203.02, 138.72, 1.8
FILLER_46_469, 226.786, 138.72, 1.8
FILLER_47_497, 238.053, 138.72, 1.8
FILLER_47_517, 238.053, 138.72, 1.8
PHY_88, 5.52, 133.28, 1.8
PHY_90, 5.52, 133.28, 1.8
input24, 5.52, 133.28, 1.8
PHY_89, 249.32, 133.28, 1.8
PHY_91, 249.32, 133.28, 1.8
FILLER_45_45, 28.02, 133.28, 1.8
FILLER_45_53, 28.02, 133.28, 1.8
FILLER_46_77, 40.52, 133.28, 1.8
FILLER_45_105, 53.02, 133.28, 1.8
FILLER_46_109, 53.02, 133.28, 1.8
cbx_8__0_.cbx_8__0_.mux_top_ipin_0.mux_l4_in_0_, 53.02, 133.28, 1.8
sb_8__0_.mux_top_track_28.mux_l1_in_0_, 53.02, 133.28, 1.8
FILLER_45_160, 78.02, 133.28, 1.8
FILLER_46_189, 90.52, 133.28, 1.8
FILLER_45_217, 103.02, 133.28, 1.8
FILLER_45_273, 128.02, 133.28, 1.8
FILLER_46_301, 140.52, 133.28, 1.8
FILLER_45_329, 153.02, 133.28, 1.8
FILLER_45_385, 178.02, 133.28, 1.8
FILLER_46_413, 190.52, 133.28, 1.8
FILLER_45_441, 203.02, 133.28, 1.8
FILLER_44_469, 226.786, 133.28, 1.8
FILLER_45_497, 238.053, 133.28, 1.8
FILLER_45_517, 238.053, 133.28, 1.8
PHY_84, 5.52, 127.84, 1.8
PHY_86, 5.52, 127.84, 1.8
input23, 5.52, 127.84, 1.8
PHY_85, 249.32, 127.84, 1.8
PHY_87, 249.32, 127.84, 1.8
FILLER_43_51, 28.02, 127.84, 1.8
FILLER_44_77, 40.52, 127.84, 1.8
FILLER_43_105, 53.02, 127.84, 1.8
sb_8__0_.mux_top_track_16.mux_l1_in_1_, 53.02, 127.84, 1.8
FILLER_43_161, 78.02, 127.84, 1.8
FILLER_44_189, 90.52, 127.84, 1.8
FILLER_43_217, 103.02, 127.84, 1.8
FILLER_43_273, 128.02, 127.84, 1.8
FILLER_44_301, 140.52, 127.84, 1.8
FILLER_43_329, 153.02, 127.84, 1.8
FILLER_43_385, 178.02, 127.84, 1.8
FILLER_44_413, 190.52, 127.84, 1.8
FILLER_43_441, 203.02, 127.84, 1.8
FILLER_42_469, 226.786, 127.84, 1.8
FILLER_43_497, 238.053, 127.84, 1.8
FILLER_43_517, 238.053, 127.84, 1.8
PHY_80, 5.52, 122.4, 1.8
PHY_82, 5.52, 122.4, 1.8
input21, 5.52, 122.4, 1.8
input22, 5.52, 122.4, 1.8
PHY_81, 249.32, 122.4, 1.8
PHY_83, 249.32, 122.4, 1.8
FILLER_41_45, 28.02, 122.4, 1.8
FILLER_41_53, 28.02, 122.4, 1.8
FILLER_42_77, 40.52, 122.4, 1.8
FILLER_40_97, 53.02, 122.4, 1.8
FILLER_41_108, 53.02, 122.4, 1.8
FILLER_42_108, 53.02, 122.4, 1.8
sb_8__0_.mux_top_track_14.mux_l1_in_1_, 53.02, 122.4, 1.8
sb_8__0_.mux_top_track_14.mux_l1_in_1__167, 53.02, 122.4, 1.8
sb_8__0_.mux_top_track_16.mux_l1_in_1__168, 53.02, 122.4, 1.8
FILLER_41_161, 78.02, 122.4, 1.8
FILLER_42_189, 90.52, 122.4, 1.8
FILLER_41_217, 103.02, 122.4, 1.8
FILLER_41_273, 128.02, 122.4, 1.8
FILLER_42_301, 140.52, 122.4, 1.8
FILLER_41_329, 153.02, 122.4, 1.8
FILLER_41_386, 178.02, 122.4, 1.8
FILLER_42_413, 190.52, 122.4, 1.8
FILLER_41_441, 203.02, 122.4, 1.8
FILLER_40_469, 226.786, 122.4, 1.8
FILLER_41_497, 238.053, 122.4, 1.8
FILLER_41_517, 238.053, 122.4, 1.8
PHY_76, 5.52, 116.96, 1.8
PHY_78, 5.52, 116.96, 1.8
input20, 5.52, 116.96, 1.8
PHY_77, 249.32, 116.96, 1.8
PHY_79, 249.32, 116.96, 1.8
FILLER_39_51, 28.02, 116.96, 1.8
FILLER_40_77, 40.52, 116.96, 1.8
FILLER_39_105, 53.02, 116.96, 1.8
FILLER_39_113, 53.02, 116.96, 1.8
FILLER_40_110, 53.02, 116.96, 1.8
FILLER_39_159, 78.02, 116.96, 1.8
FILLER_40_189, 90.52, 116.96, 1.8
FILLER_39_217, 103.02, 116.96, 1.8
FILLER_39_273, 128.02, 116.96, 1.8
FILLER_40_301, 140.52, 116.96, 1.8
FILLER_39_329, 153.02, 116.96, 1.8
FILLER_39_385, 178.02, 116.96, 1.8
FILLER_40_413, 190.52, 116.96, 1.8
FILLER_39_441, 203.02, 116.96, 1.8
FILLER_38_469, 226.786, 116.96, 1.8
FILLER_39_497, 238.053, 116.96, 1.8
FILLER_39_517, 238.053, 116.96, 1.8
PHY_72, 5.52, 111.52, 1.8
PHY_74, 5.52, 111.52, 1.8
input19, 5.52, 111.52, 1.8
PHY_73, 249.32, 111.52, 1.8
PHY_75, 249.32, 111.52, 1.8
FILLER_37_51, 28.02, 111.52, 1.8
FILLER_38_77, 40.52, 111.52, 1.8
FILLER_37_105, 53.02, 111.52, 1.8
FILLER_38_109, 53.02, 111.52, 1.8
FILLER_37_161, 78.02, 111.52, 1.8
FILLER_38_189, 90.52, 111.52, 1.8
FILLER_37_217, 103.02, 111.52, 1.8
FILLER_37_273, 128.02, 111.52, 1.8
FILLER_38_301, 140.52, 111.52, 1.8
FILLER_37_329, 153.02, 111.52, 1.8
FILLER_37_385, 178.02, 111.52, 1.8
FILLER_38_413, 190.52, 111.52, 1.8
FILLER_37_441, 203.02, 111.52, 1.8
FILLER_36_469, 226.786, 111.52, 1.8
FILLER_37_497, 238.053, 111.52, 1.8
FILLER_37_517, 238.053, 111.52, 1.8
PHY_68, 5.52, 106.08, 1.8
PHY_70, 5.52, 106.08, 1.8
input17, 5.52, 106.08, 1.8
input18, 5.52, 106.08, 1.8
PHY_69, 249.32, 106.08, 1.8
PHY_71, 249.32, 106.08, 1.8
FILLER_35_51, 28.02, 106.08, 1.8
FILLER_36_77, 40.52, 106.08, 1.8
FILLER_35_105, 53.02, 106.08, 1.8
FILLER_35_161, 78.02, 106.08, 1.8
FILLER_36_189, 90.52, 106.08, 1.8
FILLER_35_217, 103.02, 106.08, 1.8
FILLER_35_273, 128.02, 106.08, 1.8
FILLER_36_301, 140.52, 106.08, 1.8
FILLER_35_329, 153.02, 106.08, 1.8
FILLER_35_385, 178.02, 106.08, 1.8
FILLER_36_413, 190.52, 106.08, 1.8
FILLER_35_441, 203.02, 106.08, 1.8
FILLER_34_469, 226.786, 106.08, 1.8
FILLER_35_497, 238.053, 106.08, 1.8
FILLER_35_517, 238.053, 106.08, 1.8
PHY_64, 5.52, 100.64, 1.8
PHY_66, 5.52, 100.64, 1.8
input16, 5.52, 100.64, 1.8
PHY_65, 249.32, 100.64, 1.8
PHY_67, 249.32, 100.64, 1.8
FILLER_33_51, 28.02, 100.64, 1.8
FILLER_34_77, 40.52, 100.64, 1.8
FILLER_33_105, 53.02, 100.64, 1.8
FILLER_33_165, 78.02, 100.64, 1.8
cbx_8__0_.cbx_8__0_.mux_top_ipin_0.sky130_fd_sc_hd__buf_4_0_, 78.02, 100.64, 1.8
cbx_8__0_.cbx_8__0_.mux_top_ipin_2.sky130_fd_sc_hd__buf_4_0_, 78.02, 100.64, 1.8
FILLER_34_185, 90.52, 100.64, 1.8
FILLER_34_193, 90.52, 100.64, 1.8
FILLER_33_217, 103.02, 100.64, 1.8
FILLER_33_273, 128.02, 100.64, 1.8
FILLER_33_305, 140.52, 100.64, 1.8
FILLER_34_301, 140.52, 100.64, 1.8
cbx_8__0_.grid_io_bottom_bottom_8__0_.logical_tile_io_mode_io__3.logical_tile_io_mode_physical__iopad_0.io_0_.ISOL_EN_GATE, 153.02, 100.64, 1.8
FILLER_33_385, 178.02, 100.64, 1.8
FILLER_34_413, 190.52, 100.64, 1.8
FILLER_33_441, 203.02, 100.64, 1.8
FILLER_32_469, 226.786, 100.64, 1.8
FILLER_33_497, 238.053, 100.64, 1.8
FILLER_33_517, 238.053, 100.64, 1.8
PHY_60, 5.52, 95.2, 1.8
PHY_62, 5.52, 95.2, 1.8
input15, 5.52, 95.2, 1.8
PHY_61, 249.32, 95.2, 1.8
PHY_63, 249.32, 95.2, 1.8
FILLER_31_51, 28.02, 95.2, 1.8
FILLER_32_77, 40.52, 95.2, 1.8
FILLER_31_105, 53.02, 95.2, 1.8
FILLER_31_161, 78.02, 95.2, 1.8
FILLER_32_189, 90.52, 95.2, 1.8
FILLER_31_217, 103.02, 95.2, 1.8
FILLER_31_273, 128.02, 95.2, 1.8
FILLER_32_301, 140.52, 95.2, 1.8
FILLER_31_329, 153.02, 95.2, 1.8
FILLER_31_385, 178.02, 95.2, 1.8
FILLER_32_413, 190.52, 95.2, 1.8
FILLER_31_441, 203.02, 95.2, 1.8
FILLER_30_469, 226.786, 95.2, 1.8
FILLER_31_497, 238.053, 95.2, 1.8
FILLER_31_517, 238.053, 95.2, 1.8
PHY_56, 5.52, 89.76, 1.8
PHY_58, 5.52, 89.76, 1.8
input12, 5.52, 89.76, 1.8
input13, 5.52, 89.76, 1.8
PHY_57, 249.32, 89.76, 1.8
PHY_59, 249.32, 89.76, 1.8
FILLER_30_77, 40.52, 89.76, 1.8
FILLER_29_105, 53.02, 89.76, 1.8
FILLER_29_161, 78.02, 89.76, 1.8
FILLER_30_189, 90.52, 89.76, 1.8
FILLER_29_217, 103.02, 89.76, 1.8
FILLER_28_253, 128.02, 89.76, 1.8
FILLER_29_273, 128.02, 89.76, 1.8
cbx_8__0_.grid_io_bottom_bottom_8__0_.logical_tile_io_mode_io__3.logical_tile_io_mode_physical__iopad_0.io_0_.IN_PROTECT_GATE, 128.02, 89.76, 1.8
FILLER_28_280, 140.52, 89.76, 1.8
FILLER_30_301, 140.52, 89.76, 1.8
cbx_8__0_.grid_io_bottom_bottom_8__0_.logical_tile_io_mode_io__2.logical_tile_io_mode_physical__iopad_0.io_0_.IN_PROTECT_GATE, 140.52, 89.76, 1.8
FILLER_29_329, 153.02, 89.76, 1.8
FILLER_29_385, 178.02, 89.76, 1.8
FILLER_30_413, 190.52, 89.76, 1.8
FILLER_29_441, 203.02, 89.76, 1.8
FILLER_28_469, 226.786, 89.76, 1.8
FILLER_29_497, 238.053, 89.76, 1.8
FILLER_29_517, 238.053, 89.76, 1.8
PHY_52, 5.52, 84.32, 1.8
PHY_54, 5.52, 84.32, 1.8
input11, 5.52, 84.32, 1.8
PHY_53, 249.32, 84.32, 1.8
PHY_55, 249.32, 84.32, 1.8
FILLER_27_45, 28.02, 84.32, 1.8
FILLER_27_53, 28.02, 84.32, 1.8
FILLER_28_77, 40.52, 84.32, 1.8
FILLER_27_105, 53.02, 84.32, 1.8
FILLER_27_161, 78.02, 84.32, 1.8
FILLER_27_169, 78.02, 84.32, 1.8
FILLER_28_189, 90.52, 84.32, 1.8
cbx_8__0_.grid_io_bottom_bottom_8__0_.logical_tile_io_mode_io__3.logical_tile_io_mode_physical__iopad_0.io_0_.OUT_PROTECT_GATE, 90.52, 84.32, 1.8
FILLER_27_218, 103.02, 84.32, 1.8
FILLER_27_276, 128.02, 84.32, 1.8
cbx_8__0_.grid_io_bottom_bottom_8__0_.logical_tile_io_mode_io__2.logical_tile_io_mode_physical__iopad_0.io_sky130_fd_sc_hd__dfrtp_1_mem.sky130_fd_sc_hd__dfrtp_1_0_, 128.02, 84.32, 1.8
FILLER_27_293, 140.52, 84.32, 1.8
FILLER_28_305, 140.52, 84.32, 1.8
cbx_8__0_.grid_io_bottom_bottom_8__0_.logical_tile_io_mode_io__1.logical_tile_io_mode_physical__iopad_0.io_0_.IN_PROTECT_GATE, 140.52, 84.32, 1.8
FILLER_27_385, 178.02, 84.32, 1.8
FILLER_28_413, 190.52, 84.32, 1.8
FILLER_27_441, 203.02, 84.32, 1.8
FILLER_26_469, 226.786, 84.32, 1.8
FILLER_27_497, 238.053, 84.32, 1.8
FILLER_27_517, 238.053, 84.32, 1.8
PHY_48, 5.52, 78.88, 1.8
PHY_50, 5.52, 78.88, 1.8
input10, 5.52, 78.88, 1.8
PHY_49, 249.32, 78.88, 1.8
PHY_51, 249.32, 78.88, 1.8
FILLER_25_51, 28.02, 78.88, 1.8
FILLER_26_77, 40.52, 78.88, 1.8
FILLER_25_105, 53.02, 78.88, 1.8
FILLER_25_161, 78.02, 78.88, 1.8
FILLER_26_189, 90.52, 78.88, 1.8
FILLER_25_217, 103.02, 78.88, 1.8
FILLER_24_265, 128.02, 78.88, 1.8
FILLER_25_273, 128.02, 78.88, 1.8
FILLER_26_301, 140.52, 78.88, 1.8
FILLER_25_329, 153.02, 78.88, 1.8
FILLER_26_321, 153.02, 78.88, 1.8
cbx_8__0_.grid_io_bottom_bottom_8__0_.logical_tile_io_mode_io__0.logical_tile_io_mode_physical__iopad_0.io_0_.IN_PROTECT_GATE, 153.02, 78.88, 1.8
FILLER_25_385, 178.02, 78.88, 1.8
FILLER_26_413, 190.52, 78.88, 1.8
FILLER_25_441, 203.02, 78.88, 1.8
FILLER_24_469, 226.786, 78.88, 1.8
FILLER_25_497, 238.053, 78.88, 1.8
FILLER_25_517, 238.053, 78.88, 1.8
PHY_44, 5.52, 73.44, 1.8
PHY_46, 5.52, 73.44, 1.8
input8, 5.52, 73.44, 1.8
input9, 5.52, 73.44, 1.8
PHY_45, 249.32, 73.44, 1.8
PHY_47, 249.32, 73.44, 1.8
FILLER_23_51, 28.02, 73.44, 1.8
FILLER_24_77, 40.52, 73.44, 1.8
FILLER_23_105, 53.02, 73.44, 1.8
FILLER_23_161, 78.02, 73.44, 1.8
FILLER_24_189, 90.52, 73.44, 1.8
FILLER_23_217, 103.02, 73.44, 1.8
FILLER_22_253, 128.02, 73.44, 1.8
cbx_8__0_.grid_io_bottom_bottom_8__0_.logical_tile_io_mode_io__1.logical_tile_io_mode_physical__iopad_0.io_0_.INV_SOC_DIR, 128.02, 73.44, 1.8
cbx_8__0_.grid_io_bottom_bottom_8__0_.logical_tile_io_mode_io__2.logical_tile_io_mode_physical__iopad_0.io_0_.ISOL_EN_GATE, 128.02, 73.44, 1.8
FILLER_24_300, 140.52, 73.44, 1.8
FILLER_23_329, 153.02, 73.44, 1.8
FILLER_23_385, 178.02, 73.44, 1.8
FILLER_24_413, 190.52, 73.44, 1.8
FILLER_23_441, 203.02, 73.44, 1.8
FILLER_22_469, 226.786, 73.44, 1.8
FILLER_23_497, 238.053, 73.44, 1.8
FILLER_23_517, 238.053, 73.44, 1.8
PHY_40, 5.52, 68, 1.8
PHY_42, 5.52, 68, 1.8
input7, 5.52, 68, 1.8
PHY_41, 249.32, 68, 1.8
PHY_43, 249.32, 68, 1.8
FILLER_22_77, 40.52, 68, 1.8
FILLER_21_105, 53.02, 68, 1.8
FILLER_21_161, 78.02, 68, 1.8
FILLER_21_181, 90.52, 68, 1.8
FILLER_21_198, 90.52, 68, 1.8
FILLER_22_189, 90.52, 68, 1.8
cbx_8__0_.grid_io_bottom_bottom_8__0_.logical_tile_io_mode_io__2.logical_tile_io_mode_physical__iopad_0.io_0_.OUT_PROTECT_GATE, 90.52, 68, 1.8
cbx_8__0_.grid_io_bottom_bottom_8__0_.logical_tile_io_mode_io__1.logical_tile_io_mode_physical__iopad_0.io_sky130_fd_sc_hd__dfrtp_1_mem.sky130_fd_sc_hd__dfrtp_1_0_, 103.02, 68, 1.8
ANTENNA_26, 128.02, 68, 1.8
FILLER_20_261, 128.02, 68, 1.8
FILLER_21_273, 128.02, 68, 1.8
cbx_8__0_.grid_io_bottom_bottom_8__0_.logical_tile_io_mode_io__1.logical_tile_io_mode_physical__iopad_0.io_0_.ISOL_EN_GATE, 128.02, 68, 1.8
FILLER_22_301, 140.52, 68, 1.8
cbx_8__0_.grid_io_bottom_bottom_8__0_.logical_tile_io_mode_io__0.logical_tile_io_mode_physical__iopad_0.io_0_.INV_SOC_DIR, 140.52, 68, 1.8
FILLER_21_385, 178.02, 68, 1.8
FILLER_22_413, 190.52, 68, 1.8
FILLER_21_441, 203.02, 68, 1.8
FILLER_20_469, 226.786, 68, 1.8
FILLER_21_497, 238.053, 68, 1.8
FILLER_21_517, 238.053, 68, 1.8
PHY_36, 5.52, 62.56, 1.8
PHY_38, 5.52, 62.56, 1.8
input6, 5.52, 62.56, 1.8
PHY_37, 249.32, 62.56, 1.8
PHY_39, 249.32, 62.56, 1.8
FILLER_19_51, 28.02, 62.56, 1.8
FILLER_20_77, 40.52, 62.56, 1.8
FILLER_19_105, 53.02, 62.56, 1.8
FILLER_19_161, 78.02, 62.56, 1.8
FILLER_19_193, 90.52, 62.56, 1.8
FILLER_20_189, 90.52, 62.56, 1.8
cbx_8__0_.grid_io_bottom_bottom_8__0_.logical_tile_io_mode_io__1.logical_tile_io_mode_physical__iopad_0.io_0_.OUT_PROTECT_GATE, 90.52, 62.56, 1.8
FILLER_19_204, 103.02, 62.56, 1.8
cbx_8__0_.grid_io_bottom_bottom_8__0_.logical_tile_io_mode_io__0.logical_tile_io_mode_physical__iopad_0.io_0_.OUT_PROTECT_GATE, 103.02, 62.56, 1.8
FILLER_19_273, 128.02, 62.56, 1.8
FILLER_20_303, 140.52, 62.56, 1.8
FILLER_19_329, 153.02, 62.56, 1.8
FILLER_19_385, 178.02, 62.56, 1.8
FILLER_20_413, 190.52, 62.56, 1.8
FILLER_19_441, 203.02, 62.56, 1.8
FILLER_18_469, 226.786, 62.56, 1.8
FILLER_19_497, 238.053, 62.56, 1.8
FILLER_19_517, 238.053, 62.56, 1.8
PHY_32, 5.52, 57.12, 1.8
PHY_34, 5.52, 57.12, 1.8
input4, 5.52, 57.12, 1.8
input5, 5.52, 57.12, 1.8
PHY_33, 249.32, 57.12, 1.8
PHY_35, 249.32, 57.12, 1.8
FILLER_17_45, 28.02, 57.12, 1.8
FILLER_17_53, 28.02, 57.12, 1.8
FILLER_18_77, 40.52, 57.12, 1.8
FILLER_17_105, 53.02, 57.12, 1.8
FILLER_17_161, 78.02, 57.12, 1.8
FILLER_18_189, 90.52, 57.12, 1.8
FILLER_17_217, 103.02, 57.12, 1.8
FILLER_17_273, 128.02, 57.12, 1.8
FILLER_18_301, 140.52, 57.12, 1.8
FILLER_17_329, 153.02, 57.12, 1.8
FILLER_17_385, 178.02, 57.12, 1.8
FILLER_18_413, 190.52, 57.12, 1.8
FILLER_17_441, 203.02, 57.12, 1.8
FILLER_16_469, 226.786, 57.12, 1.8
FILLER_17_497, 238.053, 57.12, 1.8
FILLER_17_517, 238.053, 57.12, 1.8
PHY_28, 5.52, 51.68, 1.8
PHY_30, 5.52, 51.68, 1.8
input32, 5.52, 51.68, 1.8
PHY_29, 249.32, 51.68, 1.8
PHY_31, 249.32, 51.68, 1.8
FILLER_15_45, 28.02, 51.68, 1.8
FILLER_15_53, 28.02, 51.68, 1.8
FILLER_16_77, 40.52, 51.68, 1.8
FILLER_15_105, 53.02, 51.68, 1.8
FILLER_15_161, 78.02, 51.68, 1.8
FILLER_16_189, 90.52, 51.68, 1.8
ANTENNA_9, 103.02, 51.68, 1.8
FILLER_15_217, 103.02, 51.68, 1.8
FILLER_16_223, 103.02, 51.68, 1.8
FILLER_15_273, 128.02, 51.68, 1.8
FILLER_16_301, 140.52, 51.68, 1.8
FILLER_15_329, 153.02, 51.68, 1.8
FILLER_15_385, 178.02, 51.68, 1.8
FILLER_16_413, 190.52, 51.68, 1.8
FILLER_15_441, 203.02, 51.68, 1.8
FILLER_14_469, 226.786, 51.68, 1.8
FILLER_15_497, 238.053, 51.68, 1.8
FILLER_15_517, 238.053, 51.68, 1.8
PHY_24, 5.52, 46.24, 1.8
PHY_26, 5.52, 46.24, 1.8
input31, 5.52, 46.24, 1.8
PHY_25, 249.32, 46.24, 1.8
PHY_27, 249.32, 46.24, 1.8
FILLER_13_51, 28.02, 46.24, 1.8
FILLER_14_77, 40.52, 46.24, 1.8
FILLER_13_105, 53.02, 46.24, 1.8
FILLER_13_161, 78.02, 46.24, 1.8
FILLER_12_177, 90.52, 46.24, 1.8
FILLER_14_189, 90.52, 46.24, 1.8
FILLER_13_217, 103.02, 46.24, 1.8
FILLER_13_273, 128.02, 46.24, 1.8
FILLER_14_301, 140.52, 46.24, 1.8
FILLER_13_329, 153.02, 46.24, 1.8
FILLER_13_385, 178.02, 46.24, 1.8
FILLER_14_413, 190.52, 46.24, 1.8
FILLER_13_441, 203.02, 46.24, 1.8
FILLER_12_469, 226.786, 46.24, 1.8
FILLER_13_497, 238.053, 46.24, 1.8
FILLER_13_517, 238.053, 46.24, 1.8
PHY_20, 5.52, 40.8, 1.8
PHY_22, 5.52, 40.8, 1.8
input29, 5.52, 40.8, 1.8
input30, 5.52, 40.8, 1.8
PHY_21, 249.32, 40.8, 1.8
PHY_23, 249.32, 40.8, 1.8
FILLER_12_77, 40.52, 40.8, 1.8
FILLER_10_97, 53.02, 40.8, 1.8
FILLER_11_105, 53.02, 40.8, 1.8
cbx_8__0_.grid_io_bottom_bottom_8__0_.logical_tile_io_mode_io__0.logical_tile_io_mode_physical__iopad_0.io_sky130_fd_sc_hd__dfrtp_1_mem.sky130_fd_sc_hd__dfrtp_1_0_, 53.02, 40.8, 1.8
FILLER_11_161, 78.02, 40.8, 1.8
FILLER_12_190, 90.52, 40.8, 1.8
_160_, 90.52, 40.8, 1.8
FILLER_11_217, 103.02, 40.8, 1.8
FILLER_11_273, 128.02, 40.8, 1.8
FILLER_12_301, 140.52, 40.8, 1.8
FILLER_11_329, 153.02, 40.8, 1.8
FILLER_11_385, 178.02, 40.8, 1.8
FILLER_12_413, 190.52, 40.8, 1.8
FILLER_11_441, 203.02, 40.8, 1.8
FILLER_10_469, 226.786, 40.8, 1.8
FILLER_11_497, 238.053, 40.8, 1.8
FILLER_11_517, 238.053, 40.8, 1.8
PHY_16, 5.52, 35.36, 1.8
PHY_18, 5.52, 35.36, 1.8
input28, 5.52, 35.36, 1.8
PHY_17, 249.32, 35.36, 1.8
PHY_19, 249.32, 35.36, 1.8
FILLER_9_45, 28.02, 35.36, 1.8
FILLER_9_53, 28.02, 35.36, 1.8
FILLER_10_77, 40.52, 35.36, 1.8
FILLER_9_105, 53.02, 35.36, 1.8
FILLER_9_161, 78.02, 35.36, 1.8
_157_, 78.02, 35.36, 1.8
FILLER_10_189, 90.52, 35.36, 1.8
FILLER_8_209, 103.02, 35.36, 1.8
FILLER_9_217, 103.02, 35.36, 1.8
FILLER_9_273, 128.02, 35.36, 1.8
FILLER_10_301, 140.52, 35.36, 1.8
FILLER_9_329, 153.02, 35.36, 1.8
FILLER_9_385, 178.02, 35.36, 1.8
FILLER_10_413, 190.52, 35.36, 1.8
FILLER_9_441, 203.02, 35.36, 1.8
FILLER_8_469, 226.786, 35.36, 1.8
FILLER_9_497, 238.053, 35.36, 1.8
FILLER_9_517, 238.053, 35.36, 1.8
PHY_12, 5.52, 29.92, 1.8
PHY_14, 5.52, 29.92, 1.8
input27, 5.52, 29.92, 1.8
PHY_13, 249.32, 29.92, 1.8
PHY_15, 249.32, 29.92, 1.8
FILLER_7_51, 28.02, 29.92, 1.8
FILLER_8_77, 40.52, 29.92, 1.8
FILLER_7_105, 53.02, 29.92, 1.8
FILLER_7_161, 78.02, 29.92, 1.8
_158_, 78.02, 29.92, 1.8
FILLER_8_190, 90.52, 29.92, 1.8
_159_, 103.02, 29.92, 1.8
_161_, 103.02, 29.92, 1.8
FILLER_7_257, 128.02, 29.92, 1.8
FILLER_7_276, 128.02, 29.92, 1.8
_163_, 128.02, 29.92, 1.8
FILLER_8_301, 140.52, 29.92, 1.8
FILLER_7_329, 153.02, 29.92, 1.8
FILLER_7_385, 178.02, 29.92, 1.8
FILLER_8_413, 190.52, 29.92, 1.8
FILLER_7_441, 203.02, 29.92, 1.8
FILLER_6_469, 226.786, 29.92, 1.8
FILLER_7_497, 238.053, 29.92, 1.8
FILLER_7_517, 238.053, 29.92, 1.8
PHY_10, 5.52, 24.48, 1.8
PHY_8, 5.52, 24.48, 1.8
input25, 5.52, 24.48, 1.8
input26, 5.52, 24.48, 1.8
PHY_11, 249.32, 24.48, 1.8
PHY_9, 249.32, 24.48, 1.8
FILLER_5_45, 28.02, 24.48, 1.8
FILLER_5_53, 28.02, 24.48, 1.8
FILLER_6_77, 40.52, 24.48, 1.8
FILLER_5_105, 53.02, 24.48, 1.8
FILLER_5_161, 78.02, 24.48, 1.8
FILLER_6_189, 90.52, 24.48, 1.8
FILLER_5_217, 103.02, 24.48, 1.8
FILLER_5_273, 128.02, 24.48, 1.8
FILLER_6_301, 140.52, 24.48, 1.8
FILLER_5_329, 153.02, 24.48, 1.8
FILLER_5_385, 178.02, 24.48, 1.8
FILLER_6_413, 190.52, 24.48, 1.8
FILLER_5_441, 203.02, 24.48, 1.8
FILLER_4_469, 226.786, 24.48, 1.8
FILLER_5_497, 238.053, 24.48, 1.8
FILLER_5_517, 238.053, 24.48, 1.8
PHY_4, 5.52, 19.04, 1.8
PHY_6, 5.52, 19.04, 1.8
input14, 5.52, 19.04, 1.8
PHY_5, 249.32, 19.04, 1.8
PHY_7, 249.32, 19.04, 1.8
FILLER_3_51, 28.02, 19.04, 1.8
FILLER_4_77, 40.52, 19.04, 1.8
FILLER_3_105, 53.02, 19.04, 1.8
FILLER_3_161, 78.02, 19.04, 1.8
FILLER_4_189, 90.52, 19.04, 1.8
FILLER_3_217, 103.02, 19.04, 1.8
FILLER_3_273, 128.02, 19.04, 1.8
FILLER_4_301, 140.52, 19.04, 1.8
FILLER_3_329, 153.02, 19.04, 1.8
FILLER_3_385, 178.02, 19.04, 1.8
FILLER_4_413, 190.52, 19.04, 1.8
FILLER_3_441, 203.02, 19.04, 1.8
FILLER_2_469, 226.786, 19.04, 1.8
FILLER_3_497, 238.053, 19.04, 1.8
FILLER_3_517, 238.053, 19.04, 1.8
FILLER_0_3, 5.52, 13.6, 1.8
PHY_0, 5.52, 13.6, 1.8
PHY_2, 5.52, 13.6, 1.8
input3, 5.52, 13.6, 1.8
PHY_1, 249.32, 13.6, 1.8
PHY_3, 249.32, 13.6, 1.8
FILLER_0_53, 28.02, 13.6, 1.8
FILLER_1_51, 28.02, 13.6, 1.8
output143, 28.02, 13.6, 1.8
FILLER_0_75, 40.52, 13.6, 1.8
FILLER_2_77, 40.52, 13.6, 1.8
output144, 40.52, 13.6, 1.8
FILLER_0_103, 53.02, 13.6, 1.8
FILLER_0_113, 53.02, 13.6, 1.8
FILLER_1_105, 53.02, 13.6, 1.8
FILLER_1_161, 78.02, 13.6, 1.8
output146, 78.02, 13.6, 1.8
FILLER_0_193, 90.52, 13.6, 1.8
FILLER_2_189, 90.52, 13.6, 1.8
FILLER_0_215, 103.02, 13.6, 1.8
FILLER_0_225, 103.02, 13.6, 1.8
FILLER_1_217, 103.02, 13.6, 1.8
output147, 103.02, 13.6, 1.8
FILLER_0_253, 128.02, 13.6, 1.8
FILLER_1_273, 128.02, 13.6, 1.8
output149, 128.02, 13.6, 1.8
FILLER_0_305, 140.52, 13.6, 1.8
FILLER_1_293, 140.52, 13.6, 1.8
FILLER_2_301, 140.52, 13.6, 1.8
output150, 140.52, 13.6, 1.8
FILLER_0_333, 153.02, 13.6, 1.8
FILLER_1_329, 153.02, 13.6, 1.8
FILLER_0_365, 178.02, 13.6, 1.8
FILLER_0_383, 178.02, 13.6, 1.8
FILLER_1_385, 178.02, 13.6, 1.8
input64, 178.02, 13.6, 1.8
FILLER_0_405, 190.52, 13.6, 1.8
FILLER_2_413, 190.52, 13.6, 1.8
input65, 190.52, 13.6, 1.8
FILLER_1_441, 203.02, 13.6, 1.8
FILLER_0_473, 226.786, 13.6, 1.8
FILLER_0_477, 226.786, 13.6, 1.8
FILLER_1_485, 226.786, 13.6, 1.8
input67, 226.786, 13.6, 1.8
FILLER_0_497, 238.053, 13.6, 1.8
FILLER_0_517, 238.053, 13.6, 1.8
FILLER_1_499, 238.053, 13.6, 1.8
FILLER_1_517, 238.053, 13.6, 1.8
wire1, 238.053, 13.6, 1.8

