Instance name,  X location,  Y location,  Voltage 
ANTENNA_hold27_A, 215.52, 122.4, 1.8
ANTENNA_hold7_A, 215.52, 122.4, 1.8
FILLER_38_445, 215.52, 116.96, 1.8
FILLER_38_455, 215.52, 116.96, 1.8
FILLER_39_459, 215.52, 116.96, 1.8
FILLER_40_463, 215.52, 116.96, 1.8
hold1, 215.52, 116.96, 1.8
hold2, 215.52, 116.96, 1.8
hold7, 215.52, 116.96, 1.8
input68, 215.52, 116.96, 1.8
FILLER_37_444, 215.52, 111.52, 1.8
FILLER_37_459, 215.52, 111.52, 1.8
FILLER_38_467, 215.52, 111.52, 1.8
hold4, 215.52, 111.52, 1.8
hold5, 215.52, 111.52, 1.8
hold9, 215.52, 111.52, 1.8
FILLER_0_445, 215.52, 13.6, 1.8
FILLER_40_347, 165.52, 122.4, 1.8
hold34, 165.52, 122.4, 1.8
ANTENNA_input61_A, 165.52, 116.96, 1.8
ANTENNA_sb_8__0_.mux_left_track_11.mux_l1_in_0__A0, 165.52, 116.96, 1.8
ANTENNA_sb_8__0_.mux_left_track_13.mux_l1_in_0__A0, 165.52, 116.96, 1.8
FILLER_39_347, 165.52, 116.96, 1.8
FILLER_39_355, 165.52, 116.96, 1.8
hold21, 165.52, 116.96, 1.8
hold25, 165.52, 116.96, 1.8
input37, 165.52, 116.96, 1.8
input41, 165.52, 116.96, 1.8
input59, 165.52, 116.96, 1.8
input62, 165.52, 116.96, 1.8
ANTENNA_hold20_A, 165.52, 111.52, 1.8
ANTENNA_hold33_A, 165.52, 111.52, 1.8
ANTENNA_input60_A, 165.52, 111.52, 1.8
ANTENNA_sb_8__0_.mem_left_track_35.sky130_fd_sc_hd__dfrtp_1_0__RESET_B, 165.52, 111.52, 1.8
ANTENNA_sb_8__0_.mem_left_track_45.sky130_fd_sc_hd__dfrtp_1_0__CLK, 165.52, 111.52, 1.8
ANTENNA_sb_8__0_.mem_left_track_45.sky130_fd_sc_hd__dfrtp_1_1__RESET_B, 165.52, 111.52, 1.8
FILLER_37_343, 165.52, 111.52, 1.8
FILLER_37_357, 165.52, 111.52, 1.8
FILLER_38_361, 165.52, 111.52, 1.8
_141_, 165.52, 111.52, 1.8
_142_, 165.52, 111.52, 1.8
_152_, 165.52, 111.52, 1.8
input42, 165.52, 111.52, 1.8
sb_8__0_.mux_top_track_46.sky130_fd_sc_hd__buf_4_0_, 165.52, 111.52, 1.8
ANTENNA_sb_8__0_.mux_top_track_32.sky130_fd_sc_hd__buf_4_0__A, 165.52, 106.08, 1.8
ANTENNA_sb_8__0_.mux_top_track_44.sky130_fd_sc_hd__buf_4_0__A, 165.52, 106.08, 1.8
FILLER_34_337, 165.52, 106.08, 1.8
FILLER_35_343, 165.52, 106.08, 1.8
FILLER_36_352, 165.52, 106.08, 1.8
_140_, 165.52, 106.08, 1.8
_145_, 165.52, 106.08, 1.8
input34, 165.52, 106.08, 1.8
sb_8__0_.mux_top_track_32.sky130_fd_sc_hd__buf_4_0_, 165.52, 106.08, 1.8
sb_8__0_.mux_top_track_44.sky130_fd_sc_hd__buf_4_0_, 165.52, 106.08, 1.8
ANTENNA_8, 165.52, 100.64, 1.8
ANTENNA__141__A, 165.52, 100.64, 1.8
ANTENNA__145__A, 165.52, 100.64, 1.8
ANTENNA_hold21_A, 165.52, 100.64, 1.8
ANTENNA_hold25_A, 165.52, 100.64, 1.8
ANTENNA_input59_A, 165.52, 100.64, 1.8
ANTENNA_sb_8__0_.mux_left_track_35.mux_l1_in_0__A0, 165.52, 100.64, 1.8
ANTENNA_sb_8__0_.mux_left_track_47.mux_l1_in_0__A0, 165.52, 100.64, 1.8
ANTENNA_sb_8__0_.mux_top_track_46.sky130_fd_sc_hd__buf_4_0__A, 165.52, 100.64, 1.8
sb_8__0_.mux_top_track_42.mux_l2_in_0__183, 165.52, 100.64, 1.8
FILLER_32_359, 165.52, 95.2, 1.8
ANTENNA_sb_8__0_.mux_left_track_51.mux_l1_in_0__A0, 165.52, 89.76, 1.8
FILLER_30_360, 165.52, 89.76, 1.8
FILLER_28_361, 165.52, 84.32, 1.8
FILLER_26_357, 165.52, 78.88, 1.8
FILLER_24_357, 165.52, 73.44, 1.8
FILLER_22_357, 165.52, 68, 1.8
FILLER_20_357, 165.52, 62.56, 1.8
ANTENNA_cbx_8__0_.grid_io_bottom_bottom_8__0_.logical_tile_io_mode_io__3.logical_tile_io_mode_physical__iopad_0.io_sky130_fd_sc_hd__dfrtp_1_mem.sky130_fd_sc_hd__dfrtp_1_0__RESET_B, 165.52, 57.12, 1.8
FILLER_18_357, 165.52, 57.12, 1.8
FILLER_14_357, 165.52, 46.24, 1.8
FILLER_12_357, 165.52, 40.8, 1.8
FILLER_10_357, 165.52, 35.36, 1.8
FILLER_8_357, 165.52, 29.92, 1.8
FILLER_6_357, 165.52, 24.48, 1.8
FILLER_4_357, 165.52, 19.04, 1.8
ANTENNA_hold14_A, 165.52, 13.6, 1.8
FILLER_0_361, 165.52, 13.6, 1.8
FILLER_1_349, 165.52, 13.6, 1.8
FILLER_2_357, 165.52, 13.6, 1.8
hold14, 165.52, 13.6, 1.8
input66, 165.52, 13.6, 1.8
output134, 115.52, 122.4, 1.8
FILLER_38_226, 115.52, 116.96, 1.8
FILLER_39_247, 115.52, 116.96, 1.8
FILLER_40_243, 115.52, 116.96, 1.8
input58, 115.52, 116.96, 1.8
sb_8__0_.mem_left_track_17.sky130_fd_sc_hd__dfrtp_1_0_, 115.52, 116.96, 1.8
sb_8__0_.mem_left_track_17.sky130_fd_sc_hd__dfrtp_1_1_, 115.52, 116.96, 1.8
sb_8__0_.mux_left_track_35.mux_l2_in_0__156, 115.52, 116.96, 1.8
ANTENNA_clkbuf_4_13_0_prog_clk_A, 115.52, 111.52, 1.8
ANTENNA_sb_8__0_.mem_left_track_19.sky130_fd_sc_hd__dfrtp_1_0__CLK, 115.52, 111.52, 1.8
ANTENNA_sb_8__0_.mem_left_track_19.sky130_fd_sc_hd__dfrtp_1_0__RESET_B, 115.52, 111.52, 1.8
ANTENNA_sb_8__0_.mux_left_track_7.mux_l1_in_0__A1, 115.52, 111.52, 1.8
FILLER_36_237, 115.52, 111.52, 1.8
FILLER_37_235, 115.52, 111.52, 1.8
sb_8__0_.mem_left_track_19.sky130_fd_sc_hd__dfrtp_1_0_, 115.52, 111.52, 1.8
sb_8__0_.mux_left_track_31.mux_l2_in_0__154, 115.52, 111.52, 1.8
sb_8__0_.mux_left_track_33.mux_l2_in_0__155, 115.52, 111.52, 1.8
ANTENNA_sb_8__0_.mem_left_track_19.sky130_fd_sc_hd__dfrtp_1_1__CLK, 115.52, 106.08, 1.8
FILLER_34_237, 115.52, 106.08, 1.8
sb_8__0_.mem_left_track_19.sky130_fd_sc_hd__dfrtp_1_1_, 115.52, 106.08, 1.8
sb_8__0_.mux_left_track_19.mux_l2_in_0_, 115.52, 106.08, 1.8
sb_8__0_.mux_left_track_29.mux_l2_in_0_, 115.52, 106.08, 1.8
sb_8__0_.mux_left_track_33.mux_l2_in_0_, 115.52, 106.08, 1.8
ANTENNA_sb_8__0_.mux_left_track_7.mux_l1_in_1__A1, 115.52, 100.64, 1.8
FILLER_32_228, 115.52, 100.64, 1.8
FILLER_32_236, 115.52, 100.64, 1.8
FILLER_33_238, 115.52, 100.64, 1.8
FILLER_33_245, 115.52, 100.64, 1.8
_096_, 115.52, 100.64, 1.8
clkbuf_4_13_0_prog_clk, 115.52, 100.64, 1.8
sb_8__0_.mem_left_track_29.sky130_fd_sc_hd__dfrtp_1_0_, 115.52, 100.64, 1.8
sb_8__0_.mux_left_track_29.mux_l2_in_0__152, 115.52, 100.64, 1.8
sb_8__0_.mux_left_track_7.mux_l1_in_0_, 115.52, 100.64, 1.8
ANTENNA_clkbuf_4_14_0_prog_clk_A, 115.52, 95.2, 1.8
ANTENNA_sb_8__0_.mem_left_track_7.sky130_fd_sc_hd__dfrtp_1_1__RESET_B, 115.52, 95.2, 1.8
FILLER_30_238, 115.52, 95.2, 1.8
sb_8__0_.mux_left_track_7.mux_l1_in_1_, 115.52, 95.2, 1.8
sb_8__0_.mux_left_track_7.mux_l2_in_0_, 115.52, 95.2, 1.8
sb_8__0_.mux_top_track_0.mux_l3_in_0_, 115.52, 95.2, 1.8
ANTENNA_sb_8__0_.mem_left_track_1.sky130_fd_sc_hd__dfrtp_1_0__RESET_B, 115.52, 89.76, 1.8
ANTENNA_sb_8__0_.mux_top_track_18.mux_l1_in_0__A0, 115.52, 89.76, 1.8
ANTENNA_sb_8__0_.mux_top_track_18.mux_l1_in_0__A1, 115.52, 89.76, 1.8
ANTENNA_sb_8__0_.mux_top_track_50.mux_l1_in_0__A0, 115.52, 89.76, 1.8
ANTENNA_sb_8__0_.mux_top_track_6.mux_l1_in_1__A1, 115.52, 89.76, 1.8
FILLER_30_245, 115.52, 89.76, 1.8
sb_8__0_.mem_left_track_1.sky130_fd_sc_hd__dfrtp_1_0_, 115.52, 89.76, 1.8
sb_8__0_.mem_left_track_3.sky130_fd_sc_hd__dfrtp_1_0_, 115.52, 89.76, 1.8
sb_8__0_.mux_left_track_3.mux_l2_in_0__153, 115.52, 89.76, 1.8
sb_8__0_.mux_top_track_0.sky130_fd_sc_hd__buf_4_0_, 115.52, 89.76, 1.8
ANTENNA_sb_8__0_.mux_top_track_4.mux_l1_in_0__A0, 115.52, 84.32, 1.8
FILLER_26_236, 115.52, 84.32, 1.8
FILLER_27_236, 115.52, 84.32, 1.8
sb_8__0_.mux_top_track_18.mux_l1_in_0_, 115.52, 84.32, 1.8
sb_8__0_.mux_top_track_6.mux_l1_in_1_, 115.52, 84.32, 1.8
sb_8__0_.mux_top_track_6.mux_l2_in_0_, 115.52, 84.32, 1.8
ANTENNA__146__A, 115.52, 78.88, 1.8
ANTENNA_clkbuf_4_11_0_prog_clk_A, 115.52, 78.88, 1.8
ANTENNA_sb_8__0_.mem_top_track_6.sky130_fd_sc_hd__dfrtp_1_2__RESET_B, 115.52, 78.88, 1.8
ANTENNA_sb_8__0_.mux_top_track_10.mux_l1_in_0__A0, 115.52, 78.88, 1.8
FILLER_25_237, 115.52, 78.88, 1.8
FILLER_26_249, 115.52, 78.88, 1.8
_146_, 115.52, 78.88, 1.8
clkbuf_4_11_0_prog_clk, 115.52, 78.88, 1.8
sb_8__0_.mux_top_track_10.mux_l1_in_0_, 115.52, 78.88, 1.8
sb_8__0_.mux_top_track_4.mux_l1_in_0_, 115.52, 78.88, 1.8
ANTENNA_sb_8__0_.mem_top_track_6.sky130_fd_sc_hd__dfrtp_1_1__RESET_B, 115.52, 73.44, 1.8
ANTENNA_sb_8__0_.mem_top_track_8.sky130_fd_sc_hd__dfrtp_1_0__RESET_B, 115.52, 73.44, 1.8
FILLER_22_226, 115.52, 73.44, 1.8
sb_8__0_.mem_top_track_6.sky130_fd_sc_hd__dfrtp_1_1_, 115.52, 73.44, 1.8
sb_8__0_.mem_top_track_8.sky130_fd_sc_hd__dfrtp_1_0_, 115.52, 73.44, 1.8
ANTENNA_sb_8__0_.mux_top_track_4.mux_l1_in_1__A0, 115.52, 68, 1.8
FILLER_20_229, 115.52, 68, 1.8
FILLER_21_238, 115.52, 68, 1.8
FILLER_21_251, 115.52, 68, 1.8
sb_8__0_.mux_top_track_10.mux_l1_in_1_, 115.52, 68, 1.8
sb_8__0_.mux_top_track_4.mux_l1_in_1_, 115.52, 68, 1.8
sb_8__0_.mux_top_track_8.mux_l2_in_0_, 115.52, 68, 1.8
ANTENNA_clkbuf_4_10_0_prog_clk_A, 115.52, 62.56, 1.8
ANTENNA_sb_8__0_.mem_top_track_6.sky130_fd_sc_hd__dfrtp_1_0__RESET_B, 115.52, 62.56, 1.8
ANTENNA_sb_8__0_.mux_top_track_10.mux_l1_in_1__A1, 115.52, 62.56, 1.8
FILLER_18_226, 115.52, 62.56, 1.8
FILLER_19_231, 115.52, 62.56, 1.8
FILLER_20_245, 115.52, 62.56, 1.8
sb_8__0_.mem_top_track_10.sky130_fd_sc_hd__dfrtp_1_0_, 115.52, 62.56, 1.8
sb_8__0_.mem_top_track_8.sky130_fd_sc_hd__dfrtp_1_1_, 115.52, 62.56, 1.8
ANTENNA_sb_8__0_.mem_top_track_4.sky130_fd_sc_hd__dfrtp_1_0__RESET_B, 115.52, 57.12, 1.8
ANTENNA_sb_8__0_.mem_top_track_8.sky130_fd_sc_hd__dfrtp_1_2__RESET_B, 115.52, 57.12, 1.8
FILLER_17_228, 115.52, 57.12, 1.8
sb_8__0_.mem_top_track_2.sky130_fd_sc_hd__dfrtp_1_1_, 115.52, 57.12, 1.8
ANTENNA_sb_8__0_.mem_top_track_4.sky130_fd_sc_hd__dfrtp_1_1__RESET_B, 115.52, 51.68, 1.8
FILLER_14_249, 115.52, 46.24, 1.8
FILLER_12_245, 115.52, 40.8, 1.8
ANTENNA_cbx_8__0_.grid_io_bottom_bottom_8__0_.logical_tile_io_mode_io__2.logical_tile_io_mode_physical__iopad_0.io_sky130_fd_sc_hd__dfrtp_1_mem.sky130_fd_sc_hd__dfrtp_1_0__RESET_B, 115.52, 35.36, 1.8
FILLER_10_245, 115.52, 35.36, 1.8
FILLER_8_233, 115.52, 35.36, 1.8
cbx_8__0_.grid_io_bottom_bottom_8__0_.logical_tile_io_mode_io__2.logical_tile_io_mode_physical__iopad_0.io_0_.ISOL_EN_GATE, 115.52, 35.36, 1.8
cbx_8__0_.grid_io_bottom_bottom_8__0_.logical_tile_io_mode_io__2.logical_tile_io_mode_physical__iopad_0.io_sky130_fd_sc_hd__dfrtp_1_mem.sky130_fd_sc_hd__dfrtp_1_0_, 115.52, 35.36, 1.8
ANTENNA_cbx_8__0_.grid_io_bottom_bottom_8__0_.logical_tile_io_mode_io__2.logical_tile_io_mode_physical__iopad_0.io_0_.ISOL_EN_GATE_B_N, 115.52, 29.92, 1.8
ANTENNA_cbx_8__0_.grid_io_bottom_bottom_8__0_.logical_tile_io_mode_io__3.logical_tile_io_mode_physical__iopad_0.io_0_.INV_SOC_DIR_A, 115.52, 29.92, 1.8
FILLER_8_247, 115.52, 29.92, 1.8
cbx_8__0_.grid_io_bottom_bottom_8__0_.logical_tile_io_mode_io__3.logical_tile_io_mode_physical__iopad_0.io_0_.INV_SOC_DIR, 115.52, 29.92, 1.8
FILLER_5_231, 115.52, 24.48, 1.8
FILLER_6_249, 115.52, 24.48, 1.8
cbx_8__0_.grid_io_bottom_bottom_8__0_.logical_tile_io_mode_io__1.logical_tile_io_mode_physical__iopad_0.io_0_.INV_SOC_DIR, 115.52, 24.48, 1.8
cbx_8__0_.grid_io_bottom_bottom_8__0_.logical_tile_io_mode_io__2.logical_tile_io_mode_physical__iopad_0.io_0_.INV_SOC_DIR, 115.52, 24.48, 1.8
FILLER_4_245, 115.52, 19.04, 1.8
FILLER_2_245, 115.52, 13.6, 1.8
output150, 115.52, 13.6, 1.8
FILLER_40_118, 65.52, 122.4, 1.8
output122, 65.52, 122.4, 1.8
FILLER_39_126, 65.52, 116.96, 1.8
input57, 65.52, 116.96, 1.8
output125, 65.52, 116.96, 1.8
sb_8__0_.mux_left_track_11.mux_l2_in_0_, 65.52, 116.96, 1.8
ANTENNA_input58_A, 65.52, 111.52, 1.8
ANTENNA_sb_8__0_.mem_left_track_13.sky130_fd_sc_hd__dfrtp_1_1__RESET_B, 65.52, 111.52, 1.8
FILLER_36_118, 65.52, 111.52, 1.8
FILLER_37_119, 65.52, 111.52, 1.8
FILLER_37_143, 65.52, 111.52, 1.8
FILLER_38_133, 65.52, 111.52, 1.8
_114_, 65.52, 111.52, 1.8
output120, 65.52, 111.52, 1.8
sb_8__0_.mem_top_track_44.sky130_fd_sc_hd__dfrtp_1_1_, 65.52, 111.52, 1.8
FILLER_35_125, 65.52, 106.08, 1.8
_115_, 65.52, 106.08, 1.8
output118, 65.52, 106.08, 1.8
sb_8__0_.mem_top_track_46.sky130_fd_sc_hd__dfrtp_1_0_, 65.52, 106.08, 1.8
ANTENNA_sb_8__0_.mem_left_track_9.sky130_fd_sc_hd__dfrtp_1_1__RESET_B, 65.52, 100.64, 1.8
ANTENNA_sb_8__0_.mux_left_track_3.mux_l1_in_0__A1, 65.52, 100.64, 1.8
ANTENNA_sb_8__0_.mux_left_track_9.mux_l1_in_0__A0, 65.52, 100.64, 1.8
ANTENNA_sb_8__0_.mux_top_track_46.mux_l1_in_0__A0, 65.52, 100.64, 1.8
ANTENNA_sb_8__0_.mux_top_track_46.mux_l1_in_0__A1, 65.52, 100.64, 1.8
FILLER_32_125, 65.52, 100.64, 1.8
FILLER_33_119, 65.52, 100.64, 1.8
sb_8__0_.mem_top_track_46.sky130_fd_sc_hd__dfrtp_1_1_, 65.52, 100.64, 1.8
sb_8__0_.mux_left_track_9.mux_l2_in_0_, 65.52, 100.64, 1.8
sb_8__0_.mux_top_track_46.mux_l2_in_0_, 65.52, 100.64, 1.8
ANTENNA_13, 65.52, 95.2, 1.8
ANTENNA_14, 65.52, 95.2, 1.8
ANTENNA_15, 65.52, 95.2, 1.8
ANTENNA_16, 65.52, 95.2, 1.8
ANTENNA_17, 65.52, 95.2, 1.8
ANTENNA_sb_8__0_.mem_top_track_48.sky130_fd_sc_hd__dfrtp_1_0__RESET_B, 65.52, 95.2, 1.8
ANTENNA_sb_8__0_.mux_left_track_9.mux_l1_in_0__A1, 65.52, 95.2, 1.8
FILLER_30_123, 65.52, 95.2, 1.8
cbx_8__0_.cbx_8__0_.mux_top_ipin_3.mux_l2_in_3_, 65.52, 95.2, 1.8
clkbuf_4_7_0_prog_clk, 65.52, 95.2, 1.8
ANTENNA__129__A, 65.52, 89.76, 1.8
ANTENNA_cbx_8__0_.cbx_8__0_.mux_top_ipin_3.mux_l2_in_3__A1, 65.52, 89.76, 1.8
ANTENNA_clkbuf_4_7_0_prog_clk_A, 65.52, 89.76, 1.8
ANTENNA_sb_8__0_.mem_top_track_34.sky130_fd_sc_hd__dfrtp_1_0__RESET_B, 65.52, 89.76, 1.8
FILLER_29_127, 65.52, 89.76, 1.8
clkbuf_4_6_0_prog_clk, 65.52, 89.76, 1.8
sb_8__0_.mem_top_track_34.sky130_fd_sc_hd__dfrtp_1_0_, 65.52, 89.76, 1.8
sb_8__0_.mux_top_track_32.mux_l2_in_0_, 65.52, 89.76, 1.8
ANTENNA_cbx_8__0_.cbx_8__0_.mux_top_ipin_0.mux_l1_in_3__A0, 65.52, 84.32, 1.8
ANTENNA_sb_8__0_.mux_top_track_34.mux_l1_in_0__A0, 65.52, 84.32, 1.8
ANTENNA_sb_8__0_.mux_top_track_50.mux_l1_in_1__A1, 65.52, 84.32, 1.8
FILLER_27_119, 65.52, 84.32, 1.8
FILLER_27_133, 65.52, 84.32, 1.8
_099_, 65.52, 84.32, 1.8
sb_8__0_.mux_top_track_34.mux_l1_in_0_, 65.52, 84.32, 1.8
sb_8__0_.mux_top_track_48.mux_l1_in_1_, 65.52, 84.32, 1.8
sb_8__0_.mux_top_track_50.mux_l1_in_1_, 65.52, 84.32, 1.8
FILLER_24_128, 65.52, 78.88, 1.8
FILLER_25_138, 65.52, 78.88, 1.8
FILLER_26_141, 65.52, 78.88, 1.8
cbx_8__0_.cbx_8__0_.mux_top_ipin_2.mux_l2_in_3_, 65.52, 78.88, 1.8
sb_8__0_.mem_top_track_32.sky130_fd_sc_hd__dfrtp_1_1_, 65.52, 78.88, 1.8
sb_8__0_.mux_top_track_12.sky130_fd_sc_hd__buf_4_0_, 65.52, 78.88, 1.8
sb_8__0_.mux_top_track_30.mux_l2_in_0_, 65.52, 78.88, 1.8
ANTENNA_sb_8__0_.mem_top_track_32.sky130_fd_sc_hd__dfrtp_1_1__RESET_B, 65.52, 73.44, 1.8
ANTENNA_sb_8__0_.mux_left_track_47.sky130_fd_sc_hd__buf_4_0__A, 65.52, 73.44, 1.8
ANTENNA_sb_8__0_.mux_top_track_22.mux_l1_in_0__A0, 65.52, 73.44, 1.8
ANTENNA_sb_8__0_.mux_top_track_32.mux_l1_in_0__A1, 65.52, 73.44, 1.8
FILLER_23_125, 65.52, 73.44, 1.8
sb_8__0_.mem_top_track_32.sky130_fd_sc_hd__dfrtp_1_0_, 65.52, 73.44, 1.8
sb_8__0_.mux_left_track_47.sky130_fd_sc_hd__buf_4_0_, 65.52, 73.44, 1.8
sb_8__0_.mux_top_track_32.mux_l1_in_0_, 65.52, 73.44, 1.8
ANTENNA_sb_8__0_.mem_top_track_32.sky130_fd_sc_hd__dfrtp_1_0__RESET_B, 65.52, 68, 1.8
ANTENNA_sb_8__0_.mux_top_track_22.mux_l1_in_0__A1, 65.52, 68, 1.8
FILLER_21_127, 65.52, 68, 1.8
FILLER_21_140, 65.52, 68, 1.8
cbx_8__0_.cbx_8__0_.mux_top_ipin_0.mux_l1_in_4_, 65.52, 68, 1.8
sb_8__0_.mem_top_track_30.sky130_fd_sc_hd__dfrtp_1_1_, 65.52, 68, 1.8
sb_8__0_.mux_top_track_18.mux_l1_in_1_, 65.52, 68, 1.8
sb_8__0_.mux_top_track_22.mux_l1_in_0_, 65.52, 68, 1.8
FILLER_18_125, 65.52, 62.56, 1.8
FILLER_19_120, 65.52, 62.56, 1.8
FILLER_19_133, 65.52, 62.56, 1.8
cbx_8__0_.cbx_8__0_.mux_top_ipin_3.mux_l2_in_3__193, 65.52, 62.56, 1.8
sb_8__0_.mem_top_track_24.sky130_fd_sc_hd__dfrtp_1_1_, 65.52, 62.56, 1.8
sb_8__0_.mux_top_track_16.mux_l2_in_0_, 65.52, 62.56, 1.8
sb_8__0_.mux_top_track_24.mux_l1_in_0_, 65.52, 62.56, 1.8
sb_8__0_.mux_top_track_6.mux_l2_in_1_, 65.52, 62.56, 1.8
ANTENNA_sb_8__0_.mem_top_track_30.sky130_fd_sc_hd__dfrtp_1_1__RESET_B, 65.52, 57.12, 1.8
ANTENNA_sb_8__0_.mux_top_track_24.mux_l1_in_0__A1, 65.52, 57.12, 1.8
FILLER_17_127, 65.52, 57.12, 1.8
sb_8__0_.mem_top_track_26.sky130_fd_sc_hd__dfrtp_1_0_, 65.52, 57.12, 1.8
sb_8__0_.mux_top_track_26.mux_l2_in_0_, 65.52, 57.12, 1.8
ANTENNA_sb_8__0_.mem_top_track_30.sky130_fd_sc_hd__dfrtp_1_0__RESET_B, 65.52, 51.68, 1.8
ANTENNA_sb_8__0_.mux_top_track_18.sky130_fd_sc_hd__buf_4_0__A, 65.52, 51.68, 1.8
ANTENNA_sb_8__0_.mux_top_track_24.mux_l1_in_0__A0, 65.52, 51.68, 1.8
ANTENNA_sb_8__0_.mux_top_track_26.mux_l1_in_0__A1, 65.52, 51.68, 1.8
FILLER_14_130, 65.52, 51.68, 1.8
FILLER_15_139, 65.52, 51.68, 1.8
sb_8__0_.mem_top_track_26.sky130_fd_sc_hd__dfrtp_1_1_, 65.52, 51.68, 1.8
sb_8__0_.mux_top_track_14.mux_l2_in_0_, 65.52, 51.68, 1.8
ANTENNA_sb_8__0_.mem_top_track_26.sky130_fd_sc_hd__dfrtp_1_1__RESET_B, 65.52, 46.24, 1.8
ANTENNA_sb_8__0_.mem_top_track_28.sky130_fd_sc_hd__dfrtp_1_0__RESET_B, 65.52, 46.24, 1.8
ANTENNA_sb_8__0_.mem_top_track_28.sky130_fd_sc_hd__dfrtp_1_1__RESET_B, 65.52, 46.24, 1.8
ANTENNA_sb_8__0_.mux_top_track_10.mux_l2_in_1__A1, 65.52, 46.24, 1.8
FILLER_12_121, 65.52, 46.24, 1.8
FILLER_12_128, 65.52, 46.24, 1.8
FILLER_14_143, 65.52, 46.24, 1.8
sb_8__0_.mux_top_track_18.mux_l1_in_1__169, 65.52, 46.24, 1.8
sb_8__0_.mux_top_track_4.mux_l2_in_1__181, 65.52, 46.24, 1.8
ANTENNA_sb_8__0_.mux_left_track_5.sky130_fd_sc_hd__buf_4_0__A, 65.52, 40.8, 1.8
FILLER_10_124, 65.52, 40.8, 1.8
FILLER_11_129, 65.52, 40.8, 1.8
FILLER_11_139, 65.52, 40.8, 1.8
sb_8__0_.mux_top_track_10.mux_l2_in_1_, 65.52, 40.8, 1.8
sb_8__0_.mux_top_track_10.mux_l2_in_1__165, 65.52, 40.8, 1.8
sb_8__0_.mux_top_track_12.mux_l1_in_1_, 65.52, 40.8, 1.8
sb_8__0_.mux_top_track_12.mux_l1_in_1__166, 65.52, 40.8, 1.8
sb_8__0_.mux_top_track_2.mux_l2_in_1_, 65.52, 40.8, 1.8
sb_8__0_.mux_top_track_4.mux_l2_in_1_, 65.52, 40.8, 1.8
ANTENNA_sb_8__0_.mux_top_track_2.mux_l2_in_1__S, 65.52, 35.36, 1.8
FILLER_10_143, 65.52, 35.36, 1.8
FILLER_8_130, 65.52, 35.36, 1.8
FILLER_9_120, 65.52, 35.36, 1.8
FILLER_9_127, 65.52, 35.36, 1.8
FILLER_9_137, 65.52, 35.36, 1.8
cbx_8__0_.cbx_8__0_.mux_top_ipin_0.sky130_fd_sc_hd__buf_4_0_, 65.52, 35.36, 1.8
cbx_8__0_.cbx_8__0_.mux_top_ipin_2.sky130_fd_sc_hd__buf_4_0_, 65.52, 35.36, 1.8
sb_8__0_.mux_top_track_16.mux_l1_in_1__168, 65.52, 35.36, 1.8
sb_8__0_.mux_top_track_2.mux_l2_in_1__170, 65.52, 35.36, 1.8
FILLER_6_133, 65.52, 24.48, 1.8
ANTENNA__156__A, 65.52, 19.04, 1.8
FILLER_4_133, 65.52, 19.04, 1.8
FILLER_0_136, 65.52, 13.6, 1.8
FILLER_0_141, 65.52, 13.6, 1.8
FILLER_1_121, 65.52, 13.6, 1.8
FILLER_1_128, 65.52, 13.6, 1.8
FILLER_2_132, 65.52, 13.6, 1.8
_157_, 65.52, 13.6, 1.8
_158_, 65.52, 13.6, 1.8
output146, 65.52, 13.6, 1.8
ANTENNA_11, 15.52, 116.96, 1.8
FILLER_38_21, 15.52, 116.96, 1.8
FILLER_39_14, 15.52, 116.96, 1.8
FILLER_39_34, 15.52, 116.96, 1.8
FILLER_40_34, 15.52, 116.96, 1.8
input56, 15.52, 116.96, 1.8
output135, 15.52, 116.96, 1.8
ANTENNA_5, 15.52, 111.52, 1.8
ANTENNA_output122_A, 15.52, 111.52, 1.8
ANTENNA_sb_8__0_.mem_top_track_44.sky130_fd_sc_hd__dfrtp_1_0__RESET_B, 15.52, 111.52, 1.8
ANTENNA_sb_8__0_.mux_left_track_11.mux_l2_in_0__A0, 15.52, 111.52, 1.8
FILLER_36_21, 15.52, 111.52, 1.8
FILLER_37_21, 15.52, 111.52, 1.8
FILLER_37_34, 15.52, 111.52, 1.8
cbx_8__0_.cbx_8__0_.mux_top_ipin_1.mux_l1_in_1_, 15.52, 111.52, 1.8
sb_8__0_.mux_top_track_38.mux_l2_in_0_, 15.52, 111.52, 1.8
ANTENNA__113__A, 15.52, 106.08, 1.8
ANTENNA_output117_A, 15.52, 106.08, 1.8
FILLER_34_21, 15.52, 106.08, 1.8
FILLER_35_21, 15.52, 106.08, 1.8
output113, 15.52, 106.08, 1.8
output95, 15.52, 106.08, 1.8
ANTENNA_sb_8__0_.mem_top_track_38.sky130_fd_sc_hd__dfrtp_1_0__RESET_B, 15.52, 100.64, 1.8
ANTENNA_sb_8__0_.mux_top_track_42.mux_l1_in_0__A0, 15.52, 100.64, 1.8
FILLER_32_21, 15.52, 100.64, 1.8
FILLER_33_21, 15.52, 100.64, 1.8
output90, 15.52, 100.64, 1.8
sb_8__0_.mux_top_track_26.sky130_fd_sc_hd__buf_4_0_, 15.52, 100.64, 1.8
ANTENNA__104__A, 15.52, 95.2, 1.8
ANTENNA_cbx_8__0_.cbx_8__0_.mem_top_ipin_3.sky130_fd_sc_hd__dfrtp_1_2__RESET_B, 15.52, 95.2, 1.8
ANTENNA_cbx_8__0_.cbx_8__0_.mux_top_ipin_3.mux_l1_in_2__A0, 15.52, 95.2, 1.8
ANTENNA_sb_8__0_.mem_top_track_36.sky130_fd_sc_hd__dfrtp_1_1__RESET_B, 15.52, 95.2, 1.8
ANTENNA_sb_8__0_.mem_top_track_38.sky130_fd_sc_hd__dfrtp_1_1__RESET_B, 15.52, 95.2, 1.8
FILLER_30_21, 15.52, 95.2, 1.8
FILLER_31_21, 15.52, 95.2, 1.8
output96, 15.52, 95.2, 1.8
ANTENNA_1, 15.52, 89.76, 1.8
ANTENNA_cbx_8__0_.cbx_8__0_.mux_top_ipin_3.mux_l1_in_0__A0, 15.52, 89.76, 1.8
ANTENNA_cbx_8__0_.cbx_8__0_.mux_top_ipin_3.mux_l1_in_0__A1, 15.52, 89.76, 1.8
FILLER_28_21, 15.52, 89.76, 1.8
FILLER_29_21, 15.52, 89.76, 1.8
FILLER_30_34, 15.52, 89.76, 1.8
output82, 15.52, 89.76, 1.8
sb_8__0_.mux_left_track_5.mux_l2_in_0__160, 15.52, 89.76, 1.8
ANTENNA_cbx_8__0_.cbx_8__0_.mux_top_ipin_1.mux_l1_in_3__A1, 15.52, 84.32, 1.8
ANTENNA_clkbuf_4_4_0_prog_clk_A, 15.52, 84.32, 1.8
ANTENNA_sb_8__0_.mux_top_track_40.mux_l1_in_0__A0, 15.52, 84.32, 1.8
FILLER_26_21, 15.52, 84.32, 1.8
FILLER_27_21, 15.52, 84.32, 1.8
_110_, 15.52, 84.32, 1.8
output100, 15.52, 84.32, 1.8
ANTENNA_cbx_8__0_.cbx_8__0_.mux_top_ipin_0.mux_l1_in_2__A1, 15.52, 78.88, 1.8
ANTENNA_sb_8__0_.mux_top_track_40.mux_l1_in_0__A1, 15.52, 78.88, 1.8
FILLER_24_21, 15.52, 78.88, 1.8
FILLER_25_21, 15.52, 78.88, 1.8
output101, 15.52, 78.88, 1.8
output104, 15.52, 78.88, 1.8
ANTENNA_cbx_8__0_.cbx_8__0_.mux_top_ipin_3.mux_l1_in_3__A1, 15.52, 73.44, 1.8
ANTENNA_sb_8__0_.mux_top_track_38.mux_l1_in_0__A1, 15.52, 73.44, 1.8
FILLER_22_21, 15.52, 73.44, 1.8
FILLER_23_21, 15.52, 73.44, 1.8
FILLER_23_29, 15.52, 73.44, 1.8
_125_, 15.52, 73.44, 1.8
cbx_8__0_.cbx_8__0_.mem_top_ipin_1.sky130_fd_sc_hd__dfrtp_1_1_, 15.52, 73.44, 1.8
cbx_8__0_.cbx_8__0_.mux_top_ipin_2.mux_l1_in_1_, 15.52, 73.44, 1.8
ANTENNA__101__A, 15.52, 68, 1.8
ANTENNA_cbx_8__0_.cbx_8__0_.mem_top_ipin_1.sky130_fd_sc_hd__dfrtp_1_1__RESET_B, 15.52, 68, 1.8
ANTENNA_cbx_8__0_.cbx_8__0_.mem_top_ipin_2.sky130_fd_sc_hd__dfrtp_1_1__RESET_B, 15.52, 68, 1.8
FILLER_20_21, 15.52, 68, 1.8
FILLER_21_21, 15.52, 68, 1.8
FILLER_21_28, 15.52, 68, 1.8
_100_, 15.52, 68, 1.8
cbx_8__0_.cbx_8__0_.mux_top_ipin_1.mux_l1_in_0_, 15.52, 68, 1.8
cbx_8__0_.cbx_8__0_.mux_top_ipin_1.mux_l2_in_0_, 15.52, 68, 1.8
ANTENNA_cbx_8__0_.cbx_8__0_.mux_top_ipin_1.mux_l1_in_2__A0, 15.52, 62.56, 1.8
ANTENNA_cbx_8__0_.cbx_8__0_.mux_top_ipin_1.mux_l1_in_2__S, 15.52, 62.56, 1.8
ANTENNA_cbx_8__0_.cbx_8__0_.mux_top_ipin_1.mux_l2_in_2__A0, 15.52, 62.56, 1.8
ANTENNA_cbx_8__0_.cbx_8__0_.mux_top_ipin_3.mux_l1_in_2__A1, 15.52, 62.56, 1.8
FILLER_18_15, 15.52, 62.56, 1.8
FILLER_19_15, 15.52, 62.56, 1.8
_119_, 15.52, 62.56, 1.8
_120_, 15.52, 62.56, 1.8
cbx_8__0_.cbx_8__0_.mem_top_ipin_1.sky130_fd_sc_hd__dfrtp_1_2_, 15.52, 62.56, 1.8
hold22, 15.52, 62.56, 1.8
ANTENNA_cbx_8__0_.cbx_8__0_.mem_top_ipin_2.sky130_fd_sc_hd__dfrtp_1_0__RESET_B, 15.52, 57.12, 1.8
ANTENNA_cbx_8__0_.cbx_8__0_.mux_top_ipin_2.mux_l1_in_1__A1, 15.52, 57.12, 1.8
FILLER_16_12, 15.52, 57.12, 1.8
FILLER_17_13, 15.52, 57.12, 1.8
FILLER_17_25, 15.52, 57.12, 1.8
FILLER_18_23, 15.52, 57.12, 1.8
FILLER_18_35, 15.52, 57.12, 1.8
_117_, 15.52, 57.12, 1.8
_137_, 15.52, 57.12, 1.8
cbx_8__0_.cbx_8__0_.mux_top_ipin_1.mux_l4_in_0_, 15.52, 57.12, 1.8
hold32, 15.52, 57.12, 1.8
ANTENNA_cbx_8__0_.cbx_8__0_.mux_top_ipin_1.mux_l1_in_0__A0, 15.52, 51.68, 1.8
FILLER_14_12, 15.52, 51.68, 1.8
FILLER_15_21, 15.52, 51.68, 1.8
FILLER_15_35, 15.52, 51.68, 1.8
_131_, 15.52, 51.68, 1.8
_133_, 15.52, 51.68, 1.8
_135_, 15.52, 51.68, 1.8
sb_8__0_.mux_top_track_44.mux_l1_in_1__184, 15.52, 51.68, 1.8
ANTENNA__125__A, 15.52, 46.24, 1.8
ANTENNA_input24_A, 15.52, 46.24, 1.8
FILLER_13_30, 15.52, 46.24, 1.8
FILLER_14_31, 15.52, 46.24, 1.8
_126_, 15.52, 46.24, 1.8
_127_, 15.52, 46.24, 1.8
_128_, 15.52, 46.24, 1.8
_136_, 15.52, 46.24, 1.8
sb_8__0_.mux_left_track_17.sky130_fd_sc_hd__buf_4_0_, 15.52, 46.24, 1.8
ANTENNA__133__A, 15.52, 40.8, 1.8
ANTENNA_cbx_8__0_.cbx_8__0_.mux_top_ipin_1.mux_l1_in_1__A0, 15.52, 40.8, 1.8
ANTENNA_hold32_A, 15.52, 40.8, 1.8
ANTENNA_sb_8__0_.mux_left_track_17.sky130_fd_sc_hd__buf_4_0__A, 15.52, 40.8, 1.8
FILLER_10_15, 15.52, 40.8, 1.8
FILLER_11_15, 15.52, 40.8, 1.8
input15, 15.52, 40.8, 1.8
input16, 15.52, 40.8, 1.8
sb_8__0_.mux_left_track_9.mux_l2_in_0__163, 15.52, 40.8, 1.8
ANTENNA_cbx_8__0_.cbx_8__0_.mux_top_ipin_1.mux_l1_in_1__A1, 15.52, 35.36, 1.8
ANTENNA_input15_A, 15.52, 35.36, 1.8
ANTENNA_input16_A, 15.52, 35.36, 1.8
ANTENNA_input56_A, 15.52, 35.36, 1.8
FILLER_10_34, 15.52, 35.36, 1.8
FILLER_8_12, 15.52, 35.36, 1.8
FILLER_8_19, 15.52, 35.36, 1.8
FILLER_9_15, 15.52, 35.36, 1.8
FILLER_9_28, 15.52, 35.36, 1.8
FILLER_9_34, 15.52, 35.36, 1.8
_112_, 15.52, 35.36, 1.8
input10, 15.52, 35.36, 1.8
input13, 15.52, 35.36, 1.8
input33, 15.52, 35.36, 1.8
ANTENNA_input10_A, 15.52, 29.92, 1.8
ANTENNA_input9_A, 15.52, 29.92, 1.8
FILLER_6_15, 15.52, 29.92, 1.8
FILLER_7_15, 15.52, 29.92, 1.8
FILLER_7_22, 15.52, 29.92, 1.8
input22, 15.52, 29.92, 1.8
input6, 15.52, 29.92, 1.8
input7, 15.52, 29.92, 1.8
input8, 15.52, 29.92, 1.8
input9, 15.52, 29.92, 1.8
ANTENNA_hold39_A, 15.52, 24.48, 1.8
ANTENNA_input17_A, 15.52, 24.48, 1.8
ANTENNA_input4_A, 15.52, 24.48, 1.8
ANTENNA_input5_A, 15.52, 24.48, 1.8
ANTENNA_input6_A, 15.52, 24.48, 1.8
ANTENNA_input8_A, 15.52, 24.48, 1.8
FILLER_4_15, 15.52, 24.48, 1.8
input28, 15.52, 24.48, 1.8
ANTENNA_input28_A, 15.52, 19.04, 1.8
ANTENNA_input31_A, 15.52, 19.04, 1.8
FILLER_2_15, 15.52, 19.04, 1.8
FILLER_3_16, 15.52, 19.04, 1.8
FILLER_3_28, 15.52, 19.04, 1.8
hold10, 15.52, 19.04, 1.8
input3, 15.52, 19.04, 1.8
input30, 15.52, 19.04, 1.8
ANTENNA_input14_A, 15.52, 13.6, 1.8
ANTENNA_input25_A, 15.52, 13.6, 1.8
ANTENNA_input26_A, 15.52, 13.6, 1.8
ANTENNA_input3_A, 15.52, 13.6, 1.8
FILLER_0_15, 15.52, 13.6, 1.8
FILLER_1_15, 15.52, 13.6, 1.8
FILLER_1_27, 15.52, 13.6, 1.8
FILLER_1_34, 15.52, 13.6, 1.8
hold40, 15.52, 13.6, 1.8
input1, 15.52, 13.6, 1.8
input14, 15.52, 13.6, 1.8
input29, 15.52, 13.6, 1.8
output143, 15.52, 13.6, 1.8
PHY_80, 5.52, 122.4, 1.8
FILLER_40_524, 249.32, 122.4, 1.8
PHY_81, 249.32, 122.4, 1.8
output140, 28.02, 122.4, 1.8
output114, 40.52, 122.4, 1.8
FILLER_40_90, 53.02, 122.4, 1.8
output121, 53.02, 122.4, 1.8
FILLER_40_146, 78.02, 122.4, 1.8
output130, 78.02, 122.4, 1.8
FILLER_40_202, 103.02, 122.4, 1.8
_153_, 103.02, 122.4, 1.8
output133, 103.02, 122.4, 1.8
FILLER_40_264, 128.02, 122.4, 1.8
sb_8__0_.mux_left_track_35.mux_l2_in_0_, 128.02, 122.4, 1.8
sb_8__0_.mux_left_track_13.mux_l1_in_0_, 140.52, 122.4, 1.8
input35, 153.02, 122.4, 1.8
FILLER_40_375, 178.02, 122.4, 1.8
hold28, 178.02, 122.4, 1.8
ANTENNA_hold23_A, 190.52, 122.4, 1.8
ANTENNA_hold28_A, 190.52, 122.4, 1.8
ANTENNA_hold34_A, 190.52, 122.4, 1.8
input47, 190.52, 122.4, 1.8
ANTENNA_input40_A, 203.02, 122.4, 1.8
ANTENNA_input47_A, 203.02, 122.4, 1.8
hold31, 203.02, 122.4, 1.8
ANTENNA_input69_A, 226.786, 122.4, 1.8
FILLER_40_471, 226.786, 122.4, 1.8
input69, 226.786, 122.4, 1.8
ANTENNA_input71_A, 238.053, 122.4, 1.8
input71, 238.053, 122.4, 1.8
ANTENNA_output116_A, 5.52, 116.96, 1.8
ANTENNA_sb_8__0_.mem_top_track_42.sky130_fd_sc_hd__dfrtp_1_0__RESET_B, 5.52, 116.96, 1.8
ANTENNA_sb_8__0_.mem_top_track_42.sky130_fd_sc_hd__dfrtp_1_1__RESET_B, 5.52, 116.96, 1.8
ANTENNA_sb_8__0_.mux_top_track_44.mux_l1_in_1__A0, 5.52, 116.96, 1.8
PHY_76, 5.52, 116.96, 1.8
PHY_78, 5.52, 116.96, 1.8
_109_, 5.52, 116.96, 1.8
output124, 5.52, 116.96, 1.8
PHY_77, 249.32, 116.96, 1.8
PHY_79, 249.32, 116.96, 1.8
ANTENNA_10, 28.02, 116.96, 1.8
ANTENNA_7, 28.02, 116.96, 1.8
ANTENNA__114__A, 28.02, 116.96, 1.8
FILLER_38_42, 28.02, 116.96, 1.8
FILLER_40_62, 28.02, 116.96, 1.8
input55, 28.02, 116.96, 1.8
output137, 28.02, 116.96, 1.8
output138, 28.02, 116.96, 1.8
sb_8__0_.mux_top_track_40.mux_l2_in_0_, 28.02, 116.96, 1.8
FILLER_39_70, 40.52, 116.96, 1.8
output115, 40.52, 116.96, 1.8
output141, 40.52, 116.96, 1.8
sb_8__0_.mux_top_track_18.sky130_fd_sc_hd__buf_4_0_, 40.52, 116.96, 1.8
ANTENNA_sb_8__0_.mem_left_track_11.sky130_fd_sc_hd__dfrtp_1_0__RESET_B, 53.02, 116.96, 1.8
FILLER_39_90, 53.02, 116.96, 1.8
_155_, 53.02, 116.96, 1.8
output119, 53.02, 116.96, 1.8
ANTENNA_sb_8__0_.mem_left_track_15.sky130_fd_sc_hd__dfrtp_1_1__RESET_B, 78.02, 116.96, 1.8
FILLER_38_147, 78.02, 116.96, 1.8
FILLER_39_146, 78.02, 116.96, 1.8
output128, 78.02, 116.96, 1.8
output129, 78.02, 116.96, 1.8
output131, 78.02, 116.96, 1.8
sb_8__0_.mem_left_track_11.sky130_fd_sc_hd__dfrtp_1_1_, 78.02, 116.96, 1.8
ANTENNA_sb_8__0_.mem_left_track_17.sky130_fd_sc_hd__dfrtp_1_0__RESET_B, 90.52, 116.96, 1.8
FILLER_39_187, 90.52, 116.96, 1.8
FILLER_40_191, 90.52, 116.96, 1.8
sb_8__0_.mem_left_track_13.sky130_fd_sc_hd__dfrtp_1_0_, 90.52, 116.96, 1.8
sb_8__0_.mem_left_track_13.sky130_fd_sc_hd__dfrtp_1_1_, 90.52, 116.96, 1.8
ANTENNA_sb_8__0_.mem_left_track_17.sky130_fd_sc_hd__dfrtp_1_1__RESET_B, 103.02, 116.96, 1.8
FILLER_38_202, 103.02, 116.96, 1.8
FILLER_39_211, 103.02, 116.96, 1.8
FILLER_39_219, 103.02, 116.96, 1.8
_130_, 103.02, 116.96, 1.8
sb_8__0_.mem_left_track_15.sky130_fd_sc_hd__dfrtp_1_1_, 103.02, 116.96, 1.8
sb_8__0_.mux_top_track_6.sky130_fd_sc_hd__buf_4_0_, 103.02, 116.96, 1.8
FILLER_38_264, 128.02, 116.96, 1.8
FILLER_39_254, 128.02, 116.96, 1.8
FILLER_40_277, 128.02, 116.96, 1.8
sb_8__0_.mem_left_track_33.sky130_fd_sc_hd__dfrtp_1_1_, 128.02, 116.96, 1.8
sb_8__0_.mux_left_track_11.mux_l1_in_0_, 128.02, 116.96, 1.8
sb_8__0_.mux_left_track_15.mux_l1_in_0_, 128.02, 116.96, 1.8
ANTENNA_sb_8__0_.mux_left_track_17.mux_l1_in_0__A0, 140.52, 116.96, 1.8
FILLER_38_281, 140.52, 116.96, 1.8
FILLER_39_303, 140.52, 116.96, 1.8
hold20, 140.52, 116.96, 1.8
input60, 140.52, 116.96, 1.8
sb_8__0_.mem_left_track_35.sky130_fd_sc_hd__dfrtp_1_0_, 140.52, 116.96, 1.8
sb_8__0_.mem_left_track_35.sky130_fd_sc_hd__dfrtp_1_1_, 140.52, 116.96, 1.8
ANTENNA_sb_8__0_.mem_left_track_33.sky130_fd_sc_hd__dfrtp_1_1__CLK, 153.02, 116.96, 1.8
ANTENNA_sb_8__0_.mem_left_track_33.sky130_fd_sc_hd__dfrtp_1_1__RESET_B, 153.02, 116.96, 1.8
ANTENNA_sb_8__0_.mem_left_track_35.sky130_fd_sc_hd__dfrtp_1_0__CLK, 153.02, 116.96, 1.8
ANTENNA_sb_8__0_.mem_left_track_35.sky130_fd_sc_hd__dfrtp_1_1__CLK, 153.02, 116.96, 1.8
FILLER_39_324, 153.02, 116.96, 1.8
FILLER_40_321, 153.02, 116.96, 1.8
FILLER_40_333, 153.02, 116.96, 1.8
hold33, 153.02, 116.96, 1.8
input36, 153.02, 116.96, 1.8
input61, 153.02, 116.96, 1.8
sb_8__0_.mem_left_track_45.sky130_fd_sc_hd__dfrtp_1_0_, 153.02, 116.96, 1.8
FILLER_38_371, 178.02, 116.96, 1.8
FILLER_39_362, 178.02, 116.96, 1.8
FILLER_39_374, 178.02, 116.96, 1.8
FILLER_39_382, 178.02, 116.96, 1.8
hold23, 178.02, 116.96, 1.8
hold26, 178.02, 116.96, 1.8
input39, 178.02, 116.96, 1.8
input43, 178.02, 116.96, 1.8
input45, 178.02, 116.96, 1.8
sb_8__0_.mux_left_track_11.mux_l2_in_0__195, 178.02, 116.96, 1.8
ANTENNA_input39_A, 190.52, 116.96, 1.8
FILLER_39_389, 190.52, 116.96, 1.8
FILLER_39_402, 190.52, 116.96, 1.8
FILLER_39_409, 190.52, 116.96, 1.8
hold29, 190.52, 116.96, 1.8
input40, 190.52, 116.96, 1.8
input50, 190.52, 116.96, 1.8
input51, 190.52, 116.96, 1.8
ANTENNA_hold29_A, 203.02, 116.96, 1.8
ANTENNA_hold30_A, 203.02, 116.96, 1.8
ANTENNA_hold31_A, 203.02, 116.96, 1.8
FILLER_39_417, 203.02, 116.96, 1.8
FILLER_40_431, 203.02, 116.96, 1.8
hold27, 203.02, 116.96, 1.8
hold3, 203.02, 116.96, 1.8
hold30, 203.02, 116.96, 1.8
input52, 203.02, 116.96, 1.8
ANTENNA_input70_A, 226.786, 116.96, 1.8
ANTENNA_input75_A, 226.786, 116.96, 1.8
ANTENNA_input76_A, 226.786, 116.96, 1.8
FILLER_39_471, 226.786, 116.96, 1.8
FILLER_39_479, 226.786, 116.96, 1.8
FILLER_39_493, 226.786, 116.96, 1.8
FILLER_40_483, 226.786, 116.96, 1.8
FILLER_40_491, 226.786, 116.96, 1.8
input70, 226.786, 116.96, 1.8
input75, 226.786, 116.96, 1.8
input76, 226.786, 116.96, 1.8
ANTENNA_hold36_A, 238.053, 116.96, 1.8
ANTENNA_input72_A, 238.053, 116.96, 1.8
ANTENNA_input73_A, 238.053, 116.96, 1.8
ANTENNA_input74_A, 238.053, 116.96, 1.8
FILLER_38_498, 238.053, 116.96, 1.8
FILLER_39_513, 238.053, 116.96, 1.8
FILLER_40_511, 238.053, 116.96, 1.8
hold37, 238.053, 116.96, 1.8
hold8, 238.053, 116.96, 1.8
input72, 238.053, 116.96, 1.8
input73, 238.053, 116.96, 1.8
input80, 238.053, 116.96, 1.8
PHY_72, 5.52, 111.52, 1.8
PHY_74, 5.52, 111.52, 1.8
output92, 5.52, 111.52, 1.8
output93, 5.52, 111.52, 1.8
PHY_73, 249.32, 111.52, 1.8
PHY_75, 249.32, 111.52, 1.8
input77, 249.32, 111.52, 1.8
input78, 249.32, 111.52, 1.8
ANTENNA_input57_A, 28.02, 111.52, 1.8
FILLER_36_47, 28.02, 111.52, 1.8
FILLER_38_62, 28.02, 111.52, 1.8
cbx_8__0_.cbx_8__0_.mux_top_ipin_3.mux_l3_in_0_, 28.02, 111.52, 1.8
output136, 28.02, 111.52, 1.8
ANTENNA_sb_8__0_.mem_left_track_13.sky130_fd_sc_hd__dfrtp_1_0__RESET_B, 40.52, 111.52, 1.8
FILLER_37_70, 40.52, 111.52, 1.8
output142, 40.52, 111.52, 1.8
sb_8__0_.mem_top_track_42.sky130_fd_sc_hd__dfrtp_1_1_, 40.52, 111.52, 1.8
FILLER_36_98, 53.02, 111.52, 1.8
FILLER_37_90, 53.02, 111.52, 1.8
FILLER_38_109, 53.02, 111.52, 1.8
_113_, 53.02, 111.52, 1.8
output116, 53.02, 111.52, 1.8
output117, 53.02, 111.52, 1.8
sb_8__0_.mem_top_track_44.sky130_fd_sc_hd__dfrtp_1_0_, 53.02, 111.52, 1.8
ANTENNA__123__A, 78.02, 111.52, 1.8
ANTENNA_sb_8__0_.mem_left_track_15.sky130_fd_sc_hd__dfrtp_1_0__RESET_B, 78.02, 111.52, 1.8
FILLER_38_170, 78.02, 111.52, 1.8
output123, 78.02, 111.52, 1.8
output126, 78.02, 111.52, 1.8
sb_8__0_.mem_left_track_11.sky130_fd_sc_hd__dfrtp_1_0_, 78.02, 111.52, 1.8
FILLER_37_191, 90.52, 111.52, 1.8
FILLER_37_198, 90.52, 111.52, 1.8
sb_8__0_.mem_left_track_9.sky130_fd_sc_hd__dfrtp_1_1_, 90.52, 111.52, 1.8
sb_8__0_.mux_top_track_10.sky130_fd_sc_hd__buf_4_0_, 90.52, 111.52, 1.8
ANTENNA_sb_8__0_.mem_left_track_17.sky130_fd_sc_hd__dfrtp_1_1__CLK, 103.02, 111.52, 1.8
_123_, 103.02, 111.52, 1.8
output132, 103.02, 111.52, 1.8
sb_8__0_.mem_left_track_15.sky130_fd_sc_hd__dfrtp_1_0_, 103.02, 111.52, 1.8
ANTENNA_sb_8__0_.mem_left_track_19.sky130_fd_sc_hd__dfrtp_1_1__RESET_B, 128.02, 111.52, 1.8
ANTENNA_sb_8__0_.mux_left_track_15.mux_l1_in_0__A0, 128.02, 111.52, 1.8
ANTENNA_sb_8__0_.mux_left_track_19.mux_l1_in_0__A0, 128.02, 111.52, 1.8
ANTENNA_sb_8__0_.mux_left_track_33.mux_l1_in_0__A0, 128.02, 111.52, 1.8
FILLER_36_264, 128.02, 111.52, 1.8
FILLER_37_259, 128.02, 111.52, 1.8
sb_8__0_.mux_left_track_17.mux_l1_in_0_, 128.02, 111.52, 1.8
sb_8__0_.mux_left_track_19.mux_l1_in_0_, 128.02, 111.52, 1.8
sb_8__0_.mux_left_track_31.mux_l2_in_0_, 128.02, 111.52, 1.8
ANTENNA_sb_8__0_.mem_left_track_33.sky130_fd_sc_hd__dfrtp_1_0__RESET_B, 140.52, 111.52, 1.8
FILLER_36_288, 140.52, 111.52, 1.8
FILLER_37_292, 140.52, 111.52, 1.8
sb_8__0_.mem_left_track_45.sky130_fd_sc_hd__dfrtp_1_1_, 140.52, 111.52, 1.8
sb_8__0_.mux_left_track_33.mux_l1_in_0_, 140.52, 111.52, 1.8
sb_8__0_.mux_left_track_45.mux_l2_in_0__157, 140.52, 111.52, 1.8
ANTENNA_sb_8__0_.mem_left_track_33.sky130_fd_sc_hd__dfrtp_1_0__CLK, 153.02, 111.52, 1.8
ANTENNA_sb_8__0_.mem_left_track_35.sky130_fd_sc_hd__dfrtp_1_1__RESET_B, 153.02, 111.52, 1.8
ANTENNA_sb_8__0_.mem_left_track_45.sky130_fd_sc_hd__dfrtp_1_1__CLK, 153.02, 111.52, 1.8
ANTENNA_sb_8__0_.mem_left_track_47.sky130_fd_sc_hd__dfrtp_1_0__CLK, 153.02, 111.52, 1.8
FILLER_37_316, 153.02, 111.52, 1.8
FILLER_38_331, 153.02, 111.52, 1.8
sb_8__0_.mux_left_track_35.mux_l1_in_0_, 153.02, 111.52, 1.8
sb_8__0_.mux_left_track_45.mux_l1_in_0_, 153.02, 111.52, 1.8
ANTENNA_hold26_A, 178.02, 111.52, 1.8
ANTENNA_sb_8__0_.mem_left_track_45.sky130_fd_sc_hd__dfrtp_1_0__RESET_B, 178.02, 111.52, 1.8
ANTENNA_sb_8__0_.mux_left_track_45.mux_l1_in_0__A0, 178.02, 111.52, 1.8
FILLER_36_371, 178.02, 111.52, 1.8
FILLER_37_370, 178.02, 111.52, 1.8
FILLER_37_378, 178.02, 111.52, 1.8
FILLER_38_382, 178.02, 111.52, 1.8
_138_, 178.02, 111.52, 1.8
_139_, 178.02, 111.52, 1.8
_144_, 178.02, 111.52, 1.8
hold6, 178.02, 111.52, 1.8
input38, 178.02, 111.52, 1.8
ANTENNA_input46_A, 190.52, 111.52, 1.8
ANTENNA_input48_A, 190.52, 111.52, 1.8
ANTENNA_sb_8__0_.mem_top_track_0.sky130_fd_sc_hd__dfrtp_1_0__CLK, 190.52, 111.52, 1.8
ANTENNA_sb_8__0_.mem_top_track_0.sky130_fd_sc_hd__dfrtp_1_0__RESET_B, 190.52, 111.52, 1.8
FILLER_36_402, 190.52, 111.52, 1.8
FILLER_38_405, 190.52, 111.52, 1.8
input46, 190.52, 111.52, 1.8
input48, 190.52, 111.52, 1.8
sb_8__0_.mem_top_track_0.sky130_fd_sc_hd__dfrtp_1_0_, 190.52, 111.52, 1.8
ANTENNA_input54_A, 203.02, 111.52, 1.8
FILLER_36_416, 203.02, 111.52, 1.8
FILLER_37_419, 203.02, 111.52, 1.8
FILLER_37_427, 203.02, 111.52, 1.8
FILLER_37_433, 203.02, 111.52, 1.8
input53, 203.02, 111.52, 1.8
input54, 203.02, 111.52, 1.8
FILLER_36_469, 226.786, 111.52, 1.8
hold38, 226.786, 111.52, 1.8
ANTENNA_input78_A, 238.053, 111.52, 1.8
ANTENNA_input79_A, 238.053, 111.52, 1.8
ANTENNA_input80_A, 238.053, 111.52, 1.8
FILLER_37_497, 238.053, 111.52, 1.8
FILLER_37_517, 238.053, 111.52, 1.8
FILLER_38_513, 238.053, 111.52, 1.8
hold36, 238.053, 111.52, 1.8
input74, 238.053, 111.52, 1.8
input79, 238.053, 111.52, 1.8
PHY_68, 5.52, 106.08, 1.8
PHY_70, 5.52, 106.08, 1.8
output89, 5.52, 106.08, 1.8
output91, 5.52, 106.08, 1.8
ANTENNA_input77_A, 249.32, 106.08, 1.8
PHY_69, 249.32, 106.08, 1.8
PHY_71, 249.32, 106.08, 1.8
ANTENNA__098__A, 28.02, 106.08, 1.8
ANTENNA_sb_8__0_.mem_top_track_36.sky130_fd_sc_hd__dfrtp_1_0__RESET_B, 28.02, 106.08, 1.8
ANTENNA_sb_8__0_.mem_top_track_44.sky130_fd_sc_hd__dfrtp_1_1__RESET_B, 28.02, 106.08, 1.8
ANTENNA_sb_8__0_.mux_top_track_42.mux_l1_in_0__A1, 28.02, 106.08, 1.8
FILLER_35_41, 28.02, 106.08, 1.8
FILLER_36_57, 28.02, 106.08, 1.8
_118_, 28.02, 106.08, 1.8
cbx_8__0_.cbx_8__0_.mem_top_ipin_3.sky130_fd_sc_hd__dfrtp_1_3_, 28.02, 106.08, 1.8
cbx_8__0_.cbx_8__0_.mux_top_ipin_2.mux_l1_in_0_, 28.02, 106.08, 1.8
output139, 28.02, 106.08, 1.8
ANTENNA_9, 40.52, 106.08, 1.8
ANTENNA__115__A, 40.52, 106.08, 1.8
ANTENNA_output120_A, 40.52, 106.08, 1.8
ANTENNA_sb_8__0_.mem_left_track_11.sky130_fd_sc_hd__dfrtp_1_1__RESET_B, 40.52, 106.08, 1.8
ANTENNA_sb_8__0_.mux_left_track_9.mux_l2_in_0__A0, 40.52, 106.08, 1.8
FILLER_35_67, 40.52, 106.08, 1.8
_107_, 40.52, 106.08, 1.8
sb_8__0_.mem_top_track_42.sky130_fd_sc_hd__dfrtp_1_0_, 40.52, 106.08, 1.8
sb_8__0_.mux_top_track_36.mux_l2_in_0_, 40.52, 106.08, 1.8
sb_8__0_.mux_top_track_42.mux_l2_in_0_, 40.52, 106.08, 1.8
ANTENNA_output127_A, 53.02, 106.08, 1.8
ANTENNA_output131_A, 53.02, 106.08, 1.8
ANTENNA_sb_8__0_.mux_left_track_13.mux_l2_in_0__A0, 53.02, 106.08, 1.8
FILLER_34_103, 53.02, 106.08, 1.8
FILLER_35_113, 53.02, 106.08, 1.8
FILLER_35_91, 53.02, 106.08, 1.8
sb_8__0_.mux_top_track_42.mux_l1_in_0_, 53.02, 106.08, 1.8
sb_8__0_.mux_top_track_44.mux_l1_in_1_, 53.02, 106.08, 1.8
ANTENNA_sb_8__0_.mux_left_track_3.mux_l1_in_0__A0, 78.02, 106.08, 1.8
FILLER_34_155, 78.02, 106.08, 1.8
FILLER_35_150, 78.02, 106.08, 1.8
FILLER_36_169, 78.02, 106.08, 1.8
output127, 78.02, 106.08, 1.8
sb_8__0_.mux_left_track_13.mux_l2_in_0_, 78.02, 106.08, 1.8
sb_8__0_.mux_left_track_15.mux_l2_in_0_, 78.02, 106.08, 1.8
FILLER_34_181, 90.52, 106.08, 1.8
FILLER_35_187, 90.52, 106.08, 1.8
sb_8__0_.mem_left_track_5.sky130_fd_sc_hd__dfrtp_1_0_, 90.52, 106.08, 1.8
sb_8__0_.mux_left_track_5.mux_l1_in_0_, 90.52, 106.08, 1.8
ANTENNA_sb_8__0_.mem_left_track_3.sky130_fd_sc_hd__dfrtp_1_1__RESET_B, 103.02, 106.08, 1.8
ANTENNA_sb_8__0_.mem_left_track_9.sky130_fd_sc_hd__dfrtp_1_0__RESET_B, 103.02, 106.08, 1.8
sb_8__0_.mem_left_track_5.sky130_fd_sc_hd__dfrtp_1_1_, 103.02, 106.08, 1.8
sb_8__0_.mux_left_track_19.mux_l2_in_0__151, 103.02, 106.08, 1.8
ANTENNA_sb_8__0_.mux_left_track_31.mux_l1_in_0__A0, 128.02, 106.08, 1.8
FILLER_34_253, 128.02, 106.08, 1.8
FILLER_35_262, 128.02, 106.08, 1.8
FILLER_35_275, 128.02, 106.08, 1.8
sb_8__0_.mem_left_track_33.sky130_fd_sc_hd__dfrtp_1_0_, 128.02, 106.08, 1.8
sb_8__0_.mux_left_track_45.mux_l2_in_0_, 128.02, 106.08, 1.8
sb_8__0_.mux_left_track_47.mux_l2_in_0_, 128.02, 106.08, 1.8
ANTENNA__149__A, 140.52, 106.08, 1.8
ANTENNA_sb_8__0_.mem_left_track_31.sky130_fd_sc_hd__dfrtp_1_1__RESET_B, 140.52, 106.08, 1.8
FILLER_34_291, 140.52, 106.08, 1.8
FILLER_35_281, 140.52, 106.08, 1.8
FILLER_35_293, 140.52, 106.08, 1.8
FILLER_36_295, 140.52, 106.08, 1.8
input44, 140.52, 106.08, 1.8
sb_8__0_.mem_left_track_47.sky130_fd_sc_hd__dfrtp_1_0_, 140.52, 106.08, 1.8
sb_8__0_.mux_left_track_31.mux_l1_in_0_, 140.52, 106.08, 1.8
ANTENNA__143__A, 153.02, 106.08, 1.8
ANTENNA_input44_A, 153.02, 106.08, 1.8
ANTENNA_sb_8__0_.mem_left_track_47.sky130_fd_sc_hd__dfrtp_1_0__RESET_B, 153.02, 106.08, 1.8
FILLER_35_317, 153.02, 106.08, 1.8
FILLER_36_324, 153.02, 106.08, 1.8
_143_, 153.02, 106.08, 1.8
_147_, 153.02, 106.08, 1.8
sb_8__0_.mux_left_track_47.mux_l1_in_0_, 153.02, 106.08, 1.8
ANTENNA__142__A, 178.02, 106.08, 1.8
ANTENNA__144__A, 178.02, 106.08, 1.8
ANTENNA_input37_A, 178.02, 106.08, 1.8
ANTENNA_input38_A, 178.02, 106.08, 1.8
FILLER_35_368, 178.02, 106.08, 1.8
FILLER_35_387, 178.02, 106.08, 1.8
FILLER_36_378, 178.02, 106.08, 1.8
FILLER_36_385, 178.02, 106.08, 1.8
sb_8__0_.mux_left_track_13.mux_l2_in_0__196, 178.02, 106.08, 1.8
ANTENNA_input49_A, 190.52, 106.08, 1.8
input49, 190.52, 106.08, 1.8
FILLER_35_441, 203.02, 106.08, 1.8
FILLER_34_469, 226.786, 106.08, 1.8
ANTENNA_output81_A, 238.053, 106.08, 1.8
FILLER_35_497, 238.053, 106.08, 1.8
FILLER_36_517, 238.053, 106.08, 1.8
input2, 238.053, 106.08, 1.8
output81, 238.053, 106.08, 1.8
PHY_64, 5.52, 100.64, 1.8
PHY_66, 5.52, 100.64, 1.8
output87, 5.52, 100.64, 1.8
output88, 5.52, 100.64, 1.8
PHY_65, 249.32, 100.64, 1.8
PHY_67, 249.32, 100.64, 1.8
FILLER_33_41, 28.02, 100.64, 1.8
cbx_8__0_.cbx_8__0_.mux_top_ipin_3.mux_l1_in_1_, 28.02, 100.64, 1.8
output97, 28.02, 100.64, 1.8
sb_8__0_.mem_top_track_40.sky130_fd_sc_hd__dfrtp_1_1_, 28.02, 100.64, 1.8
ANTENNA_sb_8__0_.mux_top_track_46.mux_l1_in_1__A1, 40.52, 100.64, 1.8
FILLER_33_75, 40.52, 100.64, 1.8
FILLER_33_86, 40.52, 100.64, 1.8
_105_, 40.52, 100.64, 1.8
output99, 40.52, 100.64, 1.8
ANTENNA_output123_A, 53.02, 100.64, 1.8
FILLER_34_114, 53.02, 100.64, 1.8
_098_, 53.02, 100.64, 1.8
_108_, 53.02, 100.64, 1.8
sb_8__0_.mem_top_track_36.sky130_fd_sc_hd__dfrtp_1_0_, 53.02, 100.64, 1.8
ANTENNA_2, 78.02, 100.64, 1.8
ANTENNA_sb_8__0_.mem_left_track_5.sky130_fd_sc_hd__dfrtp_1_0__RESET_B, 78.02, 100.64, 1.8
FILLER_33_157, 78.02, 100.64, 1.8
FILLER_33_165, 78.02, 100.64, 1.8
FILLER_34_168, 78.02, 100.64, 1.8
_129_, 78.02, 100.64, 1.8
sb_8__0_.mem_top_track_48.sky130_fd_sc_hd__dfrtp_1_0_, 78.02, 100.64, 1.8
sb_8__0_.mux_left_track_17.mux_l2_in_0_, 78.02, 100.64, 1.8
ANTENNA_sb_8__0_.mem_left_track_5.sky130_fd_sc_hd__dfrtp_1_1__RESET_B, 90.52, 100.64, 1.8
FILLER_32_184, 90.52, 100.64, 1.8
FILLER_33_182, 90.52, 100.64, 1.8
FILLER_33_198, 90.52, 100.64, 1.8
sb_8__0_.mux_left_track_3.mux_l1_in_0_, 90.52, 100.64, 1.8
sb_8__0_.mux_left_track_3.mux_l2_in_0_, 90.52, 100.64, 1.8
sb_8__0_.mux_left_track_5.mux_l2_in_0_, 90.52, 100.64, 1.8
sb_8__0_.mux_left_track_9.mux_l1_in_0_, 90.52, 100.64, 1.8
ANTENNA__096__A, 103.02, 100.64, 1.8
ANTENNA_sb_8__0_.mem_left_track_7.sky130_fd_sc_hd__dfrtp_1_0__RESET_B, 103.02, 100.64, 1.8
FILLER_32_204, 103.02, 100.64, 1.8
FILLER_34_219, 103.02, 100.64, 1.8
_097_, 103.02, 100.64, 1.8
sb_8__0_.mem_left_track_7.sky130_fd_sc_hd__dfrtp_1_0_, 103.02, 100.64, 1.8
sb_8__0_.mem_left_track_9.sky130_fd_sc_hd__dfrtp_1_0_, 103.02, 100.64, 1.8
ANTENNA_sb_8__0_.mem_left_track_29.sky130_fd_sc_hd__dfrtp_1_0__CLK, 128.02, 100.64, 1.8
ANTENNA_sb_8__0_.mem_left_track_29.sky130_fd_sc_hd__dfrtp_1_0__RESET_B, 128.02, 100.64, 1.8
ANTENNA_sb_8__0_.mem_left_track_31.sky130_fd_sc_hd__dfrtp_1_1__CLK, 128.02, 100.64, 1.8
ANTENNA_sb_8__0_.mux_left_track_7.mux_l1_in_0__A0, 128.02, 100.64, 1.8
FILLER_32_253, 128.02, 100.64, 1.8
FILLER_32_265, 128.02, 100.64, 1.8
sb_8__0_.mem_left_track_31.sky130_fd_sc_hd__dfrtp_1_1_, 128.02, 100.64, 1.8
sb_8__0_.mux_left_track_1.mux_l2_in_0_, 128.02, 100.64, 1.8
ANTENNA_sb_8__0_.mem_left_track_31.sky130_fd_sc_hd__dfrtp_1_0__RESET_B, 140.52, 100.64, 1.8
FILLER_32_293, 140.52, 100.64, 1.8
FILLER_33_292, 140.52, 100.64, 1.8
FILLER_34_305, 140.52, 100.64, 1.8
_149_, 140.52, 100.64, 1.8
sb_8__0_.mem_left_track_47.sky130_fd_sc_hd__dfrtp_1_1_, 140.52, 100.64, 1.8
sb_8__0_.mux_left_track_29.mux_l1_in_0_, 140.52, 100.64, 1.8
ANTENNA__147__A, 153.02, 100.64, 1.8
ANTENNA_sb_8__0_.mem_left_track_47.sky130_fd_sc_hd__dfrtp_1_1__RESET_B, 153.02, 100.64, 1.8
ANTENNA_sb_8__0_.mux_left_track_49.mux_l1_in_0__A0, 153.02, 100.64, 1.8
ANTENNA_sb_8__0_.mux_top_track_30.sky130_fd_sc_hd__buf_4_0__A, 153.02, 100.64, 1.8
FILLER_33_316, 153.02, 100.64, 1.8
FILLER_34_321, 153.02, 100.64, 1.8
FILLER_34_329, 153.02, 100.64, 1.8
sb_8__0_.mux_left_track_13.sky130_fd_sc_hd__buf_4_0_, 153.02, 100.64, 1.8
sb_8__0_.mux_left_track_3.sky130_fd_sc_hd__buf_4_0_, 153.02, 100.64, 1.8
sb_8__0_.mux_left_track_49.mux_l1_in_0_, 153.02, 100.64, 1.8
sb_8__0_.mux_top_track_30.sky130_fd_sc_hd__buf_4_0_, 153.02, 100.64, 1.8
FILLER_33_383, 178.02, 100.64, 1.8
FILLER_34_413, 190.52, 100.64, 1.8
FILLER_33_441, 203.02, 100.64, 1.8
FILLER_32_469, 226.786, 100.64, 1.8
FILLER_33_497, 238.053, 100.64, 1.8
FILLER_33_517, 238.053, 100.64, 1.8
PHY_60, 5.52, 95.2, 1.8
PHY_62, 5.52, 95.2, 1.8
output85, 5.52, 95.2, 1.8
output86, 5.52, 95.2, 1.8
PHY_61, 249.32, 95.2, 1.8
PHY_63, 249.32, 95.2, 1.8
FILLER_31_41, 28.02, 95.2, 1.8
FILLER_32_57, 28.02, 95.2, 1.8
cbx_8__0_.cbx_8__0_.mux_top_ipin_3.mux_l4_in_0_, 28.02, 95.2, 1.8
output98, 28.02, 95.2, 1.8
sb_8__0_.mem_top_track_38.sky130_fd_sc_hd__dfrtp_1_0_, 28.02, 95.2, 1.8
sb_8__0_.mem_top_track_40.sky130_fd_sc_hd__dfrtp_1_0_, 28.02, 95.2, 1.8
FILLER_31_75, 40.52, 95.2, 1.8
FILLER_32_81, 40.52, 95.2, 1.8
output103, 40.52, 95.2, 1.8
sb_8__0_.mem_top_track_36.sky130_fd_sc_hd__dfrtp_1_1_, 40.52, 95.2, 1.8
ANTENNA_3, 53.02, 95.2, 1.8
ANTENNA_output118_A, 53.02, 95.2, 1.8
ANTENNA_sb_8__0_.mem_top_track_34.sky130_fd_sc_hd__dfrtp_1_1__RESET_B, 53.02, 95.2, 1.8
ANTENNA_sb_8__0_.mem_top_track_46.sky130_fd_sc_hd__dfrtp_1_1__RESET_B, 53.02, 95.2, 1.8
ANTENNA_sb_8__0_.mux_top_track_36.mux_l1_in_0__A0, 53.02, 95.2, 1.8
FILLER_30_99, 53.02, 95.2, 1.8
FILLER_32_107, 53.02, 95.2, 1.8
cbx_8__0_.cbx_8__0_.mux_top_ipin_3.mux_l1_in_0_, 53.02, 95.2, 1.8
sb_8__0_.mem_top_track_34.sky130_fd_sc_hd__dfrtp_1_1_, 53.02, 95.2, 1.8
sb_8__0_.mux_top_track_34.mux_l2_in_0_, 53.02, 95.2, 1.8
sb_8__0_.mux_top_track_44.mux_l2_in_0_, 53.02, 95.2, 1.8
ANTENNA_18, 78.02, 95.2, 1.8
ANTENNA_19, 78.02, 95.2, 1.8
ANTENNA_20, 78.02, 95.2, 1.8
ANTENNA_21, 78.02, 95.2, 1.8
ANTENNA_22, 78.02, 95.2, 1.8
ANTENNA_23, 78.02, 95.2, 1.8
ANTENNA_24, 78.02, 95.2, 1.8
ANTENNA__097__A, 78.02, 95.2, 1.8
ANTENNA_sb_8__0_.mux_left_track_5.mux_l1_in_0__A0, 78.02, 95.2, 1.8
ANTENNA_sb_8__0_.mux_top_track_44.mux_l1_in_0__A0, 78.02, 95.2, 1.8
ANTENNA_sb_8__0_.mux_top_track_44.mux_l1_in_0__A1, 78.02, 95.2, 1.8
FILLER_32_166, 78.02, 95.2, 1.8
_106_, 78.02, 95.2, 1.8
sb_8__0_.mem_top_track_48.sky130_fd_sc_hd__dfrtp_1_1_, 78.02, 95.2, 1.8
sb_8__0_.mux_left_track_7.sky130_fd_sc_hd__buf_4_0_, 78.02, 95.2, 1.8
ANTENNA_25, 90.52, 95.2, 1.8
ANTENNA_26, 90.52, 95.2, 1.8
ANTENNA_27, 90.52, 95.2, 1.8
ANTENNA_clkbuf_4_12_0_prog_clk_A, 90.52, 95.2, 1.8
FILLER_30_173, 90.52, 95.2, 1.8
FILLER_30_181, 90.52, 95.2, 1.8
FILLER_31_191, 90.52, 95.2, 1.8
FILLER_31_198, 90.52, 95.2, 1.8
FILLER_32_197, 90.52, 95.2, 1.8
_154_, 90.52, 95.2, 1.8
sb_8__0_.mux_left_track_17.mux_l2_in_0__198, 90.52, 95.2, 1.8
sb_8__0_.mux_top_track_2.sky130_fd_sc_hd__buf_4_0_, 90.52, 95.2, 1.8
sb_8__0_.mux_top_track_44.mux_l1_in_0_, 90.52, 95.2, 1.8
sb_8__0_.mux_top_track_8.sky130_fd_sc_hd__buf_4_0_, 90.52, 95.2, 1.8
clkbuf_4_12_0_prog_clk, 103.02, 95.2, 1.8
sb_8__0_.mem_left_track_3.sky130_fd_sc_hd__dfrtp_1_1_, 103.02, 95.2, 1.8
ANTENNA_sb_8__0_.mem_left_track_3.sky130_fd_sc_hd__dfrtp_1_0__RESET_B, 128.02, 95.2, 1.8
FILLER_31_254, 128.02, 95.2, 1.8
FILLER_31_270, 128.02, 95.2, 1.8
clkbuf_4_14_0_prog_clk, 128.02, 95.2, 1.8
sb_8__0_.mem_left_track_29.sky130_fd_sc_hd__dfrtp_1_1_, 128.02, 95.2, 1.8
sb_8__0_.mem_left_track_31.sky130_fd_sc_hd__dfrtp_1_0_, 128.02, 95.2, 1.8
sb_8__0_.mux_left_track_47.mux_l2_in_0__158, 128.02, 95.2, 1.8
sb_8__0_.mux_left_track_7.mux_l1_in_1__162, 128.02, 95.2, 1.8
ANTENNA_output121_A, 140.52, 95.2, 1.8
ANTENNA_sb_8__0_.mem_left_track_29.sky130_fd_sc_hd__dfrtp_1_1__RESET_B, 140.52, 95.2, 1.8
ANTENNA_sb_8__0_.mem_left_track_47.sky130_fd_sc_hd__dfrtp_1_1__CLK, 140.52, 95.2, 1.8
ANTENNA_sb_8__0_.mux_left_track_29.mux_l1_in_0__A0, 140.52, 95.2, 1.8
ANTENNA_sb_8__0_.mux_top_track_36.mux_l2_in_0__A0, 140.52, 95.2, 1.8
FILLER_30_284, 140.52, 95.2, 1.8
sb_8__0_.mem_left_track_49.sky130_fd_sc_hd__dfrtp_1_0_, 140.52, 95.2, 1.8
sb_8__0_.mux_left_track_15.sky130_fd_sc_hd__buf_4_0_, 140.52, 95.2, 1.8
sb_8__0_.mux_top_track_48.sky130_fd_sc_hd__buf_4_0_, 140.52, 95.2, 1.8
ANTENNA_sb_8__0_.mem_left_track_49.sky130_fd_sc_hd__dfrtp_1_0__RESET_B, 153.02, 95.2, 1.8
ANTENNA_sb_8__0_.mux_left_track_1.mux_l1_in_0__A0, 153.02, 95.2, 1.8
ANTENNA_sb_8__0_.mux_top_track_34.sky130_fd_sc_hd__buf_4_0__A, 153.02, 95.2, 1.8
FILLER_31_315, 153.02, 95.2, 1.8
FILLER_31_328, 153.02, 95.2, 1.8
sb_8__0_.mux_left_track_1.mux_l1_in_0_, 153.02, 95.2, 1.8
sb_8__0_.mux_left_track_49.mux_l2_in_0_, 153.02, 95.2, 1.8
sb_8__0_.mux_top_track_34.sky130_fd_sc_hd__buf_4_0_, 153.02, 95.2, 1.8
FILLER_31_385, 178.02, 95.2, 1.8
FILLER_32_413, 190.52, 95.2, 1.8
FILLER_31_441, 203.02, 95.2, 1.8
FILLER_30_469, 226.786, 95.2, 1.8
FILLER_31_497, 238.053, 95.2, 1.8
FILLER_31_517, 238.053, 95.2, 1.8
PHY_56, 5.52, 89.76, 1.8
PHY_58, 5.52, 89.76, 1.8
output112, 5.52, 89.76, 1.8
output84, 5.52, 89.76, 1.8
PHY_57, 249.32, 89.76, 1.8
PHY_59, 249.32, 89.76, 1.8
FILLER_28_37, 28.02, 89.76, 1.8
FILLER_29_41, 28.02, 89.76, 1.8
FILLER_30_58, 28.02, 89.76, 1.8
cbx_8__0_.cbx_8__0_.mem_top_ipin_3.sky130_fd_sc_hd__dfrtp_1_2_, 28.02, 89.76, 1.8
cbx_8__0_.cbx_8__0_.mux_top_ipin_1.mux_l1_in_2_, 28.02, 89.76, 1.8
output102, 28.02, 89.76, 1.8
sb_8__0_.mem_top_track_38.sky130_fd_sc_hd__dfrtp_1_1_, 28.02, 89.76, 1.8
ANTENNA_cbx_8__0_.cbx_8__0_.mux_top_ipin_1.mux_l1_in_3__S, 40.52, 89.76, 1.8
FILLER_28_69, 40.52, 89.76, 1.8
FILLER_29_75, 40.52, 89.76, 1.8
_104_, 40.52, 89.76, 1.8
cbx_8__0_.cbx_8__0_.mux_top_ipin_3.mux_l2_in_0_, 40.52, 89.76, 1.8
clkbuf_4_4_0_prog_clk, 40.52, 89.76, 1.8
ANTENNA__116__A, 53.02, 89.76, 1.8
ANTENNA_cbx_8__0_.cbx_8__0_.mux_top_ipin_1.mux_l1_in_3__A0, 53.02, 89.76, 1.8
ANTENNA_clkbuf_4_5_0_prog_clk_A, 53.02, 89.76, 1.8
ANTENNA_sb_8__0_.mux_top_track_36.mux_l1_in_0__A1, 53.02, 89.76, 1.8
FILLER_28_98, 53.02, 89.76, 1.8
FILLER_30_110, 53.02, 89.76, 1.8
_122_, 53.02, 89.76, 1.8
cbx_8__0_.cbx_8__0_.mux_top_ipin_3.mux_l3_in_1_, 53.02, 89.76, 1.8
sb_8__0_.mux_top_track_36.mux_l1_in_0_, 53.02, 89.76, 1.8
sb_8__0_.mux_top_track_46.mux_l1_in_1_, 53.02, 89.76, 1.8
ANTENNA__099__A, 78.02, 89.76, 1.8
ANTENNA__106__A, 78.02, 89.76, 1.8
ANTENNA_clkbuf_4_6_0_prog_clk_A, 78.02, 89.76, 1.8
ANTENNA_sb_8__0_.mem_top_track_48.sky130_fd_sc_hd__dfrtp_1_1__RESET_B, 78.02, 89.76, 1.8
ANTENNA_sb_8__0_.mux_top_track_48.mux_l1_in_0__A1, 78.02, 89.76, 1.8
FILLER_29_147, 78.02, 89.76, 1.8
sb_8__0_.mux_top_track_22.mux_l2_in_0__172, 78.02, 89.76, 1.8
sb_8__0_.mux_top_track_48.mux_l2_in_0_, 78.02, 89.76, 1.8
sb_8__0_.mux_top_track_50.mux_l2_in_0_, 78.02, 89.76, 1.8
ANTENNA_sb_8__0_.mux_top_track_48.mux_l1_in_0__A0, 90.52, 89.76, 1.8
FILLER_29_180, 90.52, 89.76, 1.8
FILLER_29_188, 90.52, 89.76, 1.8
FILLER_29_196, 90.52, 89.76, 1.8
sb_8__0_.mux_left_track_1.sky130_fd_sc_hd__buf_4_0_, 90.52, 89.76, 1.8
sb_8__0_.mux_left_track_51.mux_l2_in_0__161, 90.52, 89.76, 1.8
sb_8__0_.mux_top_track_46.mux_l1_in_0_, 90.52, 89.76, 1.8
ANTENNA_sb_8__0_.mux_top_track_50.mux_l1_in_0__A1, 103.02, 89.76, 1.8
FILLER_28_209, 103.02, 89.76, 1.8
FILLER_29_209, 103.02, 89.76, 1.8
_151_, 103.02, 89.76, 1.8
sb_8__0_.mem_left_track_7.sky130_fd_sc_hd__dfrtp_1_1_, 103.02, 89.76, 1.8
sb_8__0_.mux_top_track_48.mux_l1_in_0_, 103.02, 89.76, 1.8
sb_8__0_.mux_top_track_50.mux_l1_in_0_, 103.02, 89.76, 1.8
ANTENNA_clkbuf_4_15_0_prog_clk_A, 128.02, 89.76, 1.8
ANTENNA_sb_8__0_.mem_left_track_1.sky130_fd_sc_hd__dfrtp_1_1__RESET_B, 128.02, 89.76, 1.8
ANTENNA_sb_8__0_.mux_top_track_6.mux_l1_in_1__A0, 128.02, 89.76, 1.8
FILLER_28_255, 128.02, 89.76, 1.8
FILLER_29_259, 128.02, 89.76, 1.8
clkbuf_4_15_0_prog_clk, 128.02, 89.76, 1.8
sb_8__0_.mem_left_track_1.sky130_fd_sc_hd__dfrtp_1_1_, 128.02, 89.76, 1.8
FILLER_29_286, 140.52, 89.76, 1.8
FILLER_30_298, 140.52, 89.76, 1.8
sb_8__0_.mem_left_track_49.sky130_fd_sc_hd__dfrtp_1_1_, 140.52, 89.76, 1.8
sb_8__0_.mem_left_track_51.sky130_fd_sc_hd__dfrtp_1_0_, 140.52, 89.76, 1.8
sb_8__0_.mux_left_track_49.mux_l2_in_0__159, 140.52, 89.76, 1.8
ANTENNA_sb_8__0_.mem_left_track_49.sky130_fd_sc_hd__dfrtp_1_1__RESET_B, 153.02, 89.76, 1.8
ANTENNA_sb_8__0_.mux_top_track_0.mux_l1_in_0__A0, 153.02, 89.76, 1.8
ANTENNA_sb_8__0_.mux_top_track_0.mux_l1_in_0__A1, 153.02, 89.76, 1.8
FILLER_28_320, 153.02, 89.76, 1.8
FILLER_29_313, 153.02, 89.76, 1.8
FILLER_29_332, 153.02, 89.76, 1.8
sb_8__0_.mux_top_track_0.mux_l1_in_0_, 153.02, 89.76, 1.8
sb_8__0_.mux_top_track_0.mux_l1_in_1_, 153.02, 89.76, 1.8
FILLER_29_385, 178.02, 89.76, 1.8
FILLER_30_413, 190.52, 89.76, 1.8
FILLER_29_441, 203.02, 89.76, 1.8
FILLER_28_469, 226.786, 89.76, 1.8
FILLER_29_497, 238.053, 89.76, 1.8
FILLER_29_517, 238.053, 89.76, 1.8
PHY_52, 5.52, 84.32, 1.8
PHY_54, 5.52, 84.32, 1.8
output110, 5.52, 84.32, 1.8
output111, 5.52, 84.32, 1.8
PHY_53, 249.32, 84.32, 1.8
PHY_55, 249.32, 84.32, 1.8
ANTENNA_cbx_8__0_.cbx_8__0_.mux_top_ipin_0.mux_l1_in_2__A0, 28.02, 84.32, 1.8
FILLER_26_47, 28.02, 84.32, 1.8
FILLER_27_41, 28.02, 84.32, 1.8
FILLER_28_61, 28.02, 84.32, 1.8
cbx_8__0_.cbx_8__0_.mux_top_ipin_3.mux_l1_in_2_, 28.02, 84.32, 1.8
cbx_8__0_.cbx_8__0_.mux_top_ipin_3.mux_l2_in_1_, 28.02, 84.32, 1.8
ANTENNA_cbx_8__0_.cbx_8__0_.mux_top_ipin_0.mux_l1_in_0__A1, 40.52, 84.32, 1.8
FILLER_26_69, 40.52, 84.32, 1.8
FILLER_27_71, 40.52, 84.32, 1.8
FILLER_27_84, 40.52, 84.32, 1.8
cbx_8__0_.cbx_8__0_.mux_top_ipin_0.mux_l1_in_2_, 40.52, 84.32, 1.8
clkbuf_4_5_0_prog_clk, 40.52, 84.32, 1.8
sb_8__0_.mux_top_track_40.mux_l1_in_0_, 40.52, 84.32, 1.8
ANTENNA__121__A, 53.02, 84.32, 1.8
ANTENNA_cbx_8__0_.cbx_8__0_.mux_top_ipin_0.mux_l1_in_0__A0, 53.02, 84.32, 1.8
ANTENNA_cbx_8__0_.cbx_8__0_.mux_top_ipin_0.mux_l1_in_3__A1, 53.02, 84.32, 1.8
FILLER_27_100, 53.02, 84.32, 1.8
_103_, 53.02, 84.32, 1.8
_121_, 53.02, 84.32, 1.8
cbx_8__0_.cbx_8__0_.mux_top_ipin_0.mux_l1_in_0_, 53.02, 84.32, 1.8
cbx_8__0_.cbx_8__0_.mux_top_ipin_1.mux_l1_in_3_, 53.02, 84.32, 1.8
ANTENNA_sb_8__0_.mem_top_track_46.sky130_fd_sc_hd__dfrtp_1_0__RESET_B, 78.02, 84.32, 1.8
ANTENNA_sb_8__0_.mem_top_track_50.sky130_fd_sc_hd__dfrtp_1_0__RESET_B, 78.02, 84.32, 1.8
ANTENNA_sb_8__0_.mux_top_track_34.mux_l1_in_0__A1, 78.02, 84.32, 1.8
ANTENNA_sb_8__0_.mux_top_track_48.mux_l1_in_1__A1, 78.02, 84.32, 1.8
FILLER_26_147, 78.02, 84.32, 1.8
FILLER_27_159, 78.02, 84.32, 1.8
FILLER_28_158, 78.02, 84.32, 1.8
sb_8__0_.mem_top_track_50.sky130_fd_sc_hd__dfrtp_1_0_, 78.02, 84.32, 1.8
sb_8__0_.mux_left_track_31.sky130_fd_sc_hd__buf_4_0_, 78.02, 84.32, 1.8
sb_8__0_.mux_top_track_14.sky130_fd_sc_hd__buf_4_0_, 78.02, 84.32, 1.8
sb_8__0_.mux_top_track_20.mux_l2_in_0_, 78.02, 84.32, 1.8
sb_8__0_.mux_top_track_22.mux_l2_in_0_, 78.02, 84.32, 1.8
ANTENNA_sb_8__0_.mem_top_track_50.sky130_fd_sc_hd__dfrtp_1_1__RESET_B, 90.52, 84.32, 1.8
FILLER_26_173, 90.52, 84.32, 1.8
FILLER_26_180, 90.52, 84.32, 1.8
FILLER_27_180, 90.52, 84.32, 1.8
sb_8__0_.mem_top_track_50.sky130_fd_sc_hd__dfrtp_1_1_, 90.52, 84.32, 1.8
sb_8__0_.mux_left_track_49.sky130_fd_sc_hd__buf_4_0_, 90.52, 84.32, 1.8
sb_8__0_.mux_top_track_0.mux_l2_in_1__164, 90.52, 84.32, 1.8
sb_8__0_.mux_top_track_4.sky130_fd_sc_hd__buf_4_0_, 90.52, 84.32, 1.8
ANTENNA_cbx_8__0_.cbx_8__0_.mem_top_ipin_0.sky130_fd_sc_hd__dfrtp_1_0__RESET_B, 103.02, 84.32, 1.8
ANTENNA_sb_8__0_.mux_top_track_6.mux_l1_in_0__A0, 103.02, 84.32, 1.8
ANTENNA_sb_8__0_.mux_top_track_6.mux_l1_in_0__A1, 103.02, 84.32, 1.8
cbx_8__0_.cbx_8__0_.mem_top_ipin_0.sky130_fd_sc_hd__dfrtp_1_0_, 103.02, 84.32, 1.8
sb_8__0_.mux_left_track_51.mux_l2_in_0_, 103.02, 84.32, 1.8
sb_8__0_.mux_top_track_6.mux_l1_in_0_, 103.02, 84.32, 1.8
ANTENNA_sb_8__0_.mem_left_track_51.sky130_fd_sc_hd__dfrtp_1_1__RESET_B, 128.02, 84.32, 1.8
FILLER_26_253, 128.02, 84.32, 1.8
FILLER_28_278, 128.02, 84.32, 1.8
sb_8__0_.mem_left_track_51.sky130_fd_sc_hd__dfrtp_1_1_, 128.02, 84.32, 1.8
sb_8__0_.mux_top_track_8.mux_l1_in_0_, 128.02, 84.32, 1.8
ANTENNA_sb_8__0_.mem_left_track_51.sky130_fd_sc_hd__dfrtp_1_0__RESET_B, 140.52, 84.32, 1.8
FILLER_26_286, 140.52, 84.32, 1.8
FILLER_27_286, 140.52, 84.32, 1.8
sb_8__0_.mem_top_track_0.sky130_fd_sc_hd__dfrtp_1_1_, 140.52, 84.32, 1.8
sb_8__0_.mux_left_track_1.mux_l1_in_1_, 140.52, 84.32, 1.8
sb_8__0_.mux_left_track_1.mux_l1_in_1__194, 140.52, 84.32, 1.8
ANTENNA_sb_8__0_.mem_top_track_0.sky130_fd_sc_hd__dfrtp_1_1__RESET_B, 153.02, 84.32, 1.8
ANTENNA_sb_8__0_.mux_top_track_0.mux_l1_in_1__A0, 153.02, 84.32, 1.8
ANTENNA_sb_8__0_.mux_top_track_0.mux_l1_in_1__A1, 153.02, 84.32, 1.8
FILLER_27_314, 153.02, 84.32, 1.8
sb_8__0_.mux_left_track_51.mux_l1_in_0_, 153.02, 84.32, 1.8
FILLER_27_385, 178.02, 84.32, 1.8
FILLER_28_413, 190.52, 84.32, 1.8
FILLER_27_441, 203.02, 84.32, 1.8
FILLER_26_469, 226.786, 84.32, 1.8
FILLER_27_497, 238.053, 84.32, 1.8
FILLER_27_517, 238.053, 84.32, 1.8
PHY_48, 5.52, 78.88, 1.8
PHY_50, 5.52, 78.88, 1.8
output108, 5.52, 78.88, 1.8
output109, 5.52, 78.88, 1.8
PHY_49, 249.32, 78.88, 1.8
PHY_51, 249.32, 78.88, 1.8
FILLER_24_40, 28.02, 78.88, 1.8
FILLER_25_41, 28.02, 78.88, 1.8
FILLER_25_57, 28.02, 78.88, 1.8
FILLER_26_55, 28.02, 78.88, 1.8
_111_, 28.02, 78.88, 1.8
cbx_8__0_.cbx_8__0_.mux_top_ipin_0.mux_l1_in_1_, 28.02, 78.88, 1.8
cbx_8__0_.cbx_8__0_.mux_top_ipin_2.mux_l1_in_2_, 28.02, 78.88, 1.8
cbx_8__0_.cbx_8__0_.mux_top_ipin_2.mux_l2_in_0_, 28.02, 78.88, 1.8
sb_8__0_.mux_top_track_30.mux_l2_in_0__176, 28.02, 78.88, 1.8
ANTENNA__124__A, 40.52, 78.88, 1.8
FILLER_24_66, 40.52, 78.88, 1.8
FILLER_25_63, 40.52, 78.88, 1.8
FILLER_25_76, 40.52, 78.88, 1.8
_102_, 40.52, 78.88, 1.8
cbx_8__0_.cbx_8__0_.mem_top_ipin_3.sky130_fd_sc_hd__dfrtp_1_1_, 40.52, 78.88, 1.8
cbx_8__0_.cbx_8__0_.mux_top_ipin_3.mux_l1_in_3_, 40.52, 78.88, 1.8
sb_8__0_.mux_top_track_38.mux_l1_in_0_, 40.52, 78.88, 1.8
ANTENNA_cbx_8__0_.cbx_8__0_.mem_top_ipin_3.sky130_fd_sc_hd__dfrtp_1_1__RESET_B, 53.02, 78.88, 1.8
ANTENNA_cbx_8__0_.cbx_8__0_.mux_top_ipin_2.mux_l1_in_4__A0, 53.02, 78.88, 1.8
ANTENNA_cbx_8__0_.cbx_8__0_.mux_top_ipin_3.mux_l1_in_4__A0, 53.02, 78.88, 1.8
ANTENNA_cbx_8__0_.cbx_8__0_.mux_top_ipin_3.mux_l1_in_4__A1, 53.02, 78.88, 1.8
FILLER_24_102, 53.02, 78.88, 1.8
FILLER_26_106, 53.02, 78.88, 1.8
cbx_8__0_.cbx_8__0_.mux_top_ipin_0.mux_l1_in_3_, 53.02, 78.88, 1.8
sb_8__0_.mux_top_track_16.sky130_fd_sc_hd__buf_4_0_, 53.02, 78.88, 1.8
sb_8__0_.mux_top_track_50.mux_l1_in_1__187, 53.02, 78.88, 1.8
ANTENNA__105__A, 78.02, 78.88, 1.8
ANTENNA__155__A, 78.02, 78.88, 1.8
ANTENNA_cbx_8__0_.cbx_8__0_.mux_top_ipin_2.mux_l2_in_3__A1, 78.02, 78.88, 1.8
ANTENNA_sb_8__0_.mem_top_track_24.sky130_fd_sc_hd__dfrtp_1_0__RESET_B, 78.02, 78.88, 1.8
ANTENNA_sb_8__0_.mux_top_track_20.mux_l1_in_0__A0, 78.02, 78.88, 1.8
ANTENNA_sb_8__0_.mux_top_track_44.mux_l1_in_1__A1, 78.02, 78.88, 1.8
FILLER_25_152, 78.02, 78.88, 1.8
FILLER_25_159, 78.02, 78.88, 1.8
sb_8__0_.mux_left_track_51.sky130_fd_sc_hd__buf_4_0_, 78.02, 78.88, 1.8
sb_8__0_.mux_top_track_20.mux_l2_in_0__171, 78.02, 78.88, 1.8
sb_8__0_.mux_top_track_24.mux_l2_in_0_, 78.02, 78.88, 1.8
sb_8__0_.mux_top_track_24.mux_l2_in_0__173, 78.02, 78.88, 1.8
ANTENNA_sb_8__0_.mux_top_track_42.mux_l2_in_0__A0, 90.52, 78.88, 1.8
FILLER_25_186, 90.52, 78.88, 1.8
FILLER_26_187, 90.52, 78.88, 1.8
_150_, 90.52, 78.88, 1.8
sb_8__0_.mem_top_track_20.sky130_fd_sc_hd__dfrtp_1_1_, 90.52, 78.88, 1.8
sb_8__0_.mux_left_track_15.mux_l2_in_0__197, 90.52, 78.88, 1.8
sb_8__0_.mux_top_track_18.mux_l2_in_0_, 90.52, 78.88, 1.8
ANTENNA_output119_A, 103.02, 78.88, 1.8
ANTENNA_sb_8__0_.mux_top_track_0.mux_l2_in_1__A1, 103.02, 78.88, 1.8
FILLER_25_215, 103.02, 78.88, 1.8
FILLER_26_222, 103.02, 78.88, 1.8
sb_8__0_.mem_top_track_6.sky130_fd_sc_hd__dfrtp_1_2_, 103.02, 78.88, 1.8
sb_8__0_.mux_left_track_19.sky130_fd_sc_hd__buf_4_0_, 103.02, 78.88, 1.8
sb_8__0_.mux_left_track_45.sky130_fd_sc_hd__buf_4_0_, 103.02, 78.88, 1.8
sb_8__0_.mux_top_track_0.mux_l2_in_1_, 103.02, 78.88, 1.8
ANTENNA_sb_8__0_.mux_top_track_10.mux_l1_in_0__A1, 128.02, 78.88, 1.8
ANTENNA_sb_8__0_.mux_top_track_4.mux_l1_in_0__A1, 128.02, 78.88, 1.8
ANTENNA_sb_8__0_.mux_top_track_8.mux_l1_in_0__A0, 128.02, 78.88, 1.8
ANTENNA_sb_8__0_.mux_top_track_8.mux_l1_in_0__A1, 128.02, 78.88, 1.8
FILLER_24_255, 128.02, 78.88, 1.8
FILLER_26_271, 128.02, 78.88, 1.8
sb_8__0_.mem_top_track_0.sky130_fd_sc_hd__dfrtp_1_2_, 128.02, 78.88, 1.8
sb_8__0_.mux_top_track_0.mux_l2_in_0_, 128.02, 78.88, 1.8
sb_8__0_.mux_top_track_8.mux_l1_in_1_, 128.02, 78.88, 1.8
ANTENNA_sb_8__0_.mem_top_track_0.sky130_fd_sc_hd__dfrtp_1_2__RESET_B, 140.52, 78.88, 1.8
ANTENNA_sb_8__0_.mux_left_track_1.mux_l1_in_1__A1, 140.52, 78.88, 1.8
FILLER_26_303, 140.52, 78.88, 1.8
FILLER_25_331, 153.02, 78.88, 1.8
FILLER_25_385, 178.02, 78.88, 1.8
FILLER_26_413, 190.52, 78.88, 1.8
FILLER_25_441, 203.02, 78.88, 1.8
FILLER_24_469, 226.786, 78.88, 1.8
FILLER_25_497, 238.053, 78.88, 1.8
FILLER_25_517, 238.053, 78.88, 1.8
PHY_44, 5.52, 73.44, 1.8
PHY_46, 5.52, 73.44, 1.8
output106, 5.52, 73.44, 1.8
output107, 5.52, 73.44, 1.8
PHY_45, 249.32, 73.44, 1.8
PHY_47, 249.32, 73.44, 1.8
FILLER_22_43, 28.02, 73.44, 1.8
FILLER_24_53, 28.02, 73.44, 1.8
_101_, 28.02, 73.44, 1.8
cbx_8__0_.cbx_8__0_.mem_top_ipin_2.sky130_fd_sc_hd__dfrtp_1_1_, 28.02, 73.44, 1.8
cbx_8__0_.cbx_8__0_.mux_top_ipin_1.mux_l2_in_1_, 28.02, 73.44, 1.8
FILLER_22_68, 40.52, 73.44, 1.8
FILLER_23_63, 40.52, 73.44, 1.8
FILLER_23_76, 40.52, 73.44, 1.8
FILLER_23_84, 40.52, 73.44, 1.8
_116_, 40.52, 73.44, 1.8
_124_, 40.52, 73.44, 1.8
cbx_8__0_.cbx_8__0_.mux_top_ipin_0.mux_l2_in_0_, 40.52, 73.44, 1.8
cbx_8__0_.cbx_8__0_.mux_top_ipin_0.mux_l2_in_1_, 40.52, 73.44, 1.8
cbx_8__0_.cbx_8__0_.mux_top_ipin_2.mux_l1_in_3_, 40.52, 73.44, 1.8
FILLER_22_99, 53.02, 73.44, 1.8
FILLER_23_97, 53.02, 73.44, 1.8
FILLER_24_115, 53.02, 73.44, 1.8
cbx_8__0_.cbx_8__0_.mux_top_ipin_1.mux_l1_in_4_, 53.02, 73.44, 1.8
cbx_8__0_.cbx_8__0_.mux_top_ipin_2.mux_l1_in_4_, 53.02, 73.44, 1.8
cbx_8__0_.cbx_8__0_.mux_top_ipin_3.mux_l1_in_4_, 53.02, 73.44, 1.8
cbx_8__0_.cbx_8__0_.mux_top_ipin_3.mux_l2_in_2_, 53.02, 73.44, 1.8
sb_8__0_.mux_top_track_20.sky130_fd_sc_hd__buf_4_0_, 53.02, 73.44, 1.8
ANTENNA_sb_8__0_.mux_top_track_20.mux_l1_in_0__A1, 78.02, 73.44, 1.8
FILLER_23_171, 78.02, 73.44, 1.8
FILLER_24_169, 78.02, 73.44, 1.8
sb_8__0_.mem_top_track_22.sky130_fd_sc_hd__dfrtp_1_1_, 78.02, 73.44, 1.8
sb_8__0_.mem_top_track_24.sky130_fd_sc_hd__dfrtp_1_0_, 78.02, 73.44, 1.8
sb_8__0_.mux_top_track_20.mux_l1_in_0_, 78.02, 73.44, 1.8
ANTENNA_clkbuf_0_prog_clk_A, 90.52, 73.44, 1.8
ANTENNA_sb_8__0_.mem_top_track_20.sky130_fd_sc_hd__dfrtp_1_1__RESET_B, 90.52, 73.44, 1.8
FILLER_24_193, 90.52, 73.44, 1.8
clkbuf_0_prog_clk, 90.52, 73.44, 1.8
FILLER_22_202, 103.02, 73.44, 1.8
FILLER_23_211, 103.02, 73.44, 1.8
FILLER_23_218, 103.02, 73.44, 1.8
sb_8__0_.mux_top_track_12.mux_l1_in_0_, 103.02, 73.44, 1.8
sb_8__0_.mux_top_track_22.sky130_fd_sc_hd__buf_4_0_, 103.02, 73.44, 1.8
sb_8__0_.mux_top_track_34.mux_l2_in_0__178, 103.02, 73.44, 1.8
sb_8__0_.mux_top_track_6.mux_l3_in_0_, 103.02, 73.44, 1.8
ANTENNA_sb_8__0_.mux_top_track_8.mux_l1_in_1__A0, 128.02, 73.44, 1.8
ANTENNA_sb_8__0_.mux_top_track_8.mux_l1_in_1__A1, 128.02, 73.44, 1.8
FILLER_22_264, 128.02, 73.44, 1.8
FILLER_23_253, 128.02, 73.44, 1.8
sb_8__0_.mem_top_track_2.sky130_fd_sc_hd__dfrtp_1_0_, 128.02, 73.44, 1.8
sb_8__0_.mux_top_track_2.mux_l1_in_0_, 128.02, 73.44, 1.8
ANTENNA_sb_8__0_.mem_top_track_2.sky130_fd_sc_hd__dfrtp_1_0__RESET_B, 140.52, 73.44, 1.8
ANTENNA_sb_8__0_.mux_top_track_2.mux_l1_in_1__A0, 140.52, 73.44, 1.8
FILLER_24_301, 140.52, 73.44, 1.8
FILLER_23_331, 153.02, 73.44, 1.8
FILLER_23_385, 178.02, 73.44, 1.8
FILLER_24_413, 190.52, 73.44, 1.8
FILLER_23_441, 203.02, 73.44, 1.8
FILLER_22_469, 226.786, 73.44, 1.8
FILLER_23_497, 238.053, 73.44, 1.8
FILLER_23_517, 238.053, 73.44, 1.8
PHY_40, 5.52, 68, 1.8
PHY_42, 5.52, 68, 1.8
output105, 5.52, 68, 1.8
output94, 5.52, 68, 1.8
PHY_41, 249.32, 68, 1.8
PHY_43, 249.32, 68, 1.8
ANTENNA_cbx_8__0_.cbx_8__0_.mux_top_ipin_1.mux_l1_in_4__A1, 28.02, 68, 1.8
ANTENNA_cbx_8__0_.cbx_8__0_.mux_top_ipin_1.mux_l1_in_4__S, 28.02, 68, 1.8
FILLER_21_41, 28.02, 68, 1.8
cbx_8__0_.cbx_8__0_.mux_top_ipin_1.mux_l3_in_0_, 28.02, 68, 1.8
ANTENNA_cbx_8__0_.cbx_8__0_.mux_top_ipin_2.mux_l1_in_4__A1, 40.52, 68, 1.8
FILLER_21_72, 40.52, 68, 1.8
FILLER_21_85, 40.52, 68, 1.8
cbx_8__0_.cbx_8__0_.mem_top_ipin_0.sky130_fd_sc_hd__dfrtp_1_1_, 40.52, 68, 1.8
cbx_8__0_.cbx_8__0_.mux_top_ipin_2.mux_l2_in_1_, 40.52, 68, 1.8
cbx_8__0_.cbx_8__0_.mux_top_ipin_2.mux_l3_in_0_, 40.52, 68, 1.8
ANTENNA_sb_8__0_.mux_top_track_18.mux_l1_in_1__A1, 53.02, 68, 1.8
ANTENNA_sb_8__0_.mux_top_track_32.mux_l1_in_0__A0, 53.02, 68, 1.8
FILLER_20_97, 53.02, 68, 1.8
cbx_8__0_.cbx_8__0_.mux_top_ipin_2.mux_l3_in_1_, 53.02, 68, 1.8
ANTENNA_sb_8__0_.mem_top_track_22.sky130_fd_sc_hd__dfrtp_1_1__RESET_B, 78.02, 68, 1.8
FILLER_21_153, 78.02, 68, 1.8
FILLER_21_171, 78.02, 68, 1.8
FILLER_22_167, 78.02, 68, 1.8
sb_8__0_.mem_top_track_22.sky130_fd_sc_hd__dfrtp_1_0_, 78.02, 68, 1.8
sb_8__0_.mux_top_track_4.mux_l3_in_0_, 78.02, 68, 1.8
ANTENNA_sb_8__0_.mem_top_track_22.sky130_fd_sc_hd__dfrtp_1_0__RESET_B, 90.52, 68, 1.8
FILLER_21_194, 90.52, 68, 1.8
sb_8__0_.mem_top_track_18.sky130_fd_sc_hd__dfrtp_1_1_, 90.52, 68, 1.8
sb_8__0_.mem_top_track_20.sky130_fd_sc_hd__dfrtp_1_0_, 90.52, 68, 1.8
ANTENNA_sb_8__0_.mem_top_track_18.sky130_fd_sc_hd__dfrtp_1_1__RESET_B, 103.02, 68, 1.8
ANTENNA_sb_8__0_.mux_top_track_12.mux_l1_in_0__A0, 103.02, 68, 1.8
ANTENNA_sb_8__0_.mux_top_track_12.mux_l1_in_0__A1, 103.02, 68, 1.8
ANTENNA_sb_8__0_.mux_top_track_4.mux_l1_in_1__A1, 103.02, 68, 1.8
FILLER_20_201, 103.02, 68, 1.8
FILLER_21_202, 103.02, 68, 1.8
FILLER_21_215, 103.02, 68, 1.8
sb_8__0_.mem_top_track_6.sky130_fd_sc_hd__dfrtp_1_0_, 103.02, 68, 1.8
sb_8__0_.mux_top_track_50.sky130_fd_sc_hd__buf_4_0_, 103.02, 68, 1.8
sb_8__0_.mux_top_track_8.mux_l3_in_0_, 103.02, 68, 1.8
ANTENNA_sb_8__0_.mux_top_track_10.mux_l1_in_1__A0, 128.02, 68, 1.8
ANTENNA_sb_8__0_.mux_top_track_2.mux_l1_in_0__A0, 128.02, 68, 1.8
ANTENNA_sb_8__0_.mux_top_track_2.mux_l1_in_0__A1, 128.02, 68, 1.8
ANTENNA_sb_8__0_.mux_top_track_2.mux_l1_in_1__A1, 128.02, 68, 1.8
ANTENNA_sb_8__0_.mux_top_track_2.mux_l2_in_0__S, 128.02, 68, 1.8
FILLER_21_274, 128.02, 68, 1.8
clkbuf_4_10_0_prog_clk, 128.02, 68, 1.8
sb_8__0_.mux_top_track_2.mux_l1_in_1_, 128.02, 68, 1.8
sb_8__0_.mux_top_track_2.mux_l2_in_0_, 128.02, 68, 1.8
FILLER_21_329, 153.02, 68, 1.8
FILLER_21_385, 178.02, 68, 1.8
FILLER_22_413, 190.52, 68, 1.8
FILLER_21_441, 203.02, 68, 1.8
FILLER_20_469, 226.786, 68, 1.8
FILLER_21_497, 238.053, 68, 1.8
FILLER_21_517, 238.053, 68, 1.8
PHY_36, 5.52, 62.56, 1.8
PHY_38, 5.52, 62.56, 1.8
input24, 5.52, 62.56, 1.8
output83, 5.52, 62.56, 1.8
PHY_37, 249.32, 62.56, 1.8
PHY_39, 249.32, 62.56, 1.8
ANTENNA_cbx_8__0_.cbx_8__0_.mem_top_ipin_2.sky130_fd_sc_hd__dfrtp_1_2__RESET_B, 28.02, 62.56, 1.8
ANTENNA_cbx_8__0_.cbx_8__0_.mem_top_ipin_3.sky130_fd_sc_hd__dfrtp_1_0__RESET_B, 28.02, 62.56, 1.8
ANTENNA_cbx_8__0_.cbx_8__0_.mux_top_ipin_2.mux_l1_in_2__A1, 28.02, 62.56, 1.8
ANTENNA_cbx_8__0_.cbx_8__0_.mux_top_ipin_2.mux_l1_in_3__A1, 28.02, 62.56, 1.8
ANTENNA_cbx_8__0_.cbx_8__0_.mux_top_ipin_3.mux_l2_in_2__A0, 28.02, 62.56, 1.8
FILLER_18_42, 28.02, 62.56, 1.8
cbx_8__0_.cbx_8__0_.mem_top_ipin_2.sky130_fd_sc_hd__dfrtp_1_0_, 28.02, 62.56, 1.8
cbx_8__0_.cbx_8__0_.mem_top_ipin_2.sky130_fd_sc_hd__dfrtp_1_2_, 28.02, 62.56, 1.8
cbx_8__0_.cbx_8__0_.mux_top_ipin_1.mux_l2_in_2_, 28.02, 62.56, 1.8
cbx_8__0_.cbx_8__0_.mux_top_ipin_1.mux_l2_in_3_, 28.02, 62.56, 1.8
sb_8__0_.mux_left_track_11.sky130_fd_sc_hd__buf_4_0_, 28.02, 62.56, 1.8
FILLER_18_69, 40.52, 62.56, 1.8
FILLER_19_71, 40.52, 62.56, 1.8
FILLER_20_81, 40.52, 62.56, 1.8
cbx_8__0_.cbx_8__0_.mem_top_ipin_3.sky130_fd_sc_hd__dfrtp_1_0_, 40.52, 62.56, 1.8
cbx_8__0_.cbx_8__0_.mux_top_ipin_2.mux_l2_in_2_, 40.52, 62.56, 1.8
sb_8__0_.mux_top_track_24.sky130_fd_sc_hd__buf_4_0_, 40.52, 62.56, 1.8
ANTENNA_cbx_8__0_.cbx_8__0_.mem_top_ipin_0.sky130_fd_sc_hd__dfrtp_1_1__RESET_B, 53.02, 62.56, 1.8
ANTENNA_cbx_8__0_.cbx_8__0_.mux_top_ipin_0.mux_l1_in_4__A0, 53.02, 62.56, 1.8
ANTENNA_cbx_8__0_.cbx_8__0_.mux_top_ipin_0.mux_l1_in_4__A1, 53.02, 62.56, 1.8
ANTENNA_cbx_8__0_.cbx_8__0_.mux_top_ipin_1.mux_l1_in_4__A0, 53.02, 62.56, 1.8
ANTENNA_sb_8__0_.mux_top_track_30.mux_l1_in_0__A1, 53.02, 62.56, 1.8
FILLER_18_98, 53.02, 62.56, 1.8
FILLER_19_105, 53.02, 62.56, 1.8
FILLER_19_98, 53.02, 62.56, 1.8
sb_8__0_.mux_left_track_29.sky130_fd_sc_hd__buf_4_0_, 53.02, 62.56, 1.8
sb_8__0_.mux_top_track_26.mux_l1_in_0_, 53.02, 62.56, 1.8
ANTENNA_clkbuf_4_3_0_prog_clk_A, 78.02, 62.56, 1.8
ANTENNA_sb_8__0_.mem_top_track_24.sky130_fd_sc_hd__dfrtp_1_1__RESET_B, 78.02, 62.56, 1.8
FILLER_19_146, 78.02, 62.56, 1.8
FILLER_20_163, 78.02, 62.56, 1.8
FILLER_20_170, 78.02, 62.56, 1.8
cbx_8__0_.cbx_8__0_.mux_top_ipin_2.mux_l2_in_3__192, 78.02, 62.56, 1.8
clkbuf_4_2_0_prog_clk, 78.02, 62.56, 1.8
clkbuf_4_3_0_prog_clk, 78.02, 62.56, 1.8
sb_8__0_.mux_top_track_6.mux_l2_in_1__188, 78.02, 62.56, 1.8
ANTENNA_sb_8__0_.mem_top_track_20.sky130_fd_sc_hd__dfrtp_1_0__RESET_B, 90.52, 62.56, 1.8
FILLER_19_174, 90.52, 62.56, 1.8
FILLER_19_190, 90.52, 62.56, 1.8
clkbuf_4_9_0_prog_clk, 90.52, 62.56, 1.8
sb_8__0_.mux_top_track_4.mux_l2_in_0_, 90.52, 62.56, 1.8
ANTENNA_sb_8__0_.mux_top_track_14.mux_l1_in_0__A1, 103.02, 62.56, 1.8
FILLER_18_202, 103.02, 62.56, 1.8
FILLER_19_205, 103.02, 62.56, 1.8
FILLER_19_225, 103.02, 62.56, 1.8
sb_8__0_.mem_top_track_8.sky130_fd_sc_hd__dfrtp_1_2_, 103.02, 62.56, 1.8
sb_8__0_.mux_top_track_10.mux_l2_in_0_, 103.02, 62.56, 1.8
ANTENNA_sb_8__0_.mem_top_track_10.sky130_fd_sc_hd__dfrtp_1_0__RESET_B, 128.02, 62.56, 1.8
ANTENNA_sb_8__0_.mem_top_track_8.sky130_fd_sc_hd__dfrtp_1_1__RESET_B, 128.02, 62.56, 1.8
FILLER_19_274, 128.02, 62.56, 1.8
FILLER_20_302, 140.52, 62.56, 1.8
FILLER_19_329, 153.02, 62.56, 1.8
FILLER_19_385, 178.02, 62.56, 1.8
FILLER_20_413, 190.52, 62.56, 1.8
FILLER_19_441, 203.02, 62.56, 1.8
FILLER_18_469, 226.786, 62.56, 1.8
FILLER_19_497, 238.053, 62.56, 1.8
FILLER_19_517, 238.053, 62.56, 1.8
PHY_32, 5.52, 57.12, 1.8
PHY_34, 5.52, 57.12, 1.8
hold35, 5.52, 57.12, 1.8
input21, 5.52, 57.12, 1.8
PHY_33, 249.32, 57.12, 1.8
PHY_35, 249.32, 57.12, 1.8
ANTENNA_cbx_8__0_.cbx_8__0_.mem_top_ipin_1.sky130_fd_sc_hd__dfrtp_1_1__D, 28.02, 57.12, 1.8
FILLER_16_36, 28.02, 57.12, 1.8
FILLER_17_41, 28.02, 57.12, 1.8
cbx_8__0_.cbx_8__0_.mem_top_ipin_1.sky130_fd_sc_hd__dfrtp_1_3_, 28.02, 57.12, 1.8
cbx_8__0_.cbx_8__0_.mux_top_ipin_1.mux_l3_in_1_, 28.02, 57.12, 1.8
sb_8__0_.mux_top_track_26.mux_l2_in_0__174, 28.02, 57.12, 1.8
ANTENNA_cbx_8__0_.cbx_8__0_.mem_top_ipin_2.sky130_fd_sc_hd__dfrtp_1_3__RESET_B, 40.52, 57.12, 1.8
FILLER_17_64, 40.52, 57.12, 1.8
FILLER_17_88, 40.52, 57.12, 1.8
cbx_8__0_.cbx_8__0_.mem_top_ipin_2.sky130_fd_sc_hd__dfrtp_1_3_, 40.52, 57.12, 1.8
cbx_8__0_.cbx_8__0_.mux_top_ipin_0.mux_l3_in_0_, 40.52, 57.12, 1.8
clkbuf_4_1_0_prog_clk, 40.52, 57.12, 1.8
sb_8__0_.mux_top_track_46.mux_l1_in_1__185, 40.52, 57.12, 1.8
ANTENNA_sb_8__0_.mux_top_track_6.mux_l2_in_1__A1, 53.02, 57.12, 1.8
FILLER_16_96, 53.02, 57.12, 1.8
FILLER_17_103, 53.02, 57.12, 1.8
FILLER_18_112, 53.02, 57.12, 1.8
clkbuf_4_0_0_prog_clk, 53.02, 57.12, 1.8
sb_8__0_.mux_top_track_28.mux_l2_in_0_, 53.02, 57.12, 1.8
sb_8__0_.mux_top_track_30.mux_l1_in_0_, 53.02, 57.12, 1.8
sb_8__0_.mux_top_track_48.mux_l1_in_1__186, 53.02, 57.12, 1.8
ANTENNA_clkbuf_4_2_0_prog_clk_A, 78.02, 57.12, 1.8
ANTENNA_sb_8__0_.mem_top_track_26.sky130_fd_sc_hd__dfrtp_1_0__RESET_B, 78.02, 57.12, 1.8
FILLER_16_145, 78.02, 57.12, 1.8
FILLER_17_169, 78.02, 57.12, 1.8
sb_8__0_.mem_top_track_16.sky130_fd_sc_hd__dfrtp_1_1_, 78.02, 57.12, 1.8
sb_8__0_.mem_top_track_18.sky130_fd_sc_hd__dfrtp_1_0_, 78.02, 57.12, 1.8
sb_8__0_.mux_top_track_10.mux_l3_in_0_, 78.02, 57.12, 1.8
ANTENNA_clkbuf_4_8_0_prog_clk_A, 90.52, 57.12, 1.8
ANTENNA_clkbuf_4_9_0_prog_clk_A, 90.52, 57.12, 1.8
ANTENNA_sb_8__0_.mem_top_track_18.sky130_fd_sc_hd__dfrtp_1_0__RESET_B, 90.52, 57.12, 1.8
ANTENNA_sb_8__0_.mem_top_track_4.sky130_fd_sc_hd__dfrtp_1_2__RESET_B, 90.52, 57.12, 1.8
ANTENNA_sb_8__0_.mux_top_track_14.mux_l1_in_0__A0, 90.52, 57.12, 1.8
ANTENNA_sb_8__0_.mux_top_track_16.mux_l1_in_0__A0, 90.52, 57.12, 1.8
ANTENNA_sb_8__0_.mux_top_track_16.mux_l1_in_0__A1, 90.52, 57.12, 1.8
FILLER_17_181, 90.52, 57.12, 1.8
sb_8__0_.mem_top_track_4.sky130_fd_sc_hd__dfrtp_1_2_, 90.52, 57.12, 1.8
sb_8__0_.mux_top_track_14.mux_l1_in_0_, 90.52, 57.12, 1.8
sb_8__0_.mux_top_track_16.mux_l1_in_0_, 90.52, 57.12, 1.8
FILLER_16_211, 103.02, 57.12, 1.8
clkbuf_4_8_0_prog_clk, 103.02, 57.12, 1.8
sb_8__0_.mem_top_track_10.sky130_fd_sc_hd__dfrtp_1_1_, 103.02, 57.12, 1.8
ANTENNA_sb_8__0_.mem_top_track_2.sky130_fd_sc_hd__dfrtp_1_1__RESET_B, 128.02, 57.12, 1.8
FILLER_18_303, 140.52, 57.12, 1.8
FILLER_17_329, 153.02, 57.12, 1.8
cbx_8__0_.grid_io_bottom_bottom_8__0_.logical_tile_io_mode_io__3.logical_tile_io_mode_physical__iopad_0.io_sky130_fd_sc_hd__dfrtp_1_mem.sky130_fd_sc_hd__dfrtp_1_0_, 153.02, 57.12, 1.8
FILLER_17_385, 178.02, 57.12, 1.8
FILLER_18_413, 190.52, 57.12, 1.8
FILLER_17_441, 203.02, 57.12, 1.8
FILLER_16_469, 226.786, 57.12, 1.8
FILLER_17_497, 238.053, 57.12, 1.8
FILLER_17_517, 238.053, 57.12, 1.8
ANTENNA_12, 5.52, 51.68, 1.8
ANTENNA__119__A, 5.52, 51.68, 1.8
ANTENNA_hold22_A, 5.52, 51.68, 1.8
ANTENNA_output83_A, 5.52, 51.68, 1.8
ANTENNA_output94_A, 5.52, 51.68, 1.8
ANTENNA_sb_8__0_.mux_left_track_11.sky130_fd_sc_hd__buf_4_0__A, 5.52, 51.68, 1.8
PHY_28, 5.52, 51.68, 1.8
PHY_30, 5.52, 51.68, 1.8
sb_8__0_.mux_top_track_36.mux_l2_in_0__179, 5.52, 51.68, 1.8
PHY_29, 249.32, 51.68, 1.8
PHY_31, 249.32, 51.68, 1.8
ANTENNA_cbx_8__0_.cbx_8__0_.mux_top_ipin_1.mux_l1_in_0__S, 28.02, 51.68, 1.8
ANTENNA_cbx_8__0_.cbx_8__0_.mux_top_ipin_2.mux_l2_in_2__A0, 28.02, 51.68, 1.8
FILLER_14_48, 28.02, 51.68, 1.8
FILLER_15_47, 28.02, 51.68, 1.8
FILLER_16_60, 28.02, 51.68, 1.8
cbx_8__0_.cbx_8__0_.mux_top_ipin_0.mux_l2_in_3__190, 28.02, 51.68, 1.8
cbx_8__0_.cbx_8__0_.mux_top_ipin_3.sky130_fd_sc_hd__buf_4_0_, 28.02, 51.68, 1.8
hold24, 28.02, 51.68, 1.8
FILLER_15_65, 40.52, 51.68, 1.8
cbx_8__0_.cbx_8__0_.mem_top_ipin_1.sky130_fd_sc_hd__dfrtp_1_0_, 40.52, 51.68, 1.8
cbx_8__0_.cbx_8__0_.mux_top_ipin_2.mux_l4_in_0_, 40.52, 51.68, 1.8
ANTENNA_clkbuf_4_1_0_prog_clk_A, 53.02, 51.68, 1.8
ANTENNA_sb_8__0_.mux_left_track_29.sky130_fd_sc_hd__buf_4_0__A, 53.02, 51.68, 1.8
ANTENNA_sb_8__0_.mux_top_track_30.mux_l1_in_0__A0, 53.02, 51.68, 1.8
FILLER_14_93, 53.02, 51.68, 1.8
FILLER_15_109, 53.02, 51.68, 1.8
FILLER_15_116, 53.02, 51.68, 1.8
FILLER_16_109, 53.02, 51.68, 1.8
cbx_8__0_.cbx_8__0_.mux_top_ipin_0.mux_l2_in_3_, 53.02, 51.68, 1.8
sb_8__0_.mem_top_track_30.sky130_fd_sc_hd__dfrtp_1_0_, 53.02, 51.68, 1.8
sb_8__0_.mux_top_track_28.mux_l1_in_0_, 53.02, 51.68, 1.8
sb_8__0_.mux_top_track_32.mux_l2_in_0__177, 53.02, 51.68, 1.8
ANTENNA_sb_8__0_.mem_top_track_16.sky130_fd_sc_hd__dfrtp_1_1__RESET_B, 78.02, 51.68, 1.8
FILLER_15_153, 78.02, 51.68, 1.8
sb_8__0_.mem_top_track_16.sky130_fd_sc_hd__dfrtp_1_0_, 78.02, 51.68, 1.8
sb_8__0_.mux_top_track_12.mux_l2_in_0_, 78.02, 51.68, 1.8
sb_8__0_.mux_top_track_8.mux_l2_in_1__189, 78.02, 51.68, 1.8
FILLER_15_174, 90.52, 51.68, 1.8
FILLER_15_198, 90.52, 51.68, 1.8
FILLER_16_197, 90.52, 51.68, 1.8
sb_8__0_.mem_top_track_10.sky130_fd_sc_hd__dfrtp_1_2_, 90.52, 51.68, 1.8
sb_8__0_.mem_top_track_12.sky130_fd_sc_hd__dfrtp_1_0_, 90.52, 51.68, 1.8
ANTENNA_sb_8__0_.mem_top_track_10.sky130_fd_sc_hd__dfrtp_1_1__RESET_B, 103.02, 51.68, 1.8
sb_8__0_.mem_top_track_2.sky130_fd_sc_hd__dfrtp_1_2_, 103.02, 51.68, 1.8
sb_8__0_.mem_top_track_4.sky130_fd_sc_hd__dfrtp_1_0_, 103.02, 51.68, 1.8
sb_8__0_.mem_top_track_4.sky130_fd_sc_hd__dfrtp_1_1_, 103.02, 51.68, 1.8
FILLER_15_277, 128.02, 51.68, 1.8
FILLER_16_301, 140.52, 51.68, 1.8
FILLER_15_329, 153.02, 51.68, 1.8
FILLER_15_385, 178.02, 51.68, 1.8
FILLER_16_413, 190.52, 51.68, 1.8
FILLER_15_441, 203.02, 51.68, 1.8
FILLER_14_469, 226.786, 51.68, 1.8
FILLER_15_497, 238.053, 51.68, 1.8
FILLER_15_517, 238.053, 51.68, 1.8
ANTENNA__127__A, 5.52, 46.24, 1.8
ANTENNA__131__A, 5.52, 46.24, 1.8
ANTENNA_cbx_8__0_.cbx_8__0_.mux_top_ipin_1.mux_l1_in_1__S, 5.52, 46.24, 1.8
ANTENNA_hold35_A, 5.52, 46.24, 1.8
ANTENNA_sb_8__0_.mux_top_track_36.sky130_fd_sc_hd__buf_4_0__A, 5.52, 46.24, 1.8
PHY_24, 5.52, 46.24, 1.8
PHY_26, 5.52, 46.24, 1.8
sb_8__0_.mux_top_track_36.sky130_fd_sc_hd__buf_4_0_, 5.52, 46.24, 1.8
PHY_25, 249.32, 46.24, 1.8
PHY_27, 249.32, 46.24, 1.8
ANTENNA_4, 28.02, 46.24, 1.8
ANTENNA_6, 28.02, 46.24, 1.8
ANTENNA_cbx_8__0_.cbx_8__0_.mem_top_ipin_1.sky130_fd_sc_hd__dfrtp_1_2__RESET_B, 28.02, 46.24, 1.8
ANTENNA_cbx_8__0_.cbx_8__0_.mux_top_ipin_1.mux_l1_in_2__A1, 28.02, 46.24, 1.8
ANTENNA_sb_8__0_.mem_top_track_40.sky130_fd_sc_hd__dfrtp_1_0__RESET_B, 28.02, 46.24, 1.8
ANTENNA_sb_8__0_.mem_top_track_40.sky130_fd_sc_hd__dfrtp_1_1__RESET_B, 28.02, 46.24, 1.8
FILLER_12_41, 28.02, 46.24, 1.8
FILLER_12_48, 28.02, 46.24, 1.8
FILLER_13_59, 28.02, 46.24, 1.8
cbx_8__0_.cbx_8__0_.mem_top_ipin_0.sky130_fd_sc_hd__dfrtp_1_3_, 28.02, 46.24, 1.8
cbx_8__0_.cbx_8__0_.mux_top_ipin_1.mux_l2_in_3__191, 28.02, 46.24, 1.8
sb_8__0_.mux_left_track_9.sky130_fd_sc_hd__buf_4_0_, 28.02, 46.24, 1.8
sb_8__0_.mux_top_track_38.mux_l2_in_0__180, 28.02, 46.24, 1.8
sb_8__0_.mux_top_track_38.sky130_fd_sc_hd__buf_4_0_, 28.02, 46.24, 1.8
sb_8__0_.mux_top_track_40.mux_l2_in_0__182, 28.02, 46.24, 1.8
ANTENNA_clkbuf_4_0_0_prog_clk_A, 40.52, 46.24, 1.8
FILLER_12_69, 40.52, 46.24, 1.8
FILLER_13_72, 40.52, 46.24, 1.8
cbx_8__0_.cbx_8__0_.mem_top_ipin_0.sky130_fd_sc_hd__dfrtp_1_2_, 40.52, 46.24, 1.8
cbx_8__0_.cbx_8__0_.mux_top_ipin_0.mux_l3_in_1_, 40.52, 46.24, 1.8
sb_8__0_.mux_left_track_35.sky130_fd_sc_hd__buf_4_0_, 40.52, 46.24, 1.8
FILLER_12_93, 53.02, 46.24, 1.8
FILLER_13_109, 53.02, 46.24, 1.8
FILLER_13_96, 53.02, 46.24, 1.8
FILLER_14_106, 53.02, 46.24, 1.8
cbx_8__0_.cbx_8__0_.mux_top_ipin_0.mux_l4_in_0_, 53.02, 46.24, 1.8
sb_8__0_.mem_top_track_28.sky130_fd_sc_hd__dfrtp_1_0_, 53.02, 46.24, 1.8
sb_8__0_.mem_top_track_28.sky130_fd_sc_hd__dfrtp_1_1_, 53.02, 46.24, 1.8
sb_8__0_.mux_top_track_16.mux_l1_in_1_, 53.02, 46.24, 1.8
sb_8__0_.mux_top_track_28.mux_l2_in_0__175, 53.02, 46.24, 1.8
ANTENNA_sb_8__0_.mem_top_track_14.sky130_fd_sc_hd__dfrtp_1_1__RESET_B, 78.02, 46.24, 1.8
ANTENNA_sb_8__0_.mem_top_track_16.sky130_fd_sc_hd__dfrtp_1_0__RESET_B, 78.02, 46.24, 1.8
ANTENNA_sb_8__0_.mux_top_track_8.mux_l2_in_1__A1, 78.02, 46.24, 1.8
FILLER_12_152, 78.02, 46.24, 1.8
FILLER_12_157, 78.02, 46.24, 1.8
FILLER_13_165, 78.02, 46.24, 1.8
sb_8__0_.mem_top_track_12.sky130_fd_sc_hd__dfrtp_1_1_, 78.02, 46.24, 1.8
sb_8__0_.mem_top_track_14.sky130_fd_sc_hd__dfrtp_1_1_, 78.02, 46.24, 1.8
ANTENNA_sb_8__0_.mem_top_track_14.sky130_fd_sc_hd__dfrtp_1_0__RESET_B, 90.52, 46.24, 1.8
FILLER_13_191, 90.52, 46.24, 1.8
sb_8__0_.mux_top_track_2.mux_l3_in_0_, 90.52, 46.24, 1.8
ANTENNA_sb_8__0_.mem_top_track_10.sky130_fd_sc_hd__dfrtp_1_2__RESET_B, 103.02, 46.24, 1.8
ANTENNA_sb_8__0_.mem_top_track_2.sky130_fd_sc_hd__dfrtp_1_2__D, 103.02, 46.24, 1.8
ANTENNA_sb_8__0_.mem_top_track_2.sky130_fd_sc_hd__dfrtp_1_2__RESET_B, 103.02, 46.24, 1.8
FILLER_13_220, 103.02, 46.24, 1.8
FILLER_13_273, 128.02, 46.24, 1.8
ANTENNA_cbx_8__0_.grid_io_bottom_bottom_8__0_.logical_tile_io_mode_io__3.logical_tile_io_mode_physical__iopad_0.io_0_.ISOL_EN_GATE_A, 140.52, 46.24, 1.8
ANTENNA_cbx_8__0_.grid_io_bottom_bottom_8__0_.logical_tile_io_mode_io__3.logical_tile_io_mode_physical__iopad_0.io_0_.ISOL_EN_GATE_B_N, 140.52, 46.24, 1.8
FILLER_13_281, 140.52, 46.24, 1.8
FILLER_14_301, 140.52, 46.24, 1.8
cbx_8__0_.grid_io_bottom_bottom_8__0_.logical_tile_io_mode_io__3.logical_tile_io_mode_physical__iopad_0.io_0_.ISOL_EN_GATE, 140.52, 46.24, 1.8
FILLER_13_385, 178.02, 46.24, 1.8
FILLER_14_413, 190.52, 46.24, 1.8
FILLER_13_441, 203.02, 46.24, 1.8
FILLER_12_469, 226.786, 46.24, 1.8
FILLER_13_497, 238.053, 46.24, 1.8
FILLER_13_517, 238.053, 46.24, 1.8
FILLER_12_8, 5.52, 40.8, 1.8
PHY_20, 5.52, 40.8, 1.8
PHY_22, 5.52, 40.8, 1.8
input20, 5.52, 40.8, 1.8
input23, 5.52, 40.8, 1.8
PHY_21, 249.32, 40.8, 1.8
PHY_23, 249.32, 40.8, 1.8
ANTENNA_cbx_8__0_.cbx_8__0_.mem_top_ipin_1.sky130_fd_sc_hd__dfrtp_1_3__RESET_B, 28.02, 40.8, 1.8
ANTENNA_cbx_8__0_.cbx_8__0_.mux_top_ipin_2.mux_l1_in_0__A0, 28.02, 40.8, 1.8
ANTENNA_cbx_8__0_.cbx_8__0_.mux_top_ipin_2.mux_l1_in_0__A1, 28.02, 40.8, 1.8
ANTENNA_hold24_A, 28.02, 40.8, 1.8
ANTENNA_input11_A, 28.02, 40.8, 1.8
ANTENNA_sb_8__0_.mux_left_track_33.sky130_fd_sc_hd__buf_4_0__A, 28.02, 40.8, 1.8
ANTENNA_sb_8__0_.mux_top_track_26.sky130_fd_sc_hd__buf_4_0__A, 28.02, 40.8, 1.8
FILLER_11_48, 28.02, 40.8, 1.8
FILLER_11_62, 28.02, 40.8, 1.8
FILLER_12_62, 28.02, 40.8, 1.8
_134_, 28.02, 40.8, 1.8
input11, 28.02, 40.8, 1.8
sb_8__0_.mux_left_track_33.sky130_fd_sc_hd__buf_4_0_, 28.02, 40.8, 1.8
sb_8__0_.mux_top_track_40.sky130_fd_sc_hd__buf_4_0_, 28.02, 40.8, 1.8
ANTENNA__107__A, 40.52, 40.8, 1.8
ANTENNA__148__A, 40.52, 40.8, 1.8
ANTENNA_cbx_8__0_.cbx_8__0_.mem_top_ipin_0.sky130_fd_sc_hd__dfrtp_1_2__RESET_B, 40.52, 40.8, 1.8
ANTENNA_cbx_8__0_.cbx_8__0_.mem_top_ipin_3.sky130_fd_sc_hd__dfrtp_1_3__RESET_B, 40.52, 40.8, 1.8
ANTENNA_output114_A, 40.52, 40.8, 1.8
ANTENNA_output115_A, 40.52, 40.8, 1.8
ANTENNA_output142_A, 40.52, 40.8, 1.8
ANTENNA_sb_8__0_.mux_left_track_35.sky130_fd_sc_hd__buf_4_0__A, 40.52, 40.8, 1.8
FILLER_10_66, 40.52, 40.8, 1.8
FILLER_10_75, 40.52, 40.8, 1.8
FILLER_11_89, 40.52, 40.8, 1.8
_132_, 40.52, 40.8, 1.8
_148_, 40.52, 40.8, 1.8
ANTENNA__132__A, 53.02, 40.8, 1.8
ANTENNA_cbx_8__0_.cbx_8__0_.mem_top_ipin_1.sky130_fd_sc_hd__dfrtp_1_0__RESET_B, 53.02, 40.8, 1.8
ANTENNA_cbx_8__0_.cbx_8__0_.mux_top_ipin_0.mux_l2_in_3__A1, 53.02, 40.8, 1.8
ANTENNA_sb_8__0_.mux_top_track_28.mux_l1_in_0__A1, 53.02, 40.8, 1.8
FILLER_10_101, 53.02, 40.8, 1.8
FILLER_11_115, 53.02, 40.8, 1.8
FILLER_12_107, 53.02, 40.8, 1.8
cbx_8__0_.cbx_8__0_.mux_top_ipin_0.mux_l2_in_2_, 53.02, 40.8, 1.8
sb_8__0_.mux_top_track_14.mux_l1_in_1_, 53.02, 40.8, 1.8
sb_8__0_.mux_top_track_28.sky130_fd_sc_hd__buf_4_0_, 53.02, 40.8, 1.8
FILLER_11_152, 78.02, 40.8, 1.8
cbx_8__0_.grid_io_bottom_bottom_8__0_.logical_tile_io_mode_io__3.logical_tile_io_mode_physical__iopad_0.io_0_.OUT_PROTECT_GATE, 78.02, 40.8, 1.8
sb_8__0_.mem_top_track_14.sky130_fd_sc_hd__dfrtp_1_0_, 78.02, 40.8, 1.8
sb_8__0_.mux_top_track_8.mux_l2_in_1_, 78.02, 40.8, 1.8
ANTENNA_sb_8__0_.mem_top_track_12.sky130_fd_sc_hd__dfrtp_1_0__RESET_B, 90.52, 40.8, 1.8
ANTENNA_sb_8__0_.mem_top_track_12.sky130_fd_sc_hd__dfrtp_1_1__RESET_B, 90.52, 40.8, 1.8
FILLER_12_186, 90.52, 40.8, 1.8
FILLER_11_217, 103.02, 40.8, 1.8
FILLER_11_273, 128.02, 40.8, 1.8
FILLER_12_301, 140.52, 40.8, 1.8
FILLER_11_329, 153.02, 40.8, 1.8
FILLER_11_385, 178.02, 40.8, 1.8
FILLER_12_413, 190.52, 40.8, 1.8
FILLER_11_441, 203.02, 40.8, 1.8
FILLER_10_469, 226.786, 40.8, 1.8
FILLER_11_497, 238.053, 40.8, 1.8
FILLER_11_517, 238.053, 40.8, 1.8
PHY_16, 5.52, 35.36, 1.8
PHY_18, 5.52, 35.36, 1.8
input18, 5.52, 35.36, 1.8
input19, 5.52, 35.36, 1.8
PHY_17, 249.32, 35.36, 1.8
PHY_19, 249.32, 35.36, 1.8
ANTENNA__112__A, 28.02, 35.36, 1.8
ANTENNA__118__A, 28.02, 35.36, 1.8
ANTENNA_input12_A, 28.02, 35.36, 1.8
ANTENNA_input13_A, 28.02, 35.36, 1.8
ANTENNA_input19_A, 28.02, 35.36, 1.8
ANTENNA_input33_A, 28.02, 35.36, 1.8
ANTENNA_input55_A, 28.02, 35.36, 1.8
ANTENNA_input7_A, 28.02, 35.36, 1.8
FILLER_10_51, 28.02, 35.36, 1.8
FILLER_10_61, 28.02, 35.36, 1.8
FILLER_9_47, 28.02, 35.36, 1.8
input12, 28.02, 35.36, 1.8
ANTENNA_cbx_8__0_.cbx_8__0_.mem_top_ipin_0.sky130_fd_sc_hd__dfrtp_1_3__RESET_B, 40.52, 35.36, 1.8
FILLER_10_85, 40.52, 35.36, 1.8
FILLER_9_81, 40.52, 35.36, 1.8
sb_8__0_.mux_top_track_42.sky130_fd_sc_hd__buf_4_0_, 40.52, 35.36, 1.8
FILLER_8_97, 53.02, 35.36, 1.8
FILLER_9_106, 53.02, 35.36, 1.8
FILLER_9_113, 53.02, 35.36, 1.8
cbx_8__0_.cbx_8__0_.mux_top_ipin_1.sky130_fd_sc_hd__buf_4_0_, 53.02, 35.36, 1.8
sb_8__0_.mux_left_track_5.sky130_fd_sc_hd__buf_4_0_, 53.02, 35.36, 1.8
sb_8__0_.mux_top_track_14.mux_l1_in_1__167, 53.02, 35.36, 1.8
ANTENNA_cbx_8__0_.grid_io_bottom_bottom_8__0_.logical_tile_io_mode_io__3.logical_tile_io_mode_physical__iopad_0.io_0_.OUT_PROTECT_GATE_TE_B, 78.02, 35.36, 1.8
FILLER_10_185, 90.52, 35.36, 1.8
FILLER_10_193, 90.52, 35.36, 1.8
FILLER_9_217, 103.02, 35.36, 1.8
FILLER_9_225, 103.02, 35.36, 1.8
FILLER_9_277, 128.02, 35.36, 1.8
FILLER_10_301, 140.52, 35.36, 1.8
FILLER_9_329, 153.02, 35.36, 1.8
FILLER_9_385, 178.02, 35.36, 1.8
FILLER_10_413, 190.52, 35.36, 1.8
FILLER_9_441, 203.02, 35.36, 1.8
FILLER_8_469, 226.786, 35.36, 1.8
FILLER_9_497, 238.053, 35.36, 1.8
FILLER_9_517, 238.053, 35.36, 1.8
ANTENNA__109__A, 5.52, 29.92, 1.8
ANTENNA_input18_A, 5.52, 29.92, 1.8
PHY_12, 5.52, 29.92, 1.8
PHY_14, 5.52, 29.92, 1.8
input17, 5.52, 29.92, 1.8
input5, 5.52, 29.92, 1.8
PHY_13, 249.32, 29.92, 1.8
PHY_15, 249.32, 29.92, 1.8
FILLER_7_47, 28.02, 29.92, 1.8
FILLER_8_78, 40.52, 29.92, 1.8
FILLER_7_105, 53.02, 29.92, 1.8
FILLER_6_153, 78.02, 29.92, 1.8
FILLER_7_161, 78.02, 29.92, 1.8
cbx_8__0_.grid_io_bottom_bottom_8__0_.logical_tile_io_mode_io__2.logical_tile_io_mode_physical__iopad_0.io_0_.OUT_PROTECT_GATE, 78.02, 29.92, 1.8
FILLER_8_189, 90.52, 29.92, 1.8
cbx_8__0_.grid_io_bottom_bottom_8__0_.logical_tile_io_mode_io__1.logical_tile_io_mode_physical__iopad_0.io_sky130_fd_sc_hd__dfrtp_1_mem.sky130_fd_sc_hd__dfrtp_1_0_, 90.52, 29.92, 1.8
FILLER_6_211, 103.02, 29.92, 1.8
FILLER_7_217, 103.02, 29.92, 1.8
FILLER_7_225, 103.02, 29.92, 1.8
FILLER_6_253, 128.02, 29.92, 1.8
FILLER_7_274, 128.02, 29.92, 1.8
cbx_8__0_.grid_io_bottom_bottom_8__0_.logical_tile_io_mode_io__3.logical_tile_io_mode_physical__iopad_0.io_0_.IN_PROTECT_GATE, 128.02, 29.92, 1.8
FILLER_8_301, 140.52, 29.92, 1.8
cbx_8__0_.grid_io_bottom_bottom_8__0_.logical_tile_io_mode_io__1.logical_tile_io_mode_physical__iopad_0.io_0_.IN_PROTECT_GATE, 140.52, 29.92, 1.8
FILLER_7_329, 153.02, 29.92, 1.8
FILLER_7_385, 178.02, 29.92, 1.8
FILLER_8_413, 190.52, 29.92, 1.8
FILLER_7_441, 203.02, 29.92, 1.8
FILLER_6_469, 226.786, 29.92, 1.8
FILLER_7_497, 238.053, 29.92, 1.8
FILLER_7_517, 238.053, 29.92, 1.8
PHY_10, 5.52, 24.48, 1.8
PHY_8, 5.52, 24.48, 1.8
input32, 5.52, 24.48, 1.8
input4, 5.52, 24.48, 1.8
PHY_11, 249.32, 24.48, 1.8
PHY_9, 249.32, 24.48, 1.8
FILLER_5_49, 28.02, 24.48, 1.8
FILLER_6_77, 40.52, 24.48, 1.8
FILLER_5_105, 53.02, 24.48, 1.8
FILLER_5_149, 78.02, 24.48, 1.8
FILLER_5_169, 78.02, 24.48, 1.8
FILLER_6_165, 78.02, 24.48, 1.8
cbx_8__0_.grid_io_bottom_bottom_8__0_.logical_tile_io_mode_io__1.logical_tile_io_mode_physical__iopad_0.io_0_.OUT_PROTECT_GATE, 78.02, 24.48, 1.8
ANTENNA_cbx_8__0_.grid_io_bottom_bottom_8__0_.logical_tile_io_mode_io__1.logical_tile_io_mode_physical__iopad_0.io_sky130_fd_sc_hd__dfrtp_1_mem.sky130_fd_sc_hd__dfrtp_1_0__RESET_B, 90.52, 24.48, 1.8
cbx_8__0_.grid_io_bottom_bottom_8__0_.logical_tile_io_mode_io__0.logical_tile_io_mode_physical__iopad_0.io_0_.OUT_PROTECT_GATE, 90.52, 24.48, 1.8
ANTENNA_cbx_8__0_.grid_io_bottom_bottom_8__0_.logical_tile_io_mode_io__0.logical_tile_io_mode_physical__iopad_0.io_0_.ISOL_EN_GATE_B_N, 103.02, 24.48, 1.8
ANTENNA_cbx_8__0_.grid_io_bottom_bottom_8__0_.logical_tile_io_mode_io__1.logical_tile_io_mode_physical__iopad_0.io_0_.ISOL_EN_GATE_B_N, 103.02, 24.48, 1.8
FILLER_5_225, 103.02, 24.48, 1.8
cbx_8__0_.grid_io_bottom_bottom_8__0_.logical_tile_io_mode_io__0.logical_tile_io_mode_physical__iopad_0.io_0_.ISOL_EN_GATE, 103.02, 24.48, 1.8
cbx_8__0_.grid_io_bottom_bottom_8__0_.logical_tile_io_mode_io__1.logical_tile_io_mode_physical__iopad_0.io_0_.ISOL_EN_GATE, 103.02, 24.48, 1.8
FILLER_4_258, 128.02, 24.48, 1.8
FILLER_5_274, 128.02, 24.48, 1.8
cbx_8__0_.grid_io_bottom_bottom_8__0_.logical_tile_io_mode_io__0.logical_tile_io_mode_physical__iopad_0.io_0_.INV_SOC_DIR, 128.02, 24.48, 1.8
FILLER_5_293, 140.52, 24.48, 1.8
cbx_8__0_.grid_io_bottom_bottom_8__0_.logical_tile_io_mode_io__0.logical_tile_io_mode_physical__iopad_0.io_0_.IN_PROTECT_GATE, 140.52, 24.48, 1.8
FILLER_5_385, 178.02, 24.48, 1.8
FILLER_6_413, 190.52, 24.48, 1.8
FILLER_5_441, 203.02, 24.48, 1.8
FILLER_4_469, 226.786, 24.48, 1.8
FILLER_5_497, 238.053, 24.48, 1.8
FILLER_5_517, 238.053, 24.48, 1.8
ANTENNA_input32_A, 5.52, 19.04, 1.8
FILLER_3_5, 5.52, 19.04, 1.8
PHY_4, 5.52, 19.04, 1.8
PHY_6, 5.52, 19.04, 1.8
hold39, 5.52, 19.04, 1.8
input31, 5.52, 19.04, 1.8
PHY_5, 249.32, 19.04, 1.8
PHY_7, 249.32, 19.04, 1.8
ANTENNA_input27_A, 28.02, 19.04, 1.8
ANTENNA_input29_A, 28.02, 19.04, 1.8
ANTENNA_input30_A, 28.02, 19.04, 1.8
FILLER_3_51, 28.02, 19.04, 1.8
FILLER_2_76, 40.52, 19.04, 1.8
FILLER_4_77, 40.52, 19.04, 1.8
FILLER_3_105, 53.02, 19.04, 1.8
_160_, 78.02, 19.04, 1.8
FILLER_4_189, 90.52, 19.04, 1.8
FILLER_3_217, 103.02, 19.04, 1.8
FILLER_3_273, 128.02, 19.04, 1.8
cbx_8__0_.grid_io_bottom_bottom_8__0_.logical_tile_io_mode_io__2.logical_tile_io_mode_physical__iopad_0.io_0_.IN_PROTECT_GATE, 128.02, 19.04, 1.8
FILLER_4_305, 140.52, 19.04, 1.8
FILLER_3_329, 153.02, 19.04, 1.8
FILLER_2_365, 178.02, 19.04, 1.8
FILLER_2_373, 178.02, 19.04, 1.8
FILLER_3_385, 178.02, 19.04, 1.8
FILLER_2_392, 190.52, 19.04, 1.8
FILLER_4_413, 190.52, 19.04, 1.8
hold17, 190.52, 19.04, 1.8
FILLER_3_441, 203.02, 19.04, 1.8
FILLER_2_469, 226.786, 19.04, 1.8
FILLER_3_497, 238.053, 19.04, 1.8
FILLER_3_517, 238.053, 19.04, 1.8
PHY_0, 5.52, 13.6, 1.8
PHY_2, 5.52, 13.6, 1.8
input25, 5.52, 13.6, 1.8
input26, 5.52, 13.6, 1.8
input27, 5.52, 13.6, 1.8
PHY_1, 249.32, 13.6, 1.8
PHY_3, 249.32, 13.6, 1.8
FILLER_0_49, 28.02, 13.6, 1.8
FILLER_0_57, 28.02, 13.6, 1.8
FILLER_1_46, 28.02, 13.6, 1.8
hold11, 28.02, 13.6, 1.8
hold41, 28.02, 13.6, 1.8
output144, 28.02, 13.6, 1.8
FILLER_0_78, 40.52, 13.6, 1.8
FILLER_0_85, 40.52, 13.6, 1.8
FILLER_1_79, 40.52, 13.6, 1.8
cbx_8__0_.grid_io_bottom_bottom_8__0_.logical_tile_io_mode_io__0.logical_tile_io_mode_physical__iopad_0.io_sky130_fd_sc_hd__dfrtp_1_mem.sky130_fd_sc_hd__dfrtp_1_0_, 40.52, 13.6, 1.8
ANTENNA_cbx_8__0_.grid_io_bottom_bottom_8__0_.logical_tile_io_mode_io__0.logical_tile_io_mode_physical__iopad_0.io_sky130_fd_sc_hd__dfrtp_1_mem.sky130_fd_sc_hd__dfrtp_1_0__RESET_B, 53.02, 13.6, 1.8
FILLER_0_107, 53.02, 13.6, 1.8
FILLER_0_113, 53.02, 13.6, 1.8
FILLER_1_107, 53.02, 13.6, 1.8
FILLER_1_113, 53.02, 13.6, 1.8
FILLER_2_109, 53.02, 13.6, 1.8
_156_, 53.02, 13.6, 1.8
output145, 53.02, 13.6, 1.8
FILLER_0_165, 78.02, 13.6, 1.8
FILLER_0_169, 78.02, 13.6, 1.8
FILLER_1_160, 78.02, 13.6, 1.8
_159_, 78.02, 13.6, 1.8
_161_, 78.02, 13.6, 1.8
output147, 78.02, 13.6, 1.8
FILLER_0_197, 90.52, 13.6, 1.8
FILLER_1_174, 90.52, 13.6, 1.8
FILLER_1_182, 90.52, 13.6, 1.8
FILLER_2_189, 90.52, 13.6, 1.8
_162_, 90.52, 13.6, 1.8
output148, 90.52, 13.6, 1.8
FILLER_0_225, 103.02, 13.6, 1.8
FILLER_1_200, 103.02, 13.6, 1.8
_163_, 103.02, 13.6, 1.8
output149, 103.02, 13.6, 1.8
ANTENNA_hold16_A, 128.02, 13.6, 1.8
FILLER_0_253, 128.02, 13.6, 1.8
FILLER_0_274, 128.02, 13.6, 1.8
FILLER_1_261, 128.02, 13.6, 1.8
hold16, 128.02, 13.6, 1.8
input63, 128.02, 13.6, 1.8
ANTENNA_hold12_A, 140.52, 13.6, 1.8
FILLER_0_281, 140.52, 13.6, 1.8
FILLER_0_303, 140.52, 13.6, 1.8
FILLER_2_301, 140.52, 13.6, 1.8
hold12, 140.52, 13.6, 1.8
input64, 140.52, 13.6, 1.8
ANTENNA_hold18_A, 153.02, 13.6, 1.8
FILLER_0_309, 153.02, 13.6, 1.8
FILLER_0_317, 153.02, 13.6, 1.8
FILLER_0_332, 153.02, 13.6, 1.8
FILLER_1_326, 153.02, 13.6, 1.8
hold18, 153.02, 13.6, 1.8
input65, 153.02, 13.6, 1.8
FILLER_0_377, 178.02, 13.6, 1.8
FILLER_1_367, 178.02, 13.6, 1.8
FILLER_1_387, 178.02, 13.6, 1.8
hold15, 178.02, 13.6, 1.8
hold19, 178.02, 13.6, 1.8
input67, 178.02, 13.6, 1.8
ANTENNA_input67_A, 190.52, 13.6, 1.8
FILLER_2_415, 190.52, 13.6, 1.8
hold13, 190.52, 13.6, 1.8
FILLER_0_473, 226.786, 13.6, 1.8
FILLER_0_501, 238.053, 13.6, 1.8
FILLER_0_517, 238.053, 13.6, 1.8
FILLER_1_497, 238.053, 13.6, 1.8
FILLER_1_517, 238.053, 13.6, 1.8

