
===========================================================================
report_parasitic_annotation -report_unannotated
============================================================================
Found 54 unannotated drivers.
 reset_bottom_in
 test_enable_bottom_in
 cby_0__8_.cby_0__1_.mux_right_ipin_0.mux_l2_in_3__194/HI
 cby_0__8_.cby_0__1_.mux_right_ipin_1.mux_l2_in_3__195/HI
 cby_0__8_.cby_0__1_.mux_right_ipin_2.mux_l2_in_3__196/HI
 cby_0__8_.cby_0__1_.mux_right_ipin_3.mux_l2_in_3__197/HI
 sb_0__8_.mux_bottom_track_1.mux_l1_in_1__198/HI
 sb_0__8_.mux_bottom_track_11.mux_l2_in_0__199/HI
 sb_0__8_.mux_bottom_track_13.mux_l2_in_0__200/HI
 sb_0__8_.mux_bottom_track_15.mux_l2_in_0__201/HI
 sb_0__8_.mux_bottom_track_17.mux_l2_in_0__202/HI
 sb_0__8_.mux_bottom_track_19.mux_l2_in_0__151/HI
 sb_0__8_.mux_bottom_track_29.mux_l2_in_0__152/HI
 sb_0__8_.mux_bottom_track_3.mux_l2_in_0__153/HI
 sb_0__8_.mux_bottom_track_31.mux_l2_in_0__154/HI
 sb_0__8_.mux_bottom_track_33.mux_l2_in_0__155/HI
 sb_0__8_.mux_bottom_track_35.mux_l2_in_0__156/HI
 sb_0__8_.mux_bottom_track_45.mux_l2_in_0__157/HI
 sb_0__8_.mux_bottom_track_47.mux_l2_in_0__158/HI
 sb_0__8_.mux_bottom_track_49.mux_l2_in_0__159/HI
 sb_0__8_.mux_bottom_track_5.mux_l2_in_0__160/HI
 sb_0__8_.mux_bottom_track_51.mux_l2_in_0__161/HI
 sb_0__8_.mux_bottom_track_7.mux_l1_in_1__162/HI
 sb_0__8_.mux_bottom_track_9.mux_l2_in_0__163/HI
 sb_0__8_.mux_right_track_0.mux_l2_in_1__164/HI
 sb_0__8_.mux_right_track_10.mux_l2_in_1__165/HI
 sb_0__8_.mux_right_track_12.mux_l1_in_1__166/HI
 sb_0__8_.mux_right_track_14.mux_l1_in_1__167/HI
 sb_0__8_.mux_right_track_16.mux_l1_in_1__168/HI
 sb_0__8_.mux_right_track_18.mux_l2_in_0__169/HI
 sb_0__8_.mux_right_track_2.mux_l2_in_1__170/HI
 sb_0__8_.mux_right_track_20.mux_l2_in_0__171/HI
 sb_0__8_.mux_right_track_22.mux_l2_in_0__172/HI
 sb_0__8_.mux_right_track_24.mux_l2_in_0__173/HI
 sb_0__8_.mux_right_track_26.mux_l2_in_0__174/HI
 sb_0__8_.mux_right_track_28.mux_l1_in_1__175/HI
 sb_0__8_.mux_right_track_30.mux_l1_in_1__176/HI
 sb_0__8_.mux_right_track_32.mux_l1_in_1__177/HI
 sb_0__8_.mux_right_track_34.mux_l1_in_1__178/HI
 sb_0__8_.mux_right_track_36.mux_l2_in_0__179/HI
 sb_0__8_.mux_right_track_38.mux_l2_in_0__180/HI
 sb_0__8_.mux_right_track_4.mux_l2_in_1__181/HI
 sb_0__8_.mux_right_track_40.mux_l2_in_0__182/HI
 sb_0__8_.mux_right_track_42.mux_l2_in_0__183/HI
 sb_0__8_.mux_right_track_44.mux_l1_in_1__184/HI
 sb_0__8_.mux_right_track_46.mux_l1_in_1__185/HI
 sb_0__8_.mux_right_track_48.mux_l1_in_1__186/HI
 sb_0__8_.mux_right_track_50.mux_l2_in_0__187/HI
 sb_0__8_.mux_right_track_52.mux_l2_in_0__188/HI
 sb_0__8_.mux_right_track_54.mux_l2_in_0__189/HI
 sb_0__8_.mux_right_track_56.mux_l2_in_0__190/HI
 sb_0__8_.mux_right_track_58.mux_l1_in_1__191/HI
 sb_0__8_.mux_right_track_6.mux_l2_in_1__192/HI
 sb_0__8_.mux_right_track_8.mux_l2_in_1__193/HI
Found 0 partially unannotated drivers.
parastic_annotation_check
check_slew

===========================================================================
 report_check_types -max_slew -max_cap -max_fanout -violators
============================================================================

===========================================================================
max slew violation count 0
max fanout violation count 0
max cap violation count 0
============================================================================
check_slew_end
tns_report

===========================================================================
 report_tns
============================================================================
tns 0.00
tns_report_end
wns_report

===========================================================================
 report_wns
============================================================================
wns 0.00
wns_report_end
worst_slack

===========================================================================
 report_worst_slack -max (Setup)
============================================================================
worst slack 89.77

===========================================================================
 report_worst_slack -min (Hold)
============================================================================
worst slack 0.24
worst_slack_end
clock_skew

===========================================================================
 report_clock_skew
============================================================================
Clock clk0
No launch/capture paths found.

Clock prog_clk
Latency      CRPR       Skew
sb_0__8_.mem_bottom_track_47.sky130_fd_sc_hd__dfrtp_1_0_/CLK ^
   0.52
sb_0__8_.mem_bottom_track_47.sky130_fd_sc_hd__dfrtp_1_1_/CLK ^
   0.45     -0.03       0.04

clock_skew_end
power_report

===========================================================================
 report_power
============================================================================
Group                  Internal  Switching    Leakage      Total
                          Power      Power      Power      Power (Watts)
----------------------------------------------------------------
Sequential             5.13e-05   2.74e-06   1.41e-09   5.40e-05  40.7%
Combinational          3.01e-05   4.85e-05   7.29e-09   7.87e-05  59.3%
Macro                  0.00e+00   0.00e+00   0.00e+00   0.00e+00   0.0%
Pad                    0.00e+00   0.00e+00   0.00e+00   0.00e+00   0.0%
----------------------------------------------------------------
Total                  8.14e-05   5.13e-05   8.70e-09   1.33e-04 100.0%
                          61.4%      38.6%       0.0%
power_report_end
area_report

===========================================================================
 report_design_area
============================================================================
Design area 9286 u^2 15% utilization.
area_report_end
Setting global connections for newly added cells...
[WARNING] Did not save OpenROAD database!
Writing SDF to /home/hosni/OpenFPGA/clear/openlane/top_left_tile/runs/23_03_20_06_14/results/routing/mca/process_corner_nom/top_left_tile.sdf...
Writing timing model to /home/hosni/OpenFPGA/clear/openlane/top_left_tile/runs/23_03_20_06_14/results/routing/mca/process_corner_nom/top_left_tile.lib...

