
===========================================================================
report_checks -path_delay min (Hold)
============================================================================
Startpoint: prog_reset_bottom_in (input port clocked by clk0)
Endpoint: sb_0__8_.mem_right_track_54.sky130_fd_sc_hd__dfrtp_1_1_
          (removal check against rising-edge clock prog_clk)
Path Group: asynchronous
Path Type: min

Fanout     Cap    Slew   Delay    Time   Description
-----------------------------------------------------------------------------
                  0.00    0.00    0.00   clock clk0 (rise edge)
                          0.00    0.00   clock network delay (ideal)
                          3.00    3.00 ^ input external delay
                  0.50    0.00    3.00 ^ prog_reset_bottom_in (in)
     1    0.01                           prog_reset_bottom_in (net)
                  0.50    0.00    3.00 ^ input68/A (sky130_fd_sc_hd__clkbuf_16)
                  0.65    0.50    3.50 ^ input68/X (sky130_fd_sc_hd__clkbuf_16)
   122    0.66                           net68 (net)
                  0.65    0.05    3.56 ^ sb_0__8_.mem_right_track_54.sky130_fd_sc_hd__dfrtp_1_1_/RESET_B (sky130_fd_sc_hd__dfrtp_1)
                                  3.56   data arrival time

                          0.00    0.00   clock prog_clk (rise edge)
                          0.00    0.00   clock source latency
                  0.50    0.00    0.00 ^ prog_clk (in)
     1    0.04                           prog_clk (net)
                  0.51    0.00    0.00 ^ clkbuf_0_prog_clk/A (sky130_fd_sc_hd__clkbuf_16)
                  0.14    0.33    0.34 ^ clkbuf_0_prog_clk/X (sky130_fd_sc_hd__clkbuf_16)
    16    0.12                           clknet_0_prog_clk (net)
                  0.14    0.01    0.34 ^ clkbuf_4_5_0_prog_clk/A (sky130_fd_sc_hd__clkbuf_8)
                  0.07    0.19    0.53 ^ clkbuf_4_5_0_prog_clk/X (sky130_fd_sc_hd__clkbuf_8)
     9    0.03                           clknet_4_5_0_prog_clk (net)
                  0.07    0.00    0.53 ^ sb_0__8_.mem_right_track_54.sky130_fd_sc_hd__dfrtp_1_1_/CLK (sky130_fd_sc_hd__dfrtp_1)
                          0.10    0.63   clock uncertainty
                          0.00    0.63   clock reconvergence pessimism
                          0.49    1.13   library removal time
                                  1.13   data required time
-----------------------------------------------------------------------------
                                  1.13   data required time
                                 -3.56   data arrival time
-----------------------------------------------------------------------------
                                  2.43   slack (MET)


Startpoint: prog_reset_bottom_in (input port clocked by clk0)
Endpoint: sb_0__8_.mem_right_track_56.sky130_fd_sc_hd__dfrtp_1_0_
          (removal check against rising-edge clock prog_clk)
Path Group: asynchronous
Path Type: min

Fanout     Cap    Slew   Delay    Time   Description
-----------------------------------------------------------------------------
                  0.00    0.00    0.00   clock clk0 (rise edge)
                          0.00    0.00   clock network delay (ideal)
                          3.00    3.00 ^ input external delay
                  0.50    0.00    3.00 ^ prog_reset_bottom_in (in)
     1    0.01                           prog_reset_bottom_in (net)
                  0.50    0.00    3.00 ^ input68/A (sky130_fd_sc_hd__clkbuf_16)
                  0.65    0.50    3.50 ^ input68/X (sky130_fd_sc_hd__clkbuf_16)
   122    0.66                           net68 (net)
                  0.65    0.06    3.56 ^ sb_0__8_.mem_right_track_56.sky130_fd_sc_hd__dfrtp_1_0_/RESET_B (sky130_fd_sc_hd__dfrtp_1)
                                  3.56   data arrival time

                          0.00    0.00   clock prog_clk (rise edge)
                          0.00    0.00   clock source latency
                  0.50    0.00    0.00 ^ prog_clk (in)
     1    0.04                           prog_clk (net)
                  0.51    0.00    0.00 ^ clkbuf_0_prog_clk/A (sky130_fd_sc_hd__clkbuf_16)
                  0.14    0.33    0.34 ^ clkbuf_0_prog_clk/X (sky130_fd_sc_hd__clkbuf_16)
    16    0.12                           clknet_0_prog_clk (net)
                  0.14    0.01    0.34 ^ clkbuf_4_5_0_prog_clk/A (sky130_fd_sc_hd__clkbuf_8)
                  0.07    0.19    0.53 ^ clkbuf_4_5_0_prog_clk/X (sky130_fd_sc_hd__clkbuf_8)
     9    0.03                           clknet_4_5_0_prog_clk (net)
                  0.07    0.00    0.53 ^ sb_0__8_.mem_right_track_56.sky130_fd_sc_hd__dfrtp_1_0_/CLK (sky130_fd_sc_hd__dfrtp_1)
                          0.10    0.63   clock uncertainty
                          0.00    0.63   clock reconvergence pessimism
                          0.49    1.13   library removal time
                                  1.13   data required time
-----------------------------------------------------------------------------
                                  1.13   data required time
                                 -3.56   data arrival time
-----------------------------------------------------------------------------
                                  2.43   slack (MET)


Startpoint: prog_reset_bottom_in (input port clocked by clk0)
Endpoint: sb_0__8_.mem_right_track_54.sky130_fd_sc_hd__dfrtp_1_0_
          (removal check against rising-edge clock prog_clk)
Path Group: asynchronous
Path Type: min

Fanout     Cap    Slew   Delay    Time   Description
-----------------------------------------------------------------------------
                  0.00    0.00    0.00   clock clk0 (rise edge)
                          0.00    0.00   clock network delay (ideal)
                          3.00    3.00 ^ input external delay
                  0.50    0.00    3.00 ^ prog_reset_bottom_in (in)
     1    0.01                           prog_reset_bottom_in (net)
                  0.50    0.00    3.00 ^ input68/A (sky130_fd_sc_hd__clkbuf_16)
                  0.65    0.50    3.50 ^ input68/X (sky130_fd_sc_hd__clkbuf_16)
   122    0.66                           net68 (net)
                  0.66    0.06    3.56 ^ sb_0__8_.mem_right_track_54.sky130_fd_sc_hd__dfrtp_1_0_/RESET_B (sky130_fd_sc_hd__dfrtp_1)
                                  3.56   data arrival time

                          0.00    0.00   clock prog_clk (rise edge)
                          0.00    0.00   clock source latency
                  0.50    0.00    0.00 ^ prog_clk (in)
     1    0.04                           prog_clk (net)
                  0.51    0.00    0.00 ^ clkbuf_0_prog_clk/A (sky130_fd_sc_hd__clkbuf_16)
                  0.14    0.33    0.34 ^ clkbuf_0_prog_clk/X (sky130_fd_sc_hd__clkbuf_16)
    16    0.12                           clknet_0_prog_clk (net)
                  0.14    0.01    0.34 ^ clkbuf_4_5_0_prog_clk/A (sky130_fd_sc_hd__clkbuf_8)
                  0.07    0.19    0.53 ^ clkbuf_4_5_0_prog_clk/X (sky130_fd_sc_hd__clkbuf_8)
     9    0.03                           clknet_4_5_0_prog_clk (net)
                  0.07    0.00    0.53 ^ sb_0__8_.mem_right_track_54.sky130_fd_sc_hd__dfrtp_1_0_/CLK (sky130_fd_sc_hd__dfrtp_1)
                          0.10    0.63   clock uncertainty
                          0.00    0.63   clock reconvergence pessimism
                          0.49    1.13   library removal time
                                  1.13   data required time
-----------------------------------------------------------------------------
                                  1.13   data required time
                                 -3.56   data arrival time
-----------------------------------------------------------------------------
                                  2.43   slack (MET)


Startpoint: prog_reset_bottom_in (input port clocked by clk0)
Endpoint: sb_0__8_.mem_right_track_52.sky130_fd_sc_hd__dfrtp_1_1_
          (removal check against rising-edge clock prog_clk)
Path Group: asynchronous
Path Type: min

Fanout     Cap    Slew   Delay    Time   Description
-----------------------------------------------------------------------------
                  0.00    0.00    0.00   clock clk0 (rise edge)
                          0.00    0.00   clock network delay (ideal)
                          3.00    3.00 ^ input external delay
                  0.50    0.00    3.00 ^ prog_reset_bottom_in (in)
     1    0.01                           prog_reset_bottom_in (net)
                  0.50    0.00    3.00 ^ input68/A (sky130_fd_sc_hd__clkbuf_16)
                  0.65    0.50    3.50 ^ input68/X (sky130_fd_sc_hd__clkbuf_16)
   122    0.66                           net68 (net)
                  0.66    0.06    3.56 ^ sb_0__8_.mem_right_track_52.sky130_fd_sc_hd__dfrtp_1_1_/RESET_B (sky130_fd_sc_hd__dfrtp_1)
                                  3.56   data arrival time

                          0.00    0.00   clock prog_clk (rise edge)
                          0.00    0.00   clock source latency
                  0.50    0.00    0.00 ^ prog_clk (in)
     1    0.04                           prog_clk (net)
                  0.51    0.00    0.00 ^ clkbuf_0_prog_clk/A (sky130_fd_sc_hd__clkbuf_16)
                  0.14    0.33    0.34 ^ clkbuf_0_prog_clk/X (sky130_fd_sc_hd__clkbuf_16)
    16    0.12                           clknet_0_prog_clk (net)
                  0.14    0.01    0.34 ^ clkbuf_4_5_0_prog_clk/A (sky130_fd_sc_hd__clkbuf_8)
                  0.07    0.19    0.53 ^ clkbuf_4_5_0_prog_clk/X (sky130_fd_sc_hd__clkbuf_8)
     9    0.03                           clknet_4_5_0_prog_clk (net)
                  0.07    0.00    0.53 ^ sb_0__8_.mem_right_track_52.sky130_fd_sc_hd__dfrtp_1_1_/CLK (sky130_fd_sc_hd__dfrtp_1)
                          0.10    0.63   clock uncertainty
                          0.00    0.63   clock reconvergence pessimism
                          0.49    1.13   library removal time
                                  1.13   data required time
-----------------------------------------------------------------------------
                                  1.13   data required time
                                 -3.56   data arrival time
-----------------------------------------------------------------------------
                                  2.43   slack (MET)


Startpoint: prog_reset_bottom_in (input port clocked by clk0)
Endpoint: sb_0__8_.mem_right_track_42.sky130_fd_sc_hd__dfrtp_1_0_
          (removal check against rising-edge clock prog_clk)
Path Group: asynchronous
Path Type: min

Fanout     Cap    Slew   Delay    Time   Description
-----------------------------------------------------------------------------
                  0.00    0.00    0.00   clock clk0 (rise edge)
                          0.00    0.00   clock network delay (ideal)
                          3.00    3.00 ^ input external delay
                  0.50    0.00    3.00 ^ prog_reset_bottom_in (in)
     1    0.01                           prog_reset_bottom_in (net)
                  0.50    0.00    3.00 ^ input68/A (sky130_fd_sc_hd__clkbuf_16)
                  0.65    0.50    3.50 ^ input68/X (sky130_fd_sc_hd__clkbuf_16)
   122    0.66                           net68 (net)
                  0.66    0.06    3.56 ^ sb_0__8_.mem_right_track_42.sky130_fd_sc_hd__dfrtp_1_0_/RESET_B (sky130_fd_sc_hd__dfrtp_1)
                                  3.56   data arrival time

                          0.00    0.00   clock prog_clk (rise edge)
                          0.00    0.00   clock source latency
                  0.50    0.00    0.00 ^ prog_clk (in)
     1    0.04                           prog_clk (net)
                  0.51    0.00    0.00 ^ clkbuf_0_prog_clk/A (sky130_fd_sc_hd__clkbuf_16)
                  0.14    0.33    0.34 ^ clkbuf_0_prog_clk/X (sky130_fd_sc_hd__clkbuf_16)
    16    0.12                           clknet_0_prog_clk (net)
                  0.14    0.01    0.34 ^ clkbuf_4_5_0_prog_clk/A (sky130_fd_sc_hd__clkbuf_8)
                  0.07    0.19    0.53 ^ clkbuf_4_5_0_prog_clk/X (sky130_fd_sc_hd__clkbuf_8)
     9    0.03                           clknet_4_5_0_prog_clk (net)
                  0.07    0.00    0.53 ^ sb_0__8_.mem_right_track_42.sky130_fd_sc_hd__dfrtp_1_0_/CLK (sky130_fd_sc_hd__dfrtp_1)
                          0.10    0.63   clock uncertainty
                          0.00    0.63   clock reconvergence pessimism
                          0.49    1.13   library removal time
                                  1.13   data required time
-----------------------------------------------------------------------------
                                  1.13   data required time
                                 -3.56   data arrival time
-----------------------------------------------------------------------------
                                  2.44   slack (MET)


Startpoint: sb_0__8_.mem_bottom_track_51.sky130_fd_sc_hd__dfrtp_1_1_
            (rising edge-triggered flip-flop clocked by prog_clk)
Endpoint: ccff_tail (output port clocked by clk0)
Path Group: clk0
Path Type: min

Fanout     Cap    Slew   Delay    Time   Description
-----------------------------------------------------------------------------
                          0.00    0.00   clock prog_clk (rise edge)
                          0.00    0.00   clock source latency
                  0.50    0.00    0.00 ^ prog_clk (in)
     1    0.04                           prog_clk (net)
                  0.51    0.00    0.00 ^ clkbuf_0_prog_clk/A (sky130_fd_sc_hd__clkbuf_16)
                  0.14    0.30    0.30 ^ clkbuf_0_prog_clk/X (sky130_fd_sc_hd__clkbuf_16)
    16    0.12                           clknet_0_prog_clk (net)
                  0.14    0.01    0.31 ^ clkbuf_4_7_0_prog_clk/A (sky130_fd_sc_hd__clkbuf_8)
                  0.07    0.17    0.48 ^ clkbuf_4_7_0_prog_clk/X (sky130_fd_sc_hd__clkbuf_8)
     9    0.03                           clknet_4_7_0_prog_clk (net)
                  0.07    0.00    0.48 ^ sb_0__8_.mem_bottom_track_51.sky130_fd_sc_hd__dfrtp_1_1_/CLK (sky130_fd_sc_hd__dfrtp_2)
                  0.12    0.40    0.88 ^ sb_0__8_.mem_bottom_track_51.sky130_fd_sc_hd__dfrtp_1_1_/Q (sky130_fd_sc_hd__dfrtp_2)
     2    0.02                           net81 (net)
                  0.12    0.00    0.88 ^ output81/A (sky130_fd_sc_hd__buf_12)
                  0.15    0.19    1.07 ^ output81/X (sky130_fd_sc_hd__buf_12)
     1    0.12                           ccff_tail (net)
                  0.15    0.00    1.07 ^ ccff_tail (out)
                                  1.07   data arrival time

                  0.00    0.00    0.00   clock clk0 (rise edge)
                          0.00    0.00   clock network delay (ideal)
                          0.10    0.10   clock uncertainty
                          0.00    0.10   clock reconvergence pessimism
                         -3.00   -2.90   output external delay
                                 -2.90   data required time
-----------------------------------------------------------------------------
                                 -2.90   data required time
                                 -1.07   data arrival time
-----------------------------------------------------------------------------
                                  3.97   slack (MET)


Startpoint: cby_0__8_.grid_io_left_left_0__1_.logical_tile_io_mode_io__3.logical_tile_io_mode_physical__iopad_0.io_sky130_fd_sc_hd__dfrtp_1_mem.sky130_fd_sc_hd__dfrtp_1_0_
            (rising edge-triggered flip-flop clocked by prog_clk)
Endpoint: ccff_tail_0 (output port clocked by clk0)
Path Group: clk0
Path Type: min

Fanout     Cap    Slew   Delay    Time   Description
-----------------------------------------------------------------------------
                          0.00    0.00   clock prog_clk (rise edge)
                          0.00    0.00   clock source latency
                  0.50    0.00    0.00 ^ prog_clk (in)
     1    0.04                           prog_clk (net)
                  0.51    0.00    0.00 ^ clkbuf_0_prog_clk/A (sky130_fd_sc_hd__clkbuf_16)
                  0.14    0.30    0.30 ^ clkbuf_0_prog_clk/X (sky130_fd_sc_hd__clkbuf_16)
    16    0.12                           clknet_0_prog_clk (net)
                  0.14    0.00    0.31 ^ clkbuf_4_10_0_prog_clk/A (sky130_fd_sc_hd__clkbuf_8)
                  0.07    0.17    0.48 ^ clkbuf_4_10_0_prog_clk/X (sky130_fd_sc_hd__clkbuf_8)
     6    0.04                           clknet_4_10_0_prog_clk (net)
                  0.08    0.00    0.48 ^ cby_0__8_.grid_io_left_left_0__1_.logical_tile_io_mode_io__3.logical_tile_io_mode_physical__iopad_0.io_sky130_fd_sc_hd__dfrtp_1_mem.sky130_fd_sc_hd__dfrtp_1_0_/CLK (sky130_fd_sc_hd__dfrtp_2)
                  0.13    0.40    0.89 ^ cby_0__8_.grid_io_left_left_0__1_.logical_tile_io_mode_io__3.logical_tile_io_mode_physical__iopad_0.io_sky130_fd_sc_hd__dfrtp_1_mem.sky130_fd_sc_hd__dfrtp_1_0_/Q (sky130_fd_sc_hd__dfrtp_2)
     2    0.02                           net82 (net)
                  0.13    0.00    0.89 ^ output82/A (sky130_fd_sc_hd__buf_12)
                  0.14    0.19    1.08 ^ output82/X (sky130_fd_sc_hd__buf_12)
     1    0.12                           ccff_tail_0 (net)
                  0.14    0.00    1.08 ^ ccff_tail_0 (out)
                                  1.08   data arrival time

                  0.00    0.00    0.00   clock clk0 (rise edge)
                          0.00    0.00   clock network delay (ideal)
                          0.10    0.10   clock uncertainty
                          0.00    0.10   clock reconvergence pessimism
                         -3.00   -2.90   output external delay
                                 -2.90   data required time
-----------------------------------------------------------------------------
                                 -2.90   data required time
                                 -1.08   data arrival time
-----------------------------------------------------------------------------
                                  3.98   slack (MET)


Startpoint: cby_0__8_.grid_io_left_left_0__1_.logical_tile_io_mode_io__1.logical_tile_io_mode_physical__iopad_0.io_sky130_fd_sc_hd__dfrtp_1_mem.sky130_fd_sc_hd__dfrtp_1_0_
            (rising edge-triggered flip-flop clocked by prog_clk)
Endpoint: gfpga_pad_io_soc_out[2] (output port clocked by clk0)
Path Group: clk0
Path Type: min

Fanout     Cap    Slew   Delay    Time   Description
-----------------------------------------------------------------------------
                          0.00    0.00   clock prog_clk (rise edge)
                          0.00    0.00   clock source latency
                  0.50    0.00    0.00 ^ prog_clk (in)
     1    0.04                           prog_clk (net)
                  0.51    0.00    0.00 ^ clkbuf_0_prog_clk/A (sky130_fd_sc_hd__clkbuf_16)
                  0.14    0.30    0.30 ^ clkbuf_0_prog_clk/X (sky130_fd_sc_hd__clkbuf_16)
    16    0.12                           clknet_0_prog_clk (net)
                  0.14    0.00    0.31 ^ clkbuf_4_10_0_prog_clk/A (sky130_fd_sc_hd__clkbuf_8)
                  0.07    0.17    0.48 ^ clkbuf_4_10_0_prog_clk/X (sky130_fd_sc_hd__clkbuf_8)
     6    0.04                           clknet_4_10_0_prog_clk (net)
                  0.08    0.00    0.48 ^ cby_0__8_.grid_io_left_left_0__1_.logical_tile_io_mode_io__1.logical_tile_io_mode_physical__iopad_0.io_sky130_fd_sc_hd__dfrtp_1_mem.sky130_fd_sc_hd__dfrtp_1_0_/CLK (sky130_fd_sc_hd__dfrtp_1)
                  0.10    0.35    0.84 ^ cby_0__8_.grid_io_left_left_0__1_.logical_tile_io_mode_io__1.logical_tile_io_mode_physical__iopad_0.io_sky130_fd_sc_hd__dfrtp_1_mem.sky130_fd_sc_hd__dfrtp_1_0_/Q (sky130_fd_sc_hd__dfrtp_1)
     2    0.01                           cby_0__8_.grid_io_left_left_0__1_.logical_tile_io_mode_io__1.ccff_tail (net)
                  0.10    0.00    0.84 ^ cby_0__8_.grid_io_left_left_0__1_.logical_tile_io_mode_io__1.logical_tile_io_mode_physical__iopad_0.io_0_.ISOL_EN_GATE/A (sky130_fd_sc_hd__or2b_1)
                  0.19    0.20    1.04 ^ cby_0__8_.grid_io_left_left_0__1_.logical_tile_io_mode_io__1.logical_tile_io_mode_physical__iopad_0.io_0_.ISOL_EN_GATE/X (sky130_fd_sc_hd__or2b_1)
     3    0.02                           cby_0__8_.grid_io_left_left_0__1_.logical_tile_io_mode_io__1.gfpga_pad_io_soc_dir (net)
                  0.19    0.00    1.04 ^ cby_0__8_.grid_io_left_left_0__1_.logical_tile_io_mode_io__1.logical_tile_io_mode_physical__iopad_0.io_0_.OUT_PROTECT_GATE/TE_B (sky130_fd_sc_hd__ebufn_1)
                  0.00    0.02    1.06 v cby_0__8_.grid_io_left_left_0__1_.logical_tile_io_mode_io__1.logical_tile_io_mode_physical__iopad_0.io_0_.OUT_PROTECT_GATE/Z (sky130_fd_sc_hd__ebufn_1)
     1    0.01                           cby_0__8_.grid_io_left_left_0__1_.logical_tile_io_mode_io__1.gfpga_pad_io_soc_out (net)
                  0.00    0.00    1.06 v _170_/A (sky130_fd_sc_hd__clkbuf_2)
                  0.05    0.10    1.16 v _170_/X (sky130_fd_sc_hd__clkbuf_2)
     1    0.01                           net149 (net)
                  0.05    0.00    1.16 v output149/A (sky130_fd_sc_hd__buf_12)
                  0.07    0.16    1.32 v output149/X (sky130_fd_sc_hd__buf_12)
     1    0.12                           gfpga_pad_io_soc_out[2] (net)
                  0.07    0.00    1.33 v gfpga_pad_io_soc_out[2] (out)
                                  1.33   data arrival time

                  0.00    0.00    0.00   clock clk0 (rise edge)
                          0.00    0.00   clock network delay (ideal)
                          0.10    0.10   clock uncertainty
                          0.00    0.10   clock reconvergence pessimism
                         -3.00   -2.90   output external delay
                                 -2.90   data required time
-----------------------------------------------------------------------------
                                 -2.90   data required time
                                 -1.33   data arrival time
-----------------------------------------------------------------------------
                                  4.23   slack (MET)


Startpoint: cby_0__8_.grid_io_left_left_0__1_.logical_tile_io_mode_io__2.logical_tile_io_mode_physical__iopad_0.io_sky130_fd_sc_hd__dfrtp_1_mem.sky130_fd_sc_hd__dfrtp_1_0_
            (rising edge-triggered flip-flop clocked by prog_clk)
Endpoint: gfpga_pad_io_soc_out[1] (output port clocked by clk0)
Path Group: clk0
Path Type: min

Fanout     Cap    Slew   Delay    Time   Description
-----------------------------------------------------------------------------
                          0.00    0.00   clock prog_clk (rise edge)
                          0.00    0.00   clock source latency
                  0.50    0.00    0.00 ^ prog_clk (in)
     1    0.04                           prog_clk (net)
                  0.51    0.00    0.00 ^ clkbuf_0_prog_clk/A (sky130_fd_sc_hd__clkbuf_16)
                  0.14    0.30    0.30 ^ clkbuf_0_prog_clk/X (sky130_fd_sc_hd__clkbuf_16)
    16    0.12                           clknet_0_prog_clk (net)
                  0.14    0.00    0.31 ^ clkbuf_4_10_0_prog_clk/A (sky130_fd_sc_hd__clkbuf_8)
                  0.07    0.17    0.48 ^ clkbuf_4_10_0_prog_clk/X (sky130_fd_sc_hd__clkbuf_8)
     6    0.04                           clknet_4_10_0_prog_clk (net)
                  0.08    0.00    0.48 ^ cby_0__8_.grid_io_left_left_0__1_.logical_tile_io_mode_io__2.logical_tile_io_mode_physical__iopad_0.io_sky130_fd_sc_hd__dfrtp_1_mem.sky130_fd_sc_hd__dfrtp_1_0_/CLK (sky130_fd_sc_hd__dfrtp_1)
                  0.11    0.36    0.85 ^ cby_0__8_.grid_io_left_left_0__1_.logical_tile_io_mode_io__2.logical_tile_io_mode_physical__iopad_0.io_sky130_fd_sc_hd__dfrtp_1_mem.sky130_fd_sc_hd__dfrtp_1_0_/Q (sky130_fd_sc_hd__dfrtp_1)
     2    0.01                           cby_0__8_.grid_io_left_left_0__1_.logical_tile_io_mode_io__2.ccff_tail (net)
                  0.11    0.00    0.85 ^ cby_0__8_.grid_io_left_left_0__1_.logical_tile_io_mode_io__2.logical_tile_io_mode_physical__iopad_0.io_0_.ISOL_EN_GATE/A (sky130_fd_sc_hd__or2b_1)
                  0.16    0.19    1.04 ^ cby_0__8_.grid_io_left_left_0__1_.logical_tile_io_mode_io__2.logical_tile_io_mode_physical__iopad_0.io_0_.ISOL_EN_GATE/X (sky130_fd_sc_hd__or2b_1)
     3    0.02                           cby_0__8_.grid_io_left_left_0__1_.logical_tile_io_mode_io__2.gfpga_pad_io_soc_dir (net)
                  0.16    0.00    1.04 ^ cby_0__8_.grid_io_left_left_0__1_.logical_tile_io_mode_io__2.logical_tile_io_mode_physical__iopad_0.io_0_.OUT_PROTECT_GATE/TE_B (sky130_fd_sc_hd__ebufn_1)
                  0.00    0.02    1.06 v cby_0__8_.grid_io_left_left_0__1_.logical_tile_io_mode_io__2.logical_tile_io_mode_physical__iopad_0.io_0_.OUT_PROTECT_GATE/Z (sky130_fd_sc_hd__ebufn_1)
     1    0.01                           cby_0__8_.grid_io_left_left_0__1_.logical_tile_io_mode_io__2.gfpga_pad_io_soc_out (net)
                  0.00    0.00    1.06 v _169_/A (sky130_fd_sc_hd__clkbuf_2)
                  0.05    0.10    1.16 v _169_/X (sky130_fd_sc_hd__clkbuf_2)
     1    0.01                           net148 (net)
                  0.05    0.00    1.16 v output148/A (sky130_fd_sc_hd__buf_12)
                  0.07    0.16    1.33 v output148/X (sky130_fd_sc_hd__buf_12)
     1    0.12                           gfpga_pad_io_soc_out[1] (net)
                  0.07    0.00    1.33 v gfpga_pad_io_soc_out[1] (out)
                                  1.33   data arrival time

                  0.00    0.00    0.00   clock clk0 (rise edge)
                          0.00    0.00   clock network delay (ideal)
                          0.10    0.10   clock uncertainty
                          0.00    0.10   clock reconvergence pessimism
                         -3.00   -2.90   output external delay
                                 -2.90   data required time
-----------------------------------------------------------------------------
                                 -2.90   data required time
                                 -1.33   data arrival time
-----------------------------------------------------------------------------
                                  4.23   slack (MET)


Startpoint: cby_0__8_.grid_io_left_left_0__1_.logical_tile_io_mode_io__0.logical_tile_io_mode_physical__iopad_0.io_sky130_fd_sc_hd__dfrtp_1_mem.sky130_fd_sc_hd__dfrtp_1_0_
            (rising edge-triggered flip-flop clocked by prog_clk)
Endpoint: gfpga_pad_io_soc_out[3] (output port clocked by clk0)
Path Group: clk0
Path Type: min

Fanout     Cap    Slew   Delay    Time   Description
-----------------------------------------------------------------------------
                          0.00    0.00   clock prog_clk (rise edge)
                          0.00    0.00   clock source latency
                  0.50    0.00    0.00 ^ prog_clk (in)
     1    0.04                           prog_clk (net)
                  0.51    0.00    0.00 ^ clkbuf_0_prog_clk/A (sky130_fd_sc_hd__clkbuf_16)
                  0.14    0.30    0.30 ^ clkbuf_0_prog_clk/X (sky130_fd_sc_hd__clkbuf_16)
    16    0.12                           clknet_0_prog_clk (net)
                  0.14    0.00    0.31 ^ clkbuf_4_10_0_prog_clk/A (sky130_fd_sc_hd__clkbuf_8)
                  0.07    0.17    0.48 ^ clkbuf_4_10_0_prog_clk/X (sky130_fd_sc_hd__clkbuf_8)
     6    0.04                           clknet_4_10_0_prog_clk (net)
                  0.08    0.00    0.48 ^ cby_0__8_.grid_io_left_left_0__1_.logical_tile_io_mode_io__0.logical_tile_io_mode_physical__iopad_0.io_sky130_fd_sc_hd__dfrtp_1_mem.sky130_fd_sc_hd__dfrtp_1_0_/CLK (sky130_fd_sc_hd__dfrtp_1)
                  0.11    0.36    0.84 ^ cby_0__8_.grid_io_left_left_0__1_.logical_tile_io_mode_io__0.logical_tile_io_mode_physical__iopad_0.io_sky130_fd_sc_hd__dfrtp_1_mem.sky130_fd_sc_hd__dfrtp_1_0_/Q (sky130_fd_sc_hd__dfrtp_1)
     2    0.01                           cby_0__8_.grid_io_left_left_0__1_.logical_tile_io_mode_io__0.ccff_tail (net)
                  0.11    0.00    0.84 ^ cby_0__8_.grid_io_left_left_0__1_.logical_tile_io_mode_io__0.logical_tile_io_mode_physical__iopad_0.io_0_.ISOL_EN_GATE/A (sky130_fd_sc_hd__or2b_1)
                  0.18    0.20    1.04 ^ cby_0__8_.grid_io_left_left_0__1_.logical_tile_io_mode_io__0.logical_tile_io_mode_physical__iopad_0.io_0_.ISOL_EN_GATE/X (sky130_fd_sc_hd__or2b_1)
     3    0.02                           cby_0__8_.grid_io_left_left_0__1_.logical_tile_io_mode_io__0.gfpga_pad_io_soc_dir (net)
                  0.18    0.00    1.04 ^ cby_0__8_.grid_io_left_left_0__1_.logical_tile_io_mode_io__0.logical_tile_io_mode_physical__iopad_0.io_0_.OUT_PROTECT_GATE/TE_B (sky130_fd_sc_hd__ebufn_1)
                  0.00    0.02    1.06 v cby_0__8_.grid_io_left_left_0__1_.logical_tile_io_mode_io__0.logical_tile_io_mode_physical__iopad_0.io_0_.OUT_PROTECT_GATE/Z (sky130_fd_sc_hd__ebufn_1)
     1    0.01                           cby_0__8_.grid_io_left_left_0__1_.logical_tile_io_mode_io__0.gfpga_pad_io_soc_out (net)
                  0.00    0.00    1.06 v _171_/A (sky130_fd_sc_hd__clkbuf_2)
                  0.05    0.10    1.17 v _171_/X (sky130_fd_sc_hd__clkbuf_2)
     1    0.01                           net150 (net)
                  0.05    0.00    1.17 v output150/A (sky130_fd_sc_hd__buf_12)
                  0.07    0.16    1.33 v output150/X (sky130_fd_sc_hd__buf_12)
     1    0.12                           gfpga_pad_io_soc_out[3] (net)
                  0.07    0.00    1.33 v gfpga_pad_io_soc_out[3] (out)
                                  1.33   data arrival time

                  0.00    0.00    0.00   clock clk0 (rise edge)
                          0.00    0.00   clock network delay (ideal)
                          0.10    0.10   clock uncertainty
                          0.00    0.10   clock reconvergence pessimism
                         -3.00   -2.90   output external delay
                                 -2.90   data required time
-----------------------------------------------------------------------------
                                 -2.90   data required time
                                 -1.33   data arrival time
-----------------------------------------------------------------------------
                                  4.23   slack (MET)


Startpoint: sb_0__8_.mem_bottom_track_31.sky130_fd_sc_hd__dfrtp_1_0_
            (rising edge-triggered flip-flop clocked by prog_clk)
Endpoint: sb_0__8_.mem_bottom_track_31.sky130_fd_sc_hd__dfrtp_1_1_
          (rising edge-triggered flip-flop clocked by prog_clk)
Path Group: prog_clk
Path Type: min

Fanout     Cap    Slew   Delay    Time   Description
-----------------------------------------------------------------------------
                          0.00    0.00   clock prog_clk (rise edge)
                          0.00    0.00   clock source latency
                  0.50    0.00    0.00 ^ prog_clk (in)
     1    0.04                           prog_clk (net)
                  0.51    0.00    0.00 ^ clkbuf_0_prog_clk/A (sky130_fd_sc_hd__clkbuf_16)
                  0.14    0.30    0.30 ^ clkbuf_0_prog_clk/X (sky130_fd_sc_hd__clkbuf_16)
    16    0.12                           clknet_0_prog_clk (net)
                  0.14    0.00    0.31 ^ clkbuf_4_11_0_prog_clk/A (sky130_fd_sc_hd__clkbuf_8)
                  0.04    0.14    0.45 ^ clkbuf_4_11_0_prog_clk/X (sky130_fd_sc_hd__clkbuf_8)
     4    0.01                           clknet_4_11_0_prog_clk (net)
                  0.04    0.00    0.45 ^ sb_0__8_.mem_bottom_track_31.sky130_fd_sc_hd__dfrtp_1_0_/CLK (sky130_fd_sc_hd__dfrtp_1)
                  0.08    0.33    0.78 ^ sb_0__8_.mem_bottom_track_31.sky130_fd_sc_hd__dfrtp_1_0_/Q (sky130_fd_sc_hd__dfrtp_1)
     2    0.01                           sb_0__8_.mem_bottom_track_31.mem_out[0] (net)
                  0.08    0.00    0.78 ^ sb_0__8_.mem_bottom_track_31.sky130_fd_sc_hd__dfrtp_1_1_/D (sky130_fd_sc_hd__dfrtp_1)
                                  0.78   data arrival time

                          0.00    0.00   clock prog_clk (rise edge)
                          0.00    0.00   clock source latency
                  0.50    0.00    0.00 ^ prog_clk (in)
     1    0.04                           prog_clk (net)
                  0.51    0.00    0.00 ^ clkbuf_0_prog_clk/A (sky130_fd_sc_hd__clkbuf_16)
                  0.14    0.33    0.34 ^ clkbuf_0_prog_clk/X (sky130_fd_sc_hd__clkbuf_16)
    16    0.12                           clknet_0_prog_clk (net)
                  0.14    0.00    0.34 ^ clkbuf_4_14_0_prog_clk/A (sky130_fd_sc_hd__clkbuf_8)
                  0.05    0.17    0.51 ^ clkbuf_4_14_0_prog_clk/X (sky130_fd_sc_hd__clkbuf_8)
     6    0.02                           clknet_4_14_0_prog_clk (net)
                  0.05    0.00    0.51 ^ sb_0__8_.mem_bottom_track_31.sky130_fd_sc_hd__dfrtp_1_1_/CLK (sky130_fd_sc_hd__dfrtp_1)
                          0.10    0.61   clock uncertainty
                         -0.03    0.58   clock reconvergence pessimism
                         -0.04    0.54   library hold time
                                  0.54   data required time
-----------------------------------------------------------------------------
                                  0.54   data required time
                                 -0.78   data arrival time
-----------------------------------------------------------------------------
                                  0.24   slack (MET)


Startpoint: sb_0__8_.mem_right_track_22.sky130_fd_sc_hd__dfrtp_1_0_
            (rising edge-triggered flip-flop clocked by prog_clk)
Endpoint: sb_0__8_.mem_right_track_22.sky130_fd_sc_hd__dfrtp_1_1_
          (rising edge-triggered flip-flop clocked by prog_clk)
Path Group: prog_clk
Path Type: min

Fanout     Cap    Slew   Delay    Time   Description
-----------------------------------------------------------------------------
                          0.00    0.00   clock prog_clk (rise edge)
                          0.00    0.00   clock source latency
                  0.50    0.00    0.00 ^ prog_clk (in)
     1    0.04                           prog_clk (net)
                  0.51    0.00    0.00 ^ clkbuf_0_prog_clk/A (sky130_fd_sc_hd__clkbuf_16)
                  0.14    0.30    0.30 ^ clkbuf_0_prog_clk/X (sky130_fd_sc_hd__clkbuf_16)
    16    0.12                           clknet_0_prog_clk (net)
                  0.14    0.01    0.31 ^ clkbuf_4_1_0_prog_clk/A (sky130_fd_sc_hd__clkbuf_8)
                  0.06    0.16    0.47 ^ clkbuf_4_1_0_prog_clk/X (sky130_fd_sc_hd__clkbuf_8)
     7    0.03                           clknet_4_1_0_prog_clk (net)
                  0.06    0.00    0.47 ^ sb_0__8_.mem_right_track_22.sky130_fd_sc_hd__dfrtp_1_0_/CLK (sky130_fd_sc_hd__dfrtp_1)
                  0.09    0.35    0.82 ^ sb_0__8_.mem_right_track_22.sky130_fd_sc_hd__dfrtp_1_0_/Q (sky130_fd_sc_hd__dfrtp_1)
     2    0.01                           sb_0__8_.mem_right_track_22.mem_out[0] (net)
                  0.09    0.00    0.82 ^ sb_0__8_.mem_right_track_22.sky130_fd_sc_hd__dfrtp_1_1_/D (sky130_fd_sc_hd__dfrtp_1)
                                  0.82   data arrival time

                          0.00    0.00   clock prog_clk (rise edge)
                          0.00    0.00   clock source latency
                  0.50    0.00    0.00 ^ prog_clk (in)
     1    0.04                           prog_clk (net)
                  0.51    0.00    0.00 ^ clkbuf_0_prog_clk/A (sky130_fd_sc_hd__clkbuf_16)
                  0.14    0.33    0.34 ^ clkbuf_0_prog_clk/X (sky130_fd_sc_hd__clkbuf_16)
    16    0.12                           clknet_0_prog_clk (net)
                  0.14    0.01    0.34 ^ clkbuf_4_0_0_prog_clk/A (sky130_fd_sc_hd__clkbuf_8)
                  0.08    0.20    0.54 ^ clkbuf_4_0_0_prog_clk/X (sky130_fd_sc_hd__clkbuf_8)
     8    0.04                           clknet_4_0_0_prog_clk (net)
                  0.08    0.00    0.54 ^ sb_0__8_.mem_right_track_22.sky130_fd_sc_hd__dfrtp_1_1_/CLK (sky130_fd_sc_hd__dfrtp_1)
                          0.10    0.64   clock uncertainty
                         -0.03    0.61   clock reconvergence pessimism
                         -0.04    0.57   library hold time
                                  0.57   data required time
-----------------------------------------------------------------------------
                                  0.57   data required time
                                 -0.82   data arrival time
-----------------------------------------------------------------------------
                                  0.25   slack (MET)


Startpoint: sb_0__8_.mem_right_track_38.sky130_fd_sc_hd__dfrtp_1_1_
            (rising edge-triggered flip-flop clocked by prog_clk)
Endpoint: sb_0__8_.mem_right_track_40.sky130_fd_sc_hd__dfrtp_1_0_
          (rising edge-triggered flip-flop clocked by prog_clk)
Path Group: prog_clk
Path Type: min

Fanout     Cap    Slew   Delay    Time   Description
-----------------------------------------------------------------------------
                          0.00    0.00   clock prog_clk (rise edge)
                          0.00    0.00   clock source latency
                  0.50    0.00    0.00 ^ prog_clk (in)
     1    0.04                           prog_clk (net)
                  0.51    0.00    0.00 ^ clkbuf_0_prog_clk/A (sky130_fd_sc_hd__clkbuf_16)
                  0.14    0.30    0.30 ^ clkbuf_0_prog_clk/X (sky130_fd_sc_hd__clkbuf_16)
    16    0.12                           clknet_0_prog_clk (net)
                  0.14    0.01    0.31 ^ clkbuf_4_4_0_prog_clk/A (sky130_fd_sc_hd__clkbuf_8)
                  0.06    0.16    0.47 ^ clkbuf_4_4_0_prog_clk/X (sky130_fd_sc_hd__clkbuf_8)
     7    0.03                           clknet_4_4_0_prog_clk (net)
                  0.06    0.00    0.47 ^ sb_0__8_.mem_right_track_38.sky130_fd_sc_hd__dfrtp_1_1_/CLK (sky130_fd_sc_hd__dfrtp_1)
                  0.09    0.34    0.81 ^ sb_0__8_.mem_right_track_38.sky130_fd_sc_hd__dfrtp_1_1_/Q (sky130_fd_sc_hd__dfrtp_1)
     2    0.01                           sb_0__8_.mem_right_track_38.ccff_tail (net)
                  0.09    0.00    0.81 ^ sb_0__8_.mem_right_track_40.sky130_fd_sc_hd__dfrtp_1_0_/D (sky130_fd_sc_hd__dfrtp_1)
                                  0.81   data arrival time

                          0.00    0.00   clock prog_clk (rise edge)
                          0.00    0.00   clock source latency
                  0.50    0.00    0.00 ^ prog_clk (in)
     1    0.04                           prog_clk (net)
                  0.51    0.00    0.00 ^ clkbuf_0_prog_clk/A (sky130_fd_sc_hd__clkbuf_16)
                  0.14    0.33    0.34 ^ clkbuf_0_prog_clk/X (sky130_fd_sc_hd__clkbuf_16)
    16    0.12                           clknet_0_prog_clk (net)
                  0.14    0.01    0.34 ^ clkbuf_4_5_0_prog_clk/A (sky130_fd_sc_hd__clkbuf_8)
                  0.07    0.19    0.53 ^ clkbuf_4_5_0_prog_clk/X (sky130_fd_sc_hd__clkbuf_8)
     9    0.03                           clknet_4_5_0_prog_clk (net)
                  0.07    0.00    0.53 ^ sb_0__8_.mem_right_track_40.sky130_fd_sc_hd__dfrtp_1_0_/CLK (sky130_fd_sc_hd__dfrtp_1)
                          0.10    0.63   clock uncertainty
                         -0.03    0.60   clock reconvergence pessimism
                         -0.04    0.56   library hold time
                                  0.56   data required time
-----------------------------------------------------------------------------
                                  0.56   data required time
                                 -0.81   data arrival time
-----------------------------------------------------------------------------
                                  0.25   slack (MET)


Startpoint: sb_0__8_.mem_right_track_40.sky130_fd_sc_hd__dfrtp_1_1_
            (rising edge-triggered flip-flop clocked by prog_clk)
Endpoint: sb_0__8_.mem_right_track_42.sky130_fd_sc_hd__dfrtp_1_0_
          (rising edge-triggered flip-flop clocked by prog_clk)
Path Group: prog_clk
Path Type: min

Fanout     Cap    Slew   Delay    Time   Description
-----------------------------------------------------------------------------
                          0.00    0.00   clock prog_clk (rise edge)
                          0.00    0.00   clock source latency
                  0.50    0.00    0.00 ^ prog_clk (in)
     1    0.04                           prog_clk (net)
                  0.51    0.00    0.00 ^ clkbuf_0_prog_clk/A (sky130_fd_sc_hd__clkbuf_16)
                  0.14    0.30    0.30 ^ clkbuf_0_prog_clk/X (sky130_fd_sc_hd__clkbuf_16)
    16    0.12                           clknet_0_prog_clk (net)
                  0.14    0.01    0.31 ^ clkbuf_4_4_0_prog_clk/A (sky130_fd_sc_hd__clkbuf_8)
                  0.06    0.16    0.47 ^ clkbuf_4_4_0_prog_clk/X (sky130_fd_sc_hd__clkbuf_8)
     7    0.03                           clknet_4_4_0_prog_clk (net)
                  0.06    0.00    0.47 ^ sb_0__8_.mem_right_track_40.sky130_fd_sc_hd__dfrtp_1_1_/CLK (sky130_fd_sc_hd__dfrtp_1)
                  0.09    0.34    0.81 ^ sb_0__8_.mem_right_track_40.sky130_fd_sc_hd__dfrtp_1_1_/Q (sky130_fd_sc_hd__dfrtp_1)
     2    0.01                           sb_0__8_.mem_right_track_40.ccff_tail (net)
                  0.09    0.00    0.81 ^ sb_0__8_.mem_right_track_42.sky130_fd_sc_hd__dfrtp_1_0_/D (sky130_fd_sc_hd__dfrtp_1)
                                  0.81   data arrival time

                          0.00    0.00   clock prog_clk (rise edge)
                          0.00    0.00   clock source latency
                  0.50    0.00    0.00 ^ prog_clk (in)
     1    0.04                           prog_clk (net)
                  0.51    0.00    0.00 ^ clkbuf_0_prog_clk/A (sky130_fd_sc_hd__clkbuf_16)
                  0.14    0.33    0.34 ^ clkbuf_0_prog_clk/X (sky130_fd_sc_hd__clkbuf_16)
    16    0.12                           clknet_0_prog_clk (net)
                  0.14    0.01    0.34 ^ clkbuf_4_5_0_prog_clk/A (sky130_fd_sc_hd__clkbuf_8)
                  0.07    0.19    0.53 ^ clkbuf_4_5_0_prog_clk/X (sky130_fd_sc_hd__clkbuf_8)
     9    0.03                           clknet_4_5_0_prog_clk (net)
                  0.07    0.00    0.53 ^ sb_0__8_.mem_right_track_42.sky130_fd_sc_hd__dfrtp_1_0_/CLK (sky130_fd_sc_hd__dfrtp_1)
                          0.10    0.63   clock uncertainty
                         -0.03    0.60   clock reconvergence pessimism
                         -0.04    0.56   library hold time
                                  0.56   data required time
-----------------------------------------------------------------------------
                                  0.56   data required time
                                 -0.81   data arrival time
-----------------------------------------------------------------------------
                                  0.26   slack (MET)


Startpoint: sb_0__8_.mem_right_track_4.sky130_fd_sc_hd__dfrtp_1_2_
            (rising edge-triggered flip-flop clocked by prog_clk)
Endpoint: sb_0__8_.mem_right_track_6.sky130_fd_sc_hd__dfrtp_1_0_
          (rising edge-triggered flip-flop clocked by prog_clk)
Path Group: prog_clk
Path Type: min

Fanout     Cap    Slew   Delay    Time   Description
-----------------------------------------------------------------------------
                          0.00    0.00   clock prog_clk (rise edge)
                          0.00    0.00   clock source latency
                  0.50    0.00    0.00 ^ prog_clk (in)
     1    0.04                           prog_clk (net)
                  0.51    0.00    0.00 ^ clkbuf_0_prog_clk/A (sky130_fd_sc_hd__clkbuf_16)
                  0.14    0.30    0.30 ^ clkbuf_0_prog_clk/X (sky130_fd_sc_hd__clkbuf_16)
    16    0.12                           clknet_0_prog_clk (net)
                  0.14    0.00    0.31 ^ clkbuf_4_8_0_prog_clk/A (sky130_fd_sc_hd__clkbuf_8)
                  0.06    0.16    0.47 ^ clkbuf_4_8_0_prog_clk/X (sky130_fd_sc_hd__clkbuf_8)
     8    0.03                           clknet_4_8_0_prog_clk (net)
                  0.06    0.00    0.47 ^ sb_0__8_.mem_right_track_4.sky130_fd_sc_hd__dfrtp_1_2_/CLK (sky130_fd_sc_hd__dfrtp_1)
                  0.09    0.34    0.81 ^ sb_0__8_.mem_right_track_4.sky130_fd_sc_hd__dfrtp_1_2_/Q (sky130_fd_sc_hd__dfrtp_1)
     2    0.01                           sb_0__8_.mem_right_track_4.ccff_tail (net)
                  0.09    0.00    0.81 ^ sb_0__8_.mem_right_track_6.sky130_fd_sc_hd__dfrtp_1_0_/D (sky130_fd_sc_hd__dfrtp_1)
                                  0.81   data arrival time

                          0.00    0.00   clock prog_clk (rise edge)
                          0.00    0.00   clock source latency
                  0.50    0.00    0.00 ^ prog_clk (in)
     1    0.04                           prog_clk (net)
                  0.51    0.00    0.00 ^ clkbuf_0_prog_clk/A (sky130_fd_sc_hd__clkbuf_16)
                  0.14    0.33    0.34 ^ clkbuf_0_prog_clk/X (sky130_fd_sc_hd__clkbuf_16)
    16    0.12                           clknet_0_prog_clk (net)
                  0.14    0.00    0.34 ^ clkbuf_4_10_0_prog_clk/A (sky130_fd_sc_hd__clkbuf_8)
                  0.07    0.19    0.53 ^ clkbuf_4_10_0_prog_clk/X (sky130_fd_sc_hd__clkbuf_8)
     6    0.04                           clknet_4_10_0_prog_clk (net)
                  0.07    0.00    0.53 ^ sb_0__8_.mem_right_track_6.sky130_fd_sc_hd__dfrtp_1_0_/CLK (sky130_fd_sc_hd__dfrtp_1)
                          0.10    0.63   clock uncertainty
                         -0.03    0.60   clock reconvergence pessimism
                         -0.04    0.56   library hold time
                                  0.56   data required time
-----------------------------------------------------------------------------
                                  0.56   data required time
                                 -0.81   data arrival time
-----------------------------------------------------------------------------
                                  0.26   slack (MET)


