Instance name,  X location,  Y location,  Voltage 
FILLER_94_233, 115.52, 269.28, 1.8
FILLER_95_231, 115.52, 269.28, 1.8
FILLER_95_244, 115.52, 269.28, 1.8
input76, 115.52, 269.28, 1.8
input78, 115.52, 269.28, 1.8
input79, 115.52, 269.28, 1.8
FILLER_94_242, 115.52, 263.84, 1.8
input74, 115.52, 263.84, 1.8
FILLER_92_245, 115.52, 258.4, 1.8
FILLER_90_245, 115.52, 252.96, 1.8
FILLER_88_245, 115.52, 247.52, 1.8
FILLER_86_245, 115.52, 242.08, 1.8
FILLER_84_245, 115.52, 236.64, 1.8
FILLER_82_245, 115.52, 231.2, 1.8
FILLER_80_245, 115.52, 225.76, 1.8
FILLER_78_245, 115.52, 220.32, 1.8
FILLER_76_242, 115.52, 214.88, 1.8
FILLER_74_245, 115.52, 209.44, 1.8
FILLER_72_245, 115.52, 204, 1.8
FILLER_70_245, 115.52, 198.56, 1.8
FILLER_68_245, 115.52, 193.12, 1.8
FILLER_66_245, 115.52, 187.68, 1.8
FILLER_64_245, 115.52, 182.24, 1.8
FILLER_62_245, 115.52, 176.8, 1.8
sb_0__8_.mux_bottom_track_45.mux_l1_in_0_, 115.52, 176.8, 1.8
sb_0__8_.mux_bottom_track_47.mux_l1_in_0_, 115.52, 176.8, 1.8
FILLER_60_244, 115.52, 171.36, 1.8
FILLER_58_243, 115.52, 165.92, 1.8
sb_0__8_.mem_bottom_track_45.sky130_fd_sc_hd__dfrtp_1_0_, 115.52, 165.92, 1.8
sb_0__8_.mem_bottom_track_45.sky130_fd_sc_hd__dfrtp_1_1_, 115.52, 165.92, 1.8
FILLER_54_232, 115.52, 160.48, 1.8
FILLER_55_239, 115.52, 160.48, 1.8
clkbuf_4_15_0_prog_clk, 115.52, 160.48, 1.8
sb_0__8_.mem_bottom_track_35.sky130_fd_sc_hd__dfrtp_1_1_, 115.52, 160.48, 1.8
sb_0__8_.mux_bottom_track_33.mux_l1_in_0_, 115.52, 160.48, 1.8
sb_0__8_.mem_bottom_track_33.sky130_fd_sc_hd__dfrtp_1_1_, 115.52, 155.04, 1.8
FILLER_51_236, 115.52, 149.6, 1.8
FILLER_52_244, 115.52, 149.6, 1.8
sb_0__8_.mem_bottom_track_35.sky130_fd_sc_hd__dfrtp_1_0_, 115.52, 149.6, 1.8
sb_0__8_.mux_bottom_track_45.mux_l2_in_0_, 115.52, 149.6, 1.8
FILLER_48_231, 115.52, 144.16, 1.8
FILLER_49_240, 115.52, 144.16, 1.8
FILLER_50_245, 115.52, 144.16, 1.8
clkbuf_4_13_0_prog_clk, 115.52, 144.16, 1.8
sb_0__8_.mux_bottom_track_35.mux_l2_in_0_, 115.52, 144.16, 1.8
sb_0__8_.mux_bottom_track_51.mux_l1_in_0_, 115.52, 144.16, 1.8
FILLER_46_238, 115.52, 138.72, 1.8
sb_0__8_.mem_bottom_track_15.sky130_fd_sc_hd__dfrtp_1_0_, 115.52, 138.72, 1.8
sb_0__8_.mux_bottom_track_15.mux_l1_in_0_, 115.52, 138.72, 1.8
FILLER_44_230, 115.52, 133.28, 1.8
FILLER_45_237, 115.52, 133.28, 1.8
FILLER_46_245, 115.52, 133.28, 1.8
input3, 115.52, 133.28, 1.8
sb_0__8_.mem_bottom_track_13.sky130_fd_sc_hd__dfrtp_1_1_, 115.52, 133.28, 1.8
sb_0__8_.mux_bottom_track_33.mux_l2_in_0__155, 115.52, 133.28, 1.8
sb_0__8_.mux_bottom_track_9.mux_l1_in_0_, 115.52, 133.28, 1.8
FILLER_43_236, 115.52, 127.84, 1.8
FILLER_44_243, 115.52, 127.84, 1.8
output104, 115.52, 127.84, 1.8
sb_0__8_.mem_bottom_track_13.sky130_fd_sc_hd__dfrtp_1_0_, 115.52, 127.84, 1.8
sb_0__8_.mux_bottom_track_7.mux_l1_in_0_, 115.52, 127.84, 1.8
FILLER_41_237, 115.52, 122.4, 1.8
sb_0__8_.mem_bottom_track_11.sky130_fd_sc_hd__dfrtp_1_1_, 115.52, 122.4, 1.8
sb_0__8_.mem_bottom_track_9.sky130_fd_sc_hd__dfrtp_1_1_, 115.52, 122.4, 1.8
sb_0__8_.mux_bottom_track_13.mux_l2_in_0_, 115.52, 122.4, 1.8
FILLER_38_226, 115.52, 116.96, 1.8
FILLER_39_232, 115.52, 116.96, 1.8
FILLER_40_246, 115.52, 116.96, 1.8
_131_, 115.52, 116.96, 1.8
output102, 115.52, 116.96, 1.8
sb_0__8_.mem_bottom_track_11.sky130_fd_sc_hd__dfrtp_1_0_, 115.52, 116.96, 1.8
FILLER_37_244, 115.52, 111.52, 1.8
output101, 115.52, 111.52, 1.8
FILLER_34_230, 115.52, 106.08, 1.8
FILLER_35_236, 115.52, 106.08, 1.8
FILLER_36_242, 115.52, 106.08, 1.8
_130_, 115.52, 106.08, 1.8
output100, 115.52, 106.08, 1.8
sb_0__8_.mem_bottom_track_5.sky130_fd_sc_hd__dfrtp_1_1_, 115.52, 106.08, 1.8
sb_0__8_.mux_bottom_track_9.mux_l2_in_0_, 115.52, 106.08, 1.8
sb_0__8_.mux_bottom_track_9.mux_l2_in_0__163, 115.52, 106.08, 1.8
FILLER_33_231, 115.52, 100.64, 1.8
FILLER_33_238, 115.52, 100.64, 1.8
_126_, 115.52, 100.64, 1.8
_128_, 115.52, 100.64, 1.8
sb_0__8_.mem_bottom_track_3.sky130_fd_sc_hd__dfrtp_1_0_, 115.52, 100.64, 1.8
sb_0__8_.mem_bottom_track_5.sky130_fd_sc_hd__dfrtp_1_0_, 115.52, 100.64, 1.8
FILLER_30_226, 115.52, 95.2, 1.8
FILLER_31_238, 115.52, 95.2, 1.8
output97, 115.52, 95.2, 1.8
sb_0__8_.mem_bottom_track_3.sky130_fd_sc_hd__dfrtp_1_1_, 115.52, 95.2, 1.8
sb_0__8_.mux_bottom_track_5.mux_l2_in_0_, 115.52, 95.2, 1.8
FILLER_28_230, 115.52, 89.76, 1.8
FILLER_29_237, 115.52, 89.76, 1.8
_152_, 115.52, 89.76, 1.8
_153_, 115.52, 89.76, 1.8
output95, 115.52, 89.76, 1.8
sb_0__8_.mem_bottom_track_51.sky130_fd_sc_hd__dfrtp_1_1_, 115.52, 89.76, 1.8
FILLER_27_244, 115.52, 84.32, 1.8
output92, 115.52, 84.32, 1.8
output93, 115.52, 84.32, 1.8
FILLER_24_226, 115.52, 78.88, 1.8
sb_0__8_.mem_right_track_46.sky130_fd_sc_hd__dfrtp_1_1_, 115.52, 78.88, 1.8
sb_0__8_.mem_right_track_48.sky130_fd_sc_hd__dfrtp_1_0_, 115.52, 78.88, 1.8
FILLER_23_245, 115.52, 73.44, 1.8
_123_, 115.52, 73.44, 1.8
sb_0__8_.mem_right_track_48.sky130_fd_sc_hd__dfrtp_1_1_, 115.52, 73.44, 1.8
FILLER_20_230, 115.52, 68, 1.8
FILLER_21_244, 115.52, 68, 1.8
output88, 115.52, 68, 1.8
output89, 115.52, 68, 1.8
sb_0__8_.mux_right_track_46.mux_l1_in_1__185, 115.52, 68, 1.8
FILLER_18_229, 115.52, 62.56, 1.8
FILLER_19_230, 115.52, 62.56, 1.8
_121_, 115.52, 62.56, 1.8
output87, 115.52, 62.56, 1.8
sb_0__8_.mem_right_track_50.sky130_fd_sc_hd__dfrtp_1_0_, 115.52, 62.56, 1.8
FILLER_16_231, 115.52, 57.12, 1.8
FILLER_16_238, 115.52, 57.12, 1.8
FILLER_17_232, 115.52, 57.12, 1.8
_122_, 115.52, 57.12, 1.8
sb_0__8_.mem_right_track_50.sky130_fd_sc_hd__dfrtp_1_1_, 115.52, 57.12, 1.8
sb_0__8_.mux_bottom_track_3.sky130_fd_sc_hd__buf_4_0_, 115.52, 57.12, 1.8
sb_0__8_.mux_right_track_44.sky130_fd_sc_hd__buf_4_0_, 115.52, 57.12, 1.8
FILLER_15_230, 115.52, 51.68, 1.8
FILLER_15_244, 115.52, 51.68, 1.8
FILLER_16_245, 115.52, 51.68, 1.8
sb_0__8_.mem_right_track_52.sky130_fd_sc_hd__dfrtp_1_0_, 115.52, 51.68, 1.8
sb_0__8_.mux_right_track_40.sky130_fd_sc_hd__buf_4_0_, 115.52, 51.68, 1.8
sb_0__8_.mux_right_track_42.mux_l2_in_0__183, 115.52, 51.68, 1.8
sb_0__8_.mux_right_track_50.mux_l2_in_0_, 115.52, 51.68, 1.8
FILLER_12_230, 115.52, 46.24, 1.8
FILLER_13_244, 115.52, 46.24, 1.8
output112, 115.52, 46.24, 1.8
output134, 115.52, 46.24, 1.8
FILLER_10_226, 115.52, 40.8, 1.8
FILLER_11_244, 115.52, 40.8, 1.8
output131, 115.52, 40.8, 1.8
sb_0__8_.mem_right_track_52.sky130_fd_sc_hd__dfrtp_1_1_, 115.52, 40.8, 1.8
FILLER_9_244, 115.52, 35.36, 1.8
output108, 115.52, 35.36, 1.8
sb_0__8_.mem_right_track_54.sky130_fd_sc_hd__dfrtp_1_0_, 115.52, 35.36, 1.8
FILLER_7_243, 115.52, 29.92, 1.8
output128, 115.52, 29.92, 1.8
output129, 115.52, 29.92, 1.8
FILLER_4_235, 115.52, 24.48, 1.8
FILLER_5_243, 115.52, 24.48, 1.8
FILLER_6_245, 115.52, 24.48, 1.8
_163_, 115.52, 24.48, 1.8
output126, 115.52, 24.48, 1.8
FILLER_2_235, 115.52, 19.04, 1.8
FILLER_3_243, 115.52, 19.04, 1.8
FILLER_4_243, 115.52, 19.04, 1.8
output123, 115.52, 19.04, 1.8
FILLER_0_243, 115.52, 13.6, 1.8
FILLER_1_231, 115.52, 13.6, 1.8
FILLER_1_238, 115.52, 13.6, 1.8
_114_, 115.52, 13.6, 1.8
_161_, 115.52, 13.6, 1.8
input68, 115.52, 13.6, 1.8
output119, 115.52, 13.6, 1.8
sb_0__8_.mux_right_track_56.sky130_fd_sc_hd__buf_4_0_, 115.52, 13.6, 1.8
FILLER_95_136, 65.52, 269.28, 1.8
input63, 65.52, 269.28, 1.8
output150, 65.52, 269.28, 1.8
FILLER_94_133, 65.52, 263.84, 1.8
FILLER_92_133, 65.52, 258.4, 1.8
FILLER_88_130, 65.52, 252.96, 1.8
FILLER_82_129, 65.52, 236.64, 1.8
FILLER_80_121, 65.52, 231.2, 1.8
FILLER_80_127, 65.52, 231.2, 1.8
FILLER_81_141, 65.52, 231.2, 1.8
FILLER_82_137, 65.52, 231.2, 1.8
cby_0__8_.grid_io_left_left_0__1_.logical_tile_io_mode_io__1.logical_tile_io_mode_physical__iopad_0.io_0_.INV_SOC_DIR, 65.52, 231.2, 1.8
cby_0__8_.grid_io_left_left_0__1_.logical_tile_io_mode_io__2.logical_tile_io_mode_physical__iopad_0.io_0_.IN_PROTECT_GATE, 65.52, 231.2, 1.8
cby_0__8_.grid_io_left_left_0__1_.logical_tile_io_mode_io__3.logical_tile_io_mode_physical__iopad_0.io_0_.IN_PROTECT_GATE, 65.52, 231.2, 1.8
FILLER_80_135, 65.52, 225.76, 1.8
cby_0__8_.grid_io_left_left_0__1_.logical_tile_io_mode_io__0.logical_tile_io_mode_physical__iopad_0.io_0_.INV_SOC_DIR, 65.52, 225.76, 1.8
FILLER_78_131, 65.52, 220.32, 1.8
FILLER_76_133, 65.52, 214.88, 1.8
FILLER_72_130, 65.52, 209.44, 1.8
FILLER_74_136, 65.52, 209.44, 1.8
FILLER_70_133, 65.52, 198.56, 1.8
FILLER_68_133, 65.52, 193.12, 1.8
FILLER_66_133, 65.52, 187.68, 1.8
FILLER_64_133, 65.52, 182.24, 1.8
FILLER_62_133, 65.52, 176.8, 1.8
FILLER_60_133, 65.52, 171.36, 1.8
FILLER_58_141, 65.52, 165.92, 1.8
FILLER_56_133, 65.52, 160.48, 1.8
FILLER_53_125, 65.52, 155.04, 1.8
FILLER_54_133, 65.52, 155.04, 1.8
sb_0__8_.mem_right_track_0.sky130_fd_sc_hd__dfrtp_1_1_, 65.52, 155.04, 1.8
FILLER_50_129, 65.52, 149.6, 1.8
FILLER_51_135, 65.52, 149.6, 1.8
clkbuf_4_8_0_prog_clk, 65.52, 149.6, 1.8
clkbuf_4_9_0_prog_clk, 65.52, 149.6, 1.8
FILLER_49_125, 65.52, 144.16, 1.8
FILLER_50_137, 65.52, 144.16, 1.8
sb_0__8_.mem_right_track_6.sky130_fd_sc_hd__dfrtp_1_0_, 65.52, 144.16, 1.8
FILLER_46_122, 65.52, 138.72, 1.8
FILLER_47_125, 65.52, 138.72, 1.8
FILLER_47_133, 65.52, 138.72, 1.8
FILLER_48_132, 65.52, 138.72, 1.8
FILLER_48_141, 65.52, 138.72, 1.8
sb_0__8_.mux_right_track_0.mux_l2_in_0_, 65.52, 138.72, 1.8
sb_0__8_.mux_right_track_2.mux_l2_in_0_, 65.52, 138.72, 1.8
FILLER_45_125, 65.52, 133.28, 1.8
sb_0__8_.mem_right_track_6.sky130_fd_sc_hd__dfrtp_1_1_, 65.52, 133.28, 1.8
FILLER_43_128, 65.52, 127.84, 1.8
FILLER_43_144, 65.52, 127.84, 1.8
FILLER_44_133, 65.52, 127.84, 1.8
sb_0__8_.mem_right_track_6.sky130_fd_sc_hd__dfrtp_1_2_, 65.52, 127.84, 1.8
sb_0__8_.mux_right_track_10.mux_l1_in_1_, 65.52, 127.84, 1.8
sb_0__8_.mux_right_track_2.mux_l3_in_0_, 65.52, 127.84, 1.8
sb_0__8_.mux_right_track_4.mux_l3_in_0_, 65.52, 127.84, 1.8
FILLER_41_124, 65.52, 122.4, 1.8
sb_0__8_.mem_right_track_8.sky130_fd_sc_hd__dfrtp_1_0_, 65.52, 122.4, 1.8
sb_0__8_.mux_right_track_10.mux_l1_in_0_, 65.52, 122.4, 1.8
FILLER_38_119, 65.52, 116.96, 1.8
FILLER_39_125, 65.52, 116.96, 1.8
FILLER_39_141, 65.52, 116.96, 1.8
sb_0__8_.mux_right_track_12.mux_l1_in_0_, 65.52, 116.96, 1.8
sb_0__8_.mux_right_track_8.mux_l2_in_0_, 65.52, 116.96, 1.8
FILLER_38_141, 65.52, 111.52, 1.8
sb_0__8_.mem_right_track_14.sky130_fd_sc_hd__dfrtp_1_1_, 65.52, 111.52, 1.8
sb_0__8_.mux_right_track_8.mux_l3_in_0_, 65.52, 111.52, 1.8
FILLER_36_141, 65.52, 106.08, 1.8
sb_0__8_.mem_right_track_16.sky130_fd_sc_hd__dfrtp_1_0_, 65.52, 106.08, 1.8
FILLER_34_136, 65.52, 100.64, 1.8
sb_0__8_.mem_right_track_16.sky130_fd_sc_hd__dfrtp_1_1_, 65.52, 100.64, 1.8
FILLER_30_122, 65.52, 95.2, 1.8
FILLER_30_129, 65.52, 95.2, 1.8
FILLER_31_118, 65.52, 95.2, 1.8
FILLER_31_143, 65.52, 95.2, 1.8
FILLER_32_132, 65.52, 95.2, 1.8
sb_0__8_.mem_right_track_18.sky130_fd_sc_hd__dfrtp_1_0_, 65.52, 95.2, 1.8
sb_0__8_.mem_right_track_28.sky130_fd_sc_hd__dfrtp_1_1_, 65.52, 95.2, 1.8
sb_0__8_.mux_right_track_14.mux_l1_in_1__167, 65.52, 95.2, 1.8
ANTENNA_2, 65.52, 89.76, 1.8
FILLER_28_117, 65.52, 89.76, 1.8
FILLER_29_125, 65.52, 89.76, 1.8
FILLER_29_133, 65.52, 89.76, 1.8
FILLER_30_137, 65.52, 89.76, 1.8
cby_0__8_.cby_0__1_.mux_right_ipin_3.mux_l1_in_4_, 65.52, 89.76, 1.8
clkbuf_4_3_0_prog_clk, 65.52, 89.76, 1.8
FILLER_27_136, 65.52, 84.32, 1.8
FILLER_28_137, 65.52, 84.32, 1.8
sb_0__8_.mux_right_track_14.mux_l1_in_1_, 65.52, 84.32, 1.8
sb_0__8_.mux_right_track_16.mux_l1_in_1_, 65.52, 84.32, 1.8
sb_0__8_.mux_right_track_16.mux_l1_in_1__168, 65.52, 84.32, 1.8
FILLER_25_129, 65.52, 78.88, 1.8
FILLER_25_142, 65.52, 78.88, 1.8
FILLER_26_136, 65.52, 78.88, 1.8
FILLER_26_141, 65.52, 78.88, 1.8
cby_0__8_.cby_0__1_.mux_right_ipin_2.mux_l1_in_4_, 65.52, 78.88, 1.8
cby_0__8_.cby_0__1_.mux_right_ipin_3.mux_l2_in_0_, 65.52, 78.88, 1.8
ANTENNA_4, 65.52, 73.44, 1.8
FILLER_22_119, 65.52, 73.44, 1.8
FILLER_22_125, 65.52, 73.44, 1.8
FILLER_23_125, 65.52, 73.44, 1.8
FILLER_23_133, 65.52, 73.44, 1.8
FILLER_24_136, 65.52, 73.44, 1.8
cby_0__8_.cby_0__1_.mux_right_ipin_1.mux_l1_in_4_, 65.52, 73.44, 1.8
sb_0__8_.mux_right_track_28.mux_l1_in_1_, 65.52, 73.44, 1.8
sb_0__8_.mux_right_track_28.mux_l1_in_1__175, 65.52, 73.44, 1.8
FILLER_20_121, 65.52, 68, 1.8
FILLER_21_118, 65.52, 68, 1.8
FILLER_21_134, 65.52, 68, 1.8
cby_0__8_.cby_0__1_.mux_right_ipin_0.mux_l1_in_4_, 65.52, 68, 1.8
cby_0__8_.cby_0__1_.mux_right_ipin_2.mux_l2_in_0_, 65.52, 68, 1.8
sb_0__8_.mem_right_track_26.sky130_fd_sc_hd__dfrtp_1_1_, 65.52, 68, 1.8
FILLER_18_121, 65.52, 62.56, 1.8
FILLER_19_128, 65.52, 62.56, 1.8
cby_0__8_.cby_0__1_.mux_right_ipin_3.mux_l1_in_3_, 65.52, 62.56, 1.8
clkbuf_4_1_0_prog_clk, 65.52, 62.56, 1.8
sb_0__8_.mux_right_track_26.mux_l1_in_0_, 65.52, 62.56, 1.8
FILLER_16_121, 65.52, 57.12, 1.8
FILLER_17_127, 65.52, 57.12, 1.8
FILLER_17_140, 65.52, 57.12, 1.8
FILLER_18_134, 65.52, 57.12, 1.8
FILLER_18_141, 65.52, 57.12, 1.8
cby_0__8_.cby_0__1_.mux_right_ipin_0.mux_l2_in_1_, 65.52, 57.12, 1.8
cby_0__8_.cby_0__1_.mux_right_ipin_1.mux_l2_in_1_, 65.52, 57.12, 1.8
cby_0__8_.cby_0__1_.mux_right_ipin_3.mux_l1_in_0_, 65.52, 57.12, 1.8
cby_0__8_.cby_0__1_.mux_right_ipin_3.mux_l1_in_1_, 65.52, 57.12, 1.8
cby_0__8_.cby_0__1_.mux_right_ipin_3.mux_l1_in_2_, 65.52, 57.12, 1.8
FILLER_14_123, 65.52, 51.68, 1.8
FILLER_15_120, 65.52, 51.68, 1.8
FILLER_15_133, 65.52, 51.68, 1.8
FILLER_16_134, 65.52, 51.68, 1.8
FILLER_16_141, 65.52, 51.68, 1.8
cby_0__8_.cby_0__1_.mux_right_ipin_1.mux_l2_in_3_, 65.52, 51.68, 1.8
cby_0__8_.cby_0__1_.mux_right_ipin_2.mux_l1_in_2_, 65.52, 51.68, 1.8
cby_0__8_.cby_0__1_.mux_right_ipin_2.mux_l1_in_3_, 65.52, 51.68, 1.8
sb_0__8_.mux_right_track_20.mux_l2_in_0__171, 65.52, 51.68, 1.8
FILLER_12_123, 65.52, 46.24, 1.8
FILLER_13_135, 65.52, 46.24, 1.8
FILLER_14_136, 65.52, 46.24, 1.8
FILLER_14_141, 65.52, 46.24, 1.8
cby_0__8_.cby_0__1_.mux_right_ipin_0.mux_l1_in_1_, 65.52, 46.24, 1.8
cby_0__8_.cby_0__1_.mux_right_ipin_1.mux_l2_in_0_, 65.52, 46.24, 1.8
FILLER_10_125, 65.52, 40.8, 1.8
FILLER_11_124, 65.52, 40.8, 1.8
FILLER_11_134, 65.52, 40.8, 1.8
FILLER_11_142, 65.52, 40.8, 1.8
_139_, 65.52, 40.8, 1.8
cby_0__8_.cby_0__1_.mux_right_ipin_0.mux_l1_in_0_, 65.52, 40.8, 1.8
sb_0__8_.mux_right_track_34.mux_l1_in_1_, 65.52, 40.8, 1.8
sb_0__8_.mux_right_track_34.mux_l1_in_1__178, 65.52, 40.8, 1.8
FILLER_8_125, 65.52, 35.36, 1.8
FILLER_9_124, 65.52, 35.36, 1.8
FILLER_9_133, 65.52, 35.36, 1.8
sb_0__8_.mem_right_track_36.sky130_fd_sc_hd__dfrtp_1_0_, 65.52, 35.36, 1.8
sb_0__8_.mux_right_track_24.mux_l2_in_0_, 65.52, 35.36, 1.8
sb_0__8_.mux_right_track_36.mux_l1_in_0_, 65.52, 35.36, 1.8
sb_0__8_.mux_right_track_40.mux_l2_in_0__182, 65.52, 35.36, 1.8
FILLER_6_128, 65.52, 29.92, 1.8
FILLER_7_130, 65.52, 29.92, 1.8
FILLER_7_144, 65.52, 29.92, 1.8
FILLER_8_141, 65.52, 29.92, 1.8
_108_, 65.52, 29.92, 1.8
sb_0__8_.mux_right_track_22.mux_l2_in_0__172, 65.52, 29.92, 1.8
sb_0__8_.mux_right_track_36.sky130_fd_sc_hd__buf_4_0_, 65.52, 29.92, 1.8
ANTENNA_1, 65.52, 24.48, 1.8
FILLER_4_124, 65.52, 24.48, 1.8
FILLER_5_125, 65.52, 24.48, 1.8
_113_, 65.52, 24.48, 1.8
_138_, 65.52, 24.48, 1.8
sb_0__8_.mem_right_track_36.sky130_fd_sc_hd__dfrtp_1_1_, 65.52, 24.48, 1.8
sb_0__8_.mux_right_track_52.sky130_fd_sc_hd__buf_4_0_, 65.52, 24.48, 1.8
FILLER_2_118, 65.52, 19.04, 1.8
FILLER_3_135, 65.52, 19.04, 1.8
FILLER_4_141, 65.52, 19.04, 1.8
output113, 65.52, 19.04, 1.8
output81, 65.52, 19.04, 1.8
sb_0__8_.mem_right_track_38.sky130_fd_sc_hd__dfrtp_1_0_, 65.52, 19.04, 1.8
FILLER_0_118, 65.52, 13.6, 1.8
FILLER_0_141, 65.52, 13.6, 1.8
FILLER_1_125, 65.52, 13.6, 1.8
output124, 65.52, 13.6, 1.8
output135, 65.52, 13.6, 1.8
output136, 65.52, 13.6, 1.8
FILLER_94_21, 15.52, 269.28, 1.8
FILLER_95_29, 15.52, 269.28, 1.8
output144, 15.52, 263.84, 1.8
FILLER_2_15, 15.52, 19.04, 1.8
FILLER_3_27, 15.52, 19.04, 1.8
input33, 15.52, 19.04, 1.8
input44, 15.52, 19.04, 1.8
input59, 15.52, 19.04, 1.8
FILLER_0_29, 15.52, 13.6, 1.8
FILLER_1_21, 15.52, 13.6, 1.8
FILLER_1_35, 15.52, 13.6, 1.8
FILLER_2_22, 15.52, 13.6, 1.8
FILLER_2_29, 15.52, 13.6, 1.8
input55, 15.52, 13.6, 1.8
input56, 15.52, 13.6, 1.8
input57, 15.52, 13.6, 1.8
input60, 15.52, 13.6, 1.8
FILLER_95_3, 5.52, 269.28, 1.8
PHY_188, 5.52, 269.28, 1.8
PHY_190, 5.52, 269.28, 1.8
output143, 5.52, 269.28, 1.8
PHY_189, 129.26, 269.28, 1.8
PHY_191, 129.26, 269.28, 1.8
FILLER_95_57, 28.02, 269.28, 1.8
output145, 28.02, 269.28, 1.8
FILLER_94_76, 40.52, 269.28, 1.8
FILLER_95_85, 40.52, 269.28, 1.8
output147, 40.52, 269.28, 1.8
FILLER_94_97, 53.02, 269.28, 1.8
FILLER_95_106, 53.02, 269.28, 1.8
FILLER_95_113, 53.02, 269.28, 1.8
output148, 53.02, 269.28, 1.8
FILLER_95_146, 78.02, 269.28, 1.8
FILLER_95_165, 78.02, 269.28, 1.8
input64, 78.02, 269.28, 1.8
input65, 78.02, 269.28, 1.8
FILLER_95_174, 90.52, 269.28, 1.8
input66, 90.52, 269.28, 1.8
FILLER_95_209, 103.02, 269.28, 1.8
FILLER_95_217, 103.02, 269.28, 1.8
input67, 103.02, 269.28, 1.8
input77, 103.02, 269.28, 1.8
FILLER_94_253, 122.39, 269.28, 1.8
FILLER_95_259, 122.39, 269.28, 1.8
input80, 122.39, 269.28, 1.8
PHY_184, 5.52, 263.84, 1.8
PHY_186, 5.52, 263.84, 1.8
output82, 5.52, 263.84, 1.8
PHY_185, 129.26, 263.84, 1.8
PHY_187, 129.26, 263.84, 1.8
FILLER_93_39, 28.02, 263.84, 1.8
FILLER_93_47, 28.02, 263.84, 1.8
_164_, 28.02, 263.84, 1.8
output146, 28.02, 263.84, 1.8
FILLER_93_105, 53.02, 263.84, 1.8
output149, 53.02, 263.84, 1.8
FILLER_93_161, 78.02, 263.84, 1.8
FILLER_94_189, 90.52, 263.84, 1.8
FILLER_93_217, 103.02, 263.84, 1.8
FILLER_92_253, 122.39, 263.84, 1.8
FILLER_93_249, 122.39, 263.84, 1.8
FILLER_93_256, 122.39, 263.84, 1.8
input72, 122.39, 263.84, 1.8
input73, 122.39, 263.84, 1.8
input75, 122.39, 263.84, 1.8
PHY_180, 5.52, 258.4, 1.8
PHY_182, 5.52, 258.4, 1.8
PHY_181, 129.26, 258.4, 1.8
PHY_183, 129.26, 258.4, 1.8
FILLER_91_51, 28.02, 258.4, 1.8
FILLER_91_57, 28.02, 258.4, 1.8
_165_, 28.02, 258.4, 1.8
FILLER_90_65, 40.52, 258.4, 1.8
FILLER_90_74, 40.52, 258.4, 1.8
FILLER_92_77, 40.52, 258.4, 1.8
_166_, 40.52, 258.4, 1.8
FILLER_91_161, 78.02, 258.4, 1.8
FILLER_92_189, 90.52, 258.4, 1.8
FILLER_91_217, 103.02, 258.4, 1.8
FILLER_90_253, 122.39, 258.4, 1.8
input1, 122.39, 258.4, 1.8
input71, 122.39, 258.4, 1.8
PHY_176, 5.52, 252.96, 1.8
PHY_178, 5.52, 252.96, 1.8
PHY_177, 129.26, 252.96, 1.8
PHY_179, 129.26, 252.96, 1.8
FILLER_89_51, 28.02, 252.96, 1.8
FILLER_88_65, 40.52, 252.96, 1.8
FILLER_88_76, 40.52, 252.96, 1.8
FILLER_90_81, 40.52, 252.96, 1.8
FILLER_90_85, 40.52, 252.96, 1.8
_167_, 40.52, 252.96, 1.8
_168_, 40.52, 252.96, 1.8
cby_0__8_.grid_io_left_left_0__1_.logical_tile_io_mode_io__3.logical_tile_io_mode_physical__iopad_0.io_0_.ISOL_EN_GATE, 40.52, 252.96, 1.8
FILLER_89_105, 53.02, 252.96, 1.8
_169_, 53.02, 252.96, 1.8
FILLER_89_161, 78.02, 252.96, 1.8
FILLER_90_189, 90.52, 252.96, 1.8
FILLER_89_217, 103.02, 252.96, 1.8
FILLER_89_249, 122.39, 252.96, 1.8
input69, 122.39, 252.96, 1.8
input70, 122.39, 252.96, 1.8
PHY_172, 5.52, 247.52, 1.8
PHY_174, 5.52, 247.52, 1.8
PHY_173, 129.26, 247.52, 1.8
PHY_175, 129.26, 247.52, 1.8
FILLER_87_51, 28.02, 247.52, 1.8
FILLER_88_85, 40.52, 247.52, 1.8
FILLER_86_97, 53.02, 247.52, 1.8
FILLER_87_105, 53.02, 247.52, 1.8
_170_, 53.02, 247.52, 1.8
FILLER_87_161, 78.02, 247.52, 1.8
FILLER_88_189, 90.52, 247.52, 1.8
FILLER_87_217, 103.02, 247.52, 1.8
FILLER_86_253, 122.39, 247.52, 1.8
FILLER_87_249, 122.39, 247.52, 1.8
input24, 122.39, 247.52, 1.8
PHY_168, 5.52, 242.08, 1.8
PHY_170, 5.52, 242.08, 1.8
PHY_169, 129.26, 242.08, 1.8
PHY_171, 129.26, 242.08, 1.8
FILLER_85_51, 28.02, 242.08, 1.8
FILLER_85_57, 28.02, 242.08, 1.8
cby_0__8_.grid_io_left_left_0__1_.logical_tile_io_mode_io__3.logical_tile_io_mode_physical__iopad_0.io_sky130_fd_sc_hd__dfrtp_1_mem.sky130_fd_sc_hd__dfrtp_1_0_, 28.02, 242.08, 1.8
FILLER_86_77, 40.52, 242.08, 1.8
FILLER_84_97, 53.02, 242.08, 1.8
FILLER_85_104, 53.02, 242.08, 1.8
FILLER_86_105, 53.02, 242.08, 1.8
_171_, 53.02, 242.08, 1.8
cby_0__8_.grid_io_left_left_0__1_.logical_tile_io_mode_io__3.logical_tile_io_mode_physical__iopad_0.io_0_.INV_SOC_DIR, 53.02, 242.08, 1.8
FILLER_85_161, 78.02, 242.08, 1.8
FILLER_86_189, 90.52, 242.08, 1.8
FILLER_85_217, 103.02, 242.08, 1.8
FILLER_84_253, 122.39, 242.08, 1.8
FILLER_85_261, 122.39, 242.08, 1.8
input23, 122.39, 242.08, 1.8
PHY_164, 5.52, 236.64, 1.8
PHY_166, 5.52, 236.64, 1.8
PHY_165, 129.26, 236.64, 1.8
PHY_167, 129.26, 236.64, 1.8
FILLER_83_51, 28.02, 236.64, 1.8
FILLER_83_81, 40.52, 236.64, 1.8
FILLER_84_77, 40.52, 236.64, 1.8
FILLER_83_108, 53.02, 236.64, 1.8
cby_0__8_.grid_io_left_left_0__1_.logical_tile_io_mode_io__2.logical_tile_io_mode_physical__iopad_0.io_0_.ISOL_EN_GATE, 53.02, 236.64, 1.8
FILLER_83_161, 78.02, 236.64, 1.8
FILLER_84_189, 90.52, 236.64, 1.8
FILLER_83_217, 103.02, 236.64, 1.8
input21, 122.39, 236.64, 1.8
input22, 122.39, 236.64, 1.8
PHY_160, 5.52, 231.2, 1.8
PHY_162, 5.52, 231.2, 1.8
PHY_161, 129.26, 231.2, 1.8
PHY_163, 129.26, 231.2, 1.8
FILLER_81_51, 28.02, 231.2, 1.8
FILLER_81_69, 40.52, 231.2, 1.8
FILLER_82_77, 40.52, 231.2, 1.8
cby_0__8_.grid_io_left_left_0__1_.logical_tile_io_mode_io__3.logical_tile_io_mode_physical__iopad_0.io_0_.OUT_PROTECT_GATE, 40.52, 231.2, 1.8
FILLER_81_105, 53.02, 231.2, 1.8
FILLER_81_113, 53.02, 231.2, 1.8
FILLER_81_96, 53.02, 231.2, 1.8
FILLER_82_109, 53.02, 231.2, 1.8
cby_0__8_.grid_io_left_left_0__1_.logical_tile_io_mode_io__1.logical_tile_io_mode_physical__iopad_0.io_0_.ISOL_EN_GATE, 53.02, 231.2, 1.8
cby_0__8_.grid_io_left_left_0__1_.logical_tile_io_mode_io__2.logical_tile_io_mode_physical__iopad_0.io_0_.INV_SOC_DIR, 53.02, 231.2, 1.8
FILLER_80_153, 78.02, 231.2, 1.8
cby_0__8_.grid_io_left_left_0__1_.logical_tile_io_mode_io__1.logical_tile_io_mode_physical__iopad_0.io_0_.IN_PROTECT_GATE, 78.02, 231.2, 1.8
FILLER_82_188, 90.52, 231.2, 1.8
FILLER_81_217, 103.02, 231.2, 1.8
FILLER_80_253, 122.39, 231.2, 1.8
input20, 122.39, 231.2, 1.8
PHY_156, 5.52, 225.76, 1.8
PHY_158, 5.52, 225.76, 1.8
PHY_157, 129.26, 225.76, 1.8
PHY_159, 129.26, 225.76, 1.8
FILLER_79_51, 28.02, 225.76, 1.8
FILLER_80_77, 40.52, 225.76, 1.8
FILLER_79_105, 53.02, 225.76, 1.8
FILLER_79_161, 78.02, 225.76, 1.8
cby_0__8_.grid_io_left_left_0__1_.logical_tile_io_mode_io__0.logical_tile_io_mode_physical__iopad_0.io_0_.IN_PROTECT_GATE, 78.02, 225.76, 1.8
FILLER_80_191, 90.52, 225.76, 1.8
FILLER_79_217, 103.02, 225.76, 1.8
FILLER_78_253, 122.39, 225.76, 1.8
FILLER_79_261, 122.39, 225.76, 1.8
input19, 122.39, 225.76, 1.8
PHY_152, 5.52, 220.32, 1.8
PHY_154, 5.52, 220.32, 1.8
PHY_153, 129.26, 220.32, 1.8
PHY_155, 129.26, 220.32, 1.8
FILLER_77_51, 28.02, 220.32, 1.8
FILLER_77_81, 40.52, 220.32, 1.8
FILLER_78_77, 40.52, 220.32, 1.8
cby_0__8_.grid_io_left_left_0__1_.logical_tile_io_mode_io__2.logical_tile_io_mode_physical__iopad_0.io_0_.OUT_PROTECT_GATE, 40.52, 220.32, 1.8
cby_0__8_.grid_io_left_left_0__1_.logical_tile_io_mode_io__2.logical_tile_io_mode_physical__iopad_0.io_sky130_fd_sc_hd__dfrtp_1_mem.sky130_fd_sc_hd__dfrtp_1_0_, 40.52, 220.32, 1.8
FILLER_77_109, 53.02, 220.32, 1.8
FILLER_77_93, 53.02, 220.32, 1.8
cby_0__8_.grid_io_left_left_0__1_.logical_tile_io_mode_io__0.logical_tile_io_mode_physical__iopad_0.io_0_.ISOL_EN_GATE, 53.02, 220.32, 1.8
FILLER_77_161, 78.02, 220.32, 1.8
FILLER_78_189, 90.52, 220.32, 1.8
FILLER_77_217, 103.02, 220.32, 1.8
sb_0__8_.mem_right_track_0.sky130_fd_sc_hd__dfrtp_1_0_, 103.02, 220.32, 1.8
FILLER_77_249, 122.39, 220.32, 1.8
FILLER_77_257, 122.39, 220.32, 1.8
input17, 122.39, 220.32, 1.8
input18, 122.39, 220.32, 1.8
PHY_148, 5.52, 214.88, 1.8
PHY_150, 5.52, 214.88, 1.8
PHY_149, 129.26, 214.88, 1.8
PHY_151, 129.26, 214.88, 1.8
FILLER_75_51, 28.02, 214.88, 1.8
FILLER_76_77, 40.52, 214.88, 1.8
FILLER_75_105, 53.02, 214.88, 1.8
cby_0__8_.grid_io_left_left_0__1_.logical_tile_io_mode_io__1.logical_tile_io_mode_physical__iopad_0.io_0_.OUT_PROTECT_GATE, 53.02, 214.88, 1.8
FILLER_75_161, 78.02, 214.88, 1.8
FILLER_76_189, 90.52, 214.88, 1.8
FILLER_75_217, 103.02, 214.88, 1.8
FILLER_74_253, 122.39, 214.88, 1.8
FILLER_75_249, 122.39, 214.88, 1.8
FILLER_75_257, 122.39, 214.88, 1.8
input16, 122.39, 214.88, 1.8
PHY_144, 5.52, 209.44, 1.8
PHY_146, 5.52, 209.44, 1.8
PHY_145, 129.26, 209.44, 1.8
PHY_147, 129.26, 209.44, 1.8
FILLER_73_51, 28.02, 209.44, 1.8
FILLER_73_81, 40.52, 209.44, 1.8
FILLER_74_77, 40.52, 209.44, 1.8
FILLER_74_85, 40.52, 209.44, 1.8
cby_0__8_.grid_io_left_left_0__1_.logical_tile_io_mode_io__0.logical_tile_io_mode_physical__iopad_0.io_0_.OUT_PROTECT_GATE, 53.02, 209.44, 1.8
cby_0__8_.grid_io_left_left_0__1_.logical_tile_io_mode_io__1.logical_tile_io_mode_physical__iopad_0.io_sky130_fd_sc_hd__dfrtp_1_mem.sky130_fd_sc_hd__dfrtp_1_0_, 53.02, 209.44, 1.8
FILLER_73_161, 78.02, 209.44, 1.8
FILLER_74_189, 90.52, 209.44, 1.8
FILLER_73_217, 103.02, 209.44, 1.8
FILLER_72_253, 122.39, 209.44, 1.8
FILLER_73_261, 122.39, 209.44, 1.8
input15, 122.39, 209.44, 1.8
PHY_140, 5.52, 204, 1.8
PHY_142, 5.52, 204, 1.8
PHY_141, 129.26, 204, 1.8
PHY_143, 129.26, 204, 1.8
FILLER_71_51, 28.02, 204, 1.8
FILLER_72_77, 40.52, 204, 1.8
FILLER_71_105, 53.02, 204, 1.8
FILLER_71_161, 78.02, 204, 1.8
FILLER_72_189, 90.52, 204, 1.8
FILLER_71_217, 103.02, 204, 1.8
input12, 122.39, 204, 1.8
input13, 122.39, 204, 1.8
PHY_136, 5.52, 198.56, 1.8
PHY_138, 5.52, 198.56, 1.8
PHY_137, 129.26, 198.56, 1.8
PHY_139, 129.26, 198.56, 1.8
FILLER_69_51, 28.02, 198.56, 1.8
FILLER_70_77, 40.52, 198.56, 1.8
FILLER_69_105, 53.02, 198.56, 1.8
FILLER_69_161, 78.02, 198.56, 1.8
FILLER_70_189, 90.52, 198.56, 1.8
FILLER_69_217, 103.02, 198.56, 1.8
FILLER_68_253, 122.39, 198.56, 1.8
input11, 122.39, 198.56, 1.8
PHY_132, 5.52, 193.12, 1.8
PHY_134, 5.52, 193.12, 1.8
PHY_133, 129.26, 193.12, 1.8
PHY_135, 129.26, 193.12, 1.8
FILLER_67_51, 28.02, 193.12, 1.8
FILLER_68_77, 40.52, 193.12, 1.8
FILLER_67_105, 53.02, 193.12, 1.8
FILLER_67_161, 78.02, 193.12, 1.8
FILLER_68_189, 90.52, 193.12, 1.8
FILLER_67_217, 103.02, 193.12, 1.8
FILLER_66_253, 122.39, 193.12, 1.8
FILLER_67_261, 122.39, 193.12, 1.8
input10, 122.39, 193.12, 1.8
PHY_128, 5.52, 187.68, 1.8
PHY_130, 5.52, 187.68, 1.8
PHY_129, 129.26, 187.68, 1.8
PHY_131, 129.26, 187.68, 1.8
FILLER_65_51, 28.02, 187.68, 1.8
FILLER_66_77, 40.52, 187.68, 1.8
cby_0__8_.cby_0__1_.mux_right_ipin_3.sky130_fd_sc_hd__buf_4_0_, 40.52, 187.68, 1.8
FILLER_65_109, 53.02, 187.68, 1.8
FILLER_65_161, 78.02, 187.68, 1.8
FILLER_66_189, 90.52, 187.68, 1.8
FILLER_65_217, 103.02, 187.68, 1.8
FILLER_65_249, 122.39, 187.68, 1.8
FILLER_65_257, 122.39, 187.68, 1.8
input8, 122.39, 187.68, 1.8
input9, 122.39, 187.68, 1.8
PHY_124, 5.52, 182.24, 1.8
PHY_126, 5.52, 182.24, 1.8
PHY_125, 129.26, 182.24, 1.8
PHY_127, 129.26, 182.24, 1.8
FILLER_63_51, 28.02, 182.24, 1.8
FILLER_64_77, 40.52, 182.24, 1.8
FILLER_63_105, 53.02, 182.24, 1.8
FILLER_63_161, 78.02, 182.24, 1.8
FILLER_64_189, 90.52, 182.24, 1.8
FILLER_63_217, 103.02, 182.24, 1.8
FILLER_62_253, 122.39, 182.24, 1.8
FILLER_63_249, 122.39, 182.24, 1.8
FILLER_63_257, 122.39, 182.24, 1.8
input7, 122.39, 182.24, 1.8
PHY_120, 5.52, 176.8, 1.8
PHY_122, 5.52, 176.8, 1.8
PHY_121, 129.26, 176.8, 1.8
PHY_123, 129.26, 176.8, 1.8
FILLER_61_51, 28.02, 176.8, 1.8
FILLER_61_81, 40.52, 176.8, 1.8
FILLER_62_77, 40.52, 176.8, 1.8
cby_0__8_.grid_io_left_left_0__1_.logical_tile_io_mode_io__0.logical_tile_io_mode_physical__iopad_0.io_sky130_fd_sc_hd__dfrtp_1_mem.sky130_fd_sc_hd__dfrtp_1_0_, 53.02, 176.8, 1.8
FILLER_61_161, 78.02, 176.8, 1.8
FILLER_62_189, 90.52, 176.8, 1.8
FILLER_61_205, 103.02, 176.8, 1.8
sb_0__8_.mux_bottom_track_49.mux_l1_in_0_, 103.02, 176.8, 1.8
FILLER_60_253, 122.39, 176.8, 1.8
FILLER_61_260, 122.39, 176.8, 1.8
input6, 122.39, 176.8, 1.8
PHY_116, 5.52, 171.36, 1.8
PHY_118, 5.52, 171.36, 1.8
PHY_117, 129.26, 171.36, 1.8
PHY_119, 129.26, 171.36, 1.8
FILLER_59_51, 28.02, 171.36, 1.8
FILLER_60_77, 40.52, 171.36, 1.8
FILLER_59_105, 53.02, 171.36, 1.8
FILLER_59_161, 78.02, 171.36, 1.8
clkbuf_4_10_0_prog_clk, 78.02, 171.36, 1.8
FILLER_60_189, 90.52, 171.36, 1.8
FILLER_59_217, 103.02, 171.36, 1.8
sb_0__8_.mem_bottom_track_49.sky130_fd_sc_hd__dfrtp_1_0_, 103.02, 171.36, 1.8
FILLER_58_253, 122.39, 171.36, 1.8
input4, 122.39, 171.36, 1.8
input5, 122.39, 171.36, 1.8
PHY_112, 5.52, 165.92, 1.8
PHY_114, 5.52, 165.92, 1.8
PHY_113, 129.26, 165.92, 1.8
PHY_115, 129.26, 165.92, 1.8
FILLER_57_51, 28.02, 165.92, 1.8
FILLER_58_77, 40.52, 165.92, 1.8
cby_0__8_.cby_0__1_.mux_right_ipin_2.sky130_fd_sc_hd__buf_4_0_, 40.52, 165.92, 1.8
FILLER_57_105, 53.02, 165.92, 1.8
FILLER_57_161, 78.02, 165.92, 1.8
FILLER_57_193, 90.52, 165.92, 1.8
FILLER_57_220, 103.02, 165.92, 1.8
FILLER_58_219, 103.02, 165.92, 1.8
clkbuf_4_14_0_prog_clk, 103.02, 165.92, 1.8
sb_0__8_.mem_bottom_track_47.sky130_fd_sc_hd__dfrtp_1_0_, 103.02, 165.92, 1.8
sb_0__8_.mem_bottom_track_47.sky130_fd_sc_hd__dfrtp_1_1_, 103.02, 165.92, 1.8
input31, 122.39, 165.92, 1.8
input32, 122.39, 165.92, 1.8
PHY_108, 5.52, 160.48, 1.8
PHY_110, 5.52, 160.48, 1.8
FILLER_55_263, 129.26, 160.48, 1.8
PHY_109, 129.26, 160.48, 1.8
PHY_111, 129.26, 160.48, 1.8
FILLER_55_51, 28.02, 160.48, 1.8
FILLER_56_77, 40.52, 160.48, 1.8
FILLER_55_105, 53.02, 160.48, 1.8
FILLER_54_153, 78.02, 160.48, 1.8
FILLER_55_149, 78.02, 160.48, 1.8
FILLER_55_169, 78.02, 160.48, 1.8
clkbuf_4_11_0_prog_clk, 78.02, 160.48, 1.8
sb_0__8_.mux_right_track_0.mux_l1_in_0_, 78.02, 160.48, 1.8
FILLER_55_196, 90.52, 160.48, 1.8
FILLER_56_189, 90.52, 160.48, 1.8
FILLER_56_197, 90.52, 160.48, 1.8
sb_0__8_.mem_bottom_track_31.sky130_fd_sc_hd__dfrtp_1_0_, 90.52, 160.48, 1.8
FILLER_55_220, 103.02, 160.48, 1.8
FILLER_55_225, 103.02, 160.48, 1.8
sb_0__8_.mem_bottom_track_31.sky130_fd_sc_hd__dfrtp_1_1_, 103.02, 160.48, 1.8
sb_0__8_.mem_bottom_track_49.sky130_fd_sc_hd__dfrtp_1_1_, 103.02, 160.48, 1.8
FILLER_54_247, 122.39, 160.48, 1.8
FILLER_54_253, 122.39, 160.48, 1.8
sb_0__8_.mux_bottom_track_35.mux_l1_in_0_, 122.39, 160.48, 1.8
PHY_104, 5.52, 155.04, 1.8
PHY_106, 5.52, 155.04, 1.8
PHY_105, 129.26, 155.04, 1.8
PHY_107, 129.26, 155.04, 1.8
FILLER_53_51, 28.02, 155.04, 1.8
FILLER_54_77, 40.52, 155.04, 1.8
FILLER_53_105, 53.02, 155.04, 1.8
FILLER_53_153, 78.02, 155.04, 1.8
FILLER_54_166, 78.02, 155.04, 1.8
sb_0__8_.mem_bottom_track_29.sky130_fd_sc_hd__dfrtp_1_1_, 78.02, 155.04, 1.8
sb_0__8_.mux_right_track_0.mux_l1_in_1_, 78.02, 155.04, 1.8
sb_0__8_.mux_right_track_4.mux_l1_in_1_, 78.02, 155.04, 1.8
FILLER_54_190, 90.52, 155.04, 1.8
FILLER_52_208, 103.02, 155.04, 1.8
FILLER_53_204, 103.02, 155.04, 1.8
FILLER_53_216, 103.02, 155.04, 1.8
FILLER_53_225, 103.02, 155.04, 1.8
FILLER_54_219, 103.02, 155.04, 1.8
sb_0__8_.mux_bottom_track_29.mux_l1_in_0_, 103.02, 155.04, 1.8
sb_0__8_.mux_bottom_track_31.mux_l1_in_0_, 103.02, 155.04, 1.8
sb_0__8_.mux_bottom_track_47.mux_l2_in_0__158, 103.02, 155.04, 1.8
FILLER_52_253, 122.39, 155.04, 1.8
FILLER_53_251, 122.39, 155.04, 1.8
input29, 122.39, 155.04, 1.8
input30, 122.39, 155.04, 1.8
PHY_100, 5.52, 149.6, 1.8
PHY_102, 5.52, 149.6, 1.8
PHY_101, 129.26, 149.6, 1.8
PHY_103, 129.26, 149.6, 1.8
FILLER_51_51, 28.02, 149.6, 1.8
FILLER_51_81, 40.52, 149.6, 1.8
FILLER_52_77, 40.52, 149.6, 1.8
cby_0__8_.cby_0__1_.mux_right_ipin_0.sky130_fd_sc_hd__buf_4_0_, 40.52, 149.6, 1.8
cby_0__8_.cby_0__1_.mux_right_ipin_1.sky130_fd_sc_hd__buf_4_0_, 40.52, 149.6, 1.8
sb_0__8_.mem_right_track_4.sky130_fd_sc_hd__dfrtp_1_1_, 53.02, 149.6, 1.8
FILLER_52_166, 78.02, 149.6, 1.8
sb_0__8_.mem_bottom_track_29.sky130_fd_sc_hd__dfrtp_1_0_, 78.02, 149.6, 1.8
sb_0__8_.mux_right_track_4.mux_l1_in_0_, 78.02, 149.6, 1.8
FILLER_51_193, 90.52, 149.6, 1.8
FILLER_52_190, 90.52, 149.6, 1.8
FILLER_52_197, 90.52, 149.6, 1.8
sb_0__8_.mem_bottom_track_19.sky130_fd_sc_hd__dfrtp_1_1_, 90.52, 149.6, 1.8
FILLER_50_208, 103.02, 149.6, 1.8
FILLER_51_212, 103.02, 149.6, 1.8
sb_0__8_.mem_bottom_track_33.sky130_fd_sc_hd__dfrtp_1_0_, 103.02, 149.6, 1.8
sb_0__8_.mux_bottom_track_45.mux_l2_in_0__157, 103.02, 149.6, 1.8
sb_0__8_.mux_bottom_track_47.mux_l2_in_0_, 103.02, 149.6, 1.8
sb_0__8_.mux_bottom_track_49.mux_l2_in_0_, 103.02, 149.6, 1.8
FILLER_50_253, 122.39, 149.6, 1.8
FILLER_51_261, 122.39, 149.6, 1.8
input27, 122.39, 149.6, 1.8
PHY_96, 5.52, 144.16, 1.8
PHY_98, 5.52, 144.16, 1.8
PHY_97, 129.26, 144.16, 1.8
PHY_99, 129.26, 144.16, 1.8
FILLER_49_51, 28.02, 144.16, 1.8
FILLER_49_81, 40.52, 144.16, 1.8
FILLER_50_77, 40.52, 144.16, 1.8
cby_0__8_.cby_0__1_.mux_right_ipin_3.mux_l4_in_0_, 53.02, 144.16, 1.8
sb_0__8_.mem_right_track_4.sky130_fd_sc_hd__dfrtp_1_0_, 53.02, 144.16, 1.8
FILLER_48_157, 78.02, 144.16, 1.8
FILLER_49_153, 78.02, 144.16, 1.8
FILLER_50_162, 78.02, 144.16, 1.8
FILLER_50_170, 78.02, 144.16, 1.8
sb_0__8_.mux_right_track_2.mux_l1_in_0_, 78.02, 144.16, 1.8
sb_0__8_.mux_right_track_4.mux_l2_in_0_, 78.02, 144.16, 1.8
sb_0__8_.mux_right_track_6.mux_l1_in_0_, 78.02, 144.16, 1.8
FILLER_49_180, 90.52, 144.16, 1.8
FILLER_49_193, 90.52, 144.16, 1.8
FILLER_50_193, 90.52, 144.16, 1.8
sb_0__8_.mem_bottom_track_19.sky130_fd_sc_hd__dfrtp_1_0_, 90.52, 144.16, 1.8
sb_0__8_.mux_bottom_track_31.mux_l2_in_0_, 90.52, 144.16, 1.8
sb_0__8_.mux_bottom_track_49.mux_l2_in_0__159, 90.52, 144.16, 1.8
FILLER_48_205, 103.02, 144.16, 1.8
FILLER_49_218, 103.02, 144.16, 1.8
FILLER_49_225, 103.02, 144.16, 1.8
sb_0__8_.mem_bottom_track_51.sky130_fd_sc_hd__dfrtp_1_0_, 103.02, 144.16, 1.8
sb_0__8_.mux_bottom_track_19.mux_l1_in_0_, 103.02, 144.16, 1.8
sb_0__8_.mux_bottom_track_31.mux_l2_in_0__154, 103.02, 144.16, 1.8
FILLER_48_248, 122.39, 144.16, 1.8
FILLER_49_253, 122.39, 144.16, 1.8
FILLER_49_260, 122.39, 144.16, 1.8
input26, 122.39, 144.16, 1.8
input28, 122.39, 144.16, 1.8
PHY_92, 5.52, 138.72, 1.8
PHY_94, 5.52, 138.72, 1.8
PHY_93, 129.26, 138.72, 1.8
PHY_95, 129.26, 138.72, 1.8
FILLER_47_51, 28.02, 138.72, 1.8
FILLER_48_77, 40.52, 138.72, 1.8
cby_0__8_.cby_0__1_.mem_right_ipin_3.sky130_fd_sc_hd__dfrtp_1_3_, 40.52, 138.72, 1.8
FILLER_46_97, 53.02, 138.72, 1.8
FILLER_47_105, 53.02, 138.72, 1.8
FILLER_48_107, 53.02, 138.72, 1.8
sb_0__8_.mem_right_track_2.sky130_fd_sc_hd__dfrtp_1_0_, 53.02, 138.72, 1.8
sb_0__8_.mem_right_track_4.sky130_fd_sc_hd__dfrtp_1_2_, 53.02, 138.72, 1.8
FILLER_47_157, 78.02, 138.72, 1.8
FILLER_47_165, 78.02, 138.72, 1.8
FILLER_48_170, 78.02, 138.72, 1.8
sb_0__8_.mux_right_track_2.mux_l1_in_1_, 78.02, 138.72, 1.8
sb_0__8_.mux_right_track_6.mux_l1_in_1_, 78.02, 138.72, 1.8
sb_0__8_.mux_right_track_8.mux_l1_in_0_, 78.02, 138.72, 1.8
FILLER_46_174, 90.52, 138.72, 1.8
FILLER_47_180, 90.52, 138.72, 1.8
FILLER_48_197, 90.52, 138.72, 1.8
sb_0__8_.mux_bottom_track_29.mux_l2_in_0_, 90.52, 138.72, 1.8
sb_0__8_.mux_bottom_track_29.mux_l2_in_0__152, 90.52, 138.72, 1.8
FILLER_47_205, 103.02, 138.72, 1.8
FILLER_47_220, 103.02, 138.72, 1.8
clkbuf_4_12_0_prog_clk, 103.02, 138.72, 1.8
sb_0__8_.mem_bottom_track_15.sky130_fd_sc_hd__dfrtp_1_1_, 103.02, 138.72, 1.8
FILLER_47_247, 122.39, 138.72, 1.8
FILLER_47_260, 122.39, 138.72, 1.8
FILLER_48_258, 122.39, 138.72, 1.8
sb_0__8_.mux_bottom_track_33.mux_l2_in_0_, 122.39, 138.72, 1.8
sb_0__8_.mux_bottom_track_35.mux_l2_in_0__156, 122.39, 138.72, 1.8
PHY_88, 5.52, 133.28, 1.8
PHY_90, 5.52, 133.28, 1.8
PHY_89, 129.26, 133.28, 1.8
PHY_91, 129.26, 133.28, 1.8
FILLER_45_51, 28.02, 133.28, 1.8
FILLER_45_81, 40.52, 133.28, 1.8
FILLER_46_77, 40.52, 133.28, 1.8
sb_0__8_.mem_right_track_2.sky130_fd_sc_hd__dfrtp_1_2_, 40.52, 133.28, 1.8
FILLER_44_97, 53.02, 133.28, 1.8
FILLER_45_108, 53.02, 133.28, 1.8
sb_0__8_.mem_right_track_2.sky130_fd_sc_hd__dfrtp_1_1_, 53.02, 133.28, 1.8
FILLER_44_152, 78.02, 133.28, 1.8
FILLER_45_150, 78.02, 133.28, 1.8
FILLER_45_163, 78.02, 133.28, 1.8
sb_0__8_.mux_right_track_6.mux_l2_in_0_, 78.02, 133.28, 1.8
sb_0__8_.mux_right_track_8.mux_l1_in_1_, 78.02, 133.28, 1.8
FILLER_44_178, 90.52, 133.28, 1.8
FILLER_46_186, 90.52, 133.28, 1.8
FILLER_46_197, 90.52, 133.28, 1.8
sb_0__8_.mem_bottom_track_17.sky130_fd_sc_hd__dfrtp_1_1_, 90.52, 133.28, 1.8
FILLER_45_203, 103.02, 133.28, 1.8
FILLER_46_225, 103.02, 133.28, 1.8
sb_0__8_.mem_bottom_track_17.sky130_fd_sc_hd__dfrtp_1_0_, 103.02, 133.28, 1.8
sb_0__8_.mux_bottom_track_17.mux_l1_in_0_, 103.02, 133.28, 1.8
FILLER_45_261, 122.39, 133.28, 1.8
input25, 122.39, 133.28, 1.8
sb_0__8_.mux_bottom_track_13.mux_l1_in_0_, 122.39, 133.28, 1.8
PHY_84, 5.52, 127.84, 1.8
PHY_86, 5.52, 127.84, 1.8
PHY_85, 129.26, 127.84, 1.8
PHY_87, 129.26, 127.84, 1.8
FILLER_43_51, 28.02, 127.84, 1.8
FILLER_43_81, 40.52, 127.84, 1.8
FILLER_44_77, 40.52, 127.84, 1.8
sb_0__8_.mem_right_track_0.sky130_fd_sc_hd__dfrtp_1_2_, 40.52, 127.84, 1.8
FILLER_42_97, 53.02, 127.84, 1.8
FILLER_43_107, 53.02, 127.84, 1.8
FILLER_43_113, 53.02, 127.84, 1.8
cby_0__8_.cby_0__1_.mux_right_ipin_3.mux_l3_in_1_, 53.02, 127.84, 1.8
FILLER_42_152, 78.02, 127.84, 1.8
FILLER_43_158, 78.02, 127.84, 1.8
FILLER_43_165, 78.02, 127.84, 1.8
cby_0__8_.cby_0__1_.mux_right_ipin_3.mux_l2_in_3_, 78.02, 127.84, 1.8
cby_0__8_.cby_0__1_.mux_right_ipin_3.mux_l2_in_3__197, 78.02, 127.84, 1.8
sb_0__8_.mux_right_track_2.sky130_fd_sc_hd__buf_4_0_, 78.02, 127.84, 1.8
FILLER_42_175, 90.52, 127.84, 1.8
FILLER_42_182, 90.52, 127.84, 1.8
FILLER_43_174, 90.52, 127.84, 1.8
FILLER_43_191, 90.52, 127.84, 1.8
FILLER_44_189, 90.52, 127.84, 1.8
sb_0__8_.mux_bottom_track_19.mux_l2_in_0_, 90.52, 127.84, 1.8
sb_0__8_.mux_bottom_track_19.mux_l2_in_0__151, 90.52, 127.84, 1.8
sb_0__8_.mux_right_track_0.sky130_fd_sc_hd__buf_4_0_, 90.52, 127.84, 1.8
sb_0__8_.mux_right_track_4.sky130_fd_sc_hd__buf_4_0_, 90.52, 127.84, 1.8
FILLER_42_206, 103.02, 127.84, 1.8
FILLER_43_199, 103.02, 127.84, 1.8
FILLER_43_217, 103.02, 127.84, 1.8
FILLER_44_219, 103.02, 127.84, 1.8
_135_, 103.02, 127.84, 1.8
sb_0__8_.mux_bottom_track_7.mux_l1_in_1__162, 103.02, 127.84, 1.8
FILLER_42_253, 122.39, 127.84, 1.8
sb_0__8_.mux_bottom_track_11.mux_l1_in_0_, 122.39, 127.84, 1.8
PHY_80, 5.52, 122.4, 1.8
PHY_82, 5.52, 122.4, 1.8
PHY_81, 129.26, 122.4, 1.8
PHY_83, 129.26, 122.4, 1.8
FILLER_41_51, 28.02, 122.4, 1.8
FILLER_41_81, 40.52, 122.4, 1.8
FILLER_42_77, 40.52, 122.4, 1.8
sb_0__8_.mem_right_track_10.sky130_fd_sc_hd__dfrtp_1_0_, 40.52, 122.4, 1.8
FILLER_40_97, 53.02, 122.4, 1.8
FILLER_41_109, 53.02, 122.4, 1.8
FILLER_42_112, 53.02, 122.4, 1.8
sb_0__8_.mux_right_track_0.mux_l3_in_0_, 53.02, 122.4, 1.8
FILLER_40_153, 78.02, 122.4, 1.8
FILLER_41_161, 78.02, 122.4, 1.8
FILLER_42_168, 78.02, 122.4, 1.8
sb_0__8_.mux_right_track_14.mux_l1_in_0_, 78.02, 122.4, 1.8
sb_0__8_.mux_right_track_16.mux_l1_in_0_, 78.02, 122.4, 1.8
FILLER_40_181, 90.52, 122.4, 1.8
FILLER_41_180, 90.52, 122.4, 1.8
FILLER_41_193, 90.52, 122.4, 1.8
FILLER_42_197, 90.52, 122.4, 1.8
sb_0__8_.mux_bottom_track_17.mux_l2_in_0__202, 90.52, 122.4, 1.8
sb_0__8_.mux_right_track_30.mux_l1_in_0_, 90.52, 122.4, 1.8
FILLER_41_225, 103.02, 122.4, 1.8
FILLER_42_218, 103.02, 122.4, 1.8
FILLER_42_225, 103.02, 122.4, 1.8
_132_, 103.02, 122.4, 1.8
_133_, 103.02, 122.4, 1.8
sb_0__8_.mem_bottom_track_7.sky130_fd_sc_hd__dfrtp_1_1_, 103.02, 122.4, 1.8
sb_0__8_.mem_bottom_track_9.sky130_fd_sc_hd__dfrtp_1_0_, 103.02, 122.4, 1.8
input14, 122.39, 122.4, 1.8
PHY_76, 5.52, 116.96, 1.8
PHY_78, 5.52, 116.96, 1.8
PHY_77, 129.26, 116.96, 1.8
PHY_79, 129.26, 116.96, 1.8
FILLER_39_51, 28.02, 116.96, 1.8
FILLER_40_77, 40.52, 116.96, 1.8
sb_0__8_.mem_right_track_8.sky130_fd_sc_hd__dfrtp_1_2_, 40.52, 116.96, 1.8
FILLER_39_103, 53.02, 116.96, 1.8
sb_0__8_.mem_right_track_8.sky130_fd_sc_hd__dfrtp_1_1_, 53.02, 116.96, 1.8
FILLER_38_157, 78.02, 116.96, 1.8
FILLER_39_154, 78.02, 116.96, 1.8
FILLER_39_161, 78.02, 116.96, 1.8
cby_0__8_.cby_0__1_.mux_right_ipin_2.mux_l2_in_3_, 78.02, 116.96, 1.8
cby_0__8_.cby_0__1_.mux_right_ipin_2.mux_l2_in_3__196, 78.02, 116.96, 1.8
clkbuf_0_prog_clk, 78.02, 116.96, 1.8
sb_0__8_.mux_right_track_28.mux_l1_in_0_, 78.02, 116.96, 1.8
sb_0__8_.mux_right_track_6.mux_l3_in_0_, 78.02, 116.96, 1.8
FILLER_38_175, 90.52, 116.96, 1.8
FILLER_39_180, 90.52, 116.96, 1.8
FILLER_39_187, 90.52, 116.96, 1.8
FILLER_39_195, 90.52, 116.96, 1.8
sb_0__8_.mux_bottom_track_17.mux_l2_in_0_, 90.52, 116.96, 1.8
sb_0__8_.mux_bottom_track_7.mux_l1_in_1_, 90.52, 116.96, 1.8
sb_0__8_.mux_right_track_32.mux_l1_in_0_, 90.52, 116.96, 1.8
sb_0__8_.mux_right_track_6.sky130_fd_sc_hd__buf_4_0_, 90.52, 116.96, 1.8
FILLER_38_209, 103.02, 116.96, 1.8
FILLER_39_207, 103.02, 116.96, 1.8
FILLER_39_220, 103.02, 116.96, 1.8
FILLER_39_225, 103.02, 116.96, 1.8
FILLER_40_219, 103.02, 116.96, 1.8
sb_0__8_.mux_bottom_track_15.mux_l2_in_0_, 103.02, 116.96, 1.8
sb_0__8_.mux_bottom_track_7.mux_l2_in_0_, 103.02, 116.96, 1.8
FILLER_39_260, 122.39, 116.96, 1.8
FILLER_40_258, 122.39, 116.96, 1.8
sb_0__8_.mux_bottom_track_13.mux_l2_in_0__200, 122.39, 116.96, 1.8
PHY_72, 5.52, 111.52, 1.8
PHY_74, 5.52, 111.52, 1.8
PHY_73, 129.26, 111.52, 1.8
PHY_75, 129.26, 111.52, 1.8
FILLER_37_51, 28.02, 111.52, 1.8
FILLER_37_69, 40.52, 111.52, 1.8
FILLER_38_77, 40.52, 111.52, 1.8
cby_0__8_.cby_0__1_.mem_right_ipin_3.sky130_fd_sc_hd__dfrtp_1_2_, 40.52, 111.52, 1.8
cby_0__8_.cby_0__1_.mux_right_ipin_2.mux_l4_in_0_, 40.52, 111.52, 1.8
FILLER_36_98, 53.02, 111.52, 1.8
FILLER_37_107, 53.02, 111.52, 1.8
FILLER_37_113, 53.02, 111.52, 1.8
sb_0__8_.mux_right_track_10.mux_l2_in_0_, 53.02, 111.52, 1.8
sb_0__8_.mux_right_track_2.mux_l2_in_1__170, 53.02, 111.52, 1.8
ANTENNA_3, 78.02, 111.52, 1.8
sb_0__8_.mux_right_track_14.mux_l2_in_0_, 78.02, 111.52, 1.8
sb_0__8_.mux_right_track_8.sky130_fd_sc_hd__buf_4_0_, 78.02, 111.52, 1.8
FILLER_37_198, 90.52, 111.52, 1.8
FILLER_38_190, 90.52, 111.52, 1.8
FILLER_38_197, 90.52, 111.52, 1.8
FILLER_36_211, 103.02, 111.52, 1.8
FILLER_37_208, 103.02, 111.52, 1.8
FILLER_37_225, 103.02, 111.52, 1.8
FILLER_38_216, 103.02, 111.52, 1.8
_129_, 103.02, 111.52, 1.8
sb_0__8_.mux_bottom_track_1.mux_l1_in_0_, 103.02, 111.52, 1.8
sb_0__8_.mux_bottom_track_1.mux_l1_in_1__198, 103.02, 111.52, 1.8
sb_0__8_.mux_bottom_track_15.mux_l2_in_0__201, 103.02, 111.52, 1.8
sb_0__8_.mux_right_track_46.mux_l1_in_0_, 103.02, 111.52, 1.8
FILLER_36_249, 122.39, 111.52, 1.8
output103, 122.39, 111.52, 1.8
sb_0__8_.mux_bottom_track_5.mux_l1_in_0_, 122.39, 111.52, 1.8
PHY_68, 5.52, 106.08, 1.8
PHY_70, 5.52, 106.08, 1.8
PHY_69, 129.26, 106.08, 1.8
PHY_71, 129.26, 106.08, 1.8
FILLER_35_51, 28.02, 106.08, 1.8
FILLER_35_69, 40.52, 106.08, 1.8
FILLER_36_77, 40.52, 106.08, 1.8
FILLER_36_85, 40.52, 106.08, 1.8
sb_0__8_.mem_right_track_10.sky130_fd_sc_hd__dfrtp_1_1_, 40.52, 106.08, 1.8
FILLER_34_100, 53.02, 106.08, 1.8
FILLER_35_95, 53.02, 106.08, 1.8
FILLER_36_113, 53.02, 106.08, 1.8
cby_0__8_.cby_0__1_.mux_right_ipin_3.mux_l3_in_0_, 53.02, 106.08, 1.8
sb_0__8_.mux_right_track_2.mux_l2_in_1_, 53.02, 106.08, 1.8
sb_0__8_.mux_right_track_4.mux_l2_in_1_, 53.02, 106.08, 1.8
sb_0__8_.mux_right_track_4.mux_l2_in_1__181, 53.02, 106.08, 1.8
FILLER_35_150, 78.02, 106.08, 1.8
FILLER_35_160, 78.02, 106.08, 1.8
FILLER_36_158, 78.02, 106.08, 1.8
sb_0__8_.mem_right_track_30.sky130_fd_sc_hd__dfrtp_1_0_, 78.02, 106.08, 1.8
sb_0__8_.mem_right_track_30.sky130_fd_sc_hd__dfrtp_1_1_, 78.02, 106.08, 1.8
sb_0__8_.mux_bottom_track_49.sky130_fd_sc_hd__buf_4_0_, 78.02, 106.08, 1.8
FILLER_35_181, 90.52, 106.08, 1.8
FILLER_35_189, 90.52, 106.08, 1.8
FILLER_36_197, 90.52, 106.08, 1.8
sb_0__8_.mux_bottom_track_1.mux_l1_in_1_, 90.52, 106.08, 1.8
sb_0__8_.mux_right_track_14.sky130_fd_sc_hd__buf_4_0_, 90.52, 106.08, 1.8
FILLER_34_208, 103.02, 106.08, 1.8
FILLER_35_202, 103.02, 106.08, 1.8
FILLER_36_218, 103.02, 106.08, 1.8
output99, 103.02, 106.08, 1.8
sb_0__8_.mem_bottom_track_7.sky130_fd_sc_hd__dfrtp_1_0_, 103.02, 106.08, 1.8
sb_0__8_.mux_bottom_track_11.mux_l2_in_0__199, 103.02, 106.08, 1.8
sb_0__8_.mux_right_track_44.mux_l1_in_0_, 103.02, 106.08, 1.8
FILLER_35_261, 122.39, 106.08, 1.8
sb_0__8_.mux_bottom_track_11.mux_l2_in_0_, 122.39, 106.08, 1.8
PHY_64, 5.52, 100.64, 1.8
PHY_66, 5.52, 100.64, 1.8
PHY_65, 129.26, 100.64, 1.8
PHY_67, 129.26, 100.64, 1.8
FILLER_33_51, 28.02, 100.64, 1.8
FILLER_34_53, 28.02, 100.64, 1.8
cby_0__8_.cby_0__1_.mem_right_ipin_2.sky130_fd_sc_hd__dfrtp_1_3_, 28.02, 100.64, 1.8
FILLER_33_69, 40.52, 100.64, 1.8
FILLER_34_85, 40.52, 100.64, 1.8
cby_0__8_.cby_0__1_.mem_right_ipin_3.sky130_fd_sc_hd__dfrtp_1_0_, 40.52, 100.64, 1.8
FILLER_33_95, 53.02, 100.64, 1.8
cby_0__8_.cby_0__1_.mux_right_ipin_2.mux_l3_in_1_, 53.02, 100.64, 1.8
sb_0__8_.mem_right_track_14.sky130_fd_sc_hd__dfrtp_1_0_, 53.02, 100.64, 1.8
FILLER_33_146, 78.02, 100.64, 1.8
FILLER_33_160, 78.02, 100.64, 1.8
sb_0__8_.mem_right_track_32.sky130_fd_sc_hd__dfrtp_1_0_, 78.02, 100.64, 1.8
sb_0__8_.mux_right_track_16.mux_l2_in_0_, 78.02, 100.64, 1.8
FILLER_33_191, 90.52, 100.64, 1.8
FILLER_33_198, 90.52, 100.64, 1.8
FILLER_34_185, 90.52, 100.64, 1.8
FILLER_34_193, 90.52, 100.64, 1.8
sb_0__8_.mux_bottom_track_47.sky130_fd_sc_hd__buf_4_0_, 90.52, 100.64, 1.8
sb_0__8_.mux_right_track_30.mux_l2_in_0_, 90.52, 100.64, 1.8
FILLER_33_225, 103.02, 100.64, 1.8
FILLER_34_221, 103.02, 100.64, 1.8
output98, 103.02, 100.64, 1.8
sb_0__8_.mem_bottom_track_1.sky130_fd_sc_hd__dfrtp_1_1_, 103.02, 100.64, 1.8
sb_0__8_.mux_right_track_48.mux_l1_in_0_, 103.02, 100.64, 1.8
FILLER_32_248, 122.39, 100.64, 1.8
sb_0__8_.mux_bottom_track_3.mux_l1_in_0_, 122.39, 100.64, 1.8
PHY_60, 5.52, 95.2, 1.8
PHY_62, 5.52, 95.2, 1.8
FILLER_31_262, 129.26, 95.2, 1.8
PHY_61, 129.26, 95.2, 1.8
PHY_63, 129.26, 95.2, 1.8
FILLER_31_51, 28.02, 95.2, 1.8
sb_0__8_.mem_right_track_10.sky130_fd_sc_hd__dfrtp_1_2_, 28.02, 95.2, 1.8
FILLER_31_79, 40.52, 95.2, 1.8
FILLER_32_77, 40.52, 95.2, 1.8
cby_0__8_.cby_0__1_.mux_right_ipin_0.mux_l4_in_0_, 40.52, 95.2, 1.8
sb_0__8_.mem_right_track_12.sky130_fd_sc_hd__dfrtp_1_1_, 40.52, 95.2, 1.8
FILLER_31_104, 53.02, 95.2, 1.8
FILLER_32_107, 53.02, 95.2, 1.8
cby_0__8_.cby_0__1_.mux_right_ipin_3.mux_l2_in_2_, 53.02, 95.2, 1.8
sb_0__8_.mux_right_track_6.mux_l2_in_1_, 53.02, 95.2, 1.8
sb_0__8_.mux_right_track_6.mux_l2_in_1__192, 53.02, 95.2, 1.8
FILLER_30_153, 78.02, 95.2, 1.8
FILLER_31_153, 78.02, 95.2, 1.8
FILLER_31_169, 78.02, 95.2, 1.8
FILLER_32_163, 78.02, 95.2, 1.8
FILLER_32_170, 78.02, 95.2, 1.8
sb_0__8_.mux_right_track_10.sky130_fd_sc_hd__buf_4_0_, 78.02, 95.2, 1.8
sb_0__8_.mux_right_track_12.sky130_fd_sc_hd__buf_4_0_, 78.02, 95.2, 1.8
sb_0__8_.mux_right_track_28.mux_l2_in_0_, 78.02, 95.2, 1.8
FILLER_31_197, 90.52, 95.2, 1.8
FILLER_32_187, 90.52, 95.2, 1.8
FILLER_32_197, 90.52, 95.2, 1.8
sb_0__8_.mux_bottom_track_31.sky130_fd_sc_hd__buf_4_0_, 90.52, 95.2, 1.8
sb_0__8_.mux_right_track_16.sky130_fd_sc_hd__buf_4_0_, 90.52, 95.2, 1.8
sb_0__8_.mux_right_track_58.mux_l1_in_0_, 90.52, 95.2, 1.8
FILLER_30_202, 103.02, 95.2, 1.8
FILLER_30_211, 103.02, 95.2, 1.8
FILLER_31_215, 103.02, 95.2, 1.8
FILLER_31_225, 103.02, 95.2, 1.8
FILLER_32_224, 103.02, 95.2, 1.8
_124_, 103.02, 95.2, 1.8
sb_0__8_.mux_bottom_track_1.mux_l2_in_0_, 103.02, 95.2, 1.8
sb_0__8_.mux_bottom_track_45.sky130_fd_sc_hd__buf_4_0_, 103.02, 95.2, 1.8
sb_0__8_.mux_bottom_track_5.mux_l2_in_0__160, 103.02, 95.2, 1.8
PHY_56, 5.52, 89.76, 1.8
PHY_58, 5.52, 89.76, 1.8
PHY_57, 129.26, 89.76, 1.8
PHY_59, 129.26, 89.76, 1.8
FILLER_29_51, 28.02, 89.76, 1.8
FILLER_30_53, 28.02, 89.76, 1.8
sb_0__8_.mem_right_track_12.sky130_fd_sc_hd__dfrtp_1_0_, 28.02, 89.76, 1.8
FILLER_28_69, 40.52, 89.76, 1.8
FILLER_30_80, 40.52, 89.76, 1.8
cby_0__8_.cby_0__1_.mem_right_ipin_2.sky130_fd_sc_hd__dfrtp_1_2_, 40.52, 89.76, 1.8
cby_0__8_.cby_0__1_.mux_right_ipin_1.mux_l4_in_0_, 40.52, 89.76, 1.8
sb_0__8_.mux_right_track_0.mux_l2_in_1__164, 40.52, 89.76, 1.8
FILLER_28_90, 53.02, 89.76, 1.8
FILLER_29_104, 53.02, 89.76, 1.8
FILLER_29_91, 53.02, 89.76, 1.8
FILLER_30_106, 53.02, 89.76, 1.8
cby_0__8_.cby_0__1_.mem_right_ipin_3.sky130_fd_sc_hd__dfrtp_1_1_, 53.02, 89.76, 1.8
sb_0__8_.mux_right_track_10.mux_l3_in_0_, 53.02, 89.76, 1.8
sb_0__8_.mux_right_track_12.mux_l2_in_0_, 53.02, 89.76, 1.8
FILLER_28_153, 78.02, 89.76, 1.8
FILLER_29_158, 78.02, 89.76, 1.8
FILLER_30_165, 78.02, 89.76, 1.8
sb_0__8_.mem_right_track_32.sky130_fd_sc_hd__dfrtp_1_1_, 78.02, 89.76, 1.8
sb_0__8_.mux_bottom_track_29.sky130_fd_sc_hd__buf_4_0_, 78.02, 89.76, 1.8
sb_0__8_.mux_right_track_34.mux_l1_in_0_, 78.02, 89.76, 1.8
FILLER_28_172, 90.52, 89.76, 1.8
FILLER_28_180, 90.52, 89.76, 1.8
FILLER_30_191, 90.52, 89.76, 1.8
sb_0__8_.mux_right_track_32.mux_l2_in_0_, 90.52, 89.76, 1.8
FILLER_29_203, 103.02, 89.76, 1.8
FILLER_29_212, 103.02, 89.76, 1.8
FILLER_29_219, 103.02, 89.76, 1.8
FILLER_29_225, 103.02, 89.76, 1.8
FILLER_30_218, 103.02, 89.76, 1.8
_127_, 103.02, 89.76, 1.8
sb_0__8_.mem_bottom_track_1.sky130_fd_sc_hd__dfrtp_1_0_, 103.02, 89.76, 1.8
sb_0__8_.mux_bottom_track_33.sky130_fd_sc_hd__buf_4_0_, 103.02, 89.76, 1.8
sb_0__8_.mux_bottom_track_35.sky130_fd_sc_hd__buf_4_0_, 103.02, 89.76, 1.8
sb_0__8_.mux_right_track_30.sky130_fd_sc_hd__buf_4_0_, 103.02, 89.76, 1.8
FILLER_30_258, 122.39, 89.76, 1.8
_125_, 122.39, 89.76, 1.8
PHY_52, 5.52, 84.32, 1.8
PHY_54, 5.52, 84.32, 1.8
PHY_53, 129.26, 84.32, 1.8
PHY_55, 129.26, 84.32, 1.8
FILLER_27_51, 28.02, 84.32, 1.8
FILLER_27_80, 40.52, 84.32, 1.8
sb_0__8_.mux_right_track_0.mux_l2_in_1_, 40.52, 84.32, 1.8
sb_0__8_.mux_right_track_8.mux_l2_in_1_, 40.52, 84.32, 1.8
sb_0__8_.mux_right_track_8.mux_l2_in_1__193, 40.52, 84.32, 1.8
FILLER_26_97, 53.02, 84.32, 1.8
FILLER_27_113, 53.02, 84.32, 1.8
FILLER_27_95, 53.02, 84.32, 1.8
cby_0__8_.cby_0__1_.mux_right_ipin_2.mux_l3_in_0_, 53.02, 84.32, 1.8
clkbuf_4_2_0_prog_clk, 53.02, 84.32, 1.8
FILLER_26_155, 78.02, 84.32, 1.8
FILLER_27_165, 78.02, 84.32, 1.8
FILLER_28_161, 78.02, 84.32, 1.8
_136_, 78.02, 84.32, 1.8
sb_0__8_.mem_right_track_28.sky130_fd_sc_hd__dfrtp_1_0_, 78.02, 84.32, 1.8
sb_0__8_.mux_bottom_track_19.sky130_fd_sc_hd__buf_4_0_, 78.02, 84.32, 1.8
sb_0__8_.mux_right_track_18.mux_l2_in_0_, 78.02, 84.32, 1.8
sb_0__8_.mux_right_track_30.mux_l1_in_1__176, 78.02, 84.32, 1.8
FILLER_27_175, 90.52, 84.32, 1.8
FILLER_27_189, 90.52, 84.32, 1.8
FILLER_27_196, 90.52, 84.32, 1.8
FILLER_28_192, 90.52, 84.32, 1.8
clkbuf_4_6_0_prog_clk, 90.52, 84.32, 1.8
sb_0__8_.mux_bottom_track_7.sky130_fd_sc_hd__buf_4_0_, 90.52, 84.32, 1.8
sb_0__8_.mux_right_track_18.sky130_fd_sc_hd__buf_4_0_, 90.52, 84.32, 1.8
FILLER_26_210, 103.02, 84.32, 1.8
FILLER_27_206, 103.02, 84.32, 1.8
FILLER_27_225, 103.02, 84.32, 1.8
FILLER_28_219, 103.02, 84.32, 1.8
clkbuf_4_7_0_prog_clk, 103.02, 84.32, 1.8
sb_0__8_.mux_bottom_track_51.mux_l2_in_0_, 103.02, 84.32, 1.8
sb_0__8_.mux_right_track_28.sky130_fd_sc_hd__buf_4_0_, 103.02, 84.32, 1.8
output96, 122.39, 84.32, 1.8
sb_0__8_.mux_bottom_track_3.mux_l2_in_0_, 122.39, 84.32, 1.8
PHY_48, 5.52, 78.88, 1.8
PHY_50, 5.52, 78.88, 1.8
PHY_49, 129.26, 78.88, 1.8
PHY_51, 129.26, 78.88, 1.8
FILLER_25_51, 28.02, 78.88, 1.8
cby_0__8_.cby_0__1_.mem_right_ipin_0.sky130_fd_sc_hd__dfrtp_1_3_, 28.02, 78.88, 1.8
FILLER_26_77, 40.52, 78.88, 1.8
FILLER_25_108, 53.02, 78.88, 1.8
FILLER_25_113, 53.02, 78.88, 1.8
FILLER_25_91, 53.02, 78.88, 1.8
FILLER_26_110, 53.02, 78.88, 1.8
cby_0__8_.cby_0__1_.mux_right_ipin_2.mux_l2_in_2_, 53.02, 78.88, 1.8
sb_0__8_.mem_right_track_18.sky130_fd_sc_hd__dfrtp_1_1_, 53.02, 78.88, 1.8
FILLER_25_155, 78.02, 78.88, 1.8
FILLER_25_162, 78.02, 78.88, 1.8
FILLER_25_169, 78.02, 78.88, 1.8
FILLER_26_168, 78.02, 78.88, 1.8
sb_0__8_.mux_right_track_18.mux_l1_in_0_, 78.02, 78.88, 1.8
sb_0__8_.mux_right_track_18.mux_l2_in_0__169, 78.02, 78.88, 1.8
sb_0__8_.mux_right_track_30.mux_l1_in_1_, 78.02, 78.88, 1.8
FILLER_25_178, 90.52, 78.88, 1.8
FILLER_25_185, 90.52, 78.88, 1.8
FILLER_25_192, 90.52, 78.88, 1.8
FILLER_26_189, 90.52, 78.88, 1.8
_137_, 90.52, 78.88, 1.8
sb_0__8_.mux_bottom_track_15.sky130_fd_sc_hd__buf_4_0_, 90.52, 78.88, 1.8
sb_0__8_.mux_bottom_track_17.sky130_fd_sc_hd__buf_4_0_, 90.52, 78.88, 1.8
FILLER_26_217, 103.02, 78.88, 1.8
FILLER_26_224, 103.02, 78.88, 1.8
sb_0__8_.mem_right_track_44.sky130_fd_sc_hd__dfrtp_1_1_, 103.02, 78.88, 1.8
sb_0__8_.mem_right_track_46.sky130_fd_sc_hd__dfrtp_1_0_, 103.02, 78.88, 1.8
sb_0__8_.mux_bottom_track_11.sky130_fd_sc_hd__buf_4_0_, 103.02, 78.88, 1.8
sb_0__8_.mux_bottom_track_13.sky130_fd_sc_hd__buf_4_0_, 103.02, 78.88, 1.8
FILLER_25_247, 122.39, 78.88, 1.8
FILLER_25_254, 122.39, 78.88, 1.8
FILLER_25_261, 122.39, 78.88, 1.8
FILLER_26_258, 122.39, 78.88, 1.8
_118_, 122.39, 78.88, 1.8
sb_0__8_.mux_bottom_track_3.mux_l2_in_0__153, 122.39, 78.88, 1.8
sb_0__8_.mux_bottom_track_51.mux_l2_in_0__161, 122.39, 78.88, 1.8
PHY_44, 5.52, 73.44, 1.8
PHY_46, 5.52, 73.44, 1.8
PHY_45, 129.26, 73.44, 1.8
PHY_47, 129.26, 73.44, 1.8
FILLER_23_51, 28.02, 73.44, 1.8
FILLER_24_77, 40.52, 73.44, 1.8
cby_0__8_.cby_0__1_.mem_right_ipin_1.sky130_fd_sc_hd__dfrtp_1_0_, 40.52, 73.44, 1.8
cby_0__8_.cby_0__1_.mux_right_ipin_0.mux_l3_in_1_, 40.52, 73.44, 1.8
FILLER_22_93, 53.02, 73.44, 1.8
FILLER_23_107, 53.02, 73.44, 1.8
FILLER_23_94, 53.02, 73.44, 1.8
FILLER_24_108, 53.02, 73.44, 1.8
cby_0__8_.cby_0__1_.mem_right_ipin_2.sky130_fd_sc_hd__dfrtp_1_1_, 53.02, 73.44, 1.8
cby_0__8_.cby_0__1_.mux_right_ipin_0.mux_l3_in_0_, 53.02, 73.44, 1.8
cby_0__8_.cby_0__1_.mux_right_ipin_3.mux_l2_in_1_, 53.02, 73.44, 1.8
FILLER_24_161, 78.02, 73.44, 1.8
sb_0__8_.mem_right_track_34.sky130_fd_sc_hd__dfrtp_1_0_, 78.02, 73.44, 1.8
sb_0__8_.mux_right_track_32.mux_l1_in_1_, 78.02, 73.44, 1.8
sb_0__8_.mux_right_track_32.mux_l1_in_1__177, 78.02, 73.44, 1.8
FILLER_22_175, 90.52, 73.44, 1.8
FILLER_23_181, 90.52, 73.44, 1.8
FILLER_23_194, 90.52, 73.44, 1.8
FILLER_24_185, 90.52, 73.44, 1.8
FILLER_24_193, 90.52, 73.44, 1.8
sb_0__8_.mux_bottom_track_1.sky130_fd_sc_hd__buf_4_0_, 90.52, 73.44, 1.8
sb_0__8_.mux_right_track_26.mux_l2_in_0__174, 90.52, 73.44, 1.8
FILLER_22_205, 103.02, 73.44, 1.8
FILLER_23_209, 103.02, 73.44, 1.8
FILLER_23_225, 103.02, 73.44, 1.8
FILLER_24_219, 103.02, 73.44, 1.8
sb_0__8_.mux_bottom_track_9.sky130_fd_sc_hd__buf_4_0_, 103.02, 73.44, 1.8
sb_0__8_.mux_right_track_32.sky130_fd_sc_hd__buf_4_0_, 103.02, 73.44, 1.8
sb_0__8_.mux_right_track_44.mux_l2_in_0_, 103.02, 73.44, 1.8
sb_0__8_.mux_right_track_46.mux_l2_in_0_, 103.02, 73.44, 1.8
FILLER_24_258, 122.39, 73.44, 1.8
_119_, 122.39, 73.44, 1.8
output91, 122.39, 73.44, 1.8
PHY_40, 5.52, 68, 1.8
PHY_42, 5.52, 68, 1.8
PHY_41, 129.26, 68, 1.8
PHY_43, 129.26, 68, 1.8
FILLER_21_51, 28.02, 68, 1.8
FILLER_22_53, 28.02, 68, 1.8
cby_0__8_.cby_0__1_.mem_right_ipin_1.sky130_fd_sc_hd__dfrtp_1_3_, 28.02, 68, 1.8
FILLER_21_69, 40.52, 68, 1.8
FILLER_22_77, 40.52, 68, 1.8
FILLER_22_85, 40.52, 68, 1.8
cby_0__8_.cby_0__1_.mem_right_ipin_2.sky130_fd_sc_hd__dfrtp_1_0_, 40.52, 68, 1.8
FILLER_20_97, 53.02, 68, 1.8
FILLER_21_95, 53.02, 68, 1.8
cby_0__8_.cby_0__1_.mux_right_ipin_0.mux_l2_in_3__194, 53.02, 68, 1.8
clkbuf_4_0_0_prog_clk, 53.02, 68, 1.8
sb_0__8_.mem_right_track_20.sky130_fd_sc_hd__dfrtp_1_0_, 53.02, 68, 1.8
FILLER_21_158, 78.02, 68, 1.8
cby_0__8_.cby_0__1_.mux_right_ipin_1.mux_l1_in_3_, 78.02, 68, 1.8
sb_0__8_.mem_right_track_58.sky130_fd_sc_hd__dfrtp_1_1_, 78.02, 68, 1.8
sb_0__8_.mux_right_track_26.mux_l2_in_0_, 78.02, 68, 1.8
FILLER_20_174, 90.52, 68, 1.8
FILLER_21_191, 90.52, 68, 1.8
FILLER_22_197, 90.52, 68, 1.8
_142_, 90.52, 68, 1.8
FILLER_20_210, 103.02, 68, 1.8
FILLER_21_203, 103.02, 68, 1.8
FILLER_21_210, 103.02, 68, 1.8
FILLER_21_218, 103.02, 68, 1.8
FILLER_21_225, 103.02, 68, 1.8
FILLER_22_223, 103.02, 68, 1.8
_134_, 103.02, 68, 1.8
clkbuf_4_5_0_prog_clk, 103.02, 68, 1.8
sb_0__8_.mux_bottom_track_5.sky130_fd_sc_hd__buf_4_0_, 103.02, 68, 1.8
sb_0__8_.mux_right_track_26.sky130_fd_sc_hd__buf_4_0_, 103.02, 68, 1.8
FILLER_22_258, 122.39, 68, 1.8
_120_, 122.39, 68, 1.8
output90, 122.39, 68, 1.8
PHY_36, 5.52, 62.56, 1.8
PHY_38, 5.52, 62.56, 1.8
PHY_37, 129.26, 62.56, 1.8
PHY_39, 129.26, 62.56, 1.8
FILLER_19_51, 28.02, 62.56, 1.8
FILLER_19_57, 28.02, 62.56, 1.8
FILLER_20_53, 28.02, 62.56, 1.8
cby_0__8_.cby_0__1_.mem_right_ipin_0.sky130_fd_sc_hd__dfrtp_1_2_, 28.02, 62.56, 1.8
sb_0__8_.mux_right_track_10.mux_l2_in_1_, 28.02, 62.56, 1.8
FILLER_18_65, 40.52, 62.56, 1.8
FILLER_18_71, 40.52, 62.56, 1.8
FILLER_19_69, 40.52, 62.56, 1.8
FILLER_19_82, 40.52, 62.56, 1.8
FILLER_20_78, 40.52, 62.56, 1.8
FILLER_20_85, 40.52, 62.56, 1.8
cby_0__8_.cby_0__1_.mux_right_ipin_0.mux_l2_in_2_, 40.52, 62.56, 1.8
cby_0__8_.cby_0__1_.mux_right_ipin_1.mux_l3_in_1_, 40.52, 62.56, 1.8
sb_0__8_.mux_right_track_10.mux_l2_in_1__165, 40.52, 62.56, 1.8
sb_0__8_.mux_right_track_12.mux_l1_in_1_, 40.52, 62.56, 1.8
FILLER_19_113, 53.02, 62.56, 1.8
FILLER_19_95, 53.02, 62.56, 1.8
cby_0__8_.cby_0__1_.mux_right_ipin_0.mux_l2_in_3_, 53.02, 62.56, 1.8
cby_0__8_.cby_0__1_.mux_right_ipin_1.mux_l3_in_0_, 53.02, 62.56, 1.8
FILLER_19_146, 78.02, 62.56, 1.8
FILLER_19_159, 78.02, 62.56, 1.8
cby_0__8_.cby_0__1_.mux_right_ipin_0.mux_l1_in_3_, 78.02, 62.56, 1.8
sb_0__8_.mux_right_track_58.mux_l2_in_0_, 78.02, 62.56, 1.8
FILLER_19_180, 90.52, 62.56, 1.8
FILLER_19_187, 90.52, 62.56, 1.8
FILLER_20_185, 90.52, 62.56, 1.8
FILLER_20_193, 90.52, 62.56, 1.8
_143_, 90.52, 62.56, 1.8
clkbuf_4_4_0_prog_clk, 90.52, 62.56, 1.8
sb_0__8_.mux_right_track_20.sky130_fd_sc_hd__buf_4_0_, 90.52, 62.56, 1.8
sb_0__8_.mux_right_track_46.mux_l1_in_1_, 90.52, 62.56, 1.8
FILLER_18_203, 103.02, 62.56, 1.8
FILLER_19_200, 103.02, 62.56, 1.8
FILLER_19_207, 103.02, 62.56, 1.8
FILLER_20_223, 103.02, 62.56, 1.8
_144_, 103.02, 62.56, 1.8
sb_0__8_.mem_right_track_44.sky130_fd_sc_hd__dfrtp_1_0_, 103.02, 62.56, 1.8
sb_0__8_.mux_bottom_track_51.sky130_fd_sc_hd__buf_4_0_, 103.02, 62.56, 1.8
sb_0__8_.mux_right_track_48.mux_l2_in_0_, 103.02, 62.56, 1.8
sb_0__8_.mux_right_track_50.mux_l1_in_0_, 103.02, 62.56, 1.8
FILLER_19_258, 122.39, 62.56, 1.8
FILLER_20_258, 122.39, 62.56, 1.8
_117_, 122.39, 62.56, 1.8
PHY_32, 5.52, 57.12, 1.8
PHY_34, 5.52, 57.12, 1.8
PHY_33, 129.26, 57.12, 1.8
PHY_35, 129.26, 57.12, 1.8
FILLER_17_51, 28.02, 57.12, 1.8
FILLER_17_57, 28.02, 57.12, 1.8
FILLER_17_87, 40.52, 57.12, 1.8
FILLER_18_80, 40.52, 57.12, 1.8
cby_0__8_.cby_0__1_.mem_right_ipin_1.sky130_fd_sc_hd__dfrtp_1_2_, 40.52, 57.12, 1.8
sb_0__8_.mux_right_track_12.mux_l1_in_1__166, 40.52, 57.12, 1.8
FILLER_17_103, 53.02, 57.12, 1.8
FILLER_17_113, 53.02, 57.12, 1.8
FILLER_18_108, 53.02, 57.12, 1.8
cby_0__8_.cby_0__1_.mux_right_ipin_1.mux_l2_in_2_, 53.02, 57.12, 1.8
cby_0__8_.cby_0__1_.mux_right_ipin_2.mux_l2_in_1_, 53.02, 57.12, 1.8
FILLER_17_165, 78.02, 57.12, 1.8
FILLER_18_165, 78.02, 57.12, 1.8
sb_0__8_.mem_right_track_34.sky130_fd_sc_hd__dfrtp_1_1_, 78.02, 57.12, 1.8
sb_0__8_.mux_right_track_34.mux_l2_in_0_, 78.02, 57.12, 1.8
FILLER_16_178, 90.52, 57.12, 1.8
FILLER_17_180, 90.52, 57.12, 1.8
FILLER_17_193, 90.52, 57.12, 1.8
FILLER_18_186, 90.52, 57.12, 1.8
_145_, 90.52, 57.12, 1.8
sb_0__8_.mux_right_track_24.sky130_fd_sc_hd__buf_4_0_, 90.52, 57.12, 1.8
sb_0__8_.mux_right_track_42.mux_l1_in_0_, 90.52, 57.12, 1.8
sb_0__8_.mux_right_track_44.mux_l1_in_1_, 90.52, 57.12, 1.8
FILLER_16_202, 103.02, 57.12, 1.8
FILLER_16_210, 103.02, 57.12, 1.8
FILLER_17_210, 103.02, 57.12, 1.8
FILLER_17_218, 103.02, 57.12, 1.8
FILLER_17_225, 103.02, 57.12, 1.8
_150_, 103.02, 57.12, 1.8
_151_, 103.02, 57.12, 1.8
sb_0__8_.mux_right_track_44.mux_l1_in_1__184, 103.02, 57.12, 1.8
sb_0__8_.mux_right_track_48.mux_l1_in_1_, 103.02, 57.12, 1.8
FILLER_17_259, 122.39, 57.12, 1.8
FILLER_18_258, 122.39, 57.12, 1.8
sb_0__8_.mux_right_track_46.sky130_fd_sc_hd__buf_4_0_, 122.39, 57.12, 1.8
PHY_28, 5.52, 51.68, 1.8
PHY_30, 5.52, 51.68, 1.8
PHY_29, 129.26, 51.68, 1.8
PHY_31, 129.26, 51.68, 1.8
FILLER_15_51, 28.02, 51.68, 1.8
FILLER_15_69, 40.52, 51.68, 1.8
FILLER_16_77, 40.52, 51.68, 1.8
cby_0__8_.cby_0__1_.mem_right_ipin_0.sky130_fd_sc_hd__dfrtp_1_1_, 40.52, 51.68, 1.8
sb_0__8_.mem_right_track_20.sky130_fd_sc_hd__dfrtp_1_1_, 40.52, 51.68, 1.8
FILLER_15_113, 53.02, 51.68, 1.8
FILLER_15_98, 53.02, 51.68, 1.8
FILLER_16_107, 53.02, 51.68, 1.8
cby_0__8_.cby_0__1_.mux_right_ipin_1.mux_l2_in_3__195, 53.02, 51.68, 1.8
sb_0__8_.mux_right_track_20.mux_l1_in_0_, 53.02, 51.68, 1.8
FILLER_15_146, 78.02, 51.68, 1.8
FILLER_15_154, 78.02, 51.68, 1.8
FILLER_15_169, 78.02, 51.68, 1.8
FILLER_16_168, 78.02, 51.68, 1.8
cby_0__8_.cby_0__1_.mux_right_ipin_0.mux_l1_in_2_, 78.02, 51.68, 1.8
cby_0__8_.cby_0__1_.mux_right_ipin_2.mux_l1_in_1_, 78.02, 51.68, 1.8
FILLER_14_174, 90.52, 51.68, 1.8
FILLER_14_181, 90.52, 51.68, 1.8
FILLER_15_181, 90.52, 51.68, 1.8
FILLER_15_198, 90.52, 51.68, 1.8
FILLER_16_191, 90.52, 51.68, 1.8
_110_, 90.52, 51.68, 1.8
_141_, 90.52, 51.68, 1.8
sb_0__8_.mux_right_track_22.sky130_fd_sc_hd__buf_4_0_, 90.52, 51.68, 1.8
FILLER_14_203, 103.02, 51.68, 1.8
FILLER_14_211, 103.02, 51.68, 1.8
FILLER_16_217, 103.02, 51.68, 1.8
FILLER_16_224, 103.02, 51.68, 1.8
_146_, 103.02, 51.68, 1.8
_147_, 103.02, 51.68, 1.8
sb_0__8_.mem_right_track_42.sky130_fd_sc_hd__dfrtp_1_1_, 103.02, 51.68, 1.8
sb_0__8_.mux_right_track_34.sky130_fd_sc_hd__buf_4_0_, 103.02, 51.68, 1.8
sb_0__8_.mux_right_track_48.mux_l1_in_1__186, 103.02, 51.68, 1.8
FILLER_16_258, 122.39, 51.68, 1.8
output86, 122.39, 51.68, 1.8
sb_0__8_.mux_right_track_48.sky130_fd_sc_hd__buf_4_0_, 122.39, 51.68, 1.8
PHY_24, 5.52, 46.24, 1.8
PHY_26, 5.52, 46.24, 1.8
PHY_25, 129.26, 46.24, 1.8
PHY_27, 129.26, 46.24, 1.8
FILLER_13_51, 28.02, 46.24, 1.8
FILLER_14_77, 40.52, 46.24, 1.8
FILLER_14_85, 40.52, 46.24, 1.8
cby_0__8_.cby_0__1_.mem_right_ipin_1.sky130_fd_sc_hd__dfrtp_1_1_, 40.52, 46.24, 1.8
FILLER_13_105, 53.02, 46.24, 1.8
FILLER_14_110, 53.02, 46.24, 1.8
sb_0__8_.mem_right_track_26.sky130_fd_sc_hd__dfrtp_1_0_, 53.02, 46.24, 1.8
sb_0__8_.mux_right_track_20.mux_l2_in_0_, 53.02, 46.24, 1.8
FILLER_12_152, 78.02, 46.24, 1.8
FILLER_13_149, 78.02, 46.24, 1.8
FILLER_13_162, 78.02, 46.24, 1.8
FILLER_13_169, 78.02, 46.24, 1.8
FILLER_14_167, 78.02, 46.24, 1.8
_140_, 78.02, 46.24, 1.8
cby_0__8_.cby_0__1_.mux_right_ipin_1.mux_l1_in_2_, 78.02, 46.24, 1.8
FILLER_12_183, 90.52, 46.24, 1.8
FILLER_13_176, 90.52, 46.24, 1.8
cby_0__8_.cby_0__1_.mux_right_ipin_1.mux_l1_in_1_, 90.52, 46.24, 1.8
sb_0__8_.mem_right_track_58.sky130_fd_sc_hd__dfrtp_1_0_, 90.52, 46.24, 1.8
sb_0__8_.mux_right_track_50.mux_l2_in_0__187, 90.52, 46.24, 1.8
sb_0__8_.mux_right_track_56.mux_l1_in_0_, 90.52, 46.24, 1.8
FILLER_12_210, 103.02, 46.24, 1.8
FILLER_13_200, 103.02, 46.24, 1.8
FILLER_13_213, 103.02, 46.24, 1.8
FILLER_13_220, 103.02, 46.24, 1.8
FILLER_13_225, 103.02, 46.24, 1.8
FILLER_14_224, 103.02, 46.24, 1.8
sb_0__8_.mux_right_track_42.mux_l2_in_0_, 103.02, 46.24, 1.8
sb_0__8_.mux_right_track_52.mux_l1_in_0_, 103.02, 46.24, 1.8
sb_0__8_.mux_right_track_56.mux_l2_in_0_, 103.02, 46.24, 1.8
sb_0__8_.mux_right_track_56.mux_l2_in_0__190, 103.02, 46.24, 1.8
FILLER_14_258, 122.39, 46.24, 1.8
_116_, 122.39, 46.24, 1.8
output85, 122.39, 46.24, 1.8
PHY_20, 5.52, 40.8, 1.8
PHY_22, 5.52, 40.8, 1.8
PHY_21, 129.26, 40.8, 1.8
PHY_23, 129.26, 40.8, 1.8
FILLER_11_51, 28.02, 40.8, 1.8
FILLER_12_77, 40.52, 40.8, 1.8
sb_0__8_.mem_right_track_22.sky130_fd_sc_hd__dfrtp_1_0_, 40.52, 40.8, 1.8
FILLER_10_97, 53.02, 40.8, 1.8
FILLER_12_107, 53.02, 40.8, 1.8
cby_0__8_.cby_0__1_.mux_right_ipin_0.mux_l2_in_0_, 53.02, 40.8, 1.8
sb_0__8_.mux_right_track_22.mux_l1_in_0_, 53.02, 40.8, 1.8
sb_0__8_.mux_right_track_58.mux_l1_in_1_, 53.02, 40.8, 1.8
sb_0__8_.mux_right_track_58.mux_l1_in_1__191, 53.02, 40.8, 1.8
FILLER_10_152, 78.02, 40.8, 1.8
FILLER_11_159, 78.02, 40.8, 1.8
FILLER_12_170, 78.02, 40.8, 1.8
_109_, 78.02, 40.8, 1.8
_112_, 78.02, 40.8, 1.8
cby_0__8_.cby_0__1_.mux_right_ipin_2.mux_l1_in_0_, 78.02, 40.8, 1.8
sb_0__8_.mux_right_track_24.mux_l2_in_0__173, 78.02, 40.8, 1.8
sb_0__8_.mux_right_track_40.mux_l1_in_0_, 78.02, 40.8, 1.8
FILLER_10_179, 90.52, 40.8, 1.8
FILLER_11_180, 90.52, 40.8, 1.8
FILLER_11_197, 90.52, 40.8, 1.8
FILLER_12_197, 90.52, 40.8, 1.8
sb_0__8_.mux_right_track_40.mux_l2_in_0_, 90.52, 40.8, 1.8
sb_0__8_.mux_right_track_58.sky130_fd_sc_hd__buf_4_0_, 90.52, 40.8, 1.8
FILLER_10_203, 103.02, 40.8, 1.8
FILLER_11_225, 103.02, 40.8, 1.8
_156_, 103.02, 40.8, 1.8
output133, 103.02, 40.8, 1.8
output94, 103.02, 40.8, 1.8
sb_0__8_.mem_right_track_56.sky130_fd_sc_hd__dfrtp_1_1_, 103.02, 40.8, 1.8
FILLER_10_253, 122.39, 40.8, 1.8
FILLER_12_258, 122.39, 40.8, 1.8
_111_, 122.39, 40.8, 1.8
output84, 122.39, 40.8, 1.8
PHY_16, 5.52, 35.36, 1.8
PHY_18, 5.52, 35.36, 1.8
PHY_17, 129.26, 35.36, 1.8
PHY_19, 129.26, 35.36, 1.8
FILLER_9_51, 28.02, 35.36, 1.8
FILLER_10_77, 40.52, 35.36, 1.8
FILLER_9_81, 40.52, 35.36, 1.8
sb_0__8_.mem_right_track_22.sky130_fd_sc_hd__dfrtp_1_1_, 40.52, 35.36, 1.8
FILLER_10_109, 53.02, 35.36, 1.8
FILLER_8_97, 53.02, 35.36, 1.8
FILLER_9_105, 53.02, 35.36, 1.8
sb_0__8_.mux_right_track_22.mux_l2_in_0_, 53.02, 35.36, 1.8
sb_0__8_.mux_right_track_24.mux_l1_in_0_, 53.02, 35.36, 1.8
FILLER_10_166, 78.02, 35.36, 1.8
FILLER_8_147, 78.02, 35.36, 1.8
FILLER_9_157, 78.02, 35.36, 1.8
FILLER_9_169, 78.02, 35.36, 1.8
_149_, 78.02, 35.36, 1.8
cby_0__8_.cby_0__1_.mux_right_ipin_1.mux_l1_in_0_, 78.02, 35.36, 1.8
sb_0__8_.mux_right_track_38.mux_l1_in_0_, 78.02, 35.36, 1.8
FILLER_8_174, 90.52, 35.36, 1.8
FILLER_9_176, 90.52, 35.36, 1.8
_148_, 90.52, 35.36, 1.8
output106, 90.52, 35.36, 1.8
sb_0__8_.mem_right_track_42.sky130_fd_sc_hd__dfrtp_1_0_, 90.52, 35.36, 1.8
sb_0__8_.mux_right_track_54.mux_l1_in_0_, 90.52, 35.36, 1.8
FILLER_9_200, 103.02, 35.36, 1.8
FILLER_9_225, 103.02, 35.36, 1.8
output107, 103.02, 35.36, 1.8
sb_0__8_.mem_right_track_56.sky130_fd_sc_hd__dfrtp_1_0_, 103.02, 35.36, 1.8
FILLER_10_259, 122.39, 35.36, 1.8
FILLER_8_248, 122.39, 35.36, 1.8
_115_, 122.39, 35.36, 1.8
output111, 122.39, 35.36, 1.8
PHY_12, 5.52, 29.92, 1.8
PHY_14, 5.52, 29.92, 1.8
PHY_13, 129.26, 29.92, 1.8
PHY_15, 129.26, 29.92, 1.8
FILLER_7_51, 28.02, 29.92, 1.8
FILLER_8_77, 40.52, 29.92, 1.8
FILLER_6_93, 53.02, 29.92, 1.8
FILLER_7_105, 53.02, 29.92, 1.8
sb_0__8_.mem_right_track_24.sky130_fd_sc_hd__dfrtp_1_0_, 53.02, 29.92, 1.8
sb_0__8_.mem_right_track_24.sky130_fd_sc_hd__dfrtp_1_1_, 53.02, 29.92, 1.8
FILLER_6_146, 78.02, 29.92, 1.8
FILLER_6_154, 78.02, 29.92, 1.8
FILLER_7_163, 78.02, 29.92, 1.8
FILLER_8_160, 78.02, 29.92, 1.8
_157_, 78.02, 29.92, 1.8
sb_0__8_.mem_right_track_40.sky130_fd_sc_hd__dfrtp_1_1_, 78.02, 29.92, 1.8
sb_0__8_.mux_right_track_36.mux_l2_in_0_, 78.02, 29.92, 1.8
sb_0__8_.mux_right_track_38.mux_l2_in_0_, 78.02, 29.92, 1.8
FILLER_6_174, 90.52, 29.92, 1.8
FILLER_7_191, 90.52, 29.92, 1.8
FILLER_7_198, 90.52, 29.92, 1.8
FILLER_8_197, 90.52, 29.92, 1.8
_154_, 90.52, 29.92, 1.8
output132, 90.52, 29.92, 1.8
FILLER_6_203, 103.02, 29.92, 1.8
FILLER_8_224, 103.02, 29.92, 1.8
_155_, 103.02, 29.92, 1.8
output125, 103.02, 29.92, 1.8
output130, 103.02, 29.92, 1.8
FILLER_6_253, 122.39, 29.92, 1.8
output110, 122.39, 29.92, 1.8
sb_0__8_.mux_right_track_52.mux_l2_in_0_, 122.39, 29.92, 1.8
PHY_10, 5.52, 24.48, 1.8
PHY_8, 5.52, 24.48, 1.8
PHY_11, 129.26, 24.48, 1.8
PHY_9, 129.26, 24.48, 1.8
FILLER_5_51, 28.02, 24.48, 1.8
cby_0__8_.cby_0__1_.mem_right_ipin_0.sky130_fd_sc_hd__dfrtp_1_0_, 28.02, 24.48, 1.8
FILLER_6_77, 40.52, 24.48, 1.8
FILLER_6_85, 40.52, 24.48, 1.8
FILLER_5_105, 53.02, 24.48, 1.8
FILLER_4_149, 78.02, 24.48, 1.8
FILLER_5_150, 78.02, 24.48, 1.8
_105_, 78.02, 24.48, 1.8
output105, 78.02, 24.48, 1.8
sb_0__8_.mem_right_track_38.sky130_fd_sc_hd__dfrtp_1_1_, 78.02, 24.48, 1.8
sb_0__8_.mem_right_track_40.sky130_fd_sc_hd__dfrtp_1_0_, 78.02, 24.48, 1.8
sb_0__8_.mux_right_track_36.mux_l2_in_0__179, 78.02, 24.48, 1.8
FILLER_4_173, 90.52, 24.48, 1.8
FILLER_5_191, 90.52, 24.48, 1.8
FILLER_5_198, 90.52, 24.48, 1.8
output116, 90.52, 24.48, 1.8
sb_0__8_.mux_right_track_38.mux_l2_in_0__180, 90.52, 24.48, 1.8
FILLER_6_225, 103.02, 24.48, 1.8
output120, 103.02, 24.48, 1.8
sb_0__8_.mem_right_track_54.sky130_fd_sc_hd__dfrtp_1_1_, 103.02, 24.48, 1.8
FILLER_6_259, 122.39, 24.48, 1.8
_158_, 122.39, 24.48, 1.8
output109, 122.39, 24.48, 1.8
sb_0__8_.mux_right_track_42.sky130_fd_sc_hd__buf_4_0_, 122.39, 24.48, 1.8
FILLER_3_8, 5.52, 19.04, 1.8
PHY_4, 5.52, 19.04, 1.8
PHY_6, 5.52, 19.04, 1.8
input2, 5.52, 19.04, 1.8
FILLER_3_263, 129.26, 19.04, 1.8
PHY_5, 129.26, 19.04, 1.8
PHY_7, 129.26, 19.04, 1.8
FILLER_2_37, 28.02, 19.04, 1.8
FILLER_3_48, 28.02, 19.04, 1.8
input35, 28.02, 19.04, 1.8
input61, 28.02, 19.04, 1.8
FILLER_4_78, 40.52, 19.04, 1.8
FILLER_2_96, 53.02, 19.04, 1.8
FILLER_3_113, 53.02, 19.04, 1.8
input46, 53.02, 19.04, 1.8
input49, 53.02, 19.04, 1.8
FILLER_3_159, 78.02, 19.04, 1.8
_106_, 78.02, 19.04, 1.8
output142, 78.02, 19.04, 1.8
FILLER_2_179, 90.52, 19.04, 1.8
FILLER_3_187, 90.52, 19.04, 1.8
FILLER_4_193, 90.52, 19.04, 1.8
output118, 90.52, 19.04, 1.8
sb_0__8_.mux_right_track_54.sky130_fd_sc_hd__buf_4_0_, 90.52, 19.04, 1.8
FILLER_3_207, 103.02, 19.04, 1.8
FILLER_3_220, 103.02, 19.04, 1.8
FILLER_4_215, 103.02, 19.04, 1.8
output117, 103.02, 19.04, 1.8
output122, 103.02, 19.04, 1.8
sb_0__8_.mux_right_track_54.mux_l2_in_0_, 103.02, 19.04, 1.8
FILLER_4_259, 122.39, 19.04, 1.8
_162_, 122.39, 19.04, 1.8
output127, 122.39, 19.04, 1.8
FILLER_1_3, 5.52, 13.6, 1.8
PHY_0, 5.52, 13.6, 1.8
PHY_2, 5.52, 13.6, 1.8
input58, 5.52, 13.6, 1.8
PHY_1, 129.26, 13.6, 1.8
PHY_3, 129.26, 13.6, 1.8
FILLER_0_40, 28.02, 13.6, 1.8
FILLER_0_57, 28.02, 13.6, 1.8
FILLER_1_57, 28.02, 13.6, 1.8
FILLER_2_51, 28.02, 13.6, 1.8
input34, 28.02, 13.6, 1.8
input36, 28.02, 13.6, 1.8
input37, 28.02, 13.6, 1.8
input62, 28.02, 13.6, 1.8
FILLER_0_68, 40.52, 13.6, 1.8
FILLER_1_68, 40.52, 13.6, 1.8
FILLER_1_75, 40.52, 13.6, 1.8
FILLER_1_82, 40.52, 13.6, 1.8
FILLER_1_89, 40.52, 13.6, 1.8
FILLER_2_80, 40.52, 13.6, 1.8
FILLER_2_85, 40.52, 13.6, 1.8
input38, 40.52, 13.6, 1.8
input39, 40.52, 13.6, 1.8
input40, 40.52, 13.6, 1.8
input41, 40.52, 13.6, 1.8
input42, 40.52, 13.6, 1.8
input43, 40.52, 13.6, 1.8
input45, 40.52, 13.6, 1.8
input47, 40.52, 13.6, 1.8
FILLER_0_90, 53.02, 13.6, 1.8
FILLER_1_103, 53.02, 13.6, 1.8
FILLER_1_96, 53.02, 13.6, 1.8
FILLER_2_104, 53.02, 13.6, 1.8
input48, 53.02, 13.6, 1.8
input50, 53.02, 13.6, 1.8
input51, 53.02, 13.6, 1.8
input52, 53.02, 13.6, 1.8
input53, 53.02, 13.6, 1.8
input54, 53.02, 13.6, 1.8
output83, 53.02, 13.6, 1.8
FILLER_0_161, 78.02, 13.6, 1.8
FILLER_1_145, 78.02, 13.6, 1.8
FILLER_1_165, 78.02, 13.6, 1.8
FILLER_2_159, 78.02, 13.6, 1.8
output137, 78.02, 13.6, 1.8
output138, 78.02, 13.6, 1.8
output139, 78.02, 13.6, 1.8
output140, 78.02, 13.6, 1.8
output141, 78.02, 13.6, 1.8
FILLER_0_187, 90.52, 13.6, 1.8
FILLER_1_187, 90.52, 13.6, 1.8
FILLER_2_186, 90.52, 13.6, 1.8
_107_, 90.52, 13.6, 1.8
_160_, 90.52, 13.6, 1.8
output114, 90.52, 13.6, 1.8
FILLER_0_215, 103.02, 13.6, 1.8
FILLER_1_207, 103.02, 13.6, 1.8
FILLER_1_215, 103.02, 13.6, 1.8
FILLER_2_215, 103.02, 13.6, 1.8
_159_, 103.02, 13.6, 1.8
output115, 103.02, 13.6, 1.8
output121, 103.02, 13.6, 1.8
sb_0__8_.mux_right_track_38.sky130_fd_sc_hd__buf_4_0_, 103.02, 13.6, 1.8
sb_0__8_.mux_right_track_54.mux_l2_in_0__189, 103.02, 13.6, 1.8
FILLER_0_258, 122.39, 13.6, 1.8
FILLER_2_259, 122.39, 13.6, 1.8
_104_, 122.39, 13.6, 1.8
sb_0__8_.mux_right_track_50.sky130_fd_sc_hd__buf_4_0_, 122.39, 13.6, 1.8
sb_0__8_.mux_right_track_52.mux_l2_in_0__188, 122.39, 13.6, 1.8

