
===========================================================================
report_checks -path_delay min (Hold)
============================================================================
Startpoint: gfpga_pad_io_soc_in[0] (input port clocked by clk0)
Endpoint: right_width_0_height_0_subtile_3__pin_inpad_0_
          (output port clocked by clk0)
Path Group: clk0
Path Type: min

Fanout     Cap    Slew   Delay    Time   Description
-----------------------------------------------------------------------------
                  0.00    0.00    0.00   clock clk0 (rise edge)
                          0.00    0.00   clock network delay (ideal)
                         -0.50   -0.50 v input external delay
                  0.50    0.00   -0.50 v gfpga_pad_io_soc_in[0] (in)
     2    0.00                           gfpga_pad_io_soc_in[0] (net)
                  0.50    0.00   -0.50 v input63/A (sky130_fd_sc_hd__clkbuf_1)
                  0.06    0.24   -0.26 v input63/X (sky130_fd_sc_hd__clkbuf_1)
     1    0.01                           net63 (net)
                  0.06    0.00   -0.26 v cby_0__8_.grid_io_left_left_0__1_.logical_tile_io_mode_io__3.logical_tile_io_mode_physical__iopad_0.io_0_.IN_PROTECT_GATE/A (sky130_fd_sc_hd__ebufn_8)
                  0.00    0.30    0.04 v cby_0__8_.grid_io_left_left_0__1_.logical_tile_io_mode_io__3.logical_tile_io_mode_physical__iopad_0.io_0_.IN_PROTECT_GATE/Z (sky130_fd_sc_hd__ebufn_8)
    11    0.14                           right_width_0_height_0_subtile_3__pin_inpad_0_ (net)
                  0.00    0.05    0.09 v right_width_0_height_0_subtile_3__pin_inpad_0_ (out)
                                  0.09   data arrival time

                  0.00    0.00    0.00   clock clk0 (rise edge)
                          0.00    0.00   clock network delay (ideal)
                          0.10    0.10   clock uncertainty
                          0.00    0.10   clock reconvergence pessimism
                         -3.00   -2.90   output external delay
                                 -2.90   data required time
-----------------------------------------------------------------------------
                                 -2.90   data required time
                                 -0.09   data arrival time
-----------------------------------------------------------------------------
                                  2.99   slack (MET)


Startpoint: gfpga_pad_io_soc_in[1] (input port clocked by clk0)
Endpoint: right_width_0_height_0_subtile_2__pin_inpad_0_
          (output port clocked by clk0)
Path Group: clk0
Path Type: min

Fanout     Cap    Slew   Delay    Time   Description
-----------------------------------------------------------------------------
                  0.00    0.00    0.00   clock clk0 (rise edge)
                          0.00    0.00   clock network delay (ideal)
                         -0.50   -0.50 v input external delay
                  0.50    0.00   -0.50 v gfpga_pad_io_soc_in[1] (in)
     2    0.00                           gfpga_pad_io_soc_in[1] (net)
                  0.50    0.00   -0.50 v input64/A (sky130_fd_sc_hd__clkbuf_1)
                  0.06    0.24   -0.26 v input64/X (sky130_fd_sc_hd__clkbuf_1)
     1    0.01                           net64 (net)
                  0.06    0.00   -0.26 v cby_0__8_.grid_io_left_left_0__1_.logical_tile_io_mode_io__2.logical_tile_io_mode_physical__iopad_0.io_0_.IN_PROTECT_GATE/A (sky130_fd_sc_hd__ebufn_8)
                  0.00    0.31    0.04 v cby_0__8_.grid_io_left_left_0__1_.logical_tile_io_mode_io__2.logical_tile_io_mode_physical__iopad_0.io_0_.IN_PROTECT_GATE/Z (sky130_fd_sc_hd__ebufn_8)
    11    0.14                           right_width_0_height_0_subtile_2__pin_inpad_0_ (net)
                  0.00    0.06    0.10 v right_width_0_height_0_subtile_2__pin_inpad_0_ (out)
                                  0.10   data arrival time

                  0.00    0.00    0.00   clock clk0 (rise edge)
                          0.00    0.00   clock network delay (ideal)
                          0.10    0.10   clock uncertainty
                          0.00    0.10   clock reconvergence pessimism
                         -3.00   -2.90   output external delay
                                 -2.90   data required time
-----------------------------------------------------------------------------
                                 -2.90   data required time
                                 -0.10   data arrival time
-----------------------------------------------------------------------------
                                  3.00   slack (MET)


Startpoint: gfpga_pad_io_soc_in[2] (input port clocked by clk0)
Endpoint: right_width_0_height_0_subtile_1__pin_inpad_0_
          (output port clocked by clk0)
Path Group: clk0
Path Type: min

Fanout     Cap    Slew   Delay    Time   Description
-----------------------------------------------------------------------------
                  0.00    0.00    0.00   clock clk0 (rise edge)
                          0.00    0.00   clock network delay (ideal)
                         -0.50   -0.50 v input external delay
                  0.50    0.00   -0.50 v gfpga_pad_io_soc_in[2] (in)
     2    0.00                           gfpga_pad_io_soc_in[2] (net)
                  0.50    0.00   -0.50 v input65/A (sky130_fd_sc_hd__clkbuf_1)
                  0.07    0.24   -0.26 v input65/X (sky130_fd_sc_hd__clkbuf_1)
     1    0.01                           net65 (net)
                  0.07    0.00   -0.25 v cby_0__8_.grid_io_left_left_0__1_.logical_tile_io_mode_io__1.logical_tile_io_mode_physical__iopad_0.io_0_.IN_PROTECT_GATE/A (sky130_fd_sc_hd__ebufn_8)
                  0.00    0.30    0.04 v cby_0__8_.grid_io_left_left_0__1_.logical_tile_io_mode_io__1.logical_tile_io_mode_physical__iopad_0.io_0_.IN_PROTECT_GATE/Z (sky130_fd_sc_hd__ebufn_8)
    11    0.14                           right_width_0_height_0_subtile_1__pin_inpad_0_ (net)
                  0.00    0.06    0.11 v right_width_0_height_0_subtile_1__pin_inpad_0_ (out)
                                  0.11   data arrival time

                  0.00    0.00    0.00   clock clk0 (rise edge)
                          0.00    0.00   clock network delay (ideal)
                          0.10    0.10   clock uncertainty
                          0.00    0.10   clock reconvergence pessimism
                         -3.00   -2.90   output external delay
                                 -2.90   data required time
-----------------------------------------------------------------------------
                                 -2.90   data required time
                                 -0.11   data arrival time
-----------------------------------------------------------------------------
                                  3.01   slack (MET)


Startpoint: gfpga_pad_io_soc_in[3] (input port clocked by clk0)
Endpoint: right_width_0_height_0_subtile_0__pin_inpad_0_
          (output port clocked by clk0)
Path Group: clk0
Path Type: min

Fanout     Cap    Slew   Delay    Time   Description
-----------------------------------------------------------------------------
                  0.00    0.00    0.00   clock clk0 (rise edge)
                          0.00    0.00   clock network delay (ideal)
                         -0.50   -0.50 v input external delay
                  0.50    0.00   -0.50 v gfpga_pad_io_soc_in[3] (in)
     2    0.00                           gfpga_pad_io_soc_in[3] (net)
                  0.50    0.00   -0.50 v input66/A (sky130_fd_sc_hd__clkbuf_1)
                  0.08    0.25   -0.25 v input66/X (sky130_fd_sc_hd__clkbuf_1)
     1    0.01                           net66 (net)
                  0.08    0.00   -0.25 v cby_0__8_.grid_io_left_left_0__1_.logical_tile_io_mode_io__0.logical_tile_io_mode_physical__iopad_0.io_0_.IN_PROTECT_GATE/A (sky130_fd_sc_hd__ebufn_8)
                  0.00    0.31    0.06 v cby_0__8_.grid_io_left_left_0__1_.logical_tile_io_mode_io__0.logical_tile_io_mode_physical__iopad_0.io_0_.IN_PROTECT_GATE/Z (sky130_fd_sc_hd__ebufn_8)
    11    0.14                           right_width_0_height_0_subtile_0__pin_inpad_0_ (net)
                  0.00    0.06    0.11 v right_width_0_height_0_subtile_0__pin_inpad_0_ (out)
                                  0.11   data arrival time

                  0.00    0.00    0.00   clock clk0 (rise edge)
                          0.00    0.00   clock network delay (ideal)
                          0.10    0.10   clock uncertainty
                          0.00    0.10   clock reconvergence pessimism
                         -3.00   -2.90   output external delay
                                 -2.90   data required time
-----------------------------------------------------------------------------
                                 -2.90   data required time
                                 -0.11   data arrival time
-----------------------------------------------------------------------------
                                  3.01   slack (MET)


Startpoint: chanx_right_in[11] (input port clocked by clk0)
Endpoint: chany_bottom_out_0[19] (output port clocked by clk0)
Path Group: clk0
Path Type: min

Fanout     Cap    Slew   Delay    Time   Description
-----------------------------------------------------------------------------
                  0.00    0.00    0.00   clock clk0 (rise edge)
                          0.00    0.00   clock network delay (ideal)
                         -0.50   -0.50 v input external delay
                  0.50    0.00   -0.50 v chanx_right_in[11] (in)
     2    0.01                           chanx_right_in[11] (net)
                  0.50    0.00   -0.50 v input5/A (sky130_fd_sc_hd__clkbuf_1)
                  0.14    0.30   -0.20 v input5/X (sky130_fd_sc_hd__clkbuf_1)
     2    0.02                           net5 (net)
                  0.14    0.00   -0.20 v _153_/A (sky130_fd_sc_hd__clkbuf_2)
                  0.08    0.18   -0.02 v _153_/X (sky130_fd_sc_hd__clkbuf_2)
     1    0.02                           net119 (net)
                  0.08    0.00   -0.02 v output119/A (sky130_fd_sc_hd__buf_12)
                  0.07    0.18    0.16 v output119/X (sky130_fd_sc_hd__buf_12)
     1    0.12                           chany_bottom_out_0[19] (net)
                  0.08    0.01    0.16 v chany_bottom_out_0[19] (out)
                                  0.16   data arrival time

                  0.00    0.00    0.00   clock clk0 (rise edge)
                          0.00    0.00   clock network delay (ideal)
                          0.10    0.10   clock uncertainty
                          0.00    0.10   clock reconvergence pessimism
                         -3.00   -2.90   output external delay
                                 -2.90   data required time
-----------------------------------------------------------------------------
                                 -2.90   data required time
                                 -0.16   data arrival time
-----------------------------------------------------------------------------
                                  3.06   slack (MET)


Startpoint: cby_0__8_.cby_0__1_.mem_right_ipin_1.sky130_fd_sc_hd__dfrtp_1_2_
            (rising edge-triggered flip-flop clocked by prog_clk)
Endpoint: cby_0__8_.cby_0__1_.mem_right_ipin_1.sky130_fd_sc_hd__dfrtp_1_3_
          (rising edge-triggered flip-flop clocked by prog_clk)
Path Group: prog_clk
Path Type: min

Fanout     Cap    Slew   Delay    Time   Description
-----------------------------------------------------------------------------
                          0.00    0.00   clock prog_clk (rise edge)
                          0.00    0.00   clock source latency
                  0.50    0.00    0.00 ^ prog_clk (in)
     2    0.04                           prog_clk (net)
                  0.50    0.00    0.00 ^ clkbuf_0_prog_clk/A (sky130_fd_sc_hd__clkbuf_16)
                  0.15    0.31    0.31 ^ clkbuf_0_prog_clk/X (sky130_fd_sc_hd__clkbuf_16)
    32    0.14                           clknet_0_prog_clk (net)
                  0.15    0.01    0.32 ^ clkbuf_4_0_0_prog_clk/A (sky130_fd_sc_hd__clkbuf_8)
                  0.08    0.18    0.50 ^ clkbuf_4_0_0_prog_clk/X (sky130_fd_sc_hd__clkbuf_8)
    10    0.04                           clknet_4_0_0_prog_clk (net)
                  0.08    0.00    0.50 ^ cby_0__8_.cby_0__1_.mem_right_ipin_1.sky130_fd_sc_hd__dfrtp_1_2_/CLK (sky130_fd_sc_hd__dfrtp_1)
                  0.15    0.39    0.89 ^ cby_0__8_.cby_0__1_.mem_right_ipin_1.sky130_fd_sc_hd__dfrtp_1_2_/Q (sky130_fd_sc_hd__dfrtp_1)
     3    0.02                           cby_0__8_.cby_0__1_.mem_right_ipin_1.mem_out[2] (net)
                  0.15    0.00    0.89 ^ cby_0__8_.cby_0__1_.mem_right_ipin_1.sky130_fd_sc_hd__dfrtp_1_3_/D (sky130_fd_sc_hd__dfrtp_1)
                                  0.89   data arrival time

                          0.00    0.00   clock prog_clk (rise edge)
                          0.00    0.00   clock source latency
                  0.50    0.00    0.00 ^ prog_clk (in)
     2    0.04                           prog_clk (net)
                  0.50    0.00    0.00 ^ clkbuf_0_prog_clk/A (sky130_fd_sc_hd__clkbuf_16)
                  0.15    0.34    0.35 ^ clkbuf_0_prog_clk/X (sky130_fd_sc_hd__clkbuf_16)
    32    0.14                           clknet_0_prog_clk (net)
                  0.15    0.01    0.35 ^ clkbuf_4_0_0_prog_clk/A (sky130_fd_sc_hd__clkbuf_8)
                  0.08    0.20    0.55 ^ clkbuf_4_0_0_prog_clk/X (sky130_fd_sc_hd__clkbuf_8)
    10    0.04                           clknet_4_0_0_prog_clk (net)
                  0.08    0.00    0.55 ^ cby_0__8_.cby_0__1_.mem_right_ipin_1.sky130_fd_sc_hd__dfrtp_1_3_/CLK (sky130_fd_sc_hd__dfrtp_1)
                          0.10    0.65   clock uncertainty
                         -0.05    0.60   clock reconvergence pessimism
                         -0.05    0.55   library hold time
                                  0.55   data required time
-----------------------------------------------------------------------------
                                  0.55   data required time
                                 -0.89   data arrival time
-----------------------------------------------------------------------------
                                  0.34   slack (MET)


Startpoint: sb_0__8_.mem_right_track_14.sky130_fd_sc_hd__dfrtp_1_0_
            (rising edge-triggered flip-flop clocked by prog_clk)
Endpoint: sb_0__8_.mem_right_track_14.sky130_fd_sc_hd__dfrtp_1_1_
          (rising edge-triggered flip-flop clocked by prog_clk)
Path Group: prog_clk
Path Type: min

Fanout     Cap    Slew   Delay    Time   Description
-----------------------------------------------------------------------------
                          0.00    0.00   clock prog_clk (rise edge)
                          0.00    0.00   clock source latency
                  0.50    0.00    0.00 ^ prog_clk (in)
     2    0.04                           prog_clk (net)
                  0.50    0.00    0.00 ^ clkbuf_0_prog_clk/A (sky130_fd_sc_hd__clkbuf_16)
                  0.15    0.31    0.31 ^ clkbuf_0_prog_clk/X (sky130_fd_sc_hd__clkbuf_16)
    32    0.14                           clknet_0_prog_clk (net)
                  0.15    0.00    0.32 ^ clkbuf_4_3_0_prog_clk/A (sky130_fd_sc_hd__clkbuf_8)
                  0.07    0.18    0.49 ^ clkbuf_4_3_0_prog_clk/X (sky130_fd_sc_hd__clkbuf_8)
     9    0.03                           clknet_4_3_0_prog_clk (net)
                  0.07    0.00    0.49 ^ sb_0__8_.mem_right_track_14.sky130_fd_sc_hd__dfrtp_1_0_/CLK (sky130_fd_sc_hd__dfrtp_1)
                  0.16    0.40    0.89 ^ sb_0__8_.mem_right_track_14.sky130_fd_sc_hd__dfrtp_1_0_/Q (sky130_fd_sc_hd__dfrtp_1)
     3    0.02                           sb_0__8_.mem_right_track_14.mem_out[0] (net)
                  0.16    0.00    0.89 ^ sb_0__8_.mem_right_track_14.sky130_fd_sc_hd__dfrtp_1_1_/D (sky130_fd_sc_hd__dfrtp_1)
                                  0.89   data arrival time

                          0.00    0.00   clock prog_clk (rise edge)
                          0.00    0.00   clock source latency
                  0.50    0.00    0.00 ^ prog_clk (in)
     2    0.04                           prog_clk (net)
                  0.50    0.00    0.00 ^ clkbuf_0_prog_clk/A (sky130_fd_sc_hd__clkbuf_16)
                  0.15    0.34    0.35 ^ clkbuf_0_prog_clk/X (sky130_fd_sc_hd__clkbuf_16)
    32    0.14                           clknet_0_prog_clk (net)
                  0.15    0.01    0.35 ^ clkbuf_4_3_0_prog_clk/A (sky130_fd_sc_hd__clkbuf_8)
                  0.07    0.19    0.55 ^ clkbuf_4_3_0_prog_clk/X (sky130_fd_sc_hd__clkbuf_8)
     9    0.03                           clknet_4_3_0_prog_clk (net)
                  0.07    0.00    0.55 ^ sb_0__8_.mem_right_track_14.sky130_fd_sc_hd__dfrtp_1_1_/CLK (sky130_fd_sc_hd__dfrtp_1)
                          0.10    0.65   clock uncertainty
                         -0.05    0.59   clock reconvergence pessimism
                         -0.06    0.54   library hold time
                                  0.54   data required time
-----------------------------------------------------------------------------
                                  0.54   data required time
                                 -0.89   data arrival time
-----------------------------------------------------------------------------
                                  0.35   slack (MET)


Startpoint: cby_0__8_.cby_0__1_.mem_right_ipin_2.sky130_fd_sc_hd__dfrtp_1_2_
            (rising edge-triggered flip-flop clocked by prog_clk)
Endpoint: cby_0__8_.cby_0__1_.mem_right_ipin_2.sky130_fd_sc_hd__dfrtp_1_3_
          (rising edge-triggered flip-flop clocked by prog_clk)
Path Group: prog_clk
Path Type: min

Fanout     Cap    Slew   Delay    Time   Description
-----------------------------------------------------------------------------
                          0.00    0.00   clock prog_clk (rise edge)
                          0.00    0.00   clock source latency
                  0.50    0.00    0.00 ^ prog_clk (in)
     2    0.04                           prog_clk (net)
                  0.50    0.00    0.00 ^ clkbuf_0_prog_clk/A (sky130_fd_sc_hd__clkbuf_16)
                  0.15    0.31    0.31 ^ clkbuf_0_prog_clk/X (sky130_fd_sc_hd__clkbuf_16)
    32    0.14                           clknet_0_prog_clk (net)
                  0.15    0.01    0.32 ^ clkbuf_4_2_0_prog_clk/A (sky130_fd_sc_hd__clkbuf_8)
                  0.08    0.18    0.50 ^ clkbuf_4_2_0_prog_clk/X (sky130_fd_sc_hd__clkbuf_8)
    12    0.04                           clknet_4_2_0_prog_clk (net)
                  0.08    0.00    0.50 ^ cby_0__8_.cby_0__1_.mem_right_ipin_2.sky130_fd_sc_hd__dfrtp_1_2_/CLK (sky130_fd_sc_hd__dfrtp_1)
                  0.17    0.40    0.90 ^ cby_0__8_.cby_0__1_.mem_right_ipin_2.sky130_fd_sc_hd__dfrtp_1_2_/Q (sky130_fd_sc_hd__dfrtp_1)
     3    0.02                           cby_0__8_.cby_0__1_.mem_right_ipin_2.mem_out[2] (net)
                  0.17    0.00    0.90 ^ cby_0__8_.cby_0__1_.mem_right_ipin_2.sky130_fd_sc_hd__dfrtp_1_3_/D (sky130_fd_sc_hd__dfrtp_1)
                                  0.90   data arrival time

                          0.00    0.00   clock prog_clk (rise edge)
                          0.00    0.00   clock source latency
                  0.50    0.00    0.00 ^ prog_clk (in)
     2    0.04                           prog_clk (net)
                  0.50    0.00    0.00 ^ clkbuf_0_prog_clk/A (sky130_fd_sc_hd__clkbuf_16)
                  0.15    0.34    0.35 ^ clkbuf_0_prog_clk/X (sky130_fd_sc_hd__clkbuf_16)
    32    0.14                           clknet_0_prog_clk (net)
                  0.15    0.01    0.35 ^ clkbuf_4_2_0_prog_clk/A (sky130_fd_sc_hd__clkbuf_8)
                  0.08    0.20    0.55 ^ clkbuf_4_2_0_prog_clk/X (sky130_fd_sc_hd__clkbuf_8)
    12    0.04                           clknet_4_2_0_prog_clk (net)
                  0.08    0.00    0.55 ^ cby_0__8_.cby_0__1_.mem_right_ipin_2.sky130_fd_sc_hd__dfrtp_1_3_/CLK (sky130_fd_sc_hd__dfrtp_1)
                          0.10    0.65   clock uncertainty
                         -0.05    0.60   clock reconvergence pessimism
                         -0.06    0.54   library hold time
                                  0.54   data required time
-----------------------------------------------------------------------------
                                  0.54   data required time
                                 -0.90   data arrival time
-----------------------------------------------------------------------------
                                  0.36   slack (MET)


Startpoint: sb_0__8_.mem_right_track_30.sky130_fd_sc_hd__dfrtp_1_0_
            (rising edge-triggered flip-flop clocked by prog_clk)
Endpoint: sb_0__8_.mem_right_track_30.sky130_fd_sc_hd__dfrtp_1_1_
          (rising edge-triggered flip-flop clocked by prog_clk)
Path Group: prog_clk
Path Type: min

Fanout     Cap    Slew   Delay    Time   Description
-----------------------------------------------------------------------------
                          0.00    0.00   clock prog_clk (rise edge)
                          0.00    0.00   clock source latency
                  0.50    0.00    0.00 ^ prog_clk (in)
     2    0.04                           prog_clk (net)
                  0.50    0.00    0.00 ^ clkbuf_0_prog_clk/A (sky130_fd_sc_hd__clkbuf_16)
                  0.15    0.31    0.31 ^ clkbuf_0_prog_clk/X (sky130_fd_sc_hd__clkbuf_16)
    32    0.14                           clknet_0_prog_clk (net)
                  0.15    0.00    0.32 ^ clkbuf_4_6_0_prog_clk/A (sky130_fd_sc_hd__clkbuf_8)
                  0.06    0.17    0.49 ^ clkbuf_4_6_0_prog_clk/X (sky130_fd_sc_hd__clkbuf_8)
     6    0.03                           clknet_4_6_0_prog_clk (net)
                  0.06    0.00    0.49 ^ sb_0__8_.mem_right_track_30.sky130_fd_sc_hd__dfrtp_1_0_/CLK (sky130_fd_sc_hd__dfrtp_1)
                  0.17    0.40    0.89 ^ sb_0__8_.mem_right_track_30.sky130_fd_sc_hd__dfrtp_1_0_/Q (sky130_fd_sc_hd__dfrtp_1)
     3    0.02                           sb_0__8_.mem_right_track_30.mem_out[0] (net)
                  0.17    0.00    0.89 ^ sb_0__8_.mem_right_track_30.sky130_fd_sc_hd__dfrtp_1_1_/D (sky130_fd_sc_hd__dfrtp_1)
                                  0.89   data arrival time

                          0.00    0.00   clock prog_clk (rise edge)
                          0.00    0.00   clock source latency
                  0.50    0.00    0.00 ^ prog_clk (in)
     2    0.04                           prog_clk (net)
                  0.50    0.00    0.00 ^ clkbuf_0_prog_clk/A (sky130_fd_sc_hd__clkbuf_16)
                  0.15    0.34    0.35 ^ clkbuf_0_prog_clk/X (sky130_fd_sc_hd__clkbuf_16)
    32    0.14                           clknet_0_prog_clk (net)
                  0.15    0.00    0.35 ^ clkbuf_4_6_0_prog_clk/A (sky130_fd_sc_hd__clkbuf_8)
                  0.06    0.19    0.54 ^ clkbuf_4_6_0_prog_clk/X (sky130_fd_sc_hd__clkbuf_8)
     6    0.03                           clknet_4_6_0_prog_clk (net)
                  0.06    0.00    0.54 ^ sb_0__8_.mem_right_track_30.sky130_fd_sc_hd__dfrtp_1_1_/CLK (sky130_fd_sc_hd__dfrtp_1)
                          0.10    0.64   clock uncertainty
                         -0.05    0.59   clock reconvergence pessimism
                         -0.06    0.53   library hold time
                                  0.53   data required time
-----------------------------------------------------------------------------
                                  0.53   data required time
                                 -0.89   data arrival time
-----------------------------------------------------------------------------
                                  0.36   slack (MET)


Startpoint: sb_0__8_.mem_right_track_2.sky130_fd_sc_hd__dfrtp_1_1_
            (rising edge-triggered flip-flop clocked by prog_clk)
Endpoint: sb_0__8_.mem_right_track_2.sky130_fd_sc_hd__dfrtp_1_2_
          (rising edge-triggered flip-flop clocked by prog_clk)
Path Group: prog_clk
Path Type: min

Fanout     Cap    Slew   Delay    Time   Description
-----------------------------------------------------------------------------
                          0.00    0.00   clock prog_clk (rise edge)
                          0.00    0.00   clock source latency
                  0.50    0.00    0.00 ^ prog_clk (in)
     2    0.04                           prog_clk (net)
                  0.50    0.00    0.00 ^ clkbuf_0_prog_clk/A (sky130_fd_sc_hd__clkbuf_16)
                  0.15    0.31    0.31 ^ clkbuf_0_prog_clk/X (sky130_fd_sc_hd__clkbuf_16)
    32    0.14                           clknet_0_prog_clk (net)
                  0.15    0.00    0.32 ^ clkbuf_4_8_0_prog_clk/A (sky130_fd_sc_hd__clkbuf_8)
                  0.05    0.16    0.47 ^ clkbuf_4_8_0_prog_clk/X (sky130_fd_sc_hd__clkbuf_8)
     5    0.02                           clknet_4_8_0_prog_clk (net)
                  0.05    0.00    0.47 ^ sb_0__8_.mem_right_track_2.sky130_fd_sc_hd__dfrtp_1_1_/CLK (sky130_fd_sc_hd__dfrtp_1)
                  0.18    0.40    0.87 ^ sb_0__8_.mem_right_track_2.sky130_fd_sc_hd__dfrtp_1_1_/Q (sky130_fd_sc_hd__dfrtp_1)
     3    0.02                           sb_0__8_.mem_right_track_2.mem_out[1] (net)
                  0.18    0.00    0.87 ^ sb_0__8_.mem_right_track_2.sky130_fd_sc_hd__dfrtp_1_2_/D (sky130_fd_sc_hd__dfrtp_1)
                                  0.87   data arrival time

                          0.00    0.00   clock prog_clk (rise edge)
                          0.00    0.00   clock source latency
                  0.50    0.00    0.00 ^ prog_clk (in)
     2    0.04                           prog_clk (net)
                  0.50    0.00    0.00 ^ clkbuf_0_prog_clk/A (sky130_fd_sc_hd__clkbuf_16)
                  0.15    0.34    0.35 ^ clkbuf_0_prog_clk/X (sky130_fd_sc_hd__clkbuf_16)
    32    0.14                           clknet_0_prog_clk (net)
                  0.15    0.00    0.35 ^ clkbuf_4_8_0_prog_clk/A (sky130_fd_sc_hd__clkbuf_8)
                  0.05    0.17    0.52 ^ clkbuf_4_8_0_prog_clk/X (sky130_fd_sc_hd__clkbuf_8)
     5    0.02                           clknet_4_8_0_prog_clk (net)
                  0.05    0.00    0.52 ^ sb_0__8_.mem_right_track_2.sky130_fd_sc_hd__dfrtp_1_2_/CLK (sky130_fd_sc_hd__dfrtp_1)
                          0.10    0.62   clock uncertainty
                         -0.05    0.57   clock reconvergence pessimism
                         -0.06    0.51   library hold time
                                  0.51   data required time
-----------------------------------------------------------------------------
                                  0.51   data required time
                                 -0.87   data arrival time
-----------------------------------------------------------------------------
                                  0.36   slack (MET)


