Instance name,  X location,  Y location,  Voltage 
FILLER_94_233, 115.52, 269.28, 1.8
FILLER_95_242, 115.52, 269.28, 1.8
input1, 115.52, 269.28, 1.8
input75, 115.52, 269.28, 1.8
ANTENNA_input1_A, 115.52, 263.84, 1.8
input76, 115.52, 263.84, 1.8
FILLER_92_245, 115.52, 258.4, 1.8
FILLER_90_245, 115.52, 252.96, 1.8
FILLER_88_245, 115.52, 247.52, 1.8
FILLER_86_245, 115.52, 242.08, 1.8
FILLER_84_245, 115.52, 236.64, 1.8
FILLER_82_245, 115.52, 231.2, 1.8
ANTENNA_sb_0__8_.mem_right_track_0.sky130_fd_sc_hd__dfrtp_1_0__RESET_B, 115.52, 225.76, 1.8
FILLER_80_245, 115.52, 225.76, 1.8
FILLER_78_246, 115.52, 220.32, 1.8
FILLER_76_245, 115.52, 214.88, 1.8
FILLER_74_245, 115.52, 209.44, 1.8
FILLER_72_245, 115.52, 204, 1.8
FILLER_70_245, 115.52, 198.56, 1.8
FILLER_68_245, 115.52, 193.12, 1.8
FILLER_66_245, 115.52, 187.68, 1.8
FILLER_64_245, 115.52, 182.24, 1.8
ANTENNA_sb_0__8_.mux_bottom_track_45.mux_l1_in_0__A0, 115.52, 176.8, 1.8
FILLER_60_227, 115.52, 176.8, 1.8
FILLER_62_245, 115.52, 176.8, 1.8
sb_0__8_.mux_bottom_track_45.mux_l1_in_0_, 115.52, 176.8, 1.8
sb_0__8_.mux_bottom_track_47.mux_l1_in_0_, 115.52, 176.8, 1.8
FILLER_59_235, 115.52, 171.36, 1.8
FILLER_60_244, 115.52, 171.36, 1.8
hold38, 115.52, 171.36, 1.8
hold46, 115.52, 171.36, 1.8
ANTENNA_sb_0__8_.mem_bottom_track_47.sky130_fd_sc_hd__dfrtp_1_0__RESET_B, 115.52, 165.92, 1.8
sb_0__8_.mem_bottom_track_45.sky130_fd_sc_hd__dfrtp_1_0_, 115.52, 165.92, 1.8
sb_0__8_.mem_bottom_track_45.sky130_fd_sc_hd__dfrtp_1_1_, 115.52, 165.92, 1.8
FILLER_54_232, 115.52, 160.48, 1.8
FILLER_55_239, 115.52, 160.48, 1.8
clkbuf_4_15_0_prog_clk, 115.52, 160.48, 1.8
hold51, 115.52, 160.48, 1.8
sb_0__8_.mem_bottom_track_35.sky130_fd_sc_hd__dfrtp_1_1_, 115.52, 160.48, 1.8
FILLER_52_233, 115.52, 155.04, 1.8
FILLER_54_244, 115.52, 155.04, 1.8
hold53, 115.52, 155.04, 1.8
sb_0__8_.mem_bottom_track_33.sky130_fd_sc_hd__dfrtp_1_1_, 115.52, 155.04, 1.8
ANTENNA_clkbuf_4_13_0_prog_clk_A, 115.52, 149.6, 1.8
ANTENNA_input3_A, 115.52, 149.6, 1.8
FILLER_50_236, 115.52, 149.6, 1.8
FILLER_51_236, 115.52, 149.6, 1.8
input3, 115.52, 149.6, 1.8
sb_0__8_.mem_bottom_track_35.sky130_fd_sc_hd__dfrtp_1_0_, 115.52, 149.6, 1.8
sb_0__8_.mux_bottom_track_45.mux_l2_in_0_, 115.52, 149.6, 1.8
FILLER_48_232, 115.52, 144.16, 1.8
FILLER_49_235, 115.52, 144.16, 1.8
FILLER_50_243, 115.52, 144.16, 1.8
clkbuf_4_13_0_prog_clk, 115.52, 144.16, 1.8
hold16, 115.52, 144.16, 1.8
sb_0__8_.mux_bottom_track_33.mux_l2_in_0__147, 115.52, 144.16, 1.8
sb_0__8_.mux_bottom_track_51.mux_l1_in_0_, 115.52, 144.16, 1.8
FILLER_46_237, 115.52, 138.72, 1.8
sb_0__8_.mem_bottom_track_15.sky130_fd_sc_hd__dfrtp_1_0_, 115.52, 138.72, 1.8
sb_0__8_.mux_bottom_track_15.mux_l1_in_0_, 115.52, 138.72, 1.8
FILLER_44_229, 115.52, 133.28, 1.8
FILLER_45_235, 115.52, 133.28, 1.8
hold14, 115.52, 133.28, 1.8
sb_0__8_.mem_bottom_track_13.sky130_fd_sc_hd__dfrtp_1_1_, 115.52, 133.28, 1.8
sb_0__8_.mux_bottom_track_33.mux_l2_in_0_, 115.52, 133.28, 1.8
sb_0__8_.mux_bottom_track_9.mux_l1_in_0_, 115.52, 133.28, 1.8
ANTENNA_sb_0__8_.mux_bottom_track_15.mux_l1_in_0__A0, 115.52, 127.84, 1.8
ANTENNA_sb_0__8_.mux_bottom_track_7.mux_l1_in_0__A0, 115.52, 127.84, 1.8
FILLER_42_230, 115.52, 127.84, 1.8
FILLER_44_243, 115.52, 127.84, 1.8
output100, 115.52, 127.84, 1.8
sb_0__8_.mem_bottom_track_13.sky130_fd_sc_hd__dfrtp_1_0_, 115.52, 127.84, 1.8
sb_0__8_.mux_bottom_track_7.mux_l1_in_0_, 115.52, 127.84, 1.8
ANTENNA_sb_0__8_.mem_bottom_track_9.sky130_fd_sc_hd__dfrtp_1_0__RESET_B, 115.52, 122.4, 1.8
FILLER_41_241, 115.52, 122.4, 1.8
sb_0__8_.mem_bottom_track_11.sky130_fd_sc_hd__dfrtp_1_1_, 115.52, 122.4, 1.8
sb_0__8_.mem_bottom_track_9.sky130_fd_sc_hd__dfrtp_1_1_, 115.52, 122.4, 1.8
sb_0__8_.mux_bottom_track_13.mux_l2_in_0_, 115.52, 122.4, 1.8
FILLER_38_230, 115.52, 116.96, 1.8
FILLER_39_235, 115.52, 116.96, 1.8
hold95, 115.52, 116.96, 1.8
output98, 115.52, 116.96, 1.8
sb_0__8_.mem_bottom_track_11.sky130_fd_sc_hd__dfrtp_1_0_, 115.52, 116.96, 1.8
FILLER_37_244, 115.52, 111.52, 1.8
output97, 115.52, 111.52, 1.8
FILLER_34_230, 115.52, 106.08, 1.8
FILLER_35_236, 115.52, 106.08, 1.8
FILLER_36_242, 115.52, 106.08, 1.8
_128_, 115.52, 106.08, 1.8
output96, 115.52, 106.08, 1.8
sb_0__8_.mem_bottom_track_5.sky130_fd_sc_hd__dfrtp_1_1_, 115.52, 106.08, 1.8
sb_0__8_.mux_bottom_track_9.mux_l2_in_0_, 115.52, 106.08, 1.8
ANTENNA_sb_0__8_.mux_right_track_44.mux_l1_in_0__A1, 115.52, 100.64, 1.8
FILLER_33_229, 115.52, 100.64, 1.8
FILLER_33_240, 115.52, 100.64, 1.8
hold57, 115.52, 100.64, 1.8
sb_0__8_.mem_bottom_track_3.sky130_fd_sc_hd__dfrtp_1_0_, 115.52, 100.64, 1.8
sb_0__8_.mem_bottom_track_5.sky130_fd_sc_hd__dfrtp_1_0_, 115.52, 100.64, 1.8
ANTENNA_sb_0__8_.mem_bottom_track_1.sky130_fd_sc_hd__dfrtp_1_1__RESET_B, 115.52, 95.2, 1.8
FILLER_31_238, 115.52, 95.2, 1.8
output93, 115.52, 95.2, 1.8
sb_0__8_.mem_bottom_track_3.sky130_fd_sc_hd__dfrtp_1_1_, 115.52, 95.2, 1.8
sb_0__8_.mux_bottom_track_5.mux_l2_in_0_, 115.52, 95.2, 1.8
ANTENNA_sb_0__8_.mem_bottom_track_5.sky130_fd_sc_hd__dfrtp_1_1__RESET_B, 115.52, 89.76, 1.8
FILLER_28_230, 115.52, 89.76, 1.8
_153_, 115.52, 89.76, 1.8
hold8, 115.52, 89.76, 1.8
output91, 115.52, 89.76, 1.8
sb_0__8_.mem_bottom_track_51.sky130_fd_sc_hd__dfrtp_1_1_, 115.52, 89.76, 1.8
FILLER_26_229, 115.52, 84.32, 1.8
FILLER_27_244, 115.52, 84.32, 1.8
output88, 115.52, 84.32, 1.8
output89, 115.52, 84.32, 1.8
sb_0__8_.mux_bottom_track_9.mux_l2_in_0__155, 115.52, 84.32, 1.8
FILLER_24_226, 115.52, 78.88, 1.8
sb_0__8_.mem_right_track_46.sky130_fd_sc_hd__dfrtp_1_1_, 115.52, 78.88, 1.8
sb_0__8_.mem_right_track_48.sky130_fd_sc_hd__dfrtp_1_0_, 115.52, 78.88, 1.8
ANTENNA_sb_0__8_.mem_right_track_44.sky130_fd_sc_hd__dfrtp_1_1__RESET_B, 115.52, 73.44, 1.8
ANTENNA_sb_0__8_.mem_right_track_46.sky130_fd_sc_hd__dfrtp_1_1__RESET_B, 115.52, 73.44, 1.8
ANTENNA_sb_0__8_.mem_right_track_48.sky130_fd_sc_hd__dfrtp_1_0__RESET_B, 115.52, 73.44, 1.8
FILLER_22_226, 115.52, 73.44, 1.8
FILLER_23_229, 115.52, 73.44, 1.8
hold93, 115.52, 73.44, 1.8
sb_0__8_.mem_right_track_48.sky130_fd_sc_hd__dfrtp_1_1_, 115.52, 73.44, 1.8
FILLER_20_230, 115.52, 68, 1.8
FILLER_21_244, 115.52, 68, 1.8
output84, 115.52, 68, 1.8
output85, 115.52, 68, 1.8
ANTENNA_sb_0__8_.mem_right_track_44.sky130_fd_sc_hd__dfrtp_1_0__RESET_B, 115.52, 62.56, 1.8
ANTENNA_sb_0__8_.mux_right_track_50.mux_l1_in_0__A1, 115.52, 62.56, 1.8
FILLER_18_229, 115.52, 62.56, 1.8
output83, 115.52, 62.56, 1.8
sb_0__8_.mem_right_track_50.sky130_fd_sc_hd__dfrtp_1_0_, 115.52, 62.56, 1.8
sb_0__8_.mux_bottom_track_51.sky130_fd_sc_hd__buf_4_0_, 115.52, 62.56, 1.8
ANTENNA_sb_0__8_.mux_right_track_50.mux_l2_in_0__A0, 115.52, 57.12, 1.8
FILLER_17_235, 115.52, 57.12, 1.8
hold4, 115.52, 57.12, 1.8
sb_0__8_.mem_right_track_50.sky130_fd_sc_hd__dfrtp_1_1_, 115.52, 57.12, 1.8
sb_0__8_.mux_right_track_50.mux_l2_in_0_, 115.52, 57.12, 1.8
FILLER_14_227, 115.52, 51.68, 1.8
FILLER_15_237, 115.52, 51.68, 1.8
FILLER_15_244, 115.52, 51.68, 1.8
FILLER_16_244, 115.52, 51.68, 1.8
_110_, 115.52, 51.68, 1.8
_122_, 115.52, 51.68, 1.8
sb_0__8_.mem_right_track_52.sky130_fd_sc_hd__dfrtp_1_0_, 115.52, 51.68, 1.8
FILLER_12_230, 115.52, 46.24, 1.8
FILLER_13_244, 115.52, 46.24, 1.8
output108, 115.52, 46.24, 1.8
output80, 115.52, 46.24, 1.8
ANTENNA_sb_0__8_.mem_right_track_56.sky130_fd_sc_hd__dfrtp_1_1__RESET_B, 115.52, 40.8, 1.8
output126, 115.52, 40.8, 1.8
sb_0__8_.mem_right_track_52.sky130_fd_sc_hd__dfrtp_1_1_, 115.52, 40.8, 1.8
FILLER_10_245, 115.52, 35.36, 1.8
FILLER_9_244, 115.52, 35.36, 1.8
output104, 115.52, 35.36, 1.8
sb_0__8_.mem_right_track_54.sky130_fd_sc_hd__dfrtp_1_0_, 115.52, 35.36, 1.8
FILLER_7_243, 115.52, 29.92, 1.8
output124, 115.52, 29.92, 1.8
output125, 115.52, 29.92, 1.8
FILLER_4_235, 115.52, 24.48, 1.8
FILLER_5_243, 115.52, 24.48, 1.8
hold79, 115.52, 24.48, 1.8
output122, 115.52, 24.48, 1.8
FILLER_2_235, 115.52, 19.04, 1.8
FILLER_3_243, 115.52, 19.04, 1.8
output119, 115.52, 19.04, 1.8
ANTENNA_3, 115.52, 13.6, 1.8
FILLER_0_243, 115.52, 13.6, 1.8
FILLER_1_231, 115.52, 13.6, 1.8
FILLER_1_239, 115.52, 13.6, 1.8
_104_, 115.52, 13.6, 1.8
_159_, 115.52, 13.6, 1.8
_161_, 115.52, 13.6, 1.8
input68, 115.52, 13.6, 1.8
output115, 115.52, 13.6, 1.8
ANTENNA_input63_A, 65.52, 269.28, 1.8
FILLER_95_125, 65.52, 269.28, 1.8
FILLER_95_143, 65.52, 269.28, 1.8
input63, 65.52, 269.28, 1.8
FILLER_94_133, 65.52, 263.84, 1.8
FILLER_92_133, 65.52, 258.4, 1.8
FILLER_90_133, 65.52, 252.96, 1.8
FILLER_88_133, 65.52, 247.52, 1.8
FILLER_86_136, 65.52, 242.08, 1.8
FILLER_82_127, 65.52, 236.64, 1.8
cby_0__8_.grid_io_left_left_0__1_.logical_tile_io_mode_io__1.logical_tile_io_mode_physical__iopad_0.io_0_.INV_SOC_DIR, 65.52, 236.64, 1.8
cby_0__8_.grid_io_left_left_0__1_.logical_tile_io_mode_io__3.logical_tile_io_mode_physical__iopad_0.io_0_.IN_PROTECT_GATE, 65.52, 236.64, 1.8
FILLER_81_137, 65.52, 231.2, 1.8
FILLER_82_136, 65.52, 231.2, 1.8
cby_0__8_.grid_io_left_left_0__1_.logical_tile_io_mode_io__0.logical_tile_io_mode_physical__iopad_0.io_0_.INV_SOC_DIR, 65.52, 231.2, 1.8
cby_0__8_.grid_io_left_left_0__1_.logical_tile_io_mode_io__2.logical_tile_io_mode_physical__iopad_0.io_0_.IN_PROTECT_GATE, 65.52, 231.2, 1.8
ANTENNA_cby_0__8_.grid_io_left_left_0__1_.logical_tile_io_mode_io__0.logical_tile_io_mode_physical__iopad_0.io_0_.ISOL_EN_GATE_B_N, 65.52, 225.76, 1.8
FILLER_80_134, 65.52, 225.76, 1.8
FILLER_78_131, 65.52, 220.32, 1.8
FILLER_76_133, 65.52, 214.88, 1.8
FILLER_74_133, 65.52, 209.44, 1.8
FILLER_72_133, 65.52, 204, 1.8
FILLER_70_133, 65.52, 198.56, 1.8
FILLER_66_133, 65.52, 187.68, 1.8
FILLER_64_133, 65.52, 182.24, 1.8
FILLER_60_133, 65.52, 171.36, 1.8
FILLER_58_133, 65.52, 165.92, 1.8
FILLER_53_125, 65.52, 155.04, 1.8
FILLER_54_133, 65.52, 155.04, 1.8
clkbuf_4_8_0_prog_clk, 65.52, 155.04, 1.8
sb_0__8_.mem_right_track_0.sky130_fd_sc_hd__dfrtp_1_1_, 65.52, 155.04, 1.8
ANTENNA_sb_0__8_.mem_right_track_4.sky130_fd_sc_hd__dfrtp_1_1__RESET_B, 65.52, 149.6, 1.8
FILLER_51_141, 65.52, 149.6, 1.8
FILLER_52_133, 65.52, 149.6, 1.8
sb_0__8_.mem_right_track_4.sky130_fd_sc_hd__dfrtp_1_1_, 65.52, 149.6, 1.8
ANTENNA_sb_0__8_.mem_right_track_4.sky130_fd_sc_hd__dfrtp_1_0__RESET_B, 65.52, 144.16, 1.8
FILLER_49_125, 65.52, 144.16, 1.8
FILLER_49_138, 65.52, 144.16, 1.8
FILLER_50_137, 65.52, 144.16, 1.8
hold99, 65.52, 144.16, 1.8
sb_0__8_.mem_right_track_6.sky130_fd_sc_hd__dfrtp_1_0_, 65.52, 144.16, 1.8
sb_0__8_.mux_right_track_0.mux_l2_in_0_, 65.52, 144.16, 1.8
sb_0__8_.mux_right_track_4.mux_l2_in_0_, 65.52, 144.16, 1.8
ANTENNA_sb_0__8_.mem_right_track_2.sky130_fd_sc_hd__dfrtp_1_1__RESET_B, 65.52, 138.72, 1.8
ANTENNA_sb_0__8_.mem_right_track_4.sky130_fd_sc_hd__dfrtp_1_2__RESET_B, 65.52, 138.72, 1.8
ANTENNA_sb_0__8_.mux_right_track_0.mux_l2_in_0__S, 65.52, 138.72, 1.8
FILLER_46_119, 65.52, 138.72, 1.8
FILLER_47_127, 65.52, 138.72, 1.8
FILLER_47_140, 65.52, 138.72, 1.8
FILLER_48_135, 65.52, 138.72, 1.8
FILLER_48_143, 65.52, 138.72, 1.8
hold47, 65.52, 138.72, 1.8
hold7, 65.52, 138.72, 1.8
sb_0__8_.mux_right_track_2.mux_l2_in_0_, 65.52, 138.72, 1.8
ANTENNA_sb_0__8_.mem_right_track_2.sky130_fd_sc_hd__dfrtp_1_0__RESET_B, 65.52, 133.28, 1.8
FILLER_44_125, 65.52, 133.28, 1.8
FILLER_45_121, 65.52, 133.28, 1.8
FILLER_46_131, 65.52, 133.28, 1.8
FILLER_46_141, 65.52, 133.28, 1.8
sb_0__8_.mem_right_track_6.sky130_fd_sc_hd__dfrtp_1_1_, 65.52, 133.28, 1.8
sb_0__8_.mux_right_track_4.mux_l3_in_0_, 65.52, 133.28, 1.8
ANTENNA_sb_0__8_.mem_right_track_8.sky130_fd_sc_hd__dfrtp_1_0__RESET_B, 65.52, 127.84, 1.8
FILLER_42_122, 65.52, 127.84, 1.8
FILLER_43_142, 65.52, 127.84, 1.8
hold18, 65.52, 127.84, 1.8
sb_0__8_.mem_right_track_8.sky130_fd_sc_hd__dfrtp_1_0_, 65.52, 127.84, 1.8
FILLER_40_123, 65.52, 122.4, 1.8
FILLER_41_135, 65.52, 122.4, 1.8
hold74, 65.52, 122.4, 1.8
sb_0__8_.mux_right_track_10.mux_l1_in_0_, 65.52, 122.4, 1.8
sb_0__8_.mux_right_track_8.mux_l2_in_0_, 65.52, 122.4, 1.8
ANTENNA_sb_0__8_.mem_right_track_6.sky130_fd_sc_hd__dfrtp_1_2__RESET_B, 65.52, 116.96, 1.8
ANTENNA_sb_0__8_.mem_right_track_8.sky130_fd_sc_hd__dfrtp_1_1__RESET_B, 65.52, 116.96, 1.8
FILLER_38_123, 65.52, 116.96, 1.8
FILLER_39_125, 65.52, 116.96, 1.8
FILLER_39_143, 65.52, 116.96, 1.8
sb_0__8_.mux_right_track_12.mux_l1_in_0_, 65.52, 116.96, 1.8
sb_0__8_.mux_right_track_6.mux_l3_in_0_, 65.52, 116.96, 1.8
ANTENNA_sb_0__8_.mux_right_track_12.mux_l1_in_0__A0, 65.52, 111.52, 1.8
ANTENNA_sb_0__8_.mux_right_track_12.mux_l1_in_0__A1, 65.52, 111.52, 1.8
ANTENNA_sb_0__8_.mux_right_track_4.mux_l2_in_1__A1, 65.52, 111.52, 1.8
FILLER_36_120, 65.52, 111.52, 1.8
FILLER_37_129, 65.52, 111.52, 1.8
sb_0__8_.mem_right_track_16.sky130_fd_sc_hd__dfrtp_1_0_, 65.52, 111.52, 1.8
sb_0__8_.mux_right_track_4.mux_l2_in_1_, 65.52, 111.52, 1.8
FILLER_34_129, 65.52, 106.08, 1.8
FILLER_35_123, 65.52, 106.08, 1.8
FILLER_36_133, 65.52, 106.08, 1.8
FILLER_36_141, 65.52, 106.08, 1.8
sb_0__8_.mem_right_track_14.sky130_fd_sc_hd__dfrtp_1_1_, 65.52, 106.08, 1.8
ANTENNA_sb_0__8_.mem_right_track_14.sky130_fd_sc_hd__dfrtp_1_0__RESET_B, 65.52, 100.64, 1.8
FILLER_33_123, 65.52, 100.64, 1.8
FILLER_34_141, 65.52, 100.64, 1.8
sb_0__8_.mem_right_track_16.sky130_fd_sc_hd__dfrtp_1_1_, 65.52, 100.64, 1.8
sb_0__8_.mux_right_track_12.mux_l2_in_0_, 65.52, 100.64, 1.8
sb_0__8_.mux_right_track_4.mux_l2_in_1__173, 65.52, 100.64, 1.8
FILLER_31_142, 65.52, 95.2, 1.8
clkbuf_4_3_0_prog_clk, 65.52, 95.2, 1.8
sb_0__8_.mem_right_track_18.sky130_fd_sc_hd__dfrtp_1_0_, 65.52, 95.2, 1.8
sb_0__8_.mem_right_track_28.sky130_fd_sc_hd__dfrtp_1_1_, 65.52, 95.2, 1.8
ANTENNA_cby_0__8_.cby_0__1_.mux_right_ipin_3.mux_l1_in_4__A1, 65.52, 89.76, 1.8
ANTENNA_clkbuf_4_3_0_prog_clk_A, 65.52, 89.76, 1.8
ANTENNA_sb_0__8_.mem_right_track_18.sky130_fd_sc_hd__dfrtp_1_0__RESET_B, 65.52, 89.76, 1.8
ANTENNA_sb_0__8_.mux_right_track_14.mux_l1_in_1__A1, 65.52, 89.76, 1.8
FILLER_28_118, 65.52, 89.76, 1.8
FILLER_29_118, 65.52, 89.76, 1.8
FILLER_29_140, 65.52, 89.76, 1.8
cby_0__8_.cby_0__1_.mux_right_ipin_3.mux_l1_in_4_, 65.52, 89.76, 1.8
hold72, 65.52, 89.76, 1.8
hold89, 65.52, 89.76, 1.8
sb_0__8_.mux_right_track_14.mux_l1_in_1_, 65.52, 89.76, 1.8
ANTENNA_cby_0__8_.cby_0__1_.mux_right_ipin_3.mux_l1_in_4__A0, 65.52, 84.32, 1.8
ANTENNA_sb_0__8_.mux_right_track_16.mux_l1_in_1__A1, 65.52, 84.32, 1.8
FILLER_26_125, 65.52, 84.32, 1.8
FILLER_27_124, 65.52, 84.32, 1.8
FILLER_27_141, 65.52, 84.32, 1.8
FILLER_28_135, 65.52, 84.32, 1.8
FILLER_28_141, 65.52, 84.32, 1.8
cby_0__8_.cby_0__1_.mux_right_ipin_2.mux_l1_in_4_, 65.52, 84.32, 1.8
sb_0__8_.mux_right_track_14.mux_l1_in_1__159, 65.52, 84.32, 1.8
sb_0__8_.mux_right_track_16.mux_l1_in_1_, 65.52, 84.32, 1.8
ANTENNA_cby_0__8_.cby_0__1_.mem_right_ipin_2.sky130_fd_sc_hd__dfrtp_1_1__RESET_B, 65.52, 78.88, 1.8
ANTENNA_cby_0__8_.cby_0__1_.mux_right_ipin_2.mux_l1_in_4__A0, 65.52, 78.88, 1.8
ANTENNA_cby_0__8_.cby_0__1_.mux_right_ipin_2.mux_l1_in_4__A1, 65.52, 78.88, 1.8
ANTENNA_sb_0__8_.mem_right_track_18.sky130_fd_sc_hd__dfrtp_1_1__RESET_B, 65.52, 78.88, 1.8
ANTENNA_sb_0__8_.mux_right_track_18.mux_l1_in_0__A0, 65.52, 78.88, 1.8
sb_0__8_.mux_right_track_18.mux_l1_in_0_, 65.52, 78.88, 1.8
sb_0__8_.mux_right_track_18.mux_l2_in_0_, 65.52, 78.88, 1.8
ANTENNA_cby_0__8_.cby_0__1_.mux_right_ipin_0.mux_l2_in_3__A1, 65.52, 73.44, 1.8
ANTENNA_cby_0__8_.cby_0__1_.mux_right_ipin_1.mux_l1_in_4__A0, 65.52, 73.44, 1.8
ANTENNA_cby_0__8_.cby_0__1_.mux_right_ipin_1.mux_l1_in_4__A1, 65.52, 73.44, 1.8
ANTENNA_sb_0__8_.mux_right_track_28.mux_l1_in_1__A1, 65.52, 73.44, 1.8
FILLER_22_124, 65.52, 73.44, 1.8
cby_0__8_.cby_0__1_.mux_right_ipin_1.mux_l1_in_4_, 65.52, 73.44, 1.8
sb_0__8_.mux_right_track_28.mux_l1_in_1_, 65.52, 73.44, 1.8
sb_0__8_.mux_right_track_28.mux_l1_in_1__167, 65.52, 73.44, 1.8
FILLER_21_118, 65.52, 68, 1.8
FILLER_21_131, 65.52, 68, 1.8
FILLER_22_141, 65.52, 68, 1.8
_126_, 65.52, 68, 1.8
cby_0__8_.cby_0__1_.mux_right_ipin_2.mux_l2_in_0_, 65.52, 68, 1.8
clkbuf_4_1_0_prog_clk, 65.52, 68, 1.8
sb_0__8_.mem_right_track_26.sky130_fd_sc_hd__dfrtp_1_1_, 65.52, 68, 1.8
ANTENNA_cby_0__8_.cby_0__1_.mux_right_ipin_0.mux_l1_in_4__A0, 65.52, 62.56, 1.8
ANTENNA_clkbuf_4_1_0_prog_clk_A, 65.52, 62.56, 1.8
ANTENNA_sb_0__8_.mem_right_track_20.sky130_fd_sc_hd__dfrtp_1_0__RESET_B, 65.52, 62.56, 1.8
FILLER_18_121, 65.52, 62.56, 1.8
FILLER_19_121, 65.52, 62.56, 1.8
FILLER_19_138, 65.52, 62.56, 1.8
FILLER_20_143, 65.52, 62.56, 1.8
cby_0__8_.cby_0__1_.mux_right_ipin_0.mux_l1_in_4_, 65.52, 62.56, 1.8
cby_0__8_.cby_0__1_.mux_right_ipin_3.mux_l1_in_3_, 65.52, 62.56, 1.8
sb_0__8_.mux_right_track_26.mux_l1_in_0_, 65.52, 62.56, 1.8
sb_0__8_.mux_right_track_44.sky130_fd_sc_hd__buf_4_0_, 65.52, 62.56, 1.8
sb_0__8_.mux_right_track_46.sky130_fd_sc_hd__buf_4_0_, 65.52, 62.56, 1.8
ANTENNA_cby_0__8_.cby_0__1_.mux_right_ipin_0.mux_l1_in_4__A1, 65.52, 57.12, 1.8
ANTENNA_cby_0__8_.cby_0__1_.mux_right_ipin_3.mux_l1_in_1__A1, 65.52, 57.12, 1.8
FILLER_16_120, 65.52, 57.12, 1.8
FILLER_17_127, 65.52, 57.12, 1.8
FILLER_17_140, 65.52, 57.12, 1.8
FILLER_18_141, 65.52, 57.12, 1.8
cby_0__8_.cby_0__1_.mux_right_ipin_0.mux_l2_in_1_, 65.52, 57.12, 1.8
cby_0__8_.cby_0__1_.mux_right_ipin_1.mux_l2_in_1_, 65.52, 57.12, 1.8
cby_0__8_.cby_0__1_.mux_right_ipin_3.mux_l1_in_0_, 65.52, 57.12, 1.8
cby_0__8_.cby_0__1_.mux_right_ipin_3.mux_l1_in_1_, 65.52, 57.12, 1.8
cby_0__8_.cby_0__1_.mux_right_ipin_3.mux_l1_in_2_, 65.52, 57.12, 1.8
ANTENNA_cby_0__8_.cby_0__1_.mux_right_ipin_0.mux_l1_in_1__A1, 65.52, 51.68, 1.8
ANTENNA_cby_0__8_.cby_0__1_.mux_right_ipin_0.mux_l1_in_1__S, 65.52, 51.68, 1.8
ANTENNA_cby_0__8_.cby_0__1_.mux_right_ipin_2.mux_l1_in_3__A1, 65.52, 51.68, 1.8
ANTENNA_cby_0__8_.cby_0__1_.mux_right_ipin_3.mux_l1_in_0__A0, 65.52, 51.68, 1.8
ANTENNA_cby_0__8_.cby_0__1_.mux_right_ipin_3.mux_l1_in_2__A0, 65.52, 51.68, 1.8
ANTENNA_sb_0__8_.mux_right_track_20.mux_l1_in_0__A1, 65.52, 51.68, 1.8
FILLER_14_122, 65.52, 51.68, 1.8
cby_0__8_.cby_0__1_.mux_right_ipin_0.mux_l1_in_1_, 65.52, 51.68, 1.8
cby_0__8_.cby_0__1_.mux_right_ipin_2.mux_l1_in_2_, 65.52, 51.68, 1.8
cby_0__8_.cby_0__1_.mux_right_ipin_2.mux_l1_in_3_, 65.52, 51.68, 1.8
ANTENNA_cby_0__8_.cby_0__1_.mux_right_ipin_0.mux_l1_in_2__A1, 65.52, 46.24, 1.8
ANTENNA_cby_0__8_.cby_0__1_.mux_right_ipin_0.mux_l1_in_2__S, 65.52, 46.24, 1.8
FILLER_12_118, 65.52, 46.24, 1.8
FILLER_12_125, 65.52, 46.24, 1.8
FILLER_13_135, 65.52, 46.24, 1.8
FILLER_13_142, 65.52, 46.24, 1.8
FILLER_14_135, 65.52, 46.24, 1.8
cby_0__8_.cby_0__1_.mux_right_ipin_1.mux_l2_in_0_, 65.52, 46.24, 1.8
sb_0__8_.mux_right_track_24.mux_l2_in_0__165, 65.52, 46.24, 1.8
sb_0__8_.mux_right_track_36.sky130_fd_sc_hd__buf_4_0_, 65.52, 46.24, 1.8
ANTENNA_sb_0__8_.mem_right_track_26.sky130_fd_sc_hd__dfrtp_1_0__RESET_B, 65.52, 40.8, 1.8
FILLER_10_125, 65.52, 40.8, 1.8
FILLER_11_124, 65.52, 40.8, 1.8
FILLER_11_140, 65.52, 40.8, 1.8
_109_, 65.52, 40.8, 1.8
_139_, 65.52, 40.8, 1.8
hold58, 65.52, 40.8, 1.8
sb_0__8_.mux_right_track_24.mux_l2_in_0_, 65.52, 40.8, 1.8
ANTENNA_sb_0__8_.mux_right_track_24.mux_l1_in_0__A1, 65.52, 35.36, 1.8
ANTENNA_sb_0__8_.mux_right_track_36.mux_l1_in_0__A1, 65.52, 35.36, 1.8
FILLER_9_139, 65.52, 35.36, 1.8
sb_0__8_.mem_right_track_36.sky130_fd_sc_hd__dfrtp_1_0_, 65.52, 35.36, 1.8
sb_0__8_.mux_right_track_34.mux_l1_in_1_, 65.52, 35.36, 1.8
sb_0__8_.mux_right_track_34.mux_l1_in_1__170, 65.52, 35.36, 1.8
sb_0__8_.mux_right_track_36.mux_l1_in_0_, 65.52, 35.36, 1.8
ANTENNA_sb_0__8_.mem_right_track_24.sky130_fd_sc_hd__dfrtp_1_0__RESET_B, 65.52, 29.92, 1.8
ANTENNA_sb_0__8_.mem_right_track_24.sky130_fd_sc_hd__dfrtp_1_1__RESET_B, 65.52, 29.92, 1.8
FILLER_6_125, 65.52, 29.92, 1.8
hold15, 65.52, 29.92, 1.8
hold65, 65.52, 29.92, 1.8
sb_0__8_.mem_right_track_36.sky130_fd_sc_hd__dfrtp_1_1_, 65.52, 29.92, 1.8
sb_0__8_.mux_right_track_54.sky130_fd_sc_hd__buf_4_0_, 65.52, 29.92, 1.8
FILLER_4_124, 65.52, 24.48, 1.8
FILLER_5_125, 65.52, 24.48, 1.8
FILLER_5_132, 65.52, 24.48, 1.8
FILLER_6_141, 65.52, 24.48, 1.8
_105_, 65.52, 24.48, 1.8
_107_, 65.52, 24.48, 1.8
hold41, 65.52, 24.48, 1.8
sb_0__8_.mem_right_track_38.sky130_fd_sc_hd__dfrtp_1_0_, 65.52, 24.48, 1.8
ANTENNA__138__A, 65.52, 19.04, 1.8
FILLER_2_118, 65.52, 19.04, 1.8
FILLER_3_125, 65.52, 19.04, 1.8
hold13, 65.52, 19.04, 1.8
output109, 65.52, 19.04, 1.8
output77, 65.52, 19.04, 1.8
ANTENNA_output77_A, 65.52, 13.6, 1.8
FILLER_0_118, 65.52, 13.6, 1.8
FILLER_1_125, 65.52, 13.6, 1.8
output120, 65.52, 13.6, 1.8
output131, 65.52, 13.6, 1.8
output132, 65.52, 13.6, 1.8
FILLER_94_21, 15.52, 269.28, 1.8
output140, 15.52, 269.28, 1.8
FILLER_4_17, 15.52, 24.48, 1.8
ANTENNA_input33_A, 15.52, 19.04, 1.8
ANTENNA_input58_A, 15.52, 19.04, 1.8
FILLER_2_15, 15.52, 19.04, 1.8
FILLER_4_25, 15.52, 19.04, 1.8
input33, 15.52, 19.04, 1.8
input44, 15.52, 19.04, 1.8
input59, 15.52, 19.04, 1.8
ANTENNA_input35_A, 15.52, 13.6, 1.8
ANTENNA_input44_A, 15.52, 13.6, 1.8
ANTENNA_input55_A, 15.52, 13.6, 1.8
ANTENNA_input56_A, 15.52, 13.6, 1.8
ANTENNA_input57_A, 15.52, 13.6, 1.8
FILLER_1_21, 15.52, 13.6, 1.8
FILLER_2_29, 15.52, 13.6, 1.8
input55, 15.52, 13.6, 1.8
input56, 15.52, 13.6, 1.8
input57, 15.52, 13.6, 1.8
input60, 15.52, 13.6, 1.8
FILLER_95_3, 5.52, 269.28, 1.8
PHY_188, 5.52, 269.28, 1.8
PHY_190, 5.52, 269.28, 1.8
output139, 5.52, 269.28, 1.8
PHY_189, 129.26, 269.28, 1.8
PHY_191, 129.26, 269.28, 1.8
FILLER_94_41, 28.02, 269.28, 1.8
FILLER_95_47, 28.02, 269.28, 1.8
FILLER_95_57, 28.02, 269.28, 1.8
output141, 28.02, 269.28, 1.8
output142, 28.02, 269.28, 1.8
FILLER_94_73, 40.52, 269.28, 1.8
FILLER_95_76, 40.52, 269.28, 1.8
FILLER_95_109, 53.02, 269.28, 1.8
ANTENNA_input64_A, 78.02, 269.28, 1.8
FILLER_95_157, 78.02, 269.28, 1.8
FILLER_95_165, 78.02, 269.28, 1.8
input64, 78.02, 269.28, 1.8
input65, 78.02, 269.28, 1.8
ANTENNA_input65_A, 90.52, 269.28, 1.8
ANTENNA_input66_A, 90.52, 269.28, 1.8
ANTENNA_input67_A, 90.52, 269.28, 1.8
FILLER_95_187, 90.52, 269.28, 1.8
input66, 90.52, 269.28, 1.8
FILLER_95_221, 103.02, 269.28, 1.8
input67, 103.02, 269.28, 1.8
ANTENNA_input73_A, 122.39, 269.28, 1.8
ANTENNA_input75_A, 122.39, 269.28, 1.8
ANTENNA_input76_A, 122.39, 269.28, 1.8
input73, 122.39, 269.28, 1.8
PHY_184, 5.52, 263.84, 1.8
PHY_186, 5.52, 263.84, 1.8
output78, 5.52, 263.84, 1.8
PHY_185, 129.26, 263.84, 1.8
PHY_187, 129.26, 263.84, 1.8
FILLER_93_39, 28.02, 263.84, 1.8
FILLER_93_45, 28.02, 263.84, 1.8
FILLER_93_53, 28.02, 263.84, 1.8
_164_, 28.02, 263.84, 1.8
_165_, 28.02, 263.84, 1.8
FILLER_92_65, 40.52, 263.84, 1.8
FILLER_92_74, 40.52, 263.84, 1.8
FILLER_94_81, 40.52, 263.84, 1.8
_166_, 40.52, 263.84, 1.8
FILLER_93_161, 78.02, 263.84, 1.8
FILLER_94_189, 90.52, 263.84, 1.8
FILLER_93_217, 103.02, 263.84, 1.8
ANTENNA_input71_A, 122.39, 263.84, 1.8
ANTENNA_input72_A, 122.39, 263.84, 1.8
ANTENNA_input74_A, 122.39, 263.84, 1.8
FILLER_93_249, 122.39, 263.84, 1.8
input72, 122.39, 263.84, 1.8
input74, 122.39, 263.84, 1.8
PHY_180, 5.52, 258.4, 1.8
PHY_182, 5.52, 258.4, 1.8
ANTENNA_input70_A, 129.26, 258.4, 1.8
PHY_181, 129.26, 258.4, 1.8
PHY_183, 129.26, 258.4, 1.8
FILLER_91_51, 28.02, 258.4, 1.8
FILLER_90_65, 40.52, 258.4, 1.8
_167_, 40.52, 258.4, 1.8
cby_0__8_.grid_io_left_left_0__1_.logical_tile_io_mode_io__3.logical_tile_io_mode_physical__iopad_0.io_0_.ISOL_EN_GATE, 40.52, 258.4, 1.8
FILLER_91_161, 78.02, 258.4, 1.8
FILLER_92_189, 90.52, 258.4, 1.8
FILLER_91_217, 103.02, 258.4, 1.8
FILLER_90_253, 122.39, 258.4, 1.8
FILLER_91_261, 122.39, 258.4, 1.8
input71, 122.39, 258.4, 1.8
PHY_176, 5.52, 252.96, 1.8
PHY_178, 5.52, 252.96, 1.8
ANTENNA_input24_A, 129.26, 252.96, 1.8
PHY_177, 129.26, 252.96, 1.8
PHY_179, 129.26, 252.96, 1.8
FILLER_89_51, 28.02, 252.96, 1.8
ANTENNA_cby_0__8_.grid_io_left_left_0__1_.logical_tile_io_mode_io__3.logical_tile_io_mode_physical__iopad_0.io_0_.ISOL_EN_GATE_B_N, 40.52, 252.96, 1.8
FILLER_90_81, 40.52, 252.96, 1.8
FILLER_89_105, 53.02, 252.96, 1.8
FILLER_89_161, 78.02, 252.96, 1.8
FILLER_90_189, 90.52, 252.96, 1.8
FILLER_89_217, 103.02, 252.96, 1.8
ANTENNA_input69_A, 122.39, 252.96, 1.8
FILLER_88_253, 122.39, 252.96, 1.8
FILLER_89_249, 122.39, 252.96, 1.8
input69, 122.39, 252.96, 1.8
input70, 122.39, 252.96, 1.8
PHY_172, 5.52, 247.52, 1.8
PHY_174, 5.52, 247.52, 1.8
PHY_173, 129.26, 247.52, 1.8
PHY_175, 129.26, 247.52, 1.8
FILLER_87_51, 28.02, 247.52, 1.8
FILLER_88_77, 40.52, 247.52, 1.8
ANTENNA_cby_0__8_.grid_io_left_left_0__1_.logical_tile_io_mode_io__2.logical_tile_io_mode_physical__iopad_0.io_0_.ISOL_EN_GATE_B_N, 53.02, 247.52, 1.8
FILLER_87_105, 53.02, 247.52, 1.8
FILLER_87_161, 78.02, 247.52, 1.8
FILLER_88_189, 90.52, 247.52, 1.8
FILLER_87_217, 103.02, 247.52, 1.8
FILLER_86_253, 122.39, 247.52, 1.8
FILLER_87_249, 122.39, 247.52, 1.8
FILLER_88_261, 122.39, 247.52, 1.8
input24, 122.39, 247.52, 1.8
PHY_168, 5.52, 242.08, 1.8
PHY_170, 5.52, 242.08, 1.8
ANTENNA_input22_A, 129.26, 242.08, 1.8
PHY_169, 129.26, 242.08, 1.8
PHY_171, 129.26, 242.08, 1.8
FILLER_85_51, 28.02, 242.08, 1.8
FILLER_86_53, 28.02, 242.08, 1.8
cby_0__8_.grid_io_left_left_0__1_.logical_tile_io_mode_io__3.logical_tile_io_mode_physical__iopad_0.io_sky130_fd_sc_hd__dfrtp_1_mem.sky130_fd_sc_hd__dfrtp_1_0_, 28.02, 242.08, 1.8
ANTENNA_cby_0__8_.grid_io_left_left_0__1_.logical_tile_io_mode_io__3.logical_tile_io_mode_physical__iopad_0.io_sky130_fd_sc_hd__dfrtp_1_mem.sky130_fd_sc_hd__dfrtp_1_0__CLK, 40.52, 242.08, 1.8
ANTENNA_cby_0__8_.grid_io_left_left_0__1_.logical_tile_io_mode_io__3.logical_tile_io_mode_physical__iopad_0.io_sky130_fd_sc_hd__dfrtp_1_mem.sky130_fd_sc_hd__dfrtp_1_0__RESET_B, 40.52, 242.08, 1.8
FILLER_85_69, 40.52, 242.08, 1.8
cby_0__8_.grid_io_left_left_0__1_.logical_tile_io_mode_io__2.logical_tile_io_mode_physical__iopad_0.io_0_.ISOL_EN_GATE, 40.52, 242.08, 1.8
cby_0__8_.grid_io_left_left_0__1_.logical_tile_io_mode_io__3.logical_tile_io_mode_physical__iopad_0.io_0_.OUT_PROTECT_GATE, 40.52, 242.08, 1.8
FILLER_85_102, 53.02, 242.08, 1.8
FILLER_85_93, 53.02, 242.08, 1.8
cby_0__8_.grid_io_left_left_0__1_.logical_tile_io_mode_io__3.logical_tile_io_mode_physical__iopad_0.io_0_.INV_SOC_DIR, 53.02, 242.08, 1.8
FILLER_85_161, 78.02, 242.08, 1.8
FILLER_86_189, 90.52, 242.08, 1.8
FILLER_85_217, 103.02, 242.08, 1.8
ANTENNA_input23_A, 122.39, 242.08, 1.8
FILLER_84_253, 122.39, 242.08, 1.8
FILLER_85_261, 122.39, 242.08, 1.8
input23, 122.39, 242.08, 1.8
PHY_164, 5.52, 236.64, 1.8
PHY_166, 5.52, 236.64, 1.8
ANTENNA_input20_A, 129.26, 236.64, 1.8
PHY_165, 129.26, 236.64, 1.8
PHY_167, 129.26, 236.64, 1.8
FILLER_83_51, 28.02, 236.64, 1.8
FILLER_84_77, 40.52, 236.64, 1.8
cby_0__8_.grid_io_left_left_0__1_.logical_tile_io_mode_io__2.logical_tile_io_mode_physical__iopad_0.io_0_.OUT_PROTECT_GATE, 40.52, 236.64, 1.8
hold27, 40.52, 236.64, 1.8
FILLER_82_97, 53.02, 236.64, 1.8
FILLER_83_103, 53.02, 236.64, 1.8
FILLER_84_107, 53.02, 236.64, 1.8
cby_0__8_.grid_io_left_left_0__1_.logical_tile_io_mode_io__1.logical_tile_io_mode_physical__iopad_0.io_0_.ISOL_EN_GATE, 53.02, 236.64, 1.8
cby_0__8_.grid_io_left_left_0__1_.logical_tile_io_mode_io__2.logical_tile_io_mode_physical__iopad_0.io_0_.INV_SOC_DIR, 53.02, 236.64, 1.8
FILLER_83_158, 78.02, 236.64, 1.8
FILLER_84_189, 90.52, 236.64, 1.8
FILLER_83_217, 103.02, 236.64, 1.8
ANTENNA_input21_A, 122.39, 236.64, 1.8
FILLER_82_253, 122.39, 236.64, 1.8
FILLER_83_249, 122.39, 236.64, 1.8
input21, 122.39, 236.64, 1.8
input22, 122.39, 236.64, 1.8
PHY_160, 5.52, 231.2, 1.8
PHY_162, 5.52, 231.2, 1.8
PHY_161, 129.26, 231.2, 1.8
PHY_163, 129.26, 231.2, 1.8
FILLER_81_51, 28.02, 231.2, 1.8
FILLER_81_81, 40.52, 231.2, 1.8
FILLER_82_77, 40.52, 231.2, 1.8
cby_0__8_.grid_io_left_left_0__1_.logical_tile_io_mode_io__2.logical_tile_io_mode_physical__iopad_0.io_sky130_fd_sc_hd__dfrtp_1_mem.sky130_fd_sc_hd__dfrtp_1_0_, 40.52, 231.2, 1.8
ANTENNA_cby_0__8_.grid_io_left_left_0__1_.logical_tile_io_mode_io__1.logical_tile_io_mode_physical__iopad_0.io_0_.ISOL_EN_GATE_B_N, 53.02, 231.2, 1.8
ANTENNA_cby_0__8_.grid_io_left_left_0__1_.logical_tile_io_mode_io__2.logical_tile_io_mode_physical__iopad_0.io_sky130_fd_sc_hd__dfrtp_1_mem.sky130_fd_sc_hd__dfrtp_1_0__CLK, 53.02, 231.2, 1.8
ANTENNA_cby_0__8_.grid_io_left_left_0__1_.logical_tile_io_mode_io__2.logical_tile_io_mode_physical__iopad_0.io_sky130_fd_sc_hd__dfrtp_1_mem.sky130_fd_sc_hd__dfrtp_1_0__RESET_B, 53.02, 231.2, 1.8
FILLER_80_97, 53.02, 231.2, 1.8
cby_0__8_.grid_io_left_left_0__1_.logical_tile_io_mode_io__0.logical_tile_io_mode_physical__iopad_0.io_0_.OUT_PROTECT_GATE, 53.02, 231.2, 1.8
FILLER_80_153, 78.02, 231.2, 1.8
cby_0__8_.grid_io_left_left_0__1_.logical_tile_io_mode_io__1.logical_tile_io_mode_physical__iopad_0.io_0_.IN_PROTECT_GATE, 78.02, 231.2, 1.8
FILLER_82_188, 90.52, 231.2, 1.8
FILLER_81_217, 103.02, 231.2, 1.8
FILLER_80_253, 122.39, 231.2, 1.8
FILLER_82_261, 122.39, 231.2, 1.8
input20, 122.39, 231.2, 1.8
PHY_156, 5.52, 225.76, 1.8
PHY_158, 5.52, 225.76, 1.8
ANTENNA_input18_A, 129.26, 225.76, 1.8
PHY_157, 129.26, 225.76, 1.8
PHY_159, 129.26, 225.76, 1.8
FILLER_79_51, 28.02, 225.76, 1.8
FILLER_79_81, 40.52, 225.76, 1.8
FILLER_80_77, 40.52, 225.76, 1.8
cby_0__8_.grid_io_left_left_0__1_.logical_tile_io_mode_io__1.logical_tile_io_mode_physical__iopad_0.io_0_.OUT_PROTECT_GATE, 40.52, 225.76, 1.8
FILLER_78_93, 53.02, 225.76, 1.8
hold30, 53.02, 225.76, 1.8
FILLER_79_161, 78.02, 225.76, 1.8
cby_0__8_.grid_io_left_left_0__1_.logical_tile_io_mode_io__0.logical_tile_io_mode_physical__iopad_0.io_0_.IN_PROTECT_GATE, 78.02, 225.76, 1.8
FILLER_80_191, 90.52, 225.76, 1.8
FILLER_79_217, 103.02, 225.76, 1.8
sb_0__8_.mem_right_track_0.sky130_fd_sc_hd__dfrtp_1_0_, 103.02, 225.76, 1.8
ANTENNA_input19_A, 122.39, 225.76, 1.8
FILLER_78_253, 122.39, 225.76, 1.8
FILLER_79_261, 122.39, 225.76, 1.8
input19, 122.39, 225.76, 1.8
PHY_152, 5.52, 220.32, 1.8
PHY_154, 5.52, 220.32, 1.8
ANTENNA_input16_A, 129.26, 220.32, 1.8
PHY_153, 129.26, 220.32, 1.8
PHY_155, 129.26, 220.32, 1.8
FILLER_77_51, 28.02, 220.32, 1.8
FILLER_78_77, 40.52, 220.32, 1.8
FILLER_78_85, 40.52, 220.32, 1.8
FILLER_77_105, 53.02, 220.32, 1.8
FILLER_78_104, 53.02, 220.32, 1.8
cby_0__8_.grid_io_left_left_0__1_.logical_tile_io_mode_io__0.logical_tile_io_mode_physical__iopad_0.io_0_.ISOL_EN_GATE, 53.02, 220.32, 1.8
FILLER_77_161, 78.02, 220.32, 1.8
FILLER_78_189, 90.52, 220.32, 1.8
FILLER_77_217, 103.02, 220.32, 1.8
ANTENNA_input17_A, 122.39, 220.32, 1.8
FILLER_76_253, 122.39, 220.32, 1.8
FILLER_77_249, 122.39, 220.32, 1.8
input17, 122.39, 220.32, 1.8
input18, 122.39, 220.32, 1.8
PHY_148, 5.52, 214.88, 1.8
PHY_150, 5.52, 214.88, 1.8
PHY_149, 129.26, 214.88, 1.8
PHY_151, 129.26, 214.88, 1.8
FILLER_75_51, 28.02, 214.88, 1.8
FILLER_75_81, 40.52, 214.88, 1.8
FILLER_76_77, 40.52, 214.88, 1.8
ANTENNA_cby_0__8_.grid_io_left_left_0__1_.logical_tile_io_mode_io__1.logical_tile_io_mode_physical__iopad_0.io_sky130_fd_sc_hd__dfrtp_1_mem.sky130_fd_sc_hd__dfrtp_1_0__CLK, 53.02, 214.88, 1.8
ANTENNA_cby_0__8_.grid_io_left_left_0__1_.logical_tile_io_mode_io__1.logical_tile_io_mode_physical__iopad_0.io_sky130_fd_sc_hd__dfrtp_1_mem.sky130_fd_sc_hd__dfrtp_1_0__RESET_B, 53.02, 214.88, 1.8
cby_0__8_.grid_io_left_left_0__1_.logical_tile_io_mode_io__1.logical_tile_io_mode_physical__iopad_0.io_sky130_fd_sc_hd__dfrtp_1_mem.sky130_fd_sc_hd__dfrtp_1_0_, 53.02, 214.88, 1.8
FILLER_75_165, 78.02, 214.88, 1.8
FILLER_76_189, 90.52, 214.88, 1.8
FILLER_75_217, 103.02, 214.88, 1.8
FILLER_74_253, 122.39, 214.88, 1.8
FILLER_75_249, 122.39, 214.88, 1.8
FILLER_75_257, 122.39, 214.88, 1.8
FILLER_76_261, 122.39, 214.88, 1.8
input16, 122.39, 214.88, 1.8
PHY_144, 5.52, 209.44, 1.8
PHY_146, 5.52, 209.44, 1.8
ANTENNA_input13_A, 129.26, 209.44, 1.8
PHY_145, 129.26, 209.44, 1.8
PHY_147, 129.26, 209.44, 1.8
FILLER_73_51, 28.02, 209.44, 1.8
FILLER_74_77, 40.52, 209.44, 1.8
FILLER_73_105, 53.02, 209.44, 1.8
FILLER_73_161, 78.02, 209.44, 1.8
FILLER_74_189, 90.52, 209.44, 1.8
FILLER_73_217, 103.02, 209.44, 1.8
ANTENNA_input15_A, 122.39, 209.44, 1.8
FILLER_72_253, 122.39, 209.44, 1.8
FILLER_73_261, 122.39, 209.44, 1.8
input15, 122.39, 209.44, 1.8
PHY_140, 5.52, 204, 1.8
PHY_142, 5.52, 204, 1.8
ANTENNA_input11_A, 129.26, 204, 1.8
PHY_141, 129.26, 204, 1.8
PHY_143, 129.26, 204, 1.8
FILLER_71_51, 28.02, 204, 1.8
FILLER_72_77, 40.52, 204, 1.8
FILLER_71_105, 53.02, 204, 1.8
FILLER_71_161, 78.02, 204, 1.8
FILLER_72_189, 90.52, 204, 1.8
FILLER_71_217, 103.02, 204, 1.8
ANTENNA_input12_A, 122.39, 204, 1.8
FILLER_70_253, 122.39, 204, 1.8
FILLER_71_249, 122.39, 204, 1.8
input12, 122.39, 204, 1.8
input13, 122.39, 204, 1.8
PHY_136, 5.52, 198.56, 1.8
PHY_138, 5.52, 198.56, 1.8
PHY_137, 129.26, 198.56, 1.8
PHY_139, 129.26, 198.56, 1.8
FILLER_69_51, 28.02, 198.56, 1.8
FILLER_70_77, 40.52, 198.56, 1.8
FILLER_69_105, 53.02, 198.56, 1.8
hold54, 53.02, 198.56, 1.8
FILLER_69_159, 78.02, 198.56, 1.8
FILLER_70_189, 90.52, 198.56, 1.8
FILLER_69_217, 103.02, 198.56, 1.8
FILLER_68_253, 122.39, 198.56, 1.8
FILLER_70_261, 122.39, 198.56, 1.8
input11, 122.39, 198.56, 1.8
PHY_132, 5.52, 193.12, 1.8
PHY_134, 5.52, 193.12, 1.8
ANTENNA_input9_A, 129.26, 193.12, 1.8
PHY_133, 129.26, 193.12, 1.8
PHY_135, 129.26, 193.12, 1.8
FILLER_67_51, 28.02, 193.12, 1.8
FILLER_68_77, 40.52, 193.12, 1.8
cby_0__8_.cby_0__1_.mux_right_ipin_3.sky130_fd_sc_hd__buf_4_0_, 40.52, 193.12, 1.8
FILLER_67_105, 53.02, 193.12, 1.8
FILLER_67_161, 78.02, 193.12, 1.8
FILLER_66_177, 90.52, 193.12, 1.8
FILLER_68_189, 90.52, 193.12, 1.8
hold102, 90.52, 193.12, 1.8
FILLER_67_217, 103.02, 193.12, 1.8
ANTENNA_input10_A, 122.39, 193.12, 1.8
FILLER_66_253, 122.39, 193.12, 1.8
FILLER_67_261, 122.39, 193.12, 1.8
input10, 122.39, 193.12, 1.8
PHY_128, 5.52, 187.68, 1.8
PHY_130, 5.52, 187.68, 1.8
PHY_129, 129.26, 187.68, 1.8
PHY_131, 129.26, 187.68, 1.8
FILLER_65_51, 28.02, 187.68, 1.8
FILLER_66_77, 40.52, 187.68, 1.8
FILLER_65_105, 53.02, 187.68, 1.8
FILLER_65_161, 78.02, 187.68, 1.8
FILLER_66_188, 90.52, 187.68, 1.8
FILLER_65_217, 103.02, 187.68, 1.8
ANTENNA_input8_A, 122.39, 187.68, 1.8
FILLER_64_253, 122.39, 187.68, 1.8
FILLER_65_249, 122.39, 187.68, 1.8
input8, 122.39, 187.68, 1.8
input9, 122.39, 187.68, 1.8
PHY_124, 5.52, 182.24, 1.8
PHY_126, 5.52, 182.24, 1.8
PHY_125, 129.26, 182.24, 1.8
PHY_127, 129.26, 182.24, 1.8
FILLER_63_51, 28.02, 182.24, 1.8
FILLER_63_81, 40.52, 182.24, 1.8
FILLER_64_77, 40.52, 182.24, 1.8
ANTENNA_cby_0__8_.grid_io_left_left_0__1_.logical_tile_io_mode_io__0.logical_tile_io_mode_physical__iopad_0.io_sky130_fd_sc_hd__dfrtp_1_mem.sky130_fd_sc_hd__dfrtp_1_0__CLK, 53.02, 182.24, 1.8
ANTENNA_cby_0__8_.grid_io_left_left_0__1_.logical_tile_io_mode_io__0.logical_tile_io_mode_physical__iopad_0.io_sky130_fd_sc_hd__dfrtp_1_mem.sky130_fd_sc_hd__dfrtp_1_0__RESET_B, 53.02, 182.24, 1.8
cby_0__8_.grid_io_left_left_0__1_.logical_tile_io_mode_io__0.logical_tile_io_mode_physical__iopad_0.io_sky130_fd_sc_hd__dfrtp_1_mem.sky130_fd_sc_hd__dfrtp_1_0_, 53.02, 182.24, 1.8
FILLER_63_165, 78.02, 182.24, 1.8
FILLER_64_189, 90.52, 182.24, 1.8
FILLER_63_217, 103.02, 182.24, 1.8
ANTENNA_input6_A, 122.39, 182.24, 1.8
ANTENNA_input7_A, 122.39, 182.24, 1.8
FILLER_62_253, 122.39, 182.24, 1.8
FILLER_63_249, 122.39, 182.24, 1.8
input6, 122.39, 182.24, 1.8
input7, 122.39, 182.24, 1.8
PHY_120, 5.52, 176.8, 1.8
PHY_122, 5.52, 176.8, 1.8
PHY_121, 129.26, 176.8, 1.8
PHY_123, 129.26, 176.8, 1.8
FILLER_61_51, 28.02, 176.8, 1.8
FILLER_62_77, 40.52, 176.8, 1.8
cby_0__8_.cby_0__1_.mux_right_ipin_2.sky130_fd_sc_hd__buf_4_0_, 40.52, 176.8, 1.8
FILLER_61_105, 53.02, 176.8, 1.8
FILLER_61_161, 78.02, 176.8, 1.8
FILLER_62_189, 90.52, 176.8, 1.8
ANTENNA_sb_0__8_.mux_bottom_track_49.mux_l1_in_0__A0, 103.02, 176.8, 1.8
FILLER_60_209, 103.02, 176.8, 1.8
FILLER_61_205, 103.02, 176.8, 1.8
hold33, 103.02, 176.8, 1.8
sb_0__8_.mux_bottom_track_49.mux_l1_in_0_, 103.02, 176.8, 1.8
ANTENNA_input32_A, 122.39, 176.8, 1.8
ANTENNA_input4_A, 122.39, 176.8, 1.8
ANTENNA_input5_A, 122.39, 176.8, 1.8
FILLER_61_248, 122.39, 176.8, 1.8
input4, 122.39, 176.8, 1.8
input5, 122.39, 176.8, 1.8
PHY_116, 5.52, 171.36, 1.8
PHY_118, 5.52, 171.36, 1.8
FILLER_58_263, 129.26, 171.36, 1.8
PHY_117, 129.26, 171.36, 1.8
PHY_119, 129.26, 171.36, 1.8
FILLER_59_51, 28.02, 171.36, 1.8
FILLER_60_77, 40.52, 171.36, 1.8
FILLER_59_105, 53.02, 171.36, 1.8
ANTENNA_clkbuf_4_10_0_prog_clk_A, 78.02, 171.36, 1.8
FILLER_59_149, 78.02, 171.36, 1.8
clkbuf_4_10_0_prog_clk, 78.02, 171.36, 1.8
FILLER_59_193, 90.52, 171.36, 1.8
FILLER_60_189, 90.52, 171.36, 1.8
FILLER_60_197, 90.52, 171.36, 1.8
clkbuf_4_11_0_prog_clk, 90.52, 171.36, 1.8
ANTENNA_sb_0__8_.mem_bottom_track_49.sky130_fd_sc_hd__dfrtp_1_0__RESET_B, 103.02, 171.36, 1.8
ANTENNA_sb_0__8_.mux_bottom_track_47.mux_l1_in_0__A0, 103.02, 171.36, 1.8
FILLER_59_207, 103.02, 171.36, 1.8
FILLER_60_221, 103.02, 171.36, 1.8
hold11, 103.02, 171.36, 1.8
hold9, 103.02, 171.36, 1.8
sb_0__8_.mem_bottom_track_49.sky130_fd_sc_hd__dfrtp_1_0_, 103.02, 171.36, 1.8
ANTENNA_input30_A, 122.39, 171.36, 1.8
ANTENNA_input31_A, 122.39, 171.36, 1.8
ANTENNA_sb_0__8_.mem_bottom_track_45.sky130_fd_sc_hd__dfrtp_1_1__RESET_B, 122.39, 171.36, 1.8
ANTENNA_sb_0__8_.mux_bottom_track_33.mux_l1_in_0__A0, 122.39, 171.36, 1.8
ANTENNA_sb_0__8_.mux_bottom_track_35.mux_l1_in_0__A0, 122.39, 171.36, 1.8
FILLER_59_247, 122.39, 171.36, 1.8
FILLER_59_257, 122.39, 171.36, 1.8
input30, 122.39, 171.36, 1.8
input31, 122.39, 171.36, 1.8
input32, 122.39, 171.36, 1.8
PHY_112, 5.52, 165.92, 1.8
PHY_114, 5.52, 165.92, 1.8
ANTENNA_sb_0__8_.mem_bottom_track_35.sky130_fd_sc_hd__dfrtp_1_1__RESET_B, 129.26, 165.92, 1.8
PHY_113, 129.26, 165.92, 1.8
PHY_115, 129.26, 165.92, 1.8
FILLER_57_51, 28.02, 165.92, 1.8
FILLER_57_81, 40.52, 165.92, 1.8
FILLER_58_77, 40.52, 165.92, 1.8
hold21, 53.02, 165.92, 1.8
ANTENNA_clkbuf_4_11_0_prog_clk_A, 78.02, 165.92, 1.8
FILLER_57_161, 78.02, 165.92, 1.8
FILLER_58_165, 78.02, 165.92, 1.8
FILLER_56_177, 90.52, 165.92, 1.8
FILLER_57_193, 90.52, 165.92, 1.8
FILLER_58_186, 90.52, 165.92, 1.8
ANTENNA_sb_0__8_.mem_bottom_track_47.sky130_fd_sc_hd__dfrtp_1_1__RESET_B, 103.02, 165.92, 1.8
FILLER_58_219, 103.02, 165.92, 1.8
sb_0__8_.mem_bottom_track_47.sky130_fd_sc_hd__dfrtp_1_0_, 103.02, 165.92, 1.8
sb_0__8_.mem_bottom_track_47.sky130_fd_sc_hd__dfrtp_1_1_, 103.02, 165.92, 1.8
sb_0__8_.mem_bottom_track_49.sky130_fd_sc_hd__dfrtp_1_1_, 103.02, 165.92, 1.8
FILLER_57_247, 122.39, 165.92, 1.8
FILLER_57_260, 122.39, 165.92, 1.8
hold75, 122.39, 165.92, 1.8
sb_0__8_.mux_bottom_track_35.mux_l1_in_0_, 122.39, 165.92, 1.8
PHY_108, 5.52, 160.48, 1.8
PHY_110, 5.52, 160.48, 1.8
FILLER_54_263, 129.26, 160.48, 1.8
FILLER_55_263, 129.26, 160.48, 1.8
PHY_109, 129.26, 160.48, 1.8
PHY_111, 129.26, 160.48, 1.8
FILLER_55_51, 28.02, 160.48, 1.8
FILLER_55_81, 40.52, 160.48, 1.8
FILLER_56_77, 40.52, 160.48, 1.8
cby_0__8_.cby_0__1_.mux_right_ipin_0.sky130_fd_sc_hd__buf_4_0_, 40.52, 160.48, 1.8
cby_0__8_.cby_0__1_.mux_right_ipin_1.sky130_fd_sc_hd__buf_4_0_, 40.52, 160.48, 1.8
ANTENNA_sb_0__8_.mux_right_track_0.mux_l1_in_0__A1, 78.02, 160.48, 1.8
ANTENNA_sb_0__8_.mux_right_track_0.mux_l1_in_1__A0, 78.02, 160.48, 1.8
FILLER_54_154, 78.02, 160.48, 1.8
FILLER_55_149, 78.02, 160.48, 1.8
sb_0__8_.mux_right_track_0.mux_l1_in_0_, 78.02, 160.48, 1.8
ANTENNA_sb_0__8_.mux_right_track_0.mux_l1_in_0__A0, 90.52, 160.48, 1.8
FILLER_56_193, 90.52, 160.48, 1.8
hold60, 90.52, 160.48, 1.8
sb_0__8_.mem_bottom_track_31.sky130_fd_sc_hd__dfrtp_1_0_, 90.52, 160.48, 1.8
ANTENNA_clkbuf_4_14_0_prog_clk_A, 103.02, 160.48, 1.8
ANTENNA_clkbuf_4_15_0_prog_clk_A, 103.02, 160.48, 1.8
ANTENNA_sb_0__8_.mem_bottom_track_31.sky130_fd_sc_hd__dfrtp_1_0__RESET_B, 103.02, 160.48, 1.8
ANTENNA_sb_0__8_.mem_bottom_track_49.sky130_fd_sc_hd__dfrtp_1_1__RESET_B, 103.02, 160.48, 1.8
FILLER_55_217, 103.02, 160.48, 1.8
FILLER_55_225, 103.02, 160.48, 1.8
FILLER_56_223, 103.02, 160.48, 1.8
clkbuf_4_14_0_prog_clk, 103.02, 160.48, 1.8
sb_0__8_.mem_bottom_track_31.sky130_fd_sc_hd__dfrtp_1_1_, 103.02, 160.48, 1.8
ANTENNA_sb_0__8_.mem_bottom_track_45.sky130_fd_sc_hd__dfrtp_1_0__RESET_B, 122.39, 160.48, 1.8
sb_0__8_.mux_bottom_track_33.mux_l1_in_0_, 122.39, 160.48, 1.8
PHY_104, 5.52, 155.04, 1.8
PHY_106, 5.52, 155.04, 1.8
FILLER_52_263, 129.26, 155.04, 1.8
PHY_105, 129.26, 155.04, 1.8
PHY_107, 129.26, 155.04, 1.8
FILLER_53_51, 28.02, 155.04, 1.8
FILLER_54_77, 40.52, 155.04, 1.8
FILLER_53_105, 53.02, 155.04, 1.8
ANTENNA_clkbuf_4_8_0_prog_clk_A, 78.02, 155.04, 1.8
ANTENNA_sb_0__8_.mem_right_track_0.sky130_fd_sc_hd__dfrtp_1_1__RESET_B, 78.02, 155.04, 1.8
ANTENNA_sb_0__8_.mux_right_track_0.mux_l1_in_1__A1, 78.02, 155.04, 1.8
FILLER_53_159, 78.02, 155.04, 1.8
FILLER_54_167, 78.02, 155.04, 1.8
clkbuf_4_9_0_prog_clk, 78.02, 155.04, 1.8
sb_0__8_.mem_bottom_track_29.sky130_fd_sc_hd__dfrtp_1_1_, 78.02, 155.04, 1.8
sb_0__8_.mux_right_track_0.mux_l1_in_1_, 78.02, 155.04, 1.8
ANTENNA_sb_0__8_.mem_bottom_track_29.sky130_fd_sc_hd__dfrtp_1_1__RESET_B, 90.52, 155.04, 1.8
hold20, 90.52, 155.04, 1.8
hold5, 90.52, 155.04, 1.8
ANTENNA_sb_0__8_.mem_bottom_track_31.sky130_fd_sc_hd__dfrtp_1_1__RESET_B, 103.02, 155.04, 1.8
ANTENNA_sb_0__8_.mux_bottom_track_29.mux_l1_in_0__A0, 103.02, 155.04, 1.8
ANTENNA_sb_0__8_.mux_bottom_track_31.mux_l1_in_0__A0, 103.02, 155.04, 1.8
FILLER_53_203, 103.02, 155.04, 1.8
FILLER_53_216, 103.02, 155.04, 1.8
FILLER_53_225, 103.02, 155.04, 1.8
FILLER_54_219, 103.02, 155.04, 1.8
hold32, 103.02, 155.04, 1.8
sb_0__8_.mux_bottom_track_29.mux_l1_in_0_, 103.02, 155.04, 1.8
sb_0__8_.mux_bottom_track_31.mux_l1_in_0_, 103.02, 155.04, 1.8
ANTENNA_sb_0__8_.mem_bottom_track_33.sky130_fd_sc_hd__dfrtp_1_0__RESET_B, 122.39, 155.04, 1.8
ANTENNA_sb_0__8_.mem_bottom_track_33.sky130_fd_sc_hd__dfrtp_1_1__RESET_B, 122.39, 155.04, 1.8
FILLER_53_252, 122.39, 155.04, 1.8
hold31, 122.39, 155.04, 1.8
hold82, 122.39, 155.04, 1.8
PHY_100, 5.52, 149.6, 1.8
PHY_102, 5.52, 149.6, 1.8
ANTENNA_sb_0__8_.mem_bottom_track_35.sky130_fd_sc_hd__dfrtp_1_0__RESET_B, 129.26, 149.6, 1.8
PHY_101, 129.26, 149.6, 1.8
PHY_103, 129.26, 149.6, 1.8
FILLER_51_51, 28.02, 149.6, 1.8
FILLER_52_77, 40.52, 149.6, 1.8
FILLER_51_102, 53.02, 149.6, 1.8
FILLER_51_113, 53.02, 149.6, 1.8
cby_0__8_.cby_0__1_.mux_right_ipin_3.mux_l4_in_0_, 53.02, 149.6, 1.8
ANTENNA_clkbuf_4_9_0_prog_clk_A, 78.02, 149.6, 1.8
ANTENNA_sb_0__8_.mux_right_track_4.mux_l1_in_1__A0, 78.02, 149.6, 1.8
ANTENNA_sb_0__8_.mux_right_track_4.mux_l1_in_1__A1, 78.02, 149.6, 1.8
FILLER_51_153, 78.02, 149.6, 1.8
FILLER_52_160, 78.02, 149.6, 1.8
FILLER_52_168, 78.02, 149.6, 1.8
hold34, 78.02, 149.6, 1.8
sb_0__8_.mem_bottom_track_29.sky130_fd_sc_hd__dfrtp_1_0_, 78.02, 149.6, 1.8
sb_0__8_.mux_right_track_4.mux_l1_in_1_, 78.02, 149.6, 1.8
ANTENNA_sb_0__8_.mem_bottom_track_29.sky130_fd_sc_hd__dfrtp_1_0__RESET_B, 90.52, 149.6, 1.8
FILLER_51_173, 90.52, 149.6, 1.8
hold22, 90.52, 149.6, 1.8
sb_0__8_.mem_bottom_track_19.sky130_fd_sc_hd__dfrtp_1_1_, 90.52, 149.6, 1.8
sb_0__8_.mux_bottom_track_47.mux_l2_in_0__150, 90.52, 149.6, 1.8
FILLER_50_208, 103.02, 149.6, 1.8
FILLER_51_200, 103.02, 149.6, 1.8
FILLER_51_213, 103.02, 149.6, 1.8
sb_0__8_.mem_bottom_track_33.sky130_fd_sc_hd__dfrtp_1_0_, 103.02, 149.6, 1.8
sb_0__8_.mux_bottom_track_45.mux_l2_in_0__149, 103.02, 149.6, 1.8
sb_0__8_.mux_bottom_track_47.mux_l2_in_0_, 103.02, 149.6, 1.8
sb_0__8_.mux_bottom_track_49.mux_l2_in_0_, 103.02, 149.6, 1.8
ANTENNA_input27_A, 122.39, 149.6, 1.8
hold1, 122.39, 149.6, 1.8
input27, 122.39, 149.6, 1.8
PHY_96, 5.52, 144.16, 1.8
PHY_98, 5.52, 144.16, 1.8
PHY_97, 129.26, 144.16, 1.8
PHY_99, 129.26, 144.16, 1.8
FILLER_49_51, 28.02, 144.16, 1.8
FILLER_50_77, 40.52, 144.16, 1.8
cby_0__8_.cby_0__1_.mem_right_ipin_3.sky130_fd_sc_hd__dfrtp_1_3_, 40.52, 144.16, 1.8
ANTENNA_cby_0__8_.cby_0__1_.mem_right_ipin_3.sky130_fd_sc_hd__dfrtp_1_3__RESET_B, 53.02, 144.16, 1.8
ANTENNA_hold97_A, 53.02, 144.16, 1.8
FILLER_49_93, 53.02, 144.16, 1.8
hold97, 53.02, 144.16, 1.8
sb_0__8_.mem_right_track_2.sky130_fd_sc_hd__dfrtp_1_1_, 53.02, 144.16, 1.8
sb_0__8_.mem_right_track_4.sky130_fd_sc_hd__dfrtp_1_0_, 53.02, 144.16, 1.8
ANTENNA_sb_0__8_.mem_right_track_6.sky130_fd_sc_hd__dfrtp_1_0__RESET_B, 78.02, 144.16, 1.8
ANTENNA_sb_0__8_.mux_right_track_4.mux_l1_in_0__A0, 78.02, 144.16, 1.8
ANTENNA_sb_0__8_.mux_right_track_4.mux_l1_in_0__A1, 78.02, 144.16, 1.8
FILLER_48_157, 78.02, 144.16, 1.8
FILLER_49_151, 78.02, 144.16, 1.8
FILLER_50_169, 78.02, 144.16, 1.8
sb_0__8_.mux_right_track_2.mux_l1_in_0_, 78.02, 144.16, 1.8
sb_0__8_.mux_right_track_4.mux_l1_in_0_, 78.02, 144.16, 1.8
sb_0__8_.mux_right_track_6.mux_l1_in_0_, 78.02, 144.16, 1.8
ANTENNA_sb_0__8_.mem_bottom_track_19.sky130_fd_sc_hd__dfrtp_1_0__RESET_B, 90.52, 144.16, 1.8
ANTENNA_sb_0__8_.mem_bottom_track_19.sky130_fd_sc_hd__dfrtp_1_1__RESET_B, 90.52, 144.16, 1.8
ANTENNA_sb_0__8_.mux_right_track_6.mux_l1_in_0__A0, 90.52, 144.16, 1.8
ANTENNA_sb_0__8_.mux_right_track_6.mux_l1_in_0__A1, 90.52, 144.16, 1.8
FILLER_49_186, 90.52, 144.16, 1.8
sb_0__8_.mem_bottom_track_19.sky130_fd_sc_hd__dfrtp_1_0_, 90.52, 144.16, 1.8
sb_0__8_.mux_bottom_track_49.mux_l2_in_0__151, 90.52, 144.16, 1.8
ANTENNA_sb_0__8_.mux_bottom_track_19.mux_l1_in_0__A0, 103.02, 144.16, 1.8
ANTENNA_sb_0__8_.mux_bottom_track_51.mux_l1_in_0__A0, 103.02, 144.16, 1.8
FILLER_48_208, 103.02, 144.16, 1.8
FILLER_49_200, 103.02, 144.16, 1.8
FILLER_49_207, 103.02, 144.16, 1.8
FILLER_49_212, 103.02, 144.16, 1.8
FILLER_50_221, 103.02, 144.16, 1.8
sb_0__8_.mux_bottom_track_19.mux_l1_in_0_, 103.02, 144.16, 1.8
sb_0__8_.mux_bottom_track_31.mux_l2_in_0_, 103.02, 144.16, 1.8
sb_0__8_.mux_bottom_track_31.mux_l2_in_0__146, 103.02, 144.16, 1.8
ANTENNA_input29_A, 122.39, 144.16, 1.8
ANTENNA_sb_0__8_.mem_bottom_track_51.sky130_fd_sc_hd__dfrtp_1_0__RESET_B, 122.39, 144.16, 1.8
ANTENNA_sb_0__8_.mux_bottom_track_13.mux_l1_in_0__A0, 122.39, 144.16, 1.8
ANTENNA_sb_0__8_.mux_bottom_track_51.mux_l1_in_0__A1, 122.39, 144.16, 1.8
FILLER_49_248, 122.39, 144.16, 1.8
input28, 122.39, 144.16, 1.8
input29, 122.39, 144.16, 1.8
sb_0__8_.mux_bottom_track_35.mux_l2_in_0__148, 122.39, 144.16, 1.8
PHY_92, 5.52, 138.72, 1.8
PHY_94, 5.52, 138.72, 1.8
ANTENNA_input28_A, 129.26, 138.72, 1.8
ANTENNA_sb_0__8_.mem_bottom_track_15.sky130_fd_sc_hd__dfrtp_1_0__RESET_B, 129.26, 138.72, 1.8
FILLER_46_263, 129.26, 138.72, 1.8
PHY_93, 129.26, 138.72, 1.8
PHY_95, 129.26, 138.72, 1.8
FILLER_47_51, 28.02, 138.72, 1.8
FILLER_48_77, 40.52, 138.72, 1.8
FILLER_48_85, 40.52, 138.72, 1.8
FILLER_47_93, 53.02, 138.72, 1.8
FILLER_48_111, 53.02, 138.72, 1.8
hold49, 53.02, 138.72, 1.8
hold94, 53.02, 138.72, 1.8
sb_0__8_.mem_right_track_2.sky130_fd_sc_hd__dfrtp_1_0_, 53.02, 138.72, 1.8
sb_0__8_.mem_right_track_4.sky130_fd_sc_hd__dfrtp_1_2_, 53.02, 138.72, 1.8
ANTENNA_sb_0__8_.mem_right_track_6.sky130_fd_sc_hd__dfrtp_1_1__RESET_B, 78.02, 138.72, 1.8
ANTENNA_sb_0__8_.mux_right_track_2.mux_l1_in_0__A0, 78.02, 138.72, 1.8
FILLER_46_148, 78.02, 138.72, 1.8
FILLER_47_152, 78.02, 138.72, 1.8
FILLER_48_170, 78.02, 138.72, 1.8
hold100, 78.02, 138.72, 1.8
sb_0__8_.mux_right_track_2.mux_l1_in_1_, 78.02, 138.72, 1.8
sb_0__8_.mux_right_track_6.mux_l1_in_1_, 78.02, 138.72, 1.8
sb_0__8_.mux_right_track_8.mux_l1_in_1_, 78.02, 138.72, 1.8
ANTENNA_sb_0__8_.mux_right_track_2.mux_l1_in_1__A0, 90.52, 138.72, 1.8
ANTENNA_sb_0__8_.mux_right_track_6.mux_l1_in_1__A0, 90.52, 138.72, 1.8
ANTENNA_sb_0__8_.mux_right_track_6.mux_l1_in_1__A1, 90.52, 138.72, 1.8
ANTENNA_sb_0__8_.mux_right_track_8.mux_l1_in_1__A0, 90.52, 138.72, 1.8
ANTENNA_sb_0__8_.mux_right_track_8.mux_l1_in_1__A1, 90.52, 138.72, 1.8
FILLER_47_180, 90.52, 138.72, 1.8
FILLER_47_193, 90.52, 138.72, 1.8
hold73, 90.52, 138.72, 1.8
sb_0__8_.mux_bottom_track_29.mux_l2_in_0_, 90.52, 138.72, 1.8
sb_0__8_.mux_bottom_track_29.mux_l2_in_0__144, 90.52, 138.72, 1.8
ANTENNA_clkbuf_4_12_0_prog_clk_A, 103.02, 138.72, 1.8
FILLER_46_199, 103.02, 138.72, 1.8
clkbuf_4_12_0_prog_clk, 103.02, 138.72, 1.8
sb_0__8_.mem_bottom_track_15.sky130_fd_sc_hd__dfrtp_1_1_, 103.02, 138.72, 1.8
sb_0__8_.mem_bottom_track_51.sky130_fd_sc_hd__dfrtp_1_0_, 103.02, 138.72, 1.8
FILLER_47_247, 122.39, 138.72, 1.8
sb_0__8_.mux_bottom_track_13.mux_l1_in_0_, 122.39, 138.72, 1.8
sb_0__8_.mux_bottom_track_35.mux_l2_in_0_, 122.39, 138.72, 1.8
PHY_88, 5.52, 133.28, 1.8
PHY_90, 5.52, 133.28, 1.8
ANTENNA_sb_0__8_.mem_bottom_track_13.sky130_fd_sc_hd__dfrtp_1_1__RESET_B, 129.26, 133.28, 1.8
ANTENNA_sb_0__8_.mux_bottom_track_11.mux_l1_in_0__A0, 129.26, 133.28, 1.8
PHY_89, 129.26, 133.28, 1.8
PHY_91, 129.26, 133.28, 1.8
FILLER_45_51, 28.02, 133.28, 1.8
FILLER_45_81, 40.52, 133.28, 1.8
FILLER_46_77, 40.52, 133.28, 1.8
ANTENNA_sb_0__8_.mem_right_track_2.sky130_fd_sc_hd__dfrtp_1_2__RESET_B, 53.02, 133.28, 1.8
FILLER_45_115, 53.02, 133.28, 1.8
sb_0__8_.mem_right_track_2.sky130_fd_sc_hd__dfrtp_1_2_, 53.02, 133.28, 1.8
ANTENNA_sb_0__8_.mux_right_track_2.mux_l1_in_0__A1, 78.02, 133.28, 1.8
ANTENNA_sb_0__8_.mux_right_track_2.mux_l1_in_1__A1, 78.02, 133.28, 1.8
ANTENNA_sb_0__8_.mux_right_track_8.mux_l1_in_0__A0, 78.02, 133.28, 1.8
ANTENNA_sb_0__8_.mux_right_track_8.mux_l1_in_0__A1, 78.02, 133.28, 1.8
FILLER_44_154, 78.02, 133.28, 1.8
FILLER_45_146, 78.02, 133.28, 1.8
sb_0__8_.mux_right_track_6.mux_l2_in_0_, 78.02, 133.28, 1.8
sb_0__8_.mux_right_track_8.mux_l1_in_0_, 78.02, 133.28, 1.8
ANTENNA_input26_A, 90.52, 133.28, 1.8
FILLER_44_173, 90.52, 133.28, 1.8
FILLER_46_187, 90.52, 133.28, 1.8
input26, 90.52, 133.28, 1.8
sb_0__8_.mem_bottom_track_17.sky130_fd_sc_hd__dfrtp_1_1_, 90.52, 133.28, 1.8
sb_0__8_.mux_bottom_track_19.mux_l2_in_0_, 90.52, 133.28, 1.8
ANTENNA_sb_0__8_.mem_bottom_track_17.sky130_fd_sc_hd__dfrtp_1_1__RESET_B, 103.02, 133.28, 1.8
ANTENNA_sb_0__8_.mux_bottom_track_17.mux_l1_in_0__A0, 103.02, 133.28, 1.8
FILLER_46_224, 103.02, 133.28, 1.8
sb_0__8_.mem_bottom_track_17.sky130_fd_sc_hd__dfrtp_1_0_, 103.02, 133.28, 1.8
sb_0__8_.mux_bottom_track_17.mux_l1_in_0_, 103.02, 133.28, 1.8
hold70, 122.39, 133.28, 1.8
sb_0__8_.mux_bottom_track_7.mux_l1_in_1__154, 122.39, 133.28, 1.8
PHY_84, 5.52, 127.84, 1.8
PHY_86, 5.52, 127.84, 1.8
FILLER_42_263, 129.26, 127.84, 1.8
PHY_85, 129.26, 127.84, 1.8
PHY_87, 129.26, 127.84, 1.8
FILLER_43_51, 28.02, 127.84, 1.8
FILLER_44_77, 40.52, 127.84, 1.8
sb_0__8_.mem_right_track_0.sky130_fd_sc_hd__dfrtp_1_2_, 40.52, 127.84, 1.8
ANTENNA_sb_0__8_.mem_right_track_0.sky130_fd_sc_hd__dfrtp_1_2__RESET_B, 53.02, 127.84, 1.8
FILLER_42_97, 53.02, 127.84, 1.8
FILLER_43_113, 53.02, 127.84, 1.8
FILLER_43_93, 53.02, 127.84, 1.8
FILLER_44_111, 53.02, 127.84, 1.8
cby_0__8_.cby_0__1_.mux_right_ipin_3.mux_l3_in_1_, 53.02, 127.84, 1.8
hold92, 53.02, 127.84, 1.8
sb_0__8_.mux_right_track_2.mux_l3_in_0_, 53.02, 127.84, 1.8
ANTENNA_cby_0__8_.cby_0__1_.mux_right_ipin_3.mux_l2_in_3__A1, 78.02, 127.84, 1.8
ANTENNA_cby_0__8_.cby_0__1_.mux_right_ipin_3.mux_l2_in_3__S, 78.02, 127.84, 1.8
ANTENNA_sb_0__8_.mux_right_track_10.mux_l1_in_0__A0, 78.02, 127.84, 1.8
ANTENNA_sb_0__8_.mux_right_track_10.mux_l1_in_1__A0, 78.02, 127.84, 1.8
ANTENNA_sb_0__8_.mux_right_track_10.mux_l1_in_1__A1, 78.02, 127.84, 1.8
FILLER_43_155, 78.02, 127.84, 1.8
FILLER_43_169, 78.02, 127.84, 1.8
cby_0__8_.cby_0__1_.mux_right_ipin_3.mux_l2_in_3_, 78.02, 127.84, 1.8
cby_0__8_.cby_0__1_.mux_right_ipin_3.mux_l2_in_3__189, 78.02, 127.84, 1.8
sb_0__8_.mux_right_track_10.mux_l1_in_1_, 78.02, 127.84, 1.8
FILLER_42_178, 90.52, 127.84, 1.8
FILLER_43_175, 90.52, 127.84, 1.8
FILLER_43_182, 90.52, 127.84, 1.8
FILLER_43_189, 90.52, 127.84, 1.8
FILLER_43_196, 90.52, 127.84, 1.8
FILLER_44_191, 90.52, 127.84, 1.8
sb_0__8_.mux_bottom_track_17.mux_l2_in_0__194, 90.52, 127.84, 1.8
sb_0__8_.mux_bottom_track_19.mux_l2_in_0__143, 90.52, 127.84, 1.8
sb_0__8_.mux_right_track_0.sky130_fd_sc_hd__buf_4_0_, 90.52, 127.84, 1.8
sb_0__8_.mux_right_track_2.sky130_fd_sc_hd__buf_4_0_, 90.52, 127.84, 1.8
sb_0__8_.mux_right_track_4.sky130_fd_sc_hd__buf_4_0_, 90.52, 127.84, 1.8
ANTENNA_sb_0__8_.mem_bottom_track_15.sky130_fd_sc_hd__dfrtp_1_1__RESET_B, 103.02, 127.84, 1.8
ANTENNA_sb_0__8_.mem_bottom_track_17.sky130_fd_sc_hd__dfrtp_1_0__RESET_B, 103.02, 127.84, 1.8
FILLER_42_199, 103.02, 127.84, 1.8
FILLER_42_210, 103.02, 127.84, 1.8
_132_, 103.02, 127.84, 1.8
hold17, 103.02, 127.84, 1.8
hold36, 103.02, 127.84, 1.8
hold64, 103.02, 127.84, 1.8
sb_0__8_.mux_bottom_track_11.mux_l1_in_0_, 122.39, 127.84, 1.8
PHY_80, 5.52, 122.4, 1.8
PHY_82, 5.52, 122.4, 1.8
FILLER_40_263, 129.26, 122.4, 1.8
PHY_81, 129.26, 122.4, 1.8
PHY_83, 129.26, 122.4, 1.8
FILLER_41_51, 28.02, 122.4, 1.8
FILLER_41_69, 40.52, 122.4, 1.8
FILLER_41_84, 40.52, 122.4, 1.8
FILLER_42_77, 40.52, 122.4, 1.8
cby_0__8_.cby_0__1_.mux_right_ipin_2.mux_l4_in_0_, 40.52, 122.4, 1.8
sb_0__8_.mem_right_track_10.sky130_fd_sc_hd__dfrtp_1_0_, 40.52, 122.4, 1.8
ANTENNA_sb_0__8_.mem_right_track_10.sky130_fd_sc_hd__dfrtp_1_0__RESET_B, 53.02, 122.4, 1.8
FILLER_40_99, 53.02, 122.4, 1.8
FILLER_42_109, 53.02, 122.4, 1.8
hold91, 53.02, 122.4, 1.8
sb_0__8_.mem_right_track_6.sky130_fd_sc_hd__dfrtp_1_2_, 53.02, 122.4, 1.8
sb_0__8_.mem_right_track_8.sky130_fd_sc_hd__dfrtp_1_1_, 53.02, 122.4, 1.8
sb_0__8_.mux_right_track_0.mux_l3_in_0_, 53.02, 122.4, 1.8
ANTENNA_sb_0__8_.mux_right_track_10.mux_l1_in_0__A1, 78.02, 122.4, 1.8
FILLER_40_153, 78.02, 122.4, 1.8
FILLER_41_148, 78.02, 122.4, 1.8
clkbuf_0_prog_clk, 78.02, 122.4, 1.8
sb_0__8_.mux_right_track_14.mux_l1_in_0_, 78.02, 122.4, 1.8
sb_0__8_.mux_right_track_16.mux_l1_in_0_, 78.02, 122.4, 1.8
ANTENNA_clkbuf_0_prog_clk_A, 90.52, 122.4, 1.8
ANTENNA_sb_0__8_.mux_right_track_16.mux_l1_in_0__A0, 90.52, 122.4, 1.8
ANTENNA_sb_0__8_.mux_right_track_30.mux_l1_in_0__A0, 90.52, 122.4, 1.8
FILLER_40_174, 90.52, 122.4, 1.8
FILLER_40_181, 90.52, 122.4, 1.8
FILLER_41_180, 90.52, 122.4, 1.8
FILLER_42_185, 90.52, 122.4, 1.8
_133_, 90.52, 122.4, 1.8
input25, 90.52, 122.4, 1.8
sb_0__8_.mux_right_track_30.mux_l1_in_0_, 90.52, 122.4, 1.8
FILLER_41_199, 103.02, 122.4, 1.8
FILLER_41_225, 103.02, 122.4, 1.8
FILLER_42_218, 103.02, 122.4, 1.8
_135_, 103.02, 122.4, 1.8
hold6, 103.02, 122.4, 1.8
sb_0__8_.mem_bottom_track_7.sky130_fd_sc_hd__dfrtp_1_1_, 103.02, 122.4, 1.8
sb_0__8_.mem_bottom_track_9.sky130_fd_sc_hd__dfrtp_1_0_, 103.02, 122.4, 1.8
ANTENNA_sb_0__8_.mem_bottom_track_9.sky130_fd_sc_hd__dfrtp_1_1__RESET_B, 122.39, 122.4, 1.8
ANTENNA_sb_0__8_.mux_bottom_track_9.mux_l1_in_0__A0, 122.39, 122.4, 1.8
hold50, 122.39, 122.4, 1.8
PHY_76, 5.52, 116.96, 1.8
PHY_78, 5.52, 116.96, 1.8
ANTENNA_sb_0__8_.mem_bottom_track_11.sky130_fd_sc_hd__dfrtp_1_1__RESET_B, 129.26, 116.96, 1.8
ANTENNA_sb_0__8_.mem_bottom_track_13.sky130_fd_sc_hd__dfrtp_1_0__RESET_B, 129.26, 116.96, 1.8
PHY_77, 129.26, 116.96, 1.8
PHY_79, 129.26, 116.96, 1.8
FILLER_39_51, 28.02, 116.96, 1.8
FILLER_40_53, 28.02, 116.96, 1.8
cby_0__8_.cby_0__1_.mem_right_ipin_3.sky130_fd_sc_hd__dfrtp_1_2_, 28.02, 116.96, 1.8
ANTENNA_cby_0__8_.cby_0__1_.mem_right_ipin_3.sky130_fd_sc_hd__dfrtp_1_2__D, 40.52, 116.96, 1.8
ANTENNA_cby_0__8_.cby_0__1_.mem_right_ipin_3.sky130_fd_sc_hd__dfrtp_1_2__RESET_B, 40.52, 116.96, 1.8
sb_0__8_.mem_right_track_8.sky130_fd_sc_hd__dfrtp_1_2_, 40.52, 116.96, 1.8
ANTENNA_sb_0__8_.mem_right_track_8.sky130_fd_sc_hd__dfrtp_1_2__RESET_B, 53.02, 116.96, 1.8
FILLER_38_99, 53.02, 116.96, 1.8
FILLER_39_105, 53.02, 116.96, 1.8
FILLER_39_113, 53.02, 116.96, 1.8
hold28, 53.02, 116.96, 1.8
hold77, 53.02, 116.96, 1.8
ANTENNA_cby_0__8_.cby_0__1_.mux_right_ipin_2.mux_l2_in_3__A1, 78.02, 116.96, 1.8
ANTENNA_input14_A, 78.02, 116.96, 1.8
ANTENNA_sb_0__8_.mem_right_track_16.sky130_fd_sc_hd__dfrtp_1_0__RESET_B, 78.02, 116.96, 1.8
ANTENNA_sb_0__8_.mux_right_track_14.mux_l1_in_0__A0, 78.02, 116.96, 1.8
ANTENNA_sb_0__8_.mux_right_track_14.mux_l1_in_0__A1, 78.02, 116.96, 1.8
FILLER_38_145, 78.02, 116.96, 1.8
FILLER_39_156, 78.02, 116.96, 1.8
FILLER_40_168, 78.02, 116.96, 1.8
cby_0__8_.cby_0__1_.mux_right_ipin_2.mux_l2_in_3_, 78.02, 116.96, 1.8
cby_0__8_.cby_0__1_.mux_right_ipin_2.mux_l2_in_3__188, 78.02, 116.96, 1.8
input14, 78.02, 116.96, 1.8
sb_0__8_.mux_right_track_28.mux_l1_in_0_, 78.02, 116.96, 1.8
ANTENNA_sb_0__8_.mux_right_track_16.mux_l1_in_0__A1, 90.52, 116.96, 1.8
ANTENNA_sb_0__8_.mux_right_track_28.mux_l1_in_0__A0, 90.52, 116.96, 1.8
ANTENNA_sb_0__8_.mux_right_track_30.mux_l1_in_0__A1, 90.52, 116.96, 1.8
FILLER_39_180, 90.52, 116.96, 1.8
sb_0__8_.mux_bottom_track_17.mux_l2_in_0_, 90.52, 116.96, 1.8
sb_0__8_.mux_bottom_track_7.mux_l1_in_1_, 90.52, 116.96, 1.8
sb_0__8_.mux_right_track_32.mux_l1_in_0_, 90.52, 116.96, 1.8
sb_0__8_.mux_right_track_6.sky130_fd_sc_hd__buf_4_0_, 90.52, 116.96, 1.8
ANTENNA__135__A, 103.02, 116.96, 1.8
ANTENNA_sb_0__8_.mem_bottom_track_7.sky130_fd_sc_hd__dfrtp_1_1__RESET_B, 103.02, 116.96, 1.8
FILLER_38_209, 103.02, 116.96, 1.8
FILLER_39_206, 103.02, 116.96, 1.8
FILLER_40_223, 103.02, 116.96, 1.8
sb_0__8_.mux_bottom_track_15.mux_l2_in_0_, 103.02, 116.96, 1.8
sb_0__8_.mux_bottom_track_7.mux_l2_in_0_, 103.02, 116.96, 1.8
hold63, 122.39, 116.96, 1.8
PHY_72, 5.52, 111.52, 1.8
PHY_74, 5.52, 111.52, 1.8
PHY_73, 129.26, 111.52, 1.8
PHY_75, 129.26, 111.52, 1.8
FILLER_37_51, 28.02, 111.52, 1.8
FILLER_37_69, 40.52, 111.52, 1.8
FILLER_38_77, 40.52, 111.52, 1.8
FILLER_38_85, 40.52, 111.52, 1.8
sb_0__8_.mem_right_track_10.sky130_fd_sc_hd__dfrtp_1_1_, 40.52, 111.52, 1.8
ANTENNA_sb_0__8_.mem_right_track_10.sky130_fd_sc_hd__dfrtp_1_1__RESET_B, 53.02, 111.52, 1.8
FILLER_36_94, 53.02, 111.52, 1.8
FILLER_37_101, 53.02, 111.52, 1.8
FILLER_37_109, 53.02, 111.52, 1.8
FILLER_37_113, 53.02, 111.52, 1.8
cby_0__8_.cby_0__1_.mux_right_ipin_3.mux_l3_in_0_, 53.02, 111.52, 1.8
sb_0__8_.mux_right_track_2.mux_l2_in_1__162, 53.02, 111.52, 1.8
sb_0__8_.mux_right_track_8.mux_l3_in_0_, 53.02, 111.52, 1.8
FILLER_37_154, 78.02, 111.52, 1.8
FILLER_37_162, 78.02, 111.52, 1.8
sb_0__8_.mux_bottom_track_49.sky130_fd_sc_hd__buf_4_0_, 78.02, 111.52, 1.8
sb_0__8_.mux_right_track_14.mux_l2_in_0_, 78.02, 111.52, 1.8
sb_0__8_.mux_right_track_8.sky130_fd_sc_hd__buf_4_0_, 78.02, 111.52, 1.8
ANTENNA_input25_A, 90.52, 111.52, 1.8
ANTENNA_sb_0__8_.mux_bottom_track_7.mux_l1_in_1__A1, 90.52, 111.52, 1.8
ANTENNA_sb_0__8_.mux_right_track_28.mux_l1_in_0__A1, 90.52, 111.52, 1.8
ANTENNA_sb_0__8_.mux_right_track_32.mux_l1_in_0__A0, 90.52, 111.52, 1.8
ANTENNA_sb_0__8_.mux_right_track_32.mux_l1_in_0__A1, 90.52, 111.52, 1.8
ANTENNA_sb_0__8_.mux_right_track_46.mux_l1_in_0__A1, 90.52, 111.52, 1.8
FILLER_37_174, 90.52, 111.52, 1.8
FILLER_37_182, 90.52, 111.52, 1.8
FILLER_37_195, 90.52, 111.52, 1.8
FILLER_38_197, 90.52, 111.52, 1.8
sb_0__8_.mux_bottom_track_11.mux_l2_in_0__191, 90.52, 111.52, 1.8
FILLER_36_199, 103.02, 111.52, 1.8
FILLER_36_211, 103.02, 111.52, 1.8
FILLER_37_201, 103.02, 111.52, 1.8
FILLER_37_208, 103.02, 111.52, 1.8
FILLER_37_225, 103.02, 111.52, 1.8
FILLER_38_217, 103.02, 111.52, 1.8
_129_, 103.02, 111.52, 1.8
hold42, 103.02, 111.52, 1.8
sb_0__8_.mux_bottom_track_1.mux_l1_in_0_, 103.02, 111.52, 1.8
sb_0__8_.mux_bottom_track_1.mux_l1_in_1__190, 103.02, 111.52, 1.8
sb_0__8_.mux_right_track_46.mux_l1_in_0_, 103.02, 111.52, 1.8
_131_, 122.39, 111.52, 1.8
output99, 122.39, 111.52, 1.8
sb_0__8_.mux_bottom_track_5.mux_l1_in_0_, 122.39, 111.52, 1.8
PHY_68, 5.52, 106.08, 1.8
PHY_70, 5.52, 106.08, 1.8
ANTENNA_sb_0__8_.mem_bottom_track_7.sky130_fd_sc_hd__dfrtp_1_0__RESET_B, 129.26, 106.08, 1.8
PHY_69, 129.26, 106.08, 1.8
PHY_71, 129.26, 106.08, 1.8
FILLER_35_51, 28.02, 106.08, 1.8
FILLER_36_53, 28.02, 106.08, 1.8
cby_0__8_.cby_0__1_.mem_right_ipin_2.sky130_fd_sc_hd__dfrtp_1_3_, 28.02, 106.08, 1.8
ANTENNA_cby_0__8_.cby_0__1_.mem_right_ipin_2.sky130_fd_sc_hd__dfrtp_1_3__RESET_B, 40.52, 106.08, 1.8
FILLER_34_65, 40.52, 106.08, 1.8
FILLER_36_87, 40.52, 106.08, 1.8
cby_0__8_.cby_0__1_.mem_right_ipin_3.sky130_fd_sc_hd__dfrtp_1_0_, 40.52, 106.08, 1.8
hold71, 40.52, 106.08, 1.8
ANTENNA_cby_0__8_.cby_0__1_.mem_right_ipin_3.sky130_fd_sc_hd__dfrtp_1_0__RESET_B, 53.02, 106.08, 1.8
FILLER_34_102, 53.02, 106.08, 1.8
FILLER_35_109, 53.02, 106.08, 1.8
FILLER_35_97, 53.02, 106.08, 1.8
FILLER_36_107, 53.02, 106.08, 1.8
cby_0__8_.cby_0__1_.mux_right_ipin_2.mux_l3_in_1_, 53.02, 106.08, 1.8
hold88, 53.02, 106.08, 1.8
sb_0__8_.mux_right_track_10.mux_l2_in_0_, 53.02, 106.08, 1.8
sb_0__8_.mux_right_track_2.mux_l2_in_1_, 53.02, 106.08, 1.8
ANTENNA_sb_0__8_.mem_right_track_14.sky130_fd_sc_hd__dfrtp_1_1__RESET_B, 78.02, 106.08, 1.8
ANTENNA_sb_0__8_.mem_right_track_16.sky130_fd_sc_hd__dfrtp_1_1__RESET_B, 78.02, 106.08, 1.8
FILLER_35_147, 78.02, 106.08, 1.8
FILLER_35_159, 78.02, 106.08, 1.8
FILLER_36_159, 78.02, 106.08, 1.8
hold19, 78.02, 106.08, 1.8
hold26, 78.02, 106.08, 1.8
sb_0__8_.mem_right_track_30.sky130_fd_sc_hd__dfrtp_1_0_, 78.02, 106.08, 1.8
sb_0__8_.mem_right_track_30.sky130_fd_sc_hd__dfrtp_1_1_, 78.02, 106.08, 1.8
ANTENNA_sb_0__8_.mem_right_track_30.sky130_fd_sc_hd__dfrtp_1_0__RESET_B, 90.52, 106.08, 1.8
ANTENNA_sb_0__8_.mem_right_track_30.sky130_fd_sc_hd__dfrtp_1_1__RESET_B, 90.52, 106.08, 1.8
ANTENNA_sb_0__8_.mux_bottom_track_1.mux_l1_in_0__A0, 90.52, 106.08, 1.8
ANTENNA_sb_0__8_.mux_bottom_track_1.mux_l1_in_1__A1, 90.52, 106.08, 1.8
FILLER_34_173, 90.52, 106.08, 1.8
FILLER_35_183, 90.52, 106.08, 1.8
FILLER_35_189, 90.52, 106.08, 1.8
_130_, 90.52, 106.08, 1.8
sb_0__8_.mux_bottom_track_1.mux_l1_in_1_, 90.52, 106.08, 1.8
sb_0__8_.mux_bottom_track_13.mux_l2_in_0__192, 90.52, 106.08, 1.8
sb_0__8_.mux_right_track_14.sky130_fd_sc_hd__buf_4_0_, 90.52, 106.08, 1.8
FILLER_34_208, 103.02, 106.08, 1.8
FILLER_35_202, 103.02, 106.08, 1.8
FILLER_36_218, 103.02, 106.08, 1.8
output95, 103.02, 106.08, 1.8
sb_0__8_.mem_bottom_track_7.sky130_fd_sc_hd__dfrtp_1_0_, 103.02, 106.08, 1.8
sb_0__8_.mux_bottom_track_15.mux_l2_in_0__193, 103.02, 106.08, 1.8
sb_0__8_.mux_right_track_44.mux_l1_in_0_, 103.02, 106.08, 1.8
sb_0__8_.mux_bottom_track_11.mux_l2_in_0_, 122.39, 106.08, 1.8
PHY_64, 5.52, 100.64, 1.8
PHY_66, 5.52, 100.64, 1.8
FILLER_32_263, 129.26, 100.64, 1.8
PHY_65, 129.26, 100.64, 1.8
PHY_67, 129.26, 100.64, 1.8
FILLER_33_51, 28.02, 100.64, 1.8
FILLER_33_57, 28.02, 100.64, 1.8
hold83, 28.02, 100.64, 1.8
ANTENNA_sb_0__8_.mux_right_track_2.mux_l2_in_1__A1, 40.52, 100.64, 1.8
FILLER_33_69, 40.52, 100.64, 1.8
FILLER_34_85, 40.52, 100.64, 1.8
cby_0__8_.cby_0__1_.mux_right_ipin_0.mux_l4_in_0_, 40.52, 100.64, 1.8
FILLER_33_108, 53.02, 100.64, 1.8
hold25, 53.02, 100.64, 1.8
sb_0__8_.mem_right_track_14.sky130_fd_sc_hd__dfrtp_1_0_, 53.02, 100.64, 1.8
FILLER_33_147, 78.02, 100.64, 1.8
FILLER_33_160, 78.02, 100.64, 1.8
sb_0__8_.mem_right_track_32.sky130_fd_sc_hd__dfrtp_1_0_, 78.02, 100.64, 1.8
sb_0__8_.mux_right_track_16.mux_l2_in_0_, 78.02, 100.64, 1.8
FILLER_32_172, 90.52, 100.64, 1.8
FILLER_33_191, 90.52, 100.64, 1.8
FILLER_34_187, 90.52, 100.64, 1.8
_127_, 90.52, 100.64, 1.8
sb_0__8_.mux_bottom_track_47.sky130_fd_sc_hd__buf_4_0_, 90.52, 100.64, 1.8
sb_0__8_.mux_right_track_30.mux_l2_in_0_, 90.52, 100.64, 1.8
ANTENNA_sb_0__8_.mem_bottom_track_3.sky130_fd_sc_hd__dfrtp_1_0__RESET_B, 103.02, 100.64, 1.8
ANTENNA_sb_0__8_.mem_right_track_32.sky130_fd_sc_hd__dfrtp_1_0__RESET_B, 103.02, 100.64, 1.8
ANTENNA_sb_0__8_.mux_right_track_44.mux_l1_in_0__A0, 103.02, 100.64, 1.8
ANTENNA_sb_0__8_.mux_right_track_46.mux_l1_in_0__A0, 103.02, 100.64, 1.8
ANTENNA_sb_0__8_.mux_right_track_48.mux_l1_in_0__A0, 103.02, 100.64, 1.8
output94, 103.02, 100.64, 1.8
sb_0__8_.mem_bottom_track_1.sky130_fd_sc_hd__dfrtp_1_1_, 103.02, 100.64, 1.8
sb_0__8_.mux_right_track_48.mux_l1_in_0_, 103.02, 100.64, 1.8
ANTENNA_sb_0__8_.mux_bottom_track_5.mux_l1_in_0__A0, 122.39, 100.64, 1.8
sb_0__8_.mux_bottom_track_3.mux_l1_in_0_, 122.39, 100.64, 1.8
PHY_60, 5.52, 95.2, 1.8
PHY_62, 5.52, 95.2, 1.8
ANTENNA_sb_0__8_.mem_bottom_track_11.sky130_fd_sc_hd__dfrtp_1_0__RESET_B, 129.26, 95.2, 1.8
PHY_61, 129.26, 95.2, 1.8
PHY_63, 129.26, 95.2, 1.8
FILLER_31_51, 28.02, 95.2, 1.8
FILLER_32_53, 28.02, 95.2, 1.8
sb_0__8_.mem_right_track_10.sky130_fd_sc_hd__dfrtp_1_2_, 28.02, 95.2, 1.8
ANTENNA_sb_0__8_.mem_right_track_10.sky130_fd_sc_hd__dfrtp_1_2__RESET_B, 40.52, 95.2, 1.8
FILLER_32_81, 40.52, 95.2, 1.8
cby_0__8_.cby_0__1_.mem_right_ipin_2.sky130_fd_sc_hd__dfrtp_1_2_, 40.52, 95.2, 1.8
sb_0__8_.mem_right_track_12.sky130_fd_sc_hd__dfrtp_1_1_, 40.52, 95.2, 1.8
ANTENNA_cby_0__8_.cby_0__1_.mem_right_ipin_2.sky130_fd_sc_hd__dfrtp_1_2__RESET_B, 53.02, 95.2, 1.8
ANTENNA_cby_0__8_.cby_0__1_.mux_right_ipin_3.mux_l2_in_2__A0, 53.02, 95.2, 1.8
ANTENNA_cby_0__8_.cby_0__1_.mux_right_ipin_3.mux_l2_in_2__S, 53.02, 95.2, 1.8
ANTENNA_sb_0__8_.mem_right_track_12.sky130_fd_sc_hd__dfrtp_1_1__RESET_B, 53.02, 95.2, 1.8
ANTENNA_sb_0__8_.mux_right_track_6.mux_l2_in_1__A1, 53.02, 95.2, 1.8
FILLER_30_103, 53.02, 95.2, 1.8
FILLER_30_90, 53.02, 95.2, 1.8
FILLER_31_115, 53.02, 95.2, 1.8
FILLER_32_111, 53.02, 95.2, 1.8
cby_0__8_.cby_0__1_.mux_right_ipin_3.mux_l2_in_2_, 53.02, 95.2, 1.8
sb_0__8_.mux_right_track_10.mux_l3_in_0_, 53.02, 95.2, 1.8
ANTENNA_sb_0__8_.mem_right_track_28.sky130_fd_sc_hd__dfrtp_1_1__RESET_B, 78.02, 95.2, 1.8
FILLER_30_152, 78.02, 95.2, 1.8
FILLER_31_154, 78.02, 95.2, 1.8
FILLER_31_161, 78.02, 95.2, 1.8
hold43, 78.02, 95.2, 1.8
sb_0__8_.mux_right_track_10.sky130_fd_sc_hd__buf_4_0_, 78.02, 95.2, 1.8
sb_0__8_.mux_right_track_12.sky130_fd_sc_hd__buf_4_0_, 78.02, 95.2, 1.8
sb_0__8_.mux_right_track_28.mux_l2_in_0_, 78.02, 95.2, 1.8
ANTENNA_sb_0__8_.mem_bottom_track_5.sky130_fd_sc_hd__dfrtp_1_0__RESET_B, 90.52, 95.2, 1.8
FILLER_30_179, 90.52, 95.2, 1.8
FILLER_31_180, 90.52, 95.2, 1.8
FILLER_31_193, 90.52, 95.2, 1.8
FILLER_32_187, 90.52, 95.2, 1.8
hold2, 90.52, 95.2, 1.8
sb_0__8_.mux_bottom_track_31.sky130_fd_sc_hd__buf_4_0_, 90.52, 95.2, 1.8
sb_0__8_.mux_right_track_16.sky130_fd_sc_hd__buf_4_0_, 90.52, 95.2, 1.8
sb_0__8_.mux_right_track_58.mux_l1_in_0_, 90.52, 95.2, 1.8
ANTENNA_sb_0__8_.mem_bottom_track_3.sky130_fd_sc_hd__dfrtp_1_1__RESET_B, 103.02, 95.2, 1.8
ANTENNA_sb_0__8_.mux_right_track_48.mux_l1_in_0__A1, 103.02, 95.2, 1.8
ANTENNA_sb_0__8_.mux_right_track_58.mux_l1_in_0__A0, 103.02, 95.2, 1.8
FILLER_31_215, 103.02, 95.2, 1.8
FILLER_32_224, 103.02, 95.2, 1.8
hold98, 103.02, 95.2, 1.8
sb_0__8_.mux_bottom_track_1.mux_l2_in_0_, 103.02, 95.2, 1.8
sb_0__8_.mux_bottom_track_35.sky130_fd_sc_hd__buf_4_0_, 103.02, 95.2, 1.8
FILLER_30_253, 122.39, 95.2, 1.8
hold61, 122.39, 95.2, 1.8
PHY_56, 5.52, 89.76, 1.8
PHY_58, 5.52, 89.76, 1.8
PHY_57, 129.26, 89.76, 1.8
PHY_59, 129.26, 89.76, 1.8
FILLER_29_51, 28.02, 89.76, 1.8
FILLER_30_53, 28.02, 89.76, 1.8
sb_0__8_.mem_right_track_12.sky130_fd_sc_hd__dfrtp_1_0_, 28.02, 89.76, 1.8
ANTENNA_sb_0__8_.mux_right_track_0.mux_l2_in_1__A1, 40.52, 89.76, 1.8
FILLER_29_69, 40.52, 89.76, 1.8
FILLER_29_83, 40.52, 89.76, 1.8
cby_0__8_.cby_0__1_.mem_right_ipin_3.sky130_fd_sc_hd__dfrtp_1_1_, 40.52, 89.76, 1.8
cby_0__8_.cby_0__1_.mux_right_ipin_1.mux_l4_in_0_, 40.52, 89.76, 1.8
sb_0__8_.mux_right_track_0.mux_l2_in_1_, 40.52, 89.76, 1.8
sb_0__8_.mux_right_track_8.mux_l2_in_1__185, 40.52, 89.76, 1.8
FILLER_30_116, 53.02, 89.76, 1.8
clkbuf_4_2_0_prog_clk, 53.02, 89.76, 1.8
sb_0__8_.mux_right_track_6.mux_l2_in_1_, 53.02, 89.76, 1.8
sb_0__8_.mux_right_track_6.mux_l2_in_1__184, 53.02, 89.76, 1.8
FILLER_28_147, 78.02, 89.76, 1.8
FILLER_28_154, 78.02, 89.76, 1.8
FILLER_29_152, 78.02, 89.76, 1.8
FILLER_30_165, 78.02, 89.76, 1.8
_125_, 78.02, 89.76, 1.8
sb_0__8_.mem_right_track_32.sky130_fd_sc_hd__dfrtp_1_1_, 78.02, 89.76, 1.8
sb_0__8_.mux_bottom_track_29.sky130_fd_sc_hd__buf_4_0_, 78.02, 89.76, 1.8
sb_0__8_.mux_right_track_16.mux_l1_in_1__160, 78.02, 89.76, 1.8
sb_0__8_.mux_right_track_34.mux_l1_in_0_, 78.02, 89.76, 1.8
ANTENNA_sb_0__8_.mux_right_track_34.mux_l1_in_0__A0, 90.52, 89.76, 1.8
ANTENNA_sb_0__8_.mux_right_track_34.mux_l1_in_0__A1, 90.52, 89.76, 1.8
ANTENNA_sb_0__8_.mux_right_track_58.mux_l1_in_0__A1, 90.52, 89.76, 1.8
FILLER_28_172, 90.52, 89.76, 1.8
FILLER_28_179, 90.52, 89.76, 1.8
sb_0__8_.mux_bottom_track_51.mux_l2_in_0__153, 90.52, 89.76, 1.8
sb_0__8_.mux_right_track_32.mux_l2_in_0_, 90.52, 89.76, 1.8
ANTENNA__153__A, 103.02, 89.76, 1.8
ANTENNA_sb_0__8_.mem_bottom_track_1.sky130_fd_sc_hd__dfrtp_1_0__RESET_B, 103.02, 89.76, 1.8
FILLER_29_202, 103.02, 89.76, 1.8
FILLER_29_209, 103.02, 89.76, 1.8
FILLER_30_221, 103.02, 89.76, 1.8
_152_, 103.02, 89.76, 1.8
hold67, 103.02, 89.76, 1.8
sb_0__8_.mem_bottom_track_1.sky130_fd_sc_hd__dfrtp_1_0_, 103.02, 89.76, 1.8
sb_0__8_.mux_bottom_track_45.sky130_fd_sc_hd__buf_4_0_, 103.02, 89.76, 1.8
sb_0__8_.mux_bottom_track_5.mux_l2_in_0__152, 103.02, 89.76, 1.8
sb_0__8_.mux_right_track_28.sky130_fd_sc_hd__buf_4_0_, 103.02, 89.76, 1.8
hold12, 122.39, 89.76, 1.8
PHY_52, 5.52, 84.32, 1.8
PHY_54, 5.52, 84.32, 1.8
FILLER_26_263, 129.26, 84.32, 1.8
PHY_53, 129.26, 84.32, 1.8
PHY_55, 129.26, 84.32, 1.8
FILLER_26_41, 28.02, 84.32, 1.8
FILLER_27_51, 28.02, 84.32, 1.8
FILLER_27_57, 28.02, 84.32, 1.8
ANTENNA_cby_0__8_.cby_0__1_.mem_right_ipin_0.sky130_fd_sc_hd__dfrtp_1_3__RESET_B, 40.52, 84.32, 1.8
ANTENNA_sb_0__8_.mem_right_track_12.sky130_fd_sc_hd__dfrtp_1_0__RESET_B, 40.52, 84.32, 1.8
ANTENNA_sb_0__8_.mux_right_track_0.mux_l2_in_1__S, 40.52, 84.32, 1.8
ANTENNA_sb_0__8_.mux_right_track_8.mux_l2_in_1__A1, 40.52, 84.32, 1.8
FILLER_26_76, 40.52, 84.32, 1.8
FILLER_27_71, 40.52, 84.32, 1.8
FILLER_27_78, 40.52, 84.32, 1.8
hold90, 40.52, 84.32, 1.8
sb_0__8_.mux_right_track_0.mux_l2_in_1__156, 40.52, 84.32, 1.8
sb_0__8_.mux_right_track_8.mux_l2_in_1_, 40.52, 84.32, 1.8
ANTENNA_cby_0__8_.cby_0__1_.mem_right_ipin_3.sky130_fd_sc_hd__dfrtp_1_1__RESET_B, 53.02, 84.32, 1.8
ANTENNA_cby_0__8_.cby_0__1_.mux_right_ipin_2.mux_l2_in_2__A0, 53.02, 84.32, 1.8
ANTENNA_cby_0__8_.cby_0__1_.mux_right_ipin_3.mux_l2_in_1__S, 53.02, 84.32, 1.8
ANTENNA_clkbuf_4_2_0_prog_clk_A, 53.02, 84.32, 1.8
FILLER_27_109, 53.02, 84.32, 1.8
FILLER_27_96, 53.02, 84.32, 1.8
cby_0__8_.cby_0__1_.mux_right_ipin_2.mux_l2_in_2_, 53.02, 84.32, 1.8
cby_0__8_.cby_0__1_.mux_right_ipin_2.mux_l3_in_0_, 53.02, 84.32, 1.8
cby_0__8_.cby_0__1_.mux_right_ipin_3.mux_l2_in_1_, 53.02, 84.32, 1.8
ANTENNA_sb_0__8_.mem_right_track_28.sky130_fd_sc_hd__dfrtp_1_0__RESET_B, 78.02, 84.32, 1.8
ANTENNA_sb_0__8_.mux_right_track_30.mux_l1_in_1__A1, 78.02, 84.32, 1.8
FILLER_26_145, 78.02, 84.32, 1.8
FILLER_27_165, 78.02, 84.32, 1.8
FILLER_28_161, 78.02, 84.32, 1.8
sb_0__8_.mem_right_track_28.sky130_fd_sc_hd__dfrtp_1_0_, 78.02, 84.32, 1.8
sb_0__8_.mux_bottom_track_19.sky130_fd_sc_hd__buf_4_0_, 78.02, 84.32, 1.8
sb_0__8_.mux_right_track_30.mux_l1_in_1_, 78.02, 84.32, 1.8
sb_0__8_.mux_right_track_30.mux_l1_in_1__168, 78.02, 84.32, 1.8
ANTENNA__136__A, 90.52, 84.32, 1.8
ANTENNA_clkbuf_4_6_0_prog_clk_A, 90.52, 84.32, 1.8
ANTENNA_sb_0__8_.mem_right_track_32.sky130_fd_sc_hd__dfrtp_1_1__RESET_B, 90.52, 84.32, 1.8
FILLER_26_175, 90.52, 84.32, 1.8
FILLER_27_187, 90.52, 84.32, 1.8
clkbuf_4_6_0_prog_clk, 90.52, 84.32, 1.8
hold3, 90.52, 84.32, 1.8
sb_0__8_.mux_bottom_track_17.sky130_fd_sc_hd__buf_4_0_, 90.52, 84.32, 1.8
ANTENNA__152__A, 103.02, 84.32, 1.8
ANTENNA_sb_0__8_.mux_bottom_track_51.mux_l2_in_0__S, 103.02, 84.32, 1.8
FILLER_26_210, 103.02, 84.32, 1.8
FILLER_27_199, 103.02, 84.32, 1.8
FILLER_27_225, 103.02, 84.32, 1.8
FILLER_28_219, 103.02, 84.32, 1.8
clkbuf_4_7_0_prog_clk, 103.02, 84.32, 1.8
sb_0__8_.mux_bottom_track_51.mux_l2_in_0_, 103.02, 84.32, 1.8
sb_0__8_.mux_bottom_track_7.sky130_fd_sc_hd__buf_4_0_, 103.02, 84.32, 1.8
output92, 122.39, 84.32, 1.8
sb_0__8_.mux_bottom_track_3.mux_l2_in_0_, 122.39, 84.32, 1.8
PHY_48, 5.52, 78.88, 1.8
PHY_50, 5.52, 78.88, 1.8
ANTENNA_sb_0__8_.mux_bottom_track_3.mux_l1_in_0__A0, 129.26, 78.88, 1.8
FILLER_24_263, 129.26, 78.88, 1.8
PHY_49, 129.26, 78.88, 1.8
PHY_51, 129.26, 78.88, 1.8
FILLER_25_51, 28.02, 78.88, 1.8
FILLER_26_49, 28.02, 78.88, 1.8
cby_0__8_.cby_0__1_.mem_right_ipin_0.sky130_fd_sc_hd__dfrtp_1_3_, 28.02, 78.88, 1.8
FILLER_26_85, 40.52, 78.88, 1.8
cby_0__8_.cby_0__1_.mem_right_ipin_1.sky130_fd_sc_hd__dfrtp_1_0_, 40.52, 78.88, 1.8
ANTENNA_cby_0__8_.cby_0__1_.mem_right_ipin_1.sky130_fd_sc_hd__dfrtp_1_0__RESET_B, 53.02, 78.88, 1.8
ANTENNA_cby_0__8_.cby_0__1_.mem_right_ipin_2.sky130_fd_sc_hd__dfrtp_1_0__RESET_B, 53.02, 78.88, 1.8
ANTENNA_cby_0__8_.cby_0__1_.mux_right_ipin_3.mux_l2_in_0__S, 53.02, 78.88, 1.8
FILLER_25_109, 53.02, 78.88, 1.8
FILLER_26_108, 53.02, 78.88, 1.8
cby_0__8_.cby_0__1_.mem_right_ipin_2.sky130_fd_sc_hd__dfrtp_1_1_, 53.02, 78.88, 1.8
cby_0__8_.cby_0__1_.mux_right_ipin_3.mux_l2_in_0_, 53.02, 78.88, 1.8
sb_0__8_.mem_right_track_18.sky130_fd_sc_hd__dfrtp_1_1_, 53.02, 78.88, 1.8
ANTENNA__137__A, 78.02, 78.88, 1.8
ANTENNA_sb_0__8_.mux_right_track_18.mux_l1_in_0__A1, 78.02, 78.88, 1.8
FILLER_24_150, 78.02, 78.88, 1.8
FILLER_25_150, 78.02, 78.88, 1.8
FILLER_26_163, 78.02, 78.88, 1.8
_136_, 78.02, 78.88, 1.8
hold29, 78.02, 78.88, 1.8
sb_0__8_.mux_right_track_18.mux_l2_in_0__161, 78.02, 78.88, 1.8
ANTENNA_clkbuf_4_7_0_prog_clk_A, 90.52, 78.88, 1.8
FILLER_24_184, 90.52, 78.88, 1.8
FILLER_25_178, 90.52, 78.88, 1.8
FILLER_25_186, 90.52, 78.88, 1.8
FILLER_25_198, 90.52, 78.88, 1.8
FILLER_26_191, 90.52, 78.88, 1.8
_137_, 90.52, 78.88, 1.8
hold59, 90.52, 78.88, 1.8
sb_0__8_.mux_bottom_track_3.mux_l2_in_0__145, 90.52, 78.88, 1.8
sb_0__8_.mux_right_track_18.sky130_fd_sc_hd__buf_4_0_, 90.52, 78.88, 1.8
FILLER_26_222, 103.02, 78.88, 1.8
hold35, 103.02, 78.88, 1.8
sb_0__8_.mem_right_track_44.sky130_fd_sc_hd__dfrtp_1_1_, 103.02, 78.88, 1.8
sb_0__8_.mem_right_track_46.sky130_fd_sc_hd__dfrtp_1_0_, 103.02, 78.88, 1.8
ANTENNA_sb_0__8_.mem_bottom_track_51.sky130_fd_sc_hd__dfrtp_1_1__RESET_B, 122.39, 78.88, 1.8
FILLER_25_247, 122.39, 78.88, 1.8
hold45, 122.39, 78.88, 1.8
hold56, 122.39, 78.88, 1.8
PHY_44, 5.52, 73.44, 1.8
PHY_46, 5.52, 73.44, 1.8
FILLER_22_262, 129.26, 73.44, 1.8
PHY_45, 129.26, 73.44, 1.8
PHY_47, 129.26, 73.44, 1.8
FILLER_23_51, 28.02, 73.44, 1.8
FILLER_23_57, 28.02, 73.44, 1.8
FILLER_24_53, 28.02, 73.44, 1.8
cby_0__8_.cby_0__1_.mem_right_ipin_1.sky130_fd_sc_hd__dfrtp_1_3_, 28.02, 73.44, 1.8
hold84, 28.02, 73.44, 1.8
ANTENNA_cby_0__8_.cby_0__1_.mem_right_ipin_1.sky130_fd_sc_hd__dfrtp_1_3__RESET_B, 40.52, 73.44, 1.8
FILLER_22_65, 40.52, 73.44, 1.8
FILLER_23_68, 40.52, 73.44, 1.8
FILLER_24_81, 40.52, 73.44, 1.8
FILLER_24_85, 40.52, 73.44, 1.8
cby_0__8_.cby_0__1_.mem_right_ipin_2.sky130_fd_sc_hd__dfrtp_1_0_, 40.52, 73.44, 1.8
hold62, 40.52, 73.44, 1.8
ANTENNA_clkbuf_4_0_0_prog_clk_A, 53.02, 73.44, 1.8
FILLER_22_96, 53.02, 73.44, 1.8
FILLER_23_95, 53.02, 73.44, 1.8
cby_0__8_.cby_0__1_.mux_right_ipin_0.mux_l3_in_0_, 53.02, 73.44, 1.8
clkbuf_4_0_0_prog_clk, 53.02, 73.44, 1.8
hold24, 53.02, 73.44, 1.8
ANTENNA_sb_0__8_.mux_right_track_32.mux_l1_in_1__A1, 78.02, 73.44, 1.8
FILLER_22_147, 78.02, 73.44, 1.8
FILLER_23_145, 78.02, 73.44, 1.8
FILLER_23_153, 78.02, 73.44, 1.8
FILLER_24_161, 78.02, 73.44, 1.8
_117_, 78.02, 73.44, 1.8
cby_0__8_.cby_0__1_.mux_right_ipin_0.mux_l1_in_3_, 78.02, 73.44, 1.8
sb_0__8_.mem_right_track_34.sky130_fd_sc_hd__dfrtp_1_0_, 78.02, 73.44, 1.8
sb_0__8_.mux_right_track_32.mux_l1_in_1_, 78.02, 73.44, 1.8
sb_0__8_.mux_right_track_32.mux_l1_in_1__169, 78.02, 73.44, 1.8
ANTENNA_sb_0__8_.mem_right_track_34.sky130_fd_sc_hd__dfrtp_1_0__RESET_B, 90.52, 73.44, 1.8
FILLER_23_181, 90.52, 73.44, 1.8
FILLER_23_186, 90.52, 73.44, 1.8
FILLER_23_193, 90.52, 73.44, 1.8
FILLER_24_192, 90.52, 73.44, 1.8
_120_, 90.52, 73.44, 1.8
sb_0__8_.mux_bottom_track_1.sky130_fd_sc_hd__buf_4_0_, 90.52, 73.44, 1.8
sb_0__8_.mux_bottom_track_15.sky130_fd_sc_hd__buf_4_0_, 90.52, 73.44, 1.8
ANTENNA_sb_0__8_.mem_right_track_46.sky130_fd_sc_hd__dfrtp_1_0__RESET_B, 103.02, 73.44, 1.8
FILLER_22_203, 103.02, 73.44, 1.8
FILLER_22_210, 103.02, 73.44, 1.8
FILLER_23_209, 103.02, 73.44, 1.8
FILLER_24_219, 103.02, 73.44, 1.8
sb_0__8_.mux_bottom_track_9.sky130_fd_sc_hd__buf_4_0_, 103.02, 73.44, 1.8
sb_0__8_.mux_right_track_30.sky130_fd_sc_hd__buf_4_0_, 103.02, 73.44, 1.8
sb_0__8_.mux_right_track_32.sky130_fd_sc_hd__buf_4_0_, 103.02, 73.44, 1.8
sb_0__8_.mux_right_track_44.mux_l2_in_0_, 103.02, 73.44, 1.8
sb_0__8_.mux_right_track_46.mux_l2_in_0_, 103.02, 73.44, 1.8
hold55, 122.39, 73.44, 1.8
output87, 122.39, 73.44, 1.8
PHY_40, 5.52, 68, 1.8
PHY_42, 5.52, 68, 1.8
FILLER_20_263, 129.26, 68, 1.8
PHY_41, 129.26, 68, 1.8
PHY_43, 129.26, 68, 1.8
FILLER_21_51, 28.02, 68, 1.8
cby_0__8_.cby_0__1_.mem_right_ipin_0.sky130_fd_sc_hd__dfrtp_1_2_, 28.02, 68, 1.8
ANTENNA_cby_0__8_.cby_0__1_.mem_right_ipin_0.sky130_fd_sc_hd__dfrtp_1_2__RESET_B, 40.52, 68, 1.8
FILLER_20_73, 40.52, 68, 1.8
FILLER_21_83, 40.52, 68, 1.8
cby_0__8_.cby_0__1_.mux_right_ipin_0.mux_l3_in_1_, 40.52, 68, 1.8
cby_0__8_.cby_0__1_.mux_right_ipin_1.mux_l3_in_1_, 40.52, 68, 1.8
sb_0__8_.mux_right_track_10.mux_l2_in_1_, 40.52, 68, 1.8
FILLER_20_90, 53.02, 68, 1.8
FILLER_21_96, 53.02, 68, 1.8
FILLER_22_111, 53.02, 68, 1.8
cby_0__8_.cby_0__1_.mux_right_ipin_0.mux_l2_in_3_, 53.02, 68, 1.8
cby_0__8_.cby_0__1_.mux_right_ipin_0.mux_l2_in_3__186, 53.02, 68, 1.8
cby_0__8_.cby_0__1_.mux_right_ipin_2.mux_l2_in_1_, 53.02, 68, 1.8
sb_0__8_.mem_right_track_20.sky130_fd_sc_hd__dfrtp_1_0_, 53.02, 68, 1.8
ANTENNA_cby_0__8_.cby_0__1_.mux_right_ipin_0.mux_l1_in_3__A0, 78.02, 68, 1.8
ANTENNA_cby_0__8_.cby_0__1_.mux_right_ipin_0.mux_l1_in_3__A1, 78.02, 68, 1.8
ANTENNA_cby_0__8_.cby_0__1_.mux_right_ipin_0.mux_l1_in_3__S, 78.02, 68, 1.8
ANTENNA_sb_0__8_.mem_right_track_26.sky130_fd_sc_hd__dfrtp_1_1__RESET_B, 78.02, 68, 1.8
FILLER_20_149, 78.02, 68, 1.8
FILLER_22_171, 78.02, 68, 1.8
cby_0__8_.cby_0__1_.mux_right_ipin_1.mux_l1_in_3_, 78.02, 68, 1.8
sb_0__8_.mem_right_track_58.sky130_fd_sc_hd__dfrtp_1_1_, 78.02, 68, 1.8
sb_0__8_.mux_right_track_26.mux_l2_in_0__166, 78.02, 68, 1.8
sb_0__8_.mux_right_track_42.mux_l2_in_0__175, 78.02, 68, 1.8
sb_0__8_.mux_right_track_56.mux_l2_in_0__182, 78.02, 68, 1.8
ANTENNA_clkbuf_4_5_0_prog_clk_A, 90.52, 68, 1.8
FILLER_20_175, 90.52, 68, 1.8
FILLER_21_191, 90.52, 68, 1.8
FILLER_22_197, 90.52, 68, 1.8
_119_, 90.52, 68, 1.8
clkbuf_4_5_0_prog_clk, 90.52, 68, 1.8
hold101, 90.52, 68, 1.8
ANTENNA_sb_0__8_.mem_right_track_58.sky130_fd_sc_hd__dfrtp_1_1__RESET_B, 103.02, 68, 1.8
FILLER_20_203, 103.02, 68, 1.8
FILLER_21_215, 103.02, 68, 1.8
FILLER_21_225, 103.02, 68, 1.8
FILLER_22_218, 103.02, 68, 1.8
_123_, 103.02, 68, 1.8
_124_, 103.02, 68, 1.8
_142_, 103.02, 68, 1.8
sb_0__8_.mux_bottom_track_13.sky130_fd_sc_hd__buf_4_0_, 103.02, 68, 1.8
sb_0__8_.mux_bottom_track_33.sky130_fd_sc_hd__buf_4_0_, 103.02, 68, 1.8
sb_0__8_.mux_right_track_50.mux_l1_in_0_, 103.02, 68, 1.8
ANTENNA_sb_0__8_.mem_right_track_48.sky130_fd_sc_hd__dfrtp_1_1__RESET_B, 122.39, 68, 1.8
output86, 122.39, 68, 1.8
sb_0__8_.mux_bottom_track_11.sky130_fd_sc_hd__buf_4_0_, 122.39, 68, 1.8
PHY_36, 5.52, 62.56, 1.8
PHY_38, 5.52, 62.56, 1.8
FILLER_19_262, 129.26, 62.56, 1.8
PHY_37, 129.26, 62.56, 1.8
PHY_39, 129.26, 62.56, 1.8
FILLER_19_51, 28.02, 62.56, 1.8
FILLER_19_62, 28.02, 62.56, 1.8
FILLER_20_53, 28.02, 62.56, 1.8
FILLER_20_61, 28.02, 62.56, 1.8
sb_0__8_.mux_right_track_10.mux_l2_in_1__157, 28.02, 62.56, 1.8
ANTENNA_cby_0__8_.cby_0__1_.mem_right_ipin_1.sky130_fd_sc_hd__dfrtp_1_2__RESET_B, 40.52, 62.56, 1.8
FILLER_18_65, 40.52, 62.56, 1.8
FILLER_20_81, 40.52, 62.56, 1.8
cby_0__8_.cby_0__1_.mem_right_ipin_1.sky130_fd_sc_hd__dfrtp_1_2_, 40.52, 62.56, 1.8
sb_0__8_.mux_right_track_12.mux_l1_in_1_, 40.52, 62.56, 1.8
sb_0__8_.mux_right_track_12.mux_l1_in_1__158, 40.52, 62.56, 1.8
ANTENNA_cby_0__8_.cby_0__1_.mux_right_ipin_0.mux_l1_in_4__S, 53.02, 62.56, 1.8
ANTENNA_cby_0__8_.cby_0__1_.mux_right_ipin_1.mux_l2_in_2__A0, 53.02, 62.56, 1.8
FILLER_18_103, 53.02, 62.56, 1.8
FILLER_19_109, 53.02, 62.56, 1.8
FILLER_19_90, 53.02, 62.56, 1.8
FILLER_20_114, 53.02, 62.56, 1.8
cby_0__8_.cby_0__1_.mux_right_ipin_1.mux_l2_in_2_, 53.02, 62.56, 1.8
cby_0__8_.cby_0__1_.mux_right_ipin_1.mux_l3_in_0_, 53.02, 62.56, 1.8
ANTENNA_cby_0__8_.cby_0__1_.mux_right_ipin_1.mux_l1_in_3__A0, 78.02, 62.56, 1.8
ANTENNA_cby_0__8_.cby_0__1_.mux_right_ipin_1.mux_l1_in_3__A1, 78.02, 62.56, 1.8
ANTENNA_sb_0__8_.mux_right_track_26.mux_l1_in_0__A1, 78.02, 62.56, 1.8
FILLER_18_153, 78.02, 62.56, 1.8
FILLER_19_159, 78.02, 62.56, 1.8
FILLER_20_162, 78.02, 62.56, 1.8
sb_0__8_.mux_bottom_track_3.sky130_fd_sc_hd__buf_4_0_, 78.02, 62.56, 1.8
sb_0__8_.mux_right_track_20.sky130_fd_sc_hd__buf_4_0_, 78.02, 62.56, 1.8
sb_0__8_.mux_right_track_26.mux_l2_in_0_, 78.02, 62.56, 1.8
sb_0__8_.mux_right_track_48.mux_l1_in_1__178, 78.02, 62.56, 1.8
ANTENNA_clkbuf_4_4_0_prog_clk_A, 90.52, 62.56, 1.8
FILLER_19_186, 90.52, 62.56, 1.8
FILLER_20_187, 90.52, 62.56, 1.8
clkbuf_4_4_0_prog_clk, 90.52, 62.56, 1.8
sb_0__8_.mux_right_track_26.sky130_fd_sc_hd__buf_4_0_, 90.52, 62.56, 1.8
sb_0__8_.mux_right_track_46.mux_l1_in_1_, 90.52, 62.56, 1.8
ANTENNA__134__A, 103.02, 62.56, 1.8
ANTENNA__142__A, 103.02, 62.56, 1.8
ANTENNA__145__A, 103.02, 62.56, 1.8
ANTENNA_sb_0__8_.mux_right_track_50.mux_l1_in_0__A0, 103.02, 62.56, 1.8
FILLER_19_200, 103.02, 62.56, 1.8
FILLER_20_216, 103.02, 62.56, 1.8
_121_, 103.02, 62.56, 1.8
_134_, 103.02, 62.56, 1.8
_145_, 103.02, 62.56, 1.8
sb_0__8_.mem_right_track_44.sky130_fd_sc_hd__dfrtp_1_0_, 103.02, 62.56, 1.8
sb_0__8_.mux_right_track_48.mux_l2_in_0_, 103.02, 62.56, 1.8
ANTENNA_sb_0__8_.mem_right_track_50.sky130_fd_sc_hd__dfrtp_1_0__RESET_B, 122.39, 62.56, 1.8
FILLER_18_253, 122.39, 62.56, 1.8
hold66, 122.39, 62.56, 1.8
PHY_32, 5.52, 57.12, 1.8
PHY_34, 5.52, 57.12, 1.8
FILLER_16_263, 129.26, 57.12, 1.8
FILLER_17_263, 129.26, 57.12, 1.8
PHY_33, 129.26, 57.12, 1.8
PHY_35, 129.26, 57.12, 1.8
FILLER_17_51, 28.02, 57.12, 1.8
ANTENNA_cby_0__8_.cby_0__1_.mux_right_ipin_0.mux_l2_in_2__A0, 40.52, 57.12, 1.8
FILLER_16_65, 40.52, 57.12, 1.8
FILLER_17_69, 40.52, 57.12, 1.8
FILLER_17_81, 40.52, 57.12, 1.8
FILLER_18_87, 40.52, 57.12, 1.8
cby_0__8_.cby_0__1_.mux_right_ipin_0.mux_l2_in_2_, 40.52, 57.12, 1.8
hold76, 40.52, 57.12, 1.8
hold96, 40.52, 57.12, 1.8
ANTENNA_cby_0__8_.cby_0__1_.mux_right_ipin_1.mux_l2_in_3__A1, 53.02, 57.12, 1.8
ANTENNA_sb_0__8_.mux_right_track_20.mux_l1_in_0__A0, 53.02, 57.12, 1.8
FILLER_16_97, 53.02, 57.12, 1.8
FILLER_17_113, 53.02, 57.12, 1.8
FILLER_17_94, 53.02, 57.12, 1.8
cby_0__8_.cby_0__1_.mux_right_ipin_0.mux_l2_in_0_, 53.02, 57.12, 1.8
cby_0__8_.cby_0__1_.mux_right_ipin_1.mux_l2_in_3_, 53.02, 57.12, 1.8
FILLER_17_153, 78.02, 57.12, 1.8
FILLER_17_165, 78.02, 57.12, 1.8
FILLER_18_160, 78.02, 57.12, 1.8
FILLER_18_167, 78.02, 57.12, 1.8
hold81, 78.02, 57.12, 1.8
sb_0__8_.mem_right_track_34.sky130_fd_sc_hd__dfrtp_1_1_, 78.02, 57.12, 1.8
sb_0__8_.mux_right_track_34.mux_l2_in_0_, 78.02, 57.12, 1.8
sb_0__8_.mux_right_track_58.mux_l2_in_0_, 78.02, 57.12, 1.8
sb_0__8_.mux_right_track_58.sky130_fd_sc_hd__buf_4_0_, 78.02, 57.12, 1.8
ANTENNA__143__A, 90.52, 57.12, 1.8
ANTENNA_sb_0__8_.mem_right_track_34.sky130_fd_sc_hd__dfrtp_1_1__RESET_B, 90.52, 57.12, 1.8
ANTENNA_sb_0__8_.mux_right_track_44.mux_l1_in_1__A1, 90.52, 57.12, 1.8
ANTENNA_sb_0__8_.mux_right_track_46.mux_l1_in_1__A1, 90.52, 57.12, 1.8
FILLER_16_178, 90.52, 57.12, 1.8
FILLER_17_180, 90.52, 57.12, 1.8
FILLER_18_193, 90.52, 57.12, 1.8
_143_, 90.52, 57.12, 1.8
sb_0__8_.mux_right_track_42.mux_l1_in_0_, 90.52, 57.12, 1.8
sb_0__8_.mux_right_track_44.mux_l1_in_1_, 90.52, 57.12, 1.8
ANTENNA__150__A, 103.02, 57.12, 1.8
ANTENNA__151__A, 103.02, 57.12, 1.8
FILLER_16_203, 103.02, 57.12, 1.8
FILLER_16_211, 103.02, 57.12, 1.8
FILLER_17_210, 103.02, 57.12, 1.8
_144_, 103.02, 57.12, 1.8
_150_, 103.02, 57.12, 1.8
_151_, 103.02, 57.12, 1.8
sb_0__8_.mux_right_track_48.mux_l1_in_1_, 103.02, 57.12, 1.8
ANTENNA_sb_0__8_.mem_right_track_50.sky130_fd_sc_hd__dfrtp_1_1__RESET_B, 122.39, 57.12, 1.8
hold85, 122.39, 57.12, 1.8
PHY_28, 5.52, 51.68, 1.8
PHY_30, 5.52, 51.68, 1.8
FILLER_14_262, 129.26, 51.68, 1.8
PHY_29, 129.26, 51.68, 1.8
PHY_31, 129.26, 51.68, 1.8
FILLER_15_51, 28.02, 51.68, 1.8
FILLER_15_81, 40.52, 51.68, 1.8
_116_, 40.52, 51.68, 1.8
cby_0__8_.cby_0__1_.mem_right_ipin_1.sky130_fd_sc_hd__dfrtp_1_1_, 40.52, 51.68, 1.8
FILLER_15_109, 53.02, 51.68, 1.8
FILLER_16_107, 53.02, 51.68, 1.8
cby_0__8_.cby_0__1_.mux_right_ipin_1.mux_l2_in_3__187, 53.02, 51.68, 1.8
sb_0__8_.mux_right_track_20.mux_l1_in_0_, 53.02, 51.68, 1.8
sb_0__8_.mux_right_track_44.mux_l1_in_1__176, 53.02, 51.68, 1.8
ANTENNA_cby_0__8_.cby_0__1_.mux_right_ipin_2.mux_l1_in_1__A0, 78.02, 51.68, 1.8
ANTENNA_cby_0__8_.cby_0__1_.mux_right_ipin_2.mux_l1_in_1__A1, 78.02, 51.68, 1.8
FILLER_14_154, 78.02, 51.68, 1.8
FILLER_15_165, 78.02, 51.68, 1.8
FILLER_16_167, 78.02, 51.68, 1.8
cby_0__8_.cby_0__1_.mux_right_ipin_0.mux_l1_in_2_, 78.02, 51.68, 1.8
cby_0__8_.cby_0__1_.mux_right_ipin_2.mux_l1_in_1_, 78.02, 51.68, 1.8
hold78, 78.02, 51.68, 1.8
sb_0__8_.mux_right_track_22.sky130_fd_sc_hd__buf_4_0_, 78.02, 51.68, 1.8
ANTENNA_sb_0__8_.mux_right_track_42.mux_l1_in_0__A1, 90.52, 51.68, 1.8
ANTENNA_sb_0__8_.mux_right_track_48.mux_l1_in_1__A1, 90.52, 51.68, 1.8
ANTENNA_sb_0__8_.mux_right_track_56.mux_l1_in_0__A1, 90.52, 51.68, 1.8
FILLER_14_180, 90.52, 51.68, 1.8
FILLER_15_179, 90.52, 51.68, 1.8
FILLER_15_187, 90.52, 51.68, 1.8
FILLER_15_198, 90.52, 51.68, 1.8
_141_, 90.52, 51.68, 1.8
_146_, 90.52, 51.68, 1.8
ANTENNA__144__A, 103.02, 51.68, 1.8
FILLER_14_211, 103.02, 51.68, 1.8
FILLER_16_218, 103.02, 51.68, 1.8
FILLER_16_225, 103.02, 51.68, 1.8
hold80, 103.02, 51.68, 1.8
sb_0__8_.mem_right_track_42.sky130_fd_sc_hd__dfrtp_1_1_, 103.02, 51.68, 1.8
sb_0__8_.mux_bottom_track_5.sky130_fd_sc_hd__buf_4_0_, 103.02, 51.68, 1.8
sb_0__8_.mux_right_track_24.sky130_fd_sc_hd__buf_4_0_, 103.02, 51.68, 1.8
hold44, 122.39, 51.68, 1.8
output82, 122.39, 51.68, 1.8
PHY_24, 5.52, 46.24, 1.8
PHY_26, 5.52, 46.24, 1.8
FILLER_12_263, 129.26, 46.24, 1.8
PHY_25, 129.26, 46.24, 1.8
PHY_27, 129.26, 46.24, 1.8
FILLER_13_51, 28.02, 46.24, 1.8
ANTENNA_cby_0__8_.cby_0__1_.mem_right_ipin_0.sky130_fd_sc_hd__dfrtp_1_1__D, 40.52, 46.24, 1.8
FILLER_13_69, 40.52, 46.24, 1.8
_115_, 40.52, 46.24, 1.8
cby_0__8_.cby_0__1_.mem_right_ipin_0.sky130_fd_sc_hd__dfrtp_1_1_, 40.52, 46.24, 1.8
sb_0__8_.mem_right_track_20.sky130_fd_sc_hd__dfrtp_1_1_, 40.52, 46.24, 1.8
ANTENNA_cby_0__8_.cby_0__1_.mem_right_ipin_0.sky130_fd_sc_hd__dfrtp_1_1__RESET_B, 53.02, 46.24, 1.8
ANTENNA_cby_0__8_.cby_0__1_.mem_right_ipin_1.sky130_fd_sc_hd__dfrtp_1_1__RESET_B, 53.02, 46.24, 1.8
ANTENNA_sb_0__8_.mem_right_track_20.sky130_fd_sc_hd__dfrtp_1_1__RESET_B, 53.02, 46.24, 1.8
FILLER_12_95, 53.02, 46.24, 1.8
FILLER_13_98, 53.02, 46.24, 1.8
_111_, 53.02, 46.24, 1.8
sb_0__8_.mem_right_track_26.sky130_fd_sc_hd__dfrtp_1_0_, 53.02, 46.24, 1.8
sb_0__8_.mux_right_track_20.mux_l2_in_0_, 53.02, 46.24, 1.8
sb_0__8_.mux_right_track_58.mux_l1_in_1__183, 53.02, 46.24, 1.8
ANTENNA__139__A, 78.02, 46.24, 1.8
ANTENNA_cby_0__8_.cby_0__1_.mux_right_ipin_0.mux_l1_in_0__S, 78.02, 46.24, 1.8
ANTENNA_cby_0__8_.cby_0__1_.mux_right_ipin_1.mux_l1_in_1__A1, 78.02, 46.24, 1.8
FILLER_14_167, 78.02, 46.24, 1.8
_140_, 78.02, 46.24, 1.8
_148_, 78.02, 46.24, 1.8
cby_0__8_.cby_0__1_.mux_right_ipin_0.mux_l1_in_0_, 78.02, 46.24, 1.8
cby_0__8_.cby_0__1_.mux_right_ipin_1.mux_l1_in_1_, 78.02, 46.24, 1.8
cby_0__8_.cby_0__1_.mux_right_ipin_1.mux_l1_in_2_, 78.02, 46.24, 1.8
cby_0__8_.cby_0__1_.mux_right_ipin_2.mux_l1_in_0_, 78.02, 46.24, 1.8
FILLER_12_182, 90.52, 46.24, 1.8
FILLER_13_175, 90.52, 46.24, 1.8
hold37, 90.52, 46.24, 1.8
sb_0__8_.mem_right_track_58.sky130_fd_sc_hd__dfrtp_1_0_, 90.52, 46.24, 1.8
sb_0__8_.mux_right_track_56.mux_l1_in_0_, 90.52, 46.24, 1.8
ANTENNA_sb_0__8_.mem_right_track_42.sky130_fd_sc_hd__dfrtp_1_1__RESET_B, 103.02, 46.24, 1.8
FILLER_12_210, 103.02, 46.24, 1.8
FILLER_13_200, 103.02, 46.24, 1.8
FILLER_13_213, 103.02, 46.24, 1.8
FILLER_13_221, 103.02, 46.24, 1.8
FILLER_13_225, 103.02, 46.24, 1.8
_147_, 103.02, 46.24, 1.8
sb_0__8_.mux_right_track_42.mux_l2_in_0_, 103.02, 46.24, 1.8
sb_0__8_.mux_right_track_52.mux_l1_in_0_, 103.02, 46.24, 1.8
sb_0__8_.mux_right_track_56.mux_l2_in_0_, 103.02, 46.24, 1.8
ANTENNA_sb_0__8_.mem_right_track_52.sky130_fd_sc_hd__dfrtp_1_0__RESET_B, 122.39, 46.24, 1.8
output81, 122.39, 46.24, 1.8
sb_0__8_.mux_right_track_46.mux_l1_in_1__177, 122.39, 46.24, 1.8
PHY_20, 5.52, 40.8, 1.8
PHY_22, 5.52, 40.8, 1.8
FILLER_10_263, 129.26, 40.8, 1.8
FILLER_11_263, 129.26, 40.8, 1.8
PHY_21, 129.26, 40.8, 1.8
PHY_23, 129.26, 40.8, 1.8
FILLER_11_51, 28.02, 40.8, 1.8
FILLER_11_69, 40.52, 40.8, 1.8
FILLER_11_77, 40.52, 40.8, 1.8
FILLER_12_77, 40.52, 40.8, 1.8
hold10, 40.52, 40.8, 1.8
sb_0__8_.mem_right_track_22.sky130_fd_sc_hd__dfrtp_1_0_, 40.52, 40.8, 1.8
sb_0__8_.mux_right_track_42.sky130_fd_sc_hd__buf_4_0_, 40.52, 40.8, 1.8
ANTENNA_sb_0__8_.mem_right_track_22.sky130_fd_sc_hd__dfrtp_1_0__RESET_B, 53.02, 40.8, 1.8
FILLER_10_97, 53.02, 40.8, 1.8
FILLER_12_110, 53.02, 40.8, 1.8
sb_0__8_.mux_right_track_20.mux_l2_in_0__163, 53.02, 40.8, 1.8
sb_0__8_.mux_right_track_22.mux_l1_in_0_, 53.02, 40.8, 1.8
sb_0__8_.mux_right_track_22.mux_l2_in_0__164, 53.02, 40.8, 1.8
sb_0__8_.mux_right_track_58.mux_l1_in_1_, 53.02, 40.8, 1.8
ANTENNA_cby_0__8_.cby_0__1_.mux_right_ipin_0.mux_l1_in_0__A0, 78.02, 40.8, 1.8
ANTENNA_cby_0__8_.cby_0__1_.mux_right_ipin_1.mux_l1_in_0__A0, 78.02, 40.8, 1.8
FILLER_11_153, 78.02, 40.8, 1.8
cby_0__8_.cby_0__1_.mux_right_ipin_1.mux_l1_in_0_, 78.02, 40.8, 1.8
sb_0__8_.mux_right_track_40.mux_l1_in_0_, 78.02, 40.8, 1.8
ANTENNA_sb_0__8_.mem_right_track_58.sky130_fd_sc_hd__dfrtp_1_0__RESET_B, 90.52, 40.8, 1.8
ANTENNA_sb_0__8_.mux_right_track_40.mux_l1_in_0__A1, 90.52, 40.8, 1.8
ANTENNA_sb_0__8_.mux_right_track_54.mux_l1_in_0__A1, 90.52, 40.8, 1.8
FILLER_11_184, 90.52, 40.8, 1.8
hold40, 90.52, 40.8, 1.8
sb_0__8_.mem_right_track_42.sky130_fd_sc_hd__dfrtp_1_0_, 90.52, 40.8, 1.8
sb_0__8_.mux_right_track_54.mux_l1_in_0_, 90.52, 40.8, 1.8
ANTENNA_sb_0__8_.mem_right_track_42.sky130_fd_sc_hd__dfrtp_1_0__RESET_B, 103.02, 40.8, 1.8
ANTENNA_sb_0__8_.mux_right_track_52.mux_l1_in_0__A1, 103.02, 40.8, 1.8
_156_, 103.02, 40.8, 1.8
output130, 103.02, 40.8, 1.8
output79, 103.02, 40.8, 1.8
sb_0__8_.mem_right_track_56.sky130_fd_sc_hd__dfrtp_1_1_, 103.02, 40.8, 1.8
ANTENNA_sb_0__8_.mem_right_track_52.sky130_fd_sc_hd__dfrtp_1_1__RESET_B, 122.39, 40.8, 1.8
FILLER_11_251, 122.39, 40.8, 1.8
hold52, 122.39, 40.8, 1.8
hold69, 122.39, 40.8, 1.8
PHY_16, 5.52, 35.36, 1.8
PHY_18, 5.52, 35.36, 1.8
PHY_17, 129.26, 35.36, 1.8
PHY_19, 129.26, 35.36, 1.8
FILLER_9_51, 28.02, 35.36, 1.8
FILLER_10_77, 40.52, 35.36, 1.8
FILLER_10_85, 40.52, 35.36, 1.8
FILLER_9_81, 40.52, 35.36, 1.8
hold48, 40.52, 35.36, 1.8
sb_0__8_.mem_right_track_22.sky130_fd_sc_hd__dfrtp_1_1_, 40.52, 35.36, 1.8
ANTENNA_sb_0__8_.mem_right_track_22.sky130_fd_sc_hd__dfrtp_1_1__RESET_B, 53.02, 35.36, 1.8
ANTENNA_sb_0__8_.mux_right_track_22.mux_l1_in_0__A1, 53.02, 35.36, 1.8
FILLER_8_97, 53.02, 35.36, 1.8
sb_0__8_.mem_right_track_24.sky130_fd_sc_hd__dfrtp_1_1_, 53.02, 35.36, 1.8
sb_0__8_.mux_right_track_22.mux_l2_in_0_, 53.02, 35.36, 1.8
sb_0__8_.mux_right_track_24.mux_l1_in_0_, 53.02, 35.36, 1.8
ANTENNA_sb_0__8_.mem_right_track_36.sky130_fd_sc_hd__dfrtp_1_0__RESET_B, 78.02, 35.36, 1.8
ANTENNA_sb_0__8_.mem_right_track_36.sky130_fd_sc_hd__dfrtp_1_1__RESET_B, 78.02, 35.36, 1.8
ANTENNA_sb_0__8_.mux_right_track_38.mux_l1_in_0__A1, 78.02, 35.36, 1.8
FILLER_10_163, 78.02, 35.36, 1.8
FILLER_10_170, 78.02, 35.36, 1.8
FILLER_9_146, 78.02, 35.36, 1.8
FILLER_9_160, 78.02, 35.36, 1.8
FILLER_9_169, 78.02, 35.36, 1.8
_108_, 78.02, 35.36, 1.8
_149_, 78.02, 35.36, 1.8
sb_0__8_.mux_right_track_38.mux_l1_in_0_, 78.02, 35.36, 1.8
FILLER_8_174, 90.52, 35.36, 1.8
FILLER_9_182, 90.52, 35.36, 1.8
output101, 90.52, 35.36, 1.8
output102, 90.52, 35.36, 1.8
sb_0__8_.mux_right_track_40.mux_l2_in_0_, 90.52, 35.36, 1.8
FILLER_10_225, 103.02, 35.36, 1.8
FILLER_9_202, 103.02, 35.36, 1.8
FILLER_9_225, 103.02, 35.36, 1.8
output103, 103.02, 35.36, 1.8
sb_0__8_.mem_right_track_56.sky130_fd_sc_hd__dfrtp_1_0_, 103.02, 35.36, 1.8
ANTENNA_sb_0__8_.mem_right_track_56.sky130_fd_sc_hd__dfrtp_1_0__RESET_B, 122.39, 35.36, 1.8
hold86, 122.39, 35.36, 1.8
output107, 122.39, 35.36, 1.8
PHY_12, 5.52, 29.92, 1.8
PHY_14, 5.52, 29.92, 1.8
FILLER_6_263, 129.26, 29.92, 1.8
PHY_13, 129.26, 29.92, 1.8
PHY_15, 129.26, 29.92, 1.8
FILLER_7_51, 28.02, 29.92, 1.8
FILLER_8_77, 40.52, 29.92, 1.8
FILLER_6_93, 53.02, 29.92, 1.8
FILLER_7_93, 53.02, 29.92, 1.8
hold23, 53.02, 29.92, 1.8
hold68, 53.02, 29.92, 1.8
sb_0__8_.mem_right_track_24.sky130_fd_sc_hd__dfrtp_1_0_, 53.02, 29.92, 1.8
ANTENNA_sb_0__8_.mem_right_track_38.sky130_fd_sc_hd__dfrtp_1_0__RESET_B, 78.02, 29.92, 1.8
ANTENNA_sb_0__8_.mem_right_track_38.sky130_fd_sc_hd__dfrtp_1_1__RESET_B, 78.02, 29.92, 1.8
FILLER_7_149, 78.02, 29.92, 1.8
FILLER_7_162, 78.02, 29.92, 1.8
FILLER_8_161, 78.02, 29.92, 1.8
sb_0__8_.mem_right_track_40.sky130_fd_sc_hd__dfrtp_1_1_, 78.02, 29.92, 1.8
sb_0__8_.mux_right_track_36.mux_l2_in_0_, 78.02, 29.92, 1.8
sb_0__8_.mux_right_track_38.mux_l2_in_0_, 78.02, 29.92, 1.8
FILLER_6_174, 90.52, 29.92, 1.8
FILLER_7_191, 90.52, 29.92, 1.8
FILLER_8_197, 90.52, 29.92, 1.8
output128, 90.52, 29.92, 1.8
sb_0__8_.mux_right_track_36.mux_l2_in_0__171, 90.52, 29.92, 1.8
ANTENNA_sb_0__8_.mem_right_track_40.sky130_fd_sc_hd__dfrtp_1_0__RESET_B, 103.02, 29.92, 1.8
ANTENNA_sb_0__8_.mem_right_track_40.sky130_fd_sc_hd__dfrtp_1_1__RESET_B, 103.02, 29.92, 1.8
FILLER_7_202, 103.02, 29.92, 1.8
FILLER_8_223, 103.02, 29.92, 1.8
_155_, 103.02, 29.92, 1.8
output121, 103.02, 29.92, 1.8
output127, 103.02, 29.92, 1.8
ANTENNA_sb_0__8_.mem_right_track_54.sky130_fd_sc_hd__dfrtp_1_0__RESET_B, 122.39, 29.92, 1.8
ANTENNA_sb_0__8_.mux_right_track_52.mux_l2_in_0__A0, 122.39, 29.92, 1.8
output106, 122.39, 29.92, 1.8
sb_0__8_.mux_right_track_52.mux_l2_in_0_, 122.39, 29.92, 1.8
PHY_10, 5.52, 24.48, 1.8
PHY_8, 5.52, 24.48, 1.8
FILLER_4_263, 129.26, 24.48, 1.8
PHY_11, 129.26, 24.48, 1.8
PHY_9, 129.26, 24.48, 1.8
FILLER_5_51, 28.02, 24.48, 1.8
cby_0__8_.cby_0__1_.mem_right_ipin_0.sky130_fd_sc_hd__dfrtp_1_0_, 28.02, 24.48, 1.8
ANTENNA_cby_0__8_.cby_0__1_.mem_right_ipin_0.sky130_fd_sc_hd__dfrtp_1_0__RESET_B, 40.52, 24.48, 1.8
FILLER_6_77, 40.52, 24.48, 1.8
FILLER_6_85, 40.52, 24.48, 1.8
ANTENNA_1, 53.02, 24.48, 1.8
ANTENNA_2, 53.02, 24.48, 1.8
FILLER_4_103, 53.02, 24.48, 1.8
FILLER_5_93, 53.02, 24.48, 1.8
_114_, 53.02, 24.48, 1.8
input47, 53.02, 24.48, 1.8
sb_0__8_.mux_right_track_50.mux_l2_in_0__179, 53.02, 24.48, 1.8
sb_0__8_.mux_right_track_50.sky130_fd_sc_hd__buf_4_0_, 53.02, 24.48, 1.8
sb_0__8_.mux_right_track_52.sky130_fd_sc_hd__buf_4_0_, 53.02, 24.48, 1.8
FILLER_4_148, 78.02, 24.48, 1.8
FILLER_5_157, 78.02, 24.48, 1.8
_138_, 78.02, 24.48, 1.8
_160_, 78.02, 24.48, 1.8
output90, 78.02, 24.48, 1.8
sb_0__8_.mem_right_track_38.sky130_fd_sc_hd__dfrtp_1_1_, 78.02, 24.48, 1.8
sb_0__8_.mem_right_track_40.sky130_fd_sc_hd__dfrtp_1_0_, 78.02, 24.48, 1.8
FILLER_4_172, 90.52, 24.48, 1.8
FILLER_5_191, 90.52, 24.48, 1.8
FILLER_5_198, 90.52, 24.48, 1.8
output112, 90.52, 24.48, 1.8
sb_0__8_.mux_right_track_34.sky130_fd_sc_hd__buf_4_0_, 90.52, 24.48, 1.8
FILLER_6_225, 103.02, 24.48, 1.8
output116, 103.02, 24.48, 1.8
sb_0__8_.mem_right_track_54.sky130_fd_sc_hd__dfrtp_1_1_, 103.02, 24.48, 1.8
FILLER_4_247, 122.39, 24.48, 1.8
hold87, 122.39, 24.48, 1.8
output105, 122.39, 24.48, 1.8
ANTENNA_input2_A, 5.52, 19.04, 1.8
FILLER_3_8, 5.52, 19.04, 1.8
PHY_4, 5.52, 19.04, 1.8
PHY_6, 5.52, 19.04, 1.8
input2, 5.52, 19.04, 1.8
FILLER_2_263, 129.26, 19.04, 1.8
FILLER_3_263, 129.26, 19.04, 1.8
PHY_5, 129.26, 19.04, 1.8
PHY_7, 129.26, 19.04, 1.8
ANTENNA_input34_A, 28.02, 19.04, 1.8
ANTENNA_input59_A, 28.02, 19.04, 1.8
FILLER_2_37, 28.02, 19.04, 1.8
input37, 28.02, 19.04, 1.8
input61, 28.02, 19.04, 1.8
ANTENNA_input37_A, 40.52, 19.04, 1.8
ANTENNA_input38_A, 40.52, 19.04, 1.8
ANTENNA_input39_A, 40.52, 19.04, 1.8
ANTENNA_input40_A, 40.52, 19.04, 1.8
ANTENNA_input42_A, 40.52, 19.04, 1.8
ANTENNA_input46_A, 40.52, 19.04, 1.8
ANTENNA_sb_0__8_.mux_right_track_48.sky130_fd_sc_hd__buf_4_0__A, 40.52, 19.04, 1.8
FILLER_2_68, 40.52, 19.04, 1.8
FILLER_3_71, 40.52, 19.04, 1.8
FILLER_3_79, 40.52, 19.04, 1.8
FILLER_3_85, 40.52, 19.04, 1.8
FILLER_4_87, 40.52, 19.04, 1.8
input38, 40.52, 19.04, 1.8
input45, 40.52, 19.04, 1.8
sb_0__8_.mux_right_track_48.sky130_fd_sc_hd__buf_4_0_, 40.52, 19.04, 1.8
ANTENNA_4, 53.02, 19.04, 1.8
ANTENNA_input45_A, 53.02, 19.04, 1.8
ANTENNA_input47_A, 53.02, 19.04, 1.8
ANTENNA_input51_A, 53.02, 19.04, 1.8
FILLER_2_90, 53.02, 19.04, 1.8
FILLER_4_110, 53.02, 19.04, 1.8
_112_, 53.02, 19.04, 1.8
_113_, 53.02, 19.04, 1.8
sb_0__8_.mux_right_track_38.sky130_fd_sc_hd__buf_4_0_, 53.02, 19.04, 1.8
sb_0__8_.mux_right_track_52.mux_l2_in_0__180, 53.02, 19.04, 1.8
sb_0__8_.mux_right_track_56.sky130_fd_sc_hd__buf_4_0_, 53.02, 19.04, 1.8
FILLER_3_145, 78.02, 19.04, 1.8
output129, 78.02, 19.04, 1.8
output138, 78.02, 19.04, 1.8
FILLER_2_179, 90.52, 19.04, 1.8
FILLER_3_187, 90.52, 19.04, 1.8
FILLER_4_193, 90.52, 19.04, 1.8
hold39, 90.52, 19.04, 1.8
output114, 90.52, 19.04, 1.8
ANTENNA_sb_0__8_.mem_right_track_54.sky130_fd_sc_hd__dfrtp_1_1__RESET_B, 103.02, 19.04, 1.8
FILLER_3_207, 103.02, 19.04, 1.8
FILLER_4_215, 103.02, 19.04, 1.8
output113, 103.02, 19.04, 1.8
output118, 103.02, 19.04, 1.8
sb_0__8_.mux_right_track_54.mux_l2_in_0_, 103.02, 19.04, 1.8
ANTENNA__163__A, 122.39, 19.04, 1.8
FILLER_2_247, 122.39, 19.04, 1.8
_163_, 122.39, 19.04, 1.8
output123, 122.39, 19.04, 1.8
FILLER_1_3, 5.52, 13.6, 1.8
PHY_0, 5.52, 13.6, 1.8
PHY_2, 5.52, 13.6, 1.8
input58, 5.52, 13.6, 1.8
ANTENNA_input68_A, 129.26, 13.6, 1.8
PHY_1, 129.26, 13.6, 1.8
PHY_3, 129.26, 13.6, 1.8
ANTENNA_input36_A, 28.02, 13.6, 1.8
ANTENNA_input41_A, 28.02, 13.6, 1.8
ANTENNA_input43_A, 28.02, 13.6, 1.8
ANTENNA_input60_A, 28.02, 13.6, 1.8
ANTENNA_input61_A, 28.02, 13.6, 1.8
ANTENNA_input62_A, 28.02, 13.6, 1.8
FILLER_0_40, 28.02, 13.6, 1.8
FILLER_1_41, 28.02, 13.6, 1.8
FILLER_1_62, 28.02, 13.6, 1.8
FILLER_2_60, 28.02, 13.6, 1.8
input34, 28.02, 13.6, 1.8
input35, 28.02, 13.6, 1.8
input36, 28.02, 13.6, 1.8
input43, 28.02, 13.6, 1.8
input62, 28.02, 13.6, 1.8
ANTENNA_input48_A, 40.52, 13.6, 1.8
ANTENNA_input49_A, 40.52, 13.6, 1.8
ANTENNA_input50_A, 40.52, 13.6, 1.8
ANTENNA_input52_A, 40.52, 13.6, 1.8
ANTENNA_input53_A, 40.52, 13.6, 1.8
ANTENNA_input54_A, 40.52, 13.6, 1.8
FILLER_0_68, 40.52, 13.6, 1.8
FILLER_0_75, 40.52, 13.6, 1.8
FILLER_1_69, 40.52, 13.6, 1.8
input39, 40.52, 13.6, 1.8
input40, 40.52, 13.6, 1.8
input41, 40.52, 13.6, 1.8
input42, 40.52, 13.6, 1.8
input46, 40.52, 13.6, 1.8
input48, 40.52, 13.6, 1.8
input50, 40.52, 13.6, 1.8
FILLER_0_96, 53.02, 13.6, 1.8
FILLER_1_103, 53.02, 13.6, 1.8
FILLER_1_96, 53.02, 13.6, 1.8
FILLER_2_104, 53.02, 13.6, 1.8
_106_, 53.02, 13.6, 1.8
input49, 53.02, 13.6, 1.8
input51, 53.02, 13.6, 1.8
input52, 53.02, 13.6, 1.8
input53, 53.02, 13.6, 1.8
input54, 53.02, 13.6, 1.8
sb_0__8_.mux_right_track_38.mux_l2_in_0__172, 53.02, 13.6, 1.8
sb_0__8_.mux_right_track_54.mux_l2_in_0__181, 53.02, 13.6, 1.8
ANTENNA_output120_A, 78.02, 13.6, 1.8
FILLER_0_165, 78.02, 13.6, 1.8
FILLER_1_145, 78.02, 13.6, 1.8
FILLER_1_165, 78.02, 13.6, 1.8
FILLER_2_159, 78.02, 13.6, 1.8
output133, 78.02, 13.6, 1.8
output134, 78.02, 13.6, 1.8
output135, 78.02, 13.6, 1.8
output136, 78.02, 13.6, 1.8
output137, 78.02, 13.6, 1.8
ANTENNA__154__A, 90.52, 13.6, 1.8
FILLER_0_187, 90.52, 13.6, 1.8
FILLER_1_187, 90.52, 13.6, 1.8
_154_, 90.52, 13.6, 1.8
output110, 90.52, 13.6, 1.8
FILLER_0_215, 103.02, 13.6, 1.8
FILLER_1_207, 103.02, 13.6, 1.8
FILLER_1_215, 103.02, 13.6, 1.8
FILLER_2_215, 103.02, 13.6, 1.8
_157_, 103.02, 13.6, 1.8
output111, 103.02, 13.6, 1.8
output117, 103.02, 13.6, 1.8
sb_0__8_.mux_right_track_40.mux_l2_in_0__174, 103.02, 13.6, 1.8
sb_0__8_.mux_right_track_40.sky130_fd_sc_hd__buf_4_0_, 103.02, 13.6, 1.8
ANTENNA__158__A, 122.39, 13.6, 1.8
ANTENNA__162__A, 122.39, 13.6, 1.8
_118_, 122.39, 13.6, 1.8
_158_, 122.39, 13.6, 1.8
_162_, 122.39, 13.6, 1.8

