
===========================================================================
report_parasitic_annotation -report_unannotated
============================================================================
Found 132 unannotated drivers.
 cbx_1__8_.cbx_1__8_.mux_bottom_ipin_0.mux_l2_in_3__401/LO
 cbx_1__8_.cbx_1__8_.mux_bottom_ipin_1.mux_l2_in_3__402/LO
 cbx_1__8_.cbx_1__8_.mux_bottom_ipin_2.mux_l2_in_3__403/LO
 cbx_1__8_.cbx_1__8_.mux_bottom_ipin_3.mux_l2_in_3__404/LO
 cbx_1__8_.cbx_1__8_.mux_top_ipin_0.mux_l2_in_3__405/LO
 cbx_1__8_.cbx_1__8_.mux_top_ipin_1.mux_l2_in_3__406/LO
 cbx_1__8_.cbx_1__8_.mux_top_ipin_10.mux_l2_in_3__407/LO
 cbx_1__8_.cbx_1__8_.mux_top_ipin_11.mux_l2_in_3__408/LO
 cbx_1__8_.cbx_1__8_.mux_top_ipin_12.mux_l2_in_3__409/LO
 cbx_1__8_.cbx_1__8_.mux_top_ipin_13.mux_l2_in_3__278/LO
 cbx_1__8_.cbx_1__8_.mux_top_ipin_14.mux_l2_in_3__279/LO
 cbx_1__8_.cbx_1__8_.mux_top_ipin_15.mux_l2_in_3__280/LO
 cbx_1__8_.cbx_1__8_.mux_top_ipin_2.mux_l2_in_3__281/LO
 cbx_1__8_.cbx_1__8_.mux_top_ipin_3.mux_l2_in_3__282/LO
 cbx_1__8_.cbx_1__8_.mux_top_ipin_4.mux_l2_in_3__283/LO
 cbx_1__8_.cbx_1__8_.mux_top_ipin_5.mux_l2_in_3__284/LO
 cbx_1__8_.cbx_1__8_.mux_top_ipin_6.mux_l2_in_3__285/LO
 cbx_1__8_.cbx_1__8_.mux_top_ipin_7.mux_l2_in_3__286/LO
 cbx_1__8_.cbx_1__8_.mux_top_ipin_8.mux_l2_in_3__287/LO
 cbx_1__8_.cbx_1__8_.mux_top_ipin_9.mux_l2_in_3__288/LO
 cby_1__8_.mux_right_ipin_0.mux_l2_in_3__289/LO
 cby_1__8_.mux_right_ipin_1.mux_l2_in_3__290/LO
 cby_1__8_.mux_right_ipin_10.mux_l2_in_3__291/LO
 cby_1__8_.mux_right_ipin_11.mux_l2_in_3__292/LO
 cby_1__8_.mux_right_ipin_12.mux_l2_in_3__293/LO
 cby_1__8_.mux_right_ipin_13.mux_l2_in_3__294/LO
 cby_1__8_.mux_right_ipin_14.mux_l2_in_3__295/LO
 cby_1__8_.mux_right_ipin_15.mux_l2_in_3__296/LO
 cby_1__8_.mux_right_ipin_2.mux_l2_in_3__297/LO
 cby_1__8_.mux_right_ipin_3.mux_l2_in_3__298/LO
 cby_1__8_.mux_right_ipin_4.mux_l2_in_3__299/LO
 cby_1__8_.mux_right_ipin_5.mux_l2_in_3__300/LO
 cby_1__8_.mux_right_ipin_6.mux_l2_in_3__301/LO
 cby_1__8_.mux_right_ipin_7.mux_l2_in_3__302/LO
 cby_1__8_.mux_right_ipin_8.mux_l2_in_3__303/LO
 cby_1__8_.mux_right_ipin_9.mux_l2_in_3__304/LO
 grid_clb_1__8_.logical_tile_clb_mode_clb__0.logical_tile_clb_mode_default__fle_0.logical_tile_clb_mode_default__fle_mode_physical__fabric_0.logical_tile_clb_mode_default__fle_mode_physical__fabric_mode_default__frac_logic_0.mux_frac_logic_out_0.mux_l2_in_0__305/LO
 grid_clb_1__8_.logical_tile_clb_mode_clb__0.logical_tile_clb_mode_default__fle_0.logical_tile_clb_mode_default__fle_mode_physical__fabric_0.logical_tile_clb_mode_default__fle_mode_physical__fabric_mode_default__frac_logic_0.mux_frac_lut4_0_in_2.mux_l2_in_0__306/LO
 grid_clb_1__8_.logical_tile_clb_mode_clb__0.logical_tile_clb_mode_default__fle_0.logical_tile_clb_mode_default__fle_mode_physical__fabric_0.mux_fabric_out_0.mux_l2_in_0__307/LO
 grid_clb_1__8_.logical_tile_clb_mode_clb__0.logical_tile_clb_mode_default__fle_0.logical_tile_clb_mode_default__fle_mode_physical__fabric_0.mux_fabric_out_1.mux_l2_in_0__308/LO
 grid_clb_1__8_.logical_tile_clb_mode_clb__0.logical_tile_clb_mode_default__fle_0.logical_tile_clb_mode_default__fle_mode_physical__fabric_0.mux_ff_0_D_0.mux_l2_in_0__309/LO
 grid_clb_1__8_.logical_tile_clb_mode_clb__0.logical_tile_clb_mode_default__fle_0.logical_tile_clb_mode_default__fle_mode_physical__fabric_0.mux_ff_1_D_0.mux_l2_in_0__310/LO
 grid_clb_1__8_.logical_tile_clb_mode_clb__0.logical_tile_clb_mode_default__fle_1.logical_tile_clb_mode_default__fle_mode_physical__fabric_0.logical_tile_clb_mode_default__fle_mode_physical__fabric_mode_default__frac_logic_0.mux_frac_logic_out_0.mux_l2_in_0__311/LO
 grid_clb_1__8_.logical_tile_clb_mode_clb__0.logical_tile_clb_mode_default__fle_1.logical_tile_clb_mode_default__fle_mode_physical__fabric_0.logical_tile_clb_mode_default__fle_mode_physical__fabric_mode_default__frac_logic_0.mux_frac_lut4_0_in_2.mux_l2_in_0__312/LO
 grid_clb_1__8_.logical_tile_clb_mode_clb__0.logical_tile_clb_mode_default__fle_1.logical_tile_clb_mode_default__fle_mode_physical__fabric_0.mux_fabric_out_0.mux_l2_in_0__313/LO
 grid_clb_1__8_.logical_tile_clb_mode_clb__0.logical_tile_clb_mode_default__fle_1.logical_tile_clb_mode_default__fle_mode_physical__fabric_0.mux_fabric_out_1.mux_l2_in_0__314/LO
 grid_clb_1__8_.logical_tile_clb_mode_clb__0.logical_tile_clb_mode_default__fle_1.logical_tile_clb_mode_default__fle_mode_physical__fabric_0.mux_ff_0_D_0.mux_l2_in_0__315/LO
 grid_clb_1__8_.logical_tile_clb_mode_clb__0.logical_tile_clb_mode_default__fle_1.logical_tile_clb_mode_default__fle_mode_physical__fabric_0.mux_ff_1_D_0.mux_l2_in_0__316/LO
 grid_clb_1__8_.logical_tile_clb_mode_clb__0.logical_tile_clb_mode_default__fle_2.logical_tile_clb_mode_default__fle_mode_physical__fabric_0.logical_tile_clb_mode_default__fle_mode_physical__fabric_mode_default__frac_logic_0.mux_frac_logic_out_0.mux_l2_in_0__317/LO
 grid_clb_1__8_.logical_tile_clb_mode_clb__0.logical_tile_clb_mode_default__fle_2.logical_tile_clb_mode_default__fle_mode_physical__fabric_0.logical_tile_clb_mode_default__fle_mode_physical__fabric_mode_default__frac_logic_0.mux_frac_lut4_0_in_2.mux_l2_in_0__318/LO
 grid_clb_1__8_.logical_tile_clb_mode_clb__0.logical_tile_clb_mode_default__fle_2.logical_tile_clb_mode_default__fle_mode_physical__fabric_0.mux_fabric_out_0.mux_l2_in_0__319/LO
 grid_clb_1__8_.logical_tile_clb_mode_clb__0.logical_tile_clb_mode_default__fle_2.logical_tile_clb_mode_default__fle_mode_physical__fabric_0.mux_fabric_out_1.mux_l2_in_0__320/LO
 grid_clb_1__8_.logical_tile_clb_mode_clb__0.logical_tile_clb_mode_default__fle_2.logical_tile_clb_mode_default__fle_mode_physical__fabric_0.mux_ff_0_D_0.mux_l2_in_0__321/LO
 grid_clb_1__8_.logical_tile_clb_mode_clb__0.logical_tile_clb_mode_default__fle_2.logical_tile_clb_mode_default__fle_mode_physical__fabric_0.mux_ff_1_D_0.mux_l2_in_0__322/LO
 grid_clb_1__8_.logical_tile_clb_mode_clb__0.logical_tile_clb_mode_default__fle_3.logical_tile_clb_mode_default__fle_mode_physical__fabric_0.logical_tile_clb_mode_default__fle_mode_physical__fabric_mode_default__frac_logic_0.mux_frac_logic_out_0.mux_l2_in_0__323/LO
 grid_clb_1__8_.logical_tile_clb_mode_clb__0.logical_tile_clb_mode_default__fle_3.logical_tile_clb_mode_default__fle_mode_physical__fabric_0.logical_tile_clb_mode_default__fle_mode_physical__fabric_mode_default__frac_logic_0.mux_frac_lut4_0_in_2.mux_l2_in_0__324/LO
 grid_clb_1__8_.logical_tile_clb_mode_clb__0.logical_tile_clb_mode_default__fle_3.logical_tile_clb_mode_default__fle_mode_physical__fabric_0.mux_fabric_out_0.mux_l2_in_0__325/LO
 grid_clb_1__8_.logical_tile_clb_mode_clb__0.logical_tile_clb_mode_default__fle_3.logical_tile_clb_mode_default__fle_mode_physical__fabric_0.mux_fabric_out_1.mux_l2_in_0__326/LO
 grid_clb_1__8_.logical_tile_clb_mode_clb__0.logical_tile_clb_mode_default__fle_3.logical_tile_clb_mode_default__fle_mode_physical__fabric_0.mux_ff_0_D_0.mux_l2_in_0__327/LO
 grid_clb_1__8_.logical_tile_clb_mode_clb__0.logical_tile_clb_mode_default__fle_3.logical_tile_clb_mode_default__fle_mode_physical__fabric_0.mux_ff_1_D_0.mux_l2_in_0__328/LO
 grid_clb_1__8_.logical_tile_clb_mode_clb__0.logical_tile_clb_mode_default__fle_4.logical_tile_clb_mode_default__fle_mode_physical__fabric_0.logical_tile_clb_mode_default__fle_mode_physical__fabric_mode_default__frac_logic_0.mux_frac_logic_out_0.mux_l2_in_0__329/LO
 grid_clb_1__8_.logical_tile_clb_mode_clb__0.logical_tile_clb_mode_default__fle_4.logical_tile_clb_mode_default__fle_mode_physical__fabric_0.logical_tile_clb_mode_default__fle_mode_physical__fabric_mode_default__frac_logic_0.mux_frac_lut4_0_in_2.mux_l2_in_0__330/LO
 grid_clb_1__8_.logical_tile_clb_mode_clb__0.logical_tile_clb_mode_default__fle_4.logical_tile_clb_mode_default__fle_mode_physical__fabric_0.mux_fabric_out_0.mux_l2_in_0__331/LO
 grid_clb_1__8_.logical_tile_clb_mode_clb__0.logical_tile_clb_mode_default__fle_4.logical_tile_clb_mode_default__fle_mode_physical__fabric_0.mux_fabric_out_1.mux_l2_in_0__332/LO
 grid_clb_1__8_.logical_tile_clb_mode_clb__0.logical_tile_clb_mode_default__fle_4.logical_tile_clb_mode_default__fle_mode_physical__fabric_0.mux_ff_0_D_0.mux_l2_in_0__333/LO
 grid_clb_1__8_.logical_tile_clb_mode_clb__0.logical_tile_clb_mode_default__fle_4.logical_tile_clb_mode_default__fle_mode_physical__fabric_0.mux_ff_1_D_0.mux_l2_in_0__334/LO
 grid_clb_1__8_.logical_tile_clb_mode_clb__0.logical_tile_clb_mode_default__fle_5.logical_tile_clb_mode_default__fle_mode_physical__fabric_0.logical_tile_clb_mode_default__fle_mode_physical__fabric_mode_default__frac_logic_0.mux_frac_logic_out_0.mux_l2_in_0__335/LO
 grid_clb_1__8_.logical_tile_clb_mode_clb__0.logical_tile_clb_mode_default__fle_5.logical_tile_clb_mode_default__fle_mode_physical__fabric_0.logical_tile_clb_mode_default__fle_mode_physical__fabric_mode_default__frac_logic_0.mux_frac_lut4_0_in_2.mux_l2_in_0__336/LO
 grid_clb_1__8_.logical_tile_clb_mode_clb__0.logical_tile_clb_mode_default__fle_5.logical_tile_clb_mode_default__fle_mode_physical__fabric_0.mux_fabric_out_0.mux_l2_in_0__337/LO
 grid_clb_1__8_.logical_tile_clb_mode_clb__0.logical_tile_clb_mode_default__fle_5.logical_tile_clb_mode_default__fle_mode_physical__fabric_0.mux_fabric_out_1.mux_l2_in_0__338/LO
 grid_clb_1__8_.logical_tile_clb_mode_clb__0.logical_tile_clb_mode_default__fle_5.logical_tile_clb_mode_default__fle_mode_physical__fabric_0.mux_ff_0_D_0.mux_l2_in_0__339/LO
 grid_clb_1__8_.logical_tile_clb_mode_clb__0.logical_tile_clb_mode_default__fle_5.logical_tile_clb_mode_default__fle_mode_physical__fabric_0.mux_ff_1_D_0.mux_l2_in_0__340/LO
 grid_clb_1__8_.logical_tile_clb_mode_clb__0.logical_tile_clb_mode_default__fle_6.logical_tile_clb_mode_default__fle_mode_physical__fabric_0.logical_tile_clb_mode_default__fle_mode_physical__fabric_mode_default__frac_logic_0.mux_frac_logic_out_0.mux_l2_in_0__341/LO
 grid_clb_1__8_.logical_tile_clb_mode_clb__0.logical_tile_clb_mode_default__fle_6.logical_tile_clb_mode_default__fle_mode_physical__fabric_0.logical_tile_clb_mode_default__fle_mode_physical__fabric_mode_default__frac_logic_0.mux_frac_lut4_0_in_2.mux_l2_in_0__342/LO
 grid_clb_1__8_.logical_tile_clb_mode_clb__0.logical_tile_clb_mode_default__fle_6.logical_tile_clb_mode_default__fle_mode_physical__fabric_0.mux_fabric_out_0.mux_l2_in_0__343/LO
 grid_clb_1__8_.logical_tile_clb_mode_clb__0.logical_tile_clb_mode_default__fle_6.logical_tile_clb_mode_default__fle_mode_physical__fabric_0.mux_fabric_out_1.mux_l2_in_0__344/LO
 grid_clb_1__8_.logical_tile_clb_mode_clb__0.logical_tile_clb_mode_default__fle_6.logical_tile_clb_mode_default__fle_mode_physical__fabric_0.mux_ff_0_D_0.mux_l2_in_0__345/LO
 grid_clb_1__8_.logical_tile_clb_mode_clb__0.logical_tile_clb_mode_default__fle_6.logical_tile_clb_mode_default__fle_mode_physical__fabric_0.mux_ff_1_D_0.mux_l2_in_0__346/LO
 grid_clb_1__8_.logical_tile_clb_mode_clb__0.logical_tile_clb_mode_default__fle_7.logical_tile_clb_mode_default__fle_mode_physical__fabric_0.logical_tile_clb_mode_default__fle_mode_physical__fabric_mode_default__frac_logic_0.mux_frac_logic_out_0.mux_l2_in_0__347/LO
 grid_clb_1__8_.logical_tile_clb_mode_clb__0.logical_tile_clb_mode_default__fle_7.logical_tile_clb_mode_default__fle_mode_physical__fabric_0.logical_tile_clb_mode_default__fle_mode_physical__fabric_mode_default__frac_logic_0.mux_frac_lut4_0_in_2.mux_l2_in_0__348/LO
 grid_clb_1__8_.logical_tile_clb_mode_clb__0.logical_tile_clb_mode_default__fle_7.logical_tile_clb_mode_default__fle_mode_physical__fabric_0.mux_fabric_out_0.mux_l2_in_0__349/LO
 grid_clb_1__8_.logical_tile_clb_mode_clb__0.logical_tile_clb_mode_default__fle_7.logical_tile_clb_mode_default__fle_mode_physical__fabric_0.mux_fabric_out_1.mux_l2_in_0__350/LO
 grid_clb_1__8_.logical_tile_clb_mode_clb__0.logical_tile_clb_mode_default__fle_7.logical_tile_clb_mode_default__fle_mode_physical__fabric_0.mux_ff_0_D_0.mux_l2_in_0__351/LO
 grid_clb_1__8_.logical_tile_clb_mode_clb__0.logical_tile_clb_mode_default__fle_7.logical_tile_clb_mode_default__fle_mode_physical__fabric_0.mux_ff_1_D_0.mux_l2_in_0__352/LO
 sb_1__8_.mux_bottom_track_1.mux_l2_in_1__353/LO
 sb_1__8_.mux_bottom_track_11.mux_l2_in_1__354/LO
 sb_1__8_.mux_bottom_track_13.mux_l2_in_1__355/LO
 sb_1__8_.mux_bottom_track_15.mux_l2_in_1__356/LO
 sb_1__8_.mux_bottom_track_17.mux_l2_in_1__357/LO
 sb_1__8_.mux_bottom_track_19.mux_l2_in_1__358/LO
 sb_1__8_.mux_bottom_track_21.mux_l1_in_1__359/LO
 sb_1__8_.mux_bottom_track_23.mux_l1_in_1__360/LO
 sb_1__8_.mux_bottom_track_25.mux_l1_in_1__361/LO
 sb_1__8_.mux_bottom_track_27.mux_l1_in_1__362/LO
 sb_1__8_.mux_bottom_track_29.mux_l2_in_0__363/LO
 sb_1__8_.mux_bottom_track_3.mux_l2_in_1__364/LO
 sb_1__8_.mux_bottom_track_31.mux_l2_in_0__365/LO
 sb_1__8_.mux_bottom_track_33.mux_l2_in_0__366/LO
 sb_1__8_.mux_bottom_track_35.mux_l2_in_0__367/LO
 sb_1__8_.mux_bottom_track_37.mux_l2_in_1__368/LO
 sb_1__8_.mux_bottom_track_39.mux_l2_in_0__369/LO
 sb_1__8_.mux_bottom_track_41.mux_l2_in_0__370/LO
 sb_1__8_.mux_bottom_track_43.mux_l2_in_0__371/LO
 sb_1__8_.mux_bottom_track_45.mux_l2_in_0__372/LO
 sb_1__8_.mux_bottom_track_47.mux_l2_in_0__373/LO
 sb_1__8_.mux_bottom_track_49.mux_l2_in_0__374/LO
 sb_1__8_.mux_bottom_track_5.mux_l2_in_1__375/LO
 sb_1__8_.mux_bottom_track_51.mux_l2_in_0__376/LO
 sb_1__8_.mux_bottom_track_7.mux_l2_in_1__377/LO
 sb_1__8_.mux_bottom_track_9.mux_l2_in_1__378/LO
 sb_1__8_.mux_left_track_1.mux_l2_in_3__379/LO
 sb_1__8_.mux_left_track_11.mux_l2_in_3__380/LO
 sb_1__8_.mux_left_track_13.mux_l1_in_3__381/LO
 sb_1__8_.mux_left_track_21.mux_l1_in_3__382/LO
 sb_1__8_.mux_left_track_29.mux_l1_in_3__383/LO
 sb_1__8_.mux_left_track_3.mux_l2_in_3__384/LO
 sb_1__8_.mux_left_track_37.mux_l2_in_1__385/LO
 sb_1__8_.mux_left_track_45.mux_l2_in_1__386/LO
 sb_1__8_.mux_left_track_5.mux_l2_in_3__387/LO
 sb_1__8_.mux_left_track_53.mux_l2_in_1__388/LO
 sb_1__8_.mux_left_track_7.mux_l2_in_3__389/LO
 sb_1__8_.mux_right_track_0.mux_l2_in_3__390/LO
 sb_1__8_.mux_right_track_10.mux_l2_in_3__391/LO
 sb_1__8_.mux_right_track_12.mux_l1_in_3__392/LO
 sb_1__8_.mux_right_track_2.mux_l2_in_3__393/LO
 sb_1__8_.mux_right_track_20.mux_l1_in_3__394/LO
 sb_1__8_.mux_right_track_28.mux_l1_in_3__395/LO
 sb_1__8_.mux_right_track_36.mux_l2_in_1__396/LO
 sb_1__8_.mux_right_track_4.mux_l2_in_3__397/LO
 sb_1__8_.mux_right_track_44.mux_l2_in_1__398/LO
 sb_1__8_.mux_right_track_52.mux_l2_in_1__399/LO
 sb_1__8_.mux_right_track_6.mux_l2_in_3__400/LO
Found 0 partially unannotated drivers.
parastic_annotation_check
check_slew

===========================================================================
 report_check_types -max_slew -max_cap -max_fanout -violators
============================================================================

===========================================================================
max slew violation count 0
max fanout violation count 0
max cap violation count 0
============================================================================
check_slew_end
tns_report

===========================================================================
 report_tns
============================================================================
tns 0.00
tns_report_end
wns_report

===========================================================================
 report_wns
============================================================================
wns 0.00
wns_report_end
worst_slack

===========================================================================
 report_worst_slack -max (Setup)
============================================================================
worst slack 19.89

===========================================================================
 report_worst_slack -min (Hold)
============================================================================
worst slack 0.44
worst_slack_end
clock_skew

===========================================================================
 report_clock_skew
============================================================================
Clock clk0
Latency      CRPR       Skew
cbx_1__8_.cbx_1__8_.mem_top_ipin_5.sky130_fd_sc_hd__dfrtp_1_0_/CLK ^
   0.26
grid_clb_1__8_.logical_tile_clb_mode_clb__0.logical_tile_clb_mode_default__fle_1.logical_tile_clb_mode_default__fle_mode_physical__fabric_0.logical_tile_clb_mode_default__fle_mode_physical__fabric_mode_default__ff_0.sky130_fd_sc_hd__sdfrtp_1_0_/CLK ^
   0.40      0.00      -0.14

Clock prog_clk
Latency      CRPR       Skew
cbx_1__8_.cbx_1__8_.mem_bottom_ipin_2.sky130_fd_sc_hd__dfrtp_1_1_/CLK ^
   0.82
cbx_1__8_.cbx_1__8_.mem_bottom_ipin_2.sky130_fd_sc_hd__dfrtp_1_2_/CLK ^
   0.69     -0.03       0.10

clock_skew_end
power_report

===========================================================================
 report_power
============================================================================
Group                  Internal  Switching    Leakage      Total
                          Power      Power      Power      Power (Watts)
----------------------------------------------------------------
Sequential             1.89e-04   1.21e-05   6.18e-09   2.01e-04  38.5%
Combinational          1.63e-04   1.58e-04   1.84e-08   3.21e-04  61.5%
Macro                  0.00e+00   0.00e+00   0.00e+00   0.00e+00   0.0%
Pad                    0.00e+00   0.00e+00   0.00e+00   0.00e+00   0.0%
----------------------------------------------------------------
Total                  3.51e-04   1.70e-04   2.46e-08   5.22e-04 100.0%
                          67.4%      32.6%       0.0%
power_report_end
area_report

===========================================================================
 report_design_area
============================================================================
Design area 42369 u^2 67% utilization.
area_report_end
Setting global connections for newly added cells...
[WARNING] Did not save OpenROAD database!
Writing SDF to /home/hosni/OpenFPGA/erc-fixes/clear/openlane/top_tile/runs/23_04_26_17_34/results/routing/mca/process_corner_nom/top_tile.sdf...
Writing timing model to /home/hosni/OpenFPGA/erc-fixes/clear/openlane/top_tile/runs/23_04_26_17_34/results/routing/mca/process_corner_nom/top_tile.lib...

