****************************************
Report : constraint
	-all_violators
	-path slack_only
Design : caravel
Version: T-2022.03-SP3
Date   : Sat Apr 29 13:01:25 2023
****************************************


   max_delay/setup ('clk' group)

   Endpoint                                                  Slack
   -----------------------------------------------------------------
   chip_core/_36962_/D                                    -6489.1533 (VIOLATED)
   chip_core/_36972_/D                                    -6486.6270 (VIOLATED)
   chip_core/_36952_/D                                    -6485.6035 (VIOLATED)
   chip_core/_36974_/D                                    -6485.4624 (VIOLATED)
   chip_core/_36984_/D                                    -6483.1519 (VIOLATED)
   chip_core/_37006_/D                                    -6479.7402 (VIOLATED)
   chip_core/_37014_/D                                    -6479.6016 (VIOLATED)
   chip_core/_37024_/D                                    -6479.3301 (VIOLATED)
   chip_core/_37016_/D                                    -6478.9648 (VIOLATED)
   chip_core/_37026_/D                                    -6478.7344 (VIOLATED)
   chip_core/_37036_/D                                    -6478.1636 (VIOLATED)
   chip_core/_37038_/D                                    -6476.4351 (VIOLATED)
   chip_core/_37048_/D                                    -6476.0439 (VIOLATED)
   chip_core/_37064_/D                                    -6475.1519 (VIOLATED)
   chip_core/_36990_/D                                    -6468.5737 (VIOLATED)
   chip_core/_36996_/D                                    -6467.3486 (VIOLATED)
   chip_core/_36982_/D                                    -6466.7495 (VIOLATED)
   chip_core/_37002_/D                                    -6466.1973 (VIOLATED)
   chip_core/_36992_/D                                    -6465.6055 (VIOLATED)
   chip_core/_36998_/D                                    -6464.8843 (VIOLATED)
   chip_core/_37008_/D                                    -6463.9858 (VIOLATED)
   chip_core/_37018_/D                                    -6463.1538 (VIOLATED)
   chip_core/_37028_/D                                    -6462.8271 (VIOLATED)
   chip_core/_37030_/D                                    -6461.5132 (VIOLATED)
   chip_core/_37040_/D                                    -6460.6802 (VIOLATED)
   chip_core/_37068_/D                                    -6460.4341 (VIOLATED)
   chip_core/_37054_/D                                    -6459.0010 (VIOLATED)
   chip_core/_37062_/D                                    -6458.6943 (VIOLATED)
   chip_core/_36994_/D                                    -6448.9375 (VIOLATED)
   chip_core/_37004_/D                                    -6448.0347 (VIOLATED)
   chip_core/_37000_/D                                    -6447.8159 (VIOLATED)
   chip_core/_37010_/D                                    -6447.4009 (VIOLATED)
   chip_core/_37020_/D                                    -6446.3662 (VIOLATED)
   chip_core/_37022_/D                                    -6445.1167 (VIOLATED)
   chip_core/_37032_/D                                    -6444.4849 (VIOLATED)
   chip_core/_37066_/D                                    -6442.1641 (VIOLATED)
   chip_core/_37056_/D                                    -6442.0190 (VIOLATED)
   chip_core/_37046_/D                                    -6441.9360 (VIOLATED)
   chip_core/_37076_/D                                    -6441.1870 (VIOLATED)
   chip_core/_37070_/D                                    -6441.0098 (VIOLATED)
   chip_core/_36976_/D                                    -6426.4214 (VIOLATED)
   chip_core/_36966_/D                                    -6425.8384 (VIOLATED)
   chip_core/_36986_/D                                    -6424.5581 (VIOLATED)
   chip_core/_37012_/D                                    -6421.6880 (VIOLATED)
   chip_core/_37042_/D                                    -6416.7354 (VIOLATED)
   chip_core/_37052_/D                                    -6416.1958 (VIOLATED)
   chip_core/_37072_/D                                    -6414.0342 (VIOLATED)
   chip_core/_36988_/D                                    -6405.1006 (VIOLATED)
   chip_core/_37060_/D                                    -6386.5449 (VIOLATED)
   chip_core/_37050_/D                                    -6385.7896 (VIOLATED)
   chip_core/_36980_/D                                    -6376.1123 (VIOLATED)
   chip_core/_36958_/D                                    -6368.7622 (VIOLATED)
   chip_core/_36968_/D                                    -6367.4238 (VIOLATED)
   chip_core/_36978_/D                                    -6366.9873 (VIOLATED)
   chip_core/mprj/la_data_in[78]                          -6258.2139 (VIOLATED)
   chip_core/mprj/la_data_in[56]                          -6254.4629 (VIOLATED)
   chip_core/mprj/la_data_in[107]                         -6215.4819 (VIOLATED)
   chip_core/mprj/la_data_in[114]                         -6210.8667 (VIOLATED)
   chip_core/_36970_/D                                    -6206.7998 (VIOLATED)
   chip_core/mprj/la_data_in[125]                         -6202.0132 (VIOLATED)
   chip_core/_37034_/D                                    -6197.2974 (VIOLATED)
   chip_core/_37044_/D                                    -6196.2925 (VIOLATED)
   chip_core/_37074_/D                                    -6194.8027 (VIOLATED)
   chip_core/_35357_/D                                    -6194.4185 (VIOLATED)
   chip_core/mprj/la_data_in[113]                         -6190.4102 (VIOLATED)
   chip_core/mprj/la_data_in[111]                         -6190.1650 (VIOLATED)
   chip_core/mprj/la_data_in[110]                         -6181.2671 (VIOLATED)
   chip_core/mprj/la_data_in[112]                         -6180.7803 (VIOLATED)
   chip_core/mprj/la_data_in[108]                         -6180.3223 (VIOLATED)
   chip_core/mprj/la_data_in[115]                         -6162.7773 (VIOLATED)
   chip_core/mprj/la_data_in[118]                         -6162.7744 (VIOLATED)
   chip_core/mprj/la_data_in[109]                         -6160.5283 (VIOLATED)
   chip_core/mprj/la_data_in[116]                         -6159.7266 (VIOLATED)
   chip_core/mprj/la_data_in[106]                         -6159.5571 (VIOLATED)
   chip_core/mprj/la_data_in[103]                         -6159.4619 (VIOLATED)
   chip_core/mprj/la_data_in[117]                         -6156.5552 (VIOLATED)
   chip_core/mprj/la_data_in[122]                         -6135.5400 (VIOLATED)
   chip_core/mprj/la_data_in[119]                         -6135.1807 (VIOLATED)
   chip_core/mprj/la_data_in[120]                         -6135.1255 (VIOLATED)
   chip_core/mprj/la_data_in[121]                         -6130.4854 (VIOLATED)
   chip_core/mprj/la_data_in[126]                         -6103.8232 (VIOLATED)
   chip_core/mprj/la_data_in[124]                         -6103.7271 (VIOLATED)
   chip_core/mprj/la_data_in[123]                         -6103.3521 (VIOLATED)
   chip_core/_35361_/D                                    -6092.6377 (VIOLATED)
   chip_core/mprj/la_data_in[127]                         -6080.1821 (VIOLATED)
   chip_core/_36960_/D                                    -5901.9312 (VIOLATED)
   chip_core/mprj/la_data_in[104]                         -5850.8169 (VIOLATED)
   chip_core/_36954_/D                                    -5832.3647 (VIOLATED)
   chip_core/_35340_/D                                    -5752.5200 (VIOLATED)
   chip_core/_36964_/D                                    -5627.0776 (VIOLATED)
   chip_core/_35355_/D                                    -5520.1318 (VIOLATED)
   chip_core/mprj/la_data_in[105]                         -5468.4189 (VIOLATED)
   chip_core/mprj/la_data_in[59]                          -5455.1694 (VIOLATED)
   chip_core/_36956_/D                                    -5348.3086 (VIOLATED)
   chip_core/_35359_/D                                    -5333.1987 (VIOLATED)
   chip_core/_37058_/D                                    -5329.9517 (VIOLATED)
   chip_core/_35349_/D                                    -4928.8501 (VIOLATED)
   chip_core/_35353_/D                                    -4836.5796 (VIOLATED)
   chip_core/mprj/la_data_in[65]                          -4730.9336 (VIOLATED)
   chip_core/mprj/la_data_in[100]                         -4519.8521 (VIOLATED)
   chip_core/mprj/la_data_in[97]                          -4517.9546 (VIOLATED)
   chip_core/mprj/la_data_in[95]                          -4517.8472 (VIOLATED)
   chip_core/mprj/la_data_in[101]                         -4505.3062 (VIOLATED)
   chip_core/mprj/la_data_in[98]                          -4505.3003 (VIOLATED)
   chip_core/mprj/la_data_in[102]                         -4505.1587 (VIOLATED)
   chip_core/mprj/la_data_in[94]                          -4501.3730 (VIOLATED)
   chip_core/mprj/la_data_in[91]                          -4501.2427 (VIOLATED)
   chip_core/mprj/la_data_in[96]                          -4501.1270 (VIOLATED)
   chip_core/mprj/la_data_in[87]                          -4497.3862 (VIOLATED)
   chip_core/mprj/la_data_in[89]                          -4497.3452 (VIOLATED)
   chip_core/mprj/la_data_in[99]                          -4476.3130 (VIOLATED)
   chip_core/mprj/la_data_in[76]                          -4372.8320 (VIOLATED)
   chip_core/_35351_/D                                    -3975.5432 (VIOLATED)
   chip_core/mprj/la_data_in[72]                          -3973.7976 (VIOLATED)
   chip_core/mprj/la_data_in[88]                          -3970.1750 (VIOLATED)
   chip_core/mprj/la_data_in[90]                          -3970.0342 (VIOLATED)
   chip_core/mprj/la_data_in[92]                          -3531.2671 (VIOLATED)
   chip_core/mprj/la_data_in[93]                          -3499.5828 (VIOLATED)
   chip_core/mprj/la_data_in[68]                          -3462.8845 (VIOLATED)
   chip_core/mprj/la_data_in[69]                          -3178.4585 (VIOLATED)
   chip_core/mprj/la_data_in[83]                          -3166.0471 (VIOLATED)
   chip_core/mprj/la_data_in[86]                          -3165.9167 (VIOLATED)
   chip_core/mprj/la_data_in[85]                          -2967.9653 (VIOLATED)
   chip_core/mprj/la_data_in[81]                          -2805.4453 (VIOLATED)
   chip_core/mprj/la_data_in[84]                          -2804.2996 (VIOLATED)
   chip_core/mprj/la_data_in[80]                          -2800.6941 (VIOLATED)
   chip_core/_37078_/D                                    -2776.1926 (VIOLATED)
   chip_core/mprj/la_data_in[58]                          -2681.0840 (VIOLATED)
   chip_core/mprj/la_data_in[61]                          -2622.5337 (VIOLATED)
   chip_core/mprj/la_data_in[60]                          -2618.4556 (VIOLATED)
   chip_core/mprj/la_data_in[57]                          -2334.1609 (VIOLATED)
   chip_core/mprj/la_data_in[62]                          -2319.0105 (VIOLATED)
   chip_core/mprj/la_data_in[64]                          -1850.8677 (VIOLATED)
   chip_core/mprj/la_data_in[79]                          -1761.8928 (VIOLATED)
   chip_core/mprj/la_data_in[75]                          -1750.5179 (VIOLATED)
   chip_core/mprj/la_data_in[67]                          -1746.6078 (VIOLATED)
   chip_core/mprj/la_data_in[66]                          -1540.7905 (VIOLATED)
   chip_core/mprj/la_data_in[82]                          -1529.6007 (VIOLATED)
   chip_core/mprj/la_data_in[77]                          -1522.0886 (VIOLATED)
   chip_core/mprj/la_data_in[63]                          -1470.0182 (VIOLATED)
   chip_core/mprj/la_data_in[71]                          -1342.1715 (VIOLATED)
   chip_core/mprj/la_data_in[73]                          -1262.9069 (VIOLATED)
   chip_core/mprj/la_data_in[70]                          -1262.8911 (VIOLATED)
   chip_core/mprj/la_data_in[74]                          -1148.8805 (VIOLATED)







   max_capacitance

                             Required        Actual
   Pin                      Capacitance    Capacitance       Slack
   -----------------------------------------------------------------
   chip_core/mprj/la_data_out[62]   0.5090   0.8958        -0.3868  (VIOLATED)
   chip_core/mprj/la_data_out[61]   0.5090   0.8138        -0.3047  (VIOLATED)
   chip_core/mprj/la_data_out[65]   0.5090   0.7678        -0.2587  (VIOLATED)
   chip_core/mprj/la_data_out[60]   0.5090   0.7423        -0.2333  (VIOLATED)
   chip_core/mprj/la_data_out[57]   0.5090   0.7232        -0.2141  (VIOLATED)
   chip_core/mprj/la_data_out[58]   0.5090   0.7018        -0.1927  (VIOLATED)
   chip_core/mprj/la_data_out[66]   0.5090   0.6584        -0.1494  (VIOLATED)
   chip_core/mprj/la_data_out[56]   0.5090   0.6517        -0.1427  (VIOLATED)
   chip_core/mprj/la_data_out[59]   0.5090   0.6252        -0.1162  (VIOLATED)
   chip_core/mprj/la_data_out[67]   0.5090   0.6248        -0.1158  (VIOLATED)
   chip_core/mprj/la_data_out[68]   0.5090   0.6169        -0.1079  (VIOLATED)
   chip_core/mprj/la_data_out[69]   0.5090   0.6141        -0.1051  (VIOLATED)
   chip_core/mprj/la_data_out[75]   0.5090   0.5899        -0.0808  (VIOLATED)
   chip_core/mprj/la_data_out[64]   0.5090   0.5849        -0.0759  (VIOLATED)
   chip_core/mprj/la_data_out[63]   0.5090   0.5846        -0.0755  (VIOLATED)
   chip_core/mprj/la_data_out[70]   0.5090   0.5388        -0.0298  (VIOLATED)
   chip_core/mprj/la_data_out[71]   0.5090   0.5369        -0.0279  (VIOLATED)
   chip_core/mprj/la_data_out[127]   0.5090   0.5334       -0.0243  (VIOLATED)


   max_transition

                             Required        Actual
   Pin                      Transition     Transition        Slack
   -----------------------------------------------------------------
   chip_core/mgmt_buffers.user_to_mprj_in_gates[62]/A   1.5000   4.7161  -3.2161 (VIOLATED)
   chip_core/ANTENNA_mgmt_buffers.user_to_mprj_in_gates[62]_A/DIODE   1.5000   4.7159  -3.2159 (VIOLATED)
   chip_core/mgmt_buffers.user_to_mprj_in_gates[61]/A   1.5000   4.2652  -2.7652 (VIOLATED)
   chip_core/ANTENNA_mgmt_buffers.user_to_mprj_in_gates[61]_A/DIODE   1.5000   4.2648  -2.7648 (VIOLATED)
   chip_core/mgmt_buffers.user_to_mprj_in_gates[60]/A   1.5000   4.1290  -2.6290 (VIOLATED)
   chip_core/ANTENNA_mgmt_buffers.user_to_mprj_in_gates[60]_A/DIODE   1.5000   4.1290  -2.6290 (VIOLATED)
   chip_core/mgmt_buffers.user_to_mprj_in_gates[57]/A   1.5000   4.0602  -2.5602 (VIOLATED)
   chip_core/ANTENNA_mgmt_buffers.user_to_mprj_in_gates[57]_A/DIODE   1.5000   4.0599  -2.5599 (VIOLATED)
   chip_core/mgmt_buffers.user_to_mprj_in_gates[58]/A   1.5000   3.8857  -2.3857 (VIOLATED)
   chip_core/ANTENNA_mgmt_buffers.user_to_mprj_in_gates[58]_A/DIODE   1.5000   3.8855  -2.3855 (VIOLATED)
   chip_core/ANTENNA_mgmt_buffers.user_to_mprj_in_gates[65]_A/DIODE   1.5000   3.7205  -2.2205 (VIOLATED)
   chip_core/mgmt_buffers.user_to_mprj_in_gates[65]/A   1.5000   3.7205  -2.2205 (VIOLATED)
   chip_core/ANTENNA_mgmt_buffers.user_to_mprj_in_gates[66]_A/DIODE   1.5000   3.1046  -1.6046 (VIOLATED)
   chip_core/mgmt_buffers.user_to_mprj_in_gates[66]/A   1.5000   3.1046  -1.6046 (VIOLATED)
   chip_core/mgmt_buffers.user_to_mprj_in_gates[59]/A   1.5000   3.0402  -1.5402 (VIOLATED)
   chip_core/ANTENNA_mgmt_buffers.user_to_mprj_in_gates[59]_A/DIODE   1.5000   3.0400  -1.5400 (VIOLATED)
   chip_core/ANTENNA_mgmt_buffers.user_to_mprj_in_gates[67]_A/DIODE   1.5000   2.7489  -1.2489 (VIOLATED)
   chip_core/mgmt_buffers.user_to_mprj_in_gates[67]/A   1.5000   2.7489  -1.2489 (VIOLATED)
   chip_core/ANTENNA_mgmt_buffers.user_to_mprj_in_gates[68]_A/DIODE   1.5000   2.6809  -1.1809 (VIOLATED)
   chip_core/mgmt_buffers.user_to_mprj_in_gates[68]/A   1.5000   2.6809  -1.1809 (VIOLATED)
   chip_core/ANTENNA_mgmt_buffers.user_to_mprj_in_gates[127]_A/DIODE   1.5000   2.5285  -1.0285 (VIOLATED)
   chip_core/mgmt_buffers.user_to_mprj_in_gates[127]/A   1.5000   2.5285  -1.0285 (VIOLATED)
   chip_core/mgmt_buffers.user_to_mprj_in_gates[63]/A   1.5000   2.4844  -0.9844 (VIOLATED)
   chip_core/ANTENNA_mgmt_buffers.user_to_mprj_in_gates[63]_A/DIODE   1.5000   2.4842  -0.9842 (VIOLATED)
   chip_core/ANTENNA_mgmt_buffers.user_to_mprj_in_gates[75]_A/DIODE   1.5000   2.4545  -0.9545 (VIOLATED)
   chip_core/mgmt_buffers.user_to_mprj_in_gates[75]/A   1.5000   2.4545  -0.9545 (VIOLATED)
   chip_core/mprj/la_oenb[102]   0.0000      0.7735        -0.7735  (VIOLATED)
   chip_core/mprj/la_oenb[106]   0.0000      0.7553        -0.7553  (VIOLATED)
   chip_core/mprj/la_data_in[109]   0.0000   0.7391        -0.7391  (VIOLATED)
   chip_core/mprj/wbs_dat_i[14]   0.0000     0.7335        -0.7335  (VIOLATED)
   chip_core/mprj/wbs_adr_i[19]   0.0000     0.7257        -0.7257  (VIOLATED)
   chip_core/ANTENNA_wire2105_A/DIODE   1.5000   2.2256    -0.7256  (VIOLATED)
   chip_core/wire2105/A       1.5000         2.2256        -0.7256  (VIOLATED)
   chip_core/mprj/la_oenb[103]   0.0000      0.7255        -0.7255  (VIOLATED)
   chip_core/mprj/wbs_adr_i[22]   0.0000     0.7035        -0.7035  (VIOLATED)
   chip_core/mprj/wbs_dat_i[15]   0.0000     0.6929        -0.6929  (VIOLATED)
   chip_core/mprj/wbs_adr_i[15]   0.0000     0.6900        -0.6900  (VIOLATED)
   chip_core/mprj/la_data_in[115]   0.0000   0.6892        -0.6892  (VIOLATED)
   chip_core/mprj/la_oenb[105]   0.0000      0.6878        -0.6878  (VIOLATED)
   chip_core/mprj/wbs_adr_i[17]   0.0000     0.6850        -0.6850  (VIOLATED)
   chip_core/mprj/wbs_dat_i[20]   0.0000     0.6785        -0.6785  (VIOLATED)
   chip_core/mprj/la_oenb[104]   0.0000      0.6773        -0.6773  (VIOLATED)
   chip_core/mprj/wbs_dat_i[17]   0.0000     0.6749        -0.6749  (VIOLATED)
   chip_core/mprj/la_oenb[95]   0.0000       0.6521        -0.6521  (VIOLATED)
   chip_core/mprj/la_data_in[104]   0.0000   0.6442        -0.6442  (VIOLATED)
   chip_core/mprj/la_data_in[111]   0.0000   0.6410        -0.6410  (VIOLATED)
   chip_core/mprj/la_data_in[118]   0.0000   0.6393        -0.6393  (VIOLATED)
   chip_core/mprj/la_oenb[100]   0.0000      0.6392        -0.6392  (VIOLATED)
   chip_core/ANTENNA_mgmt_buffers.user_to_mprj_in_gates[126]_A/DIODE   1.5000   2.1249  -0.6249 (VIOLATED)
   chip_core/mgmt_buffers.user_to_mprj_in_gates[126]/A   1.5000   2.1249  -0.6249 (VIOLATED)
   chip_core/mprj/la_data_in[113]   0.0000   0.6184        -0.6184  (VIOLATED)
   chip_core/mprj/la_data_in[92]   0.0000    0.6171        -0.6171  (VIOLATED)
   chip_core/mprj/wbs_dat_i[19]   0.0000     0.6149        -0.6149  (VIOLATED)
   chip_core/mprj/wbs_dat_i[18]   0.0000     0.6127        -0.6127  (VIOLATED)
   chip_core/mprj/la_oenb[98]   0.0000       0.6119        -0.6119  (VIOLATED)
   chip_core/mprj/la_data_in[112]   0.0000   0.6087        -0.6087  (VIOLATED)
   chip_core/mprj/la_oenb[101]   0.0000      0.6035        -0.6035  (VIOLATED)
   chip_core/mprj/wbs_adr_i[8]   0.0000      0.5911        -0.5911  (VIOLATED)
   chip_core/mprj/la_oenb[94]   0.0000       0.5905        -0.5905  (VIOLATED)
   chip_core/mprj/la_data_in[95]   0.0000    0.5781        -0.5781  (VIOLATED)
   chip_core/mprj/wbs_adr_i[7]   0.0000      0.5743        -0.5743  (VIOLATED)
   chip_core/mprj/la_data_in[101]   0.0000   0.5674        -0.5674  (VIOLATED)
   chip_core/mprj/wbs_adr_i[27]   0.0000     0.5604        -0.5604  (VIOLATED)
   chip_core/mprj/la_data_in[105]   0.0000   0.5589        -0.5589  (VIOLATED)
   chip_core/mprj/la_oenb[92]   0.0000       0.5583        -0.5583  (VIOLATED)
   chip_core/mprj/la_data_in[94]   0.0000    0.5582        -0.5582  (VIOLATED)
   chip_core/mgmt_buffers.user_to_mprj_in_gates[56]/A   1.5000   2.0539  -0.5539 (VIOLATED)
   chip_core/ANTENNA_mgmt_buffers.user_to_mprj_in_gates[56]_A/DIODE   1.5000   2.0538  -0.5538 (VIOLATED)
   chip_core/ANTENNA_mgmt_buffers.user_to_mprj_in_gates[70]_A/DIODE   1.5000   2.0536  -0.5536 (VIOLATED)
   chip_core/mgmt_buffers.user_to_mprj_in_gates[70]/A   1.5000   2.0536  -0.5536 (VIOLATED)
   chip_core/mprj/wbs_adr_i[23]   0.0000     0.5522        -0.5522  (VIOLATED)
   chip_core/mprj/wbs_dat_i[23]   0.0000     0.5512        -0.5512  (VIOLATED)
   chip_core/mprj/la_oenb[90]   0.0000       0.5510        -0.5510  (VIOLATED)
   chip_core/mprj/la_data_in[100]   0.0000   0.5466        -0.5466  (VIOLATED)
   chip_core/mprj/wbs_dat_i[25]   0.0000     0.5429        -0.5429  (VIOLATED)
   chip_core/mprj/la_data_in[106]   0.0000   0.5417        -0.5417  (VIOLATED)
   chip_core/mprj/wbs_dat_i[22]   0.0000     0.5399        -0.5399  (VIOLATED)
   chip_core/mprj/wbs_dat_i[28]   0.0000     0.5396        -0.5396  (VIOLATED)
   chip_core/mprj/la_data_in[91]   0.0000    0.5356        -0.5356  (VIOLATED)
   chip_core/mprj/wbs_dat_i[27]   0.0000     0.5337        -0.5337  (VIOLATED)
   chip_core/mprj/la_data_in[97]   0.0000    0.5326        -0.5326  (VIOLATED)
   chip_core/mprj/wbs_adr_i[20]   0.0000     0.5292        -0.5292  (VIOLATED)
   chip_core/mprj/la_data_in[90]   0.0000    0.5284        -0.5284  (VIOLATED)
   chip_core/mprj/wbs_adr_i[16]   0.0000     0.5276        -0.5276  (VIOLATED)
   chip_core/mprj/wbs_adr_i[4]   0.0000      0.5276        -0.5276  (VIOLATED)
   chip_core/mprj/wbs_adr_i[26]   0.0000     0.5271        -0.5271  (VIOLATED)
   chip_core/mprj/la_oenb[99]   0.0000       0.5235        -0.5235  (VIOLATED)
   chip_core/mprj/la_data_in[3]   0.0000     0.5210        -0.5210  (VIOLATED)
   chip_core/mprj/wbs_adr_i[25]   0.0000     0.5179        -0.5179  (VIOLATED)
   chip_core/mprj/wbs_adr_i[18]   0.0000     0.5163        -0.5163  (VIOLATED)
   chip_core/mprj/la_data_in[102]   0.0000   0.5113        -0.5113  (VIOLATED)
   chip_core/mprj/la_oenb[93]   0.0000       0.5112        -0.5112  (VIOLATED)
   chip_core/ANTENNA_mgmt_buffers.user_to_mprj_in_gates[124]_A/DIODE   1.5000   2.0100  -0.5100 (VIOLATED)
   chip_core/mgmt_buffers.user_to_mprj_in_gates[124]/A   1.5000   2.0100  -0.5100 (VIOLATED)
   chip_core/mprj/wbs_adr_i[24]   0.0000     0.5089        -0.5089  (VIOLATED)
   chip_core/mprj/la_data_in[93]   0.0000    0.5080        -0.5080  (VIOLATED)
   chip_core/mprj/la_data_in[103]   0.0000   0.5069        -0.5069  (VIOLATED)
   chip_core/mprj/la_data_in[98]   0.0000    0.5051        -0.5051  (VIOLATED)
   chip_core/mprj/la_data_in[110]   0.0000   0.5045        -0.5045  (VIOLATED)
   chip_core/mprj/la_oenb[118]   0.0000      0.5039        -0.5039  (VIOLATED)
   chip_core/mprj/la_data_in[88]   0.0000    0.4964        -0.4964  (VIOLATED)
   chip_core/mprj/la_data_in[1]   0.0000     0.4866        -0.4866  (VIOLATED)
   chip_core/mprj/la_oenb[97]   0.0000       0.4865        -0.4865  (VIOLATED)
   chip_core/ANTENNA_mgmt_buffers.user_to_mprj_in_gates[125]_A/DIODE   1.5000   1.9838  -0.4838 (VIOLATED)
   chip_core/mgmt_buffers.user_to_mprj_in_gates[125]/A   1.5000   1.9838  -0.4838 (VIOLATED)
   chip_core/ANTENNA_wire2103_A/DIODE   1.5000   1.9826    -0.4826  (VIOLATED)
   chip_core/wire2103/A       1.5000         1.9826        -0.4826  (VIOLATED)
   chip_core/mprj/la_oenb[91]   0.0000       0.4816        -0.4816  (VIOLATED)
   chip_core/ANTENNA_mgmt_buffers.user_to_mprj_in_gates[69]_A/DIODE   1.5000   1.9807  -0.4807 (VIOLATED)
   chip_core/mgmt_buffers.user_to_mprj_in_gates[69]/A   1.5000   1.9807  -0.4807 (VIOLATED)
   chip_core/mprj/la_data_in[0]   0.0000     0.4798        -0.4798  (VIOLATED)
   chip_core/mprj/la_data_in[2]   0.0000     0.4771        -0.4771  (VIOLATED)
   chip_core/mprj/la_oenb[89]   0.0000       0.4755        -0.4755  (VIOLATED)
   chip_core/mprj/wbs_adr_i[29]   0.0000     0.4750        -0.4750  (VIOLATED)
   chip_core/mprj/wbs_dat_i[30]   0.0000     0.4721        -0.4721  (VIOLATED)
   chip_core/mprj/la_data_in[99]   0.0000    0.4709        -0.4709  (VIOLATED)
   chip_core/mprj/la_oenb[87]   0.0000       0.4648        -0.4648  (VIOLATED)
   chip_core/mprj/wbs_dat_i[0]   0.0000      0.4587        -0.4587  (VIOLATED)
   chip_core/mprj/wbs_adr_i[30]   0.0000     0.4559        -0.4559  (VIOLATED)
   chip_core/mprj/la_data_in[89]   0.0000    0.4535        -0.4535  (VIOLATED)
   chip_core/mprj/la_data_in[80]   0.0000    0.4535        -0.4535  (VIOLATED)
   chip_core/mprj/wbs_adr_i[21]   0.0000     0.4516        -0.4516  (VIOLATED)
   chip_core/mprj/la_oenb[83]   0.0000       0.4509        -0.4509  (VIOLATED)
   chip_core/ANTENNA_mgmt_buffers.user_to_mprj_in_gates[71]_A/DIODE   1.5000   1.9490  -0.4490 (VIOLATED)
   chip_core/mgmt_buffers.user_to_mprj_in_gates[71]/A   1.5000   1.9490  -0.4490 (VIOLATED)
   chip_core/ANTENNA_mgmt_buffers.user_to_mprj_in_gates[123]_A/DIODE   1.5000   1.9469  -0.4469 (VIOLATED)
   chip_core/mgmt_buffers.user_to_mprj_in_gates[123]/A   1.5000   1.9469  -0.4469 (VIOLATED)
   chip_core/mprj/la_oenb[86]   0.0000       0.4467        -0.4467  (VIOLATED)
   chip_core/mprj/wbs_dat_i[2]   0.0000      0.4447        -0.4447  (VIOLATED)
   chip_core/mprj/wbs_dat_i[24]   0.0000     0.4447        -0.4447  (VIOLATED)
   chip_core/mprj/la_oenb[88]   0.0000       0.4418        -0.4418  (VIOLATED)
   chip_core/mprj/la_oenb[96]   0.0000       0.4376        -0.4376  (VIOLATED)
   chip_core/mprj/wbs_dat_i[21]   0.0000     0.4346        -0.4346  (VIOLATED)
   chip_core/mprj/la_data_in[84]   0.0000    0.4322        -0.4322  (VIOLATED)
   chip_core/mprj/la_data_in[96]   0.0000    0.4308        -0.4308  (VIOLATED)
   chip_core/mprj/la_data_in[86]   0.0000    0.4307        -0.4307  (VIOLATED)
   chip_core/mprj/wbs_dat_i[31]   0.0000     0.4296        -0.4296  (VIOLATED)
   chip_core/ANTENNA_wire2102_A/DIODE   1.5000   1.9295    -0.4295  (VIOLATED)
   chip_core/wire2102/A       1.5000         1.9295        -0.4295  (VIOLATED)
   chip_core/mprj/la_data_in[5]   0.0000     0.4205        -0.4205  (VIOLATED)
   chip_core/mprj/la_data_in[78]   0.0000    0.4189        -0.4189  (VIOLATED)
   chip_core/mprj/wbs_dat_i[26]   0.0000     0.4092        -0.4092  (VIOLATED)
   chip_core/mprj/la_data_in[87]   0.0000    0.4086        -0.4086  (VIOLATED)
   chip_core/mprj/la_data_in[81]   0.0000    0.4050        -0.4050  (VIOLATED)
   chip_core/mprj/wbs_dat_i[29]   0.0000     0.4046        -0.4046  (VIOLATED)
   chip_core/mprj/la_data_in[83]   0.0000    0.4042        -0.4042  (VIOLATED)
   chip_core/mprj/wbs_adr_i[9]   0.0000      0.4034        -0.4034  (VIOLATED)
   chip_core/mprj/la_oenb[85]   0.0000       0.4011        -0.4011  (VIOLATED)
   chip_core/mprj/wbs_adr_i[28]   0.0000     0.4003        -0.4003  (VIOLATED)
   chip_core/mprj/la_data_in[85]   0.0000    0.3995        -0.3995  (VIOLATED)
   chip_core/mprj/la_data_in[4]   0.0000     0.3971        -0.3971  (VIOLATED)
   chip_core/mprj/la_oenb[80]   0.0000       0.3928        -0.3928  (VIOLATED)
   chip_core/mprj/wbs_adr_i[31]   0.0000     0.3891        -0.3891  (VIOLATED)
   chip_core/mprj/la_oenb[84]   0.0000       0.3855        -0.3855  (VIOLATED)
   chip_core/mprj/la_data_in[6]   0.0000     0.3820        -0.3820  (VIOLATED)
   chip_core/mprj/la_data_in[7]   0.0000     0.3740        -0.3740  (VIOLATED)
   chip_core/mprj/la_oenb[78]   0.0000       0.3729        -0.3729  (VIOLATED)
   chip_core/mprj/la_oenb[71]   0.0000       0.3663        -0.3663  (VIOLATED)
   chip_core/mprj/la_data_in[82]   0.0000    0.3613        -0.3613  (VIOLATED)
   chip_core/mprj/la_oenb[81]   0.0000       0.3603        -0.3603  (VIOLATED)
   chip_core/mprj/io_in[2]    0.0000         0.3593        -0.3593  (VIOLATED)
   chip_core/mprj/la_oenb[1]   0.0000        0.3588        -0.3588  (VIOLATED)
   chip_core/mprj/la_data_in[10]   0.0000    0.3588        -0.3588  (VIOLATED)
   chip_core/mprj/la_data_in[72]   0.0000    0.3563        -0.3563  (VIOLATED)
   chip_core/mprj/la_data_in[79]   0.0000    0.3525        -0.3525  (VIOLATED)
   chip_core/mprj/la_data_in[11]   0.0000    0.3507        -0.3507  (VIOLATED)
   chip_core/mprj/la_data_in[8]   0.0000     0.3453        -0.3453  (VIOLATED)
   chip_core/mprj/la_oenb[79]   0.0000       0.3452        -0.3452  (VIOLATED)
   chip_core/ANTENNA_mgmt_buffers.user_to_mprj_in_gates[64]_A/DIODE   1.5000   1.8436  -0.3436 (VIOLATED)
   chip_core/mgmt_buffers.user_to_mprj_in_gates[64]/A   1.5000   1.8436  -0.3436 (VIOLATED)
   chip_core/mprj/la_data_in[33]   0.0000    0.3424        -0.3424  (VIOLATED)
   chip_core/mprj/la_data_in[75]   0.0000    0.3407        -0.3407  (VIOLATED)
   chip_core/mprj/la_oenb[75]   0.0000       0.3391        -0.3391  (VIOLATED)
   chip_core/mprj/la_oenb[5]   0.0000        0.3385        -0.3385  (VIOLATED)
   chip_core/mprj/la_data_in[37]   0.0000    0.3365        -0.3365  (VIOLATED)
   chip_core/mprj/la_data_in[32]   0.0000    0.3248        -0.3248  (VIOLATED)
   chip_core/mprj/la_data_in[77]   0.0000    0.3212        -0.3212  (VIOLATED)
   chip_core/mprj/wbs_dat_i[1]   0.0000      0.3198        -0.3198  (VIOLATED)
   chip_core/mprj/la_data_in[68]   0.0000    0.3195        -0.3195  (VIOLATED)
   chip_core/mprj/la_oenb[77]   0.0000       0.3190        -0.3190  (VIOLATED)
   chip_core/mprj/la_oenb[2]   0.0000        0.3164        -0.3164  (VIOLATED)
   chip_core/mprj/la_oenb[72]   0.0000       0.3126        -0.3126  (VIOLATED)
   chip_core/mprj/la_data_in[13]   0.0000    0.3111        -0.3111  (VIOLATED)
   chip_core/mprj/la_data_in[76]   0.0000    0.3046        -0.3046  (VIOLATED)
   chip_core/mprj/la_data_in[14]   0.0000    0.3038        -0.3038  (VIOLATED)
   chip_core/mprj/la_data_in[74]   0.0000    0.3001        -0.3001  (VIOLATED)
   chip_core/mprj/la_oenb[76]   0.0000       0.2997        -0.2997  (VIOLATED)
   chip_core/mprj/la_data_in[73]   0.0000    0.2982        -0.2982  (VIOLATED)
   chip_core/mprj/la_data_in[69]   0.0000    0.2974        -0.2974  (VIOLATED)
   chip_core/mprj/la_oenb[82]   0.0000       0.2971        -0.2971  (VIOLATED)
   chip_core/mprj/la_data_in[9]   0.0000     0.2942        -0.2942  (VIOLATED)
   chip_core/mprj/la_data_in[71]   0.0000    0.2932        -0.2932  (VIOLATED)
   chip_core/mprj/la_data_in[17]   0.0000    0.2925        -0.2925  (VIOLATED)
   chip_core/ANTENNA_mgmt_buffers.user_to_mprj_in_gates[121]_A/DIODE   1.5000   1.7918  -0.2918 (VIOLATED)
   chip_core/mgmt_buffers.user_to_mprj_in_gates[121]/A   1.5000   1.7918  -0.2918 (VIOLATED)
   chip_core/ANTENNA_mgmt_buffers.user_to_mprj_in_gates[122]_A/DIODE   1.5000   1.7912  -0.2912 (VIOLATED)
   chip_core/mgmt_buffers.user_to_mprj_in_gates[122]/A   1.5000   1.7912  -0.2912 (VIOLATED)
   chip_core/mprj/la_data_in[35]   0.0000    0.2867        -0.2867  (VIOLATED)
   chip_core/ANTENNA_mgmt_buffers.user_to_mprj_in_gates[114]_A/DIODE   1.5000   1.7864  -0.2864 (VIOLATED)
   chip_core/mgmt_buffers.user_to_mprj_in_gates[114]/A   1.5000   1.7864  -0.2864 (VIOLATED)
   chip_core/mprj/io_in[1]    0.0000         0.2825        -0.2825  (VIOLATED)
   chip_core/mprj/la_data_in[66]   0.0000    0.2793        -0.2793  (VIOLATED)
   chip_core/mprj/io_in[5]    0.0000         0.2791        -0.2791  (VIOLATED)
   chip_core/mprj/la_data_in[39]   0.0000    0.2783        -0.2783  (VIOLATED)
   chip_core/mprj/la_data_in[19]   0.0000    0.2774        -0.2774  (VIOLATED)
   chip_core/mprj/la_data_in[43]   0.0000    0.2774        -0.2774  (VIOLATED)
   chip_core/mprj/la_oenb[69]   0.0000       0.2724        -0.2724  (VIOLATED)
   chip_core/mprj/la_oenb[68]   0.0000       0.2718        -0.2718  (VIOLATED)
   chip_core/ANTENNA_mgmt_buffers.user_to_mprj_in_gates[72]_A/DIODE   1.5000   1.7684  -0.2684 (VIOLATED)
   chip_core/mgmt_buffers.user_to_mprj_in_gates[72]/A   1.5000   1.7684  -0.2684 (VIOLATED)
   chip_core/mprj/io_in[4]    0.0000         0.2657        -0.2657  (VIOLATED)
   chip_core/mprj/la_oenb[74]   0.0000       0.2637        -0.2637  (VIOLATED)
   chip_core/mprj/la_data_in[15]   0.0000    0.2621        -0.2621  (VIOLATED)
   chip_core/mprj/la_oenb[0]   0.0000        0.2606        -0.2606  (VIOLATED)
   chip_core/mprj/la_oenb[3]   0.0000        0.2604        -0.2604  (VIOLATED)
   chip_core/mprj/io_in[6]    0.0000         0.2600        -0.2600  (VIOLATED)
   chip_core/mprj/la_data_in[65]   0.0000    0.2592        -0.2592  (VIOLATED)
   chip_core/mprj/la_data_in[67]   0.0000    0.2579        -0.2579  (VIOLATED)
   chip_core/mprj/la_oenb[73]   0.0000       0.2540        -0.2540  (VIOLATED)
   chip_core/mprj/la_oenb[6]   0.0000        0.2501        -0.2501  (VIOLATED)
   chip_core/mprj/io_in[0]    0.0000         0.2491        -0.2491  (VIOLATED)
   chip_core/mprj/la_data_in[64]   0.0000    0.2463        -0.2463  (VIOLATED)
   chip_core/mprj/la_oenb[65]   0.0000       0.2456        -0.2456  (VIOLATED)
   chip_core/mprj/wbs_adr_i[11]   0.0000     0.2454        -0.2454  (VIOLATED)
   chip_core/mprj/la_oenb[9]   0.0000        0.2423        -0.2423  (VIOLATED)
   chip_core/mprj/la_oenb[4]   0.0000        0.2303        -0.2303  (VIOLATED)
   chip_core/mprj/la_oenb[64]   0.0000       0.2272        -0.2272  (VIOLATED)
   chip_core/mprj/la_data_in[70]   0.0000    0.2250        -0.2250  (VIOLATED)
   chip_core/mprj/la_data_in[18]   0.0000    0.2233        -0.2233  (VIOLATED)
   chip_core/mprj/la_data_in[30]   0.0000    0.2214        -0.2214  (VIOLATED)
   chip_core/mprj/io_in[33]   0.0000         0.2212        -0.2212  (VIOLATED)
   chip_core/mprj/la_oenb[67]   0.0000       0.2210        -0.2210  (VIOLATED)
   chip_core/mprj/la_data_in[12]   0.0000    0.2200        -0.2200  (VIOLATED)
   chip_core/mprj/la_data_in[36]   0.0000    0.2192        -0.2192  (VIOLATED)
   chip_core/mprj/wbs_adr_i[13]   0.0000     0.2162        -0.2162  (VIOLATED)
   chip_core/mprj/la_data_in[20]   0.0000    0.2143        -0.2143  (VIOLATED)
   chip_core/ANTENNA_mgmt_buffers.user_to_mprj_in_gates[78]_A/DIODE   1.5000   1.7126  -0.2126 (VIOLATED)
   chip_core/mgmt_buffers.user_to_mprj_in_gates[78]/A   1.5000   1.7126  -0.2126 (VIOLATED)
   chip_core/mprj/la_data_in[16]   0.0000    0.2097        -0.2097  (VIOLATED)
   chip_core/mprj/wbs_sel_i[0]   0.0000      0.2077        -0.2077  (VIOLATED)
   chip_core/mprj/la_oenb[13]   0.0000       0.2074        -0.2074  (VIOLATED)
   chip_core/mprj/la_oenb[70]   0.0000       0.2071        -0.2071  (VIOLATED)
   chip_core/mprj/la_data_in[21]   0.0000    0.2023        -0.2023  (VIOLATED)
   chip_core/ANTENNA_mgmt_buffers.user_to_mprj_in_gates[73]_A/DIODE   1.5000   1.7016  -0.2016 (VIOLATED)
   chip_core/mgmt_buffers.user_to_mprj_in_gates[73]/A   1.5000   1.7016  -0.2016 (VIOLATED)
   chip_core/mprj/la_oenb[66]   0.0000       0.1996        -0.1996  (VIOLATED)
   chip_core/mprj/la_oenb[10]   0.0000       0.1983        -0.1983  (VIOLATED)
   chip_core/mprj/la_oenb[14]   0.0000       0.1938        -0.1938  (VIOLATED)
   chip_core/mprj/la_data_in[23]   0.0000    0.1933        -0.1933  (VIOLATED)
   chip_core/mprj/la_data_in[22]   0.0000    0.1926        -0.1926  (VIOLATED)
   chip_core/mprj/io_in[32]   0.0000         0.1912        -0.1912  (VIOLATED)
   chip_core/mprj/io_in[26]   0.0000         0.1875        -0.1875  (VIOLATED)
   chip_core/mprj/la_oenb[11]   0.0000       0.1870        -0.1870  (VIOLATED)
   chip_core/mprj/la_data_in[24]   0.0000    0.1865        -0.1865  (VIOLATED)
   chip_core/mprj/la_oenb[62]   0.0000       0.1850        -0.1850  (VIOLATED)
   chip_core/mprj/la_oenb[60]   0.0000       0.1843        -0.1843  (VIOLATED)
   chip_core/mprj/la_data_in[25]   0.0000    0.1809        -0.1809  (VIOLATED)
   chip_core/mprj/la_data_in[58]   0.0000    0.1792        -0.1792  (VIOLATED)
   chip_core/mprj/la_oenb[16]   0.0000       0.1775        -0.1775  (VIOLATED)
   chip_core/mprj/io_in[34]   0.0000         0.1759        -0.1759  (VIOLATED)
   chip_core/mprj/la_oenb[58]   0.0000       0.1685        -0.1685  (VIOLATED)
   chip_core/mprj/la_oenb[12]   0.0000       0.1682        -0.1682  (VIOLATED)
   chip_core/mprj/la_oenb[23]   0.0000       0.1681        -0.1681  (VIOLATED)
   chip_core/mprj/wbs_dat_i[16]   0.0000     0.1669        -0.1669  (VIOLATED)
   chip_core/ANTENNA_mgmt_buffers.user_to_mprj_in_gates[74]_A/DIODE   1.5000   1.6664  -0.1664 (VIOLATED)
   chip_core/mgmt_buffers.user_to_mprj_in_gates[74]/A   1.5000   1.6664  -0.1664 (VIOLATED)
   chip_core/mprj/la_oenb[18]   0.0000       0.1658        -0.1658  (VIOLATED)
   chip_core/mprj/la_oenb[8]   0.0000        0.1650        -0.1650  (VIOLATED)
   chip_core/mprj/io_in[35]   0.0000         0.1649        -0.1649  (VIOLATED)
   chip_core/mprj/la_data_in[62]   0.0000    0.1647        -0.1647  (VIOLATED)
   chip_core/mprj/la_oenb[63]   0.0000       0.1642        -0.1642  (VIOLATED)
   chip_core/mprj/la_oenb[7]   0.0000        0.1639        -0.1639  (VIOLATED)
   chip_core/mprj/io_in[25]   0.0000         0.1635        -0.1635  (VIOLATED)
   chip_core/mprj/la_oenb[61]   0.0000       0.1616        -0.1616  (VIOLATED)
   chip_core/mprj/wbs_sel_i[1]   0.0000      0.1607        -0.1607  (VIOLATED)
   chip_core/mprj/wbs_adr_i[10]   0.0000     0.1605        -0.1605  (VIOLATED)
   chip_core/mprj/la_data_in[60]   0.0000    0.1598        -0.1598  (VIOLATED)
   chip_core/mprj/la_oenb[56]   0.0000       0.1581        -0.1581  (VIOLATED)
   chip_core/mprj/la_oenb[59]   0.0000       0.1554        -0.1554  (VIOLATED)
   chip_core/mprj/la_oenb[15]   0.0000       0.1542        -0.1542  (VIOLATED)
   chip_core/mprj/la_data_in[59]   0.0000    0.1541        -0.1541  (VIOLATED)
   chip_core/mprj/la_oenb[55]   0.0000       0.1502        -0.1502  (VIOLATED)
   chip_core/mprj/io_in[27]   0.0000         0.1493        -0.1493  (VIOLATED)
   chip_core/mprj/la_oenb[126]   0.0000      0.1488        -0.1488  (VIOLATED)
   chip_core/mprj/la_data_in[57]   0.0000    0.1484        -0.1484  (VIOLATED)
   chip_core/mprj/la_oenb[17]   0.0000       0.1480        -0.1480  (VIOLATED)
   chip_core/mprj/la_data_in[61]   0.0000    0.1476        -0.1476  (VIOLATED)
   chip_core/mprj/wbs_adr_i[14]   0.0000     0.1469        -0.1469  (VIOLATED)
   chip_core/mprj/wb_rst_i    0.0000         0.1468        -0.1468  (VIOLATED)
   chip_core/mprj/la_oenb[21]   0.0000       0.1462        -0.1462  (VIOLATED)
   chip_core/mprj/la_data_in[63]   0.0000    0.1451        -0.1451  (VIOLATED)
   chip_core/mprj/wbs_cyc_i   0.0000         0.1430        -0.1430  (VIOLATED)
   chip_core/mprj/io_in[28]   0.0000         0.1414        -0.1414  (VIOLATED)
   chip_core/mprj/la_oenb[53]   0.0000       0.1413        -0.1413  (VIOLATED)
   chip_core/mprj/wbs_dat_i[8]   0.0000      0.1401        -0.1401  (VIOLATED)
   chip_core/mprj/la_data_in[55]   0.0000    0.1399        -0.1399  (VIOLATED)
   chip_core/mprj/la_data_in[120]   0.0000   0.1376        -0.1376  (VIOLATED)
   chip_core/mprj/io_in[30]   0.0000         0.1376        -0.1376  (VIOLATED)
   chip_core/mprj/la_oenb[127]   0.0000      0.1373        -0.1373  (VIOLATED)
   chip_core/mprj/la_oenb[57]   0.0000       0.1369        -0.1369  (VIOLATED)
   chip_core/mprj/wb_clk_i    0.1000         0.2368        -0.1368  (VIOLATED)
   chip_core/mprj/la_data_in[108]   0.0000   0.1363        -0.1363  (VIOLATED)
   chip_core/mprj/la_data_in[126]   0.0000   0.1361        -0.1361  (VIOLATED)
   chip_core/mprj/io_in[29]   0.0000         0.1356        -0.1356  (VIOLATED)
   chip_core/mprj/la_data_in[121]   0.0000   0.1352        -0.1352  (VIOLATED)
   chip_core/mprj/la_oenb[108]   0.0000      0.1343        -0.1343  (VIOLATED)
   chip_core/mprj/wbs_adr_i[6]   0.0000      0.1328        -0.1328  (VIOLATED)
   chip_core/mprj/la_data_in[56]   0.0000    0.1322        -0.1322  (VIOLATED)
   chip_core/mprj/wbs_dat_i[10]   0.0000     0.1314        -0.1314  (VIOLATED)
   chip_core/mprj/la_data_in[116]   0.0000   0.1311        -0.1311  (VIOLATED)
   chip_core/mprj/la_oenb[123]   0.0000      0.1311        -0.1311  (VIOLATED)
   chip_core/mprj/la_oenb[52]   0.0000       0.1301        -0.1301  (VIOLATED)
   chip_core/mprj/la_oenb[50]   0.0000       0.1297        -0.1297  (VIOLATED)
   chip_core/ANTENNA_mgmt_buffers.user_to_mprj_in_gates[81]_A/DIODE   1.5000   1.6295  -0.1295 (VIOLATED)
   chip_core/mgmt_buffers.user_to_mprj_in_gates[81]/A   1.5000   1.6295  -0.1295 (VIOLATED)
   chip_core/mprj/wbs_sel_i[3]   0.0000      0.1286        -0.1286  (VIOLATED)
   chip_core/mprj/la_oenb[122]   0.0000      0.1283        -0.1283  (VIOLATED)
   chip_core/mprj/la_data_in[26]   0.0000    0.1281        -0.1281  (VIOLATED)
   chip_core/mprj/la_oenb[24]   0.0000       0.1280        -0.1280  (VIOLATED)
   chip_core/mprj/la_data_in[49]   0.0000    0.1275        -0.1275  (VIOLATED)
   chip_core/mprj/wbs_dat_i[12]   0.0000     0.1275        -0.1275  (VIOLATED)
   chip_core/mprj/la_oenb[125]   0.0000      0.1274        -0.1274  (VIOLATED)
   chip_core/mprj/la_oenb[110]   0.0000      0.1270        -0.1270  (VIOLATED)
   chip_core/mprj/la_data_in[123]   0.0000   0.1269        -0.1269  (VIOLATED)
   chip_core/mprj/la_data_in[125]   0.0000   0.1261        -0.1261  (VIOLATED)
   chip_core/mprj/wbs_dat_i[13]   0.0000     0.1253        -0.1253  (VIOLATED)
   chip_core/mprj/la_oenb[54]   0.0000       0.1252        -0.1252  (VIOLATED)
   chip_core/mprj/la_oenb[119]   0.0000      0.1250        -0.1250  (VIOLATED)
   chip_core/mprj/la_data_in[54]   0.0000    0.1238        -0.1238  (VIOLATED)
   chip_core/mprj/wbs_sel_i[2]   0.0000      0.1237        -0.1237  (VIOLATED)
   chip_core/mprj/wbs_adr_i[12]   0.0000     0.1235        -0.1235  (VIOLATED)
   chip_core/mprj/la_oenb[111]   0.0000      0.1220        -0.1220  (VIOLATED)
   chip_core/mprj/la_oenb[114]   0.0000      0.1219        -0.1219  (VIOLATED)
   chip_core/mprj/la_data_in[46]   0.0000    0.1211        -0.1211  (VIOLATED)
   chip_core/mprj/la_data_in[122]   0.0000   0.1210        -0.1210  (VIOLATED)
   chip_core/mprj/io_in[11]   0.0000         0.1207        -0.1207  (VIOLATED)
   chip_core/mprj/wbs_dat_i[6]   0.0000      0.1205        -0.1205  (VIOLATED)
   chip_core/mprj/la_oenb[107]   0.0000      0.1200        -0.1200  (VIOLATED)
   chip_core/mprj/la_oenb[113]   0.0000      0.1197        -0.1197  (VIOLATED)
   chip_core/mprj/la_oenb[22]   0.0000       0.1195        -0.1195  (VIOLATED)
   chip_core/mprj/la_oenb[115]   0.0000      0.1188        -0.1188  (VIOLATED)
   chip_core/mprj/la_data_in[127]   0.0000   0.1183        -0.1183  (VIOLATED)
   chip_core/mprj/la_oenb[25]   0.0000       0.1180        -0.1180  (VIOLATED)
   chip_core/mprj/wbs_dat_i[11]   0.0000     0.1178        -0.1178  (VIOLATED)
   chip_core/mprj/la_oenb[124]   0.0000      0.1177        -0.1177  (VIOLATED)
   chip_core/mprj/la_data_in[117]   0.0000   0.1174        -0.1174  (VIOLATED)
   chip_core/mprj/io_in[31]   0.0000         0.1172        -0.1172  (VIOLATED)
   chip_core/mprj/la_oenb[117]   0.0000      0.1169        -0.1169  (VIOLATED)
   chip_core/mprj/la_oenb[120]   0.0000      0.1167        -0.1167  (VIOLATED)
   chip_core/mprj/wbs_adr_i[2]   0.0000      0.1166        -0.1166  (VIOLATED)
   chip_core/mprj/la_oenb[49]   0.0000       0.1163        -0.1163  (VIOLATED)
   chip_core/mprj/la_oenb[121]   0.0000      0.1163        -0.1163  (VIOLATED)
   chip_core/mprj/la_data_in[47]   0.0000    0.1162        -0.1162  (VIOLATED)
   chip_core/mprj/la_oenb[109]   0.0000      0.1159        -0.1159  (VIOLATED)
   chip_core/mprj/wbs_dat_i[9]   0.0000      0.1154        -0.1154  (VIOLATED)
   chip_core/mprj/la_data_in[114]   0.0000   0.1154        -0.1154  (VIOLATED)
   chip_core/mprj/la_oenb[116]   0.0000      0.1147        -0.1147  (VIOLATED)
   chip_core/mprj/wbs_we_i    0.0000         0.1145        -0.1145  (VIOLATED)
   chip_core/mprj/la_data_in[52]   0.0000    0.1138        -0.1138  (VIOLATED)
   chip_core/mprj/la_data_in[107]   0.0000   0.1137        -0.1137  (VIOLATED)
   chip_core/ANTENNA_mgmt_buffers.user_to_mprj_in_gates[79]_A/DIODE   1.5000   1.6136  -0.1136 (VIOLATED)
   chip_core/mgmt_buffers.user_to_mprj_in_gates[79]/A   1.5000   1.6136  -0.1136 (VIOLATED)
   chip_core/mprj/la_oenb[19]   0.0000       0.1135        -0.1135  (VIOLATED)
   chip_core/mprj/la_oenb[112]   0.0000      0.1118        -0.1118  (VIOLATED)
   chip_core/mprj/io_in[12]   0.0000         0.1114        -0.1114  (VIOLATED)
   chip_core/mprj/la_oenb[20]   0.0000       0.1108        -0.1108  (VIOLATED)
   chip_core/mprj/wbs_stb_i   0.0000         0.1107        -0.1107  (VIOLATED)
   chip_core/mprj/la_data_in[53]   0.0000    0.1105        -0.1105  (VIOLATED)
   chip_core/ANTENNA_mgmt_buffers.user_to_mprj_in_gates[76]_A/DIODE   1.5000   1.6104  -0.1104 (VIOLATED)
   chip_core/mgmt_buffers.user_to_mprj_in_gates[76]/A   1.5000   1.6104  -0.1104 (VIOLATED)
   chip_core/mprj/io_in[19]   0.0000         0.1097        -0.1097  (VIOLATED)
   chip_core/mprj/wbs_dat_i[7]   0.0000      0.1091        -0.1091  (VIOLATED)
   chip_core/mprj/la_data_in[51]   0.0000    0.1088        -0.1088  (VIOLATED)
   chip_core/mprj/la_data_in[42]   0.0000    0.1086        -0.1086  (VIOLATED)
   chip_core/mprj/io_in[10]   0.0000         0.1086        -0.1086  (VIOLATED)
   chip_core/mprj/la_oenb[51]   0.0000       0.1073        -0.1073  (VIOLATED)
   chip_core/mprj/la_oenb[45]   0.0000       0.1069        -0.1069  (VIOLATED)
   chip_core/mprj/la_data_in[50]   0.0000    0.1059        -0.1059  (VIOLATED)
   chip_core/mprj/wbs_adr_i[3]   0.0000      0.1057        -0.1057  (VIOLATED)
   chip_core/mprj/la_data_in[27]   0.0000    0.1049        -0.1049  (VIOLATED)
   chip_core/mprj/wbs_dat_i[5]   0.0000      0.1047        -0.1047  (VIOLATED)
   chip_core/mprj/la_data_in[124]   0.0000   0.1044        -0.1044  (VIOLATED)
   chip_core/mprj/user_clock2   0.0000       0.1037        -0.1037  (VIOLATED)
   chip_core/mprj/la_oenb[48]   0.0000       0.1020        -0.1020  (VIOLATED)
   chip_core/mprj/wbs_dat_i[4]   0.0000      0.1009        -0.1009  (VIOLATED)
   chip_core/mprj/io_in[9]    0.0000         0.0995        -0.0995  (VIOLATED)
   chip_core/ANTENNA_mgmt_buffers.user_to_mprj_in_gates[77]_A/DIODE   1.5000   1.5978  -0.0978 (VIOLATED)
   chip_core/mgmt_buffers.user_to_mprj_in_gates[77]/A   1.5000   1.5978  -0.0978 (VIOLATED)
   chip_core/mprj/la_oenb[44]   0.0000       0.0970        -0.0970  (VIOLATED)
   chip_core/mprj/la_oenb[41]   0.0000       0.0966        -0.0966  (VIOLATED)
   chip_core/mprj/la_oenb[27]   0.0000       0.0965        -0.0965  (VIOLATED)
   chip_core/mprj/la_data_in[44]   0.0000    0.0957        -0.0957  (VIOLATED)
   chip_core/mprj/la_oenb[31]   0.0000       0.0949        -0.0949  (VIOLATED)
   chip_core/mprj/io_in[20]   0.0000         0.0945        -0.0945  (VIOLATED)
   chip_core/mprj/io_in[8]    0.0000         0.0944        -0.0944  (VIOLATED)
   chip_core/mprj/la_data_in[28]   0.0000    0.0938        -0.0938  (VIOLATED)
   chip_core/mprj/la_data_in[119]   0.0000   0.0937        -0.0937  (VIOLATED)
   chip_core/mprj/la_oenb[30]   0.0000       0.0936        -0.0936  (VIOLATED)
   chip_core/mprj/la_oenb[46]   0.0000       0.0933        -0.0933  (VIOLATED)
   chip_core/mprj/la_oenb[42]   0.0000       0.0931        -0.0931  (VIOLATED)
   chip_core/mprj/la_data_in[48]   0.0000    0.0913        -0.0913  (VIOLATED)
   chip_core/mprj/wbs_adr_i[5]   0.0000      0.0906        -0.0906  (VIOLATED)
   chip_core/mprj/wbs_dat_i[3]   0.0000      0.0905        -0.0905  (VIOLATED)
   chip_core/mprj/la_data_in[38]   0.0000    0.0898        -0.0898  (VIOLATED)
   chip_core/mprj/la_oenb[43]   0.0000       0.0890        -0.0890  (VIOLATED)
   chip_core/mprj/la_data_in[45]   0.0000    0.0865        -0.0865  (VIOLATED)
   chip_core/mprj/la_oenb[39]   0.0000       0.0849        -0.0849  (VIOLATED)
   chip_core/mprj/la_data_in[29]   0.0000    0.0848        -0.0848  (VIOLATED)
   chip_core/mprj/la_data_in[31]   0.0000    0.0833        -0.0833  (VIOLATED)
   chip_core/mprj/la_oenb[29]   0.0000       0.0827        -0.0827  (VIOLATED)
   chip_core/mprj/la_data_in[40]   0.0000    0.0823        -0.0823  (VIOLATED)
   chip_core/mprj/io_in[7]    0.0000         0.0813        -0.0813  (VIOLATED)
   chip_core/mprj/la_oenb[32]   0.0000       0.0810        -0.0810  (VIOLATED)
   chip_core/mprj/la_oenb[47]   0.0000       0.0803        -0.0803  (VIOLATED)
   chip_core/mprj/la_data_in[41]   0.0000    0.0794        -0.0794  (VIOLATED)
   chip_core/mprj/io_in[13]   0.0000         0.0778        -0.0778  (VIOLATED)
   chip_core/mprj/la_oenb[36]   0.0000       0.0735        -0.0735  (VIOLATED)
   chip_core/mprj/la_oenb[33]   0.0000       0.0729        -0.0729  (VIOLATED)
   chip_core/mprj/io_in[22]   0.0000         0.0729        -0.0729  (VIOLATED)
   chip_core/mprj/la_oenb[38]   0.0000       0.0696        -0.0696  (VIOLATED)
   chip_core/mprj/la_data_in[34]   0.0000    0.0695        -0.0695  (VIOLATED)
   chip_core/mprj/la_oenb[26]   0.0000       0.0687        -0.0687  (VIOLATED)
   chip_core/mprj/la_oenb[37]   0.0000       0.0682        -0.0682  (VIOLATED)
   chip_core/mprj/la_oenb[40]   0.0000       0.0643        -0.0643  (VIOLATED)
   chip_core/mprj/io_in[36]   0.1000         0.1625        -0.0625  (VIOLATED)
   chip_core/mprj/io_in[16]   0.0000         0.0609        -0.0609  (VIOLATED)
   chip_core/mprj/la_oenb[28]   0.0000       0.0598        -0.0598  (VIOLATED)
   chip_core/mprj/io_in[15]   0.0000         0.0596        -0.0596  (VIOLATED)
   chip_core/mprj/io_in[24]   0.0000         0.0582        -0.0582  (VIOLATED)
   chip_core/mprj/la_oenb[35]   0.0000       0.0580        -0.0580  (VIOLATED)
   chip_core/mprj/io_in[21]   0.0000         0.0575        -0.0575  (VIOLATED)
   chip_core/mprj/la_oenb[34]   0.0000       0.0571        -0.0571  (VIOLATED)
   chip_core/ANTENNA_mgmt_buffers.user_to_mprj_in_gates[117]_A/DIODE   1.5000   1.5554  -0.0554 (VIOLATED)
   chip_core/mgmt_buffers.user_to_mprj_in_gates[117]/A   1.5000   1.5554  -0.0554 (VIOLATED)
   chip_core/mprj/io_in[14]   0.0000         0.0451        -0.0451  (VIOLATED)
   chip_core/mprj/io_in[18]   0.0000         0.0428        -0.0428  (VIOLATED)
   chip_core/mprj/io_in[17]   0.0000         0.0412        -0.0412  (VIOLATED)
   chip_core/mprj/io_in[37]   0.1000         0.1393        -0.0393  (VIOLATED)
   chip_core/mprj/io_in[23]   0.0000         0.0376        -0.0376  (VIOLATED)


1
