****************************************
Report : constraint
	-all_violators
	-path slack_only
Design : caravel
Version: T-2022.03-SP3
Date   : Sat Apr 29 12:59:34 2023
****************************************


   max_delay/setup ('clk' group)

   Endpoint                                                  Slack
   -----------------------------------------------------------------
   chip_core/_36962_/D                                    -6280.9624 (VIOLATED)
   chip_core/_36972_/D                                    -6278.5952 (VIOLATED)
   chip_core/_36952_/D                                    -6278.1475 (VIOLATED)
   chip_core/_36974_/D                                    -6277.9414 (VIOLATED)
   chip_core/_36984_/D                                    -6275.7437 (VIOLATED)
   chip_core/_37006_/D                                    -6272.4282 (VIOLATED)
   chip_core/_37014_/D                                    -6272.3081 (VIOLATED)
   chip_core/_37024_/D                                    -6271.9990 (VIOLATED)
   chip_core/_37016_/D                                    -6271.6992 (VIOLATED)
   chip_core/_37026_/D                                    -6271.4927 (VIOLATED)
   chip_core/_37036_/D                                    -6270.9512 (VIOLATED)
   chip_core/_37038_/D                                    -6269.3120 (VIOLATED)
   chip_core/_37048_/D                                    -6268.9336 (VIOLATED)
   chip_core/_37064_/D                                    -6267.9683 (VIOLATED)
   chip_core/_36990_/D                                    -6261.4639 (VIOLATED)
   chip_core/_36996_/D                                    -6260.5972 (VIOLATED)
   chip_core/_36982_/D                                    -6260.0063 (VIOLATED)
   chip_core/_37002_/D                                    -6259.4688 (VIOLATED)
   chip_core/_36992_/D                                    -6258.7983 (VIOLATED)
   chip_core/_36998_/D                                    -6258.2495 (VIOLATED)
   chip_core/_37008_/D                                    -6257.2930 (VIOLATED)
   chip_core/_37018_/D                                    -6256.6631 (VIOLATED)
   chip_core/_37028_/D                                    -6256.2451 (VIOLATED)
   chip_core/_37030_/D                                    -6255.0913 (VIOLATED)
   chip_core/_37040_/D                                    -6254.3179 (VIOLATED)
   chip_core/_37068_/D                                    -6253.7310 (VIOLATED)
   chip_core/_37054_/D                                    -6252.6592 (VIOLATED)
   chip_core/_37062_/D                                    -6252.3330 (VIOLATED)
   chip_core/_36994_/D                                    -6243.0059 (VIOLATED)
   chip_core/_37004_/D                                    -6242.1128 (VIOLATED)
   chip_core/_37000_/D                                    -6241.8740 (VIOLATED)
   chip_core/_37010_/D                                    -6241.5566 (VIOLATED)
   chip_core/_37020_/D                                    -6240.5815 (VIOLATED)
   chip_core/_37022_/D                                    -6239.4033 (VIOLATED)
   chip_core/_37032_/D                                    -6238.8125 (VIOLATED)
   chip_core/_37066_/D                                    -6236.5044 (VIOLATED)
   chip_core/_37056_/D                                    -6236.4058 (VIOLATED)
   chip_core/_37046_/D                                    -6236.3921 (VIOLATED)
   chip_core/_37076_/D                                    -6235.5859 (VIOLATED)
   chip_core/_37070_/D                                    -6235.5454 (VIOLATED)
   chip_core/_36976_/D                                    -6221.5234 (VIOLATED)
   chip_core/_36966_/D                                    -6220.9761 (VIOLATED)
   chip_core/_36986_/D                                    -6219.7266 (VIOLATED)
   chip_core/_37012_/D                                    -6216.9966 (VIOLATED)
   chip_core/_37042_/D                                    -6212.3594 (VIOLATED)
   chip_core/_37052_/D                                    -6211.7817 (VIOLATED)
   chip_core/_37072_/D                                    -6209.7153 (VIOLATED)
   chip_core/_36988_/D                                    -6201.2651 (VIOLATED)
   chip_core/_37060_/D                                    -6183.3916 (VIOLATED)
   chip_core/_37050_/D                                    -6182.8184 (VIOLATED)
   chip_core/_36980_/D                                    -6173.4497 (VIOLATED)
   chip_core/_36958_/D                                    -6166.4141 (VIOLATED)
   chip_core/_36968_/D                                    -6165.2847 (VIOLATED)
   chip_core/_36978_/D                                    -6164.9800 (VIOLATED)
   chip_core/mprj/la_data_in[78]                          -6057.8594 (VIOLATED)
   chip_core/mprj/la_data_in[56]                          -6054.1758 (VIOLATED)
   chip_core/mprj/la_data_in[107]                         -6016.2788 (VIOLATED)
   chip_core/mprj/la_data_in[114]                         -6011.8770 (VIOLATED)
   chip_core/_36970_/D                                    -6009.6738 (VIOLATED)
   chip_core/mprj/la_data_in[125]                         -6003.2847 (VIOLATED)
   chip_core/_37034_/D                                    -6000.9873 (VIOLATED)
   chip_core/_37044_/D                                    -6000.0371 (VIOLATED)
   chip_core/_37074_/D                                    -5998.5459 (VIOLATED)
   chip_core/_35357_/D                                    -5998.0889 (VIOLATED)
   chip_core/mprj/la_data_in[113]                         -5991.8901 (VIOLATED)
   chip_core/mprj/la_data_in[111]                         -5991.6836 (VIOLATED)
   chip_core/mprj/la_data_in[110]                         -5983.0791 (VIOLATED)
   chip_core/mprj/la_data_in[112]                         -5982.6138 (VIOLATED)
   chip_core/mprj/la_data_in[108]                         -5982.1519 (VIOLATED)
   chip_core/mprj/la_data_in[118]                         -5965.1343 (VIOLATED)
   chip_core/mprj/la_data_in[115]                         -5965.1094 (VIOLATED)
   chip_core/mprj/la_data_in[109]                         -5962.7910 (VIOLATED)
   chip_core/mprj/la_data_in[116]                         -5962.1270 (VIOLATED)
   chip_core/mprj/la_data_in[106]                         -5961.9263 (VIOLATED)
   chip_core/mprj/la_data_in[103]                         -5961.8486 (VIOLATED)
   chip_core/mprj/la_data_in[117]                         -5959.0581 (VIOLATED)
   chip_core/mprj/la_data_in[122]                         -5938.5957 (VIOLATED)
   chip_core/mprj/la_data_in[119]                         -5938.2505 (VIOLATED)
   chip_core/mprj/la_data_in[120]                         -5938.2485 (VIOLATED)
   chip_core/mprj/la_data_in[121]                         -5933.6909 (VIOLATED)
   chip_core/mprj/la_data_in[126]                         -5907.6592 (VIOLATED)
   chip_core/mprj/la_data_in[124]                         -5907.5747 (VIOLATED)
   chip_core/mprj/la_data_in[123]                         -5907.2158 (VIOLATED)
   chip_core/_35361_/D                                    -5899.7583 (VIOLATED)
   chip_core/mprj/la_data_in[127]                         -5884.4800 (VIOLATED)
   chip_core/_36960_/D                                    -5715.1128 (VIOLATED)
   chip_core/mprj/la_data_in[104]                         -5661.8413 (VIOLATED)
   chip_core/_36954_/D                                    -5647.6885 (VIOLATED)
   chip_core/_35340_/D                                    -5570.7480 (VIOLATED)
   chip_core/_36964_/D                                    -5449.0942 (VIOLATED)
   chip_core/_35355_/D                                    -5345.6377 (VIOLATED)
   chip_core/mprj/la_data_in[105]                         -5291.5098 (VIOLATED)
   chip_core/mprj/la_data_in[59]                          -5278.5356 (VIOLATED)
   chip_core/_36956_/D                                    -5178.9126 (VIOLATED)
   chip_core/_35359_/D                                    -5164.4126 (VIOLATED)
   chip_core/_37058_/D                                    -5161.4507 (VIOLATED)
   chip_core/_35349_/D                                    -4772.8784 (VIOLATED)
   chip_core/_35353_/D                                    -4684.0684 (VIOLATED)
   chip_core/mprj/la_data_in[65]                          -4576.7432 (VIOLATED)
   chip_core/mprj/la_data_in[100]                         -4372.3208 (VIOLATED)
   chip_core/mprj/la_data_in[97]                          -4370.4814 (VIOLATED)
   chip_core/mprj/la_data_in[95]                          -4370.3887 (VIOLATED)
   chip_core/mprj/la_data_in[98]                          -4358.1665 (VIOLATED)
   chip_core/mprj/la_data_in[101]                         -4358.1401 (VIOLATED)
   chip_core/mprj/la_data_in[102]                         -4358.0112 (VIOLATED)
   chip_core/mprj/la_data_in[94]                          -4354.3125 (VIOLATED)
   chip_core/mprj/la_data_in[91]                          -4354.1772 (VIOLATED)
   chip_core/mprj/la_data_in[96]                          -4354.0991 (VIOLATED)
   chip_core/mprj/la_data_in[87]                          -4350.4067 (VIOLATED)
   chip_core/mprj/la_data_in[89]                          -4350.3809 (VIOLATED)
   chip_core/mprj/la_data_in[99]                          -4329.9741 (VIOLATED)
   chip_core/mprj/la_data_in[76]                          -4229.6680 (VIOLATED)
   chip_core/_35351_/D                                    -3849.3225 (VIOLATED)
   chip_core/mprj/la_data_in[72]                          -3843.3391 (VIOLATED)
   chip_core/mprj/la_data_in[88]                          -3839.8450 (VIOLATED)
   chip_core/mprj/la_data_in[90]                          -3839.7119 (VIOLATED)
   chip_core/mprj/la_data_in[92]                          -3415.1414 (VIOLATED)
   chip_core/mprj/la_data_in[93]                          -3384.5520 (VIOLATED)
   chip_core/mprj/la_data_in[68]                          -3349.0100 (VIOLATED)
   chip_core/mprj/la_data_in[69]                          -3073.8250 (VIOLATED)
   chip_core/mprj/la_data_in[83]                          -3061.8735 (VIOLATED)
   chip_core/mprj/la_data_in[86]                          -3061.7473 (VIOLATED)
   chip_core/mprj/la_data_in[85]                          -2870.1077 (VIOLATED)
   chip_core/mprj/la_data_in[81]                          -2713.4612 (VIOLATED)
   chip_core/mprj/la_data_in[84]                          -2712.3708 (VIOLATED)
   chip_core/mprj/la_data_in[80]                          -2708.8345 (VIOLATED)
   chip_core/_37078_/D                                    -2689.5212 (VIOLATED)
   chip_core/mprj/la_data_in[58]                          -2592.9495 (VIOLATED)
   chip_core/mprj/la_data_in[61]                          -2536.3726 (VIOLATED)
   chip_core/mprj/la_data_in[60]                          -2532.4534 (VIOLATED)
   chip_core/mprj/la_data_in[57]                          -2257.2319 (VIOLATED)
   chip_core/mprj/la_data_in[62]                          -2242.5447 (VIOLATED)
   chip_core/mprj/la_data_in[64]                          -1788.5790 (VIOLATED)
   chip_core/mprj/la_data_in[79]                          -1702.4067 (VIOLATED)
   chip_core/mprj/la_data_in[75]                          -1691.5101 (VIOLATED)
   chip_core/mprj/la_data_in[67]                          -1687.7213 (VIOLATED)
   chip_core/mprj/la_data_in[66]                          -1487.9827 (VIOLATED)
   chip_core/mprj/la_data_in[82]                          -1477.2029 (VIOLATED)
   chip_core/mprj/la_data_in[77]                          -1470.0790 (VIOLATED)
   chip_core/mprj/la_data_in[63]                          -1419.9027 (VIOLATED)
   chip_core/mprj/la_data_in[71]                          -1295.9746 (VIOLATED)
   chip_core/mprj/la_data_in[70]                          -1219.2406 (VIOLATED)
   chip_core/mprj/la_data_in[73]                          -1219.2278 (VIOLATED)
   chip_core/mprj/la_data_in[74]                          -1108.9574 (VIOLATED)







   max_capacitance

                             Required        Actual
   Pin                      Capacitance    Capacitance       Slack
   -----------------------------------------------------------------
   chip_core/mprj/la_data_out[62]   0.5090   0.8334        -0.3243  (VIOLATED)
   chip_core/mprj/la_data_out[61]   0.5090   0.7501        -0.2410  (VIOLATED)
   chip_core/mprj/la_data_out[65]   0.5090   0.7100        -0.2009  (VIOLATED)
   chip_core/mprj/la_data_out[60]   0.5090   0.6997        -0.1906  (VIOLATED)
   chip_core/mprj/la_data_out[57]   0.5090   0.6738        -0.1647  (VIOLATED)
   chip_core/mprj/la_data_out[58]   0.5090   0.6596        -0.1505  (VIOLATED)
   chip_core/mprj/la_data_out[56]   0.5090   0.6334        -0.1243  (VIOLATED)
   chip_core/mprj/la_data_out[66]   0.5090   0.6012        -0.0922  (VIOLATED)
   chip_core/mprj/la_data_out[67]   0.5090   0.5910        -0.0820  (VIOLATED)
   chip_core/mprj/la_data_out[69]   0.5090   0.5897        -0.0807  (VIOLATED)
   chip_core/mprj/la_data_out[59]   0.5090   0.5831        -0.0741  (VIOLATED)
   chip_core/mprj/la_data_out[68]   0.5090   0.5737        -0.0647  (VIOLATED)
   chip_core/mprj/la_data_out[75]   0.5090   0.5658        -0.0568  (VIOLATED)
   chip_core/mprj/la_data_out[64]   0.5090   0.5654        -0.0563  (VIOLATED)
   chip_core/mprj/la_data_out[63]   0.5090   0.5584        -0.0493  (VIOLATED)


   max_transition

                             Required        Actual
   Pin                      Transition     Transition        Slack
   -----------------------------------------------------------------
   chip_core/mgmt_buffers.user_to_mprj_in_gates[62]/A   1.5000   4.0144  -2.5144 (VIOLATED)
   chip_core/ANTENNA_mgmt_buffers.user_to_mprj_in_gates[62]_A/DIODE   1.5000   4.0143  -2.5143 (VIOLATED)
   chip_core/mgmt_buffers.user_to_mprj_in_gates[61]/A   1.5000   3.5929  -2.0929 (VIOLATED)
   chip_core/ANTENNA_mgmt_buffers.user_to_mprj_in_gates[61]_A/DIODE   1.5000   3.5928  -2.0928 (VIOLATED)
   chip_core/mgmt_buffers.user_to_mprj_in_gates[60]/A   1.5000   3.5627  -2.0627 (VIOLATED)
   chip_core/ANTENNA_mgmt_buffers.user_to_mprj_in_gates[60]_A/DIODE   1.5000   3.5627  -2.0627 (VIOLATED)
   chip_core/mgmt_buffers.user_to_mprj_in_gates[57]/A   1.5000   3.4113  -1.9113 (VIOLATED)
   chip_core/ANTENNA_mgmt_buffers.user_to_mprj_in_gates[57]_A/DIODE   1.5000   3.4112  -1.9112 (VIOLATED)
   chip_core/mgmt_buffers.user_to_mprj_in_gates[58]/A   1.5000   3.3127  -1.8127 (VIOLATED)
   chip_core/ANTENNA_mgmt_buffers.user_to_mprj_in_gates[58]_A/DIODE   1.5000   3.3126  -1.8126 (VIOLATED)
   chip_core/ANTENNA_mgmt_buffers.user_to_mprj_in_gates[65]_A/DIODE   1.5000   3.1432  -1.6432 (VIOLATED)
   chip_core/mgmt_buffers.user_to_mprj_in_gates[65]/A   1.5000   3.1432  -1.6432 (VIOLATED)
   chip_core/ANTENNA_mgmt_buffers.user_to_mprj_in_gates[66]_A/DIODE   1.5000   2.6091  -1.1091 (VIOLATED)
   chip_core/mgmt_buffers.user_to_mprj_in_gates[66]/A   1.5000   2.6091  -1.1091 (VIOLATED)
   chip_core/mgmt_buffers.user_to_mprj_in_gates[59]/A   1.5000   2.6021  -1.1021 (VIOLATED)
   chip_core/ANTENNA_mgmt_buffers.user_to_mprj_in_gates[59]_A/DIODE   1.5000   2.6021  -1.1021 (VIOLATED)
   chip_core/ANTENNA_mgmt_buffers.user_to_mprj_in_gates[67]_A/DIODE   1.5000   2.4152  -0.9152 (VIOLATED)
   chip_core/mgmt_buffers.user_to_mprj_in_gates[67]/A   1.5000   2.4152  -0.9152 (VIOLATED)
   chip_core/ANTENNA_mgmt_buffers.user_to_mprj_in_gates[68]_A/DIODE   1.5000   2.3122  -0.8122 (VIOLATED)
   chip_core/mgmt_buffers.user_to_mprj_in_gates[68]/A   1.5000   2.3122  -0.8122 (VIOLATED)
   chip_core/mprj/la_oenb[106]   0.0000      0.7147        -0.7147  (VIOLATED)
   chip_core/mgmt_buffers.user_to_mprj_in_gates[63]/A   1.5000   2.2146  -0.7146 (VIOLATED)
   chip_core/ANTENNA_mgmt_buffers.user_to_mprj_in_gates[63]_A/DIODE   1.5000   2.2145  -0.7145 (VIOLATED)
   chip_core/mprj/la_oenb[102]   0.0000      0.7088        -0.7088  (VIOLATED)
   chip_core/mprj/la_oenb[103]   0.0000      0.6951        -0.6951  (VIOLATED)
   chip_core/mprj/la_data_in[109]   0.0000   0.6707        -0.6707  (VIOLATED)
   chip_core/mprj/la_oenb[105]   0.0000      0.6694        -0.6694  (VIOLATED)
   chip_core/mprj/wbs_adr_i[19]   0.0000     0.6679        -0.6679  (VIOLATED)
   chip_core/ANTENNA_mgmt_buffers.user_to_mprj_in_gates[75]_A/DIODE   1.5000   2.1536  -0.6536 (VIOLATED)
   chip_core/mgmt_buffers.user_to_mprj_in_gates[75]/A   1.5000   2.1536  -0.6536 (VIOLATED)
   chip_core/ANTENNA_mgmt_buffers.user_to_mprj_in_gates[127]_A/DIODE   1.5000   2.1506  -0.6506 (VIOLATED)
   chip_core/mgmt_buffers.user_to_mprj_in_gates[127]/A   1.5000   2.1506  -0.6506 (VIOLATED)
   chip_core/mprj/la_oenb[104]   0.0000      0.6410        -0.6410  (VIOLATED)
   chip_core/mprj/wbs_adr_i[22]   0.0000     0.6379        -0.6379  (VIOLATED)
   chip_core/mprj/wbs_adr_i[15]   0.0000     0.6340        -0.6340  (VIOLATED)
   chip_core/mprj/wbs_dat_i[14]   0.0000     0.6303        -0.6303  (VIOLATED)
   chip_core/mprj/wbs_adr_i[17]   0.0000     0.6284        -0.6284  (VIOLATED)
   chip_core/mprj/la_oenb[95]   0.0000       0.6275        -0.6275  (VIOLATED)
   chip_core/mprj/la_data_in[115]   0.0000   0.6265        -0.6265  (VIOLATED)
   chip_core/mprj/wbs_dat_i[15]   0.0000     0.6237        -0.6237  (VIOLATED)
   chip_core/mprj/wbs_dat_i[17]   0.0000     0.6229        -0.6229  (VIOLATED)
   chip_core/mprj/la_oenb[100]   0.0000      0.6130        -0.6130  (VIOLATED)
   chip_core/mprj/wbs_dat_i[20]   0.0000     0.6111        -0.6111  (VIOLATED)
   chip_core/mprj/la_data_in[118]   0.0000   0.5925        -0.5925  (VIOLATED)
   chip_core/mprj/la_data_in[104]   0.0000   0.5896        -0.5896  (VIOLATED)
   chip_core/mprj/la_data_in[113]   0.0000   0.5879        -0.5879  (VIOLATED)
   chip_core/mprj/la_data_in[111]   0.0000   0.5873        -0.5873  (VIOLATED)
   chip_core/mprj/la_oenb[98]   0.0000       0.5843        -0.5843  (VIOLATED)
   chip_core/mprj/wbs_dat_i[19]   0.0000     0.5805        -0.5805  (VIOLATED)
   chip_core/mprj/la_data_in[92]   0.0000    0.5798        -0.5798  (VIOLATED)
   chip_core/mprj/la_oenb[101]   0.0000      0.5750        -0.5750  (VIOLATED)
   chip_core/mprj/wbs_adr_i[8]   0.0000      0.5625        -0.5625  (VIOLATED)
   chip_core/mprj/wbs_dat_i[18]   0.0000     0.5616        -0.5616  (VIOLATED)
   chip_core/mprj/la_data_in[95]   0.0000    0.5545        -0.5545  (VIOLATED)
   chip_core/mprj/la_data_in[112]   0.0000   0.5543        -0.5543  (VIOLATED)
   chip_core/mprj/la_oenb[94]   0.0000       0.5524        -0.5524  (VIOLATED)
   chip_core/mprj/wbs_adr_i[7]   0.0000      0.5397        -0.5397  (VIOLATED)
   chip_core/mprj/la_oenb[92]   0.0000       0.5374        -0.5374  (VIOLATED)
   chip_core/mprj/la_data_in[101]   0.0000   0.5349        -0.5349  (VIOLATED)
   chip_core/mprj/la_oenb[90]   0.0000       0.5326        -0.5326  (VIOLATED)
   chip_core/mprj/la_data_in[105]   0.0000   0.5230        -0.5230  (VIOLATED)
   chip_core/mprj/wbs_adr_i[27]   0.0000     0.5211        -0.5211  (VIOLATED)
   chip_core/mprj/la_oenb[99]   0.0000       0.5128        -0.5128  (VIOLATED)
   chip_core/mprj/la_data_in[94]   0.0000    0.5110        -0.5110  (VIOLATED)
   chip_core/mprj/la_data_in[97]   0.0000    0.5086        -0.5086  (VIOLATED)
   chip_core/mprj/wbs_adr_i[23]   0.0000     0.5078        -0.5078  (VIOLATED)
   chip_core/mprj/wbs_dat_i[27]   0.0000     0.5067        -0.5067  (VIOLATED)
   chip_core/mprj/wbs_dat_i[23]   0.0000     0.5052        -0.5052  (VIOLATED)
   chip_core/mprj/wbs_dat_i[25]   0.0000     0.5045        -0.5045  (VIOLATED)
   chip_core/mprj/la_data_in[106]   0.0000   0.4998        -0.4998  (VIOLATED)
   chip_core/mprj/wbs_dat_i[22]   0.0000     0.4992        -0.4992  (VIOLATED)
   chip_core/mprj/wbs_adr_i[20]   0.0000     0.4983        -0.4983  (VIOLATED)
   chip_core/mprj/wbs_adr_i[26]   0.0000     0.4963        -0.4963  (VIOLATED)
   chip_core/mprj/wbs_dat_i[28]   0.0000     0.4947        -0.4947  (VIOLATED)
   chip_core/mprj/la_data_in[100]   0.0000   0.4941        -0.4941  (VIOLATED)
   chip_core/mprj/la_data_in[91]   0.0000    0.4938        -0.4938  (VIOLATED)
   chip_core/mprj/wbs_adr_i[25]   0.0000     0.4896        -0.4896  (VIOLATED)
   chip_core/mprj/la_oenb[93]   0.0000       0.4849        -0.4849  (VIOLATED)
   chip_core/mprj/la_data_in[90]   0.0000    0.4834        -0.4834  (VIOLATED)
   chip_core/mprj/wbs_adr_i[16]   0.0000     0.4800        -0.4800  (VIOLATED)
   chip_core/mprj/wbs_adr_i[4]   0.0000      0.4787        -0.4787  (VIOLATED)
   chip_core/mprj/la_data_in[93]   0.0000    0.4781        -0.4781  (VIOLATED)
   chip_core/mprj/la_data_in[110]   0.0000   0.4756        -0.4756  (VIOLATED)
   chip_core/mprj/wbs_adr_i[24]   0.0000     0.4729        -0.4729  (VIOLATED)
   chip_core/mprj/la_data_in[103]   0.0000   0.4710        -0.4710  (VIOLATED)
   chip_core/mprj/la_oenb[118]   0.0000      0.4709        -0.4709  (VIOLATED)
   chip_core/mprj/la_data_in[98]   0.0000    0.4688        -0.4688  (VIOLATED)
   chip_core/mprj/la_data_in[102]   0.0000   0.4688        -0.4688  (VIOLATED)
   chip_core/mprj/la_data_in[3]   0.0000     0.4667        -0.4667  (VIOLATED)
   chip_core/mprj/wbs_adr_i[18]   0.0000     0.4659        -0.4659  (VIOLATED)
   chip_core/mprj/la_data_in[88]   0.0000    0.4600        -0.4600  (VIOLATED)
   chip_core/mprj/la_oenb[97]   0.0000       0.4563        -0.4563  (VIOLATED)
   chip_core/mgmt_buffers.user_to_mprj_in_gates[56]/A   1.5000   1.9558  -0.4558 (VIOLATED)
   chip_core/ANTENNA_mgmt_buffers.user_to_mprj_in_gates[56]_A/DIODE   1.5000   1.9558  -0.4558 (VIOLATED)
   chip_core/mprj/la_data_in[0]   0.0000     0.4519        -0.4519  (VIOLATED)
   chip_core/mprj/la_data_in[2]   0.0000     0.4458        -0.4458  (VIOLATED)
   chip_core/mprj/la_oenb[91]   0.0000       0.4448        -0.4448  (VIOLATED)
   chip_core/mprj/la_data_in[1]   0.0000     0.4367        -0.4367  (VIOLATED)
   chip_core/mprj/la_oenb[89]   0.0000       0.4364        -0.4364  (VIOLATED)
   chip_core/mprj/la_data_in[99]   0.0000    0.4356        -0.4356  (VIOLATED)
   chip_core/mprj/wbs_adr_i[29]   0.0000     0.4350        -0.4350  (VIOLATED)
   chip_core/mprj/wbs_dat_i[30]   0.0000     0.4308        -0.4308  (VIOLATED)
   chip_core/mprj/la_data_in[89]   0.0000    0.4297        -0.4297  (VIOLATED)
   chip_core/mprj/la_oenb[87]   0.0000       0.4293        -0.4293  (VIOLATED)
   chip_core/mprj/wbs_adr_i[30]   0.0000     0.4280        -0.4280  (VIOLATED)
   chip_core/mprj/la_data_in[80]   0.0000    0.4226        -0.4226  (VIOLATED)
   chip_core/mprj/la_oenb[96]   0.0000       0.4208        -0.4208  (VIOLATED)
   chip_core/mprj/la_oenb[86]   0.0000       0.4185        -0.4185  (VIOLATED)
   chip_core/mprj/wbs_adr_i[21]   0.0000     0.4181        -0.4181  (VIOLATED)
   chip_core/mprj/la_oenb[83]   0.0000       0.4135        -0.4135  (VIOLATED)
   chip_core/mprj/wbs_dat_i[2]   0.0000      0.4117        -0.4117  (VIOLATED)
   chip_core/mprj/wbs_dat_i[0]   0.0000      0.4114        -0.4114  (VIOLATED)
   chip_core/mprj/wbs_dat_i[24]   0.0000     0.4084        -0.4084  (VIOLATED)
   chip_core/mprj/la_data_in[86]   0.0000    0.4070        -0.4070  (VIOLATED)
   chip_core/mprj/la_oenb[88]   0.0000       0.4066        -0.4066  (VIOLATED)
   chip_core/mprj/la_data_in[96]   0.0000    0.4048        -0.4048  (VIOLATED)
   chip_core/mprj/la_data_in[84]   0.0000    0.4032        -0.4032  (VIOLATED)
   chip_core/mprj/wbs_dat_i[21]   0.0000     0.3990        -0.3990  (VIOLATED)
   chip_core/mprj/wbs_dat_i[31]   0.0000     0.3945        -0.3945  (VIOLATED)
   chip_core/mprj/la_oenb[85]   0.0000       0.3933        -0.3933  (VIOLATED)
   chip_core/mprj/la_data_in[78]   0.0000    0.3881        -0.3881  (VIOLATED)
   chip_core/mprj/la_data_in[5]   0.0000     0.3854        -0.3854  (VIOLATED)
   chip_core/mprj/la_data_in[83]   0.0000    0.3804        -0.3804  (VIOLATED)
   chip_core/mprj/la_data_in[87]   0.0000    0.3796        -0.3796  (VIOLATED)
   chip_core/mprj/la_data_in[81]   0.0000    0.3791        -0.3791  (VIOLATED)
   chip_core/mprj/wbs_dat_i[26]   0.0000     0.3789        -0.3789  (VIOLATED)
   chip_core/mprj/la_data_in[85]   0.0000    0.3716        -0.3716  (VIOLATED)
   chip_core/mprj/wbs_adr_i[9]   0.0000      0.3712        -0.3712  (VIOLATED)
   chip_core/mprj/la_oenb[84]   0.0000       0.3710        -0.3710  (VIOLATED)
   chip_core/mprj/la_oenb[80]   0.0000       0.3706        -0.3706  (VIOLATED)
   chip_core/mprj/wbs_dat_i[29]   0.0000     0.3696        -0.3696  (VIOLATED)
   chip_core/mprj/wbs_adr_i[28]   0.0000     0.3670        -0.3670  (VIOLATED)
   chip_core/mprj/la_data_in[4]   0.0000     0.3648        -0.3648  (VIOLATED)
   chip_core/mprj/la_data_in[6]   0.0000     0.3628        -0.3628  (VIOLATED)
   chip_core/ANTENNA_mgmt_buffers.user_to_mprj_in_gates[69]_A/DIODE   1.5000   1.8612  -0.3612 (VIOLATED)
   chip_core/mgmt_buffers.user_to_mprj_in_gates[69]/A   1.5000   1.8612  -0.3612 (VIOLATED)
   chip_core/ANTENNA_mgmt_buffers.user_to_mprj_in_gates[126]_A/DIODE   1.5000   1.8598  -0.3598 (VIOLATED)
   chip_core/mgmt_buffers.user_to_mprj_in_gates[126]/A   1.5000   1.8598  -0.3598 (VIOLATED)
   chip_core/mprj/wbs_adr_i[31]   0.0000     0.3561        -0.3561  (VIOLATED)
   chip_core/ANTENNA_wire2105_A/DIODE   1.5000   1.8532    -0.3532  (VIOLATED)
   chip_core/wire2105/A       1.5000         1.8532        -0.3532  (VIOLATED)
   chip_core/mprj/la_oenb[78]   0.0000       0.3502        -0.3502  (VIOLATED)
   chip_core/mprj/la_oenb[71]   0.0000       0.3469        -0.3469  (VIOLATED)
   chip_core/mprj/la_data_in[7]   0.0000     0.3437        -0.3437  (VIOLATED)
   chip_core/mprj/la_data_in[82]   0.0000    0.3355        -0.3355  (VIOLATED)
   chip_core/mprj/la_data_in[10]   0.0000    0.3350        -0.3350  (VIOLATED)
   chip_core/mprj/la_oenb[1]   0.0000        0.3350        -0.3350  (VIOLATED)
   chip_core/mprj/la_oenb[81]   0.0000       0.3344        -0.3344  (VIOLATED)
   chip_core/mprj/la_data_in[72]   0.0000    0.3302        -0.3302  (VIOLATED)
   chip_core/mprj/la_oenb[79]   0.0000       0.3279        -0.3279  (VIOLATED)
   chip_core/mprj/la_data_in[79]   0.0000    0.3277        -0.3277  (VIOLATED)
   chip_core/mprj/la_data_in[8]   0.0000     0.3234        -0.3234  (VIOLATED)
   chip_core/mprj/la_oenb[5]   0.0000        0.3226        -0.3226  (VIOLATED)
   chip_core/mprj/la_data_in[11]   0.0000    0.3220        -0.3220  (VIOLATED)
   chip_core/mprj/la_data_in[75]   0.0000    0.3167        -0.3167  (VIOLATED)
   chip_core/mprj/la_oenb[75]   0.0000       0.3148        -0.3148  (VIOLATED)
   chip_core/mprj/io_in[2]    0.0000         0.3125        -0.3125  (VIOLATED)
   chip_core/mprj/la_oenb[2]   0.0000        0.3092        -0.3092  (VIOLATED)
   chip_core/mprj/la_data_in[33]   0.0000    0.3047        -0.3047  (VIOLATED)
   chip_core/mprj/la_data_in[37]   0.0000    0.3034        -0.3034  (VIOLATED)
   chip_core/mprj/la_data_in[77]   0.0000    0.3032        -0.3032  (VIOLATED)
   chip_core/mprj/la_data_in[68]   0.0000    0.2980        -0.2980  (VIOLATED)
   chip_core/mprj/la_oenb[77]   0.0000       0.2952        -0.2952  (VIOLATED)
   chip_core/mprj/wbs_dat_i[1]   0.0000      0.2952        -0.2952  (VIOLATED)
   chip_core/ANTENNA_mgmt_buffers.user_to_mprj_in_gates[70]_A/DIODE   1.5000   1.7922  -0.2922 (VIOLATED)
   chip_core/mgmt_buffers.user_to_mprj_in_gates[70]/A   1.5000   1.7922  -0.2922 (VIOLATED)
   chip_core/mprj/la_oenb[72]   0.0000       0.2905        -0.2905  (VIOLATED)
   chip_core/mprj/la_data_in[32]   0.0000    0.2902        -0.2902  (VIOLATED)
   chip_core/mprj/la_data_in[73]   0.0000    0.2860        -0.2860  (VIOLATED)
   chip_core/mprj/la_data_in[13]   0.0000    0.2847        -0.2847  (VIOLATED)
   chip_core/mprj/la_data_in[14]   0.0000    0.2832        -0.2832  (VIOLATED)
   chip_core/mprj/la_data_in[76]   0.0000    0.2794        -0.2794  (VIOLATED)
   chip_core/mprj/la_data_in[74]   0.0000    0.2769        -0.2769  (VIOLATED)
   chip_core/mprj/la_oenb[76]   0.0000       0.2768        -0.2768  (VIOLATED)
   chip_core/mprj/la_data_in[69]   0.0000    0.2747        -0.2747  (VIOLATED)
   chip_core/mprj/la_data_in[9]   0.0000     0.2734        -0.2734  (VIOLATED)
   chip_core/mprj/la_data_in[17]   0.0000    0.2728        -0.2728  (VIOLATED)
   chip_core/mprj/la_data_in[71]   0.0000    0.2725        -0.2725  (VIOLATED)
   chip_core/mprj/la_oenb[82]   0.0000       0.2709        -0.2709  (VIOLATED)
   chip_core/mprj/la_data_in[35]   0.0000    0.2657        -0.2657  (VIOLATED)
   chip_core/mprj/la_data_in[66]   0.0000    0.2618        -0.2618  (VIOLATED)
   chip_core/mprj/la_oenb[68]   0.0000       0.2587        -0.2587  (VIOLATED)
   chip_core/mprj/la_oenb[69]   0.0000       0.2563        -0.2563  (VIOLATED)
   chip_core/mprj/la_data_in[39]   0.0000    0.2528        -0.2528  (VIOLATED)
   chip_core/ANTENNA_mgmt_buffers.user_to_mprj_in_gates[124]_A/DIODE   1.5000   1.7518  -0.2518 (VIOLATED)
   chip_core/mgmt_buffers.user_to_mprj_in_gates[124]/A   1.5000   1.7517  -0.2517 (VIOLATED)
   chip_core/mprj/la_data_in[19]   0.0000    0.2512        -0.2512  (VIOLATED)
   chip_core/mprj/la_data_in[65]   0.0000    0.2492        -0.2492  (VIOLATED)
   chip_core/mprj/io_in[1]    0.0000         0.2484        -0.2484  (VIOLATED)
   chip_core/mprj/io_in[5]    0.0000         0.2477        -0.2477  (VIOLATED)
   chip_core/mprj/la_data_in[43]   0.0000    0.2472        -0.2472  (VIOLATED)
   chip_core/mprj/la_oenb[73]   0.0000       0.2466        -0.2466  (VIOLATED)
   chip_core/mprj/la_oenb[74]   0.0000       0.2457        -0.2457  (VIOLATED)
   chip_core/ANTENNA_mgmt_buffers.user_to_mprj_in_gates[125]_A/DIODE   1.5000   1.7449  -0.2449 (VIOLATED)
   chip_core/mgmt_buffers.user_to_mprj_in_gates[125]/A   1.5000   1.7449  -0.2449 (VIOLATED)
   chip_core/mprj/la_data_in[15]   0.0000    0.2443        -0.2443  (VIOLATED)
   chip_core/ANTENNA_mgmt_buffers.user_to_mprj_in_gates[64]_A/DIODE   1.5000   1.7440  -0.2440 (VIOLATED)
   chip_core/mgmt_buffers.user_to_mprj_in_gates[64]/A   1.5000   1.7440  -0.2440 (VIOLATED)
   chip_core/mprj/la_oenb[3]   0.0000        0.2425        -0.2425  (VIOLATED)
   chip_core/mprj/la_oenb[0]   0.0000        0.2424        -0.2424  (VIOLATED)
   chip_core/mprj/la_data_in[67]   0.0000    0.2399        -0.2399  (VIOLATED)
   chip_core/mprj/io_in[4]    0.0000         0.2374        -0.2374  (VIOLATED)
   chip_core/mprj/la_oenb[6]   0.0000        0.2371        -0.2371  (VIOLATED)
   chip_core/ANTENNA_mgmt_buffers.user_to_mprj_in_gates[71]_A/DIODE   1.5000   1.7369  -0.2369 (VIOLATED)
   chip_core/mgmt_buffers.user_to_mprj_in_gates[71]/A   1.5000   1.7369  -0.2369 (VIOLATED)
   chip_core/mprj/io_in[6]    0.0000         0.2320        -0.2320  (VIOLATED)
   chip_core/mprj/la_oenb[65]   0.0000       0.2303        -0.2303  (VIOLATED)
   chip_core/mprj/la_data_in[64]   0.0000    0.2291        -0.2291  (VIOLATED)
   chip_core/mprj/io_in[0]    0.0000         0.2268        -0.2268  (VIOLATED)
   chip_core/mprj/la_oenb[9]   0.0000        0.2258        -0.2258  (VIOLATED)
   chip_core/mprj/la_oenb[4]   0.0000        0.2146        -0.2146  (VIOLATED)
   chip_core/mprj/la_data_in[70]   0.0000    0.2126        -0.2126  (VIOLATED)
   chip_core/mprj/la_oenb[67]   0.0000       0.2119        -0.2119  (VIOLATED)
   chip_core/mprj/wbs_adr_i[11]   0.0000     0.2119        -0.2119  (VIOLATED)
   chip_core/mprj/la_oenb[64]   0.0000       0.2112        -0.2112  (VIOLATED)
   chip_core/mprj/la_data_in[18]   0.0000    0.2066        -0.2066  (VIOLATED)
   chip_core/mprj/la_data_in[30]   0.0000    0.2040        -0.2040  (VIOLATED)
   chip_core/mprj/la_data_in[36]   0.0000    0.2029        -0.2029  (VIOLATED)
   chip_core/mprj/la_data_in[12]   0.0000    0.2022        -0.2022  (VIOLATED)
   chip_core/mprj/la_data_in[20]   0.0000    0.1989        -0.1989  (VIOLATED)
   chip_core/mprj/la_oenb[13]   0.0000       0.1974        -0.1974  (VIOLATED)
   chip_core/mprj/io_in[33]   0.0000         0.1959        -0.1959  (VIOLATED)
   chip_core/mprj/la_oenb[70]   0.0000       0.1948        -0.1948  (VIOLATED)
   chip_core/mprj/la_data_in[16]   0.0000    0.1938        -0.1938  (VIOLATED)
   chip_core/mprj/la_data_in[21]   0.0000    0.1928        -0.1928  (VIOLATED)
   chip_core/mprj/la_oenb[66]   0.0000       0.1900        -0.1900  (VIOLATED)
   chip_core/mprj/la_oenb[10]   0.0000       0.1887        -0.1887  (VIOLATED)
   chip_core/mprj/wbs_adr_i[13]   0.0000     0.1855        -0.1855  (VIOLATED)
   chip_core/mprj/la_data_in[23]   0.0000    0.1851        -0.1851  (VIOLATED)
   chip_core/mprj/la_oenb[14]   0.0000       0.1837        -0.1837  (VIOLATED)
   chip_core/mprj/la_data_in[22]   0.0000    0.1790        -0.1790  (VIOLATED)
   chip_core/mprj/io_in[32]   0.0000         0.1784        -0.1784  (VIOLATED)
   chip_core/mprj/wbs_sel_i[0]   0.0000      0.1775        -0.1775  (VIOLATED)
   chip_core/mprj/la_oenb[11]   0.0000       0.1724        -0.1724  (VIOLATED)
   chip_core/mprj/la_data_in[24]   0.0000    0.1708        -0.1708  (VIOLATED)
   chip_core/mprj/la_oenb[62]   0.0000       0.1704        -0.1704  (VIOLATED)
   chip_core/mprj/la_oenb[60]   0.0000       0.1701        -0.1701  (VIOLATED)
   chip_core/mprj/la_data_in[25]   0.0000    0.1681        -0.1681  (VIOLATED)
   chip_core/ANTENNA_mgmt_buffers.user_to_mprj_in_gates[123]_A/DIODE   1.5000   1.6678  -0.1678 (VIOLATED)
   chip_core/mgmt_buffers.user_to_mprj_in_gates[123]/A   1.5000   1.6678  -0.1678 (VIOLATED)
   chip_core/mprj/io_in[26]   0.0000         0.1664        -0.1664  (VIOLATED)
   chip_core/mprj/la_oenb[16]   0.0000       0.1657        -0.1657  (VIOLATED)
   chip_core/mprj/la_data_in[58]   0.0000    0.1643        -0.1643  (VIOLATED)
   chip_core/mprj/io_in[34]   0.0000         0.1583        -0.1583  (VIOLATED)
   chip_core/ANTENNA_wire2103_A/DIODE   1.5000   1.6567    -0.1567  (VIOLATED)
   chip_core/wire2103/A       1.5000         1.6567        -0.1567  (VIOLATED)
   chip_core/mprj/la_oenb[12]   0.0000       0.1562        -0.1562  (VIOLATED)
   chip_core/mprj/la_oenb[58]   0.0000       0.1556        -0.1556  (VIOLATED)
   chip_core/mprj/la_oenb[8]   0.0000        0.1555        -0.1555  (VIOLATED)
   chip_core/mprj/la_oenb[23]   0.0000       0.1551        -0.1551  (VIOLATED)
   chip_core/mprj/la_oenb[18]   0.0000       0.1549        -0.1549  (VIOLATED)
   chip_core/mprj/la_oenb[63]   0.0000       0.1543        -0.1543  (VIOLATED)
   chip_core/mprj/io_in[35]   0.0000         0.1526        -0.1526  (VIOLATED)
   chip_core/mprj/wbs_dat_i[16]   0.0000     0.1523        -0.1523  (VIOLATED)
   chip_core/mprj/la_data_in[62]   0.0000    0.1523        -0.1523  (VIOLATED)
   chip_core/mprj/la_oenb[7]   0.0000        0.1520        -0.1520  (VIOLATED)
   chip_core/mprj/la_oenb[61]   0.0000       0.1493        -0.1493  (VIOLATED)
   chip_core/mprj/io_in[25]   0.0000         0.1492        -0.1492  (VIOLATED)
   chip_core/mprj/la_data_in[60]   0.0000    0.1485        -0.1485  (VIOLATED)
   chip_core/mprj/la_oenb[56]   0.0000       0.1458        -0.1458  (VIOLATED)
   chip_core/mprj/la_oenb[59]   0.0000       0.1449        -0.1449  (VIOLATED)
   chip_core/mprj/la_oenb[15]   0.0000       0.1430        -0.1430  (VIOLATED)
   chip_core/mprj/wbs_adr_i[10]   0.0000     0.1427        -0.1427  (VIOLATED)
   chip_core/mprj/la_data_in[59]   0.0000    0.1411        -0.1411  (VIOLATED)
   chip_core/mprj/la_oenb[55]   0.0000       0.1411        -0.1411  (VIOLATED)
   chip_core/mprj/wbs_sel_i[1]   0.0000      0.1404        -0.1404  (VIOLATED)
   chip_core/mprj/wbs_adr_i[14]   0.0000     0.1389        -0.1389  (VIOLATED)
   chip_core/mprj/la_oenb[17]   0.0000       0.1383        -0.1383  (VIOLATED)
   chip_core/mprj/la_oenb[21]   0.0000       0.1377        -0.1377  (VIOLATED)
   chip_core/mprj/la_data_in[61]   0.0000    0.1363        -0.1363  (VIOLATED)
   chip_core/mprj/la_data_in[57]   0.0000    0.1361        -0.1361  (VIOLATED)
   chip_core/mprj/io_in[27]   0.0000         0.1356        -0.1356  (VIOLATED)
   chip_core/mprj/la_data_in[63]   0.0000    0.1337        -0.1337  (VIOLATED)
   chip_core/mprj/la_oenb[126]   0.0000      0.1337        -0.1337  (VIOLATED)
   chip_core/mprj/wb_rst_i    0.0000         0.1331        -0.1331  (VIOLATED)
   chip_core/mprj/io_in[28]   0.0000         0.1321        -0.1321  (VIOLATED)
   chip_core/mprj/wbs_cyc_i   0.0000         0.1302        -0.1302  (VIOLATED)
   chip_core/mprj/la_oenb[53]   0.0000       0.1300        -0.1300  (VIOLATED)
   chip_core/mprj/la_data_in[55]   0.0000    0.1274        -0.1274  (VIOLATED)
   chip_core/mprj/wbs_dat_i[8]   0.0000      0.1265        -0.1265  (VIOLATED)
   chip_core/mprj/wb_clk_i    0.1000         0.2260        -0.1260  (VIOLATED)
   chip_core/mprj/la_data_in[126]   0.0000   0.1259        -0.1259  (VIOLATED)
   chip_core/mprj/la_oenb[57]   0.0000       0.1258        -0.1258  (VIOLATED)
   chip_core/mprj/la_data_in[120]   0.0000   0.1256        -0.1256  (VIOLATED)
   chip_core/mprj/la_oenb[127]   0.0000      0.1248        -0.1248  (VIOLATED)
   chip_core/mprj/la_data_in[121]   0.0000   0.1246        -0.1246  (VIOLATED)
   chip_core/ANTENNA_wire2102_A/DIODE   1.5000   1.6244    -0.1244  (VIOLATED)
   chip_core/wire2102/A       1.5000         1.6244        -0.1244  (VIOLATED)
   chip_core/mprj/io_in[30]   0.0000         0.1242        -0.1242  (VIOLATED)
   chip_core/mprj/la_oenb[108]   0.0000      0.1230        -0.1230  (VIOLATED)
   chip_core/mprj/io_in[29]   0.0000         0.1225        -0.1225  (VIOLATED)
   chip_core/mprj/la_data_in[56]   0.0000    0.1223        -0.1223  (VIOLATED)
   chip_core/mprj/la_oenb[52]   0.0000       0.1219        -0.1219  (VIOLATED)
   chip_core/mprj/la_data_in[116]   0.0000   0.1214        -0.1214  (VIOLATED)
   chip_core/mprj/la_oenb[50]   0.0000       0.1208        -0.1208  (VIOLATED)
   chip_core/mprj/la_oenb[24]   0.0000       0.1201        -0.1201  (VIOLATED)
   chip_core/mprj/la_oenb[122]   0.0000      0.1196        -0.1196  (VIOLATED)
   chip_core/mprj/wbs_sel_i[3]   0.0000      0.1193        -0.1193  (VIOLATED)
   chip_core/mprj/la_oenb[111]   0.0000      0.1183        -0.1183  (VIOLATED)
   chip_core/mprj/wbs_dat_i[12]   0.0000     0.1181        -0.1181  (VIOLATED)
   chip_core/mprj/la_oenb[123]   0.0000      0.1179        -0.1179  (VIOLATED)
   chip_core/mprj/la_data_in[108]   0.0000   0.1179        -0.1179  (VIOLATED)
   chip_core/mprj/la_oenb[119]   0.0000      0.1178        -0.1178  (VIOLATED)
   chip_core/mprj/la_data_in[26]   0.0000    0.1176        -0.1176  (VIOLATED)
   chip_core/mprj/la_oenb[110]   0.0000      0.1174        -0.1174  (VIOLATED)
   chip_core/mprj/wbs_adr_i[6]   0.0000      0.1174        -0.1174  (VIOLATED)
   chip_core/mprj/la_data_in[123]   0.0000   0.1165        -0.1165  (VIOLATED)
   chip_core/mprj/wbs_dat_i[10]   0.0000     0.1162        -0.1162  (VIOLATED)
   chip_core/mprj/la_oenb[54]   0.0000       0.1162        -0.1162  (VIOLATED)
   chip_core/mprj/la_data_in[125]   0.0000   0.1154        -0.1154  (VIOLATED)
   chip_core/mprj/la_oenb[125]   0.0000      0.1150        -0.1150  (VIOLATED)
   chip_core/mprj/la_data_in[49]   0.0000    0.1149        -0.1149  (VIOLATED)
   chip_core/mprj/wbs_dat_i[13]   0.0000     0.1143        -0.1143  (VIOLATED)
   chip_core/mprj/wbs_adr_i[12]   0.0000     0.1143        -0.1143  (VIOLATED)
   chip_core/mprj/wbs_sel_i[2]   0.0000      0.1141        -0.1141  (VIOLATED)
   chip_core/mprj/la_oenb[109]   0.0000      0.1135        -0.1135  (VIOLATED)
   chip_core/mprj/la_data_in[54]   0.0000    0.1134        -0.1134  (VIOLATED)
   chip_core/mprj/la_oenb[22]   0.0000       0.1118        -0.1118  (VIOLATED)
   chip_core/mprj/la_data_in[122]   0.0000   0.1112        -0.1112  (VIOLATED)
   chip_core/mprj/la_oenb[25]   0.0000       0.1104        -0.1104  (VIOLATED)
   chip_core/mprj/io_in[11]   0.0000         0.1103        -0.1103  (VIOLATED)
   chip_core/mprj/la_oenb[114]   0.0000      0.1103        -0.1103  (VIOLATED)
   chip_core/mprj/la_oenb[107]   0.0000      0.1102        -0.1102  (VIOLATED)
   chip_core/mprj/la_data_in[46]   0.0000    0.1088        -0.1088  (VIOLATED)
   chip_core/mprj/la_oenb[113]   0.0000      0.1087        -0.1087  (VIOLATED)
   chip_core/mprj/la_data_in[117]   0.0000   0.1079        -0.1079  (VIOLATED)
   chip_core/mprj/io_in[31]   0.0000         0.1075        -0.1075  (VIOLATED)
   chip_core/mprj/la_data_in[127]   0.0000   0.1073        -0.1073  (VIOLATED)
   chip_core/mprj/wbs_dat_i[6]   0.0000      0.1070        -0.1070  (VIOLATED)
   chip_core/mprj/la_oenb[124]   0.0000      0.1067        -0.1067  (VIOLATED)
   chip_core/mprj/la_oenb[49]   0.0000       0.1066        -0.1066  (VIOLATED)
   chip_core/mprj/la_data_in[52]   0.0000    0.1063        -0.1063  (VIOLATED)
   chip_core/mprj/la_oenb[115]   0.0000      0.1056        -0.1056  (VIOLATED)
   chip_core/mprj/la_data_in[114]   0.0000   0.1055        -0.1055  (VIOLATED)
   chip_core/mprj/la_data_in[107]   0.0000   0.1054        -0.1054  (VIOLATED)
   chip_core/mprj/wbs_adr_i[2]   0.0000      0.1053        -0.1053  (VIOLATED)
   chip_core/mprj/la_oenb[121]   0.0000      0.1049        -0.1049  (VIOLATED)
   chip_core/mprj/io_in[19]   0.0000         0.1049        -0.1049  (VIOLATED)
   chip_core/mprj/la_oenb[19]   0.0000       0.1049        -0.1049  (VIOLATED)
   chip_core/mprj/wbs_dat_i[11]   0.0000     0.1048        -0.1048  (VIOLATED)
   chip_core/mprj/la_data_in[47]   0.0000    0.1048        -0.1048  (VIOLATED)
   chip_core/mprj/la_oenb[117]   0.0000      0.1043        -0.1043  (VIOLATED)
   chip_core/mprj/la_oenb[116]   0.0000      0.1039        -0.1039  (VIOLATED)
   chip_core/mprj/la_oenb[20]   0.0000       0.1038        -0.1038  (VIOLATED)
   chip_core/mprj/wbs_we_i    0.0000         0.1038        -0.1038  (VIOLATED)
   chip_core/mprj/la_oenb[120]   0.0000      0.1032        -0.1032  (VIOLATED)
   chip_core/mprj/la_data_in[53]   0.0000    0.1025        -0.1025  (VIOLATED)
   chip_core/mprj/wbs_dat_i[9]   0.0000      0.1025        -0.1025  (VIOLATED)
   chip_core/mprj/io_in[12]   0.0000         0.1016        -0.1016  (VIOLATED)
   chip_core/mprj/la_oenb[112]   0.0000      0.1014        -0.1014  (VIOLATED)
   chip_core/mprj/wbs_stb_i   0.0000         0.1001        -0.1001  (VIOLATED)
   chip_core/mprj/la_data_in[51]   0.0000    0.0993        -0.0993  (VIOLATED)
   chip_core/mprj/la_oenb[45]   0.0000       0.0990        -0.0990  (VIOLATED)
   chip_core/mprj/io_in[10]   0.0000         0.0986        -0.0986  (VIOLATED)
   chip_core/mprj/la_data_in[50]   0.0000    0.0984        -0.0984  (VIOLATED)
   chip_core/mprj/la_oenb[51]   0.0000       0.0977        -0.0977  (VIOLATED)
   chip_core/mprj/la_data_in[124]   0.0000   0.0976        -0.0976  (VIOLATED)
   chip_core/mprj/user_clock2   0.0000       0.0969        -0.0969  (VIOLATED)
   chip_core/mprj/la_data_in[27]   0.0000    0.0968        -0.0968  (VIOLATED)
   chip_core/mprj/wbs_dat_i[7]   0.0000      0.0965        -0.0965  (VIOLATED)
   chip_core/mprj/wbs_adr_i[3]   0.0000      0.0961        -0.0961  (VIOLATED)
   chip_core/mprj/la_data_in[42]   0.0000    0.0953        -0.0953  (VIOLATED)
   chip_core/mprj/wbs_dat_i[5]   0.0000      0.0948        -0.0948  (VIOLATED)
   chip_core/mprj/la_oenb[48]   0.0000       0.0941        -0.0941  (VIOLATED)
   chip_core/mprj/wbs_dat_i[4]   0.0000      0.0920        -0.0920  (VIOLATED)
   chip_core/ANTENNA_mgmt_buffers.user_to_mprj_in_gates[121]_A/DIODE   1.5000   1.5918  -0.0918 (VIOLATED)
   chip_core/mgmt_buffers.user_to_mprj_in_gates[121]/A   1.5000   1.5918  -0.0918 (VIOLATED)
   chip_core/mprj/io_in[20]   0.0000         0.0906        -0.0906  (VIOLATED)
   chip_core/mprj/io_in[9]    0.0000         0.0904        -0.0904  (VIOLATED)
   chip_core/mprj/la_oenb[44]   0.0000       0.0900        -0.0900  (VIOLATED)
   chip_core/mprj/la_oenb[27]   0.0000       0.0889        -0.0889  (VIOLATED)
   chip_core/mprj/io_in[8]    0.0000         0.0886        -0.0886  (VIOLATED)
   chip_core/mprj/la_oenb[41]   0.0000       0.0884        -0.0884  (VIOLATED)
   chip_core/mprj/la_data_in[119]   0.0000   0.0883        -0.0883  (VIOLATED)
   chip_core/mprj/la_data_in[44]   0.0000    0.0880        -0.0880  (VIOLATED)
   chip_core/mprj/la_data_in[28]   0.0000    0.0837        -0.0837  (VIOLATED)
   chip_core/mprj/la_data_in[48]   0.0000    0.0837        -0.0837  (VIOLATED)
   chip_core/mprj/la_oenb[31]   0.0000       0.0834        -0.0834  (VIOLATED)
   chip_core/mprj/la_oenb[30]   0.0000       0.0829        -0.0829  (VIOLATED)
   chip_core/mprj/la_oenb[42]   0.0000       0.0826        -0.0826  (VIOLATED)
   chip_core/mprj/wbs_dat_i[3]   0.0000      0.0822        -0.0822  (VIOLATED)
   chip_core/mprj/la_oenb[46]   0.0000       0.0813        -0.0813  (VIOLATED)
   chip_core/mprj/wbs_adr_i[5]   0.0000      0.0804        -0.0804  (VIOLATED)
   chip_core/mprj/la_data_in[38]   0.0000    0.0801        -0.0801  (VIOLATED)
   chip_core/mprj/la_oenb[43]   0.0000       0.0788        -0.0788  (VIOLATED)
   chip_core/mprj/io_in[7]    0.0000         0.0767        -0.0767  (VIOLATED)
   chip_core/mprj/la_data_in[45]   0.0000    0.0761        -0.0761  (VIOLATED)
   chip_core/mprj/la_oenb[39]   0.0000       0.0753        -0.0753  (VIOLATED)
   chip_core/mprj/la_data_in[29]   0.0000    0.0748        -0.0748  (VIOLATED)
   chip_core/mprj/la_oenb[29]   0.0000       0.0745        -0.0745  (VIOLATED)
   chip_core/mprj/la_data_in[31]   0.0000    0.0738        -0.0738  (VIOLATED)
   chip_core/mprj/la_oenb[32]   0.0000       0.0725        -0.0725  (VIOLATED)
   chip_core/mprj/io_in[13]   0.0000         0.0724        -0.0724  (VIOLATED)
   chip_core/mprj/la_data_in[40]   0.0000    0.0723        -0.0723  (VIOLATED)
   chip_core/mprj/la_oenb[47]   0.0000       0.0709        -0.0709  (VIOLATED)
   chip_core/mprj/la_data_in[41]   0.0000    0.0707        -0.0707  (VIOLATED)
   chip_core/ANTENNA_mgmt_buffers.user_to_mprj_in_gates[78]_A/DIODE   1.5000   1.5687  -0.0687 (VIOLATED)
   chip_core/mgmt_buffers.user_to_mprj_in_gates[78]/A   1.5000   1.5687  -0.0687 (VIOLATED)
   chip_core/ANTENNA_mgmt_buffers.user_to_mprj_in_gates[72]_A/DIODE   1.5000   1.5674  -0.0674 (VIOLATED)
   chip_core/mgmt_buffers.user_to_mprj_in_gates[72]/A   1.5000   1.5674  -0.0674 (VIOLATED)
   chip_core/mprj/io_in[22]   0.0000         0.0673        -0.0673  (VIOLATED)
   chip_core/mprj/la_oenb[38]   0.0000       0.0647        -0.0647  (VIOLATED)
   chip_core/mprj/la_oenb[26]   0.0000       0.0645        -0.0645  (VIOLATED)
   chip_core/mprj/la_data_in[34]   0.0000    0.0643        -0.0643  (VIOLATED)
   chip_core/mprj/la_oenb[36]   0.0000       0.0639        -0.0639  (VIOLATED)
   chip_core/mprj/la_oenb[37]   0.0000       0.0636        -0.0636  (VIOLATED)
   chip_core/mprj/la_oenb[33]   0.0000       0.0633        -0.0633  (VIOLATED)
   chip_core/mprj/io_in[16]   0.0000         0.0602        -0.0602  (VIOLATED)
   chip_core/mprj/la_oenb[40]   0.0000       0.0596        -0.0596  (VIOLATED)
   chip_core/mprj/io_in[15]   0.0000         0.0590        -0.0590  (VIOLATED)
   chip_core/mprj/la_oenb[28]   0.0000       0.0570        -0.0570  (VIOLATED)
   chip_core/mprj/io_in[21]   0.0000         0.0562        -0.0562  (VIOLATED)
   chip_core/mprj/io_in[24]   0.0000         0.0550        -0.0550  (VIOLATED)
   chip_core/mprj/la_oenb[35]   0.0000       0.0538        -0.0538  (VIOLATED)
   chip_core/mprj/la_oenb[34]   0.0000       0.0535        -0.0535  (VIOLATED)
   chip_core/ANTENNA_mgmt_buffers.user_to_mprj_in_gates[122]_A/DIODE   1.5000   1.5510  -0.0510 (VIOLATED)
   chip_core/mgmt_buffers.user_to_mprj_in_gates[122]/A   1.5000   1.5510  -0.0510 (VIOLATED)
   chip_core/ANTENNA_mgmt_buffers.user_to_mprj_in_gates[114]_A/DIODE   1.5000   1.5480  -0.0480 (VIOLATED)
   chip_core/mgmt_buffers.user_to_mprj_in_gates[114]/A   1.5000   1.5480  -0.0480 (VIOLATED)
   chip_core/mprj/io_in[36]   0.1000         0.1456        -0.0456  (VIOLATED)
   chip_core/mprj/io_in[14]   0.0000         0.0436        -0.0436  (VIOLATED)
   chip_core/mprj/io_in[18]   0.0000         0.0418        -0.0418  (VIOLATED)
   chip_core/mprj/io_in[17]   0.0000         0.0405        -0.0405  (VIOLATED)
   chip_core/mprj/io_in[23]   0.0000         0.0369        -0.0369  (VIOLATED)
   chip_core/mprj/io_in[37]   0.1000         0.1299        -0.0299  (VIOLATED)
   chip_core/ANTENNA_mgmt_buffers.user_to_mprj_in_gates[74]_A/DIODE   1.5000   1.5231  -0.0231 (VIOLATED)
   chip_core/mgmt_buffers.user_to_mprj_in_gates[74]/A   1.5000   1.5231  -0.0231 (VIOLATED)


1
