****************************************
Report : constraint
	-all_violators
	-path slack_only
Design : caravel
Version: T-2022.03-SP3
Date   : Sat Apr 29 13:03:20 2023
****************************************


   max_delay/setup ('clk' group)

   Endpoint                                                  Slack
   -----------------------------------------------------------------
   chip_core/_36962_/D                                    -6072.4253 (VIOLATED)
   chip_core/_36972_/D                                    -6070.3647 (VIOLATED)
   chip_core/_36952_/D                                    -6070.2598 (VIOLATED)
   chip_core/_36974_/D                                    -6069.6719 (VIOLATED)
   chip_core/_36984_/D                                    -6067.8838 (VIOLATED)
   chip_core/_37006_/D                                    -6064.8267 (VIOLATED)
   chip_core/_37014_/D                                    -6064.7378 (VIOLATED)
   chip_core/_37024_/D                                    -6064.3945 (VIOLATED)
   chip_core/_37016_/D                                    -6064.1689 (VIOLATED)
   chip_core/_37026_/D                                    -6063.9375 (VIOLATED)
   chip_core/_37036_/D                                    -6063.4180 (VIOLATED)
   chip_core/_37038_/D                                    -6061.9404 (VIOLATED)
   chip_core/_37048_/D                                    -6061.5674 (VIOLATED)
   chip_core/_37064_/D                                    -6060.5908 (VIOLATED)
   chip_core/_36990_/D                                    -6054.4258 (VIOLATED)
   chip_core/_36996_/D                                    -6053.7412 (VIOLATED)
   chip_core/_36982_/D                                    -6053.2051 (VIOLATED)
   chip_core/_37002_/D                                    -6052.6450 (VIOLATED)
   chip_core/_36992_/D                                    -6052.2378 (VIOLATED)
   chip_core/_36998_/D                                    -6051.5591 (VIOLATED)
   chip_core/_37008_/D                                    -6050.8135 (VIOLATED)
   chip_core/_37018_/D                                    -6050.1377 (VIOLATED)
   chip_core/_37028_/D                                    -6049.7832 (VIOLATED)
   chip_core/_37030_/D                                    -6048.6431 (VIOLATED)
   chip_core/_37040_/D                                    -6047.9512 (VIOLATED)
   chip_core/_37068_/D                                    -6047.3027 (VIOLATED)
   chip_core/_37054_/D                                    -6046.4141 (VIOLATED)
   chip_core/_37062_/D                                    -6046.0229 (VIOLATED)
   chip_core/_36994_/D                                    -6037.4067 (VIOLATED)
   chip_core/_37004_/D                                    -6036.5938 (VIOLATED)
   chip_core/_37000_/D                                    -6036.3447 (VIOLATED)
   chip_core/_37010_/D                                    -6036.0034 (VIOLATED)
   chip_core/_37020_/D                                    -6035.0337 (VIOLATED)
   chip_core/_37022_/D                                    -6034.0562 (VIOLATED)
   chip_core/_37032_/D                                    -6033.5054 (VIOLATED)
   chip_core/_37046_/D                                    -6031.2881 (VIOLATED)
   chip_core/_37056_/D                                    -6031.2739 (VIOLATED)
   chip_core/_37066_/D                                    -6031.2690 (VIOLATED)
   chip_core/_37076_/D                                    -6030.4727 (VIOLATED)
   chip_core/_37070_/D                                    -6030.3975 (VIOLATED)
   chip_core/_36976_/D                                    -6017.0420 (VIOLATED)
   chip_core/_36966_/D                                    -6016.8237 (VIOLATED)
   chip_core/_36986_/D                                    -6015.7017 (VIOLATED)
   chip_core/_37012_/D                                    -6013.0493 (VIOLATED)
   chip_core/_37042_/D                                    -6008.7983 (VIOLATED)
   chip_core/_37052_/D                                    -6008.2319 (VIOLATED)
   chip_core/_37072_/D                                    -6006.1743 (VIOLATED)
   chip_core/_36988_/D                                    -5998.3550 (VIOLATED)
   chip_core/_37060_/D                                    -5981.5347 (VIOLATED)
   chip_core/_37050_/D                                    -5981.1099 (VIOLATED)
   chip_core/_36980_/D                                    -5972.3579 (VIOLATED)
   chip_core/_36958_/D                                    -5965.6162 (VIOLATED)
   chip_core/_36968_/D                                    -5964.7090 (VIOLATED)
   chip_core/_36978_/D                                    -5964.3569 (VIOLATED)
   chip_core/mprj/la_data_in[78]                          -5857.2393 (VIOLATED)
   chip_core/mprj/la_data_in[56]                          -5853.6387 (VIOLATED)
   chip_core/mprj/la_data_in[107]                         -5816.7192 (VIOLATED)
   chip_core/_36970_/D                                    -5814.2036 (VIOLATED)
   chip_core/mprj/la_data_in[114]                         -5812.6299 (VIOLATED)
   chip_core/_37034_/D                                    -5806.3408 (VIOLATED)
   chip_core/_37044_/D                                    -5805.5132 (VIOLATED)
   chip_core/mprj/la_data_in[125]                         -5804.2983 (VIOLATED)
   chip_core/_37074_/D                                    -5804.0366 (VIOLATED)
   chip_core/_35357_/D                                    -5803.7466 (VIOLATED)
   chip_core/mprj/la_data_in[113]                         -5793.0508 (VIOLATED)
   chip_core/mprj/la_data_in[111]                         -5792.8545 (VIOLATED)
   chip_core/mprj/la_data_in[110]                         -5784.5449 (VIOLATED)
   chip_core/mprj/la_data_in[112]                         -5784.1011 (VIOLATED)
   chip_core/mprj/la_data_in[108]                         -5783.6255 (VIOLATED)
   chip_core/mprj/la_data_in[118]                         -5767.2095 (VIOLATED)
   chip_core/mprj/la_data_in[115]                         -5767.1919 (VIOLATED)
   chip_core/mprj/la_data_in[109]                         -5764.6763 (VIOLATED)
   chip_core/mprj/la_data_in[116]                         -5764.2300 (VIOLATED)
   chip_core/mprj/la_data_in[106]                         -5764.0508 (VIOLATED)
   chip_core/mprj/la_data_in[103]                         -5763.9800 (VIOLATED)
   chip_core/mprj/la_data_in[117]                         -5761.2959 (VIOLATED)
   chip_core/mprj/la_data_in[122]                         -5741.3696 (VIOLATED)
   chip_core/mprj/la_data_in[120]                         -5741.0825 (VIOLATED)
   chip_core/mprj/la_data_in[119]                         -5741.0811 (VIOLATED)
   chip_core/mprj/la_data_in[121]                         -5736.6240 (VIOLATED)
   chip_core/mprj/la_data_in[126]                         -5711.3188 (VIOLATED)
   chip_core/mprj/la_data_in[124]                         -5711.2515 (VIOLATED)
   chip_core/mprj/la_data_in[123]                         -5710.9009 (VIOLATED)
   chip_core/_35361_/D                                    -5709.2305 (VIOLATED)
   chip_core/mprj/la_data_in[127]                         -5688.7104 (VIOLATED)
   chip_core/_36960_/D                                    -5530.8867 (VIOLATED)
   chip_core/mprj/la_data_in[104]                         -5472.7822 (VIOLATED)
   chip_core/_36954_/D                                    -5465.9414 (VIOLATED)
   chip_core/_35340_/D                                    -5392.0034 (VIOLATED)
   chip_core/_36964_/D                                    -5273.9785 (VIOLATED)
   chip_core/_35355_/D                                    -5173.9785 (VIOLATED)
   chip_core/mprj/la_data_in[105]                         -5114.4761 (VIOLATED)
   chip_core/mprj/la_data_in[59]                          -5101.7998 (VIOLATED)
   chip_core/_36956_/D                                    -5012.5454 (VIOLATED)
   chip_core/_35359_/D                                    -4998.5034 (VIOLATED)
   chip_core/_37058_/D                                    -4996.0674 (VIOLATED)
   chip_core/_35349_/D                                    -4619.8579 (VIOLATED)
   chip_core/_35353_/D                                    -4534.6836 (VIOLATED)
   chip_core/mprj/la_data_in[65]                          -4422.1929 (VIOLATED)
   chip_core/mprj/la_data_in[100]                         -4224.4282 (VIOLATED)
   chip_core/mprj/la_data_in[97]                          -4222.5801 (VIOLATED)
   chip_core/mprj/la_data_in[95]                          -4222.4824 (VIOLATED)
   chip_core/mprj/la_data_in[98]                          -4210.7075 (VIOLATED)
   chip_core/mprj/la_data_in[101]                         -4210.6016 (VIOLATED)
   chip_core/mprj/la_data_in[102]                         -4210.5449 (VIOLATED)
   chip_core/mprj/la_data_in[94]                          -4206.9155 (VIOLATED)
   chip_core/mprj/la_data_in[91]                          -4206.8101 (VIOLATED)
   chip_core/mprj/la_data_in[96]                          -4206.7495 (VIOLATED)
   chip_core/mprj/la_data_in[87]                          -4203.1270 (VIOLATED)
   chip_core/mprj/la_data_in[89]                          -4203.1133 (VIOLATED)
   chip_core/mprj/la_data_in[99]                          -4183.2373 (VIOLATED)
   chip_core/mprj/la_data_in[76]                          -4085.9656 (VIOLATED)
   chip_core/_35351_/D                                    -3725.3315 (VIOLATED)
   chip_core/mprj/la_data_in[72]                          -3712.3567 (VIOLATED)
   chip_core/mprj/la_data_in[88]                          -3708.8169 (VIOLATED)
   chip_core/mprj/la_data_in[90]                          -3708.7969 (VIOLATED)
   chip_core/mprj/la_data_in[92]                          -3298.0640 (VIOLATED)
   chip_core/mprj/la_data_in[93]                          -3268.5535 (VIOLATED)
   chip_core/mprj/la_data_in[68]                          -3234.2881 (VIOLATED)
   chip_core/mprj/la_data_in[69]                          -2968.0591 (VIOLATED)
   chip_core/mprj/la_data_in[83]                          -2956.5222 (VIOLATED)
   chip_core/mprj/la_data_in[86]                          -2956.4229 (VIOLATED)
   chip_core/mprj/la_data_in[85]                          -2770.7227 (VIOLATED)
   chip_core/mprj/la_data_in[81]                          -2619.9526 (VIOLATED)
   chip_core/mprj/la_data_in[84]                          -2618.9226 (VIOLATED)
   chip_core/mprj/la_data_in[80]                          -2615.4814 (VIOLATED)
   chip_core/_37078_/D                                    -2603.8887 (VIOLATED)
   chip_core/mprj/la_data_in[58]                          -2503.3267 (VIOLATED)
   chip_core/mprj/la_data_in[61]                          -2448.5791 (VIOLATED)
   chip_core/mprj/la_data_in[60]                          -2444.7905 (VIOLATED)
   chip_core/mprj/la_data_in[57]                          -2178.2290 (VIOLATED)
   chip_core/mprj/la_data_in[62]                          -2163.9966 (VIOLATED)
   chip_core/mprj/la_data_in[64]                          -1723.5435 (VIOLATED)
   chip_core/mprj/la_data_in[79]                          -1639.9408 (VIOLATED)
   chip_core/mprj/la_data_in[75]                          -1629.5626 (VIOLATED)
   chip_core/mprj/la_data_in[67]                          -1625.8850 (VIOLATED)
   chip_core/mprj/la_data_in[66]                          -1432.0785 (VIOLATED)
   chip_core/mprj/la_data_in[82]                          -1421.5654 (VIOLATED)
   chip_core/mprj/la_data_in[77]                          -1414.8959 (VIOLATED)
   chip_core/mprj/la_data_in[63]                          -1367.0376 (VIOLATED)
   chip_core/mprj/la_data_in[71]                          -1246.9315 (VIOLATED)
   chip_core/mprj/la_data_in[70]                          -1172.8091 (VIOLATED)
   chip_core/mprj/la_data_in[73]                          -1172.7463 (VIOLATED)
   chip_core/mprj/la_data_in[74]                          -1065.9062 (VIOLATED)







   max_capacitance

                             Required        Actual
   Pin                      Capacitance    Capacitance       Slack
   -----------------------------------------------------------------
   chip_core/mprj/la_data_out[62]   0.5090   0.7508        -0.2418  (VIOLATED)
   chip_core/mprj/la_data_out[61]   0.5090   0.6707        -0.1616  (VIOLATED)
   chip_core/mprj/la_data_out[65]   0.5090   0.6360        -0.1270  (VIOLATED)
   chip_core/mprj/la_data_out[60]   0.5090   0.6295        -0.1205  (VIOLATED)
   chip_core/mprj/la_data_out[57]   0.5090   0.6133        -0.1043  (VIOLATED)
   chip_core/mprj/la_data_out[58]   0.5090   0.6006        -0.0916  (VIOLATED)
   chip_core/mprj/la_data_out[56]   0.5090   0.5887        -0.0796  (VIOLATED)
   chip_core/mprj/la_data_out[66]   0.5090   0.5495        -0.0405  (VIOLATED)
   chip_core/mprj/la_data_out[59]   0.5090   0.5418        -0.0327  (VIOLATED)
   chip_core/mprj/la_data_out[69]   0.5090   0.5372        -0.0281  (VIOLATED)
   chip_core/mprj/la_data_out[64]   0.5090   0.5302        -0.0212  (VIOLATED)
   chip_core/mprj/la_data_out[67]   0.5090   0.5279        -0.0188  (VIOLATED)
   chip_core/mprj/la_data_out[63]   0.5090   0.5155        -0.0065  (VIOLATED)
   chip_core/mprj/la_data_out[68]   0.5090   0.5146        -0.0055  (VIOLATED)


   max_transition

                             Required        Actual
   Pin                      Transition     Transition        Slack
   -----------------------------------------------------------------
   chip_core/mgmt_buffers.user_to_mprj_in_gates[62]/A   1.5000   3.2820  -1.7820 (VIOLATED)
   chip_core/ANTENNA_mgmt_buffers.user_to_mprj_in_gates[62]_A/DIODE   1.5000   3.2820  -1.7820 (VIOLATED)
   chip_core/mgmt_buffers.user_to_mprj_in_gates[61]/A   1.5000   2.9139  -1.4139 (VIOLATED)
   chip_core/ANTENNA_mgmt_buffers.user_to_mprj_in_gates[61]_A/DIODE   1.5000   2.9139  -1.4139 (VIOLATED)
   chip_core/mgmt_buffers.user_to_mprj_in_gates[60]/A   1.5000   2.8743  -1.3743 (VIOLATED)
   chip_core/ANTENNA_mgmt_buffers.user_to_mprj_in_gates[60]_A/DIODE   1.5000   2.8743  -1.3743 (VIOLATED)
   chip_core/mgmt_buffers.user_to_mprj_in_gates[57]/A   1.5000   2.7892  -1.2892 (VIOLATED)
   chip_core/ANTENNA_mgmt_buffers.user_to_mprj_in_gates[57]_A/DIODE   1.5000   2.7892  -1.2892 (VIOLATED)
   chip_core/mgmt_buffers.user_to_mprj_in_gates[58]/A   1.5000   2.7316  -1.2316 (VIOLATED)
   chip_core/ANTENNA_mgmt_buffers.user_to_mprj_in_gates[58]_A/DIODE   1.5000   2.7316  -1.2316 (VIOLATED)
   chip_core/ANTENNA_mgmt_buffers.user_to_mprj_in_gates[65]_A/DIODE   1.5000   2.5739  -1.0739 (VIOLATED)
   chip_core/mgmt_buffers.user_to_mprj_in_gates[65]/A   1.5000   2.5739  -1.0739 (VIOLATED)
   chip_core/mgmt_buffers.user_to_mprj_in_gates[59]/A   1.5000   2.2233  -0.7233 (VIOLATED)
   chip_core/ANTENNA_mgmt_buffers.user_to_mprj_in_gates[59]_A/DIODE   1.5000   2.2233  -0.7233 (VIOLATED)
   chip_core/ANTENNA_mgmt_buffers.user_to_mprj_in_gates[66]_A/DIODE   1.5000   2.1875  -0.6875 (VIOLATED)
   chip_core/mgmt_buffers.user_to_mprj_in_gates[66]/A   1.5000   2.1875  -0.6875 (VIOLATED)
   chip_core/mprj/la_oenb[106]   0.0000      0.6323        -0.6323  (VIOLATED)
   chip_core/mprj/la_oenb[102]   0.0000      0.6267        -0.6267  (VIOLATED)
   chip_core/mprj/la_oenb[103]   0.0000      0.6264        -0.6264  (VIOLATED)
   chip_core/mprj/wbs_adr_i[19]   0.0000     0.6094        -0.6094  (VIOLATED)
   chip_core/mprj/la_oenb[105]   0.0000      0.6039        -0.6039  (VIOLATED)
   chip_core/mprj/la_data_in[109]   0.0000   0.5902        -0.5902  (VIOLATED)
   chip_core/mprj/wbs_adr_i[15]   0.0000     0.5663        -0.5663  (VIOLATED)
   chip_core/mprj/la_oenb[104]   0.0000      0.5646        -0.5646  (VIOLATED)
   chip_core/mprj/la_oenb[95]   0.0000       0.5589        -0.5589  (VIOLATED)
   chip_core/mprj/wbs_dat_i[15]   0.0000     0.5583        -0.5583  (VIOLATED)
   chip_core/mprj/la_data_in[115]   0.0000   0.5576        -0.5576  (VIOLATED)
   chip_core/mprj/wbs_dat_i[17]   0.0000     0.5537        -0.5537  (VIOLATED)
   chip_core/mprj/wbs_adr_i[22]   0.0000     0.5531        -0.5531  (VIOLATED)
   chip_core/mprj/wbs_dat_i[14]   0.0000     0.5509        -0.5509  (VIOLATED)
   chip_core/mprj/wbs_adr_i[17]   0.0000     0.5484        -0.5484  (VIOLATED)
   chip_core/mprj/wbs_dat_i[20]   0.0000     0.5440        -0.5440  (VIOLATED)
   chip_core/mprj/la_oenb[100]   0.0000      0.5419        -0.5419  (VIOLATED)
   chip_core/mprj/la_data_in[111]   0.0000   0.5268        -0.5268  (VIOLATED)
   chip_core/mprj/la_data_in[104]   0.0000   0.5255        -0.5255  (VIOLATED)
   chip_core/mprj/wbs_adr_i[8]   0.0000      0.5241        -0.5241  (VIOLATED)
   chip_core/mprj/la_data_in[113]   0.0000   0.5222        -0.5222  (VIOLATED)
   chip_core/mprj/la_oenb[98]   0.0000       0.5208        -0.5208  (VIOLATED)
   chip_core/mprj/la_oenb[101]   0.0000      0.5199        -0.5199  (VIOLATED)
   chip_core/mprj/la_data_in[92]   0.0000    0.5197        -0.5197  (VIOLATED)
   chip_core/mprj/la_data_in[118]   0.0000   0.5169        -0.5169  (VIOLATED)
   chip_core/mprj/wbs_dat_i[19]   0.0000     0.5159        -0.5159  (VIOLATED)
   chip_core/mprj/wbs_adr_i[7]   0.0000      0.5052        -0.5052  (VIOLATED)
   chip_core/ANTENNA_mgmt_buffers.user_to_mprj_in_gates[67]_A/DIODE   1.5000   2.0011  -0.5011 (VIOLATED)
   chip_core/mgmt_buffers.user_to_mprj_in_gates[67]/A   1.5000   2.0011  -0.5011 (VIOLATED)
   chip_core/mprj/la_data_in[95]   0.0000    0.4970        -0.4970  (VIOLATED)
   chip_core/mprj/la_data_in[112]   0.0000   0.4967        -0.4967  (VIOLATED)
   chip_core/mprj/wbs_dat_i[18]   0.0000     0.4948        -0.4948  (VIOLATED)
   chip_core/mprj/la_data_in[101]   0.0000   0.4930        -0.4930  (VIOLATED)
   chip_core/mprj/la_oenb[94]   0.0000       0.4897        -0.4897  (VIOLATED)
   chip_core/mprj/la_oenb[92]   0.0000       0.4885        -0.4885  (VIOLATED)
   chip_core/mprj/wbs_adr_i[27]   0.0000     0.4807        -0.4807  (VIOLATED)
   chip_core/mprj/la_oenb[90]   0.0000       0.4714        -0.4714  (VIOLATED)
   chip_core/mprj/la_data_in[105]   0.0000   0.4637        -0.4637  (VIOLATED)
   chip_core/mprj/la_data_in[97]   0.0000    0.4585        -0.4585  (VIOLATED)
   chip_core/mprj/la_oenb[99]   0.0000       0.4554        -0.4554  (VIOLATED)
   chip_core/mprj/wbs_dat_i[25]   0.0000     0.4553        -0.4553  (VIOLATED)
   chip_core/mprj/wbs_adr_i[26]   0.0000     0.4504        -0.4504  (VIOLATED)
   chip_core/mprj/wbs_adr_i[23]   0.0000     0.4481        -0.4481  (VIOLATED)
   chip_core/mprj/wbs_dat_i[27]   0.0000     0.4460        -0.4460  (VIOLATED)
   chip_core/mprj/la_data_in[94]   0.0000    0.4457        -0.4457  (VIOLATED)
   chip_core/mprj/la_data_in[106]   0.0000   0.4430        -0.4430  (VIOLATED)
   chip_core/mprj/wbs_adr_i[25]   0.0000     0.4429        -0.4429  (VIOLATED)
   chip_core/mprj/wbs_dat_i[23]   0.0000     0.4385        -0.4385  (VIOLATED)
   chip_core/mprj/la_data_in[100]   0.0000   0.4375        -0.4375  (VIOLATED)
   chip_core/mprj/la_oenb[93]   0.0000       0.4367        -0.4367  (VIOLATED)
   chip_core/mprj/la_data_in[91]   0.0000    0.4355        -0.4355  (VIOLATED)
   chip_core/ANTENNA_mgmt_buffers.user_to_mprj_in_gates[68]_A/DIODE   1.5000   1.9349  -0.4349 (VIOLATED)
   chip_core/mgmt_buffers.user_to_mprj_in_gates[68]/A   1.5000   1.9349  -0.4349 (VIOLATED)
   chip_core/mprj/wbs_adr_i[16]   0.0000     0.4344        -0.4344  (VIOLATED)
   chip_core/mprj/la_data_in[3]   0.0000     0.4322        -0.4322  (VIOLATED)
   chip_core/mprj/wbs_adr_i[20]   0.0000     0.4300        -0.4300  (VIOLATED)
   chip_core/mprj/la_data_in[90]   0.0000    0.4296        -0.4296  (VIOLATED)
   chip_core/mprj/wbs_dat_i[22]   0.0000     0.4295        -0.4295  (VIOLATED)
   chip_core/mprj/la_data_in[110]   0.0000   0.4280        -0.4280  (VIOLATED)
   chip_core/mprj/wbs_dat_i[28]   0.0000     0.4262        -0.4262  (VIOLATED)
   chip_core/mprj/wbs_adr_i[4]   0.0000      0.4222        -0.4222  (VIOLATED)
   chip_core/mprj/la_oenb[97]   0.0000       0.4213        -0.4213  (VIOLATED)
   chip_core/mprj/la_data_in[93]   0.0000    0.4207        -0.4207  (VIOLATED)
   chip_core/mprj/la_data_in[103]   0.0000   0.4195        -0.4195  (VIOLATED)
   chip_core/mprj/wbs_adr_i[24]   0.0000     0.4180        -0.4180  (VIOLATED)
   chip_core/mprj/wbs_adr_i[18]   0.0000     0.4180        -0.4180  (VIOLATED)
   chip_core/ANTENNA_mgmt_buffers.user_to_mprj_in_gates[63]_A/DIODE   1.5000   1.9178  -0.4178 (VIOLATED)
   chip_core/mgmt_buffers.user_to_mprj_in_gates[63]/A   1.5000   1.9178  -0.4178 (VIOLATED)
   chip_core/mprj/la_data_in[98]   0.0000    0.4151        -0.4151  (VIOLATED)
   chip_core/mprj/la_oenb[118]   0.0000      0.4104        -0.4104  (VIOLATED)
   chip_core/mprj/la_data_in[102]   0.0000   0.4099        -0.4099  (VIOLATED)
   chip_core/mprj/la_data_in[2]   0.0000     0.4091        -0.4091  (VIOLATED)
   chip_core/mprj/la_data_in[1]   0.0000     0.4089        -0.4089  (VIOLATED)
   chip_core/mprj/la_oenb[91]   0.0000       0.4068        -0.4068  (VIOLATED)
   chip_core/mprj/la_data_in[88]   0.0000    0.4042        -0.4042  (VIOLATED)
   chip_core/mprj/la_oenb[89]   0.0000       0.4001        -0.4001  (VIOLATED)
   chip_core/mprj/wbs_adr_i[29]   0.0000     0.3961        -0.3961  (VIOLATED)
   chip_core/mprj/la_data_in[0]   0.0000     0.3944        -0.3944  (VIOLATED)
   chip_core/mprj/wbs_adr_i[30]   0.0000     0.3923        -0.3923  (VIOLATED)
   chip_core/mprj/la_oenb[87]   0.0000       0.3907        -0.3907  (VIOLATED)
   chip_core/mprj/la_data_in[89]   0.0000    0.3899        -0.3899  (VIOLATED)
   chip_core/mprj/la_data_in[99]   0.0000    0.3878        -0.3878  (VIOLATED)
   chip_core/mprj/wbs_dat_i[30]   0.0000     0.3861        -0.3861  (VIOLATED)
   chip_core/mprj/wbs_adr_i[21]   0.0000     0.3803        -0.3803  (VIOLATED)
   chip_core/mprj/la_oenb[83]   0.0000       0.3783        -0.3783  (VIOLATED)
   chip_core/mprj/la_oenb[96]   0.0000       0.3754        -0.3754  (VIOLATED)
   chip_core/mprj/la_data_in[80]   0.0000    0.3725        -0.3725  (VIOLATED)
   chip_core/mprj/la_oenb[86]   0.0000       0.3694        -0.3694  (VIOLATED)
   chip_core/mprj/wbs_dat_i[21]   0.0000     0.3652        -0.3652  (VIOLATED)
   chip_core/mprj/la_data_in[86]   0.0000    0.3643        -0.3643  (VIOLATED)
   chip_core/mprj/la_oenb[88]   0.0000       0.3626        -0.3626  (VIOLATED)
   chip_core/mprj/la_data_in[96]   0.0000    0.3620        -0.3620  (VIOLATED)
   chip_core/mprj/wbs_dat_i[0]   0.0000      0.3611        -0.3611  (VIOLATED)
   chip_core/mprj/wbs_dat_i[2]   0.0000      0.3599        -0.3599  (VIOLATED)
   chip_core/mprj/la_data_in[84]   0.0000    0.3522        -0.3522  (VIOLATED)
   chip_core/mprj/la_oenb[85]   0.0000       0.3507        -0.3507  (VIOLATED)
   chip_core/mprj/wbs_dat_i[24]   0.0000     0.3488        -0.3488  (VIOLATED)
   chip_core/mprj/la_data_in[87]   0.0000    0.3478        -0.3478  (VIOLATED)
   chip_core/mprj/wbs_adr_i[28]   0.0000     0.3450        -0.3450  (VIOLATED)
   chip_core/mprj/la_data_in[81]   0.0000    0.3417        -0.3417  (VIOLATED)
   chip_core/mprj/la_oenb[80]   0.0000       0.3399        -0.3399  (VIOLATED)
   chip_core/mprj/la_data_in[78]   0.0000    0.3393        -0.3393  (VIOLATED)
   chip_core/mprj/la_data_in[5]   0.0000     0.3389        -0.3389  (VIOLATED)
   chip_core/mprj/la_data_in[83]   0.0000    0.3370        -0.3370  (VIOLATED)
   chip_core/mprj/wbs_adr_i[9]   0.0000      0.3352        -0.3352  (VIOLATED)
   chip_core/mprj/wbs_dat_i[31]   0.0000     0.3349        -0.3349  (VIOLATED)
   chip_core/mprj/la_oenb[84]   0.0000       0.3280        -0.3280  (VIOLATED)
   chip_core/mprj/wbs_dat_i[26]   0.0000     0.3260        -0.3260  (VIOLATED)
   chip_core/mprj/la_data_in[85]   0.0000    0.3208        -0.3208  (VIOLATED)
   chip_core/mprj/wbs_dat_i[29]   0.0000     0.3184        -0.3184  (VIOLATED)
   chip_core/mprj/la_data_in[4]   0.0000     0.3183        -0.3183  (VIOLATED)
   chip_core/mprj/la_data_in[6]   0.0000     0.3148        -0.3148  (VIOLATED)
   chip_core/mprj/la_oenb[71]   0.0000       0.3100        -0.3100  (VIOLATED)
   chip_core/mprj/wbs_adr_i[31]   0.0000     0.3092        -0.3092  (VIOLATED)
   chip_core/ANTENNA_mgmt_buffers.user_to_mprj_in_gates[127]_A/DIODE   1.5000   1.8089  -0.3089 (VIOLATED)
   chip_core/mgmt_buffers.user_to_mprj_in_gates[127]/A   1.5000   1.8089  -0.3089 (VIOLATED)
   chip_core/mprj/la_data_in[10]   0.0000    0.3076        -0.3076  (VIOLATED)
   chip_core/mprj/la_oenb[1]   0.0000        0.3054        -0.3054  (VIOLATED)
   chip_core/mprj/la_data_in[7]   0.0000     0.3053        -0.3053  (VIOLATED)
   chip_core/mprj/la_oenb[78]   0.0000       0.3019        -0.3019  (VIOLATED)
   chip_core/mprj/la_oenb[79]   0.0000       0.2987        -0.2987  (VIOLATED)
   chip_core/mprj/la_data_in[72]   0.0000    0.2919        -0.2919  (VIOLATED)
   chip_core/mprj/la_data_in[82]   0.0000    0.2914        -0.2914  (VIOLATED)
   chip_core/mprj/la_data_in[11]   0.0000    0.2892        -0.2892  (VIOLATED)
   chip_core/mprj/la_oenb[81]   0.0000       0.2891        -0.2891  (VIOLATED)
   chip_core/mgmt_buffers.user_to_mprj_in_gates[56]/A   1.5000   1.7872  -0.2872 (VIOLATED)
   chip_core/ANTENNA_mgmt_buffers.user_to_mprj_in_gates[56]_A/DIODE   1.5000   1.7871  -0.2871 (VIOLATED)
   chip_core/mprj/la_data_in[75]   0.0000    0.2844        -0.2844  (VIOLATED)
   chip_core/mprj/la_oenb[5]   0.0000        0.2839        -0.2839  (VIOLATED)
   chip_core/mprj/la_data_in[79]   0.0000    0.2833        -0.2833  (VIOLATED)
   chip_core/mprj/la_oenb[75]   0.0000       0.2827        -0.2827  (VIOLATED)
   chip_core/mprj/la_data_in[8]   0.0000     0.2820        -0.2820  (VIOLATED)
   chip_core/mprj/io_in[2]    0.0000         0.2805        -0.2805  (VIOLATED)
   chip_core/mprj/la_data_in[77]   0.0000    0.2746        -0.2746  (VIOLATED)
   chip_core/mprj/la_data_in[33]   0.0000    0.2738        -0.2738  (VIOLATED)
   chip_core/mprj/la_oenb[2]   0.0000        0.2728        -0.2728  (VIOLATED)
   chip_core/mprj/wbs_dat_i[1]   0.0000      0.2690        -0.2690  (VIOLATED)
   chip_core/mprj/la_data_in[68]   0.0000    0.2629        -0.2629  (VIOLATED)
   chip_core/mprj/la_data_in[37]   0.0000    0.2610        -0.2610  (VIOLATED)
   chip_core/mprj/la_data_in[32]   0.0000    0.2600        -0.2600  (VIOLATED)
   chip_core/mprj/la_oenb[77]   0.0000       0.2569        -0.2569  (VIOLATED)
   chip_core/mprj/la_oenb[72]   0.0000       0.2504        -0.2504  (VIOLATED)
   chip_core/mprj/la_data_in[14]   0.0000    0.2497        -0.2497  (VIOLATED)
   chip_core/mprj/la_data_in[13]   0.0000    0.2497        -0.2497  (VIOLATED)
   chip_core/mprj/la_data_in[73]   0.0000    0.2496        -0.2496  (VIOLATED)
   chip_core/mprj/la_oenb[76]   0.0000       0.2492        -0.2492  (VIOLATED)
   chip_core/mprj/la_data_in[71]   0.0000    0.2468        -0.2468  (VIOLATED)
   chip_core/mprj/la_data_in[76]   0.0000    0.2458        -0.2458  (VIOLATED)
   chip_core/mprj/la_data_in[69]   0.0000    0.2444        -0.2444  (VIOLATED)
   chip_core/mprj/la_data_in[9]   0.0000     0.2417        -0.2417  (VIOLATED)
   chip_core/mprj/la_oenb[82]   0.0000       0.2415        -0.2415  (VIOLATED)
   chip_core/mprj/la_data_in[74]   0.0000    0.2409        -0.2409  (VIOLATED)
   chip_core/mprj/la_data_in[17]   0.0000    0.2396        -0.2396  (VIOLATED)
   chip_core/ANTENNA_mgmt_buffers.user_to_mprj_in_gates[75]_A/DIODE   1.5000   1.7393  -0.2393 (VIOLATED)
   chip_core/mgmt_buffers.user_to_mprj_in_gates[75]/A   1.5000   1.7393  -0.2393 (VIOLATED)
   chip_core/mprj/la_data_in[35]   0.0000    0.2382        -0.2382  (VIOLATED)
   chip_core/mprj/la_data_in[66]   0.0000    0.2378        -0.2378  (VIOLATED)
   chip_core/mprj/la_oenb[68]   0.0000       0.2309        -0.2309  (VIOLATED)
   chip_core/mprj/la_oenb[69]   0.0000       0.2291        -0.2291  (VIOLATED)
   chip_core/mprj/io_in[5]    0.0000         0.2257        -0.2257  (VIOLATED)
   chip_core/mprj/io_in[1]    0.0000         0.2254        -0.2254  (VIOLATED)
   chip_core/mprj/la_oenb[74]   0.0000       0.2213        -0.2213  (VIOLATED)
   chip_core/mprj/la_data_in[19]   0.0000    0.2207        -0.2207  (VIOLATED)
   chip_core/mprj/la_data_in[39]   0.0000    0.2195        -0.2195  (VIOLATED)
   chip_core/mprj/la_oenb[3]   0.0000        0.2184        -0.2184  (VIOLATED)
   chip_core/mprj/la_data_in[65]   0.0000    0.2175        -0.2175  (VIOLATED)
   chip_core/mprj/io_in[4]    0.0000         0.2162        -0.2162  (VIOLATED)
   chip_core/mprj/la_oenb[73]   0.0000       0.2143        -0.2143  (VIOLATED)
   chip_core/mprj/la_data_in[43]   0.0000    0.2142        -0.2142  (VIOLATED)
   chip_core/mprj/la_oenb[0]   0.0000        0.2142        -0.2142  (VIOLATED)
   chip_core/mprj/la_data_in[15]   0.0000    0.2135        -0.2135  (VIOLATED)
   chip_core/mprj/io_in[6]    0.0000         0.2109        -0.2109  (VIOLATED)
   chip_core/mprj/la_oenb[6]   0.0000        0.2103        -0.2103  (VIOLATED)
   chip_core/mprj/la_data_in[67]   0.0000    0.2095        -0.2095  (VIOLATED)
   chip_core/mprj/io_in[0]    0.0000         0.2089        -0.2089  (VIOLATED)
   chip_core/mprj/la_data_in[64]   0.0000    0.2061        -0.2061  (VIOLATED)
   chip_core/mprj/la_oenb[9]   0.0000        0.2021        -0.2021  (VIOLATED)
   chip_core/mprj/la_oenb[65]   0.0000       0.2011        -0.2011  (VIOLATED)
   chip_core/mprj/la_data_in[70]   0.0000    0.1900        -0.1900  (VIOLATED)
   chip_core/mprj/la_oenb[4]   0.0000        0.1893        -0.1893  (VIOLATED)
   chip_core/mprj/la_data_in[18]   0.0000    0.1848        -0.1848  (VIOLATED)
   chip_core/mprj/la_oenb[67]   0.0000       0.1848        -0.1848  (VIOLATED)
   chip_core/mprj/la_oenb[64]   0.0000       0.1847        -0.1847  (VIOLATED)
   chip_core/mprj/la_data_in[12]   0.0000    0.1840        -0.1840  (VIOLATED)
   chip_core/mprj/la_data_in[30]   0.0000    0.1798        -0.1798  (VIOLATED)
   chip_core/mprj/wbs_adr_i[11]   0.0000     0.1791        -0.1791  (VIOLATED)
   chip_core/mprj/io_in[33]   0.0000         0.1789        -0.1789  (VIOLATED)
   chip_core/mprj/la_data_in[36]   0.0000    0.1783        -0.1783  (VIOLATED)
   chip_core/mprj/la_data_in[20]   0.0000    0.1776        -0.1776  (VIOLATED)
   chip_core/mprj/la_data_in[16]   0.0000    0.1754        -0.1754  (VIOLATED)
   chip_core/mprj/la_oenb[70]   0.0000       0.1720        -0.1720  (VIOLATED)
   chip_core/mprj/la_oenb[13]   0.0000       0.1719        -0.1719  (VIOLATED)
   chip_core/mprj/la_oenb[66]   0.0000       0.1689        -0.1689  (VIOLATED)
   chip_core/mprj/la_data_in[21]   0.0000    0.1676        -0.1676  (VIOLATED)
   chip_core/mprj/la_oenb[10]   0.0000       0.1669        -0.1669  (VIOLATED)
   chip_core/mprj/io_in[32]   0.0000         0.1629        -0.1629  (VIOLATED)
   chip_core/mprj/la_oenb[14]   0.0000       0.1617        -0.1617  (VIOLATED)
   chip_core/mprj/la_data_in[23]   0.0000    0.1612        -0.1612  (VIOLATED)
   chip_core/mprj/wbs_adr_i[13]   0.0000     0.1590        -0.1590  (VIOLATED)
   chip_core/mprj/la_data_in[22]   0.0000    0.1589        -0.1589  (VIOLATED)
   chip_core/mprj/io_in[26]   0.0000         0.1561        -0.1561  (VIOLATED)
   chip_core/ANTENNA_mgmt_buffers.user_to_mprj_in_gates[69]_A/DIODE   1.5000   1.6541  -0.1541 (VIOLATED)
   chip_core/mgmt_buffers.user_to_mprj_in_gates[69]/A   1.5000   1.6541  -0.1541 (VIOLATED)
   chip_core/mprj/la_oenb[11]   0.0000       0.1526        -0.1526  (VIOLATED)
   chip_core/mprj/la_oenb[62]   0.0000       0.1510        -0.1510  (VIOLATED)
   chip_core/mprj/la_data_in[24]   0.0000    0.1502        -0.1502  (VIOLATED)
   chip_core/mprj/la_oenb[60]   0.0000       0.1493        -0.1493  (VIOLATED)
   chip_core/mprj/la_data_in[25]   0.0000    0.1473        -0.1473  (VIOLATED)
   chip_core/mprj/wbs_sel_i[0]   0.0000      0.1465        -0.1465  (VIOLATED)
   chip_core/mprj/io_in[34]   0.0000         0.1465        -0.1465  (VIOLATED)
   chip_core/mprj/la_oenb[16]   0.0000       0.1460        -0.1460  (VIOLATED)
   chip_core/mprj/la_data_in[58]   0.0000    0.1451        -0.1451  (VIOLATED)
   chip_core/mprj/io_in[35]   0.0000         0.1392        -0.1392  (VIOLATED)
   chip_core/mprj/la_oenb[8]   0.0000        0.1390        -0.1390  (VIOLATED)
   chip_core/mprj/la_oenb[58]   0.0000       0.1386        -0.1386  (VIOLATED)
   chip_core/mprj/la_oenb[7]   0.0000        0.1383        -0.1383  (VIOLATED)
   chip_core/mprj/io_in[25]   0.0000         0.1379        -0.1379  (VIOLATED)
   chip_core/mprj/la_oenb[12]   0.0000       0.1378        -0.1378  (VIOLATED)
   chip_core/mprj/la_data_in[62]   0.0000    0.1376        -0.1376  (VIOLATED)
   chip_core/mprj/la_oenb[23]   0.0000       0.1373        -0.1373  (VIOLATED)
   chip_core/mprj/la_oenb[63]   0.0000       0.1372        -0.1372  (VIOLATED)
   chip_core/mprj/la_oenb[18]   0.0000       0.1369        -0.1369  (VIOLATED)
   chip_core/mprj/wbs_dat_i[16]   0.0000     0.1360        -0.1360  (VIOLATED)
   chip_core/mprj/la_data_in[60]   0.0000    0.1350        -0.1350  (VIOLATED)
   chip_core/mprj/la_oenb[61]   0.0000       0.1339        -0.1339  (VIOLATED)
   chip_core/mprj/la_oenb[56]   0.0000       0.1301        -0.1301  (VIOLATED)
   chip_core/mprj/la_data_in[59]   0.0000    0.1293        -0.1293  (VIOLATED)
   chip_core/mprj/la_oenb[15]   0.0000       0.1277        -0.1277  (VIOLATED)
   chip_core/mprj/la_oenb[59]   0.0000       0.1273        -0.1273  (VIOLATED)
   chip_core/mprj/wbs_adr_i[14]   0.0000     0.1257        -0.1257  (VIOLATED)
   chip_core/mprj/la_oenb[55]   0.0000       0.1249        -0.1249  (VIOLATED)
   chip_core/mprj/io_in[27]   0.0000         0.1246        -0.1246  (VIOLATED)
   chip_core/mprj/la_data_in[61]   0.0000    0.1242        -0.1242  (VIOLATED)
   chip_core/mprj/la_data_in[57]   0.0000    0.1234        -0.1234  (VIOLATED)
   chip_core/mprj/la_oenb[17]   0.0000       0.1231        -0.1231  (VIOLATED)
   chip_core/mprj/io_in[28]   0.0000         0.1221        -0.1221  (VIOLATED)
   chip_core/mprj/la_data_in[63]   0.0000    0.1218        -0.1218  (VIOLATED)
   chip_core/mprj/wbs_sel_i[1]   0.0000      0.1217        -0.1217  (VIOLATED)
   chip_core/mprj/la_oenb[21]   0.0000       0.1216        -0.1216  (VIOLATED)
   chip_core/mprj/wbs_adr_i[10]   0.0000     0.1206        -0.1206  (VIOLATED)
   chip_core/mprj/la_oenb[53]   0.0000       0.1166        -0.1166  (VIOLATED)
   chip_core/mprj/la_data_in[55]   0.0000    0.1149        -0.1149  (VIOLATED)
   chip_core/mprj/io_in[30]   0.0000         0.1146        -0.1146  (VIOLATED)
   chip_core/mprj/la_oenb[126]   0.0000      0.1133        -0.1133  (VIOLATED)
   chip_core/mprj/la_oenb[57]   0.0000       0.1130        -0.1130  (VIOLATED)
   chip_core/mprj/io_in[29]   0.0000         0.1129        -0.1129  (VIOLATED)
   chip_core/mprj/wb_rst_i    0.0000         0.1125        -0.1125  (VIOLATED)
   chip_core/mprj/la_data_in[56]   0.0000    0.1120        -0.1120  (VIOLATED)
   chip_core/mprj/wbs_dat_i[8]   0.0000      0.1108        -0.1108  (VIOLATED)
   chip_core/mprj/wbs_cyc_i   0.0000         0.1098        -0.1098  (VIOLATED)
   chip_core/mprj/wbs_sel_i[3]   0.0000      0.1098        -0.1098  (VIOLATED)
   chip_core/mprj/la_data_in[126]   0.0000   0.1097        -0.1097  (VIOLATED)
   chip_core/mprj/la_oenb[52]   0.0000       0.1093        -0.1093  (VIOLATED)
   chip_core/mprj/la_oenb[111]   0.0000      0.1088        -0.1088  (VIOLATED)
   chip_core/mprj/la_data_in[120]   0.0000   0.1086        -0.1086  (VIOLATED)
   chip_core/mprj/la_oenb[127]   0.0000      0.1083        -0.1083  (VIOLATED)
   chip_core/mprj/wbs_dat_i[12]   0.0000     0.1081        -0.1081  (VIOLATED)
   chip_core/mprj/la_data_in[121]   0.0000   0.1080        -0.1080  (VIOLATED)
   chip_core/mprj/la_oenb[50]   0.0000       0.1074        -0.1074  (VIOLATED)
   chip_core/mprj/la_oenb[24]   0.0000       0.1067        -0.1067  (VIOLATED)
   chip_core/mprj/la_oenb[109]   0.0000      0.1058        -0.1058  (VIOLATED)
   chip_core/mprj/la_oenb[108]   0.0000      0.1054        -0.1054  (VIOLATED)
   chip_core/mprj/la_data_in[116]   0.0000   0.1051        -0.1051  (VIOLATED)
   chip_core/mprj/wbs_adr_i[12]   0.0000     0.1049        -0.1049  (VIOLATED)
   chip_core/mprj/la_oenb[122]   0.0000      0.1044        -0.1044  (VIOLATED)
   chip_core/mprj/wb_clk_i    0.1000         0.2043        -0.1043  (VIOLATED)
   chip_core/mprj/la_oenb[119]   0.0000      0.1037        -0.1037  (VIOLATED)
   chip_core/mprj/io_in[11]   0.0000         0.1033        -0.1033  (VIOLATED)
   chip_core/mprj/la_data_in[108]   0.0000   0.1031        -0.1031  (VIOLATED)
   chip_core/mprj/la_data_in[49]   0.0000    0.1029        -0.1029  (VIOLATED)
   chip_core/mprj/la_oenb[110]   0.0000      0.1029        -0.1029  (VIOLATED)
   chip_core/mprj/la_oenb[54]   0.0000       0.1028        -0.1028  (VIOLATED)
   chip_core/mprj/wbs_sel_i[2]   0.0000      0.1023        -0.1023  (VIOLATED)
   chip_core/ANTENNA_mgmt_buffers.user_to_mprj_in_gates[64]_A/DIODE   1.5000   1.6021  -0.1021 (VIOLATED)
   chip_core/mgmt_buffers.user_to_mprj_in_gates[64]/A   1.5000   1.6021  -0.1021 (VIOLATED)
   chip_core/mprj/wbs_dat_i[13]   0.0000     0.1020        -0.1020  (VIOLATED)
   chip_core/mprj/la_data_in[26]   0.0000    0.1019        -0.1019  (VIOLATED)
   chip_core/mprj/la_data_in[123]   0.0000   0.1018        -0.1018  (VIOLATED)
   chip_core/mprj/wbs_adr_i[6]   0.0000      0.1018        -0.1018  (VIOLATED)
   chip_core/mprj/la_data_in[125]   0.0000   0.1016        -0.1016  (VIOLATED)
   chip_core/mprj/la_data_in[54]   0.0000    0.1013        -0.1013  (VIOLATED)
   chip_core/mprj/la_oenb[123]   0.0000      0.1011        -0.1011  (VIOLATED)
   chip_core/mprj/io_in[31]   0.0000         0.1003        -0.1003  (VIOLATED)
   chip_core/mprj/la_oenb[22]   0.0000       0.1002        -0.1002  (VIOLATED)
   chip_core/mprj/la_oenb[125]   0.0000      0.0991        -0.0991  (VIOLATED)
   chip_core/mprj/wbs_dat_i[10]   0.0000     0.0989        -0.0989  (VIOLATED)
   chip_core/mprj/la_oenb[107]   0.0000      0.0986        -0.0986  (VIOLATED)
   chip_core/mprj/la_data_in[122]   0.0000   0.0980        -0.0980  (VIOLATED)
   chip_core/mprj/la_data_in[46]   0.0000    0.0979        -0.0979  (VIOLATED)
   chip_core/mprj/io_in[19]   0.0000         0.0955        -0.0955  (VIOLATED)
   chip_core/mprj/la_data_in[52]   0.0000    0.0954        -0.0954  (VIOLATED)
   chip_core/mprj/la_oenb[25]   0.0000       0.0946        -0.0946  (VIOLATED)
   chip_core/mprj/la_oenb[114]   0.0000      0.0946        -0.0946  (VIOLATED)
   chip_core/mprj/io_in[12]   0.0000         0.0945        -0.0945  (VIOLATED)
   chip_core/mprj/la_data_in[127]   0.0000   0.0943        -0.0943  (VIOLATED)
   chip_core/mprj/la_data_in[47]   0.0000    0.0942        -0.0942  (VIOLATED)
   chip_core/mprj/la_data_in[117]   0.0000   0.0940        -0.0940  (VIOLATED)
   chip_core/mprj/wbs_dat_i[6]   0.0000      0.0940        -0.0940  (VIOLATED)
   chip_core/mprj/la_data_in[107]   0.0000   0.0939        -0.0939  (VIOLATED)
   chip_core/mprj/la_data_in[114]   0.0000   0.0936        -0.0936  (VIOLATED)
   chip_core/mprj/la_oenb[113]   0.0000      0.0931        -0.0931  (VIOLATED)
   chip_core/mprj/la_data_in[53]   0.0000    0.0926        -0.0926  (VIOLATED)
   chip_core/mprj/io_in[10]   0.0000         0.0920        -0.0920  (VIOLATED)
   chip_core/mprj/la_oenb[124]   0.0000      0.0920        -0.0920  (VIOLATED)
   chip_core/mprj/la_oenb[49]   0.0000       0.0916        -0.0916  (VIOLATED)
   chip_core/mprj/wbs_dat_i[11]   0.0000     0.0915        -0.0915  (VIOLATED)
   chip_core/mprj/wbs_we_i    0.0000         0.0909        -0.0909  (VIOLATED)
   chip_core/mprj/la_oenb[121]   0.0000      0.0906        -0.0906  (VIOLATED)
   chip_core/mprj/wbs_adr_i[2]   0.0000      0.0904        -0.0904  (VIOLATED)
   chip_core/mprj/la_oenb[115]   0.0000      0.0904        -0.0904  (VIOLATED)
   chip_core/mprj/la_oenb[19]   0.0000       0.0902        -0.0902  (VIOLATED)
   chip_core/mprj/wbs_dat_i[9]   0.0000      0.0901        -0.0901  (VIOLATED)
   chip_core/ANTENNA_mgmt_buffers.user_to_mprj_in_gates[126]_A/DIODE   1.5000   1.5901  -0.0901 (VIOLATED)
   chip_core/mgmt_buffers.user_to_mprj_in_gates[126]/A   1.5000   1.5901  -0.0901 (VIOLATED)
   chip_core/mprj/la_oenb[116]   0.0000      0.0894        -0.0894  (VIOLATED)
   chip_core/mprj/la_oenb[20]   0.0000       0.0893        -0.0893  (VIOLATED)
   chip_core/mprj/la_oenb[117]   0.0000      0.0892        -0.0892  (VIOLATED)
   chip_core/mprj/la_oenb[120]   0.0000      0.0891        -0.0891  (VIOLATED)
   chip_core/mprj/la_data_in[50]   0.0000    0.0889        -0.0889  (VIOLATED)
   chip_core/mprj/la_data_in[124]   0.0000   0.0880        -0.0880  (VIOLATED)
   chip_core/mprj/la_oenb[112]   0.0000      0.0877        -0.0877  (VIOLATED)
   chip_core/mprj/wbs_stb_i   0.0000         0.0872        -0.0872  (VIOLATED)
   chip_core/mprj/la_data_in[42]   0.0000    0.0870        -0.0870  (VIOLATED)
   chip_core/mprj/user_clock2   0.0000       0.0865        -0.0865  (VIOLATED)
   chip_core/mprj/la_oenb[45]   0.0000       0.0863        -0.0863  (VIOLATED)
   chip_core/mprj/la_data_in[51]   0.0000    0.0861        -0.0861  (VIOLATED)
   chip_core/mprj/la_oenb[51]   0.0000       0.0844        -0.0844  (VIOLATED)
   chip_core/mprj/io_in[9]    0.0000         0.0844        -0.0844  (VIOLATED)
   chip_core/mprj/la_data_in[27]   0.0000    0.0842        -0.0842  (VIOLATED)
   chip_core/mprj/wbs_dat_i[7]   0.0000      0.0838        -0.0838  (VIOLATED)
   chip_core/mprj/wbs_adr_i[3]   0.0000      0.0838        -0.0838  (VIOLATED)
   chip_core/mprj/io_in[20]   0.0000         0.0829        -0.0829  (VIOLATED)
   chip_core/mprj/wbs_dat_i[5]   0.0000      0.0828        -0.0828  (VIOLATED)
   chip_core/mprj/io_in[8]    0.0000         0.0827        -0.0827  (VIOLATED)
   chip_core/ANTENNA_wire2105_A/DIODE   1.5000   1.5823    -0.0823  (VIOLATED)
   chip_core/wire2105/A       1.5000         1.5823        -0.0823  (VIOLATED)
   chip_core/mprj/la_oenb[48]   0.0000       0.0815        -0.0815  (VIOLATED)
   chip_core/mprj/la_data_in[119]   0.0000   0.0813        -0.0813  (VIOLATED)
   chip_core/ANTENNA_mgmt_buffers.user_to_mprj_in_gates[70]_A/DIODE   1.5000   1.5812  -0.0812 (VIOLATED)
   chip_core/mgmt_buffers.user_to_mprj_in_gates[70]/A   1.5000   1.5812  -0.0812 (VIOLATED)
   chip_core/mprj/wbs_dat_i[4]   0.0000      0.0800        -0.0800  (VIOLATED)
   chip_core/mprj/la_oenb[44]   0.0000       0.0784        -0.0784  (VIOLATED)
   chip_core/mprj/la_oenb[27]   0.0000       0.0778        -0.0778  (VIOLATED)
   chip_core/mprj/la_oenb[41]   0.0000       0.0775        -0.0775  (VIOLATED)
   chip_core/mprj/la_oenb[31]   0.0000       0.0770        -0.0770  (VIOLATED)
   chip_core/mprj/la_data_in[28]   0.0000    0.0766        -0.0766  (VIOLATED)
   chip_core/mprj/la_data_in[44]   0.0000    0.0766        -0.0766  (VIOLATED)
   chip_core/mprj/la_oenb[30]   0.0000       0.0759        -0.0759  (VIOLATED)
   chip_core/mprj/la_oenb[42]   0.0000       0.0757        -0.0757  (VIOLATED)
   chip_core/mprj/la_oenb[46]   0.0000       0.0743        -0.0743  (VIOLATED)
   chip_core/mprj/wbs_dat_i[3]   0.0000      0.0742        -0.0742  (VIOLATED)
   chip_core/mprj/la_data_in[38]   0.0000    0.0741        -0.0741  (VIOLATED)
   chip_core/mprj/la_data_in[48]   0.0000    0.0736        -0.0736  (VIOLATED)
   chip_core/mprj/la_oenb[43]   0.0000       0.0722        -0.0722  (VIOLATED)
   chip_core/mprj/wbs_adr_i[5]   0.0000      0.0714        -0.0714  (VIOLATED)
   chip_core/mprj/la_data_in[45]   0.0000    0.0702        -0.0702  (VIOLATED)
   chip_core/mprj/la_oenb[39]   0.0000       0.0692        -0.0692  (VIOLATED)
   chip_core/mprj/la_data_in[29]   0.0000    0.0690        -0.0690  (VIOLATED)
   chip_core/mprj/io_in[7]    0.0000         0.0687        -0.0687  (VIOLATED)
   chip_core/mprj/la_oenb[29]   0.0000       0.0683        -0.0683  (VIOLATED)
   chip_core/mprj/la_data_in[31]   0.0000    0.0682        -0.0682  (VIOLATED)
   chip_core/mprj/la_oenb[32]   0.0000       0.0668        -0.0668  (VIOLATED)
   chip_core/mprj/la_data_in[40]   0.0000    0.0666        -0.0666  (VIOLATED)
   chip_core/mprj/la_data_in[41]   0.0000    0.0653        -0.0653  (VIOLATED)
   chip_core/mprj/io_in[13]   0.0000         0.0652        -0.0652  (VIOLATED)
   chip_core/mprj/la_oenb[47]   0.0000       0.0651        -0.0651  (VIOLATED)
   chip_core/mprj/io_in[22]   0.0000         0.0631        -0.0631  (VIOLATED)
   chip_core/mprj/la_data_in[34]   0.0000    0.0606        -0.0606  (VIOLATED)
   chip_core/mprj/la_oenb[26]   0.0000       0.0598        -0.0598  (VIOLATED)
   chip_core/mprj/la_oenb[38]   0.0000       0.0597        -0.0597  (VIOLATED)
   chip_core/mprj/la_oenb[36]   0.0000       0.0595        -0.0595  (VIOLATED)
   chip_core/mprj/la_oenb[37]   0.0000       0.0588        -0.0588  (VIOLATED)
   chip_core/mprj/la_oenb[33]   0.0000       0.0586        -0.0586  (VIOLATED)
   chip_core/mprj/io_in[16]   0.0000         0.0569        -0.0569  (VIOLATED)
   chip_core/mprj/io_in[15]   0.0000         0.0558        -0.0558  (VIOLATED)
   chip_core/mprj/la_oenb[40]   0.0000       0.0554        -0.0554  (VIOLATED)
   chip_core/mprj/la_oenb[28]   0.0000       0.0536        -0.0536  (VIOLATED)
   chip_core/mprj/io_in[21]   0.0000         0.0536        -0.0536  (VIOLATED)
   chip_core/mprj/io_in[24]   0.0000         0.0523        -0.0523  (VIOLATED)
   chip_core/mprj/la_oenb[35]   0.0000       0.0504        -0.0504  (VIOLATED)
   chip_core/mprj/la_oenb[34]   0.0000       0.0501        -0.0501  (VIOLATED)
   chip_core/mprj/io_in[14]   0.0000         0.0411        -0.0411  (VIOLATED)
   chip_core/mprj/io_in[18]   0.0000         0.0407        -0.0407  (VIOLATED)
   chip_core/mprj/io_in[17]   0.0000         0.0397        -0.0397  (VIOLATED)
   chip_core/mprj/io_in[36]   0.1000         0.1375        -0.0375  (VIOLATED)
   chip_core/mprj/io_in[23]   0.0000         0.0351        -0.0351  (VIOLATED)
   chip_core/ANTENNA_mgmt_buffers.user_to_mprj_in_gates[71]_A/DIODE   1.5000   1.5307  -0.0307 (VIOLATED)
   chip_core/mgmt_buffers.user_to_mprj_in_gates[71]/A   1.5000   1.5307  -0.0307 (VIOLATED)
   chip_core/mprj/io_in[37]   0.1000         0.1201        -0.0201  (VIOLATED)


1
