****************************************
Report : constraint
	-all_violators
	-path slack_only
Design : caravel
Version: T-2022.03-SP3
Date   : Sat Apr 29 12:51:03 2023
****************************************


   max_delay/setup ('clk' group)

   Endpoint                                                  Slack
   -----------------------------------------------------------------
   chip_core/_36962_/D                                    -10733.2520 (VIOLATED)
   chip_core/_36972_/D                                    -10730.9395 (VIOLATED)
   chip_core/_36952_/D                                    -10730.5000 (VIOLATED)
   chip_core/_36974_/D                                    -10729.3750 (VIOLATED)
   chip_core/_36984_/D                                    -10727.4463 (VIOLATED)
   chip_core/_37006_/D                                    -10722.6865 (VIOLATED)
   chip_core/_37014_/D                                    -10722.6719 (VIOLATED)
   chip_core/_37024_/D                                    -10722.0371 (VIOLATED)
   chip_core/_37016_/D                                    -10721.8916 (VIOLATED)
   chip_core/_37026_/D                                    -10721.3271 (VIOLATED)
   chip_core/_37036_/D                                    -10720.4893 (VIOLATED)
   chip_core/_37038_/D                                    -10718.2305 (VIOLATED)
   chip_core/_37048_/D                                    -10717.5674 (VIOLATED)
   chip_core/_37064_/D                                    -10715.2803 (VIOLATED)
   chip_core/_36990_/D                                    -10704.6738 (VIOLATED)
   chip_core/_36996_/D                                    -10703.7842 (VIOLATED)
   chip_core/_37002_/D                                    -10702.1631 (VIOLATED)
   chip_core/_36982_/D                                    -10701.9082 (VIOLATED)
   chip_core/_36992_/D                                    -10700.8682 (VIOLATED)
   chip_core/_36998_/D                                    -10700.2158 (VIOLATED)
   chip_core/_37008_/D                                    -10699.2305 (VIOLATED)
   chip_core/_37018_/D                                    -10698.2402 (VIOLATED)
   chip_core/_37028_/D                                    -10697.7070 (VIOLATED)
   chip_core/_37030_/D                                    -10695.5918 (VIOLATED)
   chip_core/_37040_/D                                    -10694.6680 (VIOLATED)
   chip_core/_37068_/D                                    -10692.5400 (VIOLATED)
   chip_core/_37054_/D                                    -10691.6318 (VIOLATED)
   chip_core/_37062_/D                                    -10691.3018 (VIOLATED)
   chip_core/_36994_/D                                    -10675.7168 (VIOLATED)
   chip_core/_37004_/D                                    -10675.6406 (VIOLATED)
   chip_core/_37000_/D                                    -10674.5264 (VIOLATED)
   chip_core/_37010_/D                                    -10673.8818 (VIOLATED)
   chip_core/_37020_/D                                    -10672.8389 (VIOLATED)
   chip_core/_37022_/D                                    -10670.7930 (VIOLATED)
   chip_core/_37032_/D                                    -10670.0205 (VIOLATED)
   chip_core/_37046_/D                                    -10666.2490 (VIOLATED)
   chip_core/_37056_/D                                    -10666.0215 (VIOLATED)
   chip_core/_37066_/D                                    -10665.8848 (VIOLATED)
   chip_core/_37076_/D                                    -10665.2559 (VIOLATED)
   chip_core/_37070_/D                                    -10665.0293 (VIOLATED)
   chip_core/_36966_/D                                    -10641.2617 (VIOLATED)
   chip_core/_36976_/D                                    -10641.2295 (VIOLATED)
   chip_core/_36986_/D                                    -10640.4316 (VIOLATED)
   chip_core/_37012_/D                                    -10636.1211 (VIOLATED)
   chip_core/_37042_/D                                    -10628.6660 (VIOLATED)
   chip_core/_37052_/D                                    -10628.0098 (VIOLATED)
   chip_core/_37072_/D                                    -10624.1641 (VIOLATED)
   chip_core/_36988_/D                                    -10610.3652 (VIOLATED)
   chip_core/_37060_/D                                    -10581.9609 (VIOLATED)
   chip_core/_37050_/D                                    -10581.7402 (VIOLATED)
   chip_core/_36980_/D                                    -10566.7715 (VIOLATED)
   chip_core/_36958_/D                                    -10555.1562 (VIOLATED)
   chip_core/_36968_/D                                    -10553.3271 (VIOLATED)
   chip_core/_36978_/D                                    -10552.7188 (VIOLATED)
   chip_core/mprj/la_data_in[78]                          -10355.1328 (VIOLATED)
   chip_core/mprj/la_data_in[56]                          -10349.0107 (VIOLATED)
   chip_core/_36970_/D                                    -10286.1582 (VIOLATED)
   chip_core/mprj/la_data_in[107]                         -10283.2373 (VIOLATED)
   chip_core/mprj/la_data_in[114]                         -10276.1309 (VIOLATED)
   chip_core/_37034_/D                                    -10272.9502 (VIOLATED)
   chip_core/_37044_/D                                    -10272.1133 (VIOLATED)
   chip_core/_37074_/D                                    -10269.7793 (VIOLATED)
   chip_core/_35357_/D                                    -10269.3115 (VIOLATED)
   chip_core/mprj/la_data_in[125]                         -10261.3643 (VIOLATED)
   chip_core/mprj/la_data_in[113]                         -10241.2090 (VIOLATED)
   chip_core/mprj/la_data_in[111]                         -10240.8750 (VIOLATED)
   chip_core/mprj/la_data_in[110]                         -10225.5820 (VIOLATED)
   chip_core/mprj/la_data_in[112]                         -10224.9902 (VIOLATED)
   chip_core/mprj/la_data_in[108]                         -10223.9102 (VIOLATED)
   chip_core/mprj/la_data_in[115]                         -10195.1230 (VIOLATED)
   chip_core/mprj/la_data_in[118]                         -10195.1045 (VIOLATED)
   chip_core/mprj/la_data_in[109]                         -10190.0322 (VIOLATED)
   chip_core/mprj/la_data_in[116]                         -10189.8213 (VIOLATED)
   chip_core/mprj/la_data_in[106]                         -10189.4707 (VIOLATED)
   chip_core/mprj/la_data_in[103]                         -10189.3535 (VIOLATED)
   chip_core/mprj/la_data_in[117]                         -10184.4971 (VIOLATED)
   chip_core/mprj/la_data_in[122]                         -10148.3945 (VIOLATED)
   chip_core/mprj/la_data_in[120]                         -10148.1348 (VIOLATED)
   chip_core/mprj/la_data_in[119]                         -10148.0830 (VIOLATED)
   chip_core/mprj/la_data_in[121]                         -10140.3301 (VIOLATED)
   chip_core/_35361_/D                                    -10102.3105 (VIOLATED)
   chip_core/mprj/la_data_in[126]                         -10095.4131 (VIOLATED)
   chip_core/mprj/la_data_in[124]                         -10095.3027 (VIOLATED)
   chip_core/mprj/la_data_in[123]                         -10094.7363 (VIOLATED)
   chip_core/mprj/la_data_in[127]                         -10054.9092 (VIOLATED)
   chip_core/_36960_/D                                    -9786.3975 (VIOLATED)
   chip_core/_36954_/D                                    -9672.3457 (VIOLATED)
   chip_core/mprj/la_data_in[104]                         -9671.1260 (VIOLATED)
   chip_core/_35340_/D                                    -9541.0801 (VIOLATED)
   chip_core/_36964_/D                                    -9332.6045 (VIOLATED)
   chip_core/_35355_/D                                    -9154.7510 (VIOLATED)
   chip_core/mprj/la_data_in[105]                         -9036.6631 (VIOLATED)
   chip_core/mprj/la_data_in[59]                          -9014.1729 (VIOLATED)
   chip_core/_36956_/D                                    -8868.4805 (VIOLATED)
   chip_core/_35359_/D                                    -8844.3906 (VIOLATED)
   chip_core/_37058_/D                                    -8840.6074 (VIOLATED)
   chip_core/_35349_/D                                    -8177.0947 (VIOLATED)
   chip_core/_35353_/D                                    -8029.4980 (VIOLATED)
   chip_core/mprj/la_data_in[65]                          -7813.3926 (VIOLATED)
   chip_core/mprj/la_data_in[100]                         -7461.5923 (VIOLATED)
   chip_core/mprj/la_data_in[97]                          -7457.9819 (VIOLATED)
   chip_core/mprj/la_data_in[95]                          -7457.7773 (VIOLATED)
   chip_core/mprj/la_data_in[98]                          -7436.7998 (VIOLATED)
   chip_core/mprj/la_data_in[101]                         -7436.6118 (VIOLATED)
   chip_core/mprj/la_data_in[102]                         -7436.5854 (VIOLATED)
   chip_core/mprj/la_data_in[94]                          -7430.1665 (VIOLATED)
   chip_core/mprj/la_data_in[91]                          -7429.9668 (VIOLATED)
   chip_core/mprj/la_data_in[96]                          -7429.8877 (VIOLATED)
   chip_core/mprj/la_data_in[87]                          -7423.4199 (VIOLATED)
   chip_core/mprj/la_data_in[89]                          -7423.3940 (VIOLATED)
   chip_core/mprj/la_data_in[99]                          -7387.1113 (VIOLATED)
   chip_core/mprj/la_data_in[76]                          -7216.8721 (VIOLATED)
   chip_core/_35351_/D                                    -6603.8198 (VIOLATED)
   chip_core/mprj/la_data_in[72]                          -6557.8735 (VIOLATED)
   chip_core/mprj/la_data_in[90]                          -6551.5781 (VIOLATED)
   chip_core/mprj/la_data_in[88]                          -6551.5654 (VIOLATED)
   chip_core/mprj/la_data_in[92]                          -5828.2427 (VIOLATED)
   chip_core/mprj/la_data_in[93]                          -5776.0288 (VIOLATED)
   chip_core/mprj/la_data_in[68]                          -5715.4746 (VIOLATED)
   chip_core/mprj/la_data_in[69]                          -5246.6807 (VIOLATED)
   chip_core/mprj/la_data_in[83]                          -5226.4058 (VIOLATED)
   chip_core/mprj/la_data_in[86]                          -5226.2373 (VIOLATED)
   chip_core/mprj/la_data_in[85]                          -4897.2417 (VIOLATED)
   chip_core/mprj/la_data_in[81]                          -4633.1372 (VIOLATED)
   chip_core/mprj/la_data_in[84]                          -4631.3843 (VIOLATED)
   chip_core/mprj/la_data_in[80]                          -4625.3203 (VIOLATED)
   chip_core/_37078_/D                                    -4625.0986 (VIOLATED)
   chip_core/mprj/la_data_in[58]                          -4426.8667 (VIOLATED)
   chip_core/mprj/la_data_in[61]                          -4330.3525 (VIOLATED)
   chip_core/mprj/la_data_in[60]                          -4323.5884 (VIOLATED)
   chip_core/mprj/la_data_in[57]                          -3853.6504 (VIOLATED)
   chip_core/mprj/la_data_in[62]                          -3828.4844 (VIOLATED)
   chip_core/mprj/la_data_in[64]                          -3052.3022 (VIOLATED)
   chip_core/mprj/la_data_in[79]                          -2905.3513 (VIOLATED)
   chip_core/mprj/la_data_in[75]                          -2886.7900 (VIOLATED)
   chip_core/mprj/la_data_in[67]                          -2880.3628 (VIOLATED)
   chip_core/mprj/la_data_in[66]                          -2538.0740 (VIOLATED)
   chip_core/mprj/la_data_in[82]                          -2519.3269 (VIOLATED)
   chip_core/mprj/la_data_in[77]                          -2506.4954 (VIOLATED)
   chip_core/mprj/la_data_in[63]                          -2424.8948 (VIOLATED)
   chip_core/mprj/la_data_in[71]                          -2212.7988 (VIOLATED)
   chip_core/mprj/la_data_in[70]                          -2082.3779 (VIOLATED)
   chip_core/mprj/la_data_in[73]                          -2082.3408 (VIOLATED)
   chip_core/mprj/la_data_in[74]                          -1894.3192 (VIOLATED)







   max_capacitance

                             Required        Actual
   Pin                      Capacitance    Capacitance       Slack
   -----------------------------------------------------------------
   chip_core/mprj/la_data_out[62]   0.3809   0.8958        -0.5150  (VIOLATED)
   chip_core/mprj/la_data_out[61]   0.3809   0.8138        -0.4330  (VIOLATED)
   chip_core/mprj/la_data_out[65]   0.3809   0.7678        -0.3870  (VIOLATED)
   chip_core/mprj/la_data_out[60]   0.3809   0.7424        -0.3615  (VIOLATED)
   chip_core/mprj/la_data_out[57]   0.3809   0.7232        -0.3423  (VIOLATED)
   chip_core/mprj/la_data_out[58]   0.3809   0.7018        -0.3209  (VIOLATED)
   chip_core/mprj/la_data_out[66]   0.3809   0.6585        -0.2776  (VIOLATED)
   chip_core/mprj/la_data_out[56]   0.3809   0.6517        -0.2709  (VIOLATED)
   chip_core/mprj/la_data_out[59]   0.3809   0.6253        -0.2444  (VIOLATED)
   chip_core/mprj/la_data_out[67]   0.3809   0.6249        -0.2440  (VIOLATED)
   chip_core/mprj/la_data_out[68]   0.3809   0.6170        -0.2361  (VIOLATED)
   chip_core/mprj/la_data_out[69]   0.3809   0.6142        -0.2333  (VIOLATED)
   chip_core/mprj/la_data_out[75]   0.3809   0.5899        -0.2090  (VIOLATED)
   chip_core/mprj/la_data_out[64]   0.3809   0.5850        -0.2041  (VIOLATED)
   chip_core/mprj/la_data_out[63]   0.3809   0.5846        -0.2037  (VIOLATED)
   chip_core/mprj/la_data_out[70]   0.3809   0.5389        -0.1580  (VIOLATED)
   chip_core/mprj/la_data_out[71]   0.3809   0.5370        -0.1561  (VIOLATED)
   chip_core/mprj/la_data_out[127]   0.3809   0.5334       -0.1525  (VIOLATED)
   chip_core/mprj/io_out[0]   0.3809         0.4900        -0.1092  (VIOLATED)
   chip_core/mprj/la_data_out[126]   0.3809   0.4819       -0.1010  (VIOLATED)
   chip_core/mprj/la_data_out[73]   0.3809   0.4698        -0.0890  (VIOLATED)
   chip_core/mprj/io_out[2]   0.3809         0.4698        -0.0889  (VIOLATED)
   chip_core/mprj/la_data_out[74]   0.3809   0.4692        -0.0883  (VIOLATED)
   chip_core/mprj/la_data_out[124]   0.3809   0.4678       -0.0869  (VIOLATED)
   chip_core/mprj/la_data_out[78]   0.3809   0.4675        -0.0866  (VIOLATED)
   chip_core/mprj/la_data_out[72]   0.3809   0.4660        -0.0852  (VIOLATED)
   chip_core/mprj/la_data_out[77]   0.3809   0.4619        -0.0810  (VIOLATED)
   chip_core/mprj/io_out[3]   0.3809         0.4557        -0.0748  (VIOLATED)
   chip_core/mprj/la_data_out[123]   0.3809   0.4506       -0.0697  (VIOLATED)
   chip_core/mprj/la_data_out[125]   0.3809   0.4503       -0.0694  (VIOLATED)
   chip_core/mprj/la_data_out[76]   0.3809   0.4415        -0.0607  (VIOLATED)
   chip_core/mprj/la_data_out[121]   0.3809   0.4274       -0.0465  (VIOLATED)
   chip_core/mprj/la_data_out[114]   0.3809   0.4267       -0.0458  (VIOLATED)
   chip_core/mprj/la_data_out[122]   0.3809   0.4264       -0.0456  (VIOLATED)
   chip_core/mprj/la_data_out[81]   0.3809   0.4032        -0.0223  (VIOLATED)
   chip_core/mprj/la_data_out[79]   0.3809   0.4001        -0.0192  (VIOLATED)
   chip_core/soc.core.RAM128/Do0MUX.M[0].MUX[0]/X   0.1611   0.1628  -0.0017 (VIOLATED)


   max_transition

                             Required        Actual
   Pin                      Transition     Transition        Slack
   -----------------------------------------------------------------
   chip_core/mgmt_buffers.user_to_mprj_in_gates[62]/A   1.5000   5.3452  -3.8452 (VIOLATED)
   chip_core/ANTENNA_mgmt_buffers.user_to_mprj_in_gates[62]_A/DIODE   1.5000   5.3450  -3.8450 (VIOLATED)
   chip_core/mgmt_buffers.user_to_mprj_in_gates[61]/A   1.5000   4.8334  -3.3334 (VIOLATED)
   chip_core/ANTENNA_mgmt_buffers.user_to_mprj_in_gates[61]_A/DIODE   1.5000   4.8330  -3.3330 (VIOLATED)
   chip_core/mgmt_buffers.user_to_mprj_in_gates[60]/A   1.5000   4.6356  -3.1356 (VIOLATED)
   chip_core/ANTENNA_mgmt_buffers.user_to_mprj_in_gates[60]_A/DIODE   1.5000   4.6355  -3.1355 (VIOLATED)
   chip_core/mgmt_buffers.user_to_mprj_in_gates[57]/A   1.5000   4.5026  -3.0026 (VIOLATED)
   chip_core/ANTENNA_mgmt_buffers.user_to_mprj_in_gates[57]_A/DIODE   1.5000   4.5022  -3.0022 (VIOLATED)
   chip_core/mgmt_buffers.user_to_mprj_in_gates[58]/A   1.5000   4.3626  -2.8626 (VIOLATED)
   chip_core/ANTENNA_mgmt_buffers.user_to_mprj_in_gates[58]_A/DIODE   1.5000   4.3624  -2.8624 (VIOLATED)
   chip_core/ANTENNA_mgmt_buffers.user_to_mprj_in_gates[65]_A/DIODE   1.5000   4.2332  -2.7332 (VIOLATED)
   chip_core/mgmt_buffers.user_to_mprj_in_gates[65]/A   1.5000   4.2332  -2.7332 (VIOLATED)
   chip_core/ANTENNA_mgmt_buffers.user_to_mprj_in_gates[66]_A/DIODE   1.5000   3.5959  -2.0959 (VIOLATED)
   chip_core/mgmt_buffers.user_to_mprj_in_gates[66]/A   1.5000   3.5839  -2.0839 (VIOLATED)
   chip_core/mgmt_buffers.user_to_mprj_in_gates[59]/A   1.5000   3.4912  -1.9912 (VIOLATED)
   chip_core/ANTENNA_mgmt_buffers.user_to_mprj_in_gates[59]_A/DIODE   1.5000   3.4910  -1.9910 (VIOLATED)
   chip_core/ANTENNA_mgmt_buffers.user_to_mprj_in_gates[67]_A/DIODE   1.5000   3.2373  -1.7373 (VIOLATED)
   chip_core/mgmt_buffers.user_to_mprj_in_gates[67]/A   1.5000   3.2373  -1.7373 (VIOLATED)
   chip_core/ANTENNA_mgmt_buffers.user_to_mprj_in_gates[68]_A/DIODE   1.5000   3.1610  -1.6610 (VIOLATED)
   chip_core/mgmt_buffers.user_to_mprj_in_gates[68]/A   1.5000   3.1610  -1.6610 (VIOLATED)
   chip_core/ANTENNA_mgmt_buffers.user_to_mprj_in_gates[75]_A/DIODE   1.5000   2.9678  -1.4678 (VIOLATED)
   chip_core/mgmt_buffers.user_to_mprj_in_gates[75]/A   1.5000   2.9678  -1.4678 (VIOLATED)
   chip_core/mgmt_buffers.user_to_mprj_in_gates[63]/A   1.5000   2.9524  -1.4524 (VIOLATED)
   chip_core/ANTENNA_mgmt_buffers.user_to_mprj_in_gates[63]_A/DIODE   1.5000   2.9522  -1.4522 (VIOLATED)
   chip_core/ANTENNA_mgmt_buffers.user_to_mprj_in_gates[127]_A/DIODE   1.5000   2.9257  -1.4257 (VIOLATED)
   chip_core/mgmt_buffers.user_to_mprj_in_gates[127]/A   1.5000   2.9257  -1.4257 (VIOLATED)
   chip_core/mgmt_buffers.user_to_mprj_in_gates[56]/A   1.5000   2.6542  -1.1542 (VIOLATED)
   chip_core/ANTENNA_mgmt_buffers.user_to_mprj_in_gates[56]_A/DIODE   1.5000   2.6540  -1.1540 (VIOLATED)
   chip_core/ANTENNA_wire2105_A/DIODE   1.5000   2.5942    -1.0942  (VIOLATED)
   chip_core/wire2105/A       1.5000         2.5942        -1.0942  (VIOLATED)
   chip_core/ANTENNA_mgmt_buffers.user_to_mprj_in_gates[69]_A/DIODE   1.5000   2.5523  -1.0523 (VIOLATED)
   chip_core/mgmt_buffers.user_to_mprj_in_gates[69]/A   1.5000   2.5523  -1.0523 (VIOLATED)
   chip_core/ANTENNA_mgmt_buffers.user_to_mprj_in_gates[70]_A/DIODE   1.5000   2.5302  -1.0302 (VIOLATED)
   chip_core/mgmt_buffers.user_to_mprj_in_gates[70]/A   1.5000   2.5302  -1.0302 (VIOLATED)
   chip_core/ANTENNA_mgmt_buffers.user_to_mprj_in_gates[126]_A/DIODE   1.5000   2.4865  -0.9865 (VIOLATED)
   chip_core/mgmt_buffers.user_to_mprj_in_gates[126]/A   1.5000   2.4865  -0.9865 (VIOLATED)
   chip_core/mprj/la_oenb[102]   0.0000      0.9761        -0.9761  (VIOLATED)
   chip_core/mprj/la_oenb[106]   0.0000      0.9703        -0.9703  (VIOLATED)
   chip_core/mprj/la_data_in[109]   0.0000   0.9444        -0.9444  (VIOLATED)
   chip_core/mprj/la_oenb[103]   0.0000      0.9400        -0.9400  (VIOLATED)
   chip_core/ANTENNA_mgmt_buffers.user_to_mprj_in_gates[71]_A/DIODE   1.5000   2.4335  -0.9335 (VIOLATED)
   chip_core/mgmt_buffers.user_to_mprj_in_gates[71]/A   1.5000   2.4335  -0.9335 (VIOLATED)
   chip_core/mprj/wbs_adr_i[19]   0.0000     0.9278        -0.9278  (VIOLATED)
   chip_core/mprj/la_oenb[105]   0.0000      0.9216        -0.9216  (VIOLATED)
   chip_core/mprj/wbs_dat_i[14]   0.0000     0.9196        -0.9196  (VIOLATED)
   chip_core/mprj/wbs_dat_i[15]   0.0000     0.9041        -0.9041  (VIOLATED)
   chip_core/ANTENNA_mgmt_buffers.user_to_mprj_in_gates[64]_A/DIODE   1.5000   2.3939  -0.8939 (VIOLATED)
   chip_core/mgmt_buffers.user_to_mprj_in_gates[64]/A   1.5000   2.3939  -0.8939 (VIOLATED)
   chip_core/mprj/wbs_adr_i[22]   0.0000     0.8865        -0.8865  (VIOLATED)
   chip_core/mprj/wbs_adr_i[15]   0.0000     0.8863        -0.8863  (VIOLATED)
   chip_core/mprj/la_data_in[115]   0.0000   0.8835        -0.8835  (VIOLATED)
   chip_core/mprj/wbs_dat_i[20]   0.0000     0.8830        -0.8830  (VIOLATED)
   chip_core/mprj/wbs_dat_i[17]   0.0000     0.8737        -0.8737  (VIOLATED)
   chip_core/ANTENNA_mgmt_buffers.user_to_mprj_in_gates[124]_A/DIODE   1.5000   2.3675  -0.8675 (VIOLATED)
   chip_core/mgmt_buffers.user_to_mprj_in_gates[124]/A   1.5000   2.3675  -0.8675 (VIOLATED)
   chip_core/mprj/wbs_adr_i[17]   0.0000     0.8643        -0.8643  (VIOLATED)
   chip_core/mprj/la_oenb[104]   0.0000      0.8614        -0.8614  (VIOLATED)
   chip_core/mprj/la_oenb[100]   0.0000      0.8467        -0.8467  (VIOLATED)
   chip_core/mprj/la_oenb[95]   0.0000       0.8418        -0.8418  (VIOLATED)
   chip_core/ANTENNA_wire2103_A/DIODE   1.5000   2.3399    -0.8399  (VIOLATED)
   chip_core/wire2103/A       1.5000         2.3399        -0.8399  (VIOLATED)
   chip_core/mprj/la_data_in[104]   0.0000   0.8391        -0.8391  (VIOLATED)
   chip_core/mprj/wbs_dat_i[19]   0.0000     0.8382        -0.8382  (VIOLATED)
   chip_core/ANTENNA_mgmt_buffers.user_to_mprj_in_gates[125]_A/DIODE   1.5000   2.3272  -0.8272 (VIOLATED)
   chip_core/mgmt_buffers.user_to_mprj_in_gates[125]/A   1.5000   2.3272  -0.8272 (VIOLATED)
   chip_core/mprj/la_data_in[111]   0.0000   0.8197        -0.8197  (VIOLATED)
   chip_core/mprj/la_data_in[92]   0.0000    0.8117        -0.8117  (VIOLATED)
   chip_core/mprj/la_data_in[118]   0.0000   0.8116        -0.8116  (VIOLATED)
   chip_core/mprj/la_data_in[113]   0.0000   0.8046        -0.8046  (VIOLATED)
   chip_core/ANTENNA_wire2102_A/DIODE   1.5000   2.2948    -0.7948  (VIOLATED)
   chip_core/wire2102/A       1.5000         2.2948        -0.7948  (VIOLATED)
   chip_core/ANTENNA_mgmt_buffers.user_to_mprj_in_gates[123]_A/DIODE   1.5000   2.2940  -0.7940 (VIOLATED)
   chip_core/mgmt_buffers.user_to_mprj_in_gates[123]/A   1.5000   2.2940  -0.7940 (VIOLATED)
   chip_core/mprj/wbs_dat_i[18]   0.0000     0.7892        -0.7892  (VIOLATED)
   chip_core/mprj/la_oenb[98]   0.0000       0.7887        -0.7887  (VIOLATED)
   chip_core/mprj/la_data_in[95]   0.0000    0.7866        -0.7866  (VIOLATED)
   chip_core/mprj/la_data_in[112]   0.0000   0.7822        -0.7822  (VIOLATED)
   chip_core/mprj/la_oenb[101]   0.0000      0.7799        -0.7799  (VIOLATED)
   chip_core/mprj/wbs_adr_i[8]   0.0000      0.7646        -0.7646  (VIOLATED)
   chip_core/mprj/la_oenb[94]   0.0000       0.7633        -0.7633  (VIOLATED)
   chip_core/mprj/wbs_adr_i[7]   0.0000      0.7479        -0.7479  (VIOLATED)
   chip_core/mprj/la_data_in[101]   0.0000   0.7398        -0.7398  (VIOLATED)
   chip_core/mprj/wbs_adr_i[27]   0.0000     0.7321        -0.7321  (VIOLATED)
   chip_core/mprj/la_oenb[90]   0.0000       0.7317        -0.7317  (VIOLATED)
   chip_core/mprj/la_data_in[105]   0.0000   0.7255        -0.7255  (VIOLATED)
   chip_core/mprj/la_oenb[92]   0.0000       0.7235        -0.7235  (VIOLATED)
   chip_core/mprj/wbs_dat_i[27]   0.0000     0.7222        -0.7222  (VIOLATED)
   chip_core/mprj/wbs_dat_i[25]   0.0000     0.7209        -0.7209  (VIOLATED)
   chip_core/mprj/la_data_in[94]   0.0000    0.7184        -0.7184  (VIOLATED)
   chip_core/mprj/la_data_in[100]   0.0000   0.7060        -0.7060  (VIOLATED)
   chip_core/mprj/la_data_in[106]   0.0000   0.7021        -0.7021  (VIOLATED)
   chip_core/mprj/wbs_adr_i[23]   0.0000     0.6980        -0.6980  (VIOLATED)
   chip_core/mprj/la_data_in[97]   0.0000    0.6974        -0.6974  (VIOLATED)
   chip_core/mprj/la_oenb[99]   0.0000       0.6944        -0.6944  (VIOLATED)
   chip_core/mprj/la_data_in[91]   0.0000    0.6943        -0.6943  (VIOLATED)
   chip_core/mprj/wbs_dat_i[23]   0.0000     0.6933        -0.6933  (VIOLATED)
   chip_core/mprj/la_data_in[90]   0.0000    0.6907        -0.6907  (VIOLATED)
   chip_core/mprj/wbs_dat_i[22]   0.0000     0.6886        -0.6886  (VIOLATED)
   chip_core/mprj/la_data_in[3]   0.0000     0.6850        -0.6850  (VIOLATED)
   chip_core/mprj/wbs_dat_i[28]   0.0000     0.6800        -0.6800  (VIOLATED)
   chip_core/ANTENNA_mgmt_buffers.user_to_mprj_in_gates[72]_A/DIODE   1.5000   2.1791  -0.6791 (VIOLATED)
   chip_core/mgmt_buffers.user_to_mprj_in_gates[72]/A   1.5000   2.1791  -0.6791 (VIOLATED)
   chip_core/mprj/wbs_adr_i[26]   0.0000     0.6723        -0.6723  (VIOLATED)
   chip_core/mprj/la_data_in[110]   0.0000   0.6702        -0.6702  (VIOLATED)
   chip_core/mprj/wbs_adr_i[25]   0.0000     0.6690        -0.6690  (VIOLATED)
   chip_core/mprj/la_oenb[93]   0.0000       0.6650        -0.6650  (VIOLATED)
   chip_core/mprj/wbs_adr_i[20]   0.0000     0.6643        -0.6643  (VIOLATED)
   chip_core/mprj/wbs_adr_i[16]   0.0000     0.6636        -0.6636  (VIOLATED)
   chip_core/ANTENNA_mgmt_buffers.user_to_mprj_in_gates[114]_A/DIODE   1.5000   2.1627  -0.6627 (VIOLATED)
   chip_core/mgmt_buffers.user_to_mprj_in_gates[114]/A   1.5000   2.1627  -0.6627 (VIOLATED)
   chip_core/mprj/wbs_adr_i[4]   0.0000      0.6621        -0.6621  (VIOLATED)
   chip_core/mprj/la_data_in[93]   0.0000    0.6607        -0.6607  (VIOLATED)
   chip_core/mprj/la_data_in[103]   0.0000   0.6579        -0.6579  (VIOLATED)
   chip_core/mprj/la_data_in[102]   0.0000   0.6570        -0.6570  (VIOLATED)
   chip_core/mprj/la_data_in[98]   0.0000    0.6562        -0.6562  (VIOLATED)
   chip_core/mprj/wbs_adr_i[18]   0.0000     0.6539        -0.6539  (VIOLATED)
   chip_core/mprj/la_data_in[0]   0.0000     0.6493        -0.6493  (VIOLATED)
   chip_core/mprj/la_data_in[1]   0.0000     0.6490        -0.6490  (VIOLATED)
   chip_core/mprj/wbs_adr_i[24]   0.0000     0.6482        -0.6482  (VIOLATED)
   chip_core/mprj/la_data_in[2]   0.0000     0.6415        -0.6415  (VIOLATED)
   chip_core/mprj/la_data_in[88]   0.0000    0.6399        -0.6399  (VIOLATED)
   chip_core/ANTENNA_mgmt_buffers.user_to_mprj_in_gates[121]_A/DIODE   1.5000   2.1366  -0.6366 (VIOLATED)
   chip_core/mgmt_buffers.user_to_mprj_in_gates[121]/A   1.5000   2.1366  -0.6366 (VIOLATED)
   chip_core/ANTENNA_mgmt_buffers.user_to_mprj_in_gates[122]_A/DIODE   1.5000   2.1356  -0.6356 (VIOLATED)
   chip_core/mgmt_buffers.user_to_mprj_in_gates[122]/A   1.5000   2.1356  -0.6356 (VIOLATED)
   chip_core/mprj/la_oenb[97]   0.0000       0.6318        -0.6318  (VIOLATED)
   chip_core/mprj/la_oenb[118]   0.0000      0.6298        -0.6298  (VIOLATED)
   chip_core/mprj/wbs_dat_i[30]   0.0000     0.6165        -0.6165  (VIOLATED)
   chip_core/mprj/la_oenb[91]   0.0000       0.6150        -0.6150  (VIOLATED)
   chip_core/ANTENNA_mgmt_buffers.user_to_mprj_in_gates[78]_A/DIODE   1.5000   2.1128  -0.6128 (VIOLATED)
   chip_core/mgmt_buffers.user_to_mprj_in_gates[78]/A   1.5000   2.1128  -0.6128 (VIOLATED)
   chip_core/mprj/la_data_in[99]   0.0000    0.6103        -0.6103  (VIOLATED)
   chip_core/mprj/la_oenb[89]   0.0000       0.6086        -0.6086  (VIOLATED)
   chip_core/ANTENNA_mgmt_buffers.user_to_mprj_in_gates[73]_A/DIODE   1.5000   2.1078  -0.6078 (VIOLATED)
   chip_core/mgmt_buffers.user_to_mprj_in_gates[73]/A   1.5000   2.1078  -0.6078 (VIOLATED)
   chip_core/mprj/wbs_adr_i[29]   0.0000     0.6061        -0.6061  (VIOLATED)
   chip_core/mprj/la_data_in[89]   0.0000    0.6049        -0.6049  (VIOLATED)
   chip_core/mprj/wbs_adr_i[30]   0.0000     0.5917        -0.5917  (VIOLATED)
   chip_core/mprj/la_oenb[87]   0.0000       0.5908        -0.5908  (VIOLATED)
   chip_core/mprj/la_data_in[80]   0.0000    0.5863        -0.5863  (VIOLATED)
   chip_core/mprj/la_oenb[96]   0.0000       0.5804        -0.5804  (VIOLATED)
   chip_core/mprj/la_oenb[83]   0.0000       0.5768        -0.5768  (VIOLATED)
   chip_core/mprj/wbs_dat_i[0]   0.0000      0.5752        -0.5752  (VIOLATED)
   chip_core/mprj/wbs_adr_i[21]   0.0000     0.5749        -0.5749  (VIOLATED)
   chip_core/mprj/wbs_dat_i[21]   0.0000     0.5726        -0.5726  (VIOLATED)
   chip_core/ANTENNA_mgmt_buffers.user_to_mprj_in_gates[74]_A/DIODE   1.5000   2.0721  -0.5721 (VIOLATED)
   chip_core/mgmt_buffers.user_to_mprj_in_gates[74]/A   1.5000   2.0721  -0.5721 (VIOLATED)
   chip_core/mprj/la_data_in[86]   0.0000    0.5717        -0.5717  (VIOLATED)
   chip_core/mprj/la_data_in[96]   0.0000    0.5698        -0.5698  (VIOLATED)
   chip_core/mprj/wbs_dat_i[2]   0.0000      0.5673        -0.5673  (VIOLATED)
   chip_core/mprj/la_oenb[86]   0.0000       0.5668        -0.5668  (VIOLATED)
   chip_core/mprj/la_oenb[88]   0.0000       0.5615        -0.5615  (VIOLATED)
   chip_core/mprj/la_data_in[84]   0.0000    0.5560        -0.5560  (VIOLATED)
   chip_core/mprj/wbs_dat_i[24]   0.0000     0.5554        -0.5554  (VIOLATED)
   chip_core/mprj/la_data_in[5]   0.0000     0.5522        -0.5522  (VIOLATED)
   chip_core/mprj/la_data_in[78]   0.0000    0.5426        -0.5426  (VIOLATED)
   chip_core/mprj/wbs_dat_i[31]   0.0000     0.5365        -0.5365  (VIOLATED)
   chip_core/mprj/la_data_in[83]   0.0000    0.5339        -0.5339  (VIOLATED)
   chip_core/mprj/la_oenb[85]   0.0000       0.5338        -0.5338  (VIOLATED)
   chip_core/mprj/la_data_in[81]   0.0000    0.5322        -0.5322  (VIOLATED)
   chip_core/mprj/la_data_in[87]   0.0000    0.5316        -0.5316  (VIOLATED)
   chip_core/mprj/wbs_dat_i[26]   0.0000     0.5217        -0.5217  (VIOLATED)
   chip_core/mprj/la_data_in[4]   0.0000     0.5198        -0.5198  (VIOLATED)
   chip_core/mprj/wbs_adr_i[28]   0.0000     0.5142        -0.5142  (VIOLATED)
   chip_core/mprj/la_data_in[85]   0.0000    0.5119        -0.5119  (VIOLATED)
   chip_core/mprj/la_oenb[80]   0.0000       0.5111        -0.5111  (VIOLATED)
   chip_core/mprj/wbs_dat_i[29]   0.0000     0.5111        -0.5111  (VIOLATED)
   chip_core/mprj/la_oenb[84]   0.0000       0.5091        -0.5091  (VIOLATED)
   chip_core/mprj/wbs_adr_i[9]   0.0000      0.5071        -0.5071  (VIOLATED)
   chip_core/ANTENNA_mgmt_buffers.user_to_mprj_in_gates[77]_A/DIODE   1.5000   1.9996  -0.4996 (VIOLATED)
   chip_core/mgmt_buffers.user_to_mprj_in_gates[77]/A   1.5000   1.9996  -0.4996 (VIOLATED)
   chip_core/ANTENNA_mgmt_buffers.user_to_mprj_in_gates[76]_A/DIODE   1.5000   1.9951  -0.4951 (VIOLATED)
   chip_core/mgmt_buffers.user_to_mprj_in_gates[76]/A   1.5000   1.9951  -0.4951 (VIOLATED)
   chip_core/mprj/la_data_in[6]   0.0000     0.4945        -0.4945  (VIOLATED)
   chip_core/mprj/la_data_in[7]   0.0000     0.4907        -0.4907  (VIOLATED)
   chip_core/mprj/wbs_adr_i[31]   0.0000     0.4857        -0.4857  (VIOLATED)
   chip_core/mprj/la_data_in[10]   0.0000    0.4797        -0.4797  (VIOLATED)
   chip_core/mprj/la_oenb[71]   0.0000       0.4754        -0.4754  (VIOLATED)
   chip_core/mprj/la_oenb[78]   0.0000       0.4685        -0.4685  (VIOLATED)
   chip_core/mprj/la_data_in[11]   0.0000    0.4659        -0.4659  (VIOLATED)
   chip_core/mprj/la_data_in[8]   0.0000     0.4657        -0.4657  (VIOLATED)
   chip_core/mprj/la_data_in[82]   0.0000    0.4640        -0.4640  (VIOLATED)
   chip_core/ANTENNA_mgmt_buffers.user_to_mprj_in_gates[81]_A/DIODE   1.5000   1.9629  -0.4629 (VIOLATED)
   chip_core/mgmt_buffers.user_to_mprj_in_gates[81]/A   1.5000   1.9628  -0.4628 (VIOLATED)
   chip_core/mprj/la_data_in[72]   0.0000    0.4623        -0.4623  (VIOLATED)
   chip_core/mprj/la_oenb[1]   0.0000        0.4604        -0.4604  (VIOLATED)
   chip_core/mprj/io_in[2]    0.0000         0.4574        -0.4574  (VIOLATED)
   chip_core/mprj/la_oenb[81]   0.0000       0.4533        -0.4533  (VIOLATED)
   chip_core/mprj/la_data_in[79]   0.0000    0.4523        -0.4523  (VIOLATED)
   chip_core/mprj/la_oenb[79]   0.0000       0.4426        -0.4426  (VIOLATED)
   chip_core/ANTENNA_mgmt_buffers.user_to_mprj_in_gates[79]_A/DIODE   1.5000   1.9422  -0.4422 (VIOLATED)
   chip_core/mgmt_buffers.user_to_mprj_in_gates[79]/A   1.5000   1.9422  -0.4422 (VIOLATED)
   chip_core/mprj/la_data_in[75]   0.0000    0.4395        -0.4395  (VIOLATED)
   chip_core/mprj/la_data_in[33]   0.0000    0.4394        -0.4394  (VIOLATED)
   chip_core/mprj/la_oenb[5]   0.0000        0.4348        -0.4348  (VIOLATED)
   chip_core/mprj/la_data_in[37]   0.0000    0.4338        -0.4338  (VIOLATED)
   chip_core/mprj/la_oenb[75]   0.0000       0.4294        -0.4294  (VIOLATED)
   chip_core/mprj/la_data_in[13]   0.0000    0.4197        -0.4197  (VIOLATED)
   chip_core/mprj/la_oenb[2]   0.0000        0.4195        -0.4195  (VIOLATED)
   chip_core/mprj/la_data_in[32]   0.0000    0.4189        -0.4189  (VIOLATED)
   chip_core/mprj/la_data_in[68]   0.0000    0.4160        -0.4160  (VIOLATED)
   chip_core/mprj/la_data_in[77]   0.0000    0.4155        -0.4155  (VIOLATED)
   chip_core/mprj/la_data_in[14]   0.0000    0.4124        -0.4124  (VIOLATED)
   chip_core/mprj/wbs_dat_i[1]   0.0000      0.4118        -0.4118  (VIOLATED)
   chip_core/mprj/la_oenb[77]   0.0000       0.4029        -0.4029  (VIOLATED)
   chip_core/mprj/la_oenb[72]   0.0000       0.3949        -0.3949  (VIOLATED)
   chip_core/mprj/la_data_in[69]   0.0000    0.3940        -0.3940  (VIOLATED)
   chip_core/mprj/la_data_in[76]   0.0000    0.3926        -0.3926  (VIOLATED)
   chip_core/mprj/la_data_in[73]   0.0000    0.3861        -0.3861  (VIOLATED)
   chip_core/mprj/la_data_in[74]   0.0000    0.3860        -0.3860  (VIOLATED)
   chip_core/mprj/la_data_in[17]   0.0000    0.3830        -0.3830  (VIOLATED)
   chip_core/mprj/la_data_in[9]   0.0000     0.3828        -0.3828  (VIOLATED)
   chip_core/mprj/la_data_in[71]   0.0000    0.3813        -0.3813  (VIOLATED)
   chip_core/mprj/la_oenb[76]   0.0000       0.3794        -0.3794  (VIOLATED)
   chip_core/mprj/la_data_in[66]   0.0000    0.3785        -0.3785  (VIOLATED)
   chip_core/mprj/la_oenb[82]   0.0000       0.3785        -0.3785  (VIOLATED)
   chip_core/mprj/la_data_in[35]   0.0000    0.3768        -0.3768  (VIOLATED)
   chip_core/mprj/la_data_in[39]   0.0000    0.3740        -0.3740  (VIOLATED)
   chip_core/mprj/la_data_in[43]   0.0000    0.3726        -0.3726  (VIOLATED)
   chip_core/ANTENNA_mgmt_buffers.user_to_mprj_in_gates[117]_A/DIODE   1.5000   1.8633  -0.3633 (VIOLATED)
   chip_core/mgmt_buffers.user_to_mprj_in_gates[117]/A   1.5000   1.8633  -0.3633 (VIOLATED)
   chip_core/mprj/la_data_in[19]   0.0000    0.3630        -0.3630  (VIOLATED)
   chip_core/mprj/io_in[1]    0.0000         0.3617        -0.3617  (VIOLATED)
   chip_core/mprj/io_in[5]    0.0000         0.3583        -0.3583  (VIOLATED)
   chip_core/mprj/la_data_in[15]   0.0000    0.3532        -0.3532  (VIOLATED)
   chip_core/mprj/la_data_in[65]   0.0000    0.3487        -0.3487  (VIOLATED)
   chip_core/mprj/la_oenb[69]   0.0000       0.3463        -0.3463  (VIOLATED)
   chip_core/mprj/la_oenb[68]   0.0000       0.3457        -0.3457  (VIOLATED)
   chip_core/mprj/io_in[4]    0.0000         0.3402        -0.3402  (VIOLATED)
   chip_core/mprj/la_data_in[67]   0.0000    0.3352        -0.3352  (VIOLATED)
   chip_core/mprj/la_oenb[74]   0.0000       0.3345        -0.3345  (VIOLATED)
   chip_core/mprj/la_oenb[73]   0.0000       0.3336        -0.3336  (VIOLATED)
   chip_core/mprj/io_in[6]    0.0000         0.3334        -0.3334  (VIOLATED)
   chip_core/mprj/la_oenb[0]   0.0000        0.3325        -0.3325  (VIOLATED)
   chip_core/mprj/la_oenb[3]   0.0000        0.3308        -0.3308  (VIOLATED)
   chip_core/mprj/la_oenb[6]   0.0000        0.3303        -0.3303  (VIOLATED)
   chip_core/mprj/la_data_in[64]   0.0000    0.3206        -0.3206  (VIOLATED)
   chip_core/mprj/io_in[0]    0.0000         0.3182        -0.3182  (VIOLATED)
   chip_core/mprj/la_oenb[65]   0.0000       0.3135        -0.3135  (VIOLATED)
   chip_core/mprj/la_oenb[9]   0.0000        0.3081        -0.3081  (VIOLATED)
   chip_core/ANTENNA_mgmt_buffers.user_to_mprj_in_gates[80]_A/DIODE   1.5000   1.8062  -0.3062 (VIOLATED)
   chip_core/mgmt_buffers.user_to_mprj_in_gates[80]/A   1.5000   1.8062  -0.3062 (VIOLATED)
   chip_core/mprj/la_data_in[70]   0.0000    0.3045        -0.3045  (VIOLATED)
   chip_core/mprj/la_data_in[30]   0.0000    0.2965        -0.2965  (VIOLATED)
   chip_core/mprj/la_data_in[36]   0.0000    0.2964        -0.2964  (VIOLATED)
   chip_core/mprj/la_oenb[4]   0.0000        0.2944        -0.2944  (VIOLATED)
   chip_core/mprj/wbs_adr_i[11]   0.0000     0.2931        -0.2931  (VIOLATED)
   chip_core/mprj/la_data_in[18]   0.0000    0.2921        -0.2921  (VIOLATED)
   chip_core/mprj/la_oenb[64]   0.0000       0.2908        -0.2908  (VIOLATED)
   chip_core/mprj/la_oenb[67]   0.0000       0.2908        -0.2908  (VIOLATED)
   chip_core/mprj/la_data_in[12]   0.0000    0.2884        -0.2884  (VIOLATED)
   chip_core/mprj/io_in[33]   0.0000         0.2859        -0.2859  (VIOLATED)
   chip_core/mprj/la_data_in[20]   0.0000    0.2811        -0.2811  (VIOLATED)
   chip_core/mprj/la_data_in[16]   0.0000    0.2748        -0.2748  (VIOLATED)
   chip_core/mprj/la_data_in[21]   0.0000    0.2738        -0.2738  (VIOLATED)
   chip_core/mprj/la_oenb[13]   0.0000       0.2730        -0.2730  (VIOLATED)
   chip_core/mprj/la_oenb[70]   0.0000       0.2726        -0.2726  (VIOLATED)
   chip_core/mprj/la_oenb[66]   0.0000       0.2630        -0.2630  (VIOLATED)
   chip_core/mprj/la_data_in[23]   0.0000    0.2622        -0.2622  (VIOLATED)
   chip_core/mprj/wbs_adr_i[13]   0.0000     0.2614        -0.2614  (VIOLATED)
   chip_core/mprj/la_oenb[10]   0.0000       0.2609        -0.2609  (VIOLATED)
   chip_core/ANTENNA_mgmt_buffers.user_to_mprj_in_gates[110]_A/DIODE   1.5000   1.7574  -0.2574 (VIOLATED)
   chip_core/mgmt_buffers.user_to_mprj_in_gates[110]/A   1.5000   1.7574  -0.2574 (VIOLATED)
   chip_core/mprj/io_in[32]   0.0000         0.2564        -0.2564  (VIOLATED)
   chip_core/mprj/la_oenb[14]   0.0000       0.2552        -0.2552  (VIOLATED)
   chip_core/mprj/la_data_in[22]   0.0000    0.2545        -0.2545  (VIOLATED)
   chip_core/mprj/la_data_in[24]   0.0000    0.2467        -0.2467  (VIOLATED)
   chip_core/mprj/io_in[26]   0.0000         0.2444        -0.2444  (VIOLATED)
   chip_core/ANTENNA_mgmt_buffers.user_to_mprj_in_gates[118]_A/DIODE   1.5000   1.7442  -0.2442 (VIOLATED)
   chip_core/mgmt_buffers.user_to_mprj_in_gates[118]/A   1.5000   1.7442  -0.2442 (VIOLATED)
   chip_core/mprj/wbs_sel_i[0]   0.0000      0.2419        -0.2419  (VIOLATED)
   chip_core/mprj/la_oenb[11]   0.0000       0.2400        -0.2400  (VIOLATED)
   chip_core/mprj/la_data_in[25]   0.0000    0.2397        -0.2397  (VIOLATED)
   chip_core/mprj/la_oenb[62]   0.0000       0.2380        -0.2380  (VIOLATED)
   chip_core/mprj/la_data_in[58]   0.0000    0.2377        -0.2377  (VIOLATED)
   chip_core/mprj/la_oenb[60]   0.0000       0.2365        -0.2365  (VIOLATED)
   chip_core/mprj/io_in[34]   0.0000         0.2286        -0.2286  (VIOLATED)
   chip_core/mprj/la_oenb[16]   0.0000       0.2283        -0.2283  (VIOLATED)
   chip_core/mprj/io_in[35]   0.0000         0.2218        -0.2218  (VIOLATED)
   chip_core/ANTENNA_mgmt_buffers.user_to_mprj_in_gates[85]_A/DIODE   1.5000   1.7191  -0.2191 (VIOLATED)
   chip_core/mgmt_buffers.user_to_mprj_in_gates[85]/A   1.5000   1.7191  -0.2191 (VIOLATED)
   chip_core/mprj/la_data_in[62]   0.0000    0.2191        -0.2191  (VIOLATED)
   chip_core/mprj/la_oenb[23]   0.0000       0.2181        -0.2181  (VIOLATED)
   chip_core/mprj/wb_clk_i    0.1000         0.3180        -0.2180  (VIOLATED)
   chip_core/mprj/la_oenb[58]   0.0000       0.2168        -0.2168  (VIOLATED)
   chip_core/mprj/la_oenb[12]   0.0000       0.2163        -0.2163  (VIOLATED)
   chip_core/mprj/la_oenb[8]   0.0000        0.2155        -0.2155  (VIOLATED)
   chip_core/mprj/la_oenb[7]   0.0000        0.2140        -0.2140  (VIOLATED)
   chip_core/mprj/io_in[25]   0.0000         0.2140        -0.2140  (VIOLATED)
   chip_core/mprj/la_data_in[60]   0.0000    0.2138        -0.2138  (VIOLATED)
   chip_core/mprj/la_oenb[18]   0.0000       0.2133        -0.2133  (VIOLATED)
   chip_core/mprj/la_oenb[63]   0.0000       0.2122        -0.2122  (VIOLATED)
   chip_core/mprj/la_oenb[61]   0.0000       0.2112        -0.2112  (VIOLATED)
   chip_core/ANTENNA_mgmt_buffers.user_to_mprj_in_gates[120]_A/DIODE   1.5000   1.7102  -0.2102 (VIOLATED)
   chip_core/mgmt_buffers.user_to_mprj_in_gates[120]/A   1.5000   1.7102  -0.2102 (VIOLATED)
   chip_core/mprj/wbs_dat_i[16]   0.0000     0.2091        -0.2091  (VIOLATED)
   chip_core/mprj/la_data_in[59]   0.0000    0.2065        -0.2065  (VIOLATED)
   chip_core/mprj/la_oenb[56]   0.0000       0.2038        -0.2038  (VIOLATED)
   chip_core/mprj/la_oenb[59]   0.0000       0.2030        -0.2030  (VIOLATED)
   chip_core/ANTENNA_mgmt_buffers.user_to_mprj_in_gates[113]_A/DIODE   1.5000   1.7028  -0.2028 (VIOLATED)
   chip_core/mgmt_buffers.user_to_mprj_in_gates[113]/A   1.5000   1.7028  -0.2028 (VIOLATED)
   chip_core/mprj/la_oenb[15]   0.0000       0.2013        -0.2013  (VIOLATED)
   chip_core/ANTENNA_mgmt_buffers.user_to_mprj_in_gates[116]_A/DIODE   1.5000   1.6985  -0.1985 (VIOLATED)
   chip_core/mgmt_buffers.user_to_mprj_in_gates[116]/A   1.5000   1.6985  -0.1985 (VIOLATED)
   chip_core/mprj/la_data_in[57]   0.0000    0.1983        -0.1983  (VIOLATED)
   chip_core/mprj/la_data_in[61]   0.0000    0.1968        -0.1968  (VIOLATED)
   chip_core/mprj/la_oenb[55]   0.0000       0.1962        -0.1962  (VIOLATED)
   chip_core/mprj/wbs_adr_i[14]   0.0000     0.1960        -0.1960  (VIOLATED)
   chip_core/mprj/io_in[27]   0.0000         0.1954        -0.1954  (VIOLATED)
   chip_core/mprj/wbs_sel_i[1]   0.0000      0.1951        -0.1951  (VIOLATED)
   chip_core/mprj/la_data_in[63]   0.0000    0.1933        -0.1933  (VIOLATED)
   chip_core/mprj/la_oenb[17]   0.0000       0.1929        -0.1929  (VIOLATED)
   chip_core/mprj/wbs_adr_i[10]   0.0000     0.1918        -0.1918  (VIOLATED)
   chip_core/mprj/la_oenb[21]   0.0000       0.1908        -0.1908  (VIOLATED)
   chip_core/mprj/io_in[28]   0.0000         0.1902        -0.1902  (VIOLATED)
   chip_core/ANTENNA_mgmt_buffers.user_to_mprj_in_gates[82]_A/DIODE   1.5000   1.6876  -0.1876 (VIOLATED)
   chip_core/mgmt_buffers.user_to_mprj_in_gates[82]/A   1.5000   1.6876  -0.1876 (VIOLATED)
   chip_core/mprj/la_data_in[55]   0.0000    0.1871        -0.1871  (VIOLATED)
   chip_core/mprj/la_oenb[53]   0.0000       0.1845        -0.1845  (VIOLATED)
   chip_core/mprj/io_in[30]   0.0000         0.1803        -0.1803  (VIOLATED)
   chip_core/mprj/la_oenb[126]   0.0000      0.1791        -0.1791  (VIOLATED)
   chip_core/mprj/la_oenb[57]   0.0000       0.1789        -0.1789  (VIOLATED)
   chip_core/ANTENNA__20797__A0/DIODE   1.5000   1.6788    -0.1788  (VIOLATED)
   chip_core/_20797_/A0       1.5000         1.6788        -0.1788  (VIOLATED)
   chip_core/mprj/io_in[29]   0.0000         0.1774        -0.1774  (VIOLATED)
   chip_core/mprj/la_data_in[56]   0.0000    0.1770        -0.1770  (VIOLATED)
   chip_core/mprj/wbs_dat_i[8]   0.0000      0.1757        -0.1757  (VIOLATED)
   chip_core/mprj/wb_rst_i    0.0000         0.1757        -0.1757  (VIOLATED)
   chip_core/mprj/la_data_in[26]   0.0000    0.1734        -0.1734  (VIOLATED)
   chip_core/mprj/la_data_in[49]   0.0000    0.1725        -0.1725  (VIOLATED)
   chip_core/mprj/wbs_cyc_i   0.0000         0.1715        -0.1715  (VIOLATED)
   chip_core/mprj/la_oenb[52]   0.0000       0.1705        -0.1705  (VIOLATED)
   chip_core/mprj/la_oenb[50]   0.0000       0.1698        -0.1698  (VIOLATED)
   chip_core/mprj/la_data_in[120]   0.0000   0.1678        -0.1678  (VIOLATED)
   chip_core/mprj/la_data_in[54]   0.0000    0.1678        -0.1678  (VIOLATED)
   chip_core/mprj/la_data_in[108]   0.0000   0.1677        -0.1677  (VIOLATED)
   chip_core/mprj/la_oenb[127]   0.0000      0.1674        -0.1674  (VIOLATED)
   chip_core/mprj/la_oenb[108]   0.0000      0.1669        -0.1669  (VIOLATED)
   chip_core/mprj/wbs_dat_i[12]   0.0000     0.1668        -0.1668  (VIOLATED)
   chip_core/mprj/la_oenb[24]   0.0000       0.1660        -0.1660  (VIOLATED)
   chip_core/mprj/wbs_sel_i[3]   0.0000      0.1649        -0.1649  (VIOLATED)
   chip_core/mprj/la_data_in[46]   0.0000    0.1643        -0.1643  (VIOLATED)
   chip_core/mprj/wbs_adr_i[6]   0.0000      0.1642        -0.1642  (VIOLATED)
   chip_core/mprj/la_oenb[54]   0.0000       0.1640        -0.1640  (VIOLATED)
   chip_core/mprj/la_data_in[126]   0.0000   0.1634        -0.1634  (VIOLATED)
   chip_core/mprj/la_data_in[121]   0.0000   0.1629        -0.1629  (VIOLATED)
   chip_core/mprj/wbs_dat_i[10]   0.0000     0.1618        -0.1618  (VIOLATED)
   chip_core/mprj/wbs_adr_i[12]   0.0000     0.1614        -0.1614  (VIOLATED)
   chip_core/ANTENNA__20801__A0/DIODE   1.5000   1.6602    -0.1602  (VIOLATED)
   chip_core/_20801_/A0       1.5000         1.6602        -0.1602  (VIOLATED)
   chip_core/mprj/la_oenb[123]   0.0000      0.1596        -0.1596  (VIOLATED)
   chip_core/mprj/io_in[11]   0.0000         0.1596        -0.1596  (VIOLATED)
   chip_core/mprj/wbs_dat_i[13]   0.0000     0.1595        -0.1595  (VIOLATED)
   chip_core/mprj/la_oenb[110]   0.0000      0.1587        -0.1587  (VIOLATED)
   chip_core/mprj/la_oenb[111]   0.0000      0.1585        -0.1585  (VIOLATED)
   chip_core/mprj/la_data_in[47]   0.0000    0.1577        -0.1577  (VIOLATED)
   chip_core/mprj/wbs_sel_i[2]   0.0000      0.1573        -0.1573  (VIOLATED)
   chip_core/mprj/la_oenb[22]   0.0000       0.1570        -0.1570  (VIOLATED)
   chip_core/mprj/la_data_in[116]   0.0000   0.1569        -0.1569  (VIOLATED)
   chip_core/mprj/la_oenb[119]   0.0000      0.1567        -0.1567  (VIOLATED)
   chip_core/mprj/la_data_in[52]   0.0000    0.1555        -0.1555  (VIOLATED)
   chip_core/mprj/la_oenb[25]   0.0000       0.1551        -0.1551  (VIOLATED)
   chip_core/mprj/io_in[31]   0.0000         0.1550        -0.1550  (VIOLATED)
   chip_core/mprj/la_oenb[122]   0.0000      0.1547        -0.1547  (VIOLATED)
   chip_core/mprj/la_oenb[125]   0.0000      0.1521        -0.1521  (VIOLATED)
   chip_core/mprj/la_oenb[49]   0.0000       0.1516        -0.1516  (VIOLATED)
   chip_core/mprj/la_data_in[125]   0.0000   0.1516        -0.1516  (VIOLATED)
   chip_core/mprj/la_data_in[123]   0.0000   0.1516        -0.1516  (VIOLATED)
   chip_core/mprj/la_oenb[114]   0.0000      0.1516        -0.1516  (VIOLATED)
   chip_core/mprj/la_oenb[109]   0.0000      0.1513        -0.1513  (VIOLATED)
   chip_core/mprj/la_data_in[53]   0.0000    0.1509        -0.1509  (VIOLATED)
   chip_core/mprj/wbs_dat_i[6]   0.0000      0.1507        -0.1507  (VIOLATED)
   chip_core/mprj/la_oenb[107]   0.0000      0.1507        -0.1507  (VIOLATED)
   chip_core/mprj/la_data_in[51]   0.0000    0.1484        -0.1484  (VIOLATED)
   chip_core/mprj/la_data_in[122]   0.0000   0.1480        -0.1480  (VIOLATED)
   chip_core/mprj/la_oenb[113]   0.0000      0.1477        -0.1477  (VIOLATED)
   chip_core/mprj/la_oenb[19]   0.0000       0.1477        -0.1477  (VIOLATED)
   chip_core/mprj/la_data_in[42]   0.0000    0.1475        -0.1475  (VIOLATED)
   chip_core/mprj/io_in[12]   0.0000         0.1471        -0.1471  (VIOLATED)
   chip_core/mprj/io_in[19]   0.0000         0.1471        -0.1471  (VIOLATED)
   chip_core/mprj/la_oenb[115]   0.0000      0.1464        -0.1464  (VIOLATED)
   chip_core/mprj/wbs_dat_i[11]   0.0000     0.1464        -0.1464  (VIOLATED)
   chip_core/mprj/la_data_in[50]   0.0000    0.1453        -0.1453  (VIOLATED)
   chip_core/mprj/la_data_in[117]   0.0000   0.1449        -0.1449  (VIOLATED)
   chip_core/mprj/la_oenb[20]   0.0000       0.1446        -0.1446  (VIOLATED)
   chip_core/mprj/io_in[10]   0.0000         0.1443        -0.1443  (VIOLATED)
   chip_core/mprj/la_oenb[124]   0.0000      0.1440        -0.1440  (VIOLATED)
   chip_core/mprj/la_oenb[117]   0.0000      0.1440        -0.1440  (VIOLATED)
   chip_core/mprj/la_data_in[114]   0.0000   0.1436        -0.1436  (VIOLATED)
   chip_core/mprj/wbs_dat_i[9]   0.0000      0.1435        -0.1435  (VIOLATED)
   chip_core/mprj/la_data_in[27]   0.0000    0.1435        -0.1435  (VIOLATED)
   chip_core/mprj/la_oenb[121]   0.0000      0.1434        -0.1434  (VIOLATED)
   chip_core/mprj/wbs_adr_i[2]   0.0000      0.1434        -0.1434  (VIOLATED)
   chip_core/mprj/la_oenb[120]   0.0000      0.1431        -0.1431  (VIOLATED)
   chip_core/mprj/la_data_in[107]   0.0000   0.1419        -0.1419  (VIOLATED)
   chip_core/mprj/la_oenb[116]   0.0000      0.1417        -0.1417  (VIOLATED)
   chip_core/mprj/la_data_in[127]   0.0000   0.1415        -0.1415  (VIOLATED)
   chip_core/mprj/la_oenb[51]   0.0000       0.1403        -0.1403  (VIOLATED)
   chip_core/mprj/la_oenb[45]   0.0000       0.1401        -0.1401  (VIOLATED)
   chip_core/mprj/la_oenb[112]   0.0000      0.1394        -0.1394  (VIOLATED)
   chip_core/mprj/wbs_we_i    0.0000         0.1377        -0.1377  (VIOLATED)
   chip_core/mprj/wbs_dat_i[7]   0.0000      0.1359        -0.1359  (VIOLATED)
   chip_core/mprj/wbs_stb_i   0.0000         0.1359        -0.1359  (VIOLATED)
   chip_core/mprj/la_oenb[48]   0.0000       0.1340        -0.1340  (VIOLATED)
   chip_core/mprj/io_in[9]    0.0000         0.1339        -0.1339  (VIOLATED)
   chip_core/mprj/wbs_adr_i[3]   0.0000      0.1325        -0.1325  (VIOLATED)
   chip_core/mprj/la_data_in[44]   0.0000    0.1305        -0.1305  (VIOLATED)
   chip_core/mprj/wbs_dat_i[5]   0.0000      0.1302        -0.1302  (VIOLATED)
   chip_core/mprj/la_data_in[124]   0.0000   0.1283        -0.1283  (VIOLATED)
   chip_core/mprj/la_data_in[28]   0.0000    0.1283        -0.1283  (VIOLATED)
   chip_core/mprj/la_oenb[44]   0.0000       0.1278        -0.1278  (VIOLATED)
   chip_core/mprj/io_in[20]   0.0000         0.1274        -0.1274  (VIOLATED)
   chip_core/mprj/io_in[8]    0.0000         0.1274        -0.1274  (VIOLATED)
   chip_core/mprj/user_clock2   0.0000       0.1271        -0.1271  (VIOLATED)
   chip_core/mprj/la_oenb[41]   0.0000       0.1271        -0.1271  (VIOLATED)
   chip_core/mprj/la_oenb[27]   0.0000       0.1269        -0.1269  (VIOLATED)
   chip_core/mprj/wbs_dat_i[4]   0.0000      0.1266        -0.1266  (VIOLATED)
   chip_core/mprj/la_data_in[48]   0.0000    0.1254        -0.1254  (VIOLATED)
   chip_core/mprj/la_oenb[31]   0.0000       0.1249        -0.1249  (VIOLATED)
   chip_core/mprj/la_data_in[38]   0.0000    0.1236        -0.1236  (VIOLATED)
   chip_core/mprj/la_oenb[30]   0.0000       0.1235        -0.1235  (VIOLATED)
   chip_core/mprj/la_oenb[46]   0.0000       0.1230        -0.1230  (VIOLATED)
   chip_core/mprj/la_oenb[42]   0.0000       0.1229        -0.1229  (VIOLATED)
   chip_core/mprj/la_data_in[45]   0.0000    0.1189        -0.1189  (VIOLATED)
   chip_core/ANTENNA_mgmt_buffers.user_to_mprj_in_gates[112]_A/DIODE   1.5000   1.6189  -0.1189 (VIOLATED)
   chip_core/mgmt_buffers.user_to_mprj_in_gates[112]/A   1.5000   1.6189  -0.1189 (VIOLATED)
   chip_core/mprj/io_in[36]   0.1000         0.2184        -0.1184  (VIOLATED)
   chip_core/ANTENNA_mgmt_buffers.user_to_mprj_in_gates[86]_A/DIODE   1.5000   1.6183  -0.1183 (VIOLATED)
   chip_core/mgmt_buffers.user_to_mprj_in_gates[86]/A   1.5000   1.6183  -0.1183 (VIOLATED)
   chip_core/mprj/la_oenb[43]   0.0000       0.1179        -0.1179  (VIOLATED)
   chip_core/mprj/la_data_in[29]   0.0000    0.1163        -0.1163  (VIOLATED)
   chip_core/mprj/la_data_in[119]   0.0000   0.1156        -0.1156  (VIOLATED)
   chip_core/mprj/la_data_in[31]   0.0000    0.1147        -0.1147  (VIOLATED)
   chip_core/mprj/wbs_dat_i[3]   0.0000      0.1143        -0.1143  (VIOLATED)
   chip_core/mprj/la_data_in[40]   0.0000    0.1131        -0.1131  (VIOLATED)
   chip_core/mprj/wbs_adr_i[5]   0.0000      0.1131        -0.1131  (VIOLATED)
   chip_core/mprj/la_oenb[39]   0.0000       0.1129        -0.1129  (VIOLATED)
   chip_core/mprj/io_in[7]    0.0000         0.1105        -0.1105  (VIOLATED)
   chip_core/mprj/la_oenb[29]   0.0000       0.1101        -0.1101  (VIOLATED)
   chip_core/mprj/la_data_in[41]   0.0000    0.1097        -0.1097  (VIOLATED)
   chip_core/mprj/la_oenb[32]   0.0000       0.1079        -0.1079  (VIOLATED)
   chip_core/mprj/la_oenb[47]   0.0000       0.1071        -0.1071  (VIOLATED)
   chip_core/mprj/io_in[13]   0.0000         0.1060        -0.1060  (VIOLATED)
   chip_core/mprj/io_in[22]   0.0000         0.0986        -0.0986  (VIOLATED)
   chip_core/mprj/la_oenb[38]   0.0000       0.0986        -0.0986  (VIOLATED)
   chip_core/mprj/la_oenb[36]   0.0000       0.0984        -0.0984  (VIOLATED)
   chip_core/mprj/la_data_in[34]   0.0000    0.0981        -0.0981  (VIOLATED)
   chip_core/mprj/la_oenb[33]   0.0000       0.0976        -0.0976  (VIOLATED)
   chip_core/mprj/la_oenb[26]   0.0000       0.0933        -0.0933  (VIOLATED)
   chip_core/mprj/la_oenb[37]   0.0000       0.0927        -0.0927  (VIOLATED)
   chip_core/mprj/la_oenb[40]   0.0000       0.0878        -0.0878  (VIOLATED)
   chip_core/mprj/io_in[37]   0.1000         0.1876        -0.0876  (VIOLATED)
   chip_core/mprj/io_in[16]   0.0000         0.0844        -0.0844  (VIOLATED)
   chip_core/mprj/io_in[15]   0.0000         0.0827        -0.0827  (VIOLATED)
   chip_core/mprj/la_oenb[28]   0.0000       0.0819        -0.0819  (VIOLATED)
   chip_core/mprj/io_in[24]   0.0000         0.0812        -0.0812  (VIOLATED)
   chip_core/mprj/io_in[21]   0.0000         0.0804        -0.0804  (VIOLATED)
   chip_core/mprj/la_oenb[35]   0.0000       0.0798        -0.0798  (VIOLATED)
   chip_core/mprj/la_oenb[34]   0.0000       0.0788        -0.0788  (VIOLATED)
   chip_core/ANTENNA_mgmt_buffers.user_to_mprj_in_gates[84]_A/DIODE   1.5000   1.5756  -0.0756 (VIOLATED)
   chip_core/mgmt_buffers.user_to_mprj_in_gates[84]/A   1.5000   1.5756  -0.0756 (VIOLATED)
   chip_core/wire1513/A       1.5000         1.5642        -0.0642  (VIOLATED)
   chip_core/ANTENNA_wire1513_A/DIODE   1.5000   1.5640    -0.0640  (VIOLATED)
   chip_core/mprj/io_in[14]   0.0000         0.0638        -0.0638  (VIOLATED)
   chip_core/mprj/io_in[18]   0.0000         0.0607        -0.0607  (VIOLATED)
   chip_core/mprj/io_in[17]   0.0000         0.0583        -0.0583  (VIOLATED)
   chip_core/ANTENNA_mgmt_buffers.user_to_mprj_in_gates[83]_A/DIODE   1.5000   1.5582  -0.0582 (VIOLATED)
   chip_core/mgmt_buffers.user_to_mprj_in_gates[83]/A   1.5000   1.5582  -0.0582 (VIOLATED)
   chip_core/mprj/io_in[23]   0.0000         0.0537        -0.0537  (VIOLATED)
   chip_core/soc.core.RAM128/Do0MUX.M[0].MUX[0]/X   1.5064   1.5586  -0.0522 (VIOLATED)
   chip_core/ANTENNA_wire2099_A/DIODE   1.5000   1.5496    -0.0496  (VIOLATED)
   chip_core/wire2099/A       1.5000         1.5496        -0.0496  (VIOLATED)
   chip_core/ANTENNA_mgmt_buffers.user_to_mprj_in_gates[115]_A/DIODE   1.5000   1.5209  -0.0209 (VIOLATED)
   chip_core/mgmt_buffers.user_to_mprj_in_gates[115]/A   1.5000   1.5209  -0.0209 (VIOLATED)
   chip_core/ANTENNA_mgmt_buffers.user_to_mprj_in_gates[119]_A/DIODE   1.5000   1.5199  -0.0199 (VIOLATED)
   chip_core/mgmt_buffers.user_to_mprj_in_gates[119]/A   1.5000   1.5199  -0.0199 (VIOLATED)
   chip_core/ANTENNA_wire2100_A/DIODE   1.5000   1.5145    -0.0145  (VIOLATED)
   chip_core/wire2100/A       1.5000         1.5145        -0.0145  (VIOLATED)


1
