****************************************
Report : constraint
	-all_violators
	-path slack_only
Design : caravel
Version: T-2022.03-SP3
Date   : Sat Apr 29 12:49:19 2023
****************************************


   max_delay/setup ('clk' group)

   Endpoint                                                  Slack
   -----------------------------------------------------------------
   chip_core/_36962_/D                                    -10459.6357 (VIOLATED)
   chip_core/_36952_/D                                    -10457.6523 (VIOLATED)
   chip_core/_36972_/D                                    -10457.6465 (VIOLATED)
   chip_core/_36974_/D                                    -10456.2646 (VIOLATED)
   chip_core/_36984_/D                                    -10454.5596 (VIOLATED)
   chip_core/_37014_/D                                    -10449.9902 (VIOLATED)
   chip_core/_37006_/D                                    -10449.9756 (VIOLATED)
   chip_core/_37024_/D                                    -10449.3682 (VIOLATED)
   chip_core/_37016_/D                                    -10449.2354 (VIOLATED)
   chip_core/_37026_/D                                    -10448.7090 (VIOLATED)
   chip_core/_37036_/D                                    -10447.9180 (VIOLATED)
   chip_core/_37038_/D                                    -10445.7363 (VIOLATED)
   chip_core/_37048_/D                                    -10445.1172 (VIOLATED)
   chip_core/_37064_/D                                    -10442.8340 (VIOLATED)
   chip_core/_36990_/D                                    -10432.3662 (VIOLATED)
   chip_core/_36996_/D                                    -10431.7432 (VIOLATED)
   chip_core/_37002_/D                                    -10430.1484 (VIOLATED)
   chip_core/_36982_/D                                    -10429.9258 (VIOLATED)
   chip_core/_36992_/D                                    -10429.0000 (VIOLATED)
   chip_core/_36998_/D                                    -10428.3271 (VIOLATED)
   chip_core/_37008_/D                                    -10427.4121 (VIOLATED)
   chip_core/_37018_/D                                    -10426.4902 (VIOLATED)
   chip_core/_37028_/D                                    -10425.9648 (VIOLATED)
   chip_core/_37030_/D                                    -10423.9492 (VIOLATED)
   chip_core/_37040_/D                                    -10423.0879 (VIOLATED)
   chip_core/_37068_/D                                    -10420.6914 (VIOLATED)
   chip_core/_37054_/D                                    -10420.1016 (VIOLATED)
   chip_core/_37062_/D                                    -10419.7539 (VIOLATED)
   chip_core/_36994_/D                                    -10404.7148 (VIOLATED)
   chip_core/_37004_/D                                    -10404.6738 (VIOLATED)
   chip_core/_37000_/D                                    -10403.5713 (VIOLATED)
   chip_core/_37010_/D                                    -10402.9512 (VIOLATED)
   chip_core/_37020_/D                                    -10401.9824 (VIOLATED)
   chip_core/_37022_/D                                    -10400.0010 (VIOLATED)
   chip_core/_37032_/D                                    -10399.2822 (VIOLATED)
   chip_core/_37046_/D                                    -10395.6777 (VIOLATED)
   chip_core/_37056_/D                                    -10395.4004 (VIOLATED)
   chip_core/_37066_/D                                    -10395.2559 (VIOLATED)
   chip_core/_37076_/D                                    -10394.6416 (VIOLATED)
   chip_core/_37070_/D                                    -10394.4570 (VIOLATED)
   chip_core/_36966_/D                                    -10371.4365 (VIOLATED)
   chip_core/_36976_/D                                    -10371.2871 (VIOLATED)
   chip_core/_36986_/D                                    -10370.7227 (VIOLATED)
   chip_core/_37012_/D                                    -10366.5361 (VIOLATED)
   chip_core/_37042_/D                                    -10359.4414 (VIOLATED)
   chip_core/_37052_/D                                    -10358.7910 (VIOLATED)
   chip_core/_37072_/D                                    -10355.0527 (VIOLATED)
   chip_core/_36988_/D                                    -10341.7109 (VIOLATED)
   chip_core/_37060_/D                                    -10314.1885 (VIOLATED)
   chip_core/_37050_/D                                    -10314.1426 (VIOLATED)
   chip_core/_36980_/D                                    -10299.5518 (VIOLATED)
   chip_core/_36958_/D                                    -10288.2275 (VIOLATED)
   chip_core/_36968_/D                                    -10286.7959 (VIOLATED)
   chip_core/_36978_/D                                    -10286.1709 (VIOLATED)
   chip_core/mprj/la_data_in[78]                          -10091.8135 (VIOLATED)
   chip_core/mprj/la_data_in[56]                          -10085.8057 (VIOLATED)
   chip_core/_36970_/D                                    -10025.3936 (VIOLATED)
   chip_core/mprj/la_data_in[107]                         -10021.4521 (VIOLATED)
   chip_core/mprj/la_data_in[114]                         -10014.7051 (VIOLATED)
   chip_core/_37034_/D                                    -10013.4541 (VIOLATED)
   chip_core/_37044_/D                                    -10012.6787 (VIOLATED)
   chip_core/_37074_/D                                    -10010.3691 (VIOLATED)
   chip_core/_35357_/D                                    -10009.8818 (VIOLATED)
   chip_core/mprj/la_data_in[125]                         -10000.2754 (VIOLATED)
   chip_core/mprj/la_data_in[113]                         -9980.5322 (VIOLATED)
   chip_core/mprj/la_data_in[111]                         -9980.1953 (VIOLATED)
   chip_core/mprj/la_data_in[110]                         -9965.1953 (VIOLATED)
   chip_core/mprj/la_data_in[112]                         -9964.6641 (VIOLATED)
   chip_core/mprj/la_data_in[108]                         -9963.6270 (VIOLATED)
   chip_core/mprj/la_data_in[118]                         -9935.5273 (VIOLATED)
   chip_core/mprj/la_data_in[115]                         -9935.5049 (VIOLATED)
   chip_core/mprj/la_data_in[109]                         -9930.3828 (VIOLATED)
   chip_core/mprj/la_data_in[116]                         -9930.3164 (VIOLATED)
   chip_core/mprj/la_data_in[106]                         -9929.9199 (VIOLATED)
   chip_core/mprj/la_data_in[103]                         -9929.8125 (VIOLATED)
   chip_core/mprj/la_data_in[117]                         -9925.1113 (VIOLATED)
   chip_core/mprj/la_data_in[122]                         -9889.7812 (VIOLATED)
   chip_core/mprj/la_data_in[120]                         -9889.5830 (VIOLATED)
   chip_core/mprj/la_data_in[119]                         -9889.4922 (VIOLATED)
   chip_core/mprj/la_data_in[121]                         -9881.8906 (VIOLATED)
   chip_core/_35361_/D                                    -9847.1826 (VIOLATED)
   chip_core/mprj/la_data_in[126]                         -9837.8301 (VIOLATED)
   chip_core/mprj/la_data_in[124]                         -9837.7314 (VIOLATED)
   chip_core/mprj/la_data_in[123]                         -9837.1973 (VIOLATED)
   chip_core/mprj/la_data_in[127]                         -9798.0029 (VIOLATED)
   chip_core/_36960_/D                                    -9538.9902 (VIOLATED)
   chip_core/_36954_/D                                    -9427.8877 (VIOLATED)
   chip_core/mprj/la_data_in[104]                         -9423.1826 (VIOLATED)
   chip_core/_35340_/D                                    -9299.8252 (VIOLATED)
   chip_core/_36964_/D                                    -9096.5439 (VIOLATED)
   chip_core/_35355_/D                                    -8923.3916 (VIOLATED)
   chip_core/mprj/la_data_in[105]                         -8804.8096 (VIOLATED)
   chip_core/mprj/la_data_in[59]                          -8782.7012 (VIOLATED)
   chip_core/_36956_/D                                    -8643.7402 (VIOLATED)
   chip_core/_35359_/D                                    -8620.6289 (VIOLATED)
   chip_core/_37058_/D                                    -8617.0400 (VIOLATED)
   chip_core/_35349_/D                                    -7969.8320 (VIOLATED)
   chip_core/_35353_/D                                    -7826.4624 (VIOLATED)
   chip_core/mprj/la_data_in[65]                          -7612.4170 (VIOLATED)
   chip_core/mprj/la_data_in[100]                         -7269.5469 (VIOLATED)
   chip_core/mprj/la_data_in[97]                          -7266.0669 (VIOLATED)
   chip_core/mprj/la_data_in[95]                          -7265.8403 (VIOLATED)
   chip_core/mprj/la_data_in[98]                          -7245.3135 (VIOLATED)
   chip_core/mprj/la_data_in[101]                         -7245.1172 (VIOLATED)
   chip_core/mprj/la_data_in[102]                         -7245.0947 (VIOLATED)
   chip_core/mprj/la_data_in[94]                          -7238.7803 (VIOLATED)
   chip_core/mprj/la_data_in[91]                          -7238.5811 (VIOLATED)
   chip_core/mprj/la_data_in[96]                          -7238.5361 (VIOLATED)
   chip_core/mprj/la_data_in[87]                          -7232.1240 (VIOLATED)
   chip_core/mprj/la_data_in[89]                          -7232.1191 (VIOLATED)
   chip_core/mprj/la_data_in[99]                          -7196.6646 (VIOLATED)
   chip_core/mprj/la_data_in[76]                          -7030.6094 (VIOLATED)
   chip_core/_35351_/D                                    -6435.9712 (VIOLATED)
   chip_core/mprj/la_data_in[72]                          -6388.5532 (VIOLATED)
   chip_core/mprj/la_data_in[90]                          -6382.4941 (VIOLATED)
   chip_core/mprj/la_data_in[88]                          -6382.4839 (VIOLATED)
   chip_core/mprj/la_data_in[92]                          -5677.9614 (VIOLATED)
   chip_core/mprj/la_data_in[93]                          -5627.1592 (VIOLATED)
   chip_core/mprj/la_data_in[68]                          -5568.1997 (VIOLATED)
   chip_core/mprj/la_data_in[69]                          -5111.6353 (VIOLATED)
   chip_core/mprj/la_data_in[83]                          -5091.9590 (VIOLATED)
   chip_core/mprj/la_data_in[86]                          -5091.7974 (VIOLATED)
   chip_core/mprj/la_data_in[85]                          -4771.3291 (VIOLATED)
   chip_core/mprj/la_data_in[81]                          -4514.5283 (VIOLATED)
   chip_core/mprj/la_data_in[84]                          -4512.8657 (VIOLATED)
   chip_core/_37078_/D                                    -4509.4556 (VIOLATED)
   chip_core/mprj/la_data_in[80]                          -4506.9121 (VIOLATED)
   chip_core/mprj/la_data_in[58]                          -4313.4878 (VIOLATED)
   chip_core/mprj/la_data_in[61]                          -4219.5508 (VIOLATED)
   chip_core/mprj/la_data_in[60]                          -4212.9961 (VIOLATED)
   chip_core/mprj/la_data_in[57]                          -3754.9783 (VIOLATED)
   chip_core/mprj/la_data_in[62]                          -3730.4355 (VIOLATED)
   chip_core/mprj/la_data_in[64]                          -2973.2332 (VIOLATED)
   chip_core/mprj/la_data_in[79]                          -2830.0229 (VIOLATED)
   chip_core/mprj/la_data_in[75]                          -2812.0642 (VIOLATED)
   chip_core/mprj/la_data_in[67]                          -2805.7915 (VIOLATED)
   chip_core/mprj/la_data_in[66]                          -2471.6433 (VIOLATED)
   chip_core/mprj/la_data_in[82]                          -2453.3931 (VIOLATED)
   chip_core/mprj/la_data_in[77]                          -2440.9048 (VIOLATED)
   chip_core/mprj/la_data_in[63]                          -2361.7119 (VIOLATED)
   chip_core/mprj/la_data_in[71]                          -2154.6851 (VIOLATED)
   chip_core/mprj/la_data_in[70]                          -2027.5630 (VIOLATED)
   chip_core/mprj/la_data_in[73]                          -2027.4847 (VIOLATED)
   chip_core/mprj/la_data_in[74]                          -1844.0544 (VIOLATED)







   max_capacitance

                             Required        Actual
   Pin                      Capacitance    Capacitance       Slack
   -----------------------------------------------------------------
   chip_core/mprj/la_data_out[62]   0.3809   0.8334        -0.4526  (VIOLATED)
   chip_core/mprj/la_data_out[61]   0.3809   0.7501        -0.3692  (VIOLATED)
   chip_core/mprj/la_data_out[65]   0.3809   0.7100        -0.3292  (VIOLATED)
   chip_core/mprj/la_data_out[60]   0.3809   0.6997        -0.3188  (VIOLATED)
   chip_core/mprj/la_data_out[57]   0.3809   0.6738        -0.2929  (VIOLATED)
   chip_core/mprj/la_data_out[58]   0.3809   0.6596        -0.2787  (VIOLATED)
   chip_core/mprj/la_data_out[56]   0.3809   0.6334        -0.2525  (VIOLATED)
   chip_core/mprj/la_data_out[66]   0.3809   0.6013        -0.2204  (VIOLATED)
   chip_core/mprj/la_data_out[67]   0.3809   0.5911        -0.2102  (VIOLATED)
   chip_core/mprj/la_data_out[69]   0.3809   0.5898        -0.2089  (VIOLATED)
   chip_core/mprj/la_data_out[59]   0.3809   0.5831        -0.2023  (VIOLATED)
   chip_core/mprj/la_data_out[68]   0.3809   0.5737        -0.1929  (VIOLATED)
   chip_core/mprj/la_data_out[75]   0.3809   0.5659        -0.1850  (VIOLATED)
   chip_core/mprj/la_data_out[64]   0.3809   0.5654        -0.1845  (VIOLATED)
   chip_core/mprj/la_data_out[63]   0.3809   0.5584        -0.1776  (VIOLATED)
   chip_core/mprj/la_data_out[71]   0.3809   0.4971        -0.1162  (VIOLATED)
   chip_core/mprj/la_data_out[70]   0.3809   0.4952        -0.1143  (VIOLATED)
   chip_core/mprj/la_data_out[127]   0.3809   0.4932       -0.1123  (VIOLATED)
   chip_core/mprj/la_data_out[126]   0.3809   0.4503       -0.0695  (VIOLATED)
   chip_core/mprj/la_data_out[78]   0.3809   0.4460        -0.0652  (VIOLATED)
   chip_core/mprj/la_data_out[74]   0.3809   0.4456        -0.0648  (VIOLATED)
   chip_core/mprj/io_out[0]   0.3809         0.4430        -0.0621  (VIOLATED)
   chip_core/mprj/la_data_out[72]   0.3809   0.4359        -0.0550  (VIOLATED)
   chip_core/mprj/la_data_out[124]   0.3809   0.4354       -0.0545  (VIOLATED)
   chip_core/mprj/la_data_out[73]   0.3809   0.4303        -0.0494  (VIOLATED)
   chip_core/mprj/la_data_out[77]   0.3809   0.4272        -0.0463  (VIOLATED)
   chip_core/mprj/io_out[2]   0.3809         0.4250        -0.0442  (VIOLATED)
   chip_core/mprj/la_data_out[125]   0.3809   0.4232       -0.0423  (VIOLATED)
   chip_core/mprj/la_data_out[123]   0.3809   0.4142       -0.0333  (VIOLATED)
   chip_core/mprj/io_out[3]   0.3809         0.4129        -0.0320  (VIOLATED)
   chip_core/mprj/la_data_out[76]   0.3809   0.4079        -0.0270  (VIOLATED)
   chip_core/mprj/la_data_out[121]   0.3809   0.4017       -0.0208  (VIOLATED)
   chip_core/mprj/la_data_out[114]   0.3809   0.3941       -0.0132  (VIOLATED)
   chip_core/mprj/la_data_out[122]   0.3809   0.3933       -0.0124  (VIOLATED)
   chip_core/mprj/la_data_out[81]   0.3809   0.3824        -0.0015  (VIOLATED)


   max_transition

                             Required        Actual
   Pin                      Transition     Transition        Slack
   -----------------------------------------------------------------
   chip_core/mgmt_buffers.user_to_mprj_in_gates[62]/A   1.5000   4.6132  -3.1132 (VIOLATED)
   chip_core/ANTENNA_mgmt_buffers.user_to_mprj_in_gates[62]_A/DIODE   1.5000   4.6131  -3.1131 (VIOLATED)
   chip_core/mgmt_buffers.user_to_mprj_in_gates[61]/A   1.5000   4.1270  -2.6270 (VIOLATED)
   chip_core/ANTENNA_mgmt_buffers.user_to_mprj_in_gates[61]_A/DIODE   1.5000   4.1269  -2.6269 (VIOLATED)
   chip_core/mgmt_buffers.user_to_mprj_in_gates[60]/A   1.5000   4.0523  -2.5523 (VIOLATED)
   chip_core/ANTENNA_mgmt_buffers.user_to_mprj_in_gates[60]_A/DIODE   1.5000   4.0522  -2.5522 (VIOLATED)
   chip_core/mgmt_buffers.user_to_mprj_in_gates[57]/A   1.5000   3.8814  -2.3814 (VIOLATED)
   chip_core/ANTENNA_mgmt_buffers.user_to_mprj_in_gates[57]_A/DIODE   1.5000   3.8813  -2.3813 (VIOLATED)
   chip_core/mgmt_buffers.user_to_mprj_in_gates[58]/A   1.5000   3.7745  -2.2745 (VIOLATED)
   chip_core/ANTENNA_mgmt_buffers.user_to_mprj_in_gates[58]_A/DIODE   1.5000   3.7744  -2.2744 (VIOLATED)
   chip_core/ANTENNA_mgmt_buffers.user_to_mprj_in_gates[65]_A/DIODE   1.5000   3.6729  -2.1729 (VIOLATED)
   chip_core/mgmt_buffers.user_to_mprj_in_gates[65]/A   1.5000   3.6729  -2.1729 (VIOLATED)
   chip_core/mgmt_buffers.user_to_mprj_in_gates[66]/A   1.5000   3.0907  -1.5907 (VIOLATED)
   chip_core/ANTENNA_mgmt_buffers.user_to_mprj_in_gates[66]_A/DIODE   1.5000   3.0907  -1.5907 (VIOLATED)
   chip_core/mgmt_buffers.user_to_mprj_in_gates[59]/A   1.5000   3.0550  -1.5550 (VIOLATED)
   chip_core/ANTENNA_mgmt_buffers.user_to_mprj_in_gates[59]_A/DIODE   1.5000   3.0550  -1.5550 (VIOLATED)
   chip_core/mgmt_buffers.user_to_mprj_in_gates[67]/A   1.5000   2.9126  -1.4126 (VIOLATED)
   chip_core/ANTENNA_mgmt_buffers.user_to_mprj_in_gates[67]_A/DIODE   1.5000   2.9126  -1.4126 (VIOLATED)
   chip_core/mgmt_buffers.user_to_mprj_in_gates[68]/A   1.5000   2.8016  -1.3016 (VIOLATED)
   chip_core/ANTENNA_mgmt_buffers.user_to_mprj_in_gates[68]_A/DIODE   1.5000   2.8015  -1.3015 (VIOLATED)
   chip_core/mgmt_buffers.user_to_mprj_in_gates[63]/A   1.5000   2.6839  -1.1839 (VIOLATED)
   chip_core/ANTENNA_mgmt_buffers.user_to_mprj_in_gates[63]_A/DIODE   1.5000   2.6839  -1.1839 (VIOLATED)
   chip_core/ANTENNA_mgmt_buffers.user_to_mprj_in_gates[75]_A/DIODE   1.5000   2.6079  -1.1079 (VIOLATED)
   chip_core/mgmt_buffers.user_to_mprj_in_gates[75]/A   1.5000   2.6079  -1.1079 (VIOLATED)
   chip_core/ANTENNA_mgmt_buffers.user_to_mprj_in_gates[127]_A/DIODE   1.5000   2.5660  -1.0660 (VIOLATED)
   chip_core/mgmt_buffers.user_to_mprj_in_gates[127]/A   1.5000   2.5660  -1.0660 (VIOLATED)
   chip_core/mgmt_buffers.user_to_mprj_in_gates[56]/A   1.5000   2.5422  -1.0422 (VIOLATED)
   chip_core/ANTENNA_mgmt_buffers.user_to_mprj_in_gates[56]_A/DIODE   1.5000   2.5421  -1.0421 (VIOLATED)
   chip_core/mprj/la_oenb[106]   0.0000      0.9200        -0.9200  (VIOLATED)
   chip_core/ANTENNA_mgmt_buffers.user_to_mprj_in_gates[69]_A/DIODE   1.5000   2.4132  -0.9132 (VIOLATED)
   chip_core/mgmt_buffers.user_to_mprj_in_gates[69]/A   1.5000   2.4132  -0.9132 (VIOLATED)
   chip_core/mprj/la_oenb[102]   0.0000      0.9118        -0.9118  (VIOLATED)
   chip_core/mprj/la_oenb[103]   0.0000      0.9040        -0.9040  (VIOLATED)
   chip_core/mprj/wbs_adr_i[19]   0.0000     0.8899        -0.8899  (VIOLATED)
   chip_core/mprj/la_data_in[109]   0.0000   0.8753        -0.8753  (VIOLATED)
   chip_core/mprj/la_oenb[105]   0.0000      0.8715        -0.8715  (VIOLATED)
   chip_core/ANTENNA_mgmt_buffers.user_to_mprj_in_gates[64]_A/DIODE   1.5000   2.3243  -0.8243 (VIOLATED)
   chip_core/mgmt_buffers.user_to_mprj_in_gates[64]/A   1.5000   2.3243  -0.8243 (VIOLATED)
   chip_core/mprj/la_data_in[115]   0.0000   0.8243        -0.8243  (VIOLATED)
   chip_core/mprj/wbs_dat_i[15]   0.0000     0.8210        -0.8210  (VIOLATED)
   chip_core/mprj/wbs_adr_i[15]   0.0000     0.8187        -0.8187  (VIOLATED)
   chip_core/mprj/la_oenb[104]   0.0000      0.8166        -0.8166  (VIOLATED)
   chip_core/mprj/wbs_dat_i[14]   0.0000     0.8162        -0.8162  (VIOLATED)
   chip_core/mprj/wbs_dat_i[17]   0.0000     0.8155        -0.8155  (VIOLATED)
   chip_core/mprj/la_oenb[95]   0.0000       0.8129        -0.8129  (VIOLATED)
   chip_core/mprj/wbs_adr_i[22]   0.0000     0.8077        -0.8077  (VIOLATED)
   chip_core/mprj/wbs_dat_i[20]   0.0000     0.8002        -0.8002  (VIOLATED)
   chip_core/mprj/wbs_adr_i[17]   0.0000     0.7967        -0.7967  (VIOLATED)
   chip_core/mprj/la_oenb[100]   0.0000      0.7923        -0.7923  (VIOLATED)
   chip_core/mprj/la_data_in[104]   0.0000   0.7740        -0.7740  (VIOLATED)
   chip_core/mprj/wbs_dat_i[19]   0.0000     0.7702        -0.7702  (VIOLATED)
   chip_core/mprj/la_data_in[113]   0.0000   0.7682        -0.7682  (VIOLATED)
   chip_core/mprj/la_data_in[111]   0.0000   0.7679        -0.7679  (VIOLATED)
   chip_core/mprj/la_data_in[118]   0.0000   0.7668        -0.7668  (VIOLATED)
   chip_core/mprj/la_data_in[92]   0.0000    0.7635        -0.7635  (VIOLATED)
   chip_core/mprj/la_oenb[98]   0.0000       0.7570        -0.7570  (VIOLATED)
   chip_core/mprj/la_oenb[101]   0.0000      0.7461        -0.7461  (VIOLATED)
   chip_core/mprj/wbs_adr_i[8]   0.0000      0.7360        -0.7360  (VIOLATED)
   chip_core/mprj/la_data_in[95]   0.0000    0.7353        -0.7353  (VIOLATED)
   chip_core/ANTENNA_mgmt_buffers.user_to_mprj_in_gates[70]_A/DIODE   1.5000   2.2352  -0.7352 (VIOLATED)
   chip_core/mgmt_buffers.user_to_mprj_in_gates[70]/A   1.5000   2.2352  -0.7352 (VIOLATED)
   chip_core/mprj/wbs_dat_i[18]   0.0000     0.7310        -0.7310  (VIOLATED)
   chip_core/mprj/la_data_in[112]   0.0000   0.7274        -0.7274  (VIOLATED)
   chip_core/mprj/la_data_in[101]   0.0000   0.7252        -0.7252  (VIOLATED)
   chip_core/ANTENNA_mgmt_buffers.user_to_mprj_in_gates[126]_A/DIODE   1.5000   2.2200  -0.7200 (VIOLATED)
   chip_core/mgmt_buffers.user_to_mprj_in_gates[126]/A   1.5000   2.2200  -0.7200 (VIOLATED)
   chip_core/mprj/la_oenb[94]   0.0000       0.7178        -0.7178  (VIOLATED)
   chip_core/mprj/wbs_adr_i[7]   0.0000      0.7104        -0.7104  (VIOLATED)
   chip_core/ANTENNA_wire2105_A/DIODE   1.5000   2.2084    -0.7084  (VIOLATED)
   chip_core/wire2105/A       1.5000         2.2084        -0.7084  (VIOLATED)
   chip_core/mprj/la_oenb[92]   0.0000       0.6988        -0.6988  (VIOLATED)
   chip_core/mprj/wbs_adr_i[27]   0.0000     0.6896        -0.6896  (VIOLATED)
   chip_core/mprj/la_oenb[90]   0.0000       0.6885        -0.6885  (VIOLATED)
   chip_core/ANTENNA_mgmt_buffers.user_to_mprj_in_gates[71]_A/DIODE   1.5000   2.1860  -0.6860 (VIOLATED)
   chip_core/mgmt_buffers.user_to_mprj_in_gates[71]/A   1.5000   2.1860  -0.6860 (VIOLATED)
   chip_core/mprj/la_data_in[105]   0.0000   0.6810        -0.6810  (VIOLATED)
   chip_core/mprj/wbs_dat_i[25]   0.0000     0.6758        -0.6758  (VIOLATED)
   chip_core/mprj/la_data_in[97]   0.0000    0.6697        -0.6697  (VIOLATED)
   chip_core/mprj/wbs_dat_i[27]   0.0000     0.6693        -0.6693  (VIOLATED)
   chip_core/mprj/la_data_in[94]   0.0000    0.6642        -0.6642  (VIOLATED)
   chip_core/mprj/la_oenb[99]   0.0000       0.6622        -0.6622  (VIOLATED)
   chip_core/mprj/wbs_adr_i[26]   0.0000     0.6572        -0.6572  (VIOLATED)
   chip_core/mprj/la_data_in[106]   0.0000   0.6521        -0.6521  (VIOLATED)
   chip_core/mprj/wbs_adr_i[23]   0.0000     0.6480        -0.6480  (VIOLATED)
   chip_core/mprj/wbs_dat_i[23]   0.0000     0.6477        -0.6477  (VIOLATED)
   chip_core/mprj/la_data_in[91]   0.0000    0.6458        -0.6458  (VIOLATED)
   chip_core/mprj/la_data_in[100]   0.0000   0.6448        -0.6448  (VIOLATED)
   chip_core/mprj/la_data_in[90]   0.0000    0.6390        -0.6390  (VIOLATED)
   chip_core/mprj/wbs_dat_i[22]   0.0000     0.6382        -0.6382  (VIOLATED)
   chip_core/mprj/la_oenb[93]   0.0000       0.6377        -0.6377  (VIOLATED)
   chip_core/mprj/wbs_adr_i[25]   0.0000     0.6364        -0.6364  (VIOLATED)
   chip_core/mprj/wbs_dat_i[28]   0.0000     0.6358        -0.6358  (VIOLATED)
   chip_core/mprj/la_data_in[110]   0.0000   0.6352        -0.6352  (VIOLATED)
   chip_core/mprj/wbs_adr_i[20]   0.0000     0.6262        -0.6262  (VIOLATED)
   chip_core/mprj/la_data_in[93]   0.0000    0.6232        -0.6232  (VIOLATED)
   chip_core/mprj/la_data_in[3]   0.0000     0.6207        -0.6207  (VIOLATED)
   chip_core/mprj/la_data_in[103]   0.0000   0.6173        -0.6173  (VIOLATED)
   chip_core/mprj/la_data_in[98]   0.0000    0.6129        -0.6129  (VIOLATED)
   chip_core/mprj/wbs_adr_i[16]   0.0000     0.6126        -0.6126  (VIOLATED)
   chip_core/ANTENNA_mgmt_buffers.user_to_mprj_in_gates[124]_A/DIODE   1.5000   2.1088  -0.6088 (VIOLATED)
   chip_core/mgmt_buffers.user_to_mprj_in_gates[124]/A   1.5000   2.1088  -0.6088 (VIOLATED)
   chip_core/mprj/wbs_adr_i[4]   0.0000      0.6075        -0.6075  (VIOLATED)
   chip_core/mprj/la_data_in[2]   0.0000     0.6065        -0.6065  (VIOLATED)
   chip_core/mprj/wbs_adr_i[24]   0.0000     0.6064        -0.6064  (VIOLATED)
   chip_core/mprj/la_data_in[102]   0.0000   0.6051        -0.6051  (VIOLATED)
   chip_core/mprj/la_oenb[97]   0.0000       0.6007        -0.6007  (VIOLATED)
   chip_core/mprj/wbs_adr_i[18]   0.0000     0.5992        -0.5992  (VIOLATED)
   chip_core/mprj/la_data_in[88]   0.0000    0.5985        -0.5985  (VIOLATED)
   chip_core/mprj/la_data_in[0]   0.0000     0.5969        -0.5969  (VIOLATED)
   chip_core/mprj/la_oenb[118]   0.0000      0.5938        -0.5938  (VIOLATED)
   chip_core/mprj/la_oenb[91]   0.0000       0.5891        -0.5891  (VIOLATED)
   chip_core/ANTENNA_mgmt_buffers.user_to_mprj_in_gates[125]_A/DIODE   1.5000   2.0858  -0.5858 (VIOLATED)
   chip_core/mgmt_buffers.user_to_mprj_in_gates[125]/A   1.5000   2.0858  -0.5858 (VIOLATED)
   chip_core/mprj/la_data_in[1]   0.0000     0.5847        -0.5847  (VIOLATED)
   chip_core/mprj/la_oenb[89]   0.0000       0.5803        -0.5803  (VIOLATED)
   chip_core/mprj/la_data_in[89]   0.0000    0.5797        -0.5797  (VIOLATED)
   chip_core/mprj/wbs_adr_i[29]   0.0000     0.5764        -0.5764  (VIOLATED)
   chip_core/mprj/la_oenb[87]   0.0000       0.5707        -0.5707  (VIOLATED)
   chip_core/mprj/la_data_in[99]   0.0000    0.5700        -0.5700  (VIOLATED)
   chip_core/mprj/wbs_dat_i[30]   0.0000     0.5666        -0.5666  (VIOLATED)
   chip_core/mprj/wbs_adr_i[30]   0.0000     0.5621        -0.5621  (VIOLATED)
   chip_core/mprj/la_data_in[80]   0.0000    0.5545        -0.5545  (VIOLATED)
   chip_core/mprj/wbs_adr_i[21]   0.0000     0.5514        -0.5514  (VIOLATED)
   chip_core/mprj/la_oenb[83]   0.0000       0.5499        -0.5499  (VIOLATED)
   chip_core/mprj/la_data_in[86]   0.0000    0.5463        -0.5463  (VIOLATED)
   chip_core/mprj/la_oenb[96]   0.0000       0.5446        -0.5446  (VIOLATED)
   chip_core/mprj/la_data_in[96]   0.0000    0.5377        -0.5377  (VIOLATED)
   chip_core/mprj/la_oenb[86]   0.0000       0.5358        -0.5358  (VIOLATED)
   chip_core/mprj/wbs_dat_i[21]   0.0000     0.5293        -0.5293  (VIOLATED)
   chip_core/mprj/wbs_dat_i[2]   0.0000      0.5262        -0.5262  (VIOLATED)
   chip_core/mprj/wbs_dat_i[0]   0.0000      0.5252        -0.5252  (VIOLATED)
   chip_core/mprj/la_data_in[84]   0.0000    0.5243        -0.5243  (VIOLATED)
   chip_core/mprj/la_oenb[88]   0.0000       0.5242        -0.5242  (VIOLATED)
   chip_core/mprj/wbs_dat_i[24]   0.0000     0.5192        -0.5192  (VIOLATED)
   chip_core/ANTENNA_wire2103_A/DIODE   1.5000   2.0149    -0.5149  (VIOLATED)
   chip_core/wire2103/A       1.5000         2.0149        -0.5149  (VIOLATED)
   chip_core/mprj/la_data_in[87]   0.0000    0.5138        -0.5138  (VIOLATED)
   chip_core/mprj/la_data_in[5]   0.0000     0.5100        -0.5100  (VIOLATED)
   chip_core/mprj/la_oenb[85]   0.0000       0.5085        -0.5085  (VIOLATED)
   chip_core/mprj/la_data_in[83]   0.0000    0.5045        -0.5045  (VIOLATED)
   chip_core/mprj/la_data_in[78]   0.0000    0.5043        -0.5043  (VIOLATED)
   chip_core/mprj/la_data_in[81]   0.0000    0.5017        -0.5017  (VIOLATED)
   chip_core/mprj/wbs_dat_i[31]   0.0000     0.5016        -0.5016  (VIOLATED)
   chip_core/ANTENNA_mgmt_buffers.user_to_mprj_in_gates[123]_A/DIODE   1.5000   1.9975  -0.4975 (VIOLATED)
   chip_core/mgmt_buffers.user_to_mprj_in_gates[123]/A   1.5000   1.9975  -0.4975 (VIOLATED)
   chip_core/mprj/wbs_adr_i[28]   0.0000     0.4897        -0.4897  (VIOLATED)
   chip_core/mprj/la_oenb[80]   0.0000       0.4883        -0.4883  (VIOLATED)
   chip_core/mprj/wbs_adr_i[9]   0.0000      0.4866        -0.4866  (VIOLATED)
   chip_core/mprj/wbs_dat_i[26]   0.0000     0.4865        -0.4865  (VIOLATED)
   chip_core/mprj/la_data_in[4]   0.0000     0.4807        -0.4807  (VIOLATED)
   chip_core/mprj/la_oenb[84]   0.0000       0.4784        -0.4784  (VIOLATED)
   chip_core/mprj/la_data_in[85]   0.0000    0.4773        -0.4773  (VIOLATED)
   chip_core/ANTENNA_wire2102_A/DIODE   1.5000   1.9750    -0.4750  (VIOLATED)
   chip_core/wire2102/A       1.5000         1.9750        -0.4750  (VIOLATED)
   chip_core/mprj/la_data_in[6]   0.0000     0.4711        -0.4711  (VIOLATED)
   chip_core/mprj/wbs_dat_i[29]   0.0000     0.4710        -0.4710  (VIOLATED)
   chip_core/mprj/la_data_in[7]   0.0000     0.4574        -0.4574  (VIOLATED)
   chip_core/mprj/la_oenb[71]   0.0000       0.4521        -0.4521  (VIOLATED)
   chip_core/ANTENNA_mgmt_buffers.user_to_mprj_in_gates[72]_A/DIODE   1.5000   1.9500  -0.4500 (VIOLATED)
   chip_core/mgmt_buffers.user_to_mprj_in_gates[72]/A   1.5000   1.9500  -0.4500 (VIOLATED)
   chip_core/mprj/wbs_adr_i[31]   0.0000     0.4485        -0.4485  (VIOLATED)
   chip_core/ANTENNA_mgmt_buffers.user_to_mprj_in_gates[78]_A/DIODE   1.5000   1.9477  -0.4477 (VIOLATED)
   chip_core/mgmt_buffers.user_to_mprj_in_gates[78]/A   1.5000   1.9477  -0.4477 (VIOLATED)
   chip_core/mprj/la_data_in[10]   0.0000    0.4470        -0.4470  (VIOLATED)
   chip_core/mprj/la_oenb[1]   0.0000        0.4456        -0.4456  (VIOLATED)
   chip_core/mprj/la_oenb[78]   0.0000       0.4430        -0.4430  (VIOLATED)
   chip_core/mprj/la_oenb[79]   0.0000       0.4354        -0.4354  (VIOLATED)
   chip_core/mprj/la_data_in[11]   0.0000    0.4337        -0.4337  (VIOLATED)
   chip_core/mprj/la_data_in[72]   0.0000    0.4325        -0.4325  (VIOLATED)
   chip_core/mprj/la_data_in[82]   0.0000    0.4323        -0.4323  (VIOLATED)
   chip_core/ANTENNA_mgmt_buffers.user_to_mprj_in_gates[121]_A/DIODE   1.5000   1.9276  -0.4276 (VIOLATED)
   chip_core/mgmt_buffers.user_to_mprj_in_gates[121]/A   1.5000   1.9276  -0.4276 (VIOLATED)
   chip_core/mprj/la_data_in[8]   0.0000     0.4260        -0.4260  (VIOLATED)
   chip_core/mprj/la_data_in[75]   0.0000    0.4246        -0.4246  (VIOLATED)
   chip_core/mprj/la_oenb[81]   0.0000       0.4237        -0.4237  (VIOLATED)
   chip_core/mprj/la_data_in[79]   0.0000    0.4213        -0.4213  (VIOLATED)
   chip_core/mprj/la_oenb[5]   0.0000        0.4167        -0.4167  (VIOLATED)
   chip_core/ANTENNA_mgmt_buffers.user_to_mprj_in_gates[74]_A/DIODE   1.5000   1.9128  -0.4128 (VIOLATED)
   chip_core/mgmt_buffers.user_to_mprj_in_gates[74]/A   1.5000   1.9128  -0.4128 (VIOLATED)
   chip_core/mprj/la_oenb[75]   0.0000       0.4126        -0.4126  (VIOLATED)
   chip_core/mprj/la_data_in[33]   0.0000    0.4089        -0.4089  (VIOLATED)
   chip_core/mprj/la_data_in[77]   0.0000    0.4070        -0.4070  (VIOLATED)
   chip_core/mprj/io_in[2]    0.0000         0.4004        -0.4004  (VIOLATED)
   chip_core/mprj/la_oenb[2]   0.0000        0.3990        -0.3990  (VIOLATED)
   chip_core/ANTENNA_mgmt_buffers.user_to_mprj_in_gates[114]_A/DIODE   1.5000   1.8962  -0.3962 (VIOLATED)
   chip_core/mgmt_buffers.user_to_mprj_in_gates[114]/A   1.5000   1.8962  -0.3962 (VIOLATED)
   chip_core/mprj/la_data_in[37]   0.0000    0.3957        -0.3957  (VIOLATED)
   chip_core/mprj/wbs_dat_i[1]   0.0000      0.3929        -0.3929  (VIOLATED)
   chip_core/mprj/la_data_in[68]   0.0000    0.3916        -0.3916  (VIOLATED)
   chip_core/mprj/la_data_in[32]   0.0000    0.3904        -0.3904  (VIOLATED)
   chip_core/mprj/la_oenb[77]   0.0000       0.3876        -0.3876  (VIOLATED)
   chip_core/ANTENNA_mgmt_buffers.user_to_mprj_in_gates[122]_A/DIODE   1.5000   1.8817  -0.3817 (VIOLATED)
   chip_core/mgmt_buffers.user_to_mprj_in_gates[122]/A   1.5000   1.8817  -0.3817 (VIOLATED)
   chip_core/mprj/la_oenb[72]   0.0000       0.3812        -0.3812  (VIOLATED)
   chip_core/mprj/la_data_in[13]   0.0000    0.3770        -0.3770  (VIOLATED)
   chip_core/mprj/la_data_in[14]   0.0000    0.3753        -0.3753  (VIOLATED)
   chip_core/mprj/la_data_in[73]   0.0000    0.3731        -0.3731  (VIOLATED)
   chip_core/ANTENNA_mgmt_buffers.user_to_mprj_in_gates[73]_A/DIODE   1.5000   1.8714  -0.3714 (VIOLATED)
   chip_core/mgmt_buffers.user_to_mprj_in_gates[73]/A   1.5000   1.8714  -0.3714 (VIOLATED)
   chip_core/mprj/la_data_in[71]   0.0000    0.3672        -0.3672  (VIOLATED)
   chip_core/mprj/la_data_in[69]   0.0000    0.3666        -0.3666  (VIOLATED)
   chip_core/mprj/la_data_in[76]   0.0000    0.3636        -0.3636  (VIOLATED)
   chip_core/mprj/la_oenb[76]   0.0000       0.3633        -0.3633  (VIOLATED)
   chip_core/mprj/la_data_in[17]   0.0000    0.3607        -0.3607  (VIOLATED)
   chip_core/mprj/la_data_in[74]   0.0000    0.3596        -0.3596  (VIOLATED)
   chip_core/mprj/la_data_in[9]   0.0000     0.3591        -0.3591  (VIOLATED)
   chip_core/mprj/la_data_in[66]   0.0000    0.3559        -0.3559  (VIOLATED)
   chip_core/mprj/la_data_in[35]   0.0000    0.3542        -0.3542  (VIOLATED)
   chip_core/mprj/la_oenb[82]   0.0000       0.3475        -0.3475  (VIOLATED)
   chip_core/mprj/la_oenb[68]   0.0000       0.3401        -0.3401  (VIOLATED)
   chip_core/mprj/la_oenb[69]   0.0000       0.3370        -0.3370  (VIOLATED)
   chip_core/ANTENNA_mgmt_buffers.user_to_mprj_in_gates[77]_A/DIODE   1.5000   1.8328  -0.3328 (VIOLATED)
   chip_core/mgmt_buffers.user_to_mprj_in_gates[77]/A   1.5000   1.8328  -0.3328 (VIOLATED)
   chip_core/mprj/la_data_in[39]   0.0000    0.3323        -0.3323  (VIOLATED)
   chip_core/mprj/la_data_in[19]   0.0000    0.3323        -0.3323  (VIOLATED)
   chip_core/mprj/la_data_in[65]   0.0000    0.3263        -0.3263  (VIOLATED)
   chip_core/mprj/la_data_in[43]   0.0000    0.3262        -0.3262  (VIOLATED)
   chip_core/mprj/la_data_in[67]   0.0000    0.3235        -0.3235  (VIOLATED)
   chip_core/mprj/la_oenb[74]   0.0000       0.3231        -0.3231  (VIOLATED)
   chip_core/mprj/la_data_in[15]   0.0000    0.3220        -0.3220  (VIOLATED)
   chip_core/mprj/io_in[1]    0.0000         0.3215        -0.3215  (VIOLATED)
   chip_core/mprj/io_in[5]    0.0000         0.3214        -0.3214  (VIOLATED)
   chip_core/mprj/la_oenb[3]   0.0000        0.3189        -0.3189  (VIOLATED)
   chip_core/mprj/la_oenb[73]   0.0000       0.3149        -0.3149  (VIOLATED)
   chip_core/mprj/la_oenb[0]   0.0000        0.3111        -0.3111  (VIOLATED)
   chip_core/mprj/la_data_in[64]   0.0000    0.3095        -0.3095  (VIOLATED)
   chip_core/mprj/io_in[4]    0.0000         0.3070        -0.3070  (VIOLATED)
   chip_core/mprj/la_oenb[6]   0.0000        0.3054        -0.3054  (VIOLATED)
   chip_core/mprj/io_in[6]    0.0000         0.2999        -0.2999  (VIOLATED)
   chip_core/mprj/la_oenb[9]   0.0000        0.2971        -0.2971  (VIOLATED)
   chip_core/mprj/la_oenb[65]   0.0000       0.2956        -0.2956  (VIOLATED)
   chip_core/mprj/io_in[0]    0.0000         0.2933        -0.2933  (VIOLATED)
   chip_core/ANTENNA_mgmt_buffers.user_to_mprj_in_gates[76]_A/DIODE   1.5000   1.7894  -0.2894 (VIOLATED)
   chip_core/mgmt_buffers.user_to_mprj_in_gates[76]/A   1.5000   1.7894  -0.2894 (VIOLATED)
   chip_core/mprj/la_data_in[70]   0.0000    0.2810        -0.2810  (VIOLATED)
   chip_core/mprj/la_data_in[18]   0.0000    0.2797        -0.2797  (VIOLATED)
   chip_core/mprj/la_oenb[4]   0.0000        0.2761        -0.2761  (VIOLATED)
   chip_core/ANTENNA_mgmt_buffers.user_to_mprj_in_gates[81]_A/DIODE   1.5000   1.7748  -0.2748 (VIOLATED)
   chip_core/mgmt_buffers.user_to_mprj_in_gates[81]/A   1.5000   1.7748  -0.2748 (VIOLATED)
   chip_core/mprj/la_data_in[12]   0.0000    0.2742        -0.2742  (VIOLATED)
   chip_core/mprj/la_data_in[30]   0.0000    0.2723        -0.2723  (VIOLATED)
   chip_core/mprj/la_oenb[64]   0.0000       0.2719        -0.2719  (VIOLATED)
   chip_core/mprj/la_oenb[67]   0.0000       0.2711        -0.2711  (VIOLATED)
   chip_core/mprj/la_data_in[20]   0.0000    0.2696        -0.2696  (VIOLATED)
   chip_core/mprj/la_data_in[36]   0.0000    0.2688        -0.2688  (VIOLATED)
   chip_core/mprj/io_in[33]   0.0000         0.2632        -0.2632  (VIOLATED)
   chip_core/mprj/la_data_in[16]   0.0000    0.2629        -0.2629  (VIOLATED)
   chip_core/mprj/wbs_adr_i[11]   0.0000     0.2597        -0.2597  (VIOLATED)
   chip_core/ANTENNA_mgmt_buffers.user_to_mprj_in_gates[79]_A/DIODE   1.5000   1.7562  -0.2562 (VIOLATED)
   chip_core/mgmt_buffers.user_to_mprj_in_gates[79]/A   1.5000   1.7562  -0.2562 (VIOLATED)
   chip_core/mprj/la_data_in[21]   0.0000    0.2545        -0.2545  (VIOLATED)
   chip_core/mprj/la_oenb[13]   0.0000       0.2535        -0.2535  (VIOLATED)
   chip_core/mprj/la_oenb[70]   0.0000       0.2502        -0.2502  (VIOLATED)
   chip_core/mprj/la_data_in[23]   0.0000    0.2445        -0.2445  (VIOLATED)
   chip_core/mprj/la_oenb[66]   0.0000       0.2439        -0.2439  (VIOLATED)
   chip_core/mprj/la_oenb[10]   0.0000       0.2426        -0.2426  (VIOLATED)
   chip_core/mprj/la_data_in[22]   0.0000    0.2383        -0.2383  (VIOLATED)
   chip_core/mprj/la_oenb[14]   0.0000       0.2359        -0.2359  (VIOLATED)
   chip_core/mprj/io_in[32]   0.0000         0.2328        -0.2328  (VIOLATED)
   chip_core/mprj/wbs_adr_i[13]   0.0000     0.2321        -0.2321  (VIOLATED)
   chip_core/mprj/la_data_in[24]   0.0000    0.2280        -0.2280  (VIOLATED)
   chip_core/mprj/io_in[26]   0.0000         0.2246        -0.2246  (VIOLATED)
   chip_core/mprj/la_data_in[25]   0.0000    0.2244        -0.2244  (VIOLATED)
   chip_core/mprj/la_oenb[62]   0.0000       0.2226        -0.2226  (VIOLATED)
   chip_core/mprj/la_oenb[11]   0.0000       0.2225        -0.2225  (VIOLATED)
   chip_core/mprj/la_data_in[58]   0.0000    0.2202        -0.2202  (VIOLATED)
   chip_core/mprj/la_oenb[60]   0.0000       0.2195        -0.2195  (VIOLATED)
   chip_core/mprj/la_oenb[16]   0.0000       0.2165        -0.2165  (VIOLATED)
   chip_core/mprj/io_in[34]   0.0000         0.2129        -0.2129  (VIOLATED)
   chip_core/mprj/wbs_sel_i[0]   0.0000      0.2115        -0.2115  (VIOLATED)
   chip_core/mprj/la_oenb[12]   0.0000       0.2039        -0.2039  (VIOLATED)
   chip_core/mprj/la_data_in[62]   0.0000    0.2037        -0.2037  (VIOLATED)
   chip_core/mprj/la_oenb[58]   0.0000       0.2032        -0.2032  (VIOLATED)
   chip_core/mprj/la_oenb[23]   0.0000       0.2024        -0.2024  (VIOLATED)
   chip_core/mprj/la_oenb[18]   0.0000       0.2022        -0.2022  (VIOLATED)
   chip_core/mprj/la_oenb[63]   0.0000       0.2018        -0.2018  (VIOLATED)
   chip_core/mprj/la_data_in[60]   0.0000    0.2015        -0.2015  (VIOLATED)
   chip_core/mprj/la_oenb[8]   0.0000        0.2014        -0.2014  (VIOLATED)
   chip_core/mprj/io_in[35]   0.0000         0.1998        -0.1998  (VIOLATED)
   chip_core/mprj/la_oenb[7]   0.0000        0.1986        -0.1986  (VIOLATED)
   chip_core/mprj/io_in[25]   0.0000         0.1965        -0.1965  (VIOLATED)
   chip_core/mprj/la_oenb[61]   0.0000       0.1952        -0.1952  (VIOLATED)
   chip_core/mprj/wb_clk_i    0.1000         0.2949        -0.1949  (VIOLATED)
   chip_core/mprj/wbs_dat_i[16]   0.0000     0.1943        -0.1943  (VIOLATED)
   chip_core/mprj/la_data_in[59]   0.0000    0.1916        -0.1916  (VIOLATED)
   chip_core/mprj/la_oenb[56]   0.0000       0.1905        -0.1905  (VIOLATED)
   chip_core/mprj/la_oenb[59]   0.0000       0.1879        -0.1879  (VIOLATED)
   chip_core/mprj/la_oenb[15]   0.0000       0.1852        -0.1852  (VIOLATED)
   chip_core/mprj/la_data_in[57]   0.0000    0.1844        -0.1844  (VIOLATED)
   chip_core/mprj/la_data_in[61]   0.0000    0.1844        -0.1844  (VIOLATED)
   chip_core/mprj/la_oenb[55]   0.0000       0.1829        -0.1829  (VIOLATED)
   chip_core/mprj/wbs_adr_i[14]   0.0000     0.1820        -0.1820  (VIOLATED)
   chip_core/mprj/la_data_in[63]   0.0000    0.1808        -0.1808  (VIOLATED)
   chip_core/mprj/la_oenb[17]   0.0000       0.1786        -0.1786  (VIOLATED)
   chip_core/mprj/la_oenb[21]   0.0000       0.1784        -0.1784  (VIOLATED)
   chip_core/mprj/io_in[27]   0.0000         0.1783        -0.1783  (VIOLATED)
   chip_core/mprj/wbs_adr_i[10]   0.0000     0.1751        -0.1751  (VIOLATED)
   chip_core/mprj/wbs_sel_i[1]   0.0000      0.1740        -0.1740  (VIOLATED)
   chip_core/mprj/io_in[28]   0.0000         0.1735        -0.1735  (VIOLATED)
   chip_core/mprj/la_data_in[55]   0.0000    0.1731        -0.1731  (VIOLATED)
   chip_core/mprj/la_oenb[53]   0.0000       0.1704        -0.1704  (VIOLATED)
   chip_core/mprj/la_data_in[56]   0.0000    0.1667        -0.1667  (VIOLATED)
   chip_core/ANTENNA_mgmt_buffers.user_to_mprj_in_gates[117]_A/DIODE   1.5000   1.6652  -0.1652 (VIOLATED)
   chip_core/mgmt_buffers.user_to_mprj_in_gates[117]/A   1.5000   1.6652  -0.1652 (VIOLATED)
   chip_core/mprj/la_oenb[57]   0.0000       0.1650        -0.1650  (VIOLATED)
   chip_core/mprj/io_in[30]   0.0000         0.1641        -0.1641  (VIOLATED)
   chip_core/mprj/la_oenb[126]   0.0000      0.1636        -0.1636  (VIOLATED)
   chip_core/mprj/wb_rst_i    0.0000         0.1628        -0.1628  (VIOLATED)
   chip_core/mprj/io_in[29]   0.0000         0.1617        -0.1617  (VIOLATED)
   chip_core/mprj/wbs_dat_i[8]   0.0000      0.1607        -0.1607  (VIOLATED)
   chip_core/mprj/wbs_cyc_i   0.0000         0.1599        -0.1599  (VIOLATED)
   chip_core/mprj/la_oenb[52]   0.0000       0.1591        -0.1591  (VIOLATED)
   chip_core/mprj/la_data_in[26]   0.0000    0.1590        -0.1590  (VIOLATED)
   chip_core/mprj/wbs_sel_i[3]   0.0000      0.1588        -0.1588  (VIOLATED)
   chip_core/mprj/la_oenb[50]   0.0000       0.1574        -0.1574  (VIOLATED)
   chip_core/mprj/la_oenb[24]   0.0000       0.1568        -0.1568  (VIOLATED)
   chip_core/mprj/la_oenb[111]   0.0000      0.1562        -0.1562  (VIOLATED)
   chip_core/mprj/wbs_dat_i[12]   0.0000     0.1557        -0.1557  (VIOLATED)
   chip_core/mprj/la_data_in[49]   0.0000    0.1553        -0.1553  (VIOLATED)
   chip_core/mprj/la_data_in[120]   0.0000   0.1552        -0.1552  (VIOLATED)
   chip_core/mprj/la_oenb[127]   0.0000      0.1543        -0.1543  (VIOLATED)
   chip_core/mprj/la_oenb[108]   0.0000      0.1538        -0.1538  (VIOLATED)
   chip_core/mprj/la_data_in[54]   0.0000    0.1534        -0.1534  (VIOLATED)
   chip_core/mprj/la_data_in[126]   0.0000   0.1530        -0.1530  (VIOLATED)
   chip_core/mprj/wbs_adr_i[12]   0.0000     0.1521        -0.1521  (VIOLATED)
   chip_core/mprj/la_data_in[121]   0.0000   0.1518        -0.1518  (VIOLATED)
   chip_core/mprj/la_oenb[54]   0.0000       0.1515        -0.1515  (VIOLATED)
   chip_core/mprj/la_oenb[109]   0.0000      0.1504        -0.1504  (VIOLATED)
   chip_core/mprj/wbs_sel_i[2]   0.0000      0.1504        -0.1504  (VIOLATED)
   chip_core/mprj/la_oenb[110]   0.0000      0.1489        -0.1489  (VIOLATED)
   chip_core/mprj/la_oenb[119]   0.0000      0.1484        -0.1484  (VIOLATED)
   chip_core/mprj/io_in[11]   0.0000         0.1481        -0.1481  (VIOLATED)
   chip_core/mprj/la_data_in[108]   0.0000   0.1480        -0.1480  (VIOLATED)
   chip_core/mprj/la_data_in[46]   0.0000    0.1475        -0.1475  (VIOLATED)
   chip_core/mprj/wbs_adr_i[6]   0.0000      0.1475        -0.1475  (VIOLATED)
   chip_core/mprj/wbs_dat_i[13]   0.0000     0.1473        -0.1473  (VIOLATED)
   chip_core/mprj/la_data_in[116]   0.0000   0.1472        -0.1472  (VIOLATED)
   chip_core/mprj/la_oenb[22]   0.0000       0.1463        -0.1463  (VIOLATED)
   chip_core/mprj/la_oenb[123]   0.0000      0.1461        -0.1461  (VIOLATED)
   chip_core/mprj/la_oenb[122]   0.0000      0.1457        -0.1457  (VIOLATED)
   chip_core/mprj/wbs_dat_i[10]   0.0000     0.1455        -0.1455  (VIOLATED)
   chip_core/mprj/la_data_in[52]   0.0000    0.1452        -0.1452  (VIOLATED)
   chip_core/mprj/la_oenb[25]   0.0000       0.1445        -0.1445  (VIOLATED)
   chip_core/mprj/io_in[31]   0.0000         0.1445        -0.1445  (VIOLATED)
   chip_core/mprj/la_data_in[47]   0.0000    0.1425        -0.1425  (VIOLATED)
   chip_core/mprj/la_data_in[53]   0.0000    0.1410        -0.1410  (VIOLATED)
   chip_core/mprj/la_data_in[123]   0.0000   0.1409        -0.1409  (VIOLATED)
   chip_core/mprj/la_data_in[125]   0.0000   0.1409        -0.1409  (VIOLATED)
   chip_core/mprj/la_oenb[107]   0.0000      0.1403        -0.1403  (VIOLATED)
   chip_core/mprj/io_in[19]   0.0000         0.1401        -0.1401  (VIOLATED)
   chip_core/mprj/la_oenb[49]   0.0000       0.1400        -0.1400  (VIOLATED)
   chip_core/mprj/la_oenb[125]   0.0000      0.1392        -0.1392  (VIOLATED)
   chip_core/mprj/la_oenb[114]   0.0000      0.1392        -0.1392  (VIOLATED)
   chip_core/mprj/la_data_in[122]   0.0000   0.1378        -0.1378  (VIOLATED)
   chip_core/mprj/la_oenb[19]   0.0000       0.1376        -0.1376  (VIOLATED)
   chip_core/ANTENNA_mgmt_buffers.user_to_mprj_in_gates[80]_A/DIODE   1.5000   1.6373  -0.1373 (VIOLATED)
   chip_core/mgmt_buffers.user_to_mprj_in_gates[80]/A   1.5000   1.6373  -0.1373 (VIOLATED)
   chip_core/mprj/wbs_dat_i[6]   0.0000      0.1369        -0.1369  (VIOLATED)
   chip_core/mprj/io_in[12]   0.0000         0.1366        -0.1366  (VIOLATED)
   chip_core/mprj/la_oenb[20]   0.0000       0.1365        -0.1365  (VIOLATED)
   chip_core/mprj/la_oenb[113]   0.0000      0.1355        -0.1355  (VIOLATED)
   chip_core/mprj/la_data_in[51]   0.0000    0.1354        -0.1354  (VIOLATED)
   chip_core/mprj/la_data_in[50]   0.0000    0.1351        -0.1351  (VIOLATED)
   chip_core/mprj/la_data_in[117]   0.0000   0.1342        -0.1342  (VIOLATED)
   chip_core/mprj/la_oenb[115]   0.0000      0.1334        -0.1334  (VIOLATED)
   chip_core/mprj/la_data_in[114]   0.0000   0.1334        -0.1334  (VIOLATED)
   chip_core/mprj/la_data_in[107]   0.0000   0.1331        -0.1331  (VIOLATED)
   chip_core/mprj/io_in[10]   0.0000         0.1329        -0.1329  (VIOLATED)
   chip_core/mprj/wbs_dat_i[11]   0.0000     0.1324        -0.1324  (VIOLATED)
   chip_core/mprj/la_data_in[27]   0.0000    0.1323        -0.1323  (VIOLATED)
   chip_core/mprj/la_oenb[124]   0.0000      0.1320        -0.1320  (VIOLATED)
   chip_core/mprj/la_data_in[42]   0.0000    0.1315        -0.1315  (VIOLATED)
   chip_core/mprj/la_oenb[116]   0.0000      0.1310        -0.1310  (VIOLATED)
   chip_core/mprj/wbs_adr_i[2]   0.0000      0.1309        -0.1309  (VIOLATED)
   chip_core/mprj/la_oenb[121]   0.0000      0.1308        -0.1308  (VIOLATED)
   chip_core/mprj/la_oenb[117]   0.0000      0.1306        -0.1306  (VIOLATED)
   chip_core/mprj/la_oenb[45]   0.0000       0.1306        -0.1306  (VIOLATED)
   chip_core/mprj/la_data_in[127]   0.0000   0.1300        -0.1300  (VIOLATED)
   chip_core/mprj/wbs_dat_i[9]   0.0000      0.1298        -0.1298  (VIOLATED)
   chip_core/mprj/la_oenb[120]   0.0000      0.1290        -0.1290  (VIOLATED)
   chip_core/mprj/la_oenb[51]   0.0000       0.1289        -0.1289  (VIOLATED)
   chip_core/mprj/la_oenb[112]   0.0000      0.1284        -0.1284  (VIOLATED)
   chip_core/mprj/wbs_we_i    0.0000         0.1265        -0.1265  (VIOLATED)
   chip_core/mprj/wbs_stb_i   0.0000         0.1248        -0.1248  (VIOLATED)
   chip_core/mprj/la_oenb[48]   0.0000       0.1244        -0.1244  (VIOLATED)
   chip_core/mprj/wbs_dat_i[7]   0.0000      0.1228        -0.1228  (VIOLATED)
   chip_core/mprj/wbs_adr_i[3]   0.0000      0.1226        -0.1226  (VIOLATED)
   chip_core/mprj/io_in[9]    0.0000         0.1223        -0.1223  (VIOLATED)
   chip_core/mprj/io_in[20]   0.0000         0.1218        -0.1218  (VIOLATED)
   chip_core/mprj/la_data_in[44]   0.0000    0.1213        -0.1213  (VIOLATED)
   chip_core/mprj/la_data_in[124]   0.0000   0.1208        -0.1208  (VIOLATED)
   chip_core/mprj/la_data_in[28]   0.0000    0.1201        -0.1201  (VIOLATED)
   chip_core/mprj/wbs_dat_i[5]   0.0000      0.1201        -0.1201  (VIOLATED)
   chip_core/mprj/user_clock2   0.0000       0.1200        -0.1200  (VIOLATED)
   chip_core/mprj/la_oenb[44]   0.0000       0.1194        -0.1194  (VIOLATED)
   chip_core/mprj/io_in[8]    0.0000         0.1194        -0.1194  (VIOLATED)
   chip_core/mprj/la_oenb[27]   0.0000       0.1179        -0.1179  (VIOLATED)
   chip_core/mprj/la_oenb[41]   0.0000       0.1173        -0.1173  (VIOLATED)
   chip_core/mprj/wbs_dat_i[4]   0.0000      0.1171        -0.1171  (VIOLATED)
   chip_core/mprj/la_data_in[48]   0.0000    0.1162        -0.1162  (VIOLATED)
   chip_core/mprj/la_data_in[38]   0.0000    0.1122        -0.1122  (VIOLATED)
   chip_core/mprj/la_data_in[119]   0.0000   0.1121        -0.1121  (VIOLATED)
   chip_core/mprj/la_oenb[31]   0.0000       0.1118        -0.1118  (VIOLATED)
   chip_core/mprj/la_oenb[30]   0.0000       0.1113        -0.1113  (VIOLATED)
   chip_core/mprj/la_oenb[42]   0.0000       0.1108        -0.1108  (VIOLATED)
   chip_core/mprj/la_oenb[46]   0.0000       0.1092        -0.1092  (VIOLATED)
   chip_core/mprj/wbs_dat_i[3]   0.0000      0.1074        -0.1074  (VIOLATED)
   chip_core/mprj/la_data_in[45]   0.0000    0.1070        -0.1070  (VIOLATED)
   chip_core/mprj/la_oenb[43]   0.0000       0.1061        -0.1061  (VIOLATED)
   chip_core/mprj/la_data_in[29]   0.0000    0.1049        -0.1049  (VIOLATED)
   chip_core/mprj/io_in[7]    0.0000         0.1041        -0.1041  (VIOLATED)
   chip_core/mprj/la_data_in[31]   0.0000    0.1036        -0.1036  (VIOLATED)
   chip_core/mprj/wbs_adr_i[5]   0.0000      0.1024        -0.1024  (VIOLATED)
   chip_core/mprj/la_oenb[39]   0.0000       0.1017        -0.1017  (VIOLATED)
   chip_core/mprj/la_data_in[40]   0.0000    0.1014        -0.1014  (VIOLATED)
   chip_core/mprj/la_oenb[29]   0.0000       0.1007        -0.1007  (VIOLATED)
   chip_core/mprj/la_data_in[41]   0.0000    0.0995        -0.0995  (VIOLATED)
   chip_core/mprj/io_in[13]   0.0000         0.0987        -0.0987  (VIOLATED)
   chip_core/mprj/la_oenb[32]   0.0000       0.0981        -0.0981  (VIOLATED)
   chip_core/mprj/la_oenb[47]   0.0000       0.0961        -0.0961  (VIOLATED)
   chip_core/mprj/io_in[36]   0.1000         0.1960        -0.0960  (VIOLATED)
   chip_core/mprj/io_in[22]   0.0000         0.0926        -0.0926  (VIOLATED)
   chip_core/mprj/la_data_in[34]   0.0000    0.0915        -0.0915  (VIOLATED)
   chip_core/mprj/la_oenb[38]   0.0000       0.0884        -0.0884  (VIOLATED)
   chip_core/mprj/la_oenb[26]   0.0000       0.0880        -0.0880  (VIOLATED)
   chip_core/mprj/la_oenb[36]   0.0000       0.0873        -0.0873  (VIOLATED)
   chip_core/mprj/la_oenb[37]   0.0000       0.0869        -0.0869  (VIOLATED)
   chip_core/mprj/la_oenb[33]   0.0000       0.0865        -0.0865  (VIOLATED)
   chip_core/mprj/io_in[16]   0.0000         0.0835        -0.0835  (VIOLATED)
   chip_core/mprj/la_oenb[40]   0.0000       0.0819        -0.0819  (VIOLATED)
   chip_core/mprj/io_in[15]   0.0000         0.0819        -0.0819  (VIOLATED)
   chip_core/mprj/io_in[21]   0.0000         0.0787        -0.0787  (VIOLATED)
   chip_core/mprj/la_oenb[28]   0.0000       0.0784        -0.0784  (VIOLATED)
   chip_core/mprj/io_in[24]   0.0000         0.0769        -0.0769  (VIOLATED)
   chip_core/mprj/la_oenb[35]   0.0000       0.0744        -0.0744  (VIOLATED)
   chip_core/mprj/la_oenb[34]   0.0000       0.0740        -0.0740  (VIOLATED)
   chip_core/ANTENNA_mgmt_buffers.user_to_mprj_in_gates[116]_A/DIODE   1.5000   1.5730  -0.0730 (VIOLATED)
   chip_core/mgmt_buffers.user_to_mprj_in_gates[116]/A   1.5000   1.5730  -0.0730 (VIOLATED)
   chip_core/ANTENNA_mgmt_buffers.user_to_mprj_in_gates[110]_A/DIODE   1.5000   1.5719  -0.0719 (VIOLATED)
   chip_core/mgmt_buffers.user_to_mprj_in_gates[110]/A   1.5000   1.5719  -0.0719 (VIOLATED)
   chip_core/mprj/io_in[37]   0.1000         0.1709        -0.0709  (VIOLATED)
   chip_core/ANTENNA_mgmt_buffers.user_to_mprj_in_gates[85]_A/DIODE   1.5000   1.5661  -0.0661 (VIOLATED)
   chip_core/mgmt_buffers.user_to_mprj_in_gates[85]/A   1.5000   1.5661  -0.0661 (VIOLATED)
   chip_core/mprj/io_in[14]   0.0000         0.0617        -0.0617  (VIOLATED)
   chip_core/ANTENNA_mgmt_buffers.user_to_mprj_in_gates[118]_A/DIODE   1.5000   1.5602  -0.0602 (VIOLATED)
   chip_core/mgmt_buffers.user_to_mprj_in_gates[118]/A   1.5000   1.5602  -0.0602 (VIOLATED)
   chip_core/mprj/io_in[18]   0.0000         0.0594        -0.0594  (VIOLATED)
   chip_core/mprj/io_in[17]   0.0000         0.0574        -0.0574  (VIOLATED)
   chip_core/ANTENNA_mgmt_buffers.user_to_mprj_in_gates[120]_A/DIODE   1.5000   1.5549  -0.0549 (VIOLATED)
   chip_core/mgmt_buffers.user_to_mprj_in_gates[120]/A   1.5000   1.5549  -0.0549 (VIOLATED)
   chip_core/mprj/io_in[23]   0.0000         0.0526        -0.0526  (VIOLATED)
   chip_core/ANTENNA_mgmt_buffers.user_to_mprj_in_gates[113]_A/DIODE   1.5000   1.5323  -0.0323 (VIOLATED)
   chip_core/mgmt_buffers.user_to_mprj_in_gates[113]/A   1.5000   1.5323  -0.0323 (VIOLATED)
   chip_core/ANTENNA_mgmt_buffers.user_to_mprj_in_gates[82]_A/DIODE   1.5000   1.5268  -0.0268 (VIOLATED)
   chip_core/mgmt_buffers.user_to_mprj_in_gates[82]/A   1.5000   1.5268  -0.0268 (VIOLATED)


1
