****************************************
Report : constraint
	-all_violators
	-path slack_only
Design : caravel
Version: T-2022.03-SP3
Date   : Sat Apr 29 12:52:49 2023
****************************************


   max_delay/setup ('clk' group)

   Endpoint                                                  Slack
   -----------------------------------------------------------------
   chip_core/_36962_/D                                    -10178.9121 (VIOLATED)
   chip_core/_36952_/D                                    -10177.6221 (VIOLATED)
   chip_core/_36972_/D                                    -10177.3174 (VIOLATED)
   chip_core/_36974_/D                                    -10175.9043 (VIOLATED)
   chip_core/_36984_/D                                    -10174.5420 (VIOLATED)
   chip_core/_37014_/D                                    -10170.2012 (VIOLATED)
   chip_core/_37006_/D                                    -10170.1680 (VIOLATED)
   chip_core/_37024_/D                                    -10169.5928 (VIOLATED)
   chip_core/_37016_/D                                    -10169.4873 (VIOLATED)
   chip_core/_37026_/D                                    -10168.9668 (VIOLATED)
   chip_core/_37036_/D                                    -10168.2188 (VIOLATED)
   chip_core/_37038_/D                                    -10166.1650 (VIOLATED)
   chip_core/_37048_/D                                    -10165.5762 (VIOLATED)
   chip_core/_37064_/D                                    -10163.3252 (VIOLATED)
   chip_core/_36990_/D                                    -10153.0283 (VIOLATED)
   chip_core/_36996_/D                                    -10152.7373 (VIOLATED)
   chip_core/_37002_/D                                    -10151.1045 (VIOLATED)
   chip_core/_36982_/D                                    -10150.9717 (VIOLATED)
   chip_core/_36992_/D                                    -10150.1250 (VIOLATED)
   chip_core/_36998_/D                                    -10149.4287 (VIOLATED)
   chip_core/_37008_/D                                    -10148.5840 (VIOLATED)
   chip_core/_37018_/D                                    -10147.7715 (VIOLATED)
   chip_core/_37028_/D                                    -10147.2314 (VIOLATED)
   chip_core/_37030_/D                                    -10145.3145 (VIOLATED)
   chip_core/_37040_/D                                    -10144.5186 (VIOLATED)
   chip_core/_37068_/D                                    -10142.0254 (VIOLATED)
   chip_core/_37054_/D                                    -10141.6553 (VIOLATED)
   chip_core/_37062_/D                                    -10141.3096 (VIOLATED)
   chip_core/_36994_/D                                    -10126.8711 (VIOLATED)
   chip_core/_37004_/D                                    -10126.8633 (VIOLATED)
   chip_core/_37000_/D                                    -10125.7637 (VIOLATED)
   chip_core/_37010_/D                                    -10125.1670 (VIOLATED)
   chip_core/_37020_/D                                    -10124.2920 (VIOLATED)
   chip_core/_37022_/D                                    -10122.3994 (VIOLATED)
   chip_core/_37032_/D                                    -10121.7129 (VIOLATED)
   chip_core/_37046_/D                                    -10118.3301 (VIOLATED)
   chip_core/_37056_/D                                    -10118.0273 (VIOLATED)
   chip_core/_37066_/D                                    -10117.8379 (VIOLATED)
   chip_core/_37076_/D                                    -10117.2695 (VIOLATED)
   chip_core/_37070_/D                                    -10117.1211 (VIOLATED)
   chip_core/_36966_/D                                    -10094.9287 (VIOLATED)
   chip_core/_36976_/D                                    -10094.6484 (VIOLATED)
   chip_core/_36986_/D                                    -10094.3018 (VIOLATED)
   chip_core/_37012_/D                                    -10090.2725 (VIOLATED)
   chip_core/_37042_/D                                    -10083.5547 (VIOLATED)
   chip_core/_37052_/D                                    -10082.9160 (VIOLATED)
   chip_core/_37072_/D                                    -10079.2568 (VIOLATED)
   chip_core/_36988_/D                                    -10066.4189 (VIOLATED)
   chip_core/_37050_/D                                    -10040.0684 (VIOLATED)
   chip_core/_37060_/D                                    -10039.9863 (VIOLATED)
   chip_core/_36980_/D                                    -10025.9717 (VIOLATED)
   chip_core/_36958_/D                                    -10014.9316 (VIOLATED)
   chip_core/_36968_/D                                    -10013.7695 (VIOLATED)
   chip_core/_36978_/D                                    -10013.1689 (VIOLATED)
   chip_core/mprj/la_data_in[78]                          -9821.5576 (VIOLATED)
   chip_core/mprj/la_data_in[56]                          -9815.6748 (VIOLATED)
   chip_core/_36970_/D                                    -9758.3975 (VIOLATED)
   chip_core/mprj/la_data_in[107]                         -9752.5840 (VIOLATED)
   chip_core/_37034_/D                                    -9748.0146 (VIOLATED)
   chip_core/_37044_/D                                    -9747.3252 (VIOLATED)
   chip_core/mprj/la_data_in[114]                         -9746.3057 (VIOLATED)
   chip_core/_37074_/D                                    -9745.0596 (VIOLATED)
   chip_core/_35357_/D                                    -9744.5645 (VIOLATED)
   chip_core/mprj/la_data_in[125]                         -9732.2764 (VIOLATED)
   chip_core/mprj/la_data_in[113]                         -9712.8799 (VIOLATED)
   chip_core/mprj/la_data_in[111]                         -9712.5625 (VIOLATED)
   chip_core/mprj/la_data_in[110]                         -9697.9229 (VIOLATED)
   chip_core/mprj/la_data_in[112]                         -9697.4453 (VIOLATED)
   chip_core/mprj/la_data_in[108]                         -9696.4248 (VIOLATED)
   chip_core/mprj/la_data_in[118]                         -9669.0332 (VIOLATED)
   chip_core/mprj/la_data_in[115]                         -9669.0127 (VIOLATED)
   chip_core/mprj/la_data_in[116]                         -9663.9121 (VIOLATED)
   chip_core/mprj/la_data_in[109]                         -9663.8369 (VIOLATED)
   chip_core/mprj/la_data_in[106]                         -9663.4873 (VIOLATED)
   chip_core/mprj/la_data_in[103]                         -9663.3828 (VIOLATED)
   chip_core/mprj/la_data_in[117]                         -9658.8330 (VIOLATED)
   chip_core/mprj/la_data_in[122]                         -9624.3105 (VIOLATED)
   chip_core/mprj/la_data_in[120]                         -9624.1201 (VIOLATED)
   chip_core/mprj/la_data_in[119]                         -9624.0381 (VIOLATED)
   chip_core/mprj/la_data_in[121]                         -9616.5762 (VIOLATED)
   chip_core/_35361_/D                                    -9586.6816 (VIOLATED)
   chip_core/mprj/la_data_in[126]                         -9573.5645 (VIOLATED)
   chip_core/mprj/la_data_in[124]                         -9573.4814 (VIOLATED)
   chip_core/mprj/la_data_in[123]                         -9572.9521 (VIOLATED)
   chip_core/mprj/la_data_in[127]                         -9534.5127 (VIOLATED)
   chip_core/_36960_/D                                    -9286.4404 (VIOLATED)
   chip_core/_36954_/D                                    -9178.8584 (VIOLATED)
   chip_core/mprj/la_data_in[104]                         -9168.9854 (VIOLATED)
   chip_core/_35340_/D                                    -9054.7822 (VIOLATED)
   chip_core/_36964_/D                                    -8855.9004 (VIOLATED)
   chip_core/_35355_/D                                    -8687.8955 (VIOLATED)
   chip_core/mprj/la_data_in[105]                         -8567.1211 (VIOLATED)
   chip_core/mprj/la_data_in[59]                          -8545.4434 (VIOLATED)
   chip_core/_36956_/D                                    -8414.9551 (VIOLATED)
   chip_core/_35359_/D                                    -8392.8682 (VIOLATED)
   chip_core/_37058_/D                                    -8389.5420 (VIOLATED)
   chip_core/_35349_/D                                    -7758.9424 (VIOLATED)
   chip_core/_35353_/D                                    -7619.9932 (VIOLATED)
   chip_core/mprj/la_data_in[65]                          -7405.8149 (VIOLATED)
   chip_core/mprj/la_data_in[100]                         -7072.1279 (VIOLATED)
   chip_core/mprj/la_data_in[97]                          -7068.7349 (VIOLATED)
   chip_core/mprj/la_data_in[95]                          -7068.5293 (VIOLATED)
   chip_core/mprj/la_data_in[98]                          -7048.4824 (VIOLATED)
   chip_core/mprj/la_data_in[101]                         -7048.2729 (VIOLATED)
   chip_core/mprj/la_data_in[102]                         -7048.2534 (VIOLATED)
   chip_core/mprj/la_data_in[94]                          -7042.0317 (VIOLATED)
   chip_core/mprj/la_data_in[91]                          -7041.8638 (VIOLATED)
   chip_core/mprj/la_data_in[96]                          -7041.8354 (VIOLATED)
   chip_core/mprj/la_data_in[87]                          -7035.5444 (VIOLATED)
   chip_core/mprj/la_data_in[89]                          -7035.5376 (VIOLATED)
   chip_core/mprj/la_data_in[99]                          -7000.8237 (VIOLATED)
   chip_core/mprj/la_data_in[76]                          -6838.8765 (VIOLATED)
   chip_core/_35351_/D                                    -6264.5654 (VIOLATED)
   chip_core/mprj/la_data_in[72]                          -6214.1323 (VIOLATED)
   chip_core/mprj/la_data_in[90]                          -6208.2646 (VIOLATED)
   chip_core/mprj/la_data_in[88]                          -6208.2271 (VIOLATED)
   chip_core/mprj/la_data_in[92]                          -5523.0625 (VIOLATED)
   chip_core/mprj/la_data_in[93]                          -5473.6289 (VIOLATED)
   chip_core/mprj/la_data_in[68]                          -5416.5015 (VIOLATED)
   chip_core/mprj/la_data_in[69]                          -4972.4170 (VIOLATED)
   chip_core/mprj/la_data_in[83]                          -4953.3306 (VIOLATED)
   chip_core/mprj/la_data_in[86]                          -4953.1895 (VIOLATED)
   chip_core/mprj/la_data_in[85]                          -4641.4893 (VIOLATED)
   chip_core/mprj/la_data_in[81]                          -4391.8853 (VIOLATED)
   chip_core/_37078_/D                                    -4390.6753 (VIOLATED)
   chip_core/mprj/la_data_in[84]                          -4390.3301 (VIOLATED)
   chip_core/mprj/la_data_in[80]                          -4384.4980 (VIOLATED)
   chip_core/mprj/la_data_in[58]                          -4196.3608 (VIOLATED)
   chip_core/mprj/la_data_in[61]                          -4104.9976 (VIOLATED)
   chip_core/mprj/la_data_in[60]                          -4098.6250 (VIOLATED)
   chip_core/mprj/la_data_in[57]                          -3652.5732 (VIOLATED)
   chip_core/mprj/la_data_in[62]                          -3628.6743 (VIOLATED)
   chip_core/mprj/la_data_in[64]                          -2890.2886 (VIOLATED)
   chip_core/mprj/la_data_in[79]                          -2750.7781 (VIOLATED)
   chip_core/mprj/la_data_in[75]                          -2733.4355 (VIOLATED)
   chip_core/mprj/la_data_in[67]                          -2727.3247 (VIOLATED)
   chip_core/mprj/la_data_in[66]                          -2401.5461 (VIOLATED)
   chip_core/mprj/la_data_in[82]                          -2383.7932 (VIOLATED)
   chip_core/mprj/la_data_in[77]                          -2371.7300 (VIOLATED)
   chip_core/mprj/la_data_in[63]                          -2294.9482 (VIOLATED)
   chip_core/mprj/la_data_in[71]                          -2093.2988 (VIOLATED)
   chip_core/mprj/la_data_in[70]                          -1969.5779 (VIOLATED)
   chip_core/mprj/la_data_in[73]                          -1969.4353 (VIOLATED)
   chip_core/mprj/la_data_in[74]                          -1790.3815 (VIOLATED)







   max_capacitance

                             Required        Actual
   Pin                      Capacitance    Capacitance       Slack
   -----------------------------------------------------------------
   chip_core/mprj/la_data_out[62]   0.3809   0.7509        -0.3700  (VIOLATED)
   chip_core/mprj/la_data_out[61]   0.3809   0.6707        -0.2899  (VIOLATED)
   chip_core/mprj/la_data_out[65]   0.3809   0.6361        -0.2552  (VIOLATED)
   chip_core/mprj/la_data_out[60]   0.3809   0.6296        -0.2487  (VIOLATED)
   chip_core/mprj/la_data_out[57]   0.3809   0.6134        -0.2325  (VIOLATED)
   chip_core/mprj/la_data_out[58]   0.3809   0.6007        -0.2198  (VIOLATED)
   chip_core/mprj/la_data_out[56]   0.3809   0.5887        -0.2078  (VIOLATED)
   chip_core/mprj/la_data_out[66]   0.3809   0.5496        -0.1687  (VIOLATED)
   chip_core/mprj/la_data_out[59]   0.3809   0.5418        -0.1609  (VIOLATED)
   chip_core/mprj/la_data_out[69]   0.3809   0.5372        -0.1563  (VIOLATED)
   chip_core/mprj/la_data_out[64]   0.3809   0.5303        -0.1494  (VIOLATED)
   chip_core/mprj/la_data_out[67]   0.3809   0.5279        -0.1470  (VIOLATED)
   chip_core/mprj/la_data_out[63]   0.3809   0.5156        -0.1347  (VIOLATED)
   chip_core/mprj/la_data_out[68]   0.3809   0.5146        -0.1338  (VIOLATED)
   chip_core/mprj/la_data_out[75]   0.3809   0.5013        -0.1204  (VIOLATED)
   chip_core/mprj/la_data_out[70]   0.3809   0.4565        -0.0756  (VIOLATED)
   chip_core/mprj/la_data_out[71]   0.3809   0.4562        -0.0754  (VIOLATED)
   chip_core/mprj/la_data_out[127]   0.3809   0.4509       -0.0700  (VIOLATED)
   chip_core/mprj/la_data_out[126]   0.3809   0.4137       -0.0328  (VIOLATED)
   chip_core/mprj/la_data_out[74]   0.3809   0.4111        -0.0302  (VIOLATED)
   chip_core/mprj/la_data_out[78]   0.3809   0.4099        -0.0291  (VIOLATED)
   chip_core/mprj/io_out[0]   0.3809         0.4078        -0.0270  (VIOLATED)
   chip_core/mprj/la_data_out[72]   0.3809   0.4042        -0.0234  (VIOLATED)
   chip_core/mprj/la_data_out[124]   0.3809   0.3976       -0.0167  (VIOLATED)
   chip_core/mprj/la_data_out[73]   0.3809   0.3971        -0.0162  (VIOLATED)
   chip_core/mprj/la_data_out[77]   0.3809   0.3938        -0.0129  (VIOLATED)
   chip_core/mprj/io_out[2]   0.3809         0.3915        -0.0106  (VIOLATED)
   chip_core/mprj/la_data_out[125]   0.3809   0.3882       -0.0073  (VIOLATED)


   max_transition

                             Required        Actual
   Pin                      Transition     Transition        Slack
   -----------------------------------------------------------------
   chip_core/mgmt_buffers.user_to_mprj_in_gates[62]/A   1.5000   3.8618  -2.3618 (VIOLATED)
   chip_core/ANTENNA_mgmt_buffers.user_to_mprj_in_gates[62]_A/DIODE   1.5000   3.8617  -2.3617 (VIOLATED)
   chip_core/mgmt_buffers.user_to_mprj_in_gates[61]/A   1.5000   3.4371  -1.9371 (VIOLATED)
   chip_core/ANTENNA_mgmt_buffers.user_to_mprj_in_gates[61]_A/DIODE   1.5000   3.4370  -1.9370 (VIOLATED)
   chip_core/mgmt_buffers.user_to_mprj_in_gates[60]/A   1.5000   3.3685  -1.8685 (VIOLATED)
   chip_core/ANTENNA_mgmt_buffers.user_to_mprj_in_gates[60]_A/DIODE   1.5000   3.3685  -1.8685 (VIOLATED)
   chip_core/mgmt_buffers.user_to_mprj_in_gates[57]/A   1.5000   3.2491  -1.7491 (VIOLATED)
   chip_core/ANTENNA_mgmt_buffers.user_to_mprj_in_gates[57]_A/DIODE   1.5000   3.2490  -1.7490 (VIOLATED)
   chip_core/mgmt_buffers.user_to_mprj_in_gates[58]/A   1.5000   3.1739  -1.6739 (VIOLATED)
   chip_core/ANTENNA_mgmt_buffers.user_to_mprj_in_gates[58]_A/DIODE   1.5000   3.1739  -1.6739 (VIOLATED)
   chip_core/mgmt_buffers.user_to_mprj_in_gates[65]/A   1.5000   3.1044  -1.6044 (VIOLATED)
   chip_core/ANTENNA_mgmt_buffers.user_to_mprj_in_gates[65]_A/DIODE   1.5000   3.1043  -1.6043 (VIOLATED)
   chip_core/mgmt_buffers.user_to_mprj_in_gates[59]/A   1.5000   2.6660  -1.1660 (VIOLATED)
   chip_core/ANTENNA_mgmt_buffers.user_to_mprj_in_gates[59]_A/DIODE   1.5000   2.6660  -1.1660 (VIOLATED)
   chip_core/mgmt_buffers.user_to_mprj_in_gates[66]/A   1.5000   2.6647  -1.1647 (VIOLATED)
   chip_core/ANTENNA_mgmt_buffers.user_to_mprj_in_gates[66]_A/DIODE   1.5000   2.6647  -1.1647 (VIOLATED)
   chip_core/mgmt_buffers.user_to_mprj_in_gates[67]/A   1.5000   2.4734  -0.9734 (VIOLATED)
   chip_core/ANTENNA_mgmt_buffers.user_to_mprj_in_gates[67]_A/DIODE   1.5000   2.4733  -0.9733 (VIOLATED)
   chip_core/mgmt_buffers.user_to_mprj_in_gates[56]/A   1.5000   2.4119  -0.9119 (VIOLATED)
   chip_core/ANTENNA_mgmt_buffers.user_to_mprj_in_gates[56]_A/DIODE   1.5000   2.4118  -0.9118 (VIOLATED)
   chip_core/mgmt_buffers.user_to_mprj_in_gates[68]/A   1.5000   2.3978  -0.8978 (VIOLATED)
   chip_core/ANTENNA_mgmt_buffers.user_to_mprj_in_gates[68]_A/DIODE   1.5000   2.3978  -0.8978 (VIOLATED)
   chip_core/mgmt_buffers.user_to_mprj_in_gates[63]/A   1.5000   2.3732  -0.8732 (VIOLATED)
   chip_core/ANTENNA_mgmt_buffers.user_to_mprj_in_gates[63]_A/DIODE   1.5000   2.3732  -0.8732 (VIOLATED)
   chip_core/mprj/la_oenb[106]   0.0000      0.8464        -0.8464  (VIOLATED)
   chip_core/mprj/la_oenb[103]   0.0000      0.8245        -0.8245  (VIOLATED)
   chip_core/mprj/la_oenb[102]   0.0000      0.8100        -0.8100  (VIOLATED)
   chip_core/mprj/wbs_adr_i[19]   0.0000     0.7925        -0.7925  (VIOLATED)
   chip_core/mprj/la_oenb[105]   0.0000      0.7917        -0.7917  (VIOLATED)
   chip_core/mprj/la_data_in[109]   0.0000   0.7768        -0.7768  (VIOLATED)
   chip_core/mprj/wbs_dat_i[15]   0.0000     0.7678        -0.7678  (VIOLATED)
   chip_core/mprj/wbs_adr_i[15]   0.0000     0.7594        -0.7594  (VIOLATED)
   chip_core/mprj/la_oenb[104]   0.0000      0.7499        -0.7499  (VIOLATED)
   chip_core/mprj/wbs_dat_i[20]   0.0000     0.7448        -0.7448  (VIOLATED)
   chip_core/mprj/la_data_in[115]   0.0000   0.7351        -0.7351  (VIOLATED)
   chip_core/mprj/la_oenb[95]   0.0000       0.7326        -0.7326  (VIOLATED)
   chip_core/mprj/wbs_adr_i[22]   0.0000     0.7313        -0.7313  (VIOLATED)
   chip_core/ANTENNA_mgmt_buffers.user_to_mprj_in_gates[69]_A/DIODE   1.5000   2.2287  -0.7287 (VIOLATED)
   chip_core/mgmt_buffers.user_to_mprj_in_gates[69]/A   1.5000   2.2287  -0.7287 (VIOLATED)
   chip_core/mprj/wbs_dat_i[17]   0.0000     0.7272        -0.7272  (VIOLATED)
   chip_core/mprj/wbs_dat_i[14]   0.0000     0.7172        -0.7172  (VIOLATED)
   chip_core/mprj/la_data_in[92]   0.0000    0.7146        -0.7146  (VIOLATED)
   chip_core/mprj/la_oenb[100]   0.0000      0.7046        -0.7046  (VIOLATED)
   chip_core/mprj/wbs_adr_i[17]   0.0000     0.7024        -0.7024  (VIOLATED)
   chip_core/mprj/la_data_in[104]   0.0000   0.6958        -0.6958  (VIOLATED)
   chip_core/mprj/la_data_in[111]   0.0000   0.6924        -0.6924  (VIOLATED)
   chip_core/mprj/la_data_in[113]   0.0000   0.6874        -0.6874  (VIOLATED)
   chip_core/mprj/wbs_dat_i[19]   0.0000     0.6861        -0.6861  (VIOLATED)
   chip_core/mprj/la_oenb[98]   0.0000       0.6836        -0.6836  (VIOLATED)
   chip_core/ANTENNA_mgmt_buffers.user_to_mprj_in_gates[127]_A/DIODE   1.5000   2.1836  -0.6836 (VIOLATED)
   chip_core/mgmt_buffers.user_to_mprj_in_gates[127]/A   1.5000   2.1836  -0.6836 (VIOLATED)
   chip_core/mprj/la_oenb[101]   0.0000      0.6824        -0.6824  (VIOLATED)
   chip_core/mprj/wbs_adr_i[8]   0.0000      0.6822        -0.6822  (VIOLATED)
   chip_core/ANTENNA_mgmt_buffers.user_to_mprj_in_gates[64]_A/DIODE   1.5000   2.1790  -0.6790 (VIOLATED)
   chip_core/mgmt_buffers.user_to_mprj_in_gates[64]/A   1.5000   2.1790  -0.6790 (VIOLATED)
   chip_core/ANTENNA_mgmt_buffers.user_to_mprj_in_gates[75]_A/DIODE   1.5000   2.1769  -0.6769 (VIOLATED)
   chip_core/mgmt_buffers.user_to_mprj_in_gates[75]/A   1.5000   2.1769  -0.6769 (VIOLATED)
   chip_core/mprj/la_data_in[118]   0.0000   0.6716        -0.6716  (VIOLATED)
   chip_core/mprj/la_data_in[95]   0.0000    0.6631        -0.6631  (VIOLATED)
   chip_core/mprj/wbs_adr_i[7]   0.0000      0.6626        -0.6626  (VIOLATED)
   chip_core/mprj/la_data_in[112]   0.0000   0.6551        -0.6551  (VIOLATED)
   chip_core/mprj/la_data_in[101]   0.0000   0.6500        -0.6500  (VIOLATED)
   chip_core/mprj/wbs_dat_i[18]   0.0000     0.6452        -0.6452  (VIOLATED)
   chip_core/mprj/la_oenb[94]   0.0000       0.6438        -0.6438  (VIOLATED)
   chip_core/mprj/la_oenb[92]   0.0000       0.6422        -0.6422  (VIOLATED)
   chip_core/mprj/wbs_adr_i[27]   0.0000     0.6342        -0.6342  (VIOLATED)
   chip_core/mprj/la_data_in[105]   0.0000   0.6267        -0.6267  (VIOLATED)
   chip_core/mprj/wbs_dat_i[25]   0.0000     0.6145        -0.6145  (VIOLATED)
   chip_core/mprj/la_oenb[90]   0.0000       0.6134        -0.6134  (VIOLATED)
   chip_core/mprj/la_data_in[97]   0.0000    0.6065        -0.6065  (VIOLATED)
   chip_core/mprj/la_data_in[94]   0.0000    0.6037        -0.6037  (VIOLATED)
   chip_core/mprj/la_data_in[106]   0.0000   0.5991        -0.5991  (VIOLATED)
   chip_core/mprj/wbs_adr_i[23]   0.0000     0.5961        -0.5961  (VIOLATED)
   chip_core/mprj/wbs_dat_i[27]   0.0000     0.5935        -0.5935  (VIOLATED)
   chip_core/mprj/la_oenb[99]   0.0000       0.5920        -0.5920  (VIOLATED)
   chip_core/mprj/la_data_in[100]   0.0000   0.5917        -0.5917  (VIOLATED)
   chip_core/mprj/la_data_in[91]   0.0000    0.5901        -0.5901  (VIOLATED)
   chip_core/mprj/la_data_in[90]   0.0000    0.5873        -0.5873  (VIOLATED)
   chip_core/mprj/wbs_adr_i[26]   0.0000     0.5793        -0.5793  (VIOLATED)
   chip_core/mprj/la_data_in[3]   0.0000     0.5789        -0.5789  (VIOLATED)
   chip_core/mprj/la_data_in[110]   0.0000   0.5782        -0.5782  (VIOLATED)
   chip_core/mprj/wbs_adr_i[25]   0.0000     0.5781        -0.5781  (VIOLATED)
   chip_core/mprj/la_oenb[93]   0.0000       0.5724        -0.5724  (VIOLATED)
   chip_core/mprj/la_data_in[93]   0.0000    0.5717        -0.5717  (VIOLATED)
   chip_core/mprj/wbs_dat_i[23]   0.0000     0.5686        -0.5686  (VIOLATED)
   chip_core/mprj/la_data_in[103]   0.0000   0.5685        -0.5685  (VIOLATED)
   chip_core/mprj/la_data_in[98]   0.0000    0.5628        -0.5628  (VIOLATED)
   chip_core/mprj/wbs_adr_i[18]   0.0000     0.5583        -0.5583  (VIOLATED)
   chip_core/mprj/wbs_adr_i[24]   0.0000     0.5569        -0.5569  (VIOLATED)
   chip_core/mprj/wbs_dat_i[22]   0.0000     0.5561        -0.5561  (VIOLATED)
   chip_core/mprj/wbs_adr_i[16]   0.0000     0.5559        -0.5559  (VIOLATED)
   chip_core/mprj/wbs_dat_i[28]   0.0000     0.5543        -0.5543  (VIOLATED)
   chip_core/mprj/la_data_in[2]   0.0000     0.5541        -0.5541  (VIOLATED)
   chip_core/mprj/wbs_adr_i[4]   0.0000      0.5535        -0.5535  (VIOLATED)
   chip_core/mprj/la_oenb[97]   0.0000       0.5522        -0.5522  (VIOLATED)
   chip_core/mprj/la_data_in[1]   0.0000     0.5508        -0.5508  (VIOLATED)
   chip_core/mprj/wbs_adr_i[20]   0.0000     0.5449        -0.5449  (VIOLATED)
   chip_core/mprj/la_data_in[102]   0.0000   0.5367        -0.5367  (VIOLATED)
   chip_core/mprj/la_oenb[118]   0.0000      0.5363        -0.5363  (VIOLATED)
   chip_core/mprj/la_data_in[88]   0.0000    0.5293        -0.5293  (VIOLATED)
   chip_core/mprj/la_data_in[99]   0.0000    0.5279        -0.5279  (VIOLATED)
   chip_core/mprj/la_oenb[91]   0.0000       0.5262        -0.5262  (VIOLATED)
   chip_core/mprj/la_data_in[89]   0.0000    0.5238        -0.5238  (VIOLATED)
   chip_core/mprj/la_data_in[0]   0.0000     0.5233        -0.5233  (VIOLATED)
   chip_core/mprj/la_oenb[89]   0.0000       0.5203        -0.5203  (VIOLATED)
   chip_core/mprj/wbs_dat_i[30]   0.0000     0.5139        -0.5139  (VIOLATED)
   chip_core/mprj/wbs_adr_i[30]   0.0000     0.5134        -0.5134  (VIOLATED)
   chip_core/mprj/wbs_adr_i[29]   0.0000     0.5131        -0.5131  (VIOLATED)
   chip_core/mprj/la_data_in[80]   0.0000    0.5068        -0.5068  (VIOLATED)
   chip_core/mprj/la_oenb[87]   0.0000       0.5044        -0.5044  (VIOLATED)
   chip_core/ANTENNA_mgmt_buffers.user_to_mprj_in_gates[70]_A/DIODE   1.5000   1.9950  -0.4950 (VIOLATED)
   chip_core/mgmt_buffers.user_to_mprj_in_gates[70]/A   1.5000   1.9950  -0.4950 (VIOLATED)
   chip_core/mprj/la_oenb[86]   0.0000       0.4913        -0.4913  (VIOLATED)
   chip_core/mprj/wbs_dat_i[21]   0.0000     0.4905        -0.4905  (VIOLATED)
   chip_core/mprj/la_oenb[83]   0.0000       0.4903        -0.4903  (VIOLATED)
   chip_core/mprj/wbs_adr_i[21]   0.0000     0.4901        -0.4901  (VIOLATED)
   chip_core/mprj/la_oenb[96]   0.0000       0.4891        -0.4891  (VIOLATED)
   chip_core/mprj/la_data_in[86]   0.0000    0.4871        -0.4871  (VIOLATED)
   chip_core/mprj/la_data_in[96]   0.0000    0.4861        -0.4861  (VIOLATED)
   chip_core/mprj/la_oenb[88]   0.0000       0.4845        -0.4845  (VIOLATED)
   chip_core/mprj/wbs_dat_i[2]   0.0000      0.4767        -0.4767  (VIOLATED)
   chip_core/mprj/la_data_in[84]   0.0000    0.4763        -0.4763  (VIOLATED)
   chip_core/mprj/wbs_dat_i[0]   0.0000      0.4623        -0.4623  (VIOLATED)
   chip_core/mprj/la_data_in[87]   0.0000    0.4598        -0.4598  (VIOLATED)
   chip_core/ANTENNA_mgmt_buffers.user_to_mprj_in_gates[71]_A/DIODE   1.5000   1.9564  -0.4564 (VIOLATED)
   chip_core/mgmt_buffers.user_to_mprj_in_gates[71]/A   1.5000   1.9564  -0.4564 (VIOLATED)
   chip_core/mprj/la_oenb[85]   0.0000       0.4564        -0.4564  (VIOLATED)
   chip_core/mprj/la_data_in[81]   0.0000    0.4551        -0.4551  (VIOLATED)
   chip_core/mprj/la_data_in[83]   0.0000    0.4526        -0.4526  (VIOLATED)
   chip_core/mprj/la_data_in[5]   0.0000     0.4513        -0.4513  (VIOLATED)
   chip_core/mprj/wbs_adr_i[28]   0.0000     0.4485        -0.4485  (VIOLATED)
   chip_core/mprj/wbs_dat_i[24]   0.0000     0.4472        -0.4472  (VIOLATED)
   chip_core/mprj/la_data_in[78]   0.0000    0.4466        -0.4466  (VIOLATED)
   chip_core/mprj/la_oenb[80]   0.0000       0.4463        -0.4463  (VIOLATED)
   chip_core/ANTENNA_mgmt_buffers.user_to_mprj_in_gates[126]_A/DIODE   1.5000   1.9415  -0.4415 (VIOLATED)
   chip_core/mgmt_buffers.user_to_mprj_in_gates[126]/A   1.5000   1.9415  -0.4415 (VIOLATED)
   chip_core/mprj/wbs_dat_i[26]   0.0000     0.4345        -0.4345  (VIOLATED)
   chip_core/ANTENNA_wire2105_A/DIODE   1.5000   1.9316    -0.4316  (VIOLATED)
   chip_core/wire2105/A       1.5000         1.9316        -0.4316  (VIOLATED)
   chip_core/mprj/wbs_dat_i[31]   0.0000     0.4296        -0.4296  (VIOLATED)
   chip_core/mprj/wbs_adr_i[9]   0.0000      0.4271        -0.4271  (VIOLATED)
   chip_core/mprj/la_oenb[84]   0.0000       0.4257        -0.4257  (VIOLATED)
   chip_core/mprj/la_data_in[4]   0.0000     0.4253        -0.4253  (VIOLATED)
   chip_core/mprj/la_data_in[85]   0.0000    0.4165        -0.4165  (VIOLATED)
   chip_core/mprj/la_data_in[10]   0.0000    0.4124        -0.4124  (VIOLATED)
   chip_core/mprj/la_data_in[6]   0.0000     0.4122        -0.4122  (VIOLATED)
   chip_core/mprj/wbs_dat_i[29]   0.0000     0.4077        -0.4077  (VIOLATED)
   chip_core/mprj/la_oenb[71]   0.0000       0.4060        -0.4060  (VIOLATED)
   chip_core/mprj/la_data_in[7]   0.0000     0.4055        -0.4055  (VIOLATED)
   chip_core/mprj/wbs_adr_i[31]   0.0000     0.4045        -0.4045  (VIOLATED)
   chip_core/mprj/la_data_in[72]   0.0000    0.3970        -0.3970  (VIOLATED)
   chip_core/mprj/la_oenb[78]   0.0000       0.3962        -0.3962  (VIOLATED)
   chip_core/mprj/la_oenb[1]   0.0000        0.3957        -0.3957  (VIOLATED)
   chip_core/mprj/la_data_in[11]   0.0000    0.3891        -0.3891  (VIOLATED)
   chip_core/mprj/la_oenb[79]   0.0000       0.3864        -0.3864  (VIOLATED)
   chip_core/mprj/la_oenb[81]   0.0000       0.3796        -0.3796  (VIOLATED)
   chip_core/mprj/la_data_in[82]   0.0000    0.3794        -0.3794  (VIOLATED)
   chip_core/mprj/la_data_in[8]   0.0000     0.3746        -0.3746  (VIOLATED)
   chip_core/mprj/la_data_in[75]   0.0000    0.3711        -0.3711  (VIOLATED)
   chip_core/mprj/la_oenb[5]   0.0000        0.3697        -0.3697  (VIOLATED)
   chip_core/mprj/la_data_in[79]   0.0000    0.3682        -0.3682  (VIOLATED)
   chip_core/mprj/io_in[2]    0.0000         0.3622        -0.3622  (VIOLATED)
   chip_core/mprj/la_oenb[75]   0.0000       0.3610        -0.3610  (VIOLATED)
   chip_core/mprj/la_data_in[68]   0.0000    0.3590        -0.3590  (VIOLATED)
   chip_core/mprj/la_data_in[77]   0.0000    0.3588        -0.3588  (VIOLATED)
   chip_core/mprj/la_data_in[33]   0.0000    0.3581        -0.3581  (VIOLATED)
   chip_core/mprj/la_oenb[2]   0.0000        0.3544        -0.3544  (VIOLATED)
   chip_core/mprj/wbs_dat_i[1]   0.0000      0.3491        -0.3491  (VIOLATED)
   chip_core/mprj/la_data_in[37]   0.0000    0.3435        -0.3435  (VIOLATED)
   chip_core/mprj/la_data_in[32]   0.0000    0.3414        -0.3414  (VIOLATED)
   chip_core/mprj/la_oenb[77]   0.0000       0.3378        -0.3378  (VIOLATED)
   chip_core/mprj/la_data_in[14]   0.0000    0.3339        -0.3339  (VIOLATED)
   chip_core/mprj/la_data_in[13]   0.0000    0.3339        -0.3339  (VIOLATED)
   chip_core/ANTENNA_mgmt_buffers.user_to_mprj_in_gates[124]_A/DIODE   1.5000   1.8334  -0.3334 (VIOLATED)
   chip_core/mgmt_buffers.user_to_mprj_in_gates[124]/A   1.5000   1.8334  -0.3334 (VIOLATED)
   chip_core/mprj/la_data_in[76]   0.0000    0.3316        -0.3316  (VIOLATED)
   chip_core/mprj/la_data_in[69]   0.0000    0.3307        -0.3307  (VIOLATED)
   chip_core/mprj/la_oenb[72]   0.0000       0.3290        -0.3290  (VIOLATED)
   chip_core/mprj/la_data_in[73]   0.0000    0.3286        -0.3286  (VIOLATED)
   chip_core/mprj/la_data_in[74]   0.0000    0.3250        -0.3250  (VIOLATED)
   chip_core/mprj/la_data_in[71]   0.0000    0.3245        -0.3245  (VIOLATED)
   chip_core/mprj/la_data_in[9]   0.0000     0.3202        -0.3202  (VIOLATED)
   chip_core/mprj/la_data_in[17]   0.0000    0.3195        -0.3195  (VIOLATED)
   chip_core/mprj/la_oenb[76]   0.0000       0.3181        -0.3181  (VIOLATED)
   chip_core/mprj/la_data_in[35]   0.0000    0.3170        -0.3170  (VIOLATED)
   chip_core/mprj/la_data_in[66]   0.0000    0.3164        -0.3164  (VIOLATED)
   chip_core/mprj/la_oenb[82]   0.0000       0.3138        -0.3138  (VIOLATED)
   chip_core/ANTENNA_mgmt_buffers.user_to_mprj_in_gates[125]_A/DIODE   1.5000   1.8111  -0.3111 (VIOLATED)
   chip_core/mgmt_buffers.user_to_mprj_in_gates[125]/A   1.5000   1.8111  -0.3111 (VIOLATED)
   chip_core/mprj/io_in[5]    0.0000         0.3034        -0.3034  (VIOLATED)
   chip_core/mprj/io_in[1]    0.0000         0.3023        -0.3023  (VIOLATED)
   chip_core/mprj/la_oenb[68]   0.0000       0.2956        -0.2956  (VIOLATED)
   chip_core/mprj/la_data_in[19]   0.0000    0.2947        -0.2947  (VIOLATED)
   chip_core/mprj/la_oenb[69]   0.0000       0.2933        -0.2933  (VIOLATED)
   chip_core/mprj/la_data_in[39]   0.0000    0.2912        -0.2912  (VIOLATED)
   chip_core/mprj/io_in[4]    0.0000         0.2908        -0.2908  (VIOLATED)
   chip_core/mprj/la_data_in[65]   0.0000    0.2876        -0.2876  (VIOLATED)
   chip_core/mprj/la_data_in[43]   0.0000    0.2872        -0.2872  (VIOLATED)
   chip_core/mprj/la_data_in[15]   0.0000    0.2859        -0.2859  (VIOLATED)
   chip_core/ANTENNA_wire2103_A/DIODE   1.5000   1.7841    -0.2841  (VIOLATED)
   chip_core/wire2103/A       1.5000         1.7841        -0.2841  (VIOLATED)
   chip_core/mprj/la_data_in[67]   0.0000    0.2839        -0.2839  (VIOLATED)
   chip_core/mprj/io_in[6]    0.0000         0.2831        -0.2831  (VIOLATED)
   chip_core/mprj/la_oenb[74]   0.0000       0.2830        -0.2830  (VIOLATED)
   chip_core/mprj/io_in[0]    0.0000         0.2805        -0.2805  (VIOLATED)
   chip_core/mprj/la_oenb[3]   0.0000        0.2797        -0.2797  (VIOLATED)
   chip_core/mprj/la_oenb[0]   0.0000        0.2788        -0.2788  (VIOLATED)
   chip_core/mprj/la_oenb[6]   0.0000        0.2753        -0.2753  (VIOLATED)
   chip_core/mprj/la_oenb[73]   0.0000       0.2753        -0.2753  (VIOLATED)
   chip_core/mprj/la_data_in[64]   0.0000    0.2716        -0.2716  (VIOLATED)
   chip_core/ANTENNA_mgmt_buffers.user_to_mprj_in_gates[78]_A/DIODE   1.5000   1.7630  -0.2630 (VIOLATED)
   chip_core/mgmt_buffers.user_to_mprj_in_gates[78]/A   1.5000   1.7630  -0.2630 (VIOLATED)
   chip_core/mprj/la_oenb[65]   0.0000       0.2620        -0.2620  (VIOLATED)
   chip_core/mprj/la_oenb[9]   0.0000        0.2592        -0.2592  (VIOLATED)
   chip_core/ANTENNA_mgmt_buffers.user_to_mprj_in_gates[74]_A/DIODE   1.5000   1.7585  -0.2585 (VIOLATED)
   chip_core/mgmt_buffers.user_to_mprj_in_gates[74]/A   1.5000   1.7585  -0.2585 (VIOLATED)
   chip_core/ANTENNA_mgmt_buffers.user_to_mprj_in_gates[72]_A/DIODE   1.5000   1.7565  -0.2565 (VIOLATED)
   chip_core/mgmt_buffers.user_to_mprj_in_gates[72]/A   1.5000   1.7565  -0.2565 (VIOLATED)
   chip_core/mprj/la_data_in[70]   0.0000    0.2533        -0.2533  (VIOLATED)
   chip_core/ANTENNA_mgmt_buffers.user_to_mprj_in_gates[123]_A/DIODE   1.5000   1.7493  -0.2493 (VIOLATED)
   chip_core/mgmt_buffers.user_to_mprj_in_gates[123]/A   1.5000   1.7493  -0.2493 (VIOLATED)
   chip_core/mprj/la_oenb[4]   0.0000        0.2468        -0.2468  (VIOLATED)
   chip_core/mprj/la_data_in[18]   0.0000    0.2445        -0.2445  (VIOLATED)
   chip_core/mprj/la_data_in[12]   0.0000    0.2440        -0.2440  (VIOLATED)
   chip_core/mprj/la_data_in[30]   0.0000    0.2415        -0.2415  (VIOLATED)
   chip_core/mprj/io_in[33]   0.0000         0.2411        -0.2411  (VIOLATED)
   chip_core/mprj/la_oenb[64]   0.0000       0.2411        -0.2411  (VIOLATED)
   chip_core/mprj/la_data_in[36]   0.0000    0.2383        -0.2383  (VIOLATED)
   chip_core/mprj/la_oenb[67]   0.0000       0.2379        -0.2379  (VIOLATED)
   chip_core/mprj/la_data_in[20]   0.0000    0.2356        -0.2356  (VIOLATED)
   chip_core/ANTENNA_wire2102_A/DIODE   1.5000   1.7352    -0.2352  (VIOLATED)
   chip_core/wire2102/A       1.5000         1.7352        -0.2352  (VIOLATED)
   chip_core/mprj/la_data_in[16]   0.0000    0.2326        -0.2326  (VIOLATED)
   chip_core/mprj/wbs_adr_i[11]   0.0000     0.2247        -0.2247  (VIOLATED)
   chip_core/mprj/la_oenb[13]   0.0000       0.2244        -0.2244  (VIOLATED)
   chip_core/mprj/la_data_in[21]   0.0000    0.2235        -0.2235  (VIOLATED)
   chip_core/mprj/la_oenb[70]   0.0000       0.2222        -0.2222  (VIOLATED)
   chip_core/mprj/la_oenb[66]   0.0000       0.2182        -0.2182  (VIOLATED)
   chip_core/mprj/la_oenb[10]   0.0000       0.2179        -0.2179  (VIOLATED)
   chip_core/mprj/la_data_in[23]   0.0000    0.2151        -0.2151  (VIOLATED)
   chip_core/mprj/la_data_in[22]   0.0000    0.2148        -0.2148  (VIOLATED)
   chip_core/mprj/io_in[32]   0.0000         0.2140        -0.2140  (VIOLATED)
   chip_core/mprj/la_oenb[14]   0.0000       0.2112        -0.2112  (VIOLATED)
   chip_core/mgmt_buffers.user_to_mprj_in_gates[73]/A   1.5000   1.7073  -0.2073 (VIOLATED)
   chip_core/ANTENNA_mgmt_buffers.user_to_mprj_in_gates[73]_A/DIODE   1.5000   1.7073  -0.2073 (VIOLATED)
   chip_core/mprj/io_in[26]   0.0000         0.2054        -0.2054  (VIOLATED)
   chip_core/mprj/la_data_in[24]   0.0000    0.2032        -0.2032  (VIOLATED)
   chip_core/mprj/wbs_adr_i[13]   0.0000     0.2024        -0.2024  (VIOLATED)
   chip_core/mprj/la_oenb[11]   0.0000       0.1994        -0.1994  (VIOLATED)
   chip_core/mprj/la_data_in[25]   0.0000    0.1993        -0.1993  (VIOLATED)
   chip_core/mprj/la_oenb[62]   0.0000       0.1974        -0.1974  (VIOLATED)
   chip_core/mprj/io_in[34]   0.0000         0.1973        -0.1973  (VIOLATED)
   chip_core/mprj/la_data_in[58]   0.0000    0.1969        -0.1969  (VIOLATED)
   chip_core/mprj/la_oenb[60]   0.0000       0.1952        -0.1952  (VIOLATED)
   chip_core/mprj/la_oenb[16]   0.0000       0.1908        -0.1908  (VIOLATED)
   chip_core/mprj/la_data_in[62]   0.0000    0.1865        -0.1865  (VIOLATED)
   chip_core/mprj/la_data_in[60]   0.0000    0.1835        -0.1835  (VIOLATED)
   chip_core/mprj/io_in[35]   0.0000         0.1831        -0.1831  (VIOLATED)
   chip_core/mprj/io_in[25]   0.0000         0.1821        -0.1821  (VIOLATED)
   chip_core/ANTENNA_mgmt_buffers.user_to_mprj_in_gates[121]_A/DIODE   1.5000   1.6814  -0.1814 (VIOLATED)
   chip_core/mgmt_buffers.user_to_mprj_in_gates[121]/A   1.5000   1.6814  -0.1814 (VIOLATED)
   chip_core/mprj/la_oenb[58]   0.0000       0.1811        -0.1811  (VIOLATED)
   chip_core/mprj/la_oenb[8]   0.0000        0.1805        -0.1805  (VIOLATED)
   chip_core/mprj/la_oenb[12]   0.0000       0.1801        -0.1801  (VIOLATED)
   chip_core/mprj/wbs_sel_i[0]   0.0000      0.1797        -0.1797  (VIOLATED)
   chip_core/mprj/la_oenb[23]   0.0000       0.1793        -0.1793  (VIOLATED)
   chip_core/mprj/la_oenb[7]   0.0000        0.1792        -0.1792  (VIOLATED)
   chip_core/mprj/la_oenb[18]   0.0000       0.1789        -0.1789  (VIOLATED)
   chip_core/mprj/la_oenb[63]   0.0000       0.1781        -0.1781  (VIOLATED)
   chip_core/mprj/wbs_dat_i[16]   0.0000     0.1756        -0.1756  (VIOLATED)
   chip_core/mprj/la_data_in[59]   0.0000    0.1749        -0.1749  (VIOLATED)
   chip_core/mprj/la_oenb[61]   0.0000       0.1741        -0.1741  (VIOLATED)
   chip_core/mprj/la_data_in[61]   0.0000    0.1692        -0.1692  (VIOLATED)
   chip_core/mprj/la_oenb[56]   0.0000       0.1690        -0.1690  (VIOLATED)
   chip_core/mprj/wb_clk_i    0.1000         0.2684        -0.1684  (VIOLATED)
   chip_core/mprj/la_data_in[57]   0.0000    0.1683        -0.1683  (VIOLATED)
   chip_core/mprj/wbs_adr_i[14]   0.0000     0.1671        -0.1671  (VIOLATED)
   chip_core/mprj/la_oenb[15]   0.0000       0.1665        -0.1665  (VIOLATED)
   chip_core/mprj/la_oenb[59]   0.0000       0.1661        -0.1661  (VIOLATED)
   chip_core/mprj/la_data_in[63]   0.0000    0.1659        -0.1659  (VIOLATED)
   chip_core/ANTENNA_mgmt_buffers.user_to_mprj_in_gates[114]_A/DIODE   1.5000   1.6658  -0.1658 (VIOLATED)
   chip_core/mgmt_buffers.user_to_mprj_in_gates[114]/A   1.5000   1.6658  -0.1658 (VIOLATED)
   chip_core/mprj/io_in[27]   0.0000         0.1648        -0.1648  (VIOLATED)
   chip_core/mprj/la_oenb[55]   0.0000       0.1630        -0.1630  (VIOLATED)
   chip_core/mprj/io_in[28]   0.0000         0.1614        -0.1614  (VIOLATED)
   chip_core/mprj/la_oenb[17]   0.0000       0.1603        -0.1603  (VIOLATED)
   chip_core/mprj/la_oenb[21]   0.0000       0.1588        -0.1588  (VIOLATED)
   chip_core/mprj/la_data_in[55]   0.0000    0.1561        -0.1561  (VIOLATED)
   chip_core/ANTENNA_mgmt_buffers.user_to_mprj_in_gates[122]_A/DIODE   1.5000   1.6547  -0.1547 (VIOLATED)
   chip_core/mgmt_buffers.user_to_mprj_in_gates[122]/A   1.5000   1.6547  -0.1547 (VIOLATED)
   chip_core/mprj/io_in[30]   0.0000         0.1536        -0.1536  (VIOLATED)
   chip_core/mprj/la_data_in[56]   0.0000    0.1525        -0.1525  (VIOLATED)
   chip_core/mprj/la_oenb[53]   0.0000       0.1523        -0.1523  (VIOLATED)
   chip_core/mprj/wbs_sel_i[1]   0.0000      0.1521        -0.1521  (VIOLATED)
   chip_core/mprj/wbs_adr_i[10]   0.0000     0.1499        -0.1499  (VIOLATED)
   chip_core/mprj/io_in[29]   0.0000         0.1499        -0.1499  (VIOLATED)
   chip_core/mprj/la_oenb[57]   0.0000       0.1478        -0.1478  (VIOLATED)
   chip_core/mprj/wbs_dat_i[12]   0.0000     0.1445        -0.1445  (VIOLATED)
   chip_core/ANTENNA_mgmt_buffers.user_to_mprj_in_gates[77]_A/DIODE   1.5000   1.6443  -0.1443 (VIOLATED)
   chip_core/mgmt_buffers.user_to_mprj_in_gates[77]/A   1.5000   1.6443  -0.1443 (VIOLATED)
   chip_core/mprj/la_oenb[111]   0.0000      0.1443        -0.1443  (VIOLATED)
   chip_core/mprj/la_oenb[52]   0.0000       0.1436        -0.1436  (VIOLATED)
   chip_core/mprj/wbs_sel_i[3]   0.0000      0.1428        -0.1428  (VIOLATED)
   chip_core/mprj/wbs_dat_i[8]   0.0000      0.1425        -0.1425  (VIOLATED)
   chip_core/mprj/la_oenb[50]   0.0000       0.1411        -0.1411  (VIOLATED)
   chip_core/mprj/la_oenb[24]   0.0000       0.1404        -0.1404  (VIOLATED)
   chip_core/mprj/la_oenb[126]   0.0000      0.1404        -0.1404  (VIOLATED)
   chip_core/mprj/la_data_in[49]   0.0000    0.1403        -0.1403  (VIOLATED)
   chip_core/mprj/wbs_adr_i[12]   0.0000     0.1402        -0.1402  (VIOLATED)
   chip_core/mprj/la_data_in[26]   0.0000    0.1401        -0.1401  (VIOLATED)
   chip_core/mprj/la_oenb[109]   0.0000      0.1398        -0.1398  (VIOLATED)
   chip_core/mprj/wb_rst_i    0.0000         0.1398        -0.1398  (VIOLATED)
   chip_core/mprj/la_data_in[54]   0.0000    0.1382        -0.1382  (VIOLATED)
   chip_core/mprj/io_in[11]   0.0000         0.1380        -0.1380  (VIOLATED)
   chip_core/mprj/wbs_cyc_i   0.0000         0.1371        -0.1371  (VIOLATED)
   chip_core/mprj/la_data_in[120]   0.0000   0.1356        -0.1356  (VIOLATED)
   chip_core/mprj/la_oenb[127]   0.0000      0.1353        -0.1353  (VIOLATED)
   chip_core/mprj/la_oenb[54]   0.0000       0.1352        -0.1352  (VIOLATED)
   chip_core/mprj/io_in[31]   0.0000         0.1352        -0.1352  (VIOLATED)
   chip_core/mprj/la_data_in[126]   0.0000   0.1349        -0.1349  (VIOLATED)
   chip_core/mprj/la_oenb[108]   0.0000      0.1340        -0.1340  (VIOLATED)
   chip_core/mprj/la_data_in[46]   0.0000    0.1338        -0.1338  (VIOLATED)
   chip_core/mprj/la_data_in[121]   0.0000   0.1331        -0.1331  (VIOLATED)
   chip_core/mprj/wbs_dat_i[13]   0.0000     0.1330        -0.1330  (VIOLATED)
   chip_core/mprj/wbs_sel_i[2]   0.0000      0.1322        -0.1322  (VIOLATED)
   chip_core/mprj/la_oenb[110]   0.0000      0.1322        -0.1322  (VIOLATED)
   chip_core/mprj/la_oenb[22]   0.0000       0.1321        -0.1321  (VIOLATED)
   chip_core/mprj/la_oenb[119]   0.0000      0.1320        -0.1320  (VIOLATED)
   chip_core/mprj/la_data_in[52]   0.0000    0.1316        -0.1316  (VIOLATED)
   chip_core/mprj/la_data_in[108]   0.0000   0.1312        -0.1312  (VIOLATED)
   chip_core/mprj/wbs_adr_i[6]   0.0000      0.1295        -0.1295  (VIOLATED)
   chip_core/mprj/la_data_in[47]   0.0000    0.1294        -0.1294  (VIOLATED)
   chip_core/mprj/la_data_in[116]   0.0000   0.1291        -0.1291  (VIOLATED)
   chip_core/mprj/la_oenb[122]   0.0000      0.1287        -0.1287  (VIOLATED)
   chip_core/mprj/io_in[19]   0.0000         0.1284        -0.1284  (VIOLATED)
   chip_core/mprj/la_data_in[53]   0.0000    0.1277        -0.1277  (VIOLATED)
   chip_core/mprj/io_in[12]   0.0000         0.1277        -0.1277  (VIOLATED)
   chip_core/mprj/la_oenb[107]   0.0000      0.1270        -0.1270  (VIOLATED)
   chip_core/mprj/la_oenb[123]   0.0000      0.1265        -0.1265  (VIOLATED)
   chip_core/mprj/wbs_dat_i[10]   0.0000     0.1262        -0.1262  (VIOLATED)
   chip_core/mprj/la_oenb[25]   0.0000       0.1261        -0.1261  (VIOLATED)
   chip_core/mprj/la_data_in[125]   0.0000   0.1257        -0.1257  (VIOLATED)
   chip_core/mprj/la_data_in[123]   0.0000   0.1249        -0.1249  (VIOLATED)
   chip_core/mprj/wbs_dat_i[6]   0.0000      0.1247        -0.1247  (VIOLATED)
   chip_core/mprj/io_in[10]   0.0000         0.1237        -0.1237  (VIOLATED)
   chip_core/mprj/la_data_in[51]   0.0000    0.1233        -0.1233  (VIOLATED)
   chip_core/mprj/la_data_in[50]   0.0000    0.1233        -0.1233  (VIOLATED)
   chip_core/mprj/la_data_in[122]   0.0000   0.1227        -0.1227  (VIOLATED)
   chip_core/mprj/la_oenb[49]   0.0000       0.1222        -0.1222  (VIOLATED)
   chip_core/mprj/la_oenb[125]   0.0000      0.1216        -0.1216  (VIOLATED)
   chip_core/mprj/la_oenb[114]   0.0000      0.1208        -0.1208  (VIOLATED)
   chip_core/mprj/la_data_in[42]   0.0000    0.1207        -0.1207  (VIOLATED)
   chip_core/mprj/la_oenb[19]   0.0000       0.1204        -0.1204  (VIOLATED)
   chip_core/mprj/la_data_in[107]   0.0000   0.1200        -0.1200  (VIOLATED)
   chip_core/mprj/la_data_in[114]   0.0000   0.1195        -0.1195  (VIOLATED)
   chip_core/mprj/la_oenb[20]   0.0000       0.1193        -0.1193  (VIOLATED)
   chip_core/mprj/la_data_in[117]   0.0000   0.1184        -0.1184  (VIOLATED)
   chip_core/mprj/la_oenb[113]   0.0000      0.1179        -0.1179  (VIOLATED)
   chip_core/mprj/la_data_in[27]   0.0000    0.1171        -0.1171  (VIOLATED)
   chip_core/mprj/wbs_dat_i[11]   0.0000     0.1166        -0.1166  (VIOLATED)
   chip_core/mprj/la_data_in[127]   0.0000   0.1159        -0.1159  (VIOLATED)
   chip_core/mprj/la_oenb[115]   0.0000      0.1158        -0.1158  (VIOLATED)
   chip_core/mprj/la_oenb[124]   0.0000      0.1156        -0.1156  (VIOLATED)
   chip_core/mprj/la_oenb[45]   0.0000       0.1156        -0.1156  (VIOLATED)
   chip_core/mprj/wbs_dat_i[9]   0.0000      0.1154        -0.1154  (VIOLATED)
   chip_core/mprj/la_oenb[112]   0.0000      0.1152        -0.1152  (VIOLATED)
   chip_core/mprj/la_oenb[121]   0.0000      0.1147        -0.1147  (VIOLATED)
   chip_core/mprj/wbs_adr_i[2]   0.0000      0.1141        -0.1141  (VIOLATED)
   chip_core/mprj/la_oenb[116]   0.0000      0.1140        -0.1140  (VIOLATED)
   chip_core/mprj/io_in[9]    0.0000         0.1140        -0.1140  (VIOLATED)
   chip_core/mprj/la_oenb[117]   0.0000      0.1133        -0.1133  (VIOLATED)
   chip_core/mprj/la_oenb[51]   0.0000       0.1132        -0.1132  (VIOLATED)
   chip_core/ANTENNA_mgmt_buffers.user_to_mprj_in_gates[76]_A/DIODE   1.5000   1.6127  -0.1127 (VIOLATED)
   chip_core/mgmt_buffers.user_to_mprj_in_gates[76]/A   1.5000   1.6127  -0.1127 (VIOLATED)
   chip_core/mprj/la_oenb[120]   0.0000      0.1127        -0.1127  (VIOLATED)
   chip_core/mprj/la_data_in[124]   0.0000   0.1125        -0.1125  (VIOLATED)
   chip_core/mprj/wbs_we_i    0.0000         0.1123        -0.1123  (VIOLATED)
   chip_core/mprj/io_in[20]   0.0000         0.1121        -0.1121  (VIOLATED)
   chip_core/mprj/io_in[8]    0.0000         0.1121        -0.1121  (VIOLATED)
   chip_core/mprj/wbs_stb_i   0.0000         0.1102        -0.1102  (VIOLATED)
   chip_core/mprj/wbs_dat_i[7]   0.0000      0.1101        -0.1101  (VIOLATED)
   chip_core/mprj/user_clock2   0.0000       0.1101        -0.1101  (VIOLATED)
   chip_core/mprj/wbs_adr_i[3]   0.0000      0.1097        -0.1097  (VIOLATED)
   chip_core/mprj/la_oenb[48]   0.0000       0.1095        -0.1095  (VIOLATED)
   chip_core/mprj/la_data_in[44]   0.0000    0.1078        -0.1078  (VIOLATED)
   chip_core/mprj/la_data_in[28]   0.0000    0.1072        -0.1072  (VIOLATED)
   chip_core/mprj/wbs_dat_i[5]   0.0000      0.1063        -0.1063  (VIOLATED)
   chip_core/mprj/la_oenb[44]   0.0000       0.1056        -0.1056  (VIOLATED)
   chip_core/mprj/wbs_dat_i[4]   0.0000      0.1053        -0.1053  (VIOLATED)
   chip_core/mprj/la_oenb[27]   0.0000       0.1049        -0.1049  (VIOLATED)
   chip_core/mprj/la_data_in[38]   0.0000    0.1045        -0.1045  (VIOLATED)
   chip_core/mprj/la_oenb[41]   0.0000       0.1044        -0.1044  (VIOLATED)
   chip_core/mprj/la_data_in[48]   0.0000    0.1043        -0.1043  (VIOLATED)
   chip_core/mprj/la_oenb[31]   0.0000       0.1038        -0.1038  (VIOLATED)
   chip_core/mprj/la_oenb[30]   0.0000       0.1024        -0.1024  (VIOLATED)
   chip_core/mprj/la_oenb[42]   0.0000       0.1021        -0.1021  (VIOLATED)
   chip_core/mprj/la_data_in[119]   0.0000   0.1020        -0.1020  (VIOLATED)
   chip_core/mprj/la_oenb[46]   0.0000       0.1004        -0.1004  (VIOLATED)
   chip_core/mprj/la_data_in[45]   0.0000    0.0995        -0.0995  (VIOLATED)
   chip_core/mprj/la_oenb[43]   0.0000       0.0977        -0.0977  (VIOLATED)
   chip_core/mprj/la_data_in[29]   0.0000    0.0975        -0.0975  (VIOLATED)
   chip_core/mprj/la_data_in[31]   0.0000    0.0962        -0.0962  (VIOLATED)
   chip_core/mprj/wbs_dat_i[3]   0.0000      0.0956        -0.0956  (VIOLATED)
   chip_core/mprj/io_in[7]    0.0000         0.0949        -0.0949  (VIOLATED)
   chip_core/mprj/la_data_in[40]   0.0000    0.0942        -0.0942  (VIOLATED)
   chip_core/mprj/la_oenb[39]   0.0000       0.0940        -0.0940  (VIOLATED)
   chip_core/mprj/wbs_adr_i[5]   0.0000      0.0936        -0.0936  (VIOLATED)
   chip_core/mprj/la_oenb[29]   0.0000       0.0929        -0.0929  (VIOLATED)
   chip_core/mprj/la_data_in[41]   0.0000    0.0925        -0.0925  (VIOLATED)
   chip_core/mprj/la_oenb[32]   0.0000       0.0909        -0.0909  (VIOLATED)
   chip_core/mprj/io_in[13]   0.0000         0.0903        -0.0903  (VIOLATED)
   chip_core/mprj/la_oenb[47]   0.0000       0.0888        -0.0888  (VIOLATED)
   chip_core/mprj/io_in[22]   0.0000         0.0871        -0.0871  (VIOLATED)
   chip_core/mprj/la_data_in[34]   0.0000    0.0869        -0.0869  (VIOLATED)
   chip_core/mprj/la_oenb[26]   0.0000       0.0820        -0.0820  (VIOLATED)
   chip_core/mprj/la_oenb[38]   0.0000       0.0820        -0.0820  (VIOLATED)
   chip_core/mprj/la_oenb[36]   0.0000       0.0818        -0.0818  (VIOLATED)
   chip_core/mprj/la_oenb[37]   0.0000       0.0808        -0.0808  (VIOLATED)
   chip_core/mprj/la_oenb[33]   0.0000       0.0806        -0.0806  (VIOLATED)
   chip_core/mprj/io_in[36]   0.1000         0.1804        -0.0804  (VIOLATED)
   chip_core/mprj/io_in[16]   0.0000         0.0793        -0.0793  (VIOLATED)
   chip_core/mprj/io_in[15]   0.0000         0.0777        -0.0777  (VIOLATED)
   chip_core/mprj/la_oenb[40]   0.0000       0.0765        -0.0765  (VIOLATED)
   chip_core/mprj/io_in[21]   0.0000         0.0752        -0.0752  (VIOLATED)
   chip_core/mprj/la_oenb[28]   0.0000       0.0740        -0.0740  (VIOLATED)
   chip_core/ANTENNA_mgmt_buffers.user_to_mprj_in_gates[81]_A/DIODE   1.5000   1.5734  -0.0734 (VIOLATED)
   chip_core/mgmt_buffers.user_to_mprj_in_gates[81]/A   1.5000   1.5734  -0.0734 (VIOLATED)
   chip_core/mprj/io_in[24]   0.0000         0.0734        -0.0734  (VIOLATED)
   chip_core/mprj/la_oenb[35]   0.0000       0.0699        -0.0699  (VIOLATED)
   chip_core/mprj/la_oenb[34]   0.0000       0.0696        -0.0696  (VIOLATED)
   chip_core/ANTENNA_mgmt_buffers.user_to_mprj_in_gates[79]_A/DIODE   1.5000   1.5633  -0.0633 (VIOLATED)
   chip_core/mgmt_buffers.user_to_mprj_in_gates[79]/A   1.5000   1.5633  -0.0633 (VIOLATED)
   chip_core/mprj/io_in[37]   0.1000         0.1590        -0.0590  (VIOLATED)
   chip_core/mprj/io_in[14]   0.0000         0.0584        -0.0584  (VIOLATED)
   chip_core/mprj/io_in[18]   0.0000         0.0579        -0.0579  (VIOLATED)
   chip_core/mprj/io_in[17]   0.0000         0.0562        -0.0562  (VIOLATED)
   chip_core/mprj/io_in[23]   0.0000         0.0502        -0.0502  (VIOLATED)


1
