Instance name,  X location,  Y location,  Voltage 
FILLER_94_230, 115.52, 269.28, 1.8
FILLER_95_230, 115.52, 269.28, 1.8
input79, 115.52, 269.28, 1.8
input80, 115.52, 269.28, 1.8
output214, 115.52, 269.28, 1.8
output218, 115.52, 269.28, 1.8
FILLER_93_231, 115.52, 263.84, 1.8
FILLER_93_238, 115.52, 263.84, 1.8
input81, 115.52, 263.84, 1.8
input82, 115.52, 263.84, 1.8
_208_, 115.52, 258.4, 1.8
FILLER_90_245, 115.52, 252.96, 1.8
FILLER_88_245, 115.52, 247.52, 1.8
FILLER_86_245, 115.52, 242.08, 1.8
FILLER_84_245, 115.52, 236.64, 1.8
FILLER_82_245, 115.52, 231.2, 1.8
FILLER_78_232, 115.52, 225.76, 1.8
FILLER_79_237, 115.52, 225.76, 1.8
FILLER_79_245, 115.52, 225.76, 1.8
sb_0__1_.mux_right_track_2.mux_l1_in_0_, 115.52, 225.76, 1.8
FILLER_78_245, 115.52, 220.32, 1.8
sb_0__1_.mem_right_track_10.sky130_fd_sc_hd__dfrtp_1_0_, 115.52, 220.32, 1.8
sb_0__1_.mem_right_track_8.sky130_fd_sc_hd__dfrtp_1_2_, 115.52, 220.32, 1.8
FILLER_74_227, 115.52, 214.88, 1.8
sb_0__1_.mem_right_track_2.sky130_fd_sc_hd__dfrtp_1_2_, 115.52, 214.88, 1.8
sb_0__1_.mem_right_track_8.sky130_fd_sc_hd__dfrtp_1_1_, 115.52, 214.88, 1.8
FILLER_72_231, 115.52, 209.44, 1.8
FILLER_73_236, 115.52, 209.44, 1.8
sb_0__1_.mem_right_track_4.sky130_fd_sc_hd__dfrtp_1_0_, 115.52, 209.44, 1.8
sb_0__1_.mux_right_track_8.mux_l2_in_0_, 115.52, 209.44, 1.8
FILLER_70_237, 115.52, 204, 1.8
FILLER_71_236, 115.52, 204, 1.8
input18, 115.52, 204, 1.8
sb_0__1_.mem_right_track_2.sky130_fd_sc_hd__dfrtp_1_1_, 115.52, 204, 1.8
sb_0__1_.mux_right_track_2.mux_l2_in_0_, 115.52, 204, 1.8
FILLER_69_236, 115.52, 198.56, 1.8
input16, 115.52, 198.56, 1.8
sb_0__1_.mux_right_track_2.mux_l3_in_0_, 115.52, 198.56, 1.8
sb_0__1_.mux_right_track_4.mux_l2_in_0_, 115.52, 198.56, 1.8
sb_0__1_.mux_right_track_8.mux_l3_in_0_, 115.52, 198.56, 1.8
FILLER_66_234, 115.52, 193.12, 1.8
FILLER_67_236, 115.52, 193.12, 1.8
sb_0__1_.mem_right_track_8.sky130_fd_sc_hd__dfrtp_1_0_, 115.52, 193.12, 1.8
sb_0__1_.mux_right_track_6.mux_l2_in_0_, 115.52, 193.12, 1.8
sb_0__1_.mux_top_track_52.mux_l1_in_0_, 115.52, 193.12, 1.8
FILLER_65_238, 115.52, 187.68, 1.8
clkbuf_4_13_0_prog_clk, 115.52, 187.68, 1.8
sb_0__1_.mem_right_track_6.sky130_fd_sc_hd__dfrtp_1_2_, 115.52, 187.68, 1.8
FILLER_62_230, 115.52, 182.24, 1.8
FILLER_62_238, 115.52, 182.24, 1.8
FILLER_64_240, 115.52, 182.24, 1.8
input12, 115.52, 182.24, 1.8
sb_0__1_.mem_right_track_6.sky130_fd_sc_hd__dfrtp_1_0_, 115.52, 182.24, 1.8
FILLER_60_226, 115.52, 176.8, 1.8
FILLER_61_236, 115.52, 176.8, 1.8
sb_0__1_.mem_right_track_6.sky130_fd_sc_hd__dfrtp_1_1_, 115.52, 176.8, 1.8
sb_0__1_.mux_right_track_4.mux_l3_in_0_, 115.52, 176.8, 1.8
sb_0__1_.mux_right_track_6.mux_l2_in_1_, 115.52, 176.8, 1.8
sb_0__1_.mux_right_track_6.mux_l3_in_0_, 115.52, 176.8, 1.8
FILLER_59_236, 115.52, 171.36, 1.8
FILLER_60_245, 115.52, 171.36, 1.8
sb_0__1_.mux_bottom_track_45.mux_l2_in_0_, 115.52, 171.36, 1.8
sb_0__1_.mux_right_track_6.mux_l2_in_1__251, 115.52, 171.36, 1.8
FILLER_56_229, 115.52, 165.92, 1.8
FILLER_57_237, 115.52, 165.92, 1.8
sb_0__1_.mem_right_track_2.sky130_fd_sc_hd__dfrtp_1_0_, 115.52, 165.92, 1.8
sb_0__1_.mux_bottom_track_21.mux_l1_in_1_, 115.52, 165.92, 1.8
sb_0__1_.mux_right_track_8.sky130_fd_sc_hd__buf_4_0_, 115.52, 165.92, 1.8
FILLER_54_234, 115.52, 160.48, 1.8
FILLER_55_230, 115.52, 160.48, 1.8
FILLER_55_243, 115.52, 160.48, 1.8
FILLER_56_242, 115.52, 160.48, 1.8
sb_0__1_.mux_bottom_track_45.mux_l2_in_1_, 115.52, 160.48, 1.8
sb_0__1_.mux_bottom_track_45.mux_l2_in_1__221, 115.52, 160.48, 1.8
sb_0__1_.mux_right_track_14.sky130_fd_sc_hd__buf_4_0_, 115.52, 160.48, 1.8
FILLER_53_245, 115.52, 155.04, 1.8
FILLER_54_241, 115.52, 155.04, 1.8
sb_0__1_.mem_right_track_0.sky130_fd_sc_hd__dfrtp_1_1_, 115.52, 155.04, 1.8
sb_0__1_.mux_right_track_12.sky130_fd_sc_hd__buf_4_0_, 115.52, 155.04, 1.8
sb_0__1_.mux_right_track_4.sky130_fd_sc_hd__buf_4_0_, 115.52, 155.04, 1.8
FILLER_50_235, 115.52, 149.6, 1.8
FILLER_51_236, 115.52, 149.6, 1.8
sb_0__1_.mem_right_track_0.sky130_fd_sc_hd__dfrtp_1_2_, 115.52, 149.6, 1.8
sb_0__1_.mux_bottom_track_5.mux_l1_in_1_, 115.52, 149.6, 1.8
sb_0__1_.mux_right_track_0.mux_l2_in_0_, 115.52, 149.6, 1.8
sb_0__1_.mux_right_track_0.mux_l3_in_0_, 115.52, 149.6, 1.8
FILLER_49_242, 115.52, 144.16, 1.8
sb_0__1_.mux_right_track_0.mux_l2_in_1__225, 115.52, 144.16, 1.8
FILLER_47_236, 115.52, 138.72, 1.8
FILLER_47_244, 115.52, 138.72, 1.8
input25, 115.52, 138.72, 1.8
sb_0__1_.mem_bottom_track_21.sky130_fd_sc_hd__dfrtp_1_1_, 115.52, 138.72, 1.8
sb_0__1_.mux_bottom_track_21.mux_l2_in_0_, 115.52, 138.72, 1.8
sb_0__1_.mem_bottom_track_29.sky130_fd_sc_hd__dfrtp_1_0_, 115.52, 133.28, 1.8
ANTENNA_6, 115.52, 127.84, 1.8
FILLER_42_229, 115.52, 127.84, 1.8
FILLER_43_236, 115.52, 127.84, 1.8
FILLER_43_246, 115.52, 127.84, 1.8
FILLER_44_242, 115.52, 127.84, 1.8
_129_, 115.52, 127.84, 1.8
sb_0__1_.mux_bottom_track_5.mux_l2_in_0_, 115.52, 127.84, 1.8
sb_0__1_.mux_right_track_50.mux_l1_in_0_, 115.52, 127.84, 1.8
FILLER_40_230, 115.52, 122.4, 1.8
FILLER_41_237, 115.52, 122.4, 1.8
FILLER_42_242, 115.52, 122.4, 1.8
_128_, 115.52, 122.4, 1.8
output134, 115.52, 122.4, 1.8
sb_0__1_.mem_bottom_track_21.sky130_fd_sc_hd__dfrtp_1_2_, 115.52, 122.4, 1.8
sb_0__1_.mux_bottom_track_21.mux_l2_in_1_, 115.52, 122.4, 1.8
sb_0__1_.mux_bottom_track_21.mux_l2_in_1__272, 115.52, 122.4, 1.8
FILLER_38_230, 115.52, 116.96, 1.8
FILLER_39_244, 115.52, 116.96, 1.8
output132, 115.52, 116.96, 1.8
output133, 115.52, 116.96, 1.8
FILLER_36_227, 115.52, 111.52, 1.8
FILLER_37_234, 115.52, 111.52, 1.8
_127_, 115.52, 111.52, 1.8
output131, 115.52, 111.52, 1.8
sb_0__1_.mem_bottom_track_5.sky130_fd_sc_hd__dfrtp_1_1_, 115.52, 111.52, 1.8
FILLER_34_233, 115.52, 106.08, 1.8
sb_0__1_.mem_bottom_track_7.sky130_fd_sc_hd__dfrtp_1_0_, 115.52, 106.08, 1.8
sb_0__1_.mux_bottom_track_5.mux_l2_in_1_, 115.52, 106.08, 1.8
FILLER_33_236, 115.52, 100.64, 1.8
FILLER_34_246, 115.52, 100.64, 1.8
output129, 115.52, 100.64, 1.8
sb_0__1_.mem_bottom_track_5.sky130_fd_sc_hd__dfrtp_1_2_, 115.52, 100.64, 1.8
sb_0__1_.mux_bottom_track_5.mux_l3_in_0_, 115.52, 100.64, 1.8
FILLER_31_244, 115.52, 95.2, 1.8
output128, 115.52, 95.2, 1.8
sb_0__1_.mem_right_track_50.sky130_fd_sc_hd__dfrtp_1_1_, 115.52, 95.2, 1.8
FILLER_28_231, 115.52, 89.76, 1.8
FILLER_29_231, 115.52, 89.76, 1.8
_122_, 115.52, 89.76, 1.8
output126, 115.52, 89.76, 1.8
sb_0__1_.mem_right_track_50.sky130_fd_sc_hd__dfrtp_1_0_, 115.52, 89.76, 1.8
FILLER_26_229, 115.52, 84.32, 1.8
output123, 115.52, 84.32, 1.8
sb_0__1_.mem_right_track_48.sky130_fd_sc_hd__dfrtp_1_1_, 115.52, 84.32, 1.8
FILLER_24_230, 115.52, 78.88, 1.8
output121, 115.52, 78.88, 1.8
sb_0__1_.mem_right_track_52.sky130_fd_sc_hd__dfrtp_1_0_, 115.52, 78.88, 1.8
FILLER_22_237, 115.52, 73.44, 1.8
FILLER_23_244, 115.52, 73.44, 1.8
output119, 115.52, 73.44, 1.8
FILLER_20_235, 115.52, 68, 1.8
FILLER_21_230, 115.52, 68, 1.8
FILLER_21_237, 115.52, 68, 1.8
FILLER_21_245, 115.52, 68, 1.8
FILLER_22_243, 115.52, 68, 1.8
sb_0__1_.mux_right_track_44.sky130_fd_sc_hd__buf_4_0_, 115.52, 68, 1.8
sb_0__1_.mux_right_track_46.sky130_fd_sc_hd__buf_4_0_, 115.52, 68, 1.8
sb_0__1_.mux_right_track_50.sky130_fd_sc_hd__buf_4_0_, 115.52, 68, 1.8
sb_0__1_.mux_right_track_52.mux_l2_in_0__248, 115.52, 68, 1.8
FILLER_18_230, 115.52, 62.56, 1.8
FILLER_19_244, 115.52, 62.56, 1.8
FILLER_20_242, 115.52, 62.56, 1.8
output115, 115.52, 62.56, 1.8
output116, 115.52, 62.56, 1.8
sb_0__1_.mux_right_track_48.sky130_fd_sc_hd__buf_4_0_, 115.52, 62.56, 1.8
FILLER_16_227, 115.52, 57.12, 1.8
FILLER_16_238, 115.52, 57.12, 1.8
FILLER_17_234, 115.52, 57.12, 1.8
FILLER_17_243, 115.52, 57.12, 1.8
_117_, 115.52, 57.12, 1.8
_118_, 115.52, 57.12, 1.8
sb_0__1_.mux_right_track_52.sky130_fd_sc_hd__buf_4_0_, 115.52, 57.12, 1.8
FILLER_15_237, 115.52, 51.68, 1.8
FILLER_15_245, 115.52, 51.68, 1.8
output141, 115.52, 51.68, 1.8
FILLER_13_242, 115.52, 46.24, 1.8
sb_0__1_.mux_right_track_54.sky130_fd_sc_hd__buf_4_0_, 115.52, 46.24, 1.8
FILLER_11_244, 115.52, 40.8, 1.8
output138, 115.52, 40.8, 1.8
output215, 115.52, 40.8, 1.8
FILLER_8_230, 115.52, 35.36, 1.8
FILLER_9_244, 115.52, 35.36, 1.8
output136, 115.52, 35.36, 1.8
output164, 115.52, 35.36, 1.8
FILLER_6_229, 115.52, 29.92, 1.8
FILLER_7_244, 115.52, 29.92, 1.8
output162, 115.52, 29.92, 1.8
output163, 115.52, 29.92, 1.8
FILLER_4_235, 115.52, 24.48, 1.8
FILLER_5_243, 115.52, 24.48, 1.8
output160, 115.52, 24.48, 1.8
FILLER_2_235, 115.52, 19.04, 1.8
FILLER_3_243, 115.52, 19.04, 1.8
_206_, 115.52, 19.04, 1.8
output158, 115.52, 19.04, 1.8
FILLER_0_243, 115.52, 13.6, 1.8
FILLER_1_240, 115.52, 13.6, 1.8
input108, 115.52, 13.6, 1.8
input98, 115.52, 13.6, 1.8
input99, 115.52, 13.6, 1.8
output152, 115.52, 13.6, 1.8
FILLER_95_135, 65.52, 269.28, 1.8
FILLER_95_141, 65.52, 269.28, 1.8
output195, 65.52, 269.28, 1.8
FILLER_92_119, 65.52, 263.84, 1.8
FILLER_92_126, 65.52, 263.84, 1.8
FILLER_93_131, 65.52, 263.84, 1.8
FILLER_93_139, 65.52, 263.84, 1.8
FILLER_94_131, 65.52, 263.84, 1.8
input63, 65.52, 263.84, 1.8
input74, 65.52, 263.84, 1.8
input86, 65.52, 263.84, 1.8
input87, 65.52, 263.84, 1.8
input88, 65.52, 263.84, 1.8
FILLER_92_135, 65.52, 258.4, 1.8
input85, 65.52, 258.4, 1.8
FILLER_90_133, 65.52, 252.96, 1.8
FILLER_86_133, 65.52, 242.08, 1.8
FILLER_84_133, 65.52, 236.64, 1.8
FILLER_81_125, 65.52, 231.2, 1.8
FILLER_81_133, 65.52, 231.2, 1.8
FILLER_82_141, 65.52, 231.2, 1.8
sb_0__1_.mem_right_track_18.sky130_fd_sc_hd__dfrtp_1_0_, 65.52, 231.2, 1.8
FILLER_80_133, 65.52, 225.76, 1.8
sb_0__1_.mem_right_track_18.sky130_fd_sc_hd__dfrtp_1_1_, 65.52, 225.76, 1.8
FILLER_77_124, 65.52, 220.32, 1.8
FILLER_77_132, 65.52, 220.32, 1.8
FILLER_78_136, 65.52, 220.32, 1.8
_193_, 65.52, 220.32, 1.8
sb_0__1_.mem_right_track_16.sky130_fd_sc_hd__dfrtp_1_2_, 65.52, 220.32, 1.8
sb_0__1_.mux_right_track_20.mux_l1_in_0_, 65.52, 220.32, 1.8
FILLER_76_137, 65.52, 214.88, 1.8
sb_0__1_.mux_top_track_0.mux_l2_in_0_, 65.52, 214.88, 1.8
sb_0__1_.mux_top_track_44.mux_l2_in_0_, 65.52, 214.88, 1.8
sb_0__1_.mem_right_track_18.sky130_fd_sc_hd__dfrtp_1_2_, 65.52, 209.44, 1.8
sb_0__1_.mem_right_track_20.sky130_fd_sc_hd__dfrtp_1_0_, 65.52, 209.44, 1.8
FILLER_70_123, 65.52, 204, 1.8
FILLER_71_124, 65.52, 204, 1.8
FILLER_72_131, 65.52, 204, 1.8
sb_0__1_.mem_right_track_20.sky130_fd_sc_hd__dfrtp_1_1_, 65.52, 204, 1.8
sb_0__1_.mux_right_track_22.mux_l1_in_0_, 65.52, 204, 1.8
FILLER_68_121, 65.52, 198.56, 1.8
FILLER_69_140, 65.52, 198.56, 1.8
FILLER_70_136, 65.52, 198.56, 1.8
sb_0__1_.mem_top_track_2.sky130_fd_sc_hd__dfrtp_1_1_, 65.52, 198.56, 1.8
sb_0__1_.mux_right_track_16.mux_l2_in_1__229, 65.52, 198.56, 1.8
sb_0__1_.mux_top_track_36.mux_l1_in_0_, 65.52, 198.56, 1.8
FILLER_67_125, 65.52, 193.12, 1.8
FILLER_67_132, 65.52, 193.12, 1.8
FILLER_68_134, 65.52, 193.12, 1.8
sb_0__1_.mux_right_track_16.mux_l2_in_1_, 65.52, 193.12, 1.8
sb_0__1_.mux_top_track_2.mux_l2_in_0_, 65.52, 193.12, 1.8
sb_0__1_.mux_top_track_2.mux_l2_in_1__256, 65.52, 193.12, 1.8
sb_0__1_.mux_top_track_36.mux_l2_in_0_, 65.52, 193.12, 1.8
FILLER_65_118, 65.52, 187.68, 1.8
FILLER_65_137, 65.52, 187.68, 1.8
FILLER_65_144, 65.52, 187.68, 1.8
FILLER_66_141, 65.52, 187.68, 1.8
sb_0__1_.mux_right_track_18.mux_l2_in_1_, 65.52, 187.68, 1.8
sb_0__1_.mux_right_track_18.mux_l2_in_1__230, 65.52, 187.68, 1.8
sb_0__1_.mux_top_track_4.mux_l1_in_0_, 65.52, 187.68, 1.8
FILLER_62_119, 65.52, 182.24, 1.8
FILLER_63_125, 65.52, 182.24, 1.8
FILLER_63_137, 65.52, 182.24, 1.8
FILLER_64_132, 65.52, 182.24, 1.8
FILLER_64_141, 65.52, 182.24, 1.8
sb_0__1_.mux_top_track_28.mux_l1_in_0_, 65.52, 182.24, 1.8
sb_0__1_.mux_top_track_4.mux_l2_in_0_, 65.52, 182.24, 1.8
FILLER_61_136, 65.52, 176.8, 1.8
FILLER_62_132, 65.52, 176.8, 1.8
sb_0__1_.mem_right_track_20.sky130_fd_sc_hd__dfrtp_1_2_, 65.52, 176.8, 1.8
sb_0__1_.mux_top_track_12.mux_l1_in_0_, 65.52, 176.8, 1.8
FILLER_59_135, 65.52, 171.36, 1.8
FILLER_60_141, 65.52, 171.36, 1.8
sb_0__1_.mux_top_track_2.mux_l1_in_2_, 65.52, 171.36, 1.8
sb_0__1_.mux_top_track_20.mux_l1_in_0_, 65.52, 171.36, 1.8
FILLER_56_124, 65.52, 165.92, 1.8
FILLER_57_130, 65.52, 165.92, 1.8
FILLER_57_143, 65.52, 165.92, 1.8
sb_0__1_.mux_right_track_20.mux_l2_in_1_, 65.52, 165.92, 1.8
sb_0__1_.mux_right_track_22.mux_l2_in_0_, 65.52, 165.92, 1.8
sb_0__1_.mux_top_track_12.mux_l2_in_0_, 65.52, 165.92, 1.8
FILLER_54_119, 65.52, 160.48, 1.8
FILLER_55_125, 65.52, 160.48, 1.8
FILLER_55_135, 65.52, 160.48, 1.8
FILLER_56_137, 65.52, 160.48, 1.8
sb_0__1_.mux_right_track_20.mux_l2_in_1__232, 65.52, 160.48, 1.8
sb_0__1_.mux_top_track_28.mux_l1_in_1_, 65.52, 160.48, 1.8
FILLER_52_125, 65.52, 155.04, 1.8
FILLER_54_131, 65.52, 155.04, 1.8
FILLER_54_141, 65.52, 155.04, 1.8
sb_0__1_.mux_top_track_6.mux_l1_in_2_, 65.52, 155.04, 1.8
FILLER_50_125, 65.52, 149.6, 1.8
FILLER_51_118, 65.52, 149.6, 1.8
sb_0__1_.mem_bottom_track_37.sky130_fd_sc_hd__dfrtp_1_2_, 65.52, 149.6, 1.8
sb_0__1_.mux_right_track_22.mux_l3_in_0_, 65.52, 149.6, 1.8
sb_0__1_.mux_top_track_10.mux_l1_in_2_, 65.52, 149.6, 1.8
FILLER_48_130, 65.52, 144.16, 1.8
FILLER_49_137, 65.52, 144.16, 1.8
FILLER_46_118, 65.52, 138.72, 1.8
FILLER_47_127, 65.52, 138.72, 1.8
FILLER_47_134, 65.52, 138.72, 1.8
FILLER_48_141, 65.52, 138.72, 1.8
sb_0__1_.mux_bottom_track_37.mux_l2_in_1_, 65.52, 138.72, 1.8
sb_0__1_.mux_bottom_track_37.mux_l2_in_1__220, 65.52, 138.72, 1.8
sb_0__1_.mux_right_track_32.mux_l1_in_0_, 65.52, 138.72, 1.8
sb_0__1_.mux_right_track_34.mux_l1_in_0_, 65.52, 138.72, 1.8
FILLER_44_119, 65.52, 133.28, 1.8
FILLER_46_135, 65.52, 133.28, 1.8
sb_0__1_.mux_bottom_track_37.mux_l3_in_0_, 65.52, 133.28, 1.8
sb_0__1_.mux_right_track_26.mux_l2_in_0_, 65.52, 133.28, 1.8
FILLER_42_117, 65.52, 127.84, 1.8
FILLER_42_129, 65.52, 127.84, 1.8
FILLER_44_135, 65.52, 127.84, 1.8
FILLER_44_141, 65.52, 127.84, 1.8
sb_0__1_.mux_right_track_24.mux_l1_in_1_, 65.52, 127.84, 1.8
FILLER_41_136, 65.52, 122.4, 1.8
FILLER_42_136, 65.52, 122.4, 1.8
FILLER_42_141, 65.52, 122.4, 1.8
sb_0__1_.mux_right_track_24.mux_l1_in_1__234, 65.52, 122.4, 1.8
FILLER_39_126, 65.52, 116.96, 1.8
sb_0__1_.mux_bottom_track_11.mux_l1_in_3_, 65.52, 116.96, 1.8
sb_0__1_.mux_bottom_track_11.mux_l1_in_3__270, 65.52, 116.96, 1.8
sb_0__1_.mux_right_track_24.mux_l2_in_0_, 65.52, 116.96, 1.8
sb_0__1_.mux_right_track_34.mux_l2_in_0_, 65.52, 116.96, 1.8
FILLER_36_127, 65.52, 111.52, 1.8
FILLER_37_129, 65.52, 111.52, 1.8
FILLER_38_131, 65.52, 111.52, 1.8
cby_0__1_.cby_0__1_.mux_right_ipin_0.mux_l1_in_3_, 65.52, 111.52, 1.8
cby_0__1_.cby_0__1_.mux_right_ipin_1.mux_l1_in_4_, 65.52, 111.52, 1.8
sb_0__1_.mem_bottom_track_1.sky130_fd_sc_hd__dfrtp_1_1_, 65.52, 111.52, 1.8
FILLER_34_126, 65.52, 106.08, 1.8
FILLER_35_135, 65.52, 106.08, 1.8
FILLER_36_134, 65.52, 106.08, 1.8
cby_0__1_.cby_0__1_.mux_right_ipin_1.mux_l1_in_2_, 65.52, 106.08, 1.8
cby_0__1_.cby_0__1_.mux_right_ipin_2.mux_l1_in_2_, 65.52, 106.08, 1.8
sb_0__1_.mux_bottom_track_1.mux_l1_in_2_, 65.52, 106.08, 1.8
sb_0__1_.mux_bottom_track_1.mux_l2_in_1_, 65.52, 106.08, 1.8
sb_0__1_.mux_bottom_track_37.sky130_fd_sc_hd__buf_4_0_, 65.52, 106.08, 1.8
FILLER_33_136, 65.52, 100.64, 1.8
sb_0__1_.mem_bottom_track_1.sky130_fd_sc_hd__dfrtp_1_2_, 65.52, 100.64, 1.8
sb_0__1_.mux_bottom_track_1.mux_l2_in_1__269, 65.52, 100.64, 1.8
sb_0__1_.mux_bottom_track_1.mux_l3_in_0_, 65.52, 100.64, 1.8
FILLER_31_125, 65.52, 95.2, 1.8
FILLER_32_132, 65.52, 95.2, 1.8
cby_0__1_.cby_0__1_.mux_right_ipin_2.mux_l1_in_3_, 65.52, 95.2, 1.8
cby_0__1_.cby_0__1_.mux_right_ipin_3.mux_l1_in_2_, 65.52, 95.2, 1.8
FILLER_28_120, 65.52, 89.76, 1.8
FILLER_29_132, 65.52, 89.76, 1.8
FILLER_30_135, 65.52, 89.76, 1.8
cby_0__1_.cby_0__1_.mux_right_ipin_0.mux_l1_in_2_, 65.52, 89.76, 1.8
cby_0__1_.cby_0__1_.mux_right_ipin_1.mux_l2_in_1_, 65.52, 89.76, 1.8
cby_0__1_.cby_0__1_.mux_right_ipin_3.mux_l1_in_1_, 65.52, 89.76, 1.8
FILLER_27_124, 65.52, 84.32, 1.8
FILLER_27_141, 65.52, 84.32, 1.8
FILLER_28_133, 65.52, 84.32, 1.8
cby_0__1_.cby_0__1_.mem_right_ipin_1.sky130_fd_sc_hd__dfrtp_1_1_, 65.52, 84.32, 1.8
cby_0__1_.cby_0__1_.mux_right_ipin_0.mux_l1_in_1_, 65.52, 84.32, 1.8
cby_0__1_.cby_0__1_.mux_right_ipin_1.mux_l1_in_3_, 65.52, 84.32, 1.8
FILLER_22_122, 65.52, 73.44, 1.8
FILLER_23_126, 65.52, 73.44, 1.8
FILLER_24_132, 65.52, 73.44, 1.8
_138_, 65.52, 73.44, 1.8
_139_, 65.52, 73.44, 1.8
cby_0__1_.cby_0__1_.mux_right_ipin_1.mux_l2_in_0_, 65.52, 73.44, 1.8
cby_0__1_.cby_0__1_.mux_right_ipin_3.mux_l1_in_0_, 65.52, 73.44, 1.8
FILLER_21_135, 65.52, 68, 1.8
FILLER_22_136, 65.52, 68, 1.8
FILLER_22_141, 65.52, 68, 1.8
cby_0__1_.cby_0__1_.mux_right_ipin_0.mux_l1_in_0_, 65.52, 68, 1.8
sb_0__1_.mux_right_track_38.mux_l1_in_0_, 65.52, 68, 1.8
sb_0__1_.mux_right_track_40.mux_l1_in_0_, 65.52, 68, 1.8
FILLER_18_122, 65.52, 62.56, 1.8
FILLER_18_130, 65.52, 62.56, 1.8
FILLER_19_125, 65.52, 62.56, 1.8
FILLER_19_139, 65.52, 62.56, 1.8
FILLER_20_141, 65.52, 62.56, 1.8
_140_, 65.52, 62.56, 1.8
_143_, 65.52, 62.56, 1.8
sb_0__1_.mem_right_track_40.sky130_fd_sc_hd__dfrtp_1_1_, 65.52, 62.56, 1.8
FILLER_16_130, 65.52, 57.12, 1.8
_142_, 65.52, 57.12, 1.8
sb_0__1_.mem_right_track_40.sky130_fd_sc_hd__dfrtp_1_0_, 65.52, 57.12, 1.8
sb_0__1_.mux_right_track_38.mux_l2_in_0_, 65.52, 57.12, 1.8
FILLER_14_129, 65.52, 51.68, 1.8
cby_0__1_.cby_0__1_.mux_right_ipin_2.mux_l1_in_1_, 65.52, 51.68, 1.8
FILLER_13_137, 65.52, 46.24, 1.8
FILLER_14_137, 65.52, 46.24, 1.8
_149_, 65.52, 46.24, 1.8
FILLER_12_133, 65.52, 40.8, 1.8
FILLER_10_133, 65.52, 35.36, 1.8
FILLER_8_133, 65.52, 29.92, 1.8
FILLER_6_133, 65.52, 24.48, 1.8
FILLER_3_125, 65.52, 19.04, 1.8
FILLER_4_133, 65.52, 19.04, 1.8
output155, 65.52, 19.04, 1.8
output166, 65.52, 19.04, 1.8
FILLER_0_118, 65.52, 13.6, 1.8
FILLER_0_141, 65.52, 13.6, 1.8
FILLER_1_125, 65.52, 13.6, 1.8
output167, 65.52, 13.6, 1.8
output168, 65.52, 13.6, 1.8
output169, 65.52, 13.6, 1.8
FILLER_95_29, 15.52, 269.28, 1.8
FILLER_93_34, 15.52, 263.84, 1.8
output202, 15.52, 263.84, 1.8
FILLER_91_15, 15.52, 258.4, 1.8
FILLER_91_34, 15.52, 258.4, 1.8
input112, 15.52, 258.4, 1.8
output200, 15.52, 258.4, 1.8
FILLER_89_15, 15.52, 252.96, 1.8
output198, 15.52, 252.96, 1.8
output201, 15.52, 252.96, 1.8
FILLER_86_21, 15.52, 247.52, 1.8
output114, 15.52, 247.52, 1.8
FILLER_84_21, 15.52, 242.08, 1.8
FILLER_85_27, 15.52, 242.08, 1.8
sb_0__1_.mem_top_track_0.sky130_fd_sc_hd__dfrtp_1_0_, 15.52, 242.08, 1.8
FILLER_72_21, 15.52, 209.44, 1.8
FILLER_74_29, 15.52, 209.44, 1.8
_169_, 15.52, 209.44, 1.8
_172_, 15.52, 209.44, 1.8
FILLER_70_21, 15.52, 204, 1.8
FILLER_71_27, 15.52, 204, 1.8
FILLER_72_29, 15.52, 204, 1.8
_168_, 15.52, 204, 1.8
_170_, 15.52, 204, 1.8
_173_, 15.52, 204, 1.8
FILLER_65_27, 15.52, 187.68, 1.8
FILLER_66_29, 15.52, 187.68, 1.8
sb_0__1_.mem_top_track_36.sky130_fd_sc_hd__dfrtp_1_0_, 15.52, 187.68, 1.8
FILLER_61_27, 15.52, 176.8, 1.8
sb_0__1_.mem_top_track_10.sky130_fd_sc_hd__dfrtp_1_2_, 15.52, 176.8, 1.8
FILLER_59_20, 15.52, 171.36, 1.8
sb_0__1_.mem_top_track_28.sky130_fd_sc_hd__dfrtp_1_2_, 15.52, 171.36, 1.8
FILLER_53_27, 15.52, 155.04, 1.8
FILLER_54_29, 15.52, 155.04, 1.8
FILLER_50_21, 15.52, 149.6, 1.8
cby_0__1_.grid_io_left_left_0__1_.logical_tile_io_mode_io__0.logical_tile_io_mode_physical__iopad_0.io_0_.IN_PROTECT_GATE, 15.52, 144.16, 1.8
FILLER_46_21, 15.52, 138.72, 1.8
cby_0__1_.grid_io_left_left_0__1_.logical_tile_io_mode_io__1.logical_tile_io_mode_physical__iopad_0.io_0_.IN_PROTECT_GATE, 15.52, 138.72, 1.8
FILLER_45_13, 15.52, 133.28, 1.8
FILLER_45_21, 15.52, 133.28, 1.8
cby_0__1_.grid_io_left_left_0__1_.logical_tile_io_mode_io__0.logical_tile_io_mode_physical__iopad_0.io_0_.INV_SOC_DIR, 15.52, 133.28, 1.8
cby_0__1_.grid_io_left_left_0__1_.logical_tile_io_mode_io__2.logical_tile_io_mode_physical__iopad_0.io_0_.IN_PROTECT_GATE, 15.52, 133.28, 1.8
FILLER_42_21, 15.52, 127.84, 1.8
FILLER_43_24, 15.52, 127.84, 1.8
cby_0__1_.grid_io_left_left_0__1_.logical_tile_io_mode_io__0.logical_tile_io_mode_physical__iopad_0.io_0_.OUT_PROTECT_GATE, 15.52, 127.84, 1.8
cby_0__1_.grid_io_left_left_0__1_.logical_tile_io_mode_io__1.logical_tile_io_mode_physical__iopad_0.io_0_.INV_SOC_DIR, 15.52, 127.84, 1.8
cby_0__1_.grid_io_left_left_0__1_.logical_tile_io_mode_io__3.logical_tile_io_mode_physical__iopad_0.io_0_.IN_PROTECT_GATE, 15.52, 127.84, 1.8
FILLER_40_15, 15.52, 122.4, 1.8
FILLER_41_13, 15.52, 122.4, 1.8
cby_0__1_.grid_io_left_left_0__1_.logical_tile_io_mode_io__0.logical_tile_io_mode_physical__iopad_0.io_0_.ISOL_EN_GATE, 15.52, 122.4, 1.8
cby_0__1_.grid_io_left_left_0__1_.logical_tile_io_mode_io__0.logical_tile_io_mode_physical__iopad_0.io_sky130_fd_sc_hd__dfrtp_1_mem.sky130_fd_sc_hd__dfrtp_1_0_, 15.52, 122.4, 1.8
cby_0__1_.grid_io_left_left_0__1_.logical_tile_io_mode_io__1.logical_tile_io_mode_physical__iopad_0.io_0_.ISOL_EN_GATE, 15.52, 122.4, 1.8
FILLER_38_21, 15.52, 116.96, 1.8
FILLER_39_30, 15.52, 116.96, 1.8
FILLER_40_25, 15.52, 116.96, 1.8
cby_0__1_.cby_0__1_.mem_right_ipin_3.sky130_fd_sc_hd__dfrtp_1_3_, 15.52, 116.96, 1.8
cby_0__1_.grid_io_left_left_0__1_.logical_tile_io_mode_io__2.logical_tile_io_mode_physical__iopad_0.io_0_.INV_SOC_DIR, 15.52, 116.96, 1.8
FILLER_36_13, 15.52, 111.52, 1.8
FILLER_36_20, 15.52, 111.52, 1.8
FILLER_37_12, 15.52, 111.52, 1.8
FILLER_37_24, 15.52, 111.52, 1.8
FILLER_38_29, 15.52, 111.52, 1.8
_202_, 15.52, 111.52, 1.8
cby_0__1_.cby_0__1_.mux_right_ipin_0.sky130_fd_sc_hd__buf_4_0_, 15.52, 111.52, 1.8
cby_0__1_.grid_io_left_left_0__1_.logical_tile_io_mode_io__1.logical_tile_io_mode_physical__iopad_0.io_0_.OUT_PROTECT_GATE, 15.52, 111.52, 1.8
cby_0__1_.grid_io_left_left_0__1_.logical_tile_io_mode_io__3.logical_tile_io_mode_physical__iopad_0.io_0_.INV_SOC_DIR, 15.52, 111.52, 1.8
FILLER_34_15, 15.52, 106.08, 1.8
FILLER_35_23, 15.52, 106.08, 1.8
FILLER_35_31, 15.52, 106.08, 1.8
cby_0__1_.cby_0__1_.mux_right_ipin_3.sky130_fd_sc_hd__buf_4_0_, 15.52, 106.08, 1.8
cby_0__1_.grid_io_left_left_0__1_.logical_tile_io_mode_io__2.logical_tile_io_mode_physical__iopad_0.io_0_.OUT_PROTECT_GATE, 15.52, 106.08, 1.8
cby_0__1_.grid_io_left_left_0__1_.logical_tile_io_mode_io__3.logical_tile_io_mode_physical__iopad_0.io_0_.OUT_PROTECT_GATE, 15.52, 106.08, 1.8
cby_0__1_.grid_io_left_left_0__1_.logical_tile_io_mode_io__2.logical_tile_io_mode_physical__iopad_0.io_sky130_fd_sc_hd__dfrtp_1_mem.sky130_fd_sc_hd__dfrtp_1_0_, 15.52, 100.64, 1.8
FILLER_32_25, 15.52, 95.2, 1.8
FILLER_32_29, 15.52, 95.2, 1.8
cby_0__1_.cby_0__1_.mem_right_ipin_0.sky130_fd_sc_hd__dfrtp_1_3_, 15.52, 95.2, 1.8
FILLER_30_25, 15.52, 89.76, 1.8
cby_0__1_.cby_0__1_.mux_right_ipin_2.sky130_fd_sc_hd__buf_4_0_, 15.52, 89.76, 1.8
FILLER_26_11, 15.52, 84.32, 1.8
FILLER_26_18, 15.52, 84.32, 1.8
FILLER_28_29, 15.52, 84.32, 1.8
_198_, 15.52, 84.32, 1.8
FILLER_11_27, 15.52, 40.8, 1.8
cby_0__1_.cby_0__1_.mem_right_ipin_0.sky130_fd_sc_hd__dfrtp_1_0_, 15.52, 40.8, 1.8
FILLER_2_16, 15.52, 19.04, 1.8
input2, 15.52, 19.04, 1.8
input58, 15.52, 19.04, 1.8
FILLER_0_12, 15.52, 13.6, 1.8
FILLER_0_19, 15.52, 13.6, 1.8
FILLER_0_29, 15.52, 13.6, 1.8
FILLER_1_13, 15.52, 13.6, 1.8
FILLER_1_22, 15.52, 13.6, 1.8
FILLER_1_30, 15.52, 13.6, 1.8
FILLER_2_25, 15.52, 13.6, 1.8
input57, 15.52, 13.6, 1.8
input59, 15.52, 13.6, 1.8
input60, 15.52, 13.6, 1.8
input61, 15.52, 13.6, 1.8
input62, 15.52, 13.6, 1.8
FILLER_95_3, 5.52, 269.28, 1.8
PHY_188, 5.52, 269.28, 1.8
PHY_190, 5.52, 269.28, 1.8
output176, 5.52, 269.28, 1.8
PHY_189, 129.26, 269.28, 1.8
PHY_191, 129.26, 269.28, 1.8
FILLER_94_41, 28.02, 269.28, 1.8
FILLER_95_57, 28.02, 269.28, 1.8
output181, 28.02, 269.28, 1.8
output182, 28.02, 269.28, 1.8
FILLER_95_85, 40.52, 269.28, 1.8
output184, 40.52, 269.28, 1.8
output188, 40.52, 269.28, 1.8
FILLER_95_113, 53.02, 269.28, 1.8
output191, 53.02, 269.28, 1.8
output192, 53.02, 269.28, 1.8
FILLER_95_151, 78.02, 269.28, 1.8
FILLER_95_159, 78.02, 269.28, 1.8
input64, 78.02, 269.28, 1.8
input89, 78.02, 269.28, 1.8
input90, 78.02, 269.28, 1.8
input91, 78.02, 269.28, 1.8
FILLER_94_178, 90.52, 269.28, 1.8
FILLER_95_175, 90.52, 269.28, 1.8
FILLER_95_183, 90.52, 269.28, 1.8
FILLER_95_191, 90.52, 269.28, 1.8
input66, 90.52, 269.28, 1.8
input67, 90.52, 269.28, 1.8
input68, 90.52, 269.28, 1.8
input69, 90.52, 269.28, 1.8
FILLER_94_203, 103.02, 269.28, 1.8
FILLER_95_203, 103.02, 269.28, 1.8
FILLER_95_211, 103.02, 269.28, 1.8
FILLER_95_219, 103.02, 269.28, 1.8
input71, 103.02, 269.28, 1.8
input72, 103.02, 269.28, 1.8
input73, 103.02, 269.28, 1.8
input76, 103.02, 269.28, 1.8
input77, 103.02, 269.28, 1.8
FILLER_95_258, 122.39, 269.28, 1.8
input83, 122.39, 269.28, 1.8
FILLER_93_8, 5.52, 263.84, 1.8
FILLER_94_3, 5.52, 263.84, 1.8
PHY_184, 5.52, 263.84, 1.8
PHY_186, 5.52, 263.84, 1.8
input1, 5.52, 263.84, 1.8
output203, 5.52, 263.84, 1.8
PHY_185, 129.26, 263.84, 1.8
PHY_187, 129.26, 263.84, 1.8
FILLER_92_41, 28.02, 263.84, 1.8
FILLER_93_57, 28.02, 263.84, 1.8
FILLER_94_62, 28.02, 263.84, 1.8
_175_, 28.02, 263.84, 1.8
output177, 28.02, 263.84, 1.8
output178, 28.02, 263.84, 1.8
FILLER_93_63, 40.52, 263.84, 1.8
FILLER_93_71, 40.52, 263.84, 1.8
FILLER_94_85, 40.52, 263.84, 1.8
output183, 40.52, 263.84, 1.8
output186, 40.52, 263.84, 1.8
FILLER_93_90, 53.02, 263.84, 1.8
FILLER_94_111, 53.02, 263.84, 1.8
output189, 53.02, 263.84, 1.8
output190, 53.02, 263.84, 1.8
output193, 53.02, 263.84, 1.8
output194, 53.02, 263.84, 1.8
FILLER_93_159, 78.02, 263.84, 1.8
FILLER_94_163, 78.02, 263.84, 1.8
FILLER_94_171, 78.02, 263.84, 1.8
input65, 78.02, 263.84, 1.8
input92, 78.02, 263.84, 1.8
FILLER_93_193, 90.52, 263.84, 1.8
FILLER_94_187, 90.52, 263.84, 1.8
input70, 90.52, 263.84, 1.8
FILLER_93_218, 103.02, 263.84, 1.8
FILLER_94_215, 103.02, 263.84, 1.8
FILLER_94_223, 103.02, 263.84, 1.8
input75, 103.02, 263.84, 1.8
input78, 103.02, 263.84, 1.8
FILLER_92_249, 122.39, 263.84, 1.8
FILLER_94_258, 122.39, 263.84, 1.8
input84, 122.39, 263.84, 1.8
output216, 122.39, 263.84, 1.8
FILLER_92_3, 5.52, 258.4, 1.8
PHY_180, 5.52, 258.4, 1.8
PHY_182, 5.52, 258.4, 1.8
output199, 5.52, 258.4, 1.8
PHY_181, 129.26, 258.4, 1.8
PHY_183, 129.26, 258.4, 1.8
FILLER_90_47, 28.02, 258.4, 1.8
FILLER_91_57, 28.02, 258.4, 1.8
FILLER_92_62, 28.02, 258.4, 1.8
output175, 28.02, 258.4, 1.8
FILLER_90_75, 40.52, 258.4, 1.8
FILLER_91_79, 40.52, 258.4, 1.8
FILLER_92_85, 40.52, 258.4, 1.8
output180, 40.52, 258.4, 1.8
output187, 40.52, 258.4, 1.8
FILLER_91_103, 53.02, 258.4, 1.8
FILLER_92_111, 53.02, 258.4, 1.8
_196_, 53.02, 258.4, 1.8
_197_, 53.02, 258.4, 1.8
FILLER_92_189, 90.52, 258.4, 1.8
FILLER_91_217, 103.02, 258.4, 1.8
FILLER_90_253, 122.39, 258.4, 1.8
FILLER_91_249, 122.39, 258.4, 1.8
FILLER_91_257, 122.39, 258.4, 1.8
input107, 122.39, 258.4, 1.8
FILLER_90_3, 5.52, 252.96, 1.8
PHY_176, 5.52, 252.96, 1.8
PHY_178, 5.52, 252.96, 1.8
input111, 5.52, 252.96, 1.8
output197, 5.52, 252.96, 1.8
PHY_177, 129.26, 252.96, 1.8
PHY_179, 129.26, 252.96, 1.8
FILLER_88_47, 28.02, 252.96, 1.8
FILLER_89_47, 28.02, 252.96, 1.8
FILLER_89_57, 28.02, 252.96, 1.8
FILLER_90_55, 28.02, 252.96, 1.8
_171_, 28.02, 252.96, 1.8
_179_, 28.02, 252.96, 1.8
output179, 28.02, 252.96, 1.8
FILLER_89_89, 40.52, 252.96, 1.8
FILLER_89_105, 53.02, 252.96, 1.8
FILLER_89_97, 53.02, 252.96, 1.8
_194_, 53.02, 252.96, 1.8
_195_, 53.02, 252.96, 1.8
FILLER_89_161, 78.02, 252.96, 1.8
FILLER_90_189, 90.52, 252.96, 1.8
FILLER_89_217, 103.02, 252.96, 1.8
FILLER_88_253, 122.39, 252.96, 1.8
FILLER_89_249, 122.39, 252.96, 1.8
FILLER_89_257, 122.39, 252.96, 1.8
input105, 122.39, 252.96, 1.8
input106, 122.39, 252.96, 1.8
FILLER_87_3, 5.52, 247.52, 1.8
FILLER_88_3, 5.52, 247.52, 1.8
PHY_172, 5.52, 247.52, 1.8
PHY_174, 5.52, 247.52, 1.8
output185, 5.52, 247.52, 1.8
output196, 5.52, 247.52, 1.8
PHY_173, 129.26, 247.52, 1.8
PHY_175, 129.26, 247.52, 1.8
FILLER_87_47, 28.02, 247.52, 1.8
_183_, 28.02, 247.52, 1.8
FILLER_87_69, 40.52, 247.52, 1.8
_187_, 40.52, 247.52, 1.8
_191_, 40.52, 247.52, 1.8
_192_, 40.52, 247.52, 1.8
FILLER_87_105, 53.02, 247.52, 1.8
FILLER_87_161, 78.02, 247.52, 1.8
FILLER_88_189, 90.52, 247.52, 1.8
FILLER_87_217, 103.02, 247.52, 1.8
FILLER_86_253, 122.39, 247.52, 1.8
FILLER_87_261, 122.39, 247.52, 1.8
input104, 122.39, 247.52, 1.8
PHY_168, 5.52, 242.08, 1.8
PHY_170, 5.52, 242.08, 1.8
output174, 5.52, 242.08, 1.8
PHY_169, 129.26, 242.08, 1.8
PHY_171, 129.26, 242.08, 1.8
FILLER_86_77, 40.52, 242.08, 1.8
FILLER_85_105, 53.02, 242.08, 1.8
sb_0__1_.mux_top_track_0.sky130_fd_sc_hd__buf_4_0_, 53.02, 242.08, 1.8
FILLER_86_189, 90.52, 242.08, 1.8
FILLER_85_217, 103.02, 242.08, 1.8
FILLER_84_253, 122.39, 242.08, 1.8
FILLER_85_249, 122.39, 242.08, 1.8
FILLER_85_257, 122.39, 242.08, 1.8
input102, 122.39, 242.08, 1.8
input103, 122.39, 242.08, 1.8
PHY_164, 5.52, 236.64, 1.8
PHY_166, 5.52, 236.64, 1.8
input110, 5.52, 236.64, 1.8
PHY_165, 129.26, 236.64, 1.8
PHY_167, 129.26, 236.64, 1.8
FILLER_83_51, 28.02, 236.64, 1.8
FILLER_84_77, 40.52, 236.64, 1.8
FILLER_82_102, 53.02, 236.64, 1.8
FILLER_83_105, 53.02, 236.64, 1.8
FILLER_82_149, 78.02, 236.64, 1.8
FILLER_83_161, 78.02, 236.64, 1.8
sb_0__1_.mem_right_track_16.sky130_fd_sc_hd__dfrtp_1_1_, 78.02, 236.64, 1.8
FILLER_82_172, 90.52, 236.64, 1.8
FILLER_84_189, 90.52, 236.64, 1.8
sb_0__1_.mux_right_track_18.mux_l1_in_0_, 90.52, 236.64, 1.8
FILLER_83_217, 103.02, 236.64, 1.8
FILLER_83_249, 122.39, 236.64, 1.8
FILLER_83_257, 122.39, 236.64, 1.8
input100, 122.39, 236.64, 1.8
input101, 122.39, 236.64, 1.8
PHY_160, 5.52, 231.2, 1.8
PHY_162, 5.52, 231.2, 1.8
PHY_161, 129.26, 231.2, 1.8
PHY_163, 129.26, 231.2, 1.8
FILLER_81_51, 28.02, 231.2, 1.8
FILLER_81_57, 28.02, 231.2, 1.8
FILLER_80_65, 40.52, 231.2, 1.8
FILLER_80_74, 40.52, 231.2, 1.8
FILLER_82_77, 40.52, 231.2, 1.8
_181_, 40.52, 231.2, 1.8
sb_0__1_.mux_top_track_36.sky130_fd_sc_hd__buf_4_0_, 40.52, 231.2, 1.8
sb_0__1_.mux_top_track_44.sky130_fd_sc_hd__buf_4_0_, 40.52, 231.2, 1.8
FILLER_81_103, 53.02, 231.2, 1.8
FILLER_82_110, 53.02, 231.2, 1.8
sb_0__1_.mux_top_track_2.sky130_fd_sc_hd__buf_4_0_, 53.02, 231.2, 1.8
FILLER_80_153, 78.02, 231.2, 1.8
sb_0__1_.mux_right_track_16.mux_l1_in_0_, 78.02, 231.2, 1.8
FILLER_81_180, 90.52, 231.2, 1.8
FILLER_82_185, 90.52, 231.2, 1.8
FILLER_82_193, 90.52, 231.2, 1.8
sb_0__1_.mux_right_track_14.mux_l1_in_0_, 90.52, 231.2, 1.8
FILLER_80_208, 103.02, 231.2, 1.8
FILLER_81_217, 103.02, 231.2, 1.8
sb_0__1_.mux_right_track_12.mux_l1_in_0_, 103.02, 231.2, 1.8
FILLER_80_247, 122.39, 231.2, 1.8
FILLER_80_253, 122.39, 231.2, 1.8
FILLER_81_261, 122.39, 231.2, 1.8
PHY_156, 5.52, 225.76, 1.8
PHY_158, 5.52, 225.76, 1.8
input109, 5.52, 225.76, 1.8
PHY_157, 129.26, 225.76, 1.8
PHY_159, 129.26, 225.76, 1.8
FILLER_79_51, 28.02, 225.76, 1.8
FILLER_78_65, 40.52, 225.76, 1.8
FILLER_79_69, 40.52, 225.76, 1.8
_180_, 40.52, 225.76, 1.8
sb_0__1_.mux_top_track_6.sky130_fd_sc_hd__buf_4_0_, 40.52, 225.76, 1.8
FILLER_78_100, 53.02, 225.76, 1.8
FILLER_78_93, 53.02, 225.76, 1.8
FILLER_79_97, 53.02, 225.76, 1.8
_189_, 53.02, 225.76, 1.8
_190_, 53.02, 225.76, 1.8
sb_0__1_.mux_top_track_4.sky130_fd_sc_hd__buf_4_0_, 53.02, 225.76, 1.8
sb_0__1_.mux_top_track_52.sky130_fd_sc_hd__buf_4_0_, 53.02, 225.76, 1.8
FILLER_79_165, 78.02, 225.76, 1.8
sb_0__1_.mem_right_track_14.sky130_fd_sc_hd__dfrtp_1_1_, 78.02, 225.76, 1.8
sb_0__1_.mem_right_track_16.sky130_fd_sc_hd__dfrtp_1_0_, 78.02, 225.76, 1.8
FILLER_79_191, 90.52, 225.76, 1.8
FILLER_80_192, 90.52, 225.76, 1.8
FILLER_79_199, 103.02, 225.76, 1.8
sb_0__1_.mem_right_track_12.sky130_fd_sc_hd__dfrtp_1_1_, 103.02, 225.76, 1.8
sb_0__1_.mux_right_track_10.mux_l1_in_0_, 103.02, 225.76, 1.8
sb_0__1_.mux_right_track_8.mux_l1_in_0_, 103.02, 225.76, 1.8
input24, 122.39, 225.76, 1.8
output213, 122.39, 225.76, 1.8
PHY_152, 5.52, 220.32, 1.8
PHY_154, 5.52, 220.32, 1.8
PHY_153, 129.26, 220.32, 1.8
PHY_155, 129.26, 220.32, 1.8
FILLER_77_51, 28.02, 220.32, 1.8
FILLER_77_57, 28.02, 220.32, 1.8
FILLER_76_73, 40.52, 220.32, 1.8
FILLER_77_69, 40.52, 220.32, 1.8
FILLER_77_76, 40.52, 220.32, 1.8
FILLER_77_84, 40.52, 220.32, 1.8
FILLER_78_85, 40.52, 220.32, 1.8
_178_, 40.52, 220.32, 1.8
_184_, 40.52, 220.32, 1.8
sb_0__1_.mux_top_track_10.sky130_fd_sc_hd__buf_4_0_, 40.52, 220.32, 1.8
FILLER_76_97, 53.02, 220.32, 1.8
_186_, 53.02, 220.32, 1.8
_188_, 53.02, 220.32, 1.8
sb_0__1_.mem_top_track_0.sky130_fd_sc_hd__dfrtp_1_1_, 53.02, 220.32, 1.8
sb_0__1_.mem_top_track_0.sky130_fd_sc_hd__dfrtp_1_2_, 53.02, 220.32, 1.8
sb_0__1_.mux_top_track_0.mux_l3_in_0_, 53.02, 220.32, 1.8
FILLER_76_153, 78.02, 220.32, 1.8
FILLER_77_163, 78.02, 220.32, 1.8
FILLER_77_169, 78.02, 220.32, 1.8
FILLER_77_177, 90.52, 220.32, 1.8
FILLER_78_187, 90.52, 220.32, 1.8
sb_0__1_.mem_right_track_14.sky130_fd_sc_hd__dfrtp_1_0_, 90.52, 220.32, 1.8
FILLER_78_219, 103.02, 220.32, 1.8
sb_0__1_.mem_right_track_12.sky130_fd_sc_hd__dfrtp_1_0_, 103.02, 220.32, 1.8
sb_0__1_.mux_right_track_4.mux_l1_in_0_, 103.02, 220.32, 1.8
FILLER_76_249, 122.39, 220.32, 1.8
FILLER_76_253, 122.39, 220.32, 1.8
FILLER_77_247, 122.39, 220.32, 1.8
FILLER_77_257, 122.39, 220.32, 1.8
FILLER_78_258, 122.39, 220.32, 1.8
_207_, 122.39, 220.32, 1.8
input22, 122.39, 220.32, 1.8
input23, 122.39, 220.32, 1.8
PHY_148, 5.52, 214.88, 1.8
PHY_150, 5.52, 214.88, 1.8
PHY_149, 129.26, 214.88, 1.8
PHY_151, 129.26, 214.88, 1.8
FILLER_75_39, 28.02, 214.88, 1.8
FILLER_75_51, 28.02, 214.88, 1.8
FILLER_76_53, 28.02, 214.88, 1.8
_177_, 28.02, 214.88, 1.8
sb_0__1_.mux_top_track_28.sky130_fd_sc_hd__buf_4_0_, 28.02, 214.88, 1.8
FILLER_74_67, 40.52, 214.88, 1.8
FILLER_74_74, 40.52, 214.88, 1.8
FILLER_76_85, 40.52, 214.88, 1.8
_182_, 40.52, 214.88, 1.8
sb_0__1_.mem_bottom_track_53.sky130_fd_sc_hd__dfrtp_1_1_, 40.52, 214.88, 1.8
sb_0__1_.mux_top_track_12.sky130_fd_sc_hd__buf_4_0_, 40.52, 214.88, 1.8
sb_0__1_.mux_top_track_20.sky130_fd_sc_hd__buf_4_0_, 40.52, 214.88, 1.8
FILLER_75_102, 53.02, 214.88, 1.8
FILLER_75_113, 53.02, 214.88, 1.8
FILLER_76_105, 53.02, 214.88, 1.8
FILLER_76_113, 53.02, 214.88, 1.8
sb_0__1_.mem_top_track_2.sky130_fd_sc_hd__dfrtp_1_0_, 53.02, 214.88, 1.8
sb_0__1_.mux_top_track_0.mux_l1_in_0_, 53.02, 214.88, 1.8
sb_0__1_.mem_right_track_14.sky130_fd_sc_hd__dfrtp_1_2_, 78.02, 214.88, 1.8
sb_0__1_.mux_right_track_16.mux_l2_in_0_, 78.02, 214.88, 1.8
FILLER_74_175, 90.52, 214.88, 1.8
FILLER_76_192, 90.52, 214.88, 1.8
sb_0__1_.mux_right_track_14.mux_l2_in_0_, 90.52, 214.88, 1.8
FILLER_75_216, 103.02, 214.88, 1.8
FILLER_76_219, 103.02, 214.88, 1.8
sb_0__1_.mem_right_track_10.sky130_fd_sc_hd__dfrtp_1_1_, 103.02, 214.88, 1.8
FILLER_74_253, 122.39, 214.88, 1.8
FILLER_75_247, 122.39, 214.88, 1.8
input20, 122.39, 214.88, 1.8
input21, 122.39, 214.88, 1.8
PHY_144, 5.52, 209.44, 1.8
PHY_146, 5.52, 209.44, 1.8
PHY_145, 129.26, 209.44, 1.8
PHY_147, 129.26, 209.44, 1.8
FILLER_72_39, 28.02, 209.44, 1.8
FILLER_74_49, 28.02, 209.44, 1.8
FILLER_74_60, 28.02, 209.44, 1.8
_174_, 28.02, 209.44, 1.8
_176_, 28.02, 209.44, 1.8
FILLER_73_69, 40.52, 209.44, 1.8
FILLER_74_85, 40.52, 209.44, 1.8
_185_, 40.52, 209.44, 1.8
sb_0__1_.mem_top_track_44.sky130_fd_sc_hd__dfrtp_1_0_, 40.52, 209.44, 1.8
sb_0__1_.mux_top_track_36.mux_l3_in_0_, 40.52, 209.44, 1.8
FILLER_73_105, 53.02, 209.44, 1.8
FILLER_74_111, 53.02, 209.44, 1.8
sb_0__1_.mux_top_track_2.mux_l3_in_0_, 53.02, 209.44, 1.8
sb_0__1_.mem_top_track_52.sky130_fd_sc_hd__dfrtp_1_0_, 78.02, 209.44, 1.8
FILLER_72_174, 90.52, 209.44, 1.8
FILLER_74_187, 90.52, 209.44, 1.8
clkbuf_4_14_0_prog_clk, 90.52, 209.44, 1.8
sb_0__1_.mem_right_track_12.sky130_fd_sc_hd__dfrtp_1_2_, 90.52, 209.44, 1.8
FILLER_73_202, 103.02, 209.44, 1.8
FILLER_74_219, 103.02, 209.44, 1.8
clkbuf_4_15_0_prog_clk, 103.02, 209.44, 1.8
sb_0__1_.mux_right_track_10.mux_l2_in_0_, 103.02, 209.44, 1.8
FILLER_72_253, 122.39, 209.44, 1.8
FILLER_73_261, 122.39, 209.44, 1.8
input19, 122.39, 209.44, 1.8
PHY_140, 5.52, 204, 1.8
PHY_142, 5.52, 204, 1.8
input97, 5.52, 204, 1.8
PHY_141, 129.26, 204, 1.8
PHY_143, 129.26, 204, 1.8
FILLER_71_46, 28.02, 204, 1.8
sb_0__1_.mem_top_track_36.sky130_fd_sc_hd__dfrtp_1_2_, 28.02, 204, 1.8
FILLER_70_76, 40.52, 204, 1.8
FILLER_71_79, 40.52, 204, 1.8
FILLER_71_87, 40.52, 204, 1.8
sb_0__1_.mem_top_track_2.sky130_fd_sc_hd__dfrtp_1_2_, 53.02, 204, 1.8
sb_0__1_.mem_top_track_44.sky130_fd_sc_hd__dfrtp_1_1_, 53.02, 204, 1.8
sb_0__1_.mux_top_track_0.mux_l2_in_1_, 53.02, 204, 1.8
FILLER_70_153, 78.02, 204, 1.8
FILLER_71_165, 78.02, 204, 1.8
sb_0__1_.mux_right_track_18.mux_l2_in_0_, 78.02, 204, 1.8
FILLER_71_180, 90.52, 204, 1.8
sb_0__1_.mem_right_track_10.sky130_fd_sc_hd__dfrtp_1_2_, 90.52, 204, 1.8
sb_0__1_.mux_top_track_0.mux_l1_in_1_, 90.52, 204, 1.8
FILLER_70_208, 103.02, 204, 1.8
FILLER_71_208, 103.02, 204, 1.8
FILLER_71_216, 103.02, 204, 1.8
sb_0__1_.mux_right_track_12.mux_l2_in_0_, 103.02, 204, 1.8
sb_0__1_.mux_right_track_6.mux_l1_in_0_, 103.02, 204, 1.8
sb_0__1_.mux_right_track_8.mux_l2_in_1__252, 103.02, 204, 1.8
FILLER_71_260, 122.39, 204, 1.8
input13, 122.39, 204, 1.8
PHY_136, 5.52, 198.56, 1.8
PHY_138, 5.52, 198.56, 1.8
PHY_137, 129.26, 198.56, 1.8
PHY_139, 129.26, 198.56, 1.8
FILLER_69_51, 28.02, 198.56, 1.8
FILLER_70_53, 28.02, 198.56, 1.8
sb_0__1_.mem_top_track_36.sky130_fd_sc_hd__dfrtp_1_1_, 28.02, 198.56, 1.8
FILLER_68_65, 40.52, 198.56, 1.8
FILLER_69_69, 40.52, 198.56, 1.8
FILLER_69_82, 40.52, 198.56, 1.8
clkbuf_4_10_0_prog_clk, 40.52, 198.56, 1.8
sb_0__1_.mux_top_track_10.mux_l1_in_0_, 40.52, 198.56, 1.8
sb_0__1_.mux_top_track_6.mux_l3_in_0_, 40.52, 198.56, 1.8
FILLER_68_96, 53.02, 198.56, 1.8
FILLER_69_109, 53.02, 198.56, 1.8
FILLER_69_113, 53.02, 198.56, 1.8
FILLER_70_109, 53.02, 198.56, 1.8
clkbuf_4_11_0_prog_clk, 53.02, 198.56, 1.8
sb_0__1_.mem_top_track_4.sky130_fd_sc_hd__dfrtp_1_0_, 53.02, 198.56, 1.8
FILLER_68_152, 78.02, 198.56, 1.8
FILLER_69_147, 78.02, 198.56, 1.8
FILLER_69_162, 78.02, 198.56, 1.8
FILLER_70_169, 78.02, 198.56, 1.8
sb_0__1_.mux_right_track_16.mux_l3_in_0_, 78.02, 198.56, 1.8
sb_0__1_.mux_top_track_2.mux_l1_in_0_, 78.02, 198.56, 1.8
FILLER_70_185, 90.52, 198.56, 1.8
FILLER_70_193, 90.52, 198.56, 1.8
sb_0__1_.mux_right_track_14.mux_l3_in_0_, 90.52, 198.56, 1.8
FILLER_68_209, 103.02, 198.56, 1.8
FILLER_69_205, 103.02, 198.56, 1.8
sb_0__1_.mem_right_track_4.sky130_fd_sc_hd__dfrtp_1_1_, 103.02, 198.56, 1.8
sb_0__1_.mux_right_track_10.mux_l1_in_1_, 103.02, 198.56, 1.8
sb_0__1_.mux_right_track_8.mux_l2_in_1_, 103.02, 198.56, 1.8
FILLER_69_250, 122.39, 198.56, 1.8
FILLER_70_258, 122.39, 198.56, 1.8
input15, 122.39, 198.56, 1.8
input17, 122.39, 198.56, 1.8
sb_0__1_.mux_right_track_2.mux_l2_in_1__231, 122.39, 198.56, 1.8
PHY_132, 5.52, 193.12, 1.8
PHY_134, 5.52, 193.12, 1.8
input96, 5.52, 193.12, 1.8
FILLER_67_263, 129.26, 193.12, 1.8
PHY_133, 129.26, 193.12, 1.8
PHY_135, 129.26, 193.12, 1.8
FILLER_66_37, 28.02, 193.12, 1.8
sb_0__1_.mem_top_track_6.sky130_fd_sc_hd__dfrtp_1_2_, 28.02, 193.12, 1.8
FILLER_67_69, 40.52, 193.12, 1.8
FILLER_67_77, 40.52, 193.12, 1.8
FILLER_67_83, 40.52, 193.12, 1.8
FILLER_68_80, 40.52, 193.12, 1.8
sb_0__1_.mux_top_track_36.mux_l2_in_1_, 40.52, 193.12, 1.8
sb_0__1_.mux_top_track_36.mux_l2_in_1__259, 40.52, 193.12, 1.8
sb_0__1_.mux_top_track_6.mux_l1_in_0_, 40.52, 193.12, 1.8
FILLER_66_100, 53.02, 193.12, 1.8
FILLER_67_102, 53.02, 193.12, 1.8
FILLER_67_109, 53.02, 193.12, 1.8
FILLER_67_113, 53.02, 193.12, 1.8
sb_0__1_.mux_top_track_0.mux_l1_in_3__253, 53.02, 193.12, 1.8
sb_0__1_.mux_top_track_2.mux_l2_in_1_, 53.02, 193.12, 1.8
sb_0__1_.mux_top_track_4.mux_l3_in_0_, 53.02, 193.12, 1.8
sb_0__1_.mux_top_track_6.mux_l2_in_0_, 53.02, 193.12, 1.8
ANTENNA_2, 78.02, 193.12, 1.8
FILLER_66_153, 78.02, 193.12, 1.8
FILLER_67_145, 78.02, 193.12, 1.8
FILLER_67_153, 78.02, 193.12, 1.8
FILLER_67_165, 78.02, 193.12, 1.8
FILLER_67_169, 78.02, 193.12, 1.8
FILLER_68_168, 78.02, 193.12, 1.8
sb_0__1_.mux_right_track_18.mux_l3_in_0_, 78.02, 193.12, 1.8
sb_0__1_.mux_top_track_52.mux_l3_in_0_, 78.02, 193.12, 1.8
FILLER_67_177, 90.52, 193.12, 1.8
FILLER_68_186, 90.52, 193.12, 1.8
FILLER_68_197, 90.52, 193.12, 1.8
sb_0__1_.mem_top_track_52.sky130_fd_sc_hd__dfrtp_1_1_, 90.52, 193.12, 1.8
FILLER_66_208, 103.02, 193.12, 1.8
FILLER_67_200, 103.02, 193.12, 1.8
FILLER_67_213, 103.02, 193.12, 1.8
FILLER_67_221, 103.02, 193.12, 1.8
FILLER_68_222, 103.02, 193.12, 1.8
sb_0__1_.mux_right_track_10.mux_l3_in_0_, 103.02, 193.12, 1.8
sb_0__1_.mux_right_track_12.mux_l3_in_0_, 103.02, 193.12, 1.8
sb_0__1_.mux_right_track_8.mux_l1_in_1_, 103.02, 193.12, 1.8
FILLER_66_247, 122.39, 193.12, 1.8
FILLER_66_253, 122.39, 193.12, 1.8
sb_0__1_.mux_right_track_2.mux_l2_in_1_, 122.39, 193.12, 1.8
PHY_128, 5.52, 187.68, 1.8
PHY_130, 5.52, 187.68, 1.8
PHY_129, 129.26, 187.68, 1.8
PHY_131, 129.26, 187.68, 1.8
FILLER_64_41, 28.02, 187.68, 1.8
sb_0__1_.mem_top_track_10.sky130_fd_sc_hd__dfrtp_1_0_, 28.02, 187.68, 1.8
FILLER_64_68, 40.52, 187.68, 1.8
FILLER_66_85, 40.52, 187.68, 1.8
sb_0__1_.mem_top_track_6.sky130_fd_sc_hd__dfrtp_1_0_, 40.52, 187.68, 1.8
sb_0__1_.mux_top_track_10.mux_l3_in_0_, 40.52, 187.68, 1.8
FILLER_64_103, 53.02, 187.68, 1.8
FILLER_65_107, 53.02, 187.68, 1.8
FILLER_65_93, 53.02, 187.68, 1.8
FILLER_66_113, 53.02, 187.68, 1.8
sb_0__1_.mux_top_track_0.mux_l1_in_3_, 53.02, 187.68, 1.8
sb_0__1_.mux_top_track_10.mux_l2_in_0_, 53.02, 187.68, 1.8
sb_0__1_.mux_top_track_44.mux_l1_in_1_, 53.02, 187.68, 1.8
sb_0__1_.mux_top_track_44.mux_l1_in_1__261, 53.02, 187.68, 1.8
FILLER_65_159, 78.02, 187.68, 1.8
FILLER_65_169, 78.02, 187.68, 1.8
sb_0__1_.mux_bottom_track_53.mux_l1_in_0_, 78.02, 187.68, 1.8
sb_0__1_.mux_right_track_14.mux_l2_in_1_, 78.02, 187.68, 1.8
sb_0__1_.mux_right_track_14.mux_l2_in_1__228, 78.02, 187.68, 1.8
sb_0__1_.mux_right_track_20.mux_l2_in_0_, 78.02, 187.68, 1.8
sb_0__1_.mux_top_track_44.mux_l1_in_0_, 78.02, 187.68, 1.8
ANTENNA_3, 90.52, 187.68, 1.8
FILLER_64_175, 90.52, 187.68, 1.8
FILLER_64_181, 90.52, 187.68, 1.8
FILLER_65_193, 90.52, 187.68, 1.8
FILLER_66_191, 90.52, 187.68, 1.8
sb_0__1_.mem_top_track_52.sky130_fd_sc_hd__dfrtp_1_2_, 90.52, 187.68, 1.8
FILLER_64_210, 103.02, 187.68, 1.8
FILLER_65_202, 103.02, 187.68, 1.8
FILLER_65_216, 103.02, 187.68, 1.8
FILLER_66_221, 103.02, 187.68, 1.8
clkbuf_4_12_0_prog_clk, 103.02, 187.68, 1.8
sb_0__1_.mux_bottom_track_45.mux_l1_in_0_, 103.02, 187.68, 1.8
sb_0__1_.mux_right_track_12.mux_l2_in_1__227, 103.02, 187.68, 1.8
sb_0__1_.mux_right_track_2.mux_l1_in_1_, 103.02, 187.68, 1.8
sb_0__1_.mux_right_track_4.mux_l1_in_1_, 103.02, 187.68, 1.8
FILLER_64_247, 122.39, 187.68, 1.8
input10, 122.39, 187.68, 1.8
PHY_124, 5.52, 182.24, 1.8
PHY_126, 5.52, 182.24, 1.8
input95, 5.52, 182.24, 1.8
PHY_125, 129.26, 182.24, 1.8
PHY_127, 129.26, 182.24, 1.8
FILLER_63_53, 28.02, 182.24, 1.8
sb_0__1_.mux_top_track_28.mux_l3_in_0_, 28.02, 182.24, 1.8
FILLER_62_74, 40.52, 182.24, 1.8
FILLER_64_81, 40.52, 182.24, 1.8
FILLER_64_85, 40.52, 182.24, 1.8
sb_0__1_.mem_top_track_4.sky130_fd_sc_hd__dfrtp_1_2_, 40.52, 182.24, 1.8
FILLER_62_98, 53.02, 182.24, 1.8
FILLER_63_103, 53.02, 182.24, 1.8
FILLER_63_90, 53.02, 182.24, 1.8
sb_0__1_.mux_bottom_track_53.mux_l2_in_0_, 53.02, 182.24, 1.8
sb_0__1_.mux_top_track_12.mux_l3_in_0_, 53.02, 182.24, 1.8
sb_0__1_.mux_top_track_4.mux_l2_in_1__260, 53.02, 182.24, 1.8
FILLER_62_156, 78.02, 182.24, 1.8
FILLER_63_150, 78.02, 182.24, 1.8
FILLER_63_163, 78.02, 182.24, 1.8
FILLER_64_160, 78.02, 182.24, 1.8
sb_0__1_.mux_bottom_track_53.mux_l1_in_1_, 78.02, 182.24, 1.8
sb_0__1_.mux_bottom_track_53.mux_l1_in_1__223, 78.02, 182.24, 1.8
sb_0__1_.mux_right_track_10.mux_l2_in_1__226, 78.02, 182.24, 1.8
sb_0__1_.mux_right_track_12.mux_l2_in_1_, 78.02, 182.24, 1.8
sb_0__1_.mux_top_track_52.mux_l2_in_1__262, 78.02, 182.24, 1.8
FILLER_63_174, 90.52, 182.24, 1.8
FILLER_63_193, 90.52, 182.24, 1.8
sb_0__1_.mux_bottom_track_37.mux_l1_in_0_, 90.52, 182.24, 1.8
sb_0__1_.mux_right_track_8.mux_l1_in_2_, 90.52, 182.24, 1.8
sb_0__1_.mux_top_track_6.mux_l1_in_1_, 90.52, 182.24, 1.8
FILLER_63_225, 103.02, 182.24, 1.8
sb_0__1_.mem_right_track_4.sky130_fd_sc_hd__dfrtp_1_2_, 103.02, 182.24, 1.8
sb_0__1_.mux_right_track_2.mux_l1_in_2_, 103.02, 182.24, 1.8
sb_0__1_.mux_top_track_52.mux_l2_in_0_, 103.02, 182.24, 1.8
FILLER_62_253, 122.39, 182.24, 1.8
FILLER_63_256, 122.39, 182.24, 1.8
FILLER_64_258, 122.39, 182.24, 1.8
input11, 122.39, 182.24, 1.8
input9, 122.39, 182.24, 1.8
PHY_120, 5.52, 176.8, 1.8
PHY_122, 5.52, 176.8, 1.8
PHY_121, 129.26, 176.8, 1.8
PHY_123, 129.26, 176.8, 1.8
FILLER_60_41, 28.02, 176.8, 1.8
sb_0__1_.mem_top_track_10.sky130_fd_sc_hd__dfrtp_1_1_, 28.02, 176.8, 1.8
sb_0__1_.mem_top_track_6.sky130_fd_sc_hd__dfrtp_1_1_, 28.02, 176.8, 1.8
FILLER_60_65, 40.52, 176.8, 1.8
FILLER_61_81, 40.52, 176.8, 1.8
clkbuf_4_8_0_prog_clk, 40.52, 176.8, 1.8
sb_0__1_.mux_top_track_20.mux_l3_in_0_, 40.52, 176.8, 1.8
FILLER_61_113, 53.02, 176.8, 1.8
clkbuf_4_9_0_prog_clk, 53.02, 176.8, 1.8
sb_0__1_.mem_right_track_22.sky130_fd_sc_hd__dfrtp_1_0_, 53.02, 176.8, 1.8
sb_0__1_.mem_top_track_4.sky130_fd_sc_hd__dfrtp_1_1_, 53.02, 176.8, 1.8
sb_0__1_.mux_top_track_4.mux_l2_in_1_, 53.02, 176.8, 1.8
FILLER_61_149, 78.02, 176.8, 1.8
FILLER_61_162, 78.02, 176.8, 1.8
FILLER_62_170, 78.02, 176.8, 1.8
sb_0__1_.mux_right_track_10.mux_l2_in_1_, 78.02, 176.8, 1.8
sb_0__1_.mux_top_track_0.mux_l1_in_2_, 78.02, 176.8, 1.8
sb_0__1_.mux_top_track_10.mux_l1_in_1_, 78.02, 176.8, 1.8
sb_0__1_.mux_top_track_52.mux_l2_in_1_, 78.02, 176.8, 1.8
FILLER_60_182, 90.52, 176.8, 1.8
FILLER_61_180, 90.52, 176.8, 1.8
FILLER_62_197, 90.52, 176.8, 1.8
sb_0__1_.mem_right_track_0.sky130_fd_sc_hd__dfrtp_1_0_, 90.52, 176.8, 1.8
FILLER_62_214, 103.02, 176.8, 1.8
sb_0__1_.mux_bottom_track_29.mux_l1_in_1_, 103.02, 176.8, 1.8
sb_0__1_.mux_right_track_6.mux_l1_in_1_, 103.02, 176.8, 1.8
FILLER_60_253, 122.39, 176.8, 1.8
FILLER_61_260, 122.39, 176.8, 1.8
input8, 122.39, 176.8, 1.8
PHY_116, 5.52, 171.36, 1.8
PHY_118, 5.52, 171.36, 1.8
input94, 5.52, 171.36, 1.8
PHY_117, 129.26, 171.36, 1.8
PHY_119, 129.26, 171.36, 1.8
FILLER_59_46, 28.02, 171.36, 1.8
FILLER_59_57, 28.02, 171.36, 1.8
sb_0__1_.mem_top_track_12.sky130_fd_sc_hd__dfrtp_1_0_, 28.02, 171.36, 1.8
sb_0__1_.mem_top_track_28.sky130_fd_sc_hd__dfrtp_1_1_, 28.02, 171.36, 1.8
FILLER_58_73, 40.52, 171.36, 1.8
FILLER_59_82, 40.52, 171.36, 1.8
FILLER_60_80, 40.52, 171.36, 1.8
FILLER_60_85, 40.52, 171.36, 1.8
sb_0__1_.mux_top_track_6.mux_l2_in_1_, 40.52, 171.36, 1.8
FILLER_59_107, 53.02, 171.36, 1.8
FILLER_60_113, 53.02, 171.36, 1.8
sb_0__1_.mem_right_track_22.sky130_fd_sc_hd__dfrtp_1_1_, 53.02, 171.36, 1.8
FILLER_59_162, 78.02, 171.36, 1.8
sb_0__1_.mem_bottom_track_53.sky130_fd_sc_hd__dfrtp_1_0_, 78.02, 171.36, 1.8
FILLER_59_191, 90.52, 171.36, 1.8
FILLER_60_197, 90.52, 171.36, 1.8
sb_0__1_.mux_right_track_4.mux_l2_in_1_, 90.52, 171.36, 1.8
sb_0__1_.mux_top_track_2.mux_l1_in_1_, 90.52, 171.36, 1.8
FILLER_58_208, 103.02, 171.36, 1.8
FILLER_59_204, 103.02, 171.36, 1.8
sb_0__1_.mux_bottom_track_37.mux_l1_in_1_, 103.02, 171.36, 1.8
sb_0__1_.mux_right_track_4.mux_l2_in_1__242, 103.02, 171.36, 1.8
FILLER_58_248, 122.39, 171.36, 1.8
FILLER_59_255, 122.39, 171.36, 1.8
input6, 122.39, 171.36, 1.8
input7, 122.39, 171.36, 1.8
PHY_112, 5.52, 165.92, 1.8
PHY_114, 5.52, 165.92, 1.8
PHY_113, 129.26, 165.92, 1.8
PHY_115, 129.26, 165.92, 1.8
FILLER_56_41, 28.02, 165.92, 1.8
FILLER_57_51, 28.02, 165.92, 1.8
sb_0__1_.mem_top_track_28.sky130_fd_sc_hd__dfrtp_1_0_, 28.02, 165.92, 1.8
FILLER_57_69, 40.52, 165.92, 1.8
FILLER_58_81, 40.52, 165.92, 1.8
sb_0__1_.mem_top_track_12.sky130_fd_sc_hd__dfrtp_1_2_, 40.52, 165.92, 1.8
sb_0__1_.mux_top_track_28.mux_l2_in_0_, 40.52, 165.92, 1.8
FILLER_57_105, 53.02, 165.92, 1.8
FILLER_57_113, 53.02, 165.92, 1.8
FILLER_57_92, 53.02, 165.92, 1.8
FILLER_58_108, 53.02, 165.92, 1.8
sb_0__1_.mux_top_track_10.mux_l2_in_1_, 53.02, 165.92, 1.8
FILLER_56_153, 78.02, 165.92, 1.8
sb_0__1_.mux_right_track_20.mux_l3_in_0_, 78.02, 165.92, 1.8
FILLER_57_181, 90.52, 165.92, 1.8
FILLER_57_194, 90.52, 165.92, 1.8
FILLER_58_189, 90.52, 165.92, 1.8
sb_0__1_.mux_top_track_4.mux_l1_in_1_, 90.52, 165.92, 1.8
FILLER_56_203, 103.02, 165.92, 1.8
FILLER_57_221, 103.02, 165.92, 1.8
sb_0__1_.mem_bottom_track_45.sky130_fd_sc_hd__dfrtp_1_1_, 103.02, 165.92, 1.8
sb_0__1_.mem_bottom_track_45.sky130_fd_sc_hd__dfrtp_1_2_, 103.02, 165.92, 1.8
sb_0__1_.mux_right_track_16.sky130_fd_sc_hd__buf_4_0_, 103.02, 165.92, 1.8
sb_0__1_.mux_right_track_6.mux_l1_in_2_, 103.02, 165.92, 1.8
FILLER_56_253, 122.39, 165.92, 1.8
FILLER_58_258, 122.39, 165.92, 1.8
input5, 122.39, 165.92, 1.8
sb_0__1_.mux_right_track_2.sky130_fd_sc_hd__buf_4_0_, 122.39, 165.92, 1.8
PHY_108, 5.52, 160.48, 1.8
PHY_110, 5.52, 160.48, 1.8
input93, 5.52, 160.48, 1.8
PHY_109, 129.26, 160.48, 1.8
PHY_111, 129.26, 160.48, 1.8
FILLER_54_40, 28.02, 160.48, 1.8
sb_0__1_.mem_top_track_20.sky130_fd_sc_hd__dfrtp_1_2_, 28.02, 160.48, 1.8
sb_0__1_.mux_top_track_28.mux_l2_in_1__258, 28.02, 160.48, 1.8
FILLER_54_64, 40.52, 160.48, 1.8
FILLER_55_72, 40.52, 160.48, 1.8
FILLER_55_83, 40.52, 160.48, 1.8
FILLER_56_80, 40.52, 160.48, 1.8
sb_0__1_.mem_top_track_20.sky130_fd_sc_hd__dfrtp_1_0_, 40.52, 160.48, 1.8
sb_0__1_.mux_top_track_12.mux_l2_in_1_, 40.52, 160.48, 1.8
sb_0__1_.mux_top_track_12.mux_l2_in_1__255, 40.52, 160.48, 1.8
sb_0__1_.mux_top_track_20.mux_l2_in_1_, 40.52, 160.48, 1.8
sb_0__1_.mux_top_track_6.mux_l1_in_3__263, 40.52, 160.48, 1.8
FILLER_55_108, 53.02, 160.48, 1.8
FILLER_56_108, 53.02, 160.48, 1.8
sb_0__1_.mux_top_track_20.mux_l2_in_0_, 53.02, 160.48, 1.8
FILLER_54_149, 78.02, 160.48, 1.8
FILLER_55_165, 78.02, 160.48, 1.8
FILLER_56_167, 78.02, 160.48, 1.8
sb_0__1_.mem_bottom_track_37.sky130_fd_sc_hd__dfrtp_1_0_, 78.02, 160.48, 1.8
sb_0__1_.mem_bottom_track_37.sky130_fd_sc_hd__dfrtp_1_1_, 78.02, 160.48, 1.8
sb_0__1_.mem_bottom_track_45.sky130_fd_sc_hd__dfrtp_1_0_, 78.02, 160.48, 1.8
sb_0__1_.mux_bottom_track_29.mux_l1_in_0_, 78.02, 160.48, 1.8
sb_0__1_.mux_bottom_track_37.mux_l2_in_0_, 78.02, 160.48, 1.8
FILLER_54_172, 90.52, 160.48, 1.8
FILLER_55_192, 90.52, 160.48, 1.8
FILLER_56_191, 90.52, 160.48, 1.8
FILLER_56_197, 90.52, 160.48, 1.8
sb_0__1_.mux_bottom_track_11.mux_l1_in_1_, 90.52, 160.48, 1.8
sb_0__1_.mux_bottom_track_29.mux_l2_in_0_, 90.52, 160.48, 1.8
FILLER_54_202, 103.02, 160.48, 1.8
FILLER_55_204, 103.02, 160.48, 1.8
FILLER_55_220, 103.02, 160.48, 1.8
sb_0__1_.mux_bottom_track_13.mux_l1_in_1_, 103.02, 160.48, 1.8
sb_0__1_.mux_right_track_18.sky130_fd_sc_hd__buf_4_0_, 103.02, 160.48, 1.8
FILLER_55_250, 122.39, 160.48, 1.8
FILLER_55_258, 122.39, 160.48, 1.8
input31, 122.39, 160.48, 1.8
input32, 122.39, 160.48, 1.8
input4, 122.39, 160.48, 1.8
sb_0__1_.mux_right_track_10.sky130_fd_sc_hd__buf_4_0_, 122.39, 160.48, 1.8
PHY_104, 5.52, 155.04, 1.8
PHY_106, 5.52, 155.04, 1.8
PHY_105, 129.26, 155.04, 1.8
PHY_107, 129.26, 155.04, 1.8
FILLER_53_46, 28.02, 155.04, 1.8
FILLER_53_57, 28.02, 155.04, 1.8
sb_0__1_.mux_top_track_28.mux_l2_in_1_, 28.02, 155.04, 1.8
FILLER_52_73, 40.52, 155.04, 1.8
FILLER_53_73, 40.52, 155.04, 1.8
FILLER_54_78, 40.52, 155.04, 1.8
sb_0__1_.mem_top_track_12.sky130_fd_sc_hd__dfrtp_1_1_, 40.52, 155.04, 1.8
sb_0__1_.mux_top_track_10.mux_l1_in_3_, 40.52, 155.04, 1.8
sb_0__1_.mux_top_track_20.mux_l2_in_1__257, 40.52, 155.04, 1.8
sb_0__1_.mux_top_track_6.mux_l1_in_3_, 40.52, 155.04, 1.8
FILLER_52_97, 53.02, 155.04, 1.8
FILLER_53_107, 53.02, 155.04, 1.8
FILLER_53_92, 53.02, 155.04, 1.8
sb_0__1_.mux_top_track_4.mux_l1_in_2_, 53.02, 155.04, 1.8
FILLER_53_161, 78.02, 155.04, 1.8
FILLER_53_169, 78.02, 155.04, 1.8
FILLER_54_185, 90.52, 155.04, 1.8
FILLER_54_193, 90.52, 155.04, 1.8
sb_0__1_.mux_bottom_track_1.mux_l1_in_1_, 90.52, 155.04, 1.8
sb_0__1_.mux_top_track_12.mux_l1_in_1_, 90.52, 155.04, 1.8
FILLER_53_221, 103.02, 155.04, 1.8
FILLER_54_221, 103.02, 155.04, 1.8
sb_0__1_.mux_right_track_0.mux_l1_in_0_, 103.02, 155.04, 1.8
sb_0__1_.mux_right_track_0.mux_l1_in_1_, 103.02, 155.04, 1.8
FILLER_53_259, 122.39, 155.04, 1.8
FILLER_54_258, 122.39, 155.04, 1.8
_212_, 122.39, 155.04, 1.8
sb_0__1_.mux_right_track_6.sky130_fd_sc_hd__buf_4_0_, 122.39, 155.04, 1.8
PHY_100, 5.52, 149.6, 1.8
PHY_102, 5.52, 149.6, 1.8
FILLER_51_262, 129.26, 149.6, 1.8
PHY_101, 129.26, 149.6, 1.8
PHY_103, 129.26, 149.6, 1.8
FILLER_51_51, 28.02, 149.6, 1.8
FILLER_52_53, 28.02, 149.6, 1.8
FILLER_52_61, 28.02, 149.6, 1.8
FILLER_50_76, 40.52, 149.6, 1.8
FILLER_51_69, 40.52, 149.6, 1.8
FILLER_52_80, 40.52, 149.6, 1.8
sb_0__1_.mem_top_track_20.sky130_fd_sc_hd__dfrtp_1_1_, 40.52, 149.6, 1.8
sb_0__1_.mux_top_track_10.mux_l1_in_3__254, 40.52, 149.6, 1.8
FILLER_50_96, 53.02, 149.6, 1.8
FILLER_51_104, 53.02, 149.6, 1.8
sb_0__1_.mem_right_track_22.sky130_fd_sc_hd__dfrtp_1_2_, 53.02, 149.6, 1.8
sb_0__1_.mux_right_track_22.mux_l2_in_1_, 53.02, 149.6, 1.8
sb_0__1_.mux_right_track_22.mux_l2_in_1__233, 53.02, 149.6, 1.8
FILLER_51_146, 78.02, 149.6, 1.8
FILLER_51_158, 78.02, 149.6, 1.8
FILLER_52_163, 78.02, 149.6, 1.8
sb_0__1_.mux_bottom_track_11.mux_l1_in_0_, 78.02, 149.6, 1.8
sb_0__1_.mux_right_track_26.mux_l1_in_0_, 78.02, 149.6, 1.8
ANTENNA_4, 90.52, 149.6, 1.8
FILLER_51_180, 90.52, 149.6, 1.8
FILLER_51_188, 90.52, 149.6, 1.8
FILLER_51_193, 90.52, 149.6, 1.8
sb_0__1_.mux_bottom_track_13.mux_l1_in_0_, 90.52, 149.6, 1.8
sb_0__1_.mux_bottom_track_21.mux_l1_in_0_, 90.52, 149.6, 1.8
sb_0__1_.mux_top_track_20.mux_l1_in_1_, 90.52, 149.6, 1.8
FILLER_50_208, 103.02, 149.6, 1.8
FILLER_51_206, 103.02, 149.6, 1.8
FILLER_51_219, 103.02, 149.6, 1.8
FILLER_52_221, 103.02, 149.6, 1.8
sb_0__1_.mux_bottom_track_3.mux_l1_in_1_, 103.02, 149.6, 1.8
sb_0__1_.mux_bottom_track_7.mux_l1_in_1_, 103.02, 149.6, 1.8
FILLER_50_248, 122.39, 149.6, 1.8
FILLER_50_253, 122.39, 149.6, 1.8
FILLER_52_259, 122.39, 149.6, 1.8
_210_, 122.39, 149.6, 1.8
PHY_96, 5.52, 144.16, 1.8
PHY_98, 5.52, 144.16, 1.8
output211, 5.52, 144.16, 1.8
PHY_97, 129.26, 144.16, 1.8
PHY_99, 129.26, 144.16, 1.8
FILLER_49_51, 28.02, 144.16, 1.8
FILLER_48_76, 40.52, 144.16, 1.8
FILLER_49_69, 40.52, 144.16, 1.8
sb_0__1_.mem_right_track_28.sky130_fd_sc_hd__dfrtp_1_0_, 40.52, 144.16, 1.8
sb_0__1_.mux_top_track_20.mux_l1_in_2_, 40.52, 144.16, 1.8
FILLER_49_108, 53.02, 144.16, 1.8
FILLER_49_113, 53.02, 144.16, 1.8
FILLER_50_112, 53.02, 144.16, 1.8
sb_0__1_.mux_right_track_28.mux_l1_in_0_, 53.02, 144.16, 1.8
sb_0__1_.mux_right_track_30.mux_l1_in_0_, 53.02, 144.16, 1.8
FILLER_50_165, 78.02, 144.16, 1.8
clkbuf_0_prog_clk, 78.02, 144.16, 1.8
sb_0__1_.mem_bottom_track_29.sky130_fd_sc_hd__dfrtp_1_2_, 78.02, 144.16, 1.8
FILLER_48_181, 90.52, 144.16, 1.8
FILLER_50_193, 90.52, 144.16, 1.8
sb_0__1_.mem_bottom_track_29.sky130_fd_sc_hd__dfrtp_1_1_, 90.52, 144.16, 1.8
sb_0__1_.mux_bottom_track_29.mux_l2_in_1_, 90.52, 144.16, 1.8
ANTENNA_5, 103.02, 144.16, 1.8
FILLER_48_208, 103.02, 144.16, 1.8
FILLER_49_213, 103.02, 144.16, 1.8
FILLER_49_221, 103.02, 144.16, 1.8
FILLER_50_222, 103.02, 144.16, 1.8
sb_0__1_.mux_bottom_track_45.mux_l3_in_0_, 103.02, 144.16, 1.8
FILLER_48_253, 122.39, 144.16, 1.8
FILLER_49_251, 122.39, 144.16, 1.8
FILLER_49_259, 122.39, 144.16, 1.8
_136_, 122.39, 144.16, 1.8
input27, 122.39, 144.16, 1.8
input28, 122.39, 144.16, 1.8
input30, 122.39, 144.16, 1.8
PHY_92, 5.52, 138.72, 1.8
PHY_94, 5.52, 138.72, 1.8
PHY_93, 129.26, 138.72, 1.8
PHY_95, 129.26, 138.72, 1.8
FILLER_47_51, 28.02, 138.72, 1.8
FILLER_48_52, 28.02, 138.72, 1.8
sb_0__1_.mem_right_track_28.sky130_fd_sc_hd__dfrtp_1_1_, 28.02, 138.72, 1.8
sb_0__1_.mem_right_track_30.sky130_fd_sc_hd__dfrtp_1_0_, 28.02, 138.72, 1.8
FILLER_46_76, 40.52, 138.72, 1.8
FILLER_47_79, 40.52, 138.72, 1.8
sb_0__1_.mem_right_track_26.sky130_fd_sc_hd__dfrtp_1_1_, 40.52, 138.72, 1.8
sb_0__1_.mux_top_track_12.mux_l1_in_2_, 40.52, 138.72, 1.8
FILLER_46_97, 53.02, 138.72, 1.8
FILLER_47_108, 53.02, 138.72, 1.8
FILLER_47_113, 53.02, 138.72, 1.8
sb_0__1_.mem_right_track_24.sky130_fd_sc_hd__dfrtp_1_0_, 53.02, 138.72, 1.8
sb_0__1_.mux_right_track_26.mux_l1_in_1__235, 53.02, 138.72, 1.8
FILLER_46_152, 78.02, 138.72, 1.8
FILLER_47_164, 78.02, 138.72, 1.8
FILLER_48_166, 78.02, 138.72, 1.8
sb_0__1_.mux_bottom_track_1.mux_l1_in_0_, 78.02, 138.72, 1.8
sb_0__1_.mux_bottom_track_11.mux_l2_in_0_, 78.02, 138.72, 1.8
FILLER_46_179, 90.52, 138.72, 1.8
FILLER_47_180, 90.52, 138.72, 1.8
FILLER_47_193, 90.52, 138.72, 1.8
FILLER_48_188, 90.52, 138.72, 1.8
FILLER_48_197, 90.52, 138.72, 1.8
sb_0__1_.mux_bottom_track_29.mux_l1_in_2_, 90.52, 138.72, 1.8
sb_0__1_.mux_bottom_track_29.mux_l2_in_1__273, 90.52, 138.72, 1.8
sb_0__1_.mux_bottom_track_7.mux_l1_in_0_, 90.52, 138.72, 1.8
sb_0__1_.mux_right_track_20.sky130_fd_sc_hd__buf_4_0_, 90.52, 138.72, 1.8
FILLER_47_220, 103.02, 138.72, 1.8
FILLER_48_221, 103.02, 138.72, 1.8
sb_0__1_.mux_bottom_track_13.mux_l2_in_0_, 103.02, 138.72, 1.8
sb_0__1_.mux_bottom_track_5.mux_l1_in_0_, 103.02, 138.72, 1.8
sb_0__1_.mux_right_track_0.mux_l2_in_1_, 103.02, 138.72, 1.8
FILLER_47_251, 122.39, 138.72, 1.8
FILLER_47_259, 122.39, 138.72, 1.8
_133_, 122.39, 138.72, 1.8
input29, 122.39, 138.72, 1.8
sb_0__1_.mux_right_track_0.sky130_fd_sc_hd__buf_4_0_, 122.39, 138.72, 1.8
FILLER_45_3, 5.52, 133.28, 1.8
PHY_88, 5.52, 133.28, 1.8
PHY_90, 5.52, 133.28, 1.8
_205_, 5.52, 133.28, 1.8
output210, 5.52, 133.28, 1.8
PHY_89, 129.26, 133.28, 1.8
PHY_91, 129.26, 133.28, 1.8
FILLER_45_51, 28.02, 133.28, 1.8
FILLER_46_52, 28.02, 133.28, 1.8
sb_0__1_.mem_right_track_30.sky130_fd_sc_hd__dfrtp_1_1_, 28.02, 133.28, 1.8
FILLER_44_76, 40.52, 133.28, 1.8
FILLER_45_79, 40.52, 133.28, 1.8
FILLER_45_86, 40.52, 133.28, 1.8
sb_0__1_.mux_right_track_28.mux_l1_in_1__236, 40.52, 133.28, 1.8
sb_0__1_.mux_right_track_30.mux_l1_in_1_, 40.52, 133.28, 1.8
FILLER_44_90, 53.02, 133.28, 1.8
FILLER_45_105, 53.02, 133.28, 1.8
sb_0__1_.mem_right_track_26.sky130_fd_sc_hd__dfrtp_1_0_, 53.02, 133.28, 1.8
sb_0__1_.mux_right_track_26.mux_l1_in_1_, 53.02, 133.28, 1.8
sb_0__1_.mux_right_track_28.mux_l2_in_0_, 53.02, 133.28, 1.8
FILLER_45_169, 78.02, 133.28, 1.8
FILLER_46_166, 78.02, 133.28, 1.8
sb_0__1_.mem_bottom_track_11.sky130_fd_sc_hd__dfrtp_1_1_, 78.02, 133.28, 1.8
sb_0__1_.mux_bottom_track_29.mux_l3_in_0_, 78.02, 133.28, 1.8
sb_0__1_.mux_right_track_24.mux_l1_in_0_, 78.02, 133.28, 1.8
FILLER_46_192, 90.52, 133.28, 1.8
sb_0__1_.mem_bottom_track_13.sky130_fd_sc_hd__dfrtp_1_1_, 90.52, 133.28, 1.8
sb_0__1_.mux_bottom_track_3.mux_l1_in_0_, 90.52, 133.28, 1.8
FILLER_45_218, 103.02, 133.28, 1.8
FILLER_45_225, 103.02, 133.28, 1.8
FILLER_46_221, 103.02, 133.28, 1.8
sb_0__1_.mux_bottom_track_21.mux_l1_in_2_, 103.02, 133.28, 1.8
FILLER_45_250, 122.39, 133.28, 1.8
FILLER_45_259, 122.39, 133.28, 1.8
FILLER_46_259, 122.39, 133.28, 1.8
_134_, 122.39, 133.28, 1.8
_135_, 122.39, 133.28, 1.8
input26, 122.39, 133.28, 1.8
PHY_84, 5.52, 127.84, 1.8
PHY_86, 5.52, 127.84, 1.8
FILLER_43_262, 129.26, 127.84, 1.8
PHY_85, 129.26, 127.84, 1.8
PHY_87, 129.26, 127.84, 1.8
FILLER_44_52, 28.02, 127.84, 1.8
sb_0__1_.mem_right_track_32.sky130_fd_sc_hd__dfrtp_1_0_, 28.02, 127.84, 1.8
sb_0__1_.mux_right_track_28.mux_l1_in_1_, 40.52, 127.84, 1.8
sb_0__1_.mux_right_track_30.mux_l1_in_1__237, 40.52, 127.84, 1.8
FILLER_42_90, 53.02, 127.84, 1.8
FILLER_42_98, 53.02, 127.84, 1.8
FILLER_43_105, 53.02, 127.84, 1.8
FILLER_43_113, 53.02, 127.84, 1.8
FILLER_43_90, 53.02, 127.84, 1.8
sb_0__1_.mem_right_track_24.sky130_fd_sc_hd__dfrtp_1_1_, 53.02, 127.84, 1.8
sb_0__1_.mux_bottom_track_53.sky130_fd_sc_hd__buf_4_0_, 53.02, 127.84, 1.8
sb_0__1_.mux_right_track_30.mux_l2_in_0_, 53.02, 127.84, 1.8
ANTENNA_1, 78.02, 127.84, 1.8
FILLER_42_149, 78.02, 127.84, 1.8
FILLER_43_148, 78.02, 127.84, 1.8
FILLER_43_153, 78.02, 127.84, 1.8
FILLER_43_169, 78.02, 127.84, 1.8
sb_0__1_.mux_bottom_track_1.mux_l2_in_0_, 78.02, 127.84, 1.8
sb_0__1_.mux_bottom_track_11.mux_l1_in_2_, 78.02, 127.84, 1.8
FILLER_43_186, 90.52, 127.84, 1.8
FILLER_44_189, 90.52, 127.84, 1.8
FILLER_44_197, 90.52, 127.84, 1.8
sb_0__1_.mux_bottom_track_13.mux_l1_in_2_, 90.52, 127.84, 1.8
sb_0__1_.mux_bottom_track_7.mux_l2_in_0_, 90.52, 127.84, 1.8
FILLER_42_202, 103.02, 127.84, 1.8
FILLER_43_204, 103.02, 127.84, 1.8
FILLER_43_211, 103.02, 127.84, 1.8
FILLER_44_212, 103.02, 127.84, 1.8
input3, 103.02, 127.84, 1.8
sb_0__1_.mem_bottom_track_13.sky130_fd_sc_hd__dfrtp_1_2_, 103.02, 127.84, 1.8
sb_0__1_.mem_bottom_track_21.sky130_fd_sc_hd__dfrtp_1_0_, 103.02, 127.84, 1.8
sb_0__1_.mux_bottom_track_13.mux_l2_in_1__271, 103.02, 127.84, 1.8
sb_0__1_.mux_right_track_22.sky130_fd_sc_hd__buf_4_0_, 103.02, 127.84, 1.8
FILLER_43_254, 122.39, 127.84, 1.8
FILLER_44_259, 122.39, 127.84, 1.8
_130_, 122.39, 127.84, 1.8
_131_, 122.39, 127.84, 1.8
_132_, 122.39, 127.84, 1.8
FILLER_41_3, 5.52, 122.4, 1.8
PHY_80, 5.52, 122.4, 1.8
PHY_82, 5.52, 122.4, 1.8
_204_, 5.52, 122.4, 1.8
output209, 5.52, 122.4, 1.8
PHY_81, 129.26, 122.4, 1.8
PHY_83, 129.26, 122.4, 1.8
FILLER_41_53, 28.02, 122.4, 1.8
FILLER_41_57, 28.02, 122.4, 1.8
FILLER_42_49, 28.02, 122.4, 1.8
sb_0__1_.mem_right_track_32.sky130_fd_sc_hd__dfrtp_1_1_, 28.02, 122.4, 1.8
FILLER_40_70, 40.52, 122.4, 1.8
FILLER_41_70, 40.52, 122.4, 1.8
FILLER_42_78, 40.52, 122.4, 1.8
cby_0__1_.cby_0__1_.mux_right_ipin_3.mux_l2_in_3__268, 40.52, 122.4, 1.8
sb_0__1_.mem_right_track_34.sky130_fd_sc_hd__dfrtp_1_0_, 40.52, 122.4, 1.8
sb_0__1_.mux_right_track_32.mux_l1_in_1_, 40.52, 122.4, 1.8
sb_0__1_.mux_right_track_32.mux_l1_in_1__238, 40.52, 122.4, 1.8
FILLER_41_94, 53.02, 122.4, 1.8
sb_0__1_.mux_right_track_32.mux_l2_in_0_, 53.02, 122.4, 1.8
sb_0__1_.mux_right_track_36.mux_l1_in_0_, 53.02, 122.4, 1.8
FILLER_40_152, 78.02, 122.4, 1.8
FILLER_42_161, 78.02, 122.4, 1.8
sb_0__1_.mem_bottom_track_11.sky130_fd_sc_hd__dfrtp_1_2_, 78.02, 122.4, 1.8
sb_0__1_.mem_bottom_track_13.sky130_fd_sc_hd__dfrtp_1_0_, 78.02, 122.4, 1.8
sb_0__1_.mux_bottom_track_11.mux_l2_in_1_, 78.02, 122.4, 1.8
FILLER_40_177, 90.52, 122.4, 1.8
FILLER_41_192, 90.52, 122.4, 1.8
FILLER_42_192, 90.52, 122.4, 1.8
sb_0__1_.mux_bottom_track_13.mux_l2_in_1_, 90.52, 122.4, 1.8
sb_0__1_.mux_bottom_track_3.mux_l2_in_0_, 90.52, 122.4, 1.8
sb_0__1_.mux_bottom_track_7.mux_l1_in_2_, 90.52, 122.4, 1.8
FILLER_40_208, 103.02, 122.4, 1.8
FILLER_41_217, 103.02, 122.4, 1.8
FILLER_41_225, 103.02, 122.4, 1.8
sb_0__1_.mux_bottom_track_13.mux_l3_in_0_, 103.02, 122.4, 1.8
FILLER_40_253, 122.39, 122.4, 1.8
FILLER_41_261, 122.39, 122.4, 1.8
FILLER_42_258, 122.39, 122.4, 1.8
_137_, 122.39, 122.4, 1.8
FILLER_39_3, 5.52, 116.96, 1.8
PHY_76, 5.52, 116.96, 1.8
PHY_78, 5.52, 116.96, 1.8
cby_0__1_.grid_io_left_left_0__1_.logical_tile_io_mode_io__1.logical_tile_io_mode_physical__iopad_0.io_sky130_fd_sc_hd__dfrtp_1_mem.sky130_fd_sc_hd__dfrtp_1_0_, 5.52, 116.96, 1.8
PHY_77, 129.26, 116.96, 1.8
PHY_79, 129.26, 116.96, 1.8
cby_0__1_.cby_0__1_.mem_right_ipin_3.sky130_fd_sc_hd__dfrtp_1_2_, 28.02, 116.96, 1.8
FILLER_39_69, 40.52, 116.96, 1.8
FILLER_39_77, 40.52, 116.96, 1.8
FILLER_39_89, 40.52, 116.96, 1.8
cby_0__1_.cby_0__1_.mux_right_ipin_3.mux_l2_in_3_, 40.52, 116.96, 1.8
sb_0__1_.mem_right_track_34.sky130_fd_sc_hd__dfrtp_1_1_, 40.52, 116.96, 1.8
FILLER_38_100, 53.02, 116.96, 1.8
FILLER_39_102, 53.02, 116.96, 1.8
FILLER_39_109, 53.02, 116.96, 1.8
FILLER_39_113, 53.02, 116.96, 1.8
FILLER_40_107, 53.02, 116.96, 1.8
cby_0__1_.cby_0__1_.mux_right_ipin_0.mux_l2_in_3_, 53.02, 116.96, 1.8
cby_0__1_.cby_0__1_.mux_right_ipin_3.mux_l1_in_3_, 53.02, 116.96, 1.8
sb_0__1_.mux_right_track_34.mux_l1_in_1_, 53.02, 116.96, 1.8
sb_0__1_.mux_right_track_34.mux_l1_in_1__239, 53.02, 116.96, 1.8
FILLER_38_153, 78.02, 116.96, 1.8
FILLER_39_163, 78.02, 116.96, 1.8
FILLER_38_181, 90.52, 116.96, 1.8
FILLER_40_190, 90.52, 116.96, 1.8
sb_0__1_.mux_bottom_track_7.mux_l1_in_3_, 90.52, 116.96, 1.8
FILLER_38_209, 103.02, 116.96, 1.8
FILLER_39_217, 103.02, 116.96, 1.8
FILLER_39_225, 103.02, 116.96, 1.8
FILLER_40_221, 103.02, 116.96, 1.8
sb_0__1_.mux_bottom_track_5.mux_l1_in_2_, 103.02, 116.96, 1.8
input14, 122.39, 116.96, 1.8
output135, 122.39, 116.96, 1.8
FILLER_37_3, 5.52, 111.52, 1.8
PHY_72, 5.52, 111.52, 1.8
PHY_74, 5.52, 111.52, 1.8
_203_, 5.52, 111.52, 1.8
output208, 5.52, 111.52, 1.8
PHY_73, 129.26, 111.52, 1.8
PHY_75, 129.26, 111.52, 1.8
cby_0__1_.cby_0__1_.mux_right_ipin_3.mux_l4_in_0_, 28.02, 111.52, 1.8
FILLER_36_63, 40.52, 111.52, 1.8
FILLER_36_76, 40.52, 111.52, 1.8
FILLER_37_80, 40.52, 111.52, 1.8
FILLER_38_80, 40.52, 111.52, 1.8
FILLER_38_85, 40.52, 111.52, 1.8
cby_0__1_.cby_0__1_.mux_right_ipin_0.mux_l3_in_1_, 40.52, 111.52, 1.8
clkbuf_4_2_0_prog_clk, 40.52, 111.52, 1.8
sb_0__1_.mem_right_track_36.sky130_fd_sc_hd__dfrtp_1_0_, 40.52, 111.52, 1.8
FILLER_36_97, 53.02, 111.52, 1.8
FILLER_37_104, 53.02, 111.52, 1.8
FILLER_37_113, 53.02, 111.52, 1.8
cby_0__1_.cby_0__1_.mux_right_ipin_0.mux_l2_in_3__265, 53.02, 111.52, 1.8
clkbuf_4_3_0_prog_clk, 53.02, 111.52, 1.8
FILLER_36_152, 78.02, 111.52, 1.8
FILLER_37_153, 78.02, 111.52, 1.8
FILLER_37_160, 78.02, 111.52, 1.8
FILLER_38_167, 78.02, 111.52, 1.8
sb_0__1_.mem_bottom_track_3.sky130_fd_sc_hd__dfrtp_1_1_, 78.02, 111.52, 1.8
sb_0__1_.mux_bottom_track_11.mux_l3_in_0_, 78.02, 111.52, 1.8
sb_0__1_.mux_right_track_28.sky130_fd_sc_hd__buf_4_0_, 78.02, 111.52, 1.8
FILLER_36_178, 90.52, 111.52, 1.8
FILLER_37_191, 90.52, 111.52, 1.8
FILLER_38_188, 90.52, 111.52, 1.8
sb_0__1_.mem_bottom_track_11.sky130_fd_sc_hd__dfrtp_1_0_, 90.52, 111.52, 1.8
sb_0__1_.mux_right_track_26.sky130_fd_sc_hd__buf_4_0_, 90.52, 111.52, 1.8
FILLER_37_218, 103.02, 111.52, 1.8
FILLER_37_225, 103.02, 111.52, 1.8
FILLER_38_217, 103.02, 111.52, 1.8
sb_0__1_.mem_bottom_track_7.sky130_fd_sc_hd__dfrtp_1_1_, 103.02, 111.52, 1.8
sb_0__1_.mux_bottom_track_21.mux_l3_in_0_, 103.02, 111.52, 1.8
sb_0__1_.mux_bottom_track_5.mux_l2_in_1__222, 103.02, 111.52, 1.8
FILLER_37_258, 122.39, 111.52, 1.8
FILLER_36_3, 5.52, 106.08, 1.8
PHY_68, 5.52, 106.08, 1.8
PHY_70, 5.52, 106.08, 1.8
_201_, 5.52, 106.08, 1.8
PHY_69, 129.26, 106.08, 1.8
PHY_71, 129.26, 106.08, 1.8
cby_0__1_.cby_0__1_.mux_right_ipin_0.mux_l4_in_0_, 28.02, 106.08, 1.8
cby_0__1_.cby_0__1_.mux_right_ipin_3.mux_l3_in_1_, 28.02, 106.08, 1.8
cby_0__1_.grid_io_left_left_0__1_.logical_tile_io_mode_io__2.logical_tile_io_mode_physical__iopad_0.io_0_.ISOL_EN_GATE, 28.02, 106.08, 1.8
FILLER_34_63, 40.52, 106.08, 1.8
FILLER_35_68, 40.52, 106.08, 1.8
cby_0__1_.cby_0__1_.mux_right_ipin_3.mux_l2_in_2_, 40.52, 106.08, 1.8
cby_0__1_.cby_0__1_.mux_right_ipin_3.mux_l3_in_0_, 40.52, 106.08, 1.8
FILLER_34_97, 53.02, 106.08, 1.8
FILLER_35_105, 53.02, 106.08, 1.8
FILLER_35_93, 53.02, 106.08, 1.8
FILLER_36_114, 53.02, 106.08, 1.8
cby_0__1_.cby_0__1_.mux_right_ipin_2.mux_l1_in_4_, 53.02, 106.08, 1.8
cby_0__1_.cby_0__1_.mux_right_ipin_3.mux_l2_in_1_, 53.02, 106.08, 1.8
FILLER_35_148, 78.02, 106.08, 1.8
FILLER_35_159, 78.02, 106.08, 1.8
FILLER_35_169, 78.02, 106.08, 1.8
sb_0__1_.mem_bottom_track_3.sky130_fd_sc_hd__dfrtp_1_0_, 78.02, 106.08, 1.8
sb_0__1_.mux_right_track_30.sky130_fd_sc_hd__buf_4_0_, 78.02, 106.08, 1.8
FILLER_35_179, 90.52, 106.08, 1.8
FILLER_35_196, 90.52, 106.08, 1.8
FILLER_36_197, 90.52, 106.08, 1.8
clkbuf_4_6_0_prog_clk, 90.52, 106.08, 1.8
sb_0__1_.mux_bottom_track_7.mux_l1_in_3__224, 90.52, 106.08, 1.8
sb_0__1_.mux_bottom_track_7.mux_l2_in_1_, 90.52, 106.08, 1.8
FILLER_34_202, 103.02, 106.08, 1.8
FILLER_35_221, 103.02, 106.08, 1.8
FILLER_35_225, 103.02, 106.08, 1.8
sb_0__1_.mem_bottom_track_7.sky130_fd_sc_hd__dfrtp_1_2_, 103.02, 106.08, 1.8
sb_0__1_.mux_right_track_24.sky130_fd_sc_hd__buf_4_0_, 103.02, 106.08, 1.8
FILLER_35_257, 122.39, 106.08, 1.8
PHY_64, 5.52, 100.64, 1.8
PHY_66, 5.52, 100.64, 1.8
output207, 5.52, 100.64, 1.8
FILLER_33_262, 129.26, 100.64, 1.8
PHY_65, 129.26, 100.64, 1.8
PHY_67, 129.26, 100.64, 1.8
FILLER_33_45, 28.02, 100.64, 1.8
FILLER_33_53, 28.02, 100.64, 1.8
FILLER_33_57, 28.02, 100.64, 1.8
FILLER_33_65, 40.52, 100.64, 1.8
FILLER_33_77, 40.52, 100.64, 1.8
FILLER_34_80, 40.52, 100.64, 1.8
cby_0__1_.cby_0__1_.mem_right_ipin_3.sky130_fd_sc_hd__dfrtp_1_1_, 40.52, 100.64, 1.8
cby_0__1_.cby_0__1_.mux_right_ipin_0.mux_l2_in_2_, 40.52, 100.64, 1.8
FILLER_33_102, 53.02, 100.64, 1.8
FILLER_34_109, 53.02, 100.64, 1.8
cby_0__1_.cby_0__1_.mux_right_ipin_0.mux_l2_in_1_, 53.02, 100.64, 1.8
cby_0__1_.cby_0__1_.mux_right_ipin_1.mux_l2_in_3__266, 53.02, 100.64, 1.8
FILLER_32_153, 78.02, 100.64, 1.8
FILLER_33_153, 78.02, 100.64, 1.8
FILLER_33_160, 78.02, 100.64, 1.8
FILLER_34_163, 78.02, 100.64, 1.8
sb_0__1_.mux_bottom_track_29.sky130_fd_sc_hd__buf_4_0_, 78.02, 100.64, 1.8
sb_0__1_.mux_bottom_track_3.mux_l2_in_1_, 78.02, 100.64, 1.8
sb_0__1_.mux_bottom_track_3.mux_l2_in_1__219, 78.02, 100.64, 1.8
FILLER_32_179, 90.52, 100.64, 1.8
_150_, 90.52, 100.64, 1.8
sb_0__1_.mem_bottom_track_3.sky130_fd_sc_hd__dfrtp_1_2_, 90.52, 100.64, 1.8
sb_0__1_.mux_bottom_track_3.mux_l3_in_0_, 90.52, 100.64, 1.8
sb_0__1_.mux_bottom_track_7.mux_l3_in_0_, 90.52, 100.64, 1.8
FILLER_32_209, 103.02, 100.64, 1.8
FILLER_33_212, 103.02, 100.64, 1.8
_124_, 103.02, 100.64, 1.8
_126_, 103.02, 100.64, 1.8
sb_0__1_.mem_bottom_track_5.sky130_fd_sc_hd__dfrtp_1_0_, 103.02, 100.64, 1.8
FILLER_32_3, 5.52, 95.2, 1.8
PHY_60, 5.52, 95.2, 1.8
PHY_62, 5.52, 95.2, 1.8
_200_, 5.52, 95.2, 1.8
PHY_61, 129.26, 95.2, 1.8
PHY_63, 129.26, 95.2, 1.8
FILLER_32_55, 28.02, 95.2, 1.8
cby_0__1_.cby_0__1_.mem_right_ipin_0.sky130_fd_sc_hd__dfrtp_1_2_, 28.02, 95.2, 1.8
cby_0__1_.cby_0__1_.mem_right_ipin_1.sky130_fd_sc_hd__dfrtp_1_0_, 28.02, 95.2, 1.8
cby_0__1_.cby_0__1_.mux_right_ipin_1.sky130_fd_sc_hd__buf_4_0_, 28.02, 95.2, 1.8
FILLER_31_69, 40.52, 95.2, 1.8
cby_0__1_.cby_0__1_.mux_right_ipin_0.mux_l3_in_0_, 40.52, 95.2, 1.8
cby_0__1_.cby_0__1_.mux_right_ipin_2.mux_l2_in_2_, 40.52, 95.2, 1.8
FILLER_30_97, 53.02, 95.2, 1.8
FILLER_31_97, 53.02, 95.2, 1.8
FILLER_32_108, 53.02, 95.2, 1.8
cby_0__1_.cby_0__1_.mux_right_ipin_1.mux_l2_in_3_, 53.02, 95.2, 1.8
cby_0__1_.cby_0__1_.mux_right_ipin_3.mux_l2_in_0_, 53.02, 95.2, 1.8
FILLER_31_163, 78.02, 95.2, 1.8
FILLER_31_169, 78.02, 95.2, 1.8
FILLER_32_165, 78.02, 95.2, 1.8
sb_0__1_.mux_right_track_32.sky130_fd_sc_hd__buf_4_0_, 78.02, 95.2, 1.8
FILLER_31_178, 90.52, 95.2, 1.8
FILLER_31_185, 90.52, 95.2, 1.8
FILLER_31_192, 90.52, 95.2, 1.8
FILLER_32_192, 90.52, 95.2, 1.8
FILLER_32_197, 90.52, 95.2, 1.8
_123_, 90.52, 95.2, 1.8
_151_, 90.52, 95.2, 1.8
sb_0__1_.mux_bottom_track_13.sky130_fd_sc_hd__buf_4_0_, 90.52, 95.2, 1.8
sb_0__1_.mux_right_track_34.sky130_fd_sc_hd__buf_4_0_, 90.52, 95.2, 1.8
sb_0__1_.mux_right_track_46.mux_l1_in_0_, 90.52, 95.2, 1.8
FILLER_30_208, 103.02, 95.2, 1.8
FILLER_31_202, 103.02, 95.2, 1.8
FILLER_31_225, 103.02, 95.2, 1.8
FILLER_32_224, 103.02, 95.2, 1.8
clkbuf_4_7_0_prog_clk, 103.02, 95.2, 1.8
output127, 103.02, 95.2, 1.8
sb_0__1_.mux_right_track_48.mux_l1_in_0_, 103.02, 95.2, 1.8
FILLER_30_249, 122.39, 95.2, 1.8
output130, 122.39, 95.2, 1.8
FILLER_30_3, 5.52, 89.76, 1.8
PHY_56, 5.52, 89.76, 1.8
PHY_58, 5.52, 89.76, 1.8
_199_, 5.52, 89.76, 1.8
output206, 5.52, 89.76, 1.8
FILLER_29_263, 129.26, 89.76, 1.8
PHY_57, 129.26, 89.76, 1.8
PHY_59, 129.26, 89.76, 1.8
FILLER_28_37, 28.02, 89.76, 1.8
FILLER_29_45, 28.02, 89.76, 1.8
FILLER_29_53, 28.02, 89.76, 1.8
FILLER_29_57, 28.02, 89.76, 1.8
cby_0__1_.cby_0__1_.mem_right_ipin_2.sky130_fd_sc_hd__dfrtp_1_3_, 28.02, 89.76, 1.8
FILLER_28_68, 40.52, 89.76, 1.8
FILLER_29_83, 40.52, 89.76, 1.8
FILLER_30_79, 40.52, 89.76, 1.8
cby_0__1_.cby_0__1_.mem_right_ipin_0.sky130_fd_sc_hd__dfrtp_1_1_, 40.52, 89.76, 1.8
clkbuf_4_0_0_prog_clk, 40.52, 89.76, 1.8
sb_0__1_.mem_right_track_36.sky130_fd_sc_hd__dfrtp_1_1_, 40.52, 89.76, 1.8
FILLER_28_93, 53.02, 89.76, 1.8
FILLER_29_113, 53.02, 89.76, 1.8
cby_0__1_.cby_0__1_.mux_right_ipin_0.mux_l1_in_4_, 53.02, 89.76, 1.8
clkbuf_4_1_0_prog_clk, 53.02, 89.76, 1.8
FILLER_28_152, 78.02, 89.76, 1.8
FILLER_29_157, 78.02, 89.76, 1.8
FILLER_29_165, 78.02, 89.76, 1.8
FILLER_30_171, 78.02, 89.76, 1.8
sb_0__1_.mux_bottom_track_7.sky130_fd_sc_hd__buf_4_0_, 78.02, 89.76, 1.8
FILLER_28_182, 90.52, 89.76, 1.8
FILLER_29_181, 90.52, 89.76, 1.8
FILLER_29_195, 90.52, 89.76, 1.8
clkbuf_4_4_0_prog_clk, 90.52, 89.76, 1.8
FILLER_29_202, 103.02, 89.76, 1.8
FILLER_30_225, 103.02, 89.76, 1.8
output124, 103.02, 89.76, 1.8
sb_0__1_.mem_right_track_46.sky130_fd_sc_hd__dfrtp_1_1_, 103.02, 89.76, 1.8
sb_0__1_.mux_bottom_track_45.sky130_fd_sc_hd__buf_4_0_, 103.02, 89.76, 1.8
sb_0__1_.mux_right_track_50.mux_l2_in_0_, 103.02, 89.76, 1.8
FILLER_29_255, 122.39, 89.76, 1.8
FILLER_30_259, 122.39, 89.76, 1.8
_125_, 122.39, 89.76, 1.8
PHY_52, 5.52, 84.32, 1.8
PHY_54, 5.52, 84.32, 1.8
PHY_53, 129.26, 84.32, 1.8
PHY_55, 129.26, 84.32, 1.8
FILLER_26_41, 28.02, 84.32, 1.8
FILLER_27_39, 28.02, 84.32, 1.8
FILLER_28_60, 28.02, 84.32, 1.8
cby_0__1_.cby_0__1_.mux_right_ipin_2.mux_l4_in_0_, 28.02, 84.32, 1.8
FILLER_26_72, 40.52, 84.32, 1.8
FILLER_27_78, 40.52, 84.32, 1.8
cby_0__1_.cby_0__1_.mux_right_ipin_2.mux_l3_in_0_, 40.52, 84.32, 1.8
cby_0__1_.grid_io_left_left_0__1_.logical_tile_io_mode_io__3.logical_tile_io_mode_physical__iopad_0.io_0_.ISOL_EN_GATE, 40.52, 84.32, 1.8
sb_0__1_.mux_right_track_36.mux_l2_in_0_, 40.52, 84.32, 1.8
FILLER_26_96, 53.02, 84.32, 1.8
FILLER_27_107, 53.02, 84.32, 1.8
FILLER_27_91, 53.02, 84.32, 1.8
cby_0__1_.cby_0__1_.mux_right_ipin_0.mux_l2_in_0_, 53.02, 84.32, 1.8
cby_0__1_.cby_0__1_.mux_right_ipin_2.mux_l2_in_1_, 53.02, 84.32, 1.8
cby_0__1_.cby_0__1_.mux_right_ipin_3.mux_l1_in_4_, 53.02, 84.32, 1.8
FILLER_26_153, 78.02, 84.32, 1.8
FILLER_27_151, 78.02, 84.32, 1.8
FILLER_27_169, 78.02, 84.32, 1.8
sb_0__1_.mem_bottom_track_1.sky130_fd_sc_hd__dfrtp_1_0_, 78.02, 84.32, 1.8
sb_0__1_.mux_bottom_track_1.sky130_fd_sc_hd__buf_4_0_, 78.02, 84.32, 1.8
sb_0__1_.mux_right_track_44.mux_l1_in_0_, 78.02, 84.32, 1.8
FILLER_27_197, 90.52, 84.32, 1.8
FILLER_28_190, 90.52, 84.32, 1.8
_156_, 90.52, 84.32, 1.8
sb_0__1_.mem_right_track_46.sky130_fd_sc_hd__dfrtp_1_0_, 90.52, 84.32, 1.8
clkbuf_4_5_0_prog_clk, 103.02, 84.32, 1.8
sb_0__1_.mem_right_track_48.sky130_fd_sc_hd__dfrtp_1_0_, 103.02, 84.32, 1.8
FILLER_27_259, 122.39, 84.32, 1.8
FILLER_26_3, 5.52, 78.88, 1.8
PHY_48, 5.52, 78.88, 1.8
PHY_50, 5.52, 78.88, 1.8
output205, 5.52, 78.88, 1.8
PHY_49, 129.26, 78.88, 1.8
PHY_51, 129.26, 78.88, 1.8
FILLER_25_45, 28.02, 78.88, 1.8
FILLER_25_53, 28.02, 78.88, 1.8
FILLER_25_57, 28.02, 78.88, 1.8
cby_0__1_.cby_0__1_.mem_right_ipin_3.sky130_fd_sc_hd__dfrtp_1_0_, 28.02, 78.88, 1.8
FILLER_24_74, 40.52, 78.88, 1.8
FILLER_25_73, 40.52, 78.88, 1.8
cby_0__1_.cby_0__1_.mux_right_ipin_1.mux_l3_in_1_, 40.52, 78.88, 1.8
cby_0__1_.cby_0__1_.mux_right_ipin_2.mux_l2_in_3_, 40.52, 78.88, 1.8
cby_0__1_.cby_0__1_.mux_right_ipin_2.mux_l2_in_3__267, 40.52, 78.88, 1.8
cby_0__1_.cby_0__1_.mux_right_ipin_2.mux_l3_in_1_, 40.52, 78.88, 1.8
FILLER_25_92, 53.02, 78.88, 1.8
FILLER_26_109, 53.02, 78.88, 1.8
cby_0__1_.cby_0__1_.mux_right_ipin_1.mux_l3_in_0_, 53.02, 78.88, 1.8
cby_0__1_.grid_io_left_left_0__1_.logical_tile_io_mode_io__3.logical_tile_io_mode_physical__iopad_0.io_sky130_fd_sc_hd__dfrtp_1_mem.sky130_fd_sc_hd__dfrtp_1_0_, 53.02, 78.88, 1.8
FILLER_25_158, 78.02, 78.88, 1.8
_144_, 78.02, 78.88, 1.8
cby_0__1_.cby_0__1_.mux_right_ipin_1.mux_l1_in_1_, 78.02, 78.88, 1.8
sb_0__1_.mem_right_track_44.sky130_fd_sc_hd__dfrtp_1_1_, 78.02, 78.88, 1.8
sb_0__1_.mux_bottom_track_11.sky130_fd_sc_hd__buf_4_0_, 78.02, 78.88, 1.8
FILLER_25_191, 90.52, 78.88, 1.8
FILLER_26_186, 90.52, 78.88, 1.8
sb_0__1_.mux_right_track_50.mux_l1_in_1__247, 90.52, 78.88, 1.8
FILLER_24_208, 103.02, 78.88, 1.8
FILLER_25_201, 103.02, 78.88, 1.8
FILLER_25_214, 103.02, 78.88, 1.8
FILLER_26_221, 103.02, 78.88, 1.8
_120_, 103.02, 78.88, 1.8
_121_, 103.02, 78.88, 1.8
sb_0__1_.mux_right_track_46.mux_l2_in_0_, 103.02, 78.88, 1.8
sb_0__1_.mux_right_track_52.mux_l1_in_0_, 103.02, 78.88, 1.8
FILLER_25_247, 122.39, 78.88, 1.8
sb_0__1_.mux_right_track_48.mux_l2_in_0__246, 122.39, 78.88, 1.8
PHY_44, 5.52, 73.44, 1.8
PHY_46, 5.52, 73.44, 1.8
PHY_45, 129.26, 73.44, 1.8
PHY_47, 129.26, 73.44, 1.8
FILLER_23_51, 28.02, 73.44, 1.8
cby_0__1_.cby_0__1_.mem_right_ipin_2.sky130_fd_sc_hd__dfrtp_1_2_, 28.02, 73.44, 1.8
FILLER_23_79, 40.52, 73.44, 1.8
cby_0__1_.cby_0__1_.mem_right_ipin_1.sky130_fd_sc_hd__dfrtp_1_2_, 40.52, 73.44, 1.8
cby_0__1_.cby_0__1_.mux_right_ipin_1.mux_l4_in_0_, 40.52, 73.44, 1.8
FILLER_22_97, 53.02, 73.44, 1.8
FILLER_23_103, 53.02, 73.44, 1.8
FILLER_23_113, 53.02, 73.44, 1.8
cby_0__1_.cby_0__1_.mem_right_ipin_2.sky130_fd_sc_hd__dfrtp_1_1_, 53.02, 73.44, 1.8
FILLER_23_163, 78.02, 73.44, 1.8
FILLER_23_169, 78.02, 73.44, 1.8
FILLER_24_159, 78.02, 73.44, 1.8
_152_, 78.02, 73.44, 1.8
sb_0__1_.mem_right_track_44.sky130_fd_sc_hd__dfrtp_1_0_, 78.02, 73.44, 1.8
FILLER_22_179, 90.52, 73.44, 1.8
FILLER_23_182, 90.52, 73.44, 1.8
FILLER_23_193, 90.52, 73.44, 1.8
_155_, 90.52, 73.44, 1.8
sb_0__1_.mux_bottom_track_3.sky130_fd_sc_hd__buf_4_0_, 90.52, 73.44, 1.8
sb_0__1_.mux_right_track_44.mux_l2_in_0_, 90.52, 73.44, 1.8
sb_0__1_.mux_right_track_44.mux_l2_in_0__244, 90.52, 73.44, 1.8
sb_0__1_.mux_right_track_50.mux_l1_in_1_, 90.52, 73.44, 1.8
sb_0__1_.mux_right_track_56.mux_l1_in_0_, 90.52, 73.44, 1.8
FILLER_23_206, 103.02, 73.44, 1.8
FILLER_23_217, 103.02, 73.44, 1.8
FILLER_23_225, 103.02, 73.44, 1.8
FILLER_24_215, 103.02, 73.44, 1.8
sb_0__1_.mux_bottom_track_21.sky130_fd_sc_hd__buf_4_0_, 103.02, 73.44, 1.8
sb_0__1_.mux_bottom_track_5.sky130_fd_sc_hd__buf_4_0_, 103.02, 73.44, 1.8
sb_0__1_.mux_right_track_46.mux_l2_in_0__245, 103.02, 73.44, 1.8
sb_0__1_.mux_right_track_48.mux_l2_in_0_, 103.02, 73.44, 1.8
output122, 122.39, 73.44, 1.8
PHY_40, 5.52, 68, 1.8
PHY_42, 5.52, 68, 1.8
output204, 5.52, 68, 1.8
PHY_41, 129.26, 68, 1.8
PHY_43, 129.26, 68, 1.8
FILLER_21_45, 28.02, 68, 1.8
FILLER_21_53, 28.02, 68, 1.8
FILLER_22_53, 28.02, 68, 1.8
cby_0__1_.cby_0__1_.mem_right_ipin_1.sky130_fd_sc_hd__dfrtp_1_3_, 28.02, 68, 1.8
FILLER_21_81, 40.52, 68, 1.8
FILLER_22_85, 40.52, 68, 1.8
cby_0__1_.cby_0__1_.mem_right_ipin_2.sky130_fd_sc_hd__dfrtp_1_0_, 40.52, 68, 1.8
cby_0__1_.cby_0__1_.mux_right_ipin_1.mux_l2_in_2_, 40.52, 68, 1.8
FILLER_21_107, 53.02, 68, 1.8
FILLER_21_148, 78.02, 68, 1.8
FILLER_21_157, 78.02, 68, 1.8
FILLER_21_165, 78.02, 68, 1.8
FILLER_22_171, 78.02, 68, 1.8
_147_, 78.02, 68, 1.8
_148_, 78.02, 68, 1.8
sb_0__1_.mem_right_track_56.sky130_fd_sc_hd__dfrtp_1_1_, 78.02, 68, 1.8
FILLER_21_191, 90.52, 68, 1.8
FILLER_21_198, 90.52, 68, 1.8
FILLER_22_187, 90.52, 68, 1.8
sb_0__1_.mux_right_track_56.mux_l2_in_0__250, 90.52, 68, 1.8
FILLER_20_205, 103.02, 68, 1.8
FILLER_21_207, 103.02, 68, 1.8
_159_, 103.02, 68, 1.8
_160_, 103.02, 68, 1.8
sb_0__1_.mux_right_track_52.mux_l2_in_0_, 103.02, 68, 1.8
FILLER_20_249, 122.39, 68, 1.8
output120, 122.39, 68, 1.8
PHY_36, 5.52, 62.56, 1.8
PHY_38, 5.52, 62.56, 1.8
PHY_37, 129.26, 62.56, 1.8
PHY_39, 129.26, 62.56, 1.8
FILLER_19_51, 28.02, 62.56, 1.8
FILLER_20_53, 28.02, 62.56, 1.8
sb_0__1_.mem_right_track_36.sky130_fd_sc_hd__dfrtp_1_2_, 28.02, 62.56, 1.8
FILLER_19_81, 40.52, 62.56, 1.8
sb_0__1_.mux_right_track_36.mux_l3_in_0_, 40.52, 62.56, 1.8
FILLER_19_106, 53.02, 62.56, 1.8
FILLER_19_113, 53.02, 62.56, 1.8
FILLER_20_109, 53.02, 62.56, 1.8
cby_0__1_.cby_0__1_.mux_right_ipin_2.mux_l2_in_0_, 53.02, 62.56, 1.8
sb_0__1_.mem_right_track_38.sky130_fd_sc_hd__dfrtp_1_0_, 53.02, 62.56, 1.8
FILLER_18_152, 78.02, 62.56, 1.8
FILLER_19_163, 78.02, 62.56, 1.8
FILLER_20_165, 78.02, 62.56, 1.8
_146_, 78.02, 62.56, 1.8
sb_0__1_.mux_right_track_40.mux_l2_in_0_, 78.02, 62.56, 1.8
sb_0__1_.mux_right_track_40.mux_l2_in_0__243, 78.02, 62.56, 1.8
FILLER_18_179, 90.52, 62.56, 1.8
FILLER_19_180, 90.52, 62.56, 1.8
FILLER_19_193, 90.52, 62.56, 1.8
FILLER_20_197, 90.52, 62.56, 1.8
_154_, 90.52, 62.56, 1.8
sb_0__1_.mux_right_track_54.mux_l1_in_0_, 90.52, 62.56, 1.8
sb_0__1_.mux_right_track_56.mux_l2_in_0_, 90.52, 62.56, 1.8
FILLER_19_225, 103.02, 62.56, 1.8
_158_, 103.02, 62.56, 1.8
sb_0__1_.mem_right_track_52.sky130_fd_sc_hd__dfrtp_1_1_, 103.02, 62.56, 1.8
sb_0__1_.mem_right_track_54.sky130_fd_sc_hd__dfrtp_1_0_, 103.02, 62.56, 1.8
output118, 122.39, 62.56, 1.8
PHY_32, 5.52, 57.12, 1.8
PHY_34, 5.52, 57.12, 1.8
PHY_33, 129.26, 57.12, 1.8
PHY_35, 129.26, 57.12, 1.8
FILLER_17_51, 28.02, 57.12, 1.8
FILLER_18_77, 40.52, 57.12, 1.8
FILLER_18_85, 40.52, 57.12, 1.8
FILLER_17_105, 53.02, 57.12, 1.8
FILLER_16_152, 78.02, 57.12, 1.8
FILLER_17_145, 78.02, 57.12, 1.8
FILLER_17_159, 78.02, 57.12, 1.8
FILLER_17_169, 78.02, 57.12, 1.8
FILLER_18_160, 78.02, 57.12, 1.8
cby_0__1_.cby_0__1_.mux_right_ipin_1.mux_l1_in_0_, 78.02, 57.12, 1.8
cby_0__1_.cby_0__1_.mux_right_ipin_2.mux_l1_in_0_, 78.02, 57.12, 1.8
sb_0__1_.mux_right_track_36.sky130_fd_sc_hd__buf_4_0_, 78.02, 57.12, 1.8
sb_0__1_.mux_right_track_38.mux_l2_in_0__241, 78.02, 57.12, 1.8
FILLER_16_177, 90.52, 57.12, 1.8
FILLER_17_195, 90.52, 57.12, 1.8
FILLER_18_186, 90.52, 57.12, 1.8
sb_0__1_.mem_right_track_56.sky130_fd_sc_hd__dfrtp_1_0_, 90.52, 57.12, 1.8
FILLER_16_208, 103.02, 57.12, 1.8
FILLER_17_204, 103.02, 57.12, 1.8
FILLER_17_225, 103.02, 57.12, 1.8
_119_, 103.02, 57.12, 1.8
_163_, 103.02, 57.12, 1.8
sb_0__1_.mux_right_track_40.sky130_fd_sc_hd__buf_4_0_, 103.02, 57.12, 1.8
sb_0__1_.mux_right_track_54.mux_l2_in_0_, 103.02, 57.12, 1.8
FILLER_18_258, 122.39, 57.12, 1.8
_114_, 122.39, 57.12, 1.8
_115_, 122.39, 57.12, 1.8
output117, 122.39, 57.12, 1.8
PHY_28, 5.52, 51.68, 1.8
PHY_30, 5.52, 51.68, 1.8
PHY_29, 129.26, 51.68, 1.8
PHY_31, 129.26, 51.68, 1.8
FILLER_15_51, 28.02, 51.68, 1.8
FILLER_16_77, 40.52, 51.68, 1.8
FILLER_15_105, 53.02, 51.68, 1.8
sb_0__1_.mem_right_track_38.sky130_fd_sc_hd__dfrtp_1_1_, 53.02, 51.68, 1.8
FILLER_15_161, 78.02, 51.68, 1.8
FILLER_15_181, 90.52, 51.68, 1.8
FILLER_16_188, 90.52, 51.68, 1.8
sb_0__1_.mem_right_track_54.sky130_fd_sc_hd__dfrtp_1_1_, 90.52, 51.68, 1.8
sb_0__1_.mux_right_track_38.sky130_fd_sc_hd__buf_4_0_, 90.52, 51.68, 1.8
FILLER_15_220, 103.02, 51.68, 1.8
sb_0__1_.mux_right_track_54.mux_l2_in_0__249, 103.02, 51.68, 1.8
sb_0__1_.mux_right_track_56.sky130_fd_sc_hd__buf_4_0_, 103.02, 51.68, 1.8
FILLER_16_259, 122.39, 51.68, 1.8
_112_, 122.39, 51.68, 1.8
output143, 122.39, 51.68, 1.8
PHY_24, 5.52, 46.24, 1.8
PHY_26, 5.52, 46.24, 1.8
PHY_25, 129.26, 46.24, 1.8
PHY_27, 129.26, 46.24, 1.8
sb_0__1_.mux_right_track_36.mux_l2_in_1_, 28.02, 46.24, 1.8
sb_0__1_.mux_right_track_36.mux_l2_in_1__240, 28.02, 46.24, 1.8
FILLER_14_77, 40.52, 46.24, 1.8
FILLER_13_104, 53.02, 46.24, 1.8
FILLER_14_109, 53.02, 46.24, 1.8
_141_, 53.02, 46.24, 1.8
FILLER_12_153, 78.02, 46.24, 1.8
FILLER_13_158, 78.02, 46.24, 1.8
FILLER_14_165, 78.02, 46.24, 1.8
_145_, 78.02, 46.24, 1.8
FILLER_12_178, 90.52, 46.24, 1.8
FILLER_14_187, 90.52, 46.24, 1.8
FILLER_13_217, 103.02, 46.24, 1.8
FILLER_14_258, 122.39, 46.24, 1.8
_110_, 122.39, 46.24, 1.8
_113_, 122.39, 46.24, 1.8
output142, 122.39, 46.24, 1.8
PHY_20, 5.52, 40.8, 1.8
PHY_22, 5.52, 40.8, 1.8
PHY_21, 129.26, 40.8, 1.8
PHY_23, 129.26, 40.8, 1.8
FILLER_11_53, 28.02, 40.8, 1.8
FILLER_12_77, 40.52, 40.8, 1.8
FILLER_11_105, 53.02, 40.8, 1.8
FILLER_11_161, 78.02, 40.8, 1.8
_153_, 78.02, 40.8, 1.8
FILLER_12_192, 90.52, 40.8, 1.8
_161_, 90.52, 40.8, 1.8
FILLER_10_205, 103.02, 40.8, 1.8
FILLER_11_217, 103.02, 40.8, 1.8
FILLER_11_225, 103.02, 40.8, 1.8
_157_, 103.02, 40.8, 1.8
FILLER_10_253, 122.39, 40.8, 1.8
FILLER_12_258, 122.39, 40.8, 1.8
_111_, 122.39, 40.8, 1.8
output140, 122.39, 40.8, 1.8
PHY_16, 5.52, 35.36, 1.8
PHY_18, 5.52, 35.36, 1.8
PHY_17, 129.26, 35.36, 1.8
PHY_19, 129.26, 35.36, 1.8
FILLER_9_51, 28.02, 35.36, 1.8
FILLER_10_77, 40.52, 35.36, 1.8
FILLER_9_105, 53.02, 35.36, 1.8
FILLER_9_161, 78.02, 35.36, 1.8
FILLER_10_197, 90.52, 35.36, 1.8
FILLER_8_177, 90.52, 35.36, 1.8
_164_, 90.52, 35.36, 1.8
FILLER_10_224, 103.02, 35.36, 1.8
FILLER_9_225, 103.02, 35.36, 1.8
_167_, 103.02, 35.36, 1.8
output217, 103.02, 35.36, 1.8
FILLER_10_259, 122.39, 35.36, 1.8
_109_, 122.39, 35.36, 1.8
output139, 122.39, 35.36, 1.8
PHY_12, 5.52, 29.92, 1.8
PHY_14, 5.52, 29.92, 1.8
PHY_13, 129.26, 29.92, 1.8
PHY_15, 129.26, 29.92, 1.8
FILLER_7_51, 28.02, 29.92, 1.8
FILLER_8_77, 40.52, 29.92, 1.8
FILLER_7_105, 53.02, 29.92, 1.8
FILLER_7_161, 78.02, 29.92, 1.8
FILLER_7_193, 90.52, 29.92, 1.8
FILLER_8_189, 90.52, 29.92, 1.8
_162_, 90.52, 29.92, 1.8
_166_, 90.52, 29.92, 1.8
FILLER_6_208, 103.02, 29.92, 1.8
FILLER_7_202, 103.02, 29.92, 1.8
FILLER_7_225, 103.02, 29.92, 1.8
_165_, 103.02, 29.92, 1.8
output113, 103.02, 29.92, 1.8
output165, 103.02, 29.92, 1.8
FILLER_6_249, 122.39, 29.92, 1.8
FILLER_8_259, 122.39, 29.92, 1.8
_209_, 122.39, 29.92, 1.8
output137, 122.39, 29.92, 1.8
PHY_10, 5.52, 24.48, 1.8
PHY_8, 5.52, 24.48, 1.8
PHY_11, 129.26, 24.48, 1.8
PHY_9, 129.26, 24.48, 1.8
FILLER_5_51, 28.02, 24.48, 1.8
FILLER_6_77, 40.52, 24.48, 1.8
FILLER_5_105, 53.02, 24.48, 1.8
FILLER_5_165, 78.02, 24.48, 1.8
_116_, 78.02, 24.48, 1.8
FILLER_5_197, 90.52, 24.48, 1.8
FILLER_6_189, 90.52, 24.48, 1.8
FILLER_6_197, 90.52, 24.48, 1.8
output149, 90.52, 24.48, 1.8
output212, 90.52, 24.48, 1.8
FILLER_5_217, 103.02, 24.48, 1.8
output153, 103.02, 24.48, 1.8
output156, 103.02, 24.48, 1.8
output159, 103.02, 24.48, 1.8
FILLER_4_253, 122.39, 24.48, 1.8
FILLER_6_259, 122.39, 24.48, 1.8
_211_, 122.39, 24.48, 1.8
output125, 122.39, 24.48, 1.8
PHY_4, 5.52, 19.04, 1.8
PHY_6, 5.52, 19.04, 1.8
input33, 5.52, 19.04, 1.8
FILLER_3_263, 129.26, 19.04, 1.8
PHY_5, 129.26, 19.04, 1.8
PHY_7, 129.26, 19.04, 1.8
FILLER_2_45, 28.02, 19.04, 1.8
input34, 28.02, 19.04, 1.8
FILLER_2_73, 40.52, 19.04, 1.8
FILLER_3_69, 40.52, 19.04, 1.8
FILLER_4_77, 40.52, 19.04, 1.8
input41, 40.52, 19.04, 1.8
input46, 40.52, 19.04, 1.8
input47, 40.52, 19.04, 1.8
FILLER_2_93, 53.02, 19.04, 1.8
FILLER_3_105, 53.02, 19.04, 1.8
input49, 53.02, 19.04, 1.8
FILLER_3_157, 78.02, 19.04, 1.8
FILLER_3_165, 78.02, 19.04, 1.8
output146, 78.02, 19.04, 1.8
FILLER_3_187, 90.52, 19.04, 1.8
FILLER_4_193, 90.52, 19.04, 1.8
output151, 90.52, 19.04, 1.8
FILLER_3_219, 103.02, 19.04, 1.8
FILLER_4_215, 103.02, 19.04, 1.8
output150, 103.02, 19.04, 1.8
output157, 103.02, 19.04, 1.8
left_tile_264, 122.39, 19.04, 1.8
output161, 122.39, 19.04, 1.8
FILLER_0_3, 5.52, 13.6, 1.8
FILLER_1_3, 5.52, 13.6, 1.8
FILLER_2_9, 5.52, 13.6, 1.8
PHY_0, 5.52, 13.6, 1.8
PHY_2, 5.52, 13.6, 1.8
input44, 5.52, 13.6, 1.8
input55, 5.52, 13.6, 1.8
input56, 5.52, 13.6, 1.8
PHY_1, 129.26, 13.6, 1.8
PHY_3, 129.26, 13.6, 1.8
FILLER_0_43, 28.02, 13.6, 1.8
FILLER_0_57, 28.02, 13.6, 1.8
FILLER_1_38, 28.02, 13.6, 1.8
FILLER_1_46, 28.02, 13.6, 1.8
FILLER_1_57, 28.02, 13.6, 1.8
FILLER_2_52, 28.02, 13.6, 1.8
FILLER_2_61, 28.02, 13.6, 1.8
input35, 28.02, 13.6, 1.8
input36, 28.02, 13.6, 1.8
input37, 28.02, 13.6, 1.8
input38, 28.02, 13.6, 1.8
input39, 28.02, 13.6, 1.8
FILLER_0_68, 40.52, 13.6, 1.8
FILLER_0_85, 40.52, 13.6, 1.8
FILLER_1_75, 40.52, 13.6, 1.8
FILLER_2_81, 40.52, 13.6, 1.8
FILLER_2_85, 40.52, 13.6, 1.8
input40, 40.52, 13.6, 1.8
input42, 40.52, 13.6, 1.8
input43, 40.52, 13.6, 1.8
input45, 40.52, 13.6, 1.8
input48, 40.52, 13.6, 1.8
input52, 40.52, 13.6, 1.8
FILLER_1_91, 53.02, 13.6, 1.8
FILLER_2_107, 53.02, 13.6, 1.8
FILLER_2_115, 53.02, 13.6, 1.8
input50, 53.02, 13.6, 1.8
input51, 53.02, 13.6, 1.8
input53, 53.02, 13.6, 1.8
input54, 53.02, 13.6, 1.8
output144, 53.02, 13.6, 1.8
FILLER_0_161, 78.02, 13.6, 1.8
FILLER_1_145, 78.02, 13.6, 1.8
FILLER_1_165, 78.02, 13.6, 1.8
FILLER_2_159, 78.02, 13.6, 1.8
output145, 78.02, 13.6, 1.8
output170, 78.02, 13.6, 1.8
output171, 78.02, 13.6, 1.8
output172, 78.02, 13.6, 1.8
output173, 78.02, 13.6, 1.8
FILLER_0_187, 90.52, 13.6, 1.8
FILLER_1_187, 90.52, 13.6, 1.8
FILLER_2_191, 90.52, 13.6, 1.8
output147, 90.52, 13.6, 1.8
FILLER_0_215, 103.02, 13.6, 1.8
FILLER_1_219, 103.02, 13.6, 1.8
FILLER_1_225, 103.02, 13.6, 1.8
FILLER_2_215, 103.02, 13.6, 1.8
output148, 103.02, 13.6, 1.8
output154, 103.02, 13.6, 1.8

