
===========================================================================
report_checks -path_delay min (Hold)
============================================================================
Startpoint: prog_reset (input port clocked by clk0)
Endpoint: sb_0__1_.mem_right_track_50.sky130_fd_sc_hd__dfrtp_1_1_
          (removal check against rising-edge clock prog_clk)
Path Group: asynchronous
Path Type: min

Fanout     Cap    Slew   Delay    Time   Description
-----------------------------------------------------------------------------
                  0.00    0.00    0.00   clock clk0 (rise edge)
                          0.00    0.00   clock network delay (ideal)
                         -0.50   -0.50 ^ input external delay
                  0.50    0.00   -0.50 ^ prog_reset (in)
     2    0.01                           prog_reset (net)
                  0.50    0.00   -0.50 ^ hold7/A (sky130_fd_sc_hd__clkdlybuf4s25_1)
                  0.04    0.32   -0.18 ^ hold7/X (sky130_fd_sc_hd__clkdlybuf4s25_1)
     1    0.00                           net271 (net)
                  0.04    0.00   -0.18 ^ hold3/A (sky130_fd_sc_hd__clkdlybuf4s25_1)
                  0.04    0.23    0.05 ^ hold3/X (sky130_fd_sc_hd__clkdlybuf4s25_1)
     1    0.00                           net267 (net)
                  0.04    0.00    0.05 ^ hold1/A (sky130_fd_sc_hd__clkdlybuf4s25_1)
                  0.05    0.23    0.28 ^ hold1/X (sky130_fd_sc_hd__clkdlybuf4s25_1)
     1    0.00                           net265 (net)
                  0.05    0.00    0.28 ^ hold4/A (sky130_fd_sc_hd__clkdlybuf4s25_1)
                  0.04    0.23    0.51 ^ hold4/X (sky130_fd_sc_hd__clkdlybuf4s25_1)
     1    0.00                           net268 (net)
                  0.04    0.00    0.51 ^ input98/A (sky130_fd_sc_hd__clkbuf_1)
                  0.08    0.10    0.61 ^ input98/X (sky130_fd_sc_hd__clkbuf_1)
     1    0.01                           net98 (net)
                  0.08    0.00    0.61 ^ hold5/A (sky130_fd_sc_hd__clkbuf_1)
                  0.17    0.17    0.78 ^ hold5/X (sky130_fd_sc_hd__clkbuf_1)
     1    0.01                           net269 (net)
                  0.17    0.00    0.78 ^ hold2/A (sky130_fd_sc_hd__buf_12)
                  0.73    0.46    1.24 ^ hold2/X (sky130_fd_sc_hd__buf_12)
   194    0.66                           net266 (net)
                  0.73    0.03    1.27 ^ sb_0__1_.mem_right_track_50.sky130_fd_sc_hd__dfrtp_1_1_/RESET_B (sky130_fd_sc_hd__dfrtp_1)
                                  1.27   data arrival time

                          0.00    0.00   clock prog_clk (rise edge)
                          0.00    0.00   clock source latency
                  0.50    0.00    0.00 ^ prog_clk (in)
     2    0.04                           prog_clk (net)
                  0.51    0.00    0.00 ^ clkbuf_0_prog_clk/A (sky130_fd_sc_hd__clkbuf_16)
                  0.17    0.36    0.36 ^ clkbuf_0_prog_clk/X (sky130_fd_sc_hd__clkbuf_16)
    32    0.15                           clknet_0_prog_clk (net)
                  0.17    0.01    0.36 ^ clkbuf_4_5_0_prog_clk/A (sky130_fd_sc_hd__clkbuf_8)
                  0.07    0.20    0.56 ^ clkbuf_4_5_0_prog_clk/X (sky130_fd_sc_hd__clkbuf_8)
     9    0.03                           clknet_4_5_0_prog_clk (net)
                  0.07    0.00    0.56 ^ sb_0__1_.mem_right_track_50.sky130_fd_sc_hd__dfrtp_1_1_/CLK (sky130_fd_sc_hd__dfrtp_1)
                          0.10    0.66   clock uncertainty
                          0.00    0.66   clock reconvergence pessimism
                          0.51    1.18   library removal time
                                  1.18   data required time
-----------------------------------------------------------------------------
                                  1.18   data required time
                                 -1.27   data arrival time
-----------------------------------------------------------------------------
                                  0.10   slack (MET)


Startpoint: prog_reset (input port clocked by clk0)
Endpoint: sb_0__1_.mem_right_track_46.sky130_fd_sc_hd__dfrtp_1_1_
          (removal check against rising-edge clock prog_clk)
Path Group: asynchronous
Path Type: min

Fanout     Cap    Slew   Delay    Time   Description
-----------------------------------------------------------------------------
                  0.00    0.00    0.00   clock clk0 (rise edge)
                          0.00    0.00   clock network delay (ideal)
                         -0.50   -0.50 ^ input external delay
                  0.50    0.00   -0.50 ^ prog_reset (in)
     2    0.01                           prog_reset (net)
                  0.50    0.00   -0.50 ^ hold7/A (sky130_fd_sc_hd__clkdlybuf4s25_1)
                  0.04    0.32   -0.18 ^ hold7/X (sky130_fd_sc_hd__clkdlybuf4s25_1)
     1    0.00                           net271 (net)
                  0.04    0.00   -0.18 ^ hold3/A (sky130_fd_sc_hd__clkdlybuf4s25_1)
                  0.04    0.23    0.05 ^ hold3/X (sky130_fd_sc_hd__clkdlybuf4s25_1)
     1    0.00                           net267 (net)
                  0.04    0.00    0.05 ^ hold1/A (sky130_fd_sc_hd__clkdlybuf4s25_1)
                  0.05    0.23    0.28 ^ hold1/X (sky130_fd_sc_hd__clkdlybuf4s25_1)
     1    0.00                           net265 (net)
                  0.05    0.00    0.28 ^ hold4/A (sky130_fd_sc_hd__clkdlybuf4s25_1)
                  0.04    0.23    0.51 ^ hold4/X (sky130_fd_sc_hd__clkdlybuf4s25_1)
     1    0.00                           net268 (net)
                  0.04    0.00    0.51 ^ input98/A (sky130_fd_sc_hd__clkbuf_1)
                  0.08    0.10    0.61 ^ input98/X (sky130_fd_sc_hd__clkbuf_1)
     1    0.01                           net98 (net)
                  0.08    0.00    0.61 ^ hold5/A (sky130_fd_sc_hd__clkbuf_1)
                  0.17    0.17    0.78 ^ hold5/X (sky130_fd_sc_hd__clkbuf_1)
     1    0.01                           net269 (net)
                  0.17    0.00    0.78 ^ hold2/A (sky130_fd_sc_hd__buf_12)
                  0.73    0.46    1.24 ^ hold2/X (sky130_fd_sc_hd__buf_12)
   194    0.66                           net266 (net)
                  0.73    0.03    1.27 ^ sb_0__1_.mem_right_track_46.sky130_fd_sc_hd__dfrtp_1_1_/RESET_B (sky130_fd_sc_hd__dfrtp_1)
                                  1.27   data arrival time

                          0.00    0.00   clock prog_clk (rise edge)
                          0.00    0.00   clock source latency
                  0.50    0.00    0.00 ^ prog_clk (in)
     2    0.04                           prog_clk (net)
                  0.51    0.00    0.00 ^ clkbuf_0_prog_clk/A (sky130_fd_sc_hd__clkbuf_16)
                  0.17    0.36    0.36 ^ clkbuf_0_prog_clk/X (sky130_fd_sc_hd__clkbuf_16)
    32    0.15                           clknet_0_prog_clk (net)
                  0.17    0.01    0.36 ^ clkbuf_4_4_0_prog_clk/A (sky130_fd_sc_hd__clkbuf_8)
                  0.06    0.19    0.55 ^ clkbuf_4_4_0_prog_clk/X (sky130_fd_sc_hd__clkbuf_8)
     7    0.02                           clknet_4_4_0_prog_clk (net)
                  0.06    0.00    0.55 ^ sb_0__1_.mem_right_track_46.sky130_fd_sc_hd__dfrtp_1_1_/CLK (sky130_fd_sc_hd__dfrtp_1)
                          0.10    0.65   clock uncertainty
                          0.00    0.65   clock reconvergence pessimism
                          0.51    1.16   library removal time
                                  1.16   data required time
-----------------------------------------------------------------------------
                                  1.16   data required time
                                 -1.27   data arrival time
-----------------------------------------------------------------------------
                                  0.11   slack (MET)


Startpoint: prog_reset (input port clocked by clk0)
Endpoint: sb_0__1_.mem_bottom_track_1.sky130_fd_sc_hd__dfrtp_1_0_
          (removal check against rising-edge clock prog_clk)
Path Group: asynchronous
Path Type: min

Fanout     Cap    Slew   Delay    Time   Description
-----------------------------------------------------------------------------
                  0.00    0.00    0.00   clock clk0 (rise edge)
                          0.00    0.00   clock network delay (ideal)
                         -0.50   -0.50 ^ input external delay
                  0.50    0.00   -0.50 ^ prog_reset (in)
     2    0.01                           prog_reset (net)
                  0.50    0.00   -0.50 ^ hold7/A (sky130_fd_sc_hd__clkdlybuf4s25_1)
                  0.04    0.32   -0.18 ^ hold7/X (sky130_fd_sc_hd__clkdlybuf4s25_1)
     1    0.00                           net271 (net)
                  0.04    0.00   -0.18 ^ hold3/A (sky130_fd_sc_hd__clkdlybuf4s25_1)
                  0.04    0.23    0.05 ^ hold3/X (sky130_fd_sc_hd__clkdlybuf4s25_1)
     1    0.00                           net267 (net)
                  0.04    0.00    0.05 ^ hold1/A (sky130_fd_sc_hd__clkdlybuf4s25_1)
                  0.05    0.23    0.28 ^ hold1/X (sky130_fd_sc_hd__clkdlybuf4s25_1)
     1    0.00                           net265 (net)
                  0.05    0.00    0.28 ^ hold4/A (sky130_fd_sc_hd__clkdlybuf4s25_1)
                  0.04    0.23    0.51 ^ hold4/X (sky130_fd_sc_hd__clkdlybuf4s25_1)
     1    0.00                           net268 (net)
                  0.04    0.00    0.51 ^ input98/A (sky130_fd_sc_hd__clkbuf_1)
                  0.08    0.10    0.61 ^ input98/X (sky130_fd_sc_hd__clkbuf_1)
     1    0.01                           net98 (net)
                  0.08    0.00    0.61 ^ hold5/A (sky130_fd_sc_hd__clkbuf_1)
                  0.17    0.17    0.78 ^ hold5/X (sky130_fd_sc_hd__clkbuf_1)
     1    0.01                           net269 (net)
                  0.17    0.00    0.78 ^ hold2/A (sky130_fd_sc_hd__buf_12)
                  0.73    0.46    1.24 ^ hold2/X (sky130_fd_sc_hd__buf_12)
   194    0.66                           net266 (net)
                  0.73    0.03    1.27 ^ sb_0__1_.mem_bottom_track_1.sky130_fd_sc_hd__dfrtp_1_0_/RESET_B (sky130_fd_sc_hd__dfrtp_2)
                                  1.27   data arrival time

                          0.00    0.00   clock prog_clk (rise edge)
                          0.00    0.00   clock source latency
                  0.50    0.00    0.00 ^ prog_clk (in)
     2    0.04                           prog_clk (net)
                  0.51    0.00    0.00 ^ clkbuf_0_prog_clk/A (sky130_fd_sc_hd__clkbuf_16)
                  0.17    0.36    0.36 ^ clkbuf_0_prog_clk/X (sky130_fd_sc_hd__clkbuf_16)
    32    0.15                           clknet_0_prog_clk (net)
                  0.17    0.01    0.36 ^ clkbuf_4_4_0_prog_clk/A (sky130_fd_sc_hd__clkbuf_8)
                  0.06    0.19    0.55 ^ clkbuf_4_4_0_prog_clk/X (sky130_fd_sc_hd__clkbuf_8)
     7    0.02                           clknet_4_4_0_prog_clk (net)
                  0.06    0.00    0.55 ^ sb_0__1_.mem_bottom_track_1.sky130_fd_sc_hd__dfrtp_1_0_/CLK (sky130_fd_sc_hd__dfrtp_2)
                          0.10    0.65   clock uncertainty
                          0.00    0.65   clock reconvergence pessimism
                          0.51    1.16   library removal time
                                  1.16   data required time
-----------------------------------------------------------------------------
                                  1.16   data required time
                                 -1.27   data arrival time
-----------------------------------------------------------------------------
                                  0.11   slack (MET)


Startpoint: prog_reset (input port clocked by clk0)
Endpoint: sb_0__1_.mem_bottom_track_3.sky130_fd_sc_hd__dfrtp_1_1_
          (removal check against rising-edge clock prog_clk)
Path Group: asynchronous
Path Type: min

Fanout     Cap    Slew   Delay    Time   Description
-----------------------------------------------------------------------------
                  0.00    0.00    0.00   clock clk0 (rise edge)
                          0.00    0.00   clock network delay (ideal)
                         -0.50   -0.50 ^ input external delay
                  0.50    0.00   -0.50 ^ prog_reset (in)
     2    0.01                           prog_reset (net)
                  0.50    0.00   -0.50 ^ hold7/A (sky130_fd_sc_hd__clkdlybuf4s25_1)
                  0.04    0.32   -0.18 ^ hold7/X (sky130_fd_sc_hd__clkdlybuf4s25_1)
     1    0.00                           net271 (net)
                  0.04    0.00   -0.18 ^ hold3/A (sky130_fd_sc_hd__clkdlybuf4s25_1)
                  0.04    0.23    0.05 ^ hold3/X (sky130_fd_sc_hd__clkdlybuf4s25_1)
     1    0.00                           net267 (net)
                  0.04    0.00    0.05 ^ hold1/A (sky130_fd_sc_hd__clkdlybuf4s25_1)
                  0.05    0.23    0.28 ^ hold1/X (sky130_fd_sc_hd__clkdlybuf4s25_1)
     1    0.00                           net265 (net)
                  0.05    0.00    0.28 ^ hold4/A (sky130_fd_sc_hd__clkdlybuf4s25_1)
                  0.04    0.23    0.51 ^ hold4/X (sky130_fd_sc_hd__clkdlybuf4s25_1)
     1    0.00                           net268 (net)
                  0.04    0.00    0.51 ^ input98/A (sky130_fd_sc_hd__clkbuf_1)
                  0.08    0.10    0.61 ^ input98/X (sky130_fd_sc_hd__clkbuf_1)
     1    0.01                           net98 (net)
                  0.08    0.00    0.61 ^ hold5/A (sky130_fd_sc_hd__clkbuf_1)
                  0.17    0.17    0.78 ^ hold5/X (sky130_fd_sc_hd__clkbuf_1)
     1    0.01                           net269 (net)
                  0.17    0.00    0.78 ^ hold2/A (sky130_fd_sc_hd__buf_12)
                  0.73    0.46    1.24 ^ hold2/X (sky130_fd_sc_hd__buf_12)
   194    0.66                           net266 (net)
                  0.73    0.06    1.30 ^ sb_0__1_.mem_bottom_track_3.sky130_fd_sc_hd__dfrtp_1_1_/RESET_B (sky130_fd_sc_hd__dfrtp_1)
                                  1.30   data arrival time

                          0.00    0.00   clock prog_clk (rise edge)
                          0.00    0.00   clock source latency
                  0.50    0.00    0.00 ^ prog_clk (in)
     2    0.04                           prog_clk (net)
                  0.51    0.00    0.00 ^ clkbuf_0_prog_clk/A (sky130_fd_sc_hd__clkbuf_16)
                  0.17    0.36    0.36 ^ clkbuf_0_prog_clk/X (sky130_fd_sc_hd__clkbuf_16)
    32    0.15                           clknet_0_prog_clk (net)
                  0.17    0.01    0.36 ^ clkbuf_4_6_0_prog_clk/A (sky130_fd_sc_hd__clkbuf_8)
                  0.07    0.20    0.56 ^ clkbuf_4_6_0_prog_clk/X (sky130_fd_sc_hd__clkbuf_8)
     9    0.03                           clknet_4_6_0_prog_clk (net)
                  0.07    0.00    0.56 ^ sb_0__1_.mem_bottom_track_3.sky130_fd_sc_hd__dfrtp_1_1_/CLK (sky130_fd_sc_hd__dfrtp_1)
                          0.10    0.66   clock uncertainty
                          0.00    0.66   clock reconvergence pessimism
                          0.51    1.17   library removal time
                                  1.17   data required time
-----------------------------------------------------------------------------
                                  1.17   data required time
                                 -1.30   data arrival time
-----------------------------------------------------------------------------
                                  0.12   slack (MET)


Startpoint: prog_reset (input port clocked by clk0)
Endpoint: sb_0__1_.mem_bottom_track_11.sky130_fd_sc_hd__dfrtp_1_0_
          (removal check against rising-edge clock prog_clk)
Path Group: asynchronous
Path Type: min

Fanout     Cap    Slew   Delay    Time   Description
-----------------------------------------------------------------------------
                  0.00    0.00    0.00   clock clk0 (rise edge)
                          0.00    0.00   clock network delay (ideal)
                         -0.50   -0.50 ^ input external delay
                  0.50    0.00   -0.50 ^ prog_reset (in)
     2    0.01                           prog_reset (net)
                  0.50    0.00   -0.50 ^ hold7/A (sky130_fd_sc_hd__clkdlybuf4s25_1)
                  0.04    0.32   -0.18 ^ hold7/X (sky130_fd_sc_hd__clkdlybuf4s25_1)
     1    0.00                           net271 (net)
                  0.04    0.00   -0.18 ^ hold3/A (sky130_fd_sc_hd__clkdlybuf4s25_1)
                  0.04    0.23    0.05 ^ hold3/X (sky130_fd_sc_hd__clkdlybuf4s25_1)
     1    0.00                           net267 (net)
                  0.04    0.00    0.05 ^ hold1/A (sky130_fd_sc_hd__clkdlybuf4s25_1)
                  0.05    0.23    0.28 ^ hold1/X (sky130_fd_sc_hd__clkdlybuf4s25_1)
     1    0.00                           net265 (net)
                  0.05    0.00    0.28 ^ hold4/A (sky130_fd_sc_hd__clkdlybuf4s25_1)
                  0.04    0.23    0.51 ^ hold4/X (sky130_fd_sc_hd__clkdlybuf4s25_1)
     1    0.00                           net268 (net)
                  0.04    0.00    0.51 ^ input98/A (sky130_fd_sc_hd__clkbuf_1)
                  0.08    0.10    0.61 ^ input98/X (sky130_fd_sc_hd__clkbuf_1)
     1    0.01                           net98 (net)
                  0.08    0.00    0.61 ^ hold5/A (sky130_fd_sc_hd__clkbuf_1)
                  0.17    0.17    0.78 ^ hold5/X (sky130_fd_sc_hd__clkbuf_1)
     1    0.01                           net269 (net)
                  0.17    0.00    0.78 ^ hold2/A (sky130_fd_sc_hd__buf_12)
                  0.73    0.46    1.24 ^ hold2/X (sky130_fd_sc_hd__buf_12)
   194    0.66                           net266 (net)
                  0.73    0.06    1.30 ^ sb_0__1_.mem_bottom_track_11.sky130_fd_sc_hd__dfrtp_1_0_/RESET_B (sky130_fd_sc_hd__dfrtp_4)
                                  1.30   data arrival time

                          0.00    0.00   clock prog_clk (rise edge)
                          0.00    0.00   clock source latency
                  0.50    0.00    0.00 ^ prog_clk (in)
     2    0.04                           prog_clk (net)
                  0.51    0.00    0.00 ^ clkbuf_0_prog_clk/A (sky130_fd_sc_hd__clkbuf_16)
                  0.17    0.36    0.36 ^ clkbuf_0_prog_clk/X (sky130_fd_sc_hd__clkbuf_16)
    32    0.15                           clknet_0_prog_clk (net)
                  0.17    0.01    0.36 ^ clkbuf_4_6_0_prog_clk/A (sky130_fd_sc_hd__clkbuf_8)
                  0.07    0.20    0.56 ^ clkbuf_4_6_0_prog_clk/X (sky130_fd_sc_hd__clkbuf_8)
     9    0.03                           clknet_4_6_0_prog_clk (net)
                  0.07    0.00    0.56 ^ sb_0__1_.mem_bottom_track_11.sky130_fd_sc_hd__dfrtp_1_0_/CLK (sky130_fd_sc_hd__dfrtp_4)
                          0.10    0.66   clock uncertainty
                          0.00    0.66   clock reconvergence pessimism
                          0.51    1.18   library removal time
                                  1.18   data required time
-----------------------------------------------------------------------------
                                  1.18   data required time
                                 -1.30   data arrival time
-----------------------------------------------------------------------------
                                  0.13   slack (MET)


Startpoint: gfpga_pad_io_soc_in[0] (input port clocked by clk0)
Endpoint: right_width_0_height_0_subtile_3__pin_inpad_0_
          (output port clocked by clk0)
Path Group: clk0
Path Type: min

Fanout     Cap    Slew   Delay    Time   Description
-----------------------------------------------------------------------------
                  0.00    0.00    0.00   clock clk0 (rise edge)
                          0.00    0.00   clock network delay (ideal)
                         -0.50   -0.50 v input external delay
                  0.50    0.00   -0.50 v gfpga_pad_io_soc_in[0] (in)
     2    0.00                           gfpga_pad_io_soc_in[0] (net)
                  0.50    0.00   -0.50 v hold13/A (sky130_fd_sc_hd__clkdlybuf4s25_1)
                  0.04    0.36   -0.14 v hold13/X (sky130_fd_sc_hd__clkdlybuf4s25_1)
     1    0.00                           net277 (net)
                  0.04    0.00   -0.14 v input93/A (sky130_fd_sc_hd__clkbuf_1)
                  0.05    0.10   -0.04 v input93/X (sky130_fd_sc_hd__clkbuf_1)
     1    0.01                           net93 (net)
                  0.05    0.00   -0.04 v cby_0__1_.grid_io_left_left_0__1_.logical_tile_io_mode_io__3.logical_tile_io_mode_physical__iopad_0.io_0_.IN_PROTECT_GATE/A (sky130_fd_sc_hd__ebufn_4)
                  0.00    0.16    0.12 v cby_0__1_.grid_io_left_left_0__1_.logical_tile_io_mode_io__3.logical_tile_io_mode_physical__iopad_0.io_0_.IN_PROTECT_GATE/Z (sky130_fd_sc_hd__ebufn_4)
     1    0.02                           net278 (net)
                  0.00    0.00    0.12 v hold14/A (sky130_fd_sc_hd__buf_12)
                  0.09    0.15    0.27 v hold14/X (sky130_fd_sc_hd__buf_12)
     7    0.13                           right_width_0_height_0_subtile_3__pin_inpad_0_ (net)
                  0.09    0.01    0.28 v right_width_0_height_0_subtile_3__pin_inpad_0_ (out)
                                  0.28   data arrival time

                  0.00    0.00    0.00   clock clk0 (rise edge)
                          0.00    0.00   clock network delay (ideal)
                          0.10    0.10   clock uncertainty
                          0.00    0.10   clock reconvergence pessimism
                         -3.00   -2.90   output external delay
                                 -2.90   data required time
-----------------------------------------------------------------------------
                                 -2.90   data required time
                                 -0.28   data arrival time
-----------------------------------------------------------------------------
                                  3.18   slack (MET)


Startpoint: gfpga_pad_io_soc_in[2] (input port clocked by clk0)
Endpoint: right_width_0_height_0_subtile_1__pin_inpad_0_
          (output port clocked by clk0)
Path Group: clk0
Path Type: min

Fanout     Cap    Slew   Delay    Time   Description
-----------------------------------------------------------------------------
                  0.00    0.00    0.00   clock clk0 (rise edge)
                          0.00    0.00   clock network delay (ideal)
                         -0.50   -0.50 v input external delay
                  0.50    0.00   -0.50 v gfpga_pad_io_soc_in[2] (in)
     2    0.00                           gfpga_pad_io_soc_in[2] (net)
                  0.50    0.00   -0.50 v hold17/A (sky130_fd_sc_hd__clkdlybuf4s25_1)
                  0.04    0.36   -0.14 v hold17/X (sky130_fd_sc_hd__clkdlybuf4s25_1)
     1    0.00                           net281 (net)
                  0.04    0.00   -0.14 v input95/A (sky130_fd_sc_hd__clkbuf_1)
                  0.05    0.10   -0.04 v input95/X (sky130_fd_sc_hd__clkbuf_1)
     1    0.01                           net95 (net)
                  0.05    0.00   -0.04 v cby_0__1_.grid_io_left_left_0__1_.logical_tile_io_mode_io__1.logical_tile_io_mode_physical__iopad_0.io_0_.IN_PROTECT_GATE/A (sky130_fd_sc_hd__ebufn_4)
                  0.00    0.17    0.13 v cby_0__1_.grid_io_left_left_0__1_.logical_tile_io_mode_io__1.logical_tile_io_mode_physical__iopad_0.io_0_.IN_PROTECT_GATE/Z (sky130_fd_sc_hd__ebufn_4)
     1    0.02                           net282 (net)
                  0.00    0.00    0.13 v hold18/A (sky130_fd_sc_hd__buf_12)
                  0.09    0.15    0.28 v hold18/X (sky130_fd_sc_hd__buf_12)
     7    0.13                           right_width_0_height_0_subtile_1__pin_inpad_0_ (net)
                  0.09    0.01    0.29 v right_width_0_height_0_subtile_1__pin_inpad_0_ (out)
                                  0.29   data arrival time

                  0.00    0.00    0.00   clock clk0 (rise edge)
                          0.00    0.00   clock network delay (ideal)
                          0.10    0.10   clock uncertainty
                          0.00    0.10   clock reconvergence pessimism
                         -3.00   -2.90   output external delay
                                 -2.90   data required time
-----------------------------------------------------------------------------
                                 -2.90   data required time
                                 -0.29   data arrival time
-----------------------------------------------------------------------------
                                  3.19   slack (MET)


Startpoint: gfpga_pad_io_soc_in[3] (input port clocked by clk0)
Endpoint: right_width_0_height_0_subtile_0__pin_inpad_0_
          (output port clocked by clk0)
Path Group: clk0
Path Type: min

Fanout     Cap    Slew   Delay    Time   Description
-----------------------------------------------------------------------------
                  0.00    0.00    0.00   clock clk0 (rise edge)
                          0.00    0.00   clock network delay (ideal)
                         -0.50   -0.50 v input external delay
                  0.50    0.00   -0.50 v gfpga_pad_io_soc_in[3] (in)
     2    0.00                           gfpga_pad_io_soc_in[3] (net)
                  0.50    0.00   -0.50 v hold19/A (sky130_fd_sc_hd__clkdlybuf4s25_1)
                  0.04    0.36   -0.14 v hold19/X (sky130_fd_sc_hd__clkdlybuf4s25_1)
     1    0.00                           net283 (net)
                  0.04    0.00   -0.14 v input96/A (sky130_fd_sc_hd__clkbuf_1)
                  0.06    0.11   -0.03 v input96/X (sky130_fd_sc_hd__clkbuf_1)
     1    0.01                           net96 (net)
                  0.06    0.00   -0.03 v cby_0__1_.grid_io_left_left_0__1_.logical_tile_io_mode_io__0.logical_tile_io_mode_physical__iopad_0.io_0_.IN_PROTECT_GATE/A (sky130_fd_sc_hd__ebufn_4)
                  0.00    0.17    0.14 v cby_0__1_.grid_io_left_left_0__1_.logical_tile_io_mode_io__0.logical_tile_io_mode_physical__iopad_0.io_0_.IN_PROTECT_GATE/Z (sky130_fd_sc_hd__ebufn_4)
     1    0.02                           net284 (net)
                  0.00    0.00    0.14 v hold20/A (sky130_fd_sc_hd__buf_12)
                  0.09    0.15    0.29 v hold20/X (sky130_fd_sc_hd__buf_12)
     7    0.13                           right_width_0_height_0_subtile_0__pin_inpad_0_ (net)
                  0.09    0.01    0.30 v right_width_0_height_0_subtile_0__pin_inpad_0_ (out)
                                  0.30   data arrival time

                  0.00    0.00    0.00   clock clk0 (rise edge)
                          0.00    0.00   clock network delay (ideal)
                          0.10    0.10   clock uncertainty
                          0.00    0.10   clock reconvergence pessimism
                         -3.00   -2.90   output external delay
                                 -2.90   data required time
-----------------------------------------------------------------------------
                                 -2.90   data required time
                                 -0.30   data arrival time
-----------------------------------------------------------------------------
                                  3.20   slack (MET)


Startpoint: gfpga_pad_io_soc_in[1] (input port clocked by clk0)
Endpoint: right_width_0_height_0_subtile_2__pin_inpad_0_
          (output port clocked by clk0)
Path Group: clk0
Path Type: min

Fanout     Cap    Slew   Delay    Time   Description
-----------------------------------------------------------------------------
                  0.00    0.00    0.00   clock clk0 (rise edge)
                          0.00    0.00   clock network delay (ideal)
                         -0.50   -0.50 v input external delay
                  0.50    0.00   -0.50 v gfpga_pad_io_soc_in[1] (in)
     2    0.00                           gfpga_pad_io_soc_in[1] (net)
                  0.50    0.00   -0.50 v hold15/A (sky130_fd_sc_hd__clkdlybuf4s25_1)
                  0.04    0.36   -0.14 v hold15/X (sky130_fd_sc_hd__clkdlybuf4s25_1)
     1    0.00                           net279 (net)
                  0.04    0.00   -0.14 v input94/A (sky130_fd_sc_hd__clkbuf_1)
                  0.06    0.11   -0.03 v input94/X (sky130_fd_sc_hd__clkbuf_1)
     1    0.01                           net94 (net)
                  0.06    0.00   -0.03 v cby_0__1_.grid_io_left_left_0__1_.logical_tile_io_mode_io__2.logical_tile_io_mode_physical__iopad_0.io_0_.IN_PROTECT_GATE/A (sky130_fd_sc_hd__ebufn_4)
                  0.00    0.17    0.14 v cby_0__1_.grid_io_left_left_0__1_.logical_tile_io_mode_io__2.logical_tile_io_mode_physical__iopad_0.io_0_.IN_PROTECT_GATE/Z (sky130_fd_sc_hd__ebufn_4)
     1    0.02                           net280 (net)
                  0.00    0.00    0.14 v hold16/A (sky130_fd_sc_hd__buf_12)
                  0.09    0.15    0.29 v hold16/X (sky130_fd_sc_hd__buf_12)
     7    0.13                           right_width_0_height_0_subtile_2__pin_inpad_0_ (net)
                  0.09    0.01    0.30 v right_width_0_height_0_subtile_2__pin_inpad_0_ (out)
                                  0.30   data arrival time

                  0.00    0.00    0.00   clock clk0 (rise edge)
                          0.00    0.00   clock network delay (ideal)
                          0.10    0.10   clock uncertainty
                          0.00    0.10   clock reconvergence pessimism
                         -3.00   -2.90   output external delay
                                 -2.90   data required time
-----------------------------------------------------------------------------
                                 -2.90   data required time
                                 -0.30   data arrival time
-----------------------------------------------------------------------------
                                  3.20   slack (MET)


Startpoint: chany_bottom_in[12] (input port clocked by clk0)
Endpoint: chanx_right_out[8] (output port clocked by clk0)
Path Group: clk0
Path Type: min

Fanout     Cap    Slew   Delay    Time   Description
-----------------------------------------------------------------------------
                  0.00    0.00    0.00   clock clk0 (rise edge)
                          0.00    0.00   clock network delay (ideal)
                         -0.50   -0.50 v input external delay
                  0.50    0.00   -0.50 v chany_bottom_in[12] (in)
     2    0.01                           chany_bottom_in[12] (net)
                  0.50    0.00   -0.50 v hold12/A (sky130_fd_sc_hd__clkdlybuf4s25_1)
                  0.05    0.37   -0.13 v hold12/X (sky130_fd_sc_hd__clkdlybuf4s25_1)
     1    0.00                           net276 (net)
                  0.05    0.00   -0.13 v input36/A (sky130_fd_sc_hd__clkbuf_1)
                  0.07    0.12   -0.01 v input36/X (sky130_fd_sc_hd__clkbuf_1)
     1    0.01                           net36 (net)
                  0.07    0.00   -0.01 v _116_/A (sky130_fd_sc_hd__clkbuf_2)
                  0.07    0.15    0.13 v _116_/X (sky130_fd_sc_hd__clkbuf_2)
     1    0.02                           net140 (net)
                  0.07    0.00    0.13 v output140/A (sky130_fd_sc_hd__buf_12)
                  0.07    0.17    0.31 v output140/X (sky130_fd_sc_hd__buf_12)
     1    0.12                           chanx_right_out[8] (net)
                  0.07    0.00    0.31 v chanx_right_out[8] (out)
                                  0.31   data arrival time

                  0.00    0.00    0.00   clock clk0 (rise edge)
                          0.00    0.00   clock network delay (ideal)
                          0.10    0.10   clock uncertainty
                          0.00    0.10   clock reconvergence pessimism
                         -3.00   -2.90   output external delay
                                 -2.90   data required time
-----------------------------------------------------------------------------
                                 -2.90   data required time
                                 -0.31   data arrival time
-----------------------------------------------------------------------------
                                  3.21   slack (MET)


Startpoint: ccff_head_0 (input port clocked by clk0)
Endpoint: cby_0__1_.cby_0__1_.mem_right_ipin_0.sky130_fd_sc_hd__dfrtp_1_0_
          (rising edge-triggered flip-flop clocked by prog_clk)
Path Group: prog_clk
Path Type: min

Fanout     Cap    Slew   Delay    Time   Description
-----------------------------------------------------------------------------
                  0.00    0.00    0.00   clock clk0 (rise edge)
                          0.00    0.00   clock network delay (ideal)
                         -0.50   -0.50 ^ input external delay
                  0.50    0.00   -0.50 ^ ccff_head_0 (in)
     2    0.01                           ccff_head_0 (net)
                  0.50    0.00   -0.50 ^ hold64/A (sky130_fd_sc_hd__clkdlybuf4s25_1)
                  0.05    0.33   -0.17 ^ hold64/X (sky130_fd_sc_hd__clkdlybuf4s25_1)
     1    0.00                           net328 (net)
                  0.05    0.00   -0.17 ^ hold10/A (sky130_fd_sc_hd__clkdlybuf4s25_1)
                  0.05    0.23    0.06 ^ hold10/X (sky130_fd_sc_hd__clkdlybuf4s25_1)
     1    0.00                           net274 (net)
                  0.05    0.00    0.06 ^ hold65/A (sky130_fd_sc_hd__clkdlybuf4s25_1)
                  0.05    0.24    0.30 ^ hold65/X (sky130_fd_sc_hd__clkdlybuf4s25_1)
     1    0.00                           net329 (net)
                  0.05    0.00    0.30 ^ input2/A (sky130_fd_sc_hd__clkbuf_1)
                  0.04    0.08    0.38 ^ input2/X (sky130_fd_sc_hd__clkbuf_1)
     1    0.00                           net2 (net)
                  0.04    0.00    0.38 ^ hold66/A (sky130_fd_sc_hd__clkdlybuf4s25_1)
                  0.05    0.23    0.61 ^ hold66/X (sky130_fd_sc_hd__clkdlybuf4s25_1)
     1    0.00                           net330 (net)
                  0.05    0.00    0.61 ^ hold11/A (sky130_fd_sc_hd__clkdlybuf4s25_1)
                  0.05    0.24    0.85 ^ hold11/X (sky130_fd_sc_hd__clkdlybuf4s25_1)
     1    0.00                           net275 (net)
                  0.05    0.00    0.85 ^ cby_0__1_.cby_0__1_.mem_right_ipin_0.sky130_fd_sc_hd__dfrtp_1_0_/D (sky130_fd_sc_hd__dfrtp_4)
                                  0.85   data arrival time

                          0.00    0.00   clock prog_clk (rise edge)
                          0.00    0.00   clock source latency
                  0.50    0.00    0.00 ^ prog_clk (in)
     2    0.04                           prog_clk (net)
                  0.51    0.00    0.00 ^ clkbuf_0_prog_clk/A (sky130_fd_sc_hd__clkbuf_16)
                  0.17    0.36    0.36 ^ clkbuf_0_prog_clk/X (sky130_fd_sc_hd__clkbuf_16)
    32    0.15                           clknet_0_prog_clk (net)
                  0.17    0.01    0.37 ^ clkbuf_4_0_0_prog_clk/A (sky130_fd_sc_hd__clkbuf_8)
                  0.08    0.21    0.57 ^ clkbuf_4_0_0_prog_clk/X (sky130_fd_sc_hd__clkbuf_8)
    14    0.04                           clknet_4_0_0_prog_clk (net)
                  0.08    0.00    0.58 ^ cby_0__1_.cby_0__1_.mem_right_ipin_0.sky130_fd_sc_hd__dfrtp_1_0_/CLK (sky130_fd_sc_hd__dfrtp_4)
                          0.10    0.68   clock uncertainty
                          0.00    0.68   clock reconvergence pessimism
                         -0.03    0.64   library hold time
                                  0.64   data required time
-----------------------------------------------------------------------------
                                  0.64   data required time
                                 -0.85   data arrival time
-----------------------------------------------------------------------------
                                  0.20   slack (MET)


Startpoint: sb_0__1_.mem_right_track_46.sky130_fd_sc_hd__dfrtp_1_1_
            (rising edge-triggered flip-flop clocked by prog_clk)
Endpoint: sb_0__1_.mem_right_track_48.sky130_fd_sc_hd__dfrtp_1_0_
          (rising edge-triggered flip-flop clocked by prog_clk)
Path Group: prog_clk
Path Type: min

Fanout     Cap    Slew   Delay    Time   Description
-----------------------------------------------------------------------------
                          0.00    0.00   clock prog_clk (rise edge)
                          0.00    0.00   clock source latency
                  0.50    0.00    0.00 ^ prog_clk (in)
     2    0.04                           prog_clk (net)
                  0.51    0.00    0.00 ^ clkbuf_0_prog_clk/A (sky130_fd_sc_hd__clkbuf_16)
                  0.17    0.32    0.32 ^ clkbuf_0_prog_clk/X (sky130_fd_sc_hd__clkbuf_16)
    32    0.15                           clknet_0_prog_clk (net)
                  0.17    0.01    0.33 ^ clkbuf_4_4_0_prog_clk/A (sky130_fd_sc_hd__clkbuf_8)
                  0.06    0.17    0.50 ^ clkbuf_4_4_0_prog_clk/X (sky130_fd_sc_hd__clkbuf_8)
     7    0.02                           clknet_4_4_0_prog_clk (net)
                  0.06    0.00    0.50 ^ sb_0__1_.mem_right_track_46.sky130_fd_sc_hd__dfrtp_1_1_/CLK (sky130_fd_sc_hd__dfrtp_1)
                  0.08    0.33    0.83 ^ sb_0__1_.mem_right_track_46.sky130_fd_sc_hd__dfrtp_1_1_/Q (sky130_fd_sc_hd__dfrtp_1)
     2    0.01                           sb_0__1_.mem_right_track_46.ccff_tail (net)
                  0.08    0.00    0.83 ^ sb_0__1_.mem_right_track_48.sky130_fd_sc_hd__dfrtp_1_0_/D (sky130_fd_sc_hd__dfrtp_1)
                                  0.83   data arrival time

                          0.00    0.00   clock prog_clk (rise edge)
                          0.00    0.00   clock source latency
                  0.50    0.00    0.00 ^ prog_clk (in)
     2    0.04                           prog_clk (net)
                  0.51    0.00    0.00 ^ clkbuf_0_prog_clk/A (sky130_fd_sc_hd__clkbuf_16)
                  0.17    0.36    0.36 ^ clkbuf_0_prog_clk/X (sky130_fd_sc_hd__clkbuf_16)
    32    0.15                           clknet_0_prog_clk (net)
                  0.17    0.01    0.36 ^ clkbuf_4_5_0_prog_clk/A (sky130_fd_sc_hd__clkbuf_8)
                  0.07    0.20    0.56 ^ clkbuf_4_5_0_prog_clk/X (sky130_fd_sc_hd__clkbuf_8)
     9    0.03                           clknet_4_5_0_prog_clk (net)
                  0.07    0.00    0.56 ^ sb_0__1_.mem_right_track_48.sky130_fd_sc_hd__dfrtp_1_0_/CLK (sky130_fd_sc_hd__dfrtp_1)
                          0.10    0.66   clock uncertainty
                         -0.03    0.63   clock reconvergence pessimism
                         -0.04    0.59   library hold time
                                  0.59   data required time
-----------------------------------------------------------------------------
                                  0.59   data required time
                                 -0.83   data arrival time
-----------------------------------------------------------------------------
                                  0.24   slack (MET)


Startpoint: ccff_head (input port clocked by clk0)
Endpoint: sb_0__1_.mem_top_track_0.sky130_fd_sc_hd__dfrtp_1_0_
          (rising edge-triggered flip-flop clocked by prog_clk)
Path Group: prog_clk
Path Type: min

Fanout     Cap    Slew   Delay    Time   Description
-----------------------------------------------------------------------------
                  0.00    0.00    0.00   clock clk0 (rise edge)
                          0.00    0.00   clock network delay (ideal)
                         -0.50   -0.50 ^ input external delay
                  0.50    0.00   -0.50 ^ ccff_head (in)
     2    0.01                           ccff_head (net)
                  0.50    0.00   -0.50 ^ hold61/A (sky130_fd_sc_hd__clkdlybuf4s25_1)
                  0.06    0.33   -0.17 ^ hold61/X (sky130_fd_sc_hd__clkdlybuf4s25_1)
     1    0.00                           net325 (net)
                  0.06    0.00   -0.17 ^ hold8/A (sky130_fd_sc_hd__clkdlybuf4s25_1)
                  0.08    0.26    0.09 ^ hold8/X (sky130_fd_sc_hd__clkdlybuf4s25_1)
     1    0.01                           net272 (net)
                  0.08    0.00    0.09 ^ hold62/A (sky130_fd_sc_hd__clkdlybuf4s25_1)
                  0.06    0.25    0.34 ^ hold62/X (sky130_fd_sc_hd__clkdlybuf4s25_1)
     1    0.00                           net326 (net)
                  0.06    0.00    0.34 ^ input1/A (sky130_fd_sc_hd__clkbuf_1)
                  0.05    0.08    0.42 ^ input1/X (sky130_fd_sc_hd__clkbuf_1)
     1    0.00                           net1 (net)
                  0.05    0.00    0.42 ^ hold63/A (sky130_fd_sc_hd__clkdlybuf4s25_1)
                  0.06    0.24    0.66 ^ hold63/X (sky130_fd_sc_hd__clkdlybuf4s25_1)
     1    0.00                           net327 (net)
                  0.06    0.00    0.66 ^ hold9/A (sky130_fd_sc_hd__clkdlybuf4s25_1)
                  0.05    0.24    0.90 ^ hold9/X (sky130_fd_sc_hd__clkdlybuf4s25_1)
     1    0.00                           net273 (net)
                  0.05    0.00    0.90 ^ sb_0__1_.mem_top_track_0.sky130_fd_sc_hd__dfrtp_1_0_/D (sky130_fd_sc_hd__dfrtp_4)
                                  0.90   data arrival time

                          0.00    0.00   clock prog_clk (rise edge)
                          0.00    0.00   clock source latency
                  0.50    0.00    0.00 ^ prog_clk (in)
     2    0.04                           prog_clk (net)
                  0.51    0.00    0.00 ^ clkbuf_0_prog_clk/A (sky130_fd_sc_hd__clkbuf_16)
                  0.17    0.36    0.36 ^ clkbuf_0_prog_clk/X (sky130_fd_sc_hd__clkbuf_16)
    32    0.15                           clknet_0_prog_clk (net)
                  0.17    0.01    0.36 ^ clkbuf_4_10_0_prog_clk/A (sky130_fd_sc_hd__clkbuf_8)
                  0.09    0.22    0.58 ^ clkbuf_4_10_0_prog_clk/X (sky130_fd_sc_hd__clkbuf_8)
    16    0.05                           clknet_4_10_0_prog_clk (net)
                  0.09    0.00    0.58 ^ sb_0__1_.mem_top_track_0.sky130_fd_sc_hd__dfrtp_1_0_/CLK (sky130_fd_sc_hd__dfrtp_4)
                          0.10    0.68   clock uncertainty
                          0.00    0.68   clock reconvergence pessimism
                         -0.03    0.66   library hold time
                                  0.66   data required time
-----------------------------------------------------------------------------
                                  0.66   data required time
                                 -0.90   data arrival time
-----------------------------------------------------------------------------
                                  0.24   slack (MET)


Startpoint: sb_0__1_.mem_top_track_28.sky130_fd_sc_hd__dfrtp_1_2_
            (rising edge-triggered flip-flop clocked by prog_clk)
Endpoint: sb_0__1_.mem_top_track_36.sky130_fd_sc_hd__dfrtp_1_0_
          (rising edge-triggered flip-flop clocked by prog_clk)
Path Group: prog_clk
Path Type: min

Fanout     Cap    Slew   Delay    Time   Description
-----------------------------------------------------------------------------
                          0.00    0.00   clock prog_clk (rise edge)
                          0.00    0.00   clock source latency
                  0.50    0.00    0.00 ^ prog_clk (in)
     2    0.04                           prog_clk (net)
                  0.51    0.00    0.00 ^ clkbuf_0_prog_clk/A (sky130_fd_sc_hd__clkbuf_16)
                  0.17    0.32    0.32 ^ clkbuf_0_prog_clk/X (sky130_fd_sc_hd__clkbuf_16)
    32    0.15                           clknet_0_prog_clk (net)
                  0.17    0.01    0.33 ^ clkbuf_4_8_0_prog_clk/A (sky130_fd_sc_hd__clkbuf_8)
                  0.08    0.18    0.51 ^ clkbuf_4_8_0_prog_clk/X (sky130_fd_sc_hd__clkbuf_8)
    11    0.04                           clknet_4_8_0_prog_clk (net)
                  0.08    0.00    0.51 ^ sb_0__1_.mem_top_track_28.sky130_fd_sc_hd__dfrtp_1_2_/CLK (sky130_fd_sc_hd__dfrtp_1)
                  0.09    0.34    0.86 ^ sb_0__1_.mem_top_track_28.sky130_fd_sc_hd__dfrtp_1_2_/Q (sky130_fd_sc_hd__dfrtp_1)
     2    0.01                           sb_0__1_.mem_top_track_28.ccff_tail (net)
                  0.09    0.00    0.86 ^ sb_0__1_.mem_top_track_36.sky130_fd_sc_hd__dfrtp_1_0_/D (sky130_fd_sc_hd__dfrtp_1)
                                  0.86   data arrival time

                          0.00    0.00   clock prog_clk (rise edge)
                          0.00    0.00   clock source latency
                  0.50    0.00    0.00 ^ prog_clk (in)
     2    0.04                           prog_clk (net)
                  0.51    0.00    0.00 ^ clkbuf_0_prog_clk/A (sky130_fd_sc_hd__clkbuf_16)
                  0.17    0.36    0.36 ^ clkbuf_0_prog_clk/X (sky130_fd_sc_hd__clkbuf_16)
    32    0.15                           clknet_0_prog_clk (net)
                  0.17    0.01    0.36 ^ clkbuf_4_10_0_prog_clk/A (sky130_fd_sc_hd__clkbuf_8)
                  0.09    0.22    0.58 ^ clkbuf_4_10_0_prog_clk/X (sky130_fd_sc_hd__clkbuf_8)
    16    0.05                           clknet_4_10_0_prog_clk (net)
                  0.09    0.00    0.58 ^ sb_0__1_.mem_top_track_36.sky130_fd_sc_hd__dfrtp_1_0_/CLK (sky130_fd_sc_hd__dfrtp_1)
                          0.10    0.68   clock uncertainty
                         -0.03    0.65   clock reconvergence pessimism
                         -0.04    0.61   library hold time
                                  0.61   data required time
-----------------------------------------------------------------------------
                                  0.61   data required time
                                 -0.86   data arrival time
-----------------------------------------------------------------------------
                                  0.25   slack (MET)


Startpoint: sb_0__1_.mem_right_track_44.sky130_fd_sc_hd__dfrtp_1_1_
            (rising edge-triggered flip-flop clocked by prog_clk)
Endpoint: sb_0__1_.mem_right_track_46.sky130_fd_sc_hd__dfrtp_1_0_
          (rising edge-triggered flip-flop clocked by prog_clk)
Path Group: prog_clk
Path Type: min

Fanout     Cap    Slew   Delay    Time   Description
-----------------------------------------------------------------------------
                          0.00    0.00   clock prog_clk (rise edge)
                          0.00    0.00   clock source latency
                  0.50    0.00    0.00 ^ prog_clk (in)
     2    0.04                           prog_clk (net)
                  0.51    0.00    0.00 ^ clkbuf_0_prog_clk/A (sky130_fd_sc_hd__clkbuf_16)
                  0.17    0.32    0.32 ^ clkbuf_0_prog_clk/X (sky130_fd_sc_hd__clkbuf_16)
    32    0.15                           clknet_0_prog_clk (net)
                  0.17    0.01    0.33 ^ clkbuf_4_4_0_prog_clk/A (sky130_fd_sc_hd__clkbuf_8)
                  0.06    0.17    0.50 ^ clkbuf_4_4_0_prog_clk/X (sky130_fd_sc_hd__clkbuf_8)
     7    0.02                           clknet_4_4_0_prog_clk (net)
                  0.06    0.00    0.50 ^ sb_0__1_.mem_right_track_44.sky130_fd_sc_hd__dfrtp_1_1_/CLK (sky130_fd_sc_hd__dfrtp_1)
                  0.09    0.34    0.84 ^ sb_0__1_.mem_right_track_44.sky130_fd_sc_hd__dfrtp_1_1_/Q (sky130_fd_sc_hd__dfrtp_1)
     2    0.01                           sb_0__1_.mem_right_track_44.ccff_tail (net)
                  0.09    0.00    0.84 ^ sb_0__1_.mem_right_track_46.sky130_fd_sc_hd__dfrtp_1_0_/D (sky130_fd_sc_hd__dfrtp_1)
                                  0.84   data arrival time

                          0.00    0.00   clock prog_clk (rise edge)
                          0.00    0.00   clock source latency
                  0.50    0.00    0.00 ^ prog_clk (in)
     2    0.04                           prog_clk (net)
                  0.51    0.00    0.00 ^ clkbuf_0_prog_clk/A (sky130_fd_sc_hd__clkbuf_16)
                  0.17    0.36    0.36 ^ clkbuf_0_prog_clk/X (sky130_fd_sc_hd__clkbuf_16)
    32    0.15                           clknet_0_prog_clk (net)
                  0.17    0.01    0.36 ^ clkbuf_4_5_0_prog_clk/A (sky130_fd_sc_hd__clkbuf_8)
                  0.07    0.20    0.56 ^ clkbuf_4_5_0_prog_clk/X (sky130_fd_sc_hd__clkbuf_8)
     9    0.03                           clknet_4_5_0_prog_clk (net)
                  0.07    0.00    0.56 ^ sb_0__1_.mem_right_track_46.sky130_fd_sc_hd__dfrtp_1_0_/CLK (sky130_fd_sc_hd__dfrtp_1)
                          0.10    0.66   clock uncertainty
                         -0.03    0.63   clock reconvergence pessimism
                         -0.04    0.59   library hold time
                                  0.59   data required time
-----------------------------------------------------------------------------
                                  0.59   data required time
                                 -0.84   data arrival time
-----------------------------------------------------------------------------
                                  0.25   slack (MET)


