1.  user_clock2 (driver: port user_clock2)
2.  vccd2 (driver: port vccd2)
3.  vdda1 (driver: port vdda1)
4.  vdda2 (driver: port vdda2)
5.  vssa1 (driver: port vssa1)
6.  vssa2 (driver: port vssa2)
7.  vssd2 (driver: port vssd2)
8.  wb_rst_i (driver: port wb_rst_i)
9.  wbs_cyc_i (driver: port wbs_cyc_i)
10.  wbs_stb_i (driver: port wbs_stb_i)
11.  wbs_we_i (driver: port wbs_we_i)
12.  analog_io[28] (driver: port analog_io[28])
13.  analog_io[27] (driver: port analog_io[27])
14.  analog_io[26] (driver: port analog_io[26])
15.  analog_io[25] (driver: port analog_io[25])
16.  analog_io[24] (driver: port analog_io[24])
17.  analog_io[23] (driver: port analog_io[23])
18.  analog_io[22] (driver: port analog_io[22])
19.  analog_io[21] (driver: port analog_io[21])
20.  analog_io[20] (driver: port analog_io[20])
21.  analog_io[19] (driver: port analog_io[19])
22.  analog_io[18] (driver: port analog_io[18])
23.  analog_io[17] (driver: port analog_io[17])
24.  analog_io[16] (driver: port analog_io[16])
25.  analog_io[15] (driver: port analog_io[15])
26.  analog_io[14] (driver: port analog_io[14])
27.  analog_io[13] (driver: port analog_io[13])
28.  analog_io[12] (driver: port analog_io[12])
29.  analog_io[11] (driver: port analog_io[11])
30.  analog_io[10] (driver: port analog_io[10])
31.  analog_io[9] (driver: port analog_io[9])
32.  analog_io[8] (driver: port analog_io[8])
33.  analog_io[7] (driver: port analog_io[7])
34.  analog_io[6] (driver: port analog_io[6])
35.  analog_io[5] (driver: port analog_io[5])
36.  analog_io[4] (driver: port analog_io[4])
37.  analog_io[3] (driver: port analog_io[3])
38.  analog_io[2] (driver: port analog_io[2])
39.  analog_io[1] (driver: port analog_io[1])
40.  analog_io[0] (driver: port analog_io[0])
41.  io_in[23] (driver: port io_in[23])
42.  io_in[14] (driver: port io_in[14])
43.  la_data_in[55] (driver: port la_data_in[55])
44.  la_data_in[54] (driver: port la_data_in[54])
45.  la_data_in[53] (driver: port la_data_in[53])
46.  la_data_in[52] (driver: port la_data_in[52])
47.  la_data_in[51] (driver: port la_data_in[51])
48.  la_data_in[50] (driver: port la_data_in[50])
49.  la_data_in[49] (driver: port la_data_in[49])
50.  la_data_in[48] (driver: port la_data_in[48])
51.  la_data_in[47] (driver: port la_data_in[47])
52.  la_data_in[46] (driver: port la_data_in[46])
53.  la_data_in[45] (driver: port la_data_in[45])
54.  la_data_in[44] (driver: port la_data_in[44])
55.  la_data_in[43] (driver: port la_data_in[43])
56.  la_data_in[42] (driver: port la_data_in[42])
57.  la_data_in[41] (driver: port la_data_in[41])
58.  la_data_in[40] (driver: port la_data_in[40])
59.  la_data_in[39] (driver: port la_data_in[39])
60.  la_data_in[38] (driver: port la_data_in[38])
61.  la_data_in[37] (driver: port la_data_in[37])
62.  la_data_in[36] (driver: port la_data_in[36])
63.  la_data_in[35] (driver: port la_data_in[35])
64.  la_data_in[34] (driver: port la_data_in[34])
65.  la_data_in[33] (driver: port la_data_in[33])
66.  la_data_in[32] (driver: port la_data_in[32])
67.  la_data_in[31] (driver: port la_data_in[31])
68.  la_data_in[30] (driver: port la_data_in[30])
69.  la_data_in[29] (driver: port la_data_in[29])
70.  la_data_in[28] (driver: port la_data_in[28])
71.  la_data_in[27] (driver: port la_data_in[27])
72.  la_data_in[26] (driver: port la_data_in[26])
73.  la_data_in[25] (driver: port la_data_in[25])
74.  la_data_in[24] (driver: port la_data_in[24])
75.  la_data_in[23] (driver: port la_data_in[23])
76.  la_data_in[22] (driver: port la_data_in[22])
77.  la_data_in[21] (driver: port la_data_in[21])
78.  la_data_in[20] (driver: port la_data_in[20])
79.  la_data_in[19] (driver: port la_data_in[19])
80.  la_data_in[18] (driver: port la_data_in[18])
81.  la_data_in[17] (driver: port la_data_in[17])
82.  la_data_in[16] (driver: port la_data_in[16])
83.  la_data_in[15] (driver: port la_data_in[15])
84.  la_data_in[14] (driver: port la_data_in[14])
85.  la_data_in[13] (driver: port la_data_in[13])
86.  la_data_in[12] (driver: port la_data_in[12])
87.  la_data_in[11] (driver: port la_data_in[11])
88.  la_data_in[10] (driver: port la_data_in[10])
89.  la_data_in[9] (driver: port la_data_in[9])
90.  la_data_in[8] (driver: port la_data_in[8])
91.  la_data_in[7] (driver: port la_data_in[7])
92.  la_data_in[6] (driver: port la_data_in[6])
93.  la_data_in[5] (driver: port la_data_in[5])
94.  la_data_in[4] (driver: port la_data_in[4])
95.  la_data_in[3] (driver: port la_data_in[3])
96.  la_data_in[2] (driver: port la_data_in[2])
97.  la_data_in[1] (driver: port la_data_in[1])
98.  la_data_in[0] (driver: port la_data_in[0])
99.  la_oenb[127] (driver: port la_oenb[127])
100.  la_oenb[126] (driver: port la_oenb[126])
101.  la_oenb[125] (driver: port la_oenb[125])
102.  la_oenb[124] (driver: port la_oenb[124])
103.  la_oenb[123] (driver: port la_oenb[123])
104.  la_oenb[122] (driver: port la_oenb[122])
105.  la_oenb[121] (driver: port la_oenb[121])
106.  la_oenb[120] (driver: port la_oenb[120])
107.  la_oenb[119] (driver: port la_oenb[119])
108.  la_oenb[118] (driver: port la_oenb[118])
109.  la_oenb[117] (driver: port la_oenb[117])
110.  la_oenb[116] (driver: port la_oenb[116])
111.  la_oenb[115] (driver: port la_oenb[115])
112.  la_oenb[114] (driver: port la_oenb[114])
113.  la_oenb[113] (driver: port la_oenb[113])
114.  la_oenb[112] (driver: port la_oenb[112])
115.  la_oenb[111] (driver: port la_oenb[111])
116.  la_oenb[110] (driver: port la_oenb[110])
117.  la_oenb[109] (driver: port la_oenb[109])
118.  la_oenb[108] (driver: port la_oenb[108])
119.  la_oenb[107] (driver: port la_oenb[107])
120.  la_oenb[106] (driver: port la_oenb[106])
121.  la_oenb[105] (driver: port la_oenb[105])
122.  la_oenb[104] (driver: port la_oenb[104])
123.  la_oenb[103] (driver: port la_oenb[103])
124.  la_oenb[102] (driver: port la_oenb[102])
125.  la_oenb[101] (driver: port la_oenb[101])
126.  la_oenb[100] (driver: port la_oenb[100])
127.  la_oenb[99] (driver: port la_oenb[99])
128.  la_oenb[98] (driver: port la_oenb[98])
129.  la_oenb[97] (driver: port la_oenb[97])
130.  la_oenb[96] (driver: port la_oenb[96])
131.  la_oenb[95] (driver: port la_oenb[95])
132.  la_oenb[94] (driver: port la_oenb[94])
133.  la_oenb[93] (driver: port la_oenb[93])
134.  la_oenb[92] (driver: port la_oenb[92])
135.  la_oenb[91] (driver: port la_oenb[91])
136.  la_oenb[90] (driver: port la_oenb[90])
137.  la_oenb[89] (driver: port la_oenb[89])
138.  la_oenb[88] (driver: port la_oenb[88])
139.  la_oenb[87] (driver: port la_oenb[87])
140.  la_oenb[86] (driver: port la_oenb[86])
141.  la_oenb[85] (driver: port la_oenb[85])
142.  la_oenb[84] (driver: port la_oenb[84])
143.  la_oenb[83] (driver: port la_oenb[83])
144.  la_oenb[82] (driver: port la_oenb[82])
145.  la_oenb[81] (driver: port la_oenb[81])
146.  la_oenb[80] (driver: port la_oenb[80])
147.  la_oenb[79] (driver: port la_oenb[79])
148.  la_oenb[78] (driver: port la_oenb[78])
149.  la_oenb[77] (driver: port la_oenb[77])
150.  la_oenb[76] (driver: port la_oenb[76])
151.  la_oenb[75] (driver: port la_oenb[75])
152.  la_oenb[74] (driver: port la_oenb[74])
153.  la_oenb[73] (driver: port la_oenb[73])
154.  la_oenb[72] (driver: port la_oenb[72])
155.  la_oenb[71] (driver: port la_oenb[71])
156.  la_oenb[70] (driver: port la_oenb[70])
157.  la_oenb[69] (driver: port la_oenb[69])
158.  la_oenb[68] (driver: port la_oenb[68])
159.  la_oenb[67] (driver: port la_oenb[67])
160.  la_oenb[66] (driver: port la_oenb[66])
161.  la_oenb[65] (driver: port la_oenb[65])
162.  la_oenb[64] (driver: port la_oenb[64])
163.  la_oenb[63] (driver: port la_oenb[63])
164.  la_oenb[62] (driver: port la_oenb[62])
165.  la_oenb[61] (driver: port la_oenb[61])
166.  la_oenb[60] (driver: port la_oenb[60])
167.  la_oenb[59] (driver: port la_oenb[59])
168.  la_oenb[58] (driver: port la_oenb[58])
169.  la_oenb[57] (driver: port la_oenb[57])
170.  la_oenb[56] (driver: port la_oenb[56])
171.  la_oenb[55] (driver: port la_oenb[55])
172.  la_oenb[54] (driver: port la_oenb[54])
173.  la_oenb[53] (driver: port la_oenb[53])
174.  la_oenb[52] (driver: port la_oenb[52])
175.  la_oenb[51] (driver: port la_oenb[51])
176.  la_oenb[50] (driver: port la_oenb[50])
177.  la_oenb[49] (driver: port la_oenb[49])
178.  la_oenb[48] (driver: port la_oenb[48])
179.  la_oenb[47] (driver: port la_oenb[47])
180.  la_oenb[46] (driver: port la_oenb[46])
181.  la_oenb[45] (driver: port la_oenb[45])
182.  la_oenb[44] (driver: port la_oenb[44])
183.  la_oenb[43] (driver: port la_oenb[43])
184.  la_oenb[42] (driver: port la_oenb[42])
185.  la_oenb[41] (driver: port la_oenb[41])
186.  la_oenb[40] (driver: port la_oenb[40])
187.  la_oenb[39] (driver: port la_oenb[39])
188.  la_oenb[38] (driver: port la_oenb[38])
189.  la_oenb[37] (driver: port la_oenb[37])
190.  la_oenb[36] (driver: port la_oenb[36])
191.  la_oenb[35] (driver: port la_oenb[35])
192.  la_oenb[34] (driver: port la_oenb[34])
193.  la_oenb[33] (driver: port la_oenb[33])
194.  la_oenb[32] (driver: port la_oenb[32])
195.  la_oenb[31] (driver: port la_oenb[31])
196.  la_oenb[30] (driver: port la_oenb[30])
197.  la_oenb[29] (driver: port la_oenb[29])
198.  la_oenb[28] (driver: port la_oenb[28])
199.  la_oenb[27] (driver: port la_oenb[27])
200.  la_oenb[26] (driver: port la_oenb[26])
201.  la_oenb[25] (driver: port la_oenb[25])
202.  la_oenb[24] (driver: port la_oenb[24])
203.  la_oenb[23] (driver: port la_oenb[23])
204.  la_oenb[22] (driver: port la_oenb[22])
205.  la_oenb[21] (driver: port la_oenb[21])
206.  la_oenb[20] (driver: port la_oenb[20])
207.  la_oenb[19] (driver: port la_oenb[19])
208.  la_oenb[18] (driver: port la_oenb[18])
209.  la_oenb[17] (driver: port la_oenb[17])
210.  la_oenb[16] (driver: port la_oenb[16])
211.  la_oenb[15] (driver: port la_oenb[15])
212.  la_oenb[14] (driver: port la_oenb[14])
213.  la_oenb[13] (driver: port la_oenb[13])
214.  la_oenb[12] (driver: port la_oenb[12])
215.  la_oenb[11] (driver: port la_oenb[11])
216.  la_oenb[10] (driver: port la_oenb[10])
217.  la_oenb[9] (driver: port la_oenb[9])
218.  la_oenb[8] (driver: port la_oenb[8])
219.  la_oenb[7] (driver: port la_oenb[7])
220.  la_oenb[6] (driver: port la_oenb[6])
221.  la_oenb[5] (driver: port la_oenb[5])
222.  la_oenb[4] (driver: port la_oenb[4])
223.  la_oenb[3] (driver: port la_oenb[3])
224.  la_oenb[2] (driver: port la_oenb[2])
225.  la_oenb[1] (driver: port la_oenb[1])
226.  la_oenb[0] (driver: port la_oenb[0])
227.  wbs_adr_i[31] (driver: port wbs_adr_i[31])
228.  wbs_adr_i[30] (driver: port wbs_adr_i[30])
229.  wbs_adr_i[29] (driver: port wbs_adr_i[29])
230.  wbs_adr_i[28] (driver: port wbs_adr_i[28])
231.  wbs_adr_i[27] (driver: port wbs_adr_i[27])
232.  wbs_adr_i[26] (driver: port wbs_adr_i[26])
233.  wbs_adr_i[25] (driver: port wbs_adr_i[25])
234.  wbs_adr_i[24] (driver: port wbs_adr_i[24])
235.  wbs_adr_i[23] (driver: port wbs_adr_i[23])
236.  wbs_adr_i[22] (driver: port wbs_adr_i[22])
237.  wbs_adr_i[21] (driver: port wbs_adr_i[21])
238.  wbs_adr_i[20] (driver: port wbs_adr_i[20])
239.  wbs_adr_i[19] (driver: port wbs_adr_i[19])
240.  wbs_adr_i[18] (driver: port wbs_adr_i[18])
241.  wbs_adr_i[17] (driver: port wbs_adr_i[17])
242.  wbs_adr_i[16] (driver: port wbs_adr_i[16])
243.  wbs_adr_i[15] (driver: port wbs_adr_i[15])
244.  wbs_adr_i[14] (driver: port wbs_adr_i[14])
245.  wbs_adr_i[13] (driver: port wbs_adr_i[13])
246.  wbs_adr_i[12] (driver: port wbs_adr_i[12])
247.  wbs_adr_i[11] (driver: port wbs_adr_i[11])
248.  wbs_adr_i[10] (driver: port wbs_adr_i[10])
249.  wbs_adr_i[9] (driver: port wbs_adr_i[9])
250.  wbs_adr_i[8] (driver: port wbs_adr_i[8])
251.  wbs_adr_i[7] (driver: port wbs_adr_i[7])
252.  wbs_adr_i[6] (driver: port wbs_adr_i[6])
253.  wbs_adr_i[5] (driver: port wbs_adr_i[5])
254.  wbs_adr_i[4] (driver: port wbs_adr_i[4])
255.  wbs_adr_i[3] (driver: port wbs_adr_i[3])
256.  wbs_adr_i[2] (driver: port wbs_adr_i[2])
257.  wbs_adr_i[1] (driver: port wbs_adr_i[1])
258.  wbs_adr_i[0] (driver: port wbs_adr_i[0])
259.  wbs_dat_i[31] (driver: port wbs_dat_i[31])
260.  wbs_dat_i[30] (driver: port wbs_dat_i[30])
261.  wbs_dat_i[29] (driver: port wbs_dat_i[29])
262.  wbs_dat_i[28] (driver: port wbs_dat_i[28])
263.  wbs_dat_i[27] (driver: port wbs_dat_i[27])
264.  wbs_dat_i[26] (driver: port wbs_dat_i[26])
265.  wbs_dat_i[25] (driver: port wbs_dat_i[25])
266.  wbs_dat_i[24] (driver: port wbs_dat_i[24])
267.  wbs_dat_i[23] (driver: port wbs_dat_i[23])
268.  wbs_dat_i[22] (driver: port wbs_dat_i[22])
269.  wbs_dat_i[21] (driver: port wbs_dat_i[21])
270.  wbs_dat_i[20] (driver: port wbs_dat_i[20])
271.  wbs_dat_i[19] (driver: port wbs_dat_i[19])
272.  wbs_dat_i[18] (driver: port wbs_dat_i[18])
273.  wbs_dat_i[17] (driver: port wbs_dat_i[17])
274.  wbs_dat_i[16] (driver: port wbs_dat_i[16])
275.  wbs_dat_i[15] (driver: port wbs_dat_i[15])
276.  wbs_dat_i[14] (driver: port wbs_dat_i[14])
277.  wbs_dat_i[13] (driver: port wbs_dat_i[13])
278.  wbs_dat_i[12] (driver: port wbs_dat_i[12])
279.  wbs_dat_i[11] (driver: port wbs_dat_i[11])
280.  wbs_dat_i[10] (driver: port wbs_dat_i[10])
281.  wbs_dat_i[9] (driver: port wbs_dat_i[9])
282.  wbs_dat_i[8] (driver: port wbs_dat_i[8])
283.  wbs_dat_i[7] (driver: port wbs_dat_i[7])
284.  wbs_dat_i[6] (driver: port wbs_dat_i[6])
285.  wbs_dat_i[5] (driver: port wbs_dat_i[5])
286.  wbs_dat_i[4] (driver: port wbs_dat_i[4])
287.  wbs_dat_i[3] (driver: port wbs_dat_i[3])
288.  wbs_dat_i[2] (driver: port wbs_dat_i[2])
289.  wbs_dat_i[1] (driver: port wbs_dat_i[1])
290.  wbs_dat_i[0] (driver: port wbs_dat_i[0])
291.  wbs_sel_i[3] (driver: port wbs_sel_i[3])
292.  wbs_sel_i[2] (driver: port wbs_sel_i[2])
293.  wbs_sel_i[1] (driver: port wbs_sel_i[1])
294.  wbs_sel_i[0] (driver: port wbs_sel_i[0])
****************************************
Report : annotated_parasitics
	-check
	-internal_nets
	-boundary_nets
	-list_not_annotated
	-max_nets 500
Design : user_project_wrapper
Version: T-2022.03-SP3
Date   : Fri Apr 28 20:39:44 2023
****************************************

                    |         |         |         |   RC    | Coupled |   Not   |
Net Type            |  Total  | Lumped  |  RC pi  | network | network |Annotated|
--------------------+---------+---------+---------+---------+---------+---------+
Internal nets       |         |         |         |         |         |         |
  - Pin to pin nets |  204379 |       0 |       0 |     138 |  204241 |       0 |
  - Driverless nets |       0 |       0 |       0 |       0 |       0 |       0 |
  - Loadless nets   |     147 |       0 |       0 |      40 |     107 |       0 |
--------------------+---------+---------+---------+---------+---------+---------+
Boundary/port nets  |         |         |         |         |         |         |
  - Pin to pin nets |     378 |       0 |       0 |     134 |     215 |      29 |
  - Driverless nets |       0 |       0 |       0 |       0 |       0 |       0 |
  - Loadless nets   |     265 |       0 |       0 |       0 |       0 |     265 |
--------------------+---------+---------+---------+---------+---------+---------+
                    |  205169 |       0 |       0 |     312 |  204563 |     294 |

